[2025-04-21T23:35:52.733+0000] {local_task_job_runner.py:123} INFO - ::group::Pre task execution logs
[2025-04-21T23:35:52.750+0000] {taskinstance.py:2614} INFO - Dependencies all met for dep_context=non-requeueable deps ti=<TaskInstance: fetch_and_store_amazon_books.fetch_book_data scheduled__2024-07-31T00:00:00+00:00 [queued]>
[2025-04-21T23:35:52.757+0000] {taskinstance.py:2614} INFO - Dependencies all met for dep_context=requeueable deps ti=<TaskInstance: fetch_and_store_amazon_books.fetch_book_data scheduled__2024-07-31T00:00:00+00:00 [queued]>
[2025-04-21T23:35:52.764+0000] {taskinstance.py:2867} INFO - Starting attempt 1 of 2
[2025-04-21T23:35:52.803+0000] {taskinstance.py:2890} INFO - Executing <Task(PythonOperator): fetch_book_data> on 2024-07-31 00:00:00+00:00
[2025-04-21T23:35:52.821+0000] {warnings.py:112} WARNING - /home/***/.local/lib/python3.12/site-packages/***/task/task_runner/standard_task_runner.py:70: DeprecationWarning: This process (pid=613) is multi-threaded, use of fork() may lead to deadlocks in the child.
  pid = os.fork()

[2025-04-21T23:35:52.825+0000] {standard_task_runner.py:104} INFO - Running: ['***', 'tasks', 'run', 'fetch_and_store_amazon_books', 'fetch_book_data', 'scheduled__2024-07-31T00:00:00+00:00', '--job-id', '127', '--raw', '--subdir', 'DAGS_FOLDER/dag.py', '--cfg-path', '/tmp/tmpykbc0sgq']
[2025-04-21T23:35:52.843+0000] {standard_task_runner.py:105} INFO - Job 127: Subtask fetch_book_data
[2025-04-21T23:35:52.832+0000] {standard_task_runner.py:72} INFO - Started process 640 to run task
[2025-04-21T23:35:52.898+0000] {task_command.py:467} INFO - Running <TaskInstance: fetch_and_store_amazon_books.fetch_book_data scheduled__2024-07-31T00:00:00+00:00 [running]> on host bf7728cc1e03
[2025-04-21T23:35:53.028+0000] {taskinstance.py:3134} INFO - Exporting env vars: AIRFLOW_CTX_DAG_OWNER='***' AIRFLOW_CTX_DAG_ID='fetch_and_store_amazon_books' AIRFLOW_CTX_TASK_ID='fetch_book_data' AIRFLOW_CTX_EXECUTION_DATE='2024-07-31T00:00:00+00:00' AIRFLOW_CTX_TRY_NUMBER='1' AIRFLOW_CTX_DAG_RUN_ID='scheduled__2024-07-31T00:00:00+00:00'
[2025-04-21T23:35:53.039+0000] {logging_mixin.py:190} INFO - Task instance is in running state
[2025-04-21T23:35:53.051+0000] {logging_mixin.py:190} INFO -  Previous state of the Task instance: queued
[2025-04-21T23:35:53.056+0000] {logging_mixin.py:190} INFO - Current task name:fetch_book_data state:running start_date:2025-04-21 23:35:52.754606+00:00
[2025-04-21T23:35:53.058+0000] {logging_mixin.py:190} INFO - Dag name:fetch_and_store_amazon_books and current dag run status:running
[2025-04-21T23:35:53.059+0000] {taskinstance.py:732} INFO - ::endgroup::
[2025-04-21T23:35:53.205+0000] {logging_mixin.py:190} INFO - Failed to retrieve the page
[2025-04-21T23:35:53.236+0000] {python.py:240} INFO - Done. Returned value was: None
[2025-04-21T23:35:53.253+0000] {taskinstance.py:341} INFO - ::group::Post task execution logs
[2025-04-21T23:35:53.256+0000] {taskinstance.py:353} INFO - Marking task as SUCCESS. dag_id=fetch_and_store_amazon_books, task_id=fetch_book_data, run_id=scheduled__2024-07-31T00:00:00+00:00, execution_date=20240731T000000, start_date=20250421T233552, end_date=20250421T233553
[2025-04-21T23:35:53.370+0000] {logging_mixin.py:190} INFO - Task instance in success state
[2025-04-21T23:35:53.371+0000] {logging_mixin.py:190} INFO -  Previous state of the Task instance: running
[2025-04-21T23:35:53.371+0000] {logging_mixin.py:190} INFO - Dag name:fetch_and_store_amazon_books queued_at:2025-04-21 23:35:50.440022+00:00
[2025-04-21T23:35:53.372+0000] {logging_mixin.py:190} INFO - Task hostname:bf7728cc1e03 operator:PythonOperator
[2025-04-21T23:35:53.422+0000] {local_task_job_runner.py:266} INFO - Task exited with return code 0
[2025-04-21T23:35:53.462+0000] {taskinstance.py:3901} INFO - 1 downstream tasks scheduled from follow-on schedule check
[2025-04-21T23:35:53.466+0000] {local_task_job_runner.py:245} INFO - ::endgroup::
