[2025-04-21T23:25:17.911+0000] {local_task_job_runner.py:123} INFO - ::group::Pre task execution logs
[2025-04-21T23:25:17.925+0000] {taskinstance.py:2614} INFO - Dependencies all met for dep_context=non-requeueable deps ti=<TaskInstance: fetch_and_store_amazon_books.fetch_book_data scheduled__2024-06-27T00:00:00+00:00 [queued]>
[2025-04-21T23:25:17.939+0000] {taskinstance.py:2614} INFO - Dependencies all met for dep_context=requeueable deps ti=<TaskInstance: fetch_and_store_amazon_books.fetch_book_data scheduled__2024-06-27T00:00:00+00:00 [queued]>
[2025-04-21T23:25:17.944+0000] {taskinstance.py:2867} INFO - Starting attempt 1 of 2
[2025-04-21T23:25:17.986+0000] {taskinstance.py:2890} INFO - Executing <Task(PythonOperator): fetch_book_data> on 2024-06-27 00:00:00+00:00
[2025-04-21T23:25:18.025+0000] {standard_task_runner.py:104} INFO - Running: ['***', 'tasks', 'run', 'fetch_and_store_amazon_books', 'fetch_book_data', 'scheduled__2024-06-27T00:00:00+00:00', '--job-id', '23', '--raw', '--subdir', 'DAGS_FOLDER/dag.py', '--cfg-path', '/tmp/tmp9nv4cxvi']
[2025-04-21T23:25:18.028+0000] {standard_task_runner.py:105} INFO - Job 23: Subtask fetch_book_data
[2025-04-21T23:25:18.050+0000] {warnings.py:112} WARNING - /home/***/.local/lib/python3.12/site-packages/***/task/task_runner/standard_task_runner.py:70: DeprecationWarning: This process (pid=173) is multi-threaded, use of fork() may lead to deadlocks in the child.
  pid = os.fork()

[2025-04-21T23:25:18.054+0000] {standard_task_runner.py:72} INFO - Started process 184 to run task
[2025-04-21T23:25:18.189+0000] {task_command.py:467} INFO - Running <TaskInstance: fetch_and_store_amazon_books.fetch_book_data scheduled__2024-06-27T00:00:00+00:00 [running]> on host bf7728cc1e03
[2025-04-21T23:25:18.486+0000] {taskinstance.py:3134} INFO - Exporting env vars: AIRFLOW_CTX_DAG_OWNER='***' AIRFLOW_CTX_DAG_ID='fetch_and_store_amazon_books' AIRFLOW_CTX_TASK_ID='fetch_book_data' AIRFLOW_CTX_EXECUTION_DATE='2024-06-27T00:00:00+00:00' AIRFLOW_CTX_TRY_NUMBER='1' AIRFLOW_CTX_DAG_RUN_ID='scheduled__2024-06-27T00:00:00+00:00'
[2025-04-21T23:25:18.493+0000] {logging_mixin.py:190} INFO - Task instance is in running state
[2025-04-21T23:25:18.516+0000] {logging_mixin.py:190} INFO -  Previous state of the Task instance: queued
[2025-04-21T23:25:18.519+0000] {logging_mixin.py:190} INFO - Current task name:fetch_book_data state:running start_date:2025-04-21 23:25:17.927145+00:00
[2025-04-21T23:25:18.530+0000] {logging_mixin.py:190} INFO - Dag name:fetch_and_store_amazon_books and current dag run status:running
[2025-04-21T23:25:18.535+0000] {taskinstance.py:732} INFO - ::endgroup::
[2025-04-21T23:25:18.832+0000] {logging_mixin.py:190} INFO - Failed to retrieve the page
[2025-04-21T23:25:19.073+0000] {python.py:240} INFO - Done. Returned value was: None
[2025-04-21T23:25:19.112+0000] {taskinstance.py:341} INFO - ::group::Post task execution logs
[2025-04-21T23:25:19.123+0000] {taskinstance.py:353} INFO - Marking task as SUCCESS. dag_id=fetch_and_store_amazon_books, task_id=fetch_book_data, run_id=scheduled__2024-06-27T00:00:00+00:00, execution_date=20240627T000000, start_date=20250421T232517, end_date=20250421T232519
[2025-04-21T23:25:19.202+0000] {logging_mixin.py:190} INFO - Task instance in success state
[2025-04-21T23:25:19.202+0000] {logging_mixin.py:190} INFO -  Previous state of the Task instance: running
[2025-04-21T23:25:19.206+0000] {logging_mixin.py:190} INFO - Dag name:fetch_and_store_amazon_books queued_at:2025-04-21 23:25:12.479656+00:00
[2025-04-21T23:25:19.207+0000] {logging_mixin.py:190} INFO - Task hostname:bf7728cc1e03 operator:PythonOperator
[2025-04-21T23:25:19.241+0000] {local_task_job_runner.py:266} INFO - Task exited with return code 0
[2025-04-21T23:25:19.307+0000] {taskinstance.py:3901} INFO - 1 downstream tasks scheduled from follow-on schedule check
[2025-04-21T23:25:19.346+0000] {local_task_job_runner.py:245} INFO - ::endgroup::
