[2025-04-21T23:30:39.500+0000] {local_task_job_runner.py:123} INFO - ::group::Pre task execution logs
[2025-04-21T23:30:39.511+0000] {taskinstance.py:2614} INFO - Dependencies all met for dep_context=non-requeueable deps ti=<TaskInstance: fetch_and_store_amazon_books.fetch_book_data scheduled__2024-07-12T00:00:00+00:00 [queued]>
[2025-04-21T23:30:39.527+0000] {taskinstance.py:2614} INFO - Dependencies all met for dep_context=requeueable deps ti=<TaskInstance: fetch_and_store_amazon_books.fetch_book_data scheduled__2024-07-12T00:00:00+00:00 [queued]>
[2025-04-21T23:30:39.528+0000] {taskinstance.py:2867} INFO - Starting attempt 1 of 2
[2025-04-21T23:30:39.540+0000] {taskinstance.py:2890} INFO - Executing <Task(PythonOperator): fetch_book_data> on 2024-07-12 00:00:00+00:00
[2025-04-21T23:30:39.554+0000] {warnings.py:112} WARNING - /home/***/.local/lib/python3.12/site-packages/***/task/task_runner/standard_task_runner.py:70: DeprecationWarning: This process (pid=404) is multi-threaded, use of fork() may lead to deadlocks in the child.
  pid = os.fork()

[2025-04-21T23:30:39.557+0000] {standard_task_runner.py:72} INFO - Started process 429 to run task
[2025-04-21T23:30:39.562+0000] {standard_task_runner.py:104} INFO - Running: ['***', 'tasks', 'run', 'fetch_and_store_amazon_books', 'fetch_book_data', 'scheduled__2024-07-12T00:00:00+00:00', '--job-id', '80', '--raw', '--subdir', 'DAGS_FOLDER/dag.py', '--cfg-path', '/tmp/tmphnjmnde1']
[2025-04-21T23:30:39.564+0000] {standard_task_runner.py:105} INFO - Job 80: Subtask fetch_book_data
[2025-04-21T23:30:39.604+0000] {task_command.py:467} INFO - Running <TaskInstance: fetch_and_store_amazon_books.fetch_book_data scheduled__2024-07-12T00:00:00+00:00 [running]> on host bf7728cc1e03
[2025-04-21T23:30:39.691+0000] {taskinstance.py:3134} INFO - Exporting env vars: AIRFLOW_CTX_DAG_OWNER='***' AIRFLOW_CTX_DAG_ID='fetch_and_store_amazon_books' AIRFLOW_CTX_TASK_ID='fetch_book_data' AIRFLOW_CTX_EXECUTION_DATE='2024-07-12T00:00:00+00:00' AIRFLOW_CTX_TRY_NUMBER='1' AIRFLOW_CTX_DAG_RUN_ID='scheduled__2024-07-12T00:00:00+00:00'
[2025-04-21T23:30:39.696+0000] {logging_mixin.py:190} INFO - Task instance is in running state
[2025-04-21T23:30:39.700+0000] {logging_mixin.py:190} INFO -  Previous state of the Task instance: queued
[2025-04-21T23:30:39.703+0000] {logging_mixin.py:190} INFO - Current task name:fetch_book_data state:running start_date:2025-04-21 23:30:39.512239+00:00
[2025-04-21T23:30:39.705+0000] {logging_mixin.py:190} INFO - Dag name:fetch_and_store_amazon_books and current dag run status:running
[2025-04-21T23:30:39.706+0000] {taskinstance.py:732} INFO - ::endgroup::
[2025-04-21T23:30:39.805+0000] {logging_mixin.py:190} INFO - Failed to retrieve the page
[2025-04-21T23:30:39.831+0000] {python.py:240} INFO - Done. Returned value was: None
[2025-04-21T23:30:39.846+0000] {taskinstance.py:341} INFO - ::group::Post task execution logs
[2025-04-21T23:30:39.847+0000] {taskinstance.py:353} INFO - Marking task as SUCCESS. dag_id=fetch_and_store_amazon_books, task_id=fetch_book_data, run_id=scheduled__2024-07-12T00:00:00+00:00, execution_date=20240712T000000, start_date=20250421T233039, end_date=20250421T233039
[2025-04-21T23:30:39.864+0000] {logging_mixin.py:190} INFO - Task instance in success state
[2025-04-21T23:30:39.869+0000] {logging_mixin.py:190} INFO -  Previous state of the Task instance: running
[2025-04-21T23:30:39.871+0000] {logging_mixin.py:190} INFO - Dag name:fetch_and_store_amazon_books queued_at:2025-04-21 23:30:37.733181+00:00
[2025-04-21T23:30:39.872+0000] {logging_mixin.py:190} INFO - Task hostname:bf7728cc1e03 operator:PythonOperator
[2025-04-21T23:30:39.910+0000] {local_task_job_runner.py:266} INFO - Task exited with return code 0
[2025-04-21T23:30:39.933+0000] {taskinstance.py:3901} INFO - 1 downstream tasks scheduled from follow-on schedule check
[2025-04-21T23:30:39.938+0000] {local_task_job_runner.py:245} INFO - ::endgroup::
