[2025-04-21T17:02:01.978+0000] {processor.py:186} INFO - Started process (PID=90) to work on /home/airflow/.local/lib/python3.12/site-packages/airflow/example_dags/example_latest_only.py
[2025-04-21T17:02:01.978+0000] {processor.py:914} INFO - Processing file /home/airflow/.local/lib/python3.12/site-packages/airflow/example_dags/example_latest_only.py for tasks to queue
[2025-04-21T17:02:01.981+0000] {logging_mixin.py:190} INFO - [2025-04-21T17:02:01.981+0000] {dagbag.py:588} INFO - Filling up the DagBag from /home/airflow/.local/lib/python3.12/site-packages/airflow/example_dags/example_latest_only.py
[2025-04-21T17:02:01.985+0000] {processor.py:925} INFO - DAG(s) 'latest_only' retrieved from /home/airflow/.local/lib/python3.12/site-packages/airflow/example_dags/example_latest_only.py
[2025-04-21T17:02:02.023+0000] {logging_mixin.py:190} INFO - [2025-04-21T17:02:02.023+0000] {override.py:1912} INFO - Created Permission View: can read on DAG:latest_only
[2025-04-21T17:02:02.027+0000] {logging_mixin.py:190} INFO - [2025-04-21T17:02:02.027+0000] {override.py:1912} INFO - Created Permission View: can edit on DAG:latest_only
[2025-04-21T17:02:02.032+0000] {logging_mixin.py:190} INFO - [2025-04-21T17:02:02.032+0000] {override.py:1912} INFO - Created Permission View: can delete on DAG:latest_only
[2025-04-21T17:02:02.035+0000] {logging_mixin.py:190} INFO - [2025-04-21T17:02:02.034+0000] {override.py:1912} INFO - Created Permission View: can read on DAG Run:latest_only
[2025-04-21T17:02:02.037+0000] {logging_mixin.py:190} INFO - [2025-04-21T17:02:02.037+0000] {override.py:1912} INFO - Created Permission View: can delete on DAG Run:latest_only
[2025-04-21T17:02:02.040+0000] {logging_mixin.py:190} INFO - [2025-04-21T17:02:02.040+0000] {override.py:1912} INFO - Created Permission View: menu access on DAG Run:latest_only
[2025-04-21T17:02:02.044+0000] {logging_mixin.py:190} INFO - [2025-04-21T17:02:02.044+0000] {override.py:1912} INFO - Created Permission View: can create on DAG Run:latest_only
[2025-04-21T17:02:02.045+0000] {logging_mixin.py:190} INFO - [2025-04-21T17:02:02.045+0000] {dag.py:3239} INFO - Sync 1 DAGs
[2025-04-21T17:02:02.049+0000] {logging_mixin.py:190} INFO - [2025-04-21T17:02:02.049+0000] {dag.py:3262} INFO - Creating ORM DAG for latest_only
[2025-04-21T17:02:02.052+0000] {logging_mixin.py:190} INFO - [2025-04-21T17:02:02.052+0000] {dag.py:4180} INFO - Setting next_dagrun for latest_only to 2025-04-21 12:00:00+00:00, run_after=2025-04-21 16:00:00+00:00
[2025-04-21T17:02:02.058+0000] {processor.py:208} INFO - Processing /home/airflow/.local/lib/python3.12/site-packages/airflow/example_dags/example_latest_only.py took 0.083 seconds
[2025-04-21T17:02:32.942+0000] {processor.py:186} INFO - Started process (PID=153) to work on /home/airflow/.local/lib/python3.12/site-packages/airflow/example_dags/example_latest_only.py
[2025-04-21T17:02:32.944+0000] {processor.py:914} INFO - Processing file /home/airflow/.local/lib/python3.12/site-packages/airflow/example_dags/example_latest_only.py for tasks to queue
[2025-04-21T17:02:32.945+0000] {logging_mixin.py:190} INFO - [2025-04-21T17:02:32.945+0000] {dagbag.py:588} INFO - Filling up the DagBag from /home/airflow/.local/lib/python3.12/site-packages/airflow/example_dags/example_latest_only.py
[2025-04-21T17:02:32.949+0000] {processor.py:925} INFO - DAG(s) 'latest_only' retrieved from /home/airflow/.local/lib/python3.12/site-packages/airflow/example_dags/example_latest_only.py
[2025-04-21T17:02:32.958+0000] {logging_mixin.py:190} INFO - [2025-04-21T17:02:32.958+0000] {dag.py:3239} INFO - Sync 1 DAGs
[2025-04-21T17:02:32.968+0000] {logging_mixin.py:190} INFO - [2025-04-21T17:02:32.968+0000] {dag.py:4180} INFO - Setting next_dagrun for latest_only to 2025-04-21 12:00:00+00:00, run_after=2025-04-21 16:00:00+00:00
[2025-04-21T17:02:32.977+0000] {processor.py:208} INFO - Processing /home/airflow/.local/lib/python3.12/site-packages/airflow/example_dags/example_latest_only.py took 0.037 seconds
[2025-04-21T17:03:03.116+0000] {processor.py:186} INFO - Started process (PID=216) to work on /home/airflow/.local/lib/python3.12/site-packages/airflow/example_dags/example_latest_only.py
[2025-04-21T17:03:03.117+0000] {processor.py:914} INFO - Processing file /home/airflow/.local/lib/python3.12/site-packages/airflow/example_dags/example_latest_only.py for tasks to queue
[2025-04-21T17:03:03.118+0000] {logging_mixin.py:190} INFO - [2025-04-21T17:03:03.118+0000] {dagbag.py:588} INFO - Filling up the DagBag from /home/airflow/.local/lib/python3.12/site-packages/airflow/example_dags/example_latest_only.py
[2025-04-21T17:03:03.121+0000] {processor.py:925} INFO - DAG(s) 'latest_only' retrieved from /home/airflow/.local/lib/python3.12/site-packages/airflow/example_dags/example_latest_only.py
[2025-04-21T17:03:03.130+0000] {logging_mixin.py:190} INFO - [2025-04-21T17:03:03.130+0000] {dag.py:3239} INFO - Sync 1 DAGs
[2025-04-21T17:03:03.141+0000] {logging_mixin.py:190} INFO - [2025-04-21T17:03:03.141+0000] {dag.py:4180} INFO - Setting next_dagrun for latest_only to 2025-04-21 12:00:00+00:00, run_after=2025-04-21 16:00:00+00:00
[2025-04-21T17:03:03.149+0000] {processor.py:208} INFO - Processing /home/airflow/.local/lib/python3.12/site-packages/airflow/example_dags/example_latest_only.py took 0.036 seconds
[2025-04-21T17:03:34.226+0000] {processor.py:186} INFO - Started process (PID=278) to work on /home/airflow/.local/lib/python3.12/site-packages/airflow/example_dags/example_latest_only.py
[2025-04-21T17:03:34.227+0000] {processor.py:914} INFO - Processing file /home/airflow/.local/lib/python3.12/site-packages/airflow/example_dags/example_latest_only.py for tasks to queue
[2025-04-21T17:03:34.228+0000] {logging_mixin.py:190} INFO - [2025-04-21T17:03:34.228+0000] {dagbag.py:588} INFO - Filling up the DagBag from /home/airflow/.local/lib/python3.12/site-packages/airflow/example_dags/example_latest_only.py
[2025-04-21T17:03:34.231+0000] {processor.py:925} INFO - DAG(s) 'latest_only' retrieved from /home/airflow/.local/lib/python3.12/site-packages/airflow/example_dags/example_latest_only.py
[2025-04-21T17:03:34.238+0000] {logging_mixin.py:190} INFO - [2025-04-21T17:03:34.238+0000] {dag.py:3239} INFO - Sync 1 DAGs
[2025-04-21T17:03:34.249+0000] {logging_mixin.py:190} INFO - [2025-04-21T17:03:34.249+0000] {dag.py:4180} INFO - Setting next_dagrun for latest_only to 2025-04-21 12:00:00+00:00, run_after=2025-04-21 16:00:00+00:00
[2025-04-21T17:03:34.258+0000] {processor.py:208} INFO - Processing /home/airflow/.local/lib/python3.12/site-packages/airflow/example_dags/example_latest_only.py took 0.034 seconds
[2025-04-21T17:04:05.495+0000] {processor.py:186} INFO - Started process (PID=341) to work on /home/airflow/.local/lib/python3.12/site-packages/airflow/example_dags/example_latest_only.py
[2025-04-21T17:04:05.496+0000] {processor.py:914} INFO - Processing file /home/airflow/.local/lib/python3.12/site-packages/airflow/example_dags/example_latest_only.py for tasks to queue
[2025-04-21T17:04:05.497+0000] {logging_mixin.py:190} INFO - [2025-04-21T17:04:05.497+0000] {dagbag.py:588} INFO - Filling up the DagBag from /home/airflow/.local/lib/python3.12/site-packages/airflow/example_dags/example_latest_only.py
[2025-04-21T17:04:05.503+0000] {processor.py:925} INFO - DAG(s) 'latest_only' retrieved from /home/airflow/.local/lib/python3.12/site-packages/airflow/example_dags/example_latest_only.py
[2025-04-21T17:04:05.513+0000] {logging_mixin.py:190} INFO - [2025-04-21T17:04:05.513+0000] {dag.py:3239} INFO - Sync 1 DAGs
[2025-04-21T17:04:05.524+0000] {logging_mixin.py:190} INFO - [2025-04-21T17:04:05.524+0000] {dag.py:4180} INFO - Setting next_dagrun for latest_only to 2025-04-21 12:00:00+00:00, run_after=2025-04-21 16:00:00+00:00
[2025-04-21T17:04:05.531+0000] {processor.py:208} INFO - Processing /home/airflow/.local/lib/python3.12/site-packages/airflow/example_dags/example_latest_only.py took 0.038 seconds
[2025-04-21T17:04:36.674+0000] {processor.py:186} INFO - Started process (PID=404) to work on /home/airflow/.local/lib/python3.12/site-packages/airflow/example_dags/example_latest_only.py
[2025-04-21T17:04:36.683+0000] {processor.py:914} INFO - Processing file /home/airflow/.local/lib/python3.12/site-packages/airflow/example_dags/example_latest_only.py for tasks to queue
[2025-04-21T17:04:36.689+0000] {logging_mixin.py:190} INFO - [2025-04-21T17:04:36.688+0000] {dagbag.py:588} INFO - Filling up the DagBag from /home/airflow/.local/lib/python3.12/site-packages/airflow/example_dags/example_latest_only.py
[2025-04-21T17:04:36.698+0000] {processor.py:925} INFO - DAG(s) 'latest_only' retrieved from /home/airflow/.local/lib/python3.12/site-packages/airflow/example_dags/example_latest_only.py
[2025-04-21T17:04:36.709+0000] {logging_mixin.py:190} INFO - [2025-04-21T17:04:36.709+0000] {dag.py:3239} INFO - Sync 1 DAGs
[2025-04-21T17:04:36.718+0000] {logging_mixin.py:190} INFO - [2025-04-21T17:04:36.718+0000] {dag.py:4180} INFO - Setting next_dagrun for latest_only to 2025-04-21 12:00:00+00:00, run_after=2025-04-21 16:00:00+00:00
[2025-04-21T17:04:36.724+0000] {processor.py:208} INFO - Processing /home/airflow/.local/lib/python3.12/site-packages/airflow/example_dags/example_latest_only.py took 0.053 seconds
[2025-04-21T17:05:07.968+0000] {processor.py:186} INFO - Started process (PID=467) to work on /home/airflow/.local/lib/python3.12/site-packages/airflow/example_dags/example_latest_only.py
[2025-04-21T17:05:07.969+0000] {processor.py:914} INFO - Processing file /home/airflow/.local/lib/python3.12/site-packages/airflow/example_dags/example_latest_only.py for tasks to queue
[2025-04-21T17:05:07.970+0000] {logging_mixin.py:190} INFO - [2025-04-21T17:05:07.969+0000] {dagbag.py:588} INFO - Filling up the DagBag from /home/airflow/.local/lib/python3.12/site-packages/airflow/example_dags/example_latest_only.py
[2025-04-21T17:05:07.973+0000] {processor.py:925} INFO - DAG(s) 'latest_only' retrieved from /home/airflow/.local/lib/python3.12/site-packages/airflow/example_dags/example_latest_only.py
[2025-04-21T17:05:07.982+0000] {logging_mixin.py:190} INFO - [2025-04-21T17:05:07.982+0000] {dag.py:3239} INFO - Sync 1 DAGs
[2025-04-21T17:05:07.993+0000] {logging_mixin.py:190} INFO - [2025-04-21T17:05:07.993+0000] {dag.py:4180} INFO - Setting next_dagrun for latest_only to 2025-04-21 12:00:00+00:00, run_after=2025-04-21 16:00:00+00:00
[2025-04-21T17:05:08.004+0000] {processor.py:208} INFO - Processing /home/airflow/.local/lib/python3.12/site-packages/airflow/example_dags/example_latest_only.py took 0.038 seconds
[2025-04-21T17:05:56.583+0000] {processor.py:186} INFO - Started process (PID=90) to work on /home/airflow/.local/lib/python3.12/site-packages/airflow/example_dags/example_latest_only.py
[2025-04-21T17:05:56.584+0000] {processor.py:914} INFO - Processing file /home/airflow/.local/lib/python3.12/site-packages/airflow/example_dags/example_latest_only.py for tasks to queue
[2025-04-21T17:05:56.585+0000] {logging_mixin.py:190} INFO - [2025-04-21T17:05:56.585+0000] {dagbag.py:588} INFO - Filling up the DagBag from /home/airflow/.local/lib/python3.12/site-packages/airflow/example_dags/example_latest_only.py
[2025-04-21T17:05:56.589+0000] {processor.py:925} INFO - DAG(s) 'latest_only' retrieved from /home/airflow/.local/lib/python3.12/site-packages/airflow/example_dags/example_latest_only.py
[2025-04-21T17:05:56.599+0000] {logging_mixin.py:190} INFO - [2025-04-21T17:05:56.599+0000] {dag.py:3239} INFO - Sync 1 DAGs
[2025-04-21T17:05:56.613+0000] {logging_mixin.py:190} INFO - [2025-04-21T17:05:56.613+0000] {dag.py:4180} INFO - Setting next_dagrun for latest_only to 2025-04-21 12:00:00+00:00, run_after=2025-04-21 16:00:00+00:00
[2025-04-21T17:05:56.621+0000] {processor.py:208} INFO - Processing /home/airflow/.local/lib/python3.12/site-packages/airflow/example_dags/example_latest_only.py took 0.040 seconds
[2025-04-21T17:06:26.782+0000] {processor.py:186} INFO - Started process (PID=153) to work on /home/airflow/.local/lib/python3.12/site-packages/airflow/example_dags/example_latest_only.py
[2025-04-21T17:06:26.782+0000] {processor.py:914} INFO - Processing file /home/airflow/.local/lib/python3.12/site-packages/airflow/example_dags/example_latest_only.py for tasks to queue
[2025-04-21T17:06:26.783+0000] {logging_mixin.py:190} INFO - [2025-04-21T17:06:26.783+0000] {dagbag.py:588} INFO - Filling up the DagBag from /home/airflow/.local/lib/python3.12/site-packages/airflow/example_dags/example_latest_only.py
[2025-04-21T17:06:26.786+0000] {processor.py:925} INFO - DAG(s) 'latest_only' retrieved from /home/airflow/.local/lib/python3.12/site-packages/airflow/example_dags/example_latest_only.py
[2025-04-21T17:06:26.792+0000] {logging_mixin.py:190} INFO - [2025-04-21T17:06:26.792+0000] {dag.py:3239} INFO - Sync 1 DAGs
[2025-04-21T17:06:26.799+0000] {logging_mixin.py:190} INFO - [2025-04-21T17:06:26.799+0000] {dag.py:4180} INFO - Setting next_dagrun for latest_only to 2025-04-21 12:00:00+00:00, run_after=2025-04-21 16:00:00+00:00
[2025-04-21T17:06:26.805+0000] {processor.py:208} INFO - Processing /home/airflow/.local/lib/python3.12/site-packages/airflow/example_dags/example_latest_only.py took 0.025 seconds
[2025-04-21T17:06:57.909+0000] {processor.py:186} INFO - Started process (PID=216) to work on /home/airflow/.local/lib/python3.12/site-packages/airflow/example_dags/example_latest_only.py
[2025-04-21T17:06:57.910+0000] {processor.py:914} INFO - Processing file /home/airflow/.local/lib/python3.12/site-packages/airflow/example_dags/example_latest_only.py for tasks to queue
[2025-04-21T17:06:57.911+0000] {logging_mixin.py:190} INFO - [2025-04-21T17:06:57.911+0000] {dagbag.py:588} INFO - Filling up the DagBag from /home/airflow/.local/lib/python3.12/site-packages/airflow/example_dags/example_latest_only.py
[2025-04-21T17:06:57.915+0000] {processor.py:925} INFO - DAG(s) 'latest_only' retrieved from /home/airflow/.local/lib/python3.12/site-packages/airflow/example_dags/example_latest_only.py
[2025-04-21T17:06:57.924+0000] {logging_mixin.py:190} INFO - [2025-04-21T17:06:57.923+0000] {dag.py:3239} INFO - Sync 1 DAGs
[2025-04-21T17:06:57.935+0000] {logging_mixin.py:190} INFO - [2025-04-21T17:06:57.935+0000] {dag.py:4180} INFO - Setting next_dagrun for latest_only to 2025-04-21 12:00:00+00:00, run_after=2025-04-21 16:00:00+00:00
[2025-04-21T17:06:57.942+0000] {processor.py:208} INFO - Processing /home/airflow/.local/lib/python3.12/site-packages/airflow/example_dags/example_latest_only.py took 0.036 seconds
[2025-04-21T17:07:28.934+0000] {processor.py:186} INFO - Started process (PID=279) to work on /home/airflow/.local/lib/python3.12/site-packages/airflow/example_dags/example_latest_only.py
[2025-04-21T17:07:28.934+0000] {processor.py:914} INFO - Processing file /home/airflow/.local/lib/python3.12/site-packages/airflow/example_dags/example_latest_only.py for tasks to queue
[2025-04-21T17:07:28.935+0000] {logging_mixin.py:190} INFO - [2025-04-21T17:07:28.935+0000] {dagbag.py:588} INFO - Filling up the DagBag from /home/airflow/.local/lib/python3.12/site-packages/airflow/example_dags/example_latest_only.py
[2025-04-21T17:07:28.937+0000] {processor.py:925} INFO - DAG(s) 'latest_only' retrieved from /home/airflow/.local/lib/python3.12/site-packages/airflow/example_dags/example_latest_only.py
[2025-04-21T17:07:28.945+0000] {logging_mixin.py:190} INFO - [2025-04-21T17:07:28.945+0000] {dag.py:3239} INFO - Sync 1 DAGs
[2025-04-21T17:07:28.952+0000] {logging_mixin.py:190} INFO - [2025-04-21T17:07:28.952+0000] {dag.py:4180} INFO - Setting next_dagrun for latest_only to 2025-04-21 12:00:00+00:00, run_after=2025-04-21 16:00:00+00:00
[2025-04-21T17:07:28.959+0000] {processor.py:208} INFO - Processing /home/airflow/.local/lib/python3.12/site-packages/airflow/example_dags/example_latest_only.py took 0.028 seconds
[2025-04-21T17:08:00.050+0000] {processor.py:186} INFO - Started process (PID=342) to work on /home/airflow/.local/lib/python3.12/site-packages/airflow/example_dags/example_latest_only.py
[2025-04-21T17:08:00.050+0000] {processor.py:914} INFO - Processing file /home/airflow/.local/lib/python3.12/site-packages/airflow/example_dags/example_latest_only.py for tasks to queue
[2025-04-21T17:08:00.051+0000] {logging_mixin.py:190} INFO - [2025-04-21T17:08:00.051+0000] {dagbag.py:588} INFO - Filling up the DagBag from /home/airflow/.local/lib/python3.12/site-packages/airflow/example_dags/example_latest_only.py
[2025-04-21T17:08:00.054+0000] {processor.py:925} INFO - DAG(s) 'latest_only' retrieved from /home/airflow/.local/lib/python3.12/site-packages/airflow/example_dags/example_latest_only.py
[2025-04-21T17:08:00.062+0000] {logging_mixin.py:190} INFO - [2025-04-21T17:08:00.062+0000] {dag.py:3239} INFO - Sync 1 DAGs
[2025-04-21T17:08:00.070+0000] {logging_mixin.py:190} INFO - [2025-04-21T17:08:00.070+0000] {dag.py:4180} INFO - Setting next_dagrun for latest_only to 2025-04-21 12:00:00+00:00, run_after=2025-04-21 16:00:00+00:00
[2025-04-21T17:08:00.076+0000] {processor.py:208} INFO - Processing /home/airflow/.local/lib/python3.12/site-packages/airflow/example_dags/example_latest_only.py took 0.028 seconds
[2025-04-21T17:08:31.330+0000] {processor.py:186} INFO - Started process (PID=405) to work on /home/airflow/.local/lib/python3.12/site-packages/airflow/example_dags/example_latest_only.py
[2025-04-21T17:08:31.330+0000] {processor.py:914} INFO - Processing file /home/airflow/.local/lib/python3.12/site-packages/airflow/example_dags/example_latest_only.py for tasks to queue
[2025-04-21T17:08:31.333+0000] {logging_mixin.py:190} INFO - [2025-04-21T17:08:31.333+0000] {dagbag.py:588} INFO - Filling up the DagBag from /home/airflow/.local/lib/python3.12/site-packages/airflow/example_dags/example_latest_only.py
[2025-04-21T17:08:31.336+0000] {processor.py:925} INFO - DAG(s) 'latest_only' retrieved from /home/airflow/.local/lib/python3.12/site-packages/airflow/example_dags/example_latest_only.py
[2025-04-21T17:08:31.347+0000] {logging_mixin.py:190} INFO - [2025-04-21T17:08:31.347+0000] {dag.py:3239} INFO - Sync 1 DAGs
[2025-04-21T17:08:31.358+0000] {logging_mixin.py:190} INFO - [2025-04-21T17:08:31.358+0000] {dag.py:4180} INFO - Setting next_dagrun for latest_only to 2025-04-21 12:00:00+00:00, run_after=2025-04-21 16:00:00+00:00
[2025-04-21T17:08:31.367+0000] {processor.py:208} INFO - Processing /home/airflow/.local/lib/python3.12/site-packages/airflow/example_dags/example_latest_only.py took 0.040 seconds
[2025-04-21T17:09:02.369+0000] {processor.py:186} INFO - Started process (PID=468) to work on /home/airflow/.local/lib/python3.12/site-packages/airflow/example_dags/example_latest_only.py
[2025-04-21T17:09:02.370+0000] {processor.py:914} INFO - Processing file /home/airflow/.local/lib/python3.12/site-packages/airflow/example_dags/example_latest_only.py for tasks to queue
[2025-04-21T17:09:02.370+0000] {logging_mixin.py:190} INFO - [2025-04-21T17:09:02.370+0000] {dagbag.py:588} INFO - Filling up the DagBag from /home/airflow/.local/lib/python3.12/site-packages/airflow/example_dags/example_latest_only.py
[2025-04-21T17:09:02.373+0000] {processor.py:925} INFO - DAG(s) 'latest_only' retrieved from /home/airflow/.local/lib/python3.12/site-packages/airflow/example_dags/example_latest_only.py
[2025-04-21T17:09:02.381+0000] {logging_mixin.py:190} INFO - [2025-04-21T17:09:02.381+0000] {dag.py:3239} INFO - Sync 1 DAGs
[2025-04-21T17:09:02.389+0000] {logging_mixin.py:190} INFO - [2025-04-21T17:09:02.389+0000] {dag.py:4180} INFO - Setting next_dagrun for latest_only to 2025-04-21 12:00:00+00:00, run_after=2025-04-21 16:00:00+00:00
[2025-04-21T17:09:02.394+0000] {processor.py:208} INFO - Processing /home/airflow/.local/lib/python3.12/site-packages/airflow/example_dags/example_latest_only.py took 0.027 seconds
[2025-04-21T17:09:33.445+0000] {processor.py:186} INFO - Started process (PID=531) to work on /home/airflow/.local/lib/python3.12/site-packages/airflow/example_dags/example_latest_only.py
[2025-04-21T17:09:33.445+0000] {processor.py:914} INFO - Processing file /home/airflow/.local/lib/python3.12/site-packages/airflow/example_dags/example_latest_only.py for tasks to queue
[2025-04-21T17:09:33.446+0000] {logging_mixin.py:190} INFO - [2025-04-21T17:09:33.446+0000] {dagbag.py:588} INFO - Filling up the DagBag from /home/airflow/.local/lib/python3.12/site-packages/airflow/example_dags/example_latest_only.py
[2025-04-21T17:09:33.450+0000] {processor.py:925} INFO - DAG(s) 'latest_only' retrieved from /home/airflow/.local/lib/python3.12/site-packages/airflow/example_dags/example_latest_only.py
[2025-04-21T17:09:33.459+0000] {logging_mixin.py:190} INFO - [2025-04-21T17:09:33.459+0000] {dag.py:3239} INFO - Sync 1 DAGs
[2025-04-21T17:09:33.471+0000] {logging_mixin.py:190} INFO - [2025-04-21T17:09:33.471+0000] {dag.py:4180} INFO - Setting next_dagrun for latest_only to 2025-04-21 12:00:00+00:00, run_after=2025-04-21 16:00:00+00:00
[2025-04-21T17:09:33.478+0000] {processor.py:208} INFO - Processing /home/airflow/.local/lib/python3.12/site-packages/airflow/example_dags/example_latest_only.py took 0.036 seconds
[2025-04-21T17:10:04.552+0000] {processor.py:186} INFO - Started process (PID=594) to work on /home/airflow/.local/lib/python3.12/site-packages/airflow/example_dags/example_latest_only.py
[2025-04-21T17:10:04.555+0000] {processor.py:914} INFO - Processing file /home/airflow/.local/lib/python3.12/site-packages/airflow/example_dags/example_latest_only.py for tasks to queue
[2025-04-21T17:10:04.556+0000] {logging_mixin.py:190} INFO - [2025-04-21T17:10:04.556+0000] {dagbag.py:588} INFO - Filling up the DagBag from /home/airflow/.local/lib/python3.12/site-packages/airflow/example_dags/example_latest_only.py
[2025-04-21T17:10:04.561+0000] {processor.py:925} INFO - DAG(s) 'latest_only' retrieved from /home/airflow/.local/lib/python3.12/site-packages/airflow/example_dags/example_latest_only.py
[2025-04-21T17:10:04.569+0000] {logging_mixin.py:190} INFO - [2025-04-21T17:10:04.569+0000] {dag.py:3239} INFO - Sync 1 DAGs
[2025-04-21T17:10:04.577+0000] {logging_mixin.py:190} INFO - [2025-04-21T17:10:04.577+0000] {dag.py:4180} INFO - Setting next_dagrun for latest_only to 2025-04-21 12:00:00+00:00, run_after=2025-04-21 16:00:00+00:00
[2025-04-21T17:10:04.583+0000] {processor.py:208} INFO - Processing /home/airflow/.local/lib/python3.12/site-packages/airflow/example_dags/example_latest_only.py took 0.034 seconds
[2025-04-21T17:10:35.702+0000] {processor.py:186} INFO - Started process (PID=657) to work on /home/airflow/.local/lib/python3.12/site-packages/airflow/example_dags/example_latest_only.py
[2025-04-21T17:10:35.702+0000] {processor.py:914} INFO - Processing file /home/airflow/.local/lib/python3.12/site-packages/airflow/example_dags/example_latest_only.py for tasks to queue
[2025-04-21T17:10:35.703+0000] {logging_mixin.py:190} INFO - [2025-04-21T17:10:35.703+0000] {dagbag.py:588} INFO - Filling up the DagBag from /home/airflow/.local/lib/python3.12/site-packages/airflow/example_dags/example_latest_only.py
[2025-04-21T17:10:35.706+0000] {processor.py:925} INFO - DAG(s) 'latest_only' retrieved from /home/airflow/.local/lib/python3.12/site-packages/airflow/example_dags/example_latest_only.py
[2025-04-21T17:10:35.713+0000] {logging_mixin.py:190} INFO - [2025-04-21T17:10:35.713+0000] {dag.py:3239} INFO - Sync 1 DAGs
[2025-04-21T17:10:35.721+0000] {logging_mixin.py:190} INFO - [2025-04-21T17:10:35.721+0000] {dag.py:4180} INFO - Setting next_dagrun for latest_only to 2025-04-21 12:00:00+00:00, run_after=2025-04-21 16:00:00+00:00
[2025-04-21T17:10:35.727+0000] {processor.py:208} INFO - Processing /home/airflow/.local/lib/python3.12/site-packages/airflow/example_dags/example_latest_only.py took 0.027 seconds
[2025-04-21T17:11:06.902+0000] {processor.py:186} INFO - Started process (PID=721) to work on /home/airflow/.local/lib/python3.12/site-packages/airflow/example_dags/example_latest_only.py
[2025-04-21T17:11:06.902+0000] {processor.py:914} INFO - Processing file /home/airflow/.local/lib/python3.12/site-packages/airflow/example_dags/example_latest_only.py for tasks to queue
[2025-04-21T17:11:06.903+0000] {logging_mixin.py:190} INFO - [2025-04-21T17:11:06.903+0000] {dagbag.py:588} INFO - Filling up the DagBag from /home/airflow/.local/lib/python3.12/site-packages/airflow/example_dags/example_latest_only.py
[2025-04-21T17:11:06.906+0000] {processor.py:925} INFO - DAG(s) 'latest_only' retrieved from /home/airflow/.local/lib/python3.12/site-packages/airflow/example_dags/example_latest_only.py
[2025-04-21T17:11:06.915+0000] {logging_mixin.py:190} INFO - [2025-04-21T17:11:06.915+0000] {dag.py:3239} INFO - Sync 1 DAGs
[2025-04-21T17:11:06.926+0000] {logging_mixin.py:190} INFO - [2025-04-21T17:11:06.925+0000] {dag.py:4180} INFO - Setting next_dagrun for latest_only to 2025-04-21 12:00:00+00:00, run_after=2025-04-21 16:00:00+00:00
[2025-04-21T17:11:06.933+0000] {processor.py:208} INFO - Processing /home/airflow/.local/lib/python3.12/site-packages/airflow/example_dags/example_latest_only.py took 0.033 seconds
[2025-04-21T17:11:38.207+0000] {processor.py:186} INFO - Started process (PID=785) to work on /home/airflow/.local/lib/python3.12/site-packages/airflow/example_dags/example_latest_only.py
[2025-04-21T17:11:38.207+0000] {processor.py:914} INFO - Processing file /home/airflow/.local/lib/python3.12/site-packages/airflow/example_dags/example_latest_only.py for tasks to queue
[2025-04-21T17:11:38.208+0000] {logging_mixin.py:190} INFO - [2025-04-21T17:11:38.208+0000] {dagbag.py:588} INFO - Filling up the DagBag from /home/airflow/.local/lib/python3.12/site-packages/airflow/example_dags/example_latest_only.py
[2025-04-21T17:11:38.211+0000] {processor.py:925} INFO - DAG(s) 'latest_only' retrieved from /home/airflow/.local/lib/python3.12/site-packages/airflow/example_dags/example_latest_only.py
[2025-04-21T17:11:38.218+0000] {logging_mixin.py:190} INFO - [2025-04-21T17:11:38.218+0000] {dag.py:3239} INFO - Sync 1 DAGs
[2025-04-21T17:11:38.228+0000] {logging_mixin.py:190} INFO - [2025-04-21T17:11:38.228+0000] {dag.py:4180} INFO - Setting next_dagrun for latest_only to 2025-04-21 12:00:00+00:00, run_after=2025-04-21 16:00:00+00:00
[2025-04-21T17:11:38.234+0000] {processor.py:208} INFO - Processing /home/airflow/.local/lib/python3.12/site-packages/airflow/example_dags/example_latest_only.py took 0.030 seconds
[2025-04-21T17:12:09.782+0000] {processor.py:186} INFO - Started process (PID=849) to work on /home/airflow/.local/lib/python3.12/site-packages/airflow/example_dags/example_latest_only.py
[2025-04-21T17:12:09.785+0000] {processor.py:914} INFO - Processing file /home/airflow/.local/lib/python3.12/site-packages/airflow/example_dags/example_latest_only.py for tasks to queue
[2025-04-21T17:12:09.786+0000] {logging_mixin.py:190} INFO - [2025-04-21T17:12:09.786+0000] {dagbag.py:588} INFO - Filling up the DagBag from /home/airflow/.local/lib/python3.12/site-packages/airflow/example_dags/example_latest_only.py
[2025-04-21T17:12:09.790+0000] {processor.py:925} INFO - DAG(s) 'latest_only' retrieved from /home/airflow/.local/lib/python3.12/site-packages/airflow/example_dags/example_latest_only.py
[2025-04-21T17:12:09.800+0000] {logging_mixin.py:190} INFO - [2025-04-21T17:12:09.800+0000] {dag.py:3239} INFO - Sync 1 DAGs
[2025-04-21T17:12:09.811+0000] {logging_mixin.py:190} INFO - [2025-04-21T17:12:09.811+0000] {dag.py:4180} INFO - Setting next_dagrun for latest_only to 2025-04-21 12:00:00+00:00, run_after=2025-04-21 16:00:00+00:00
[2025-04-21T17:12:09.822+0000] {processor.py:208} INFO - Processing /home/airflow/.local/lib/python3.12/site-packages/airflow/example_dags/example_latest_only.py took 0.044 seconds
[2025-04-21T17:12:40.582+0000] {processor.py:186} INFO - Started process (PID=913) to work on /home/airflow/.local/lib/python3.12/site-packages/airflow/example_dags/example_latest_only.py
[2025-04-21T17:12:40.582+0000] {processor.py:914} INFO - Processing file /home/airflow/.local/lib/python3.12/site-packages/airflow/example_dags/example_latest_only.py for tasks to queue
[2025-04-21T17:12:40.583+0000] {logging_mixin.py:190} INFO - [2025-04-21T17:12:40.583+0000] {dagbag.py:588} INFO - Filling up the DagBag from /home/airflow/.local/lib/python3.12/site-packages/airflow/example_dags/example_latest_only.py
[2025-04-21T17:12:40.586+0000] {processor.py:925} INFO - DAG(s) 'latest_only' retrieved from /home/airflow/.local/lib/python3.12/site-packages/airflow/example_dags/example_latest_only.py
[2025-04-21T17:12:40.596+0000] {logging_mixin.py:190} INFO - [2025-04-21T17:12:40.596+0000] {dag.py:3239} INFO - Sync 1 DAGs
[2025-04-21T17:12:40.605+0000] {logging_mixin.py:190} INFO - [2025-04-21T17:12:40.605+0000] {dag.py:4180} INFO - Setting next_dagrun for latest_only to 2025-04-21 12:00:00+00:00, run_after=2025-04-21 16:00:00+00:00
[2025-04-21T17:12:40.614+0000] {processor.py:208} INFO - Processing /home/airflow/.local/lib/python3.12/site-packages/airflow/example_dags/example_latest_only.py took 0.035 seconds
[2025-04-21T17:13:10.958+0000] {processor.py:186} INFO - Started process (PID=977) to work on /home/airflow/.local/lib/python3.12/site-packages/airflow/example_dags/example_latest_only.py
[2025-04-21T17:13:10.958+0000] {processor.py:914} INFO - Processing file /home/airflow/.local/lib/python3.12/site-packages/airflow/example_dags/example_latest_only.py for tasks to queue
[2025-04-21T17:13:10.960+0000] {logging_mixin.py:190} INFO - [2025-04-21T17:13:10.960+0000] {dagbag.py:588} INFO - Filling up the DagBag from /home/airflow/.local/lib/python3.12/site-packages/airflow/example_dags/example_latest_only.py
[2025-04-21T17:13:10.964+0000] {processor.py:925} INFO - DAG(s) 'latest_only' retrieved from /home/airflow/.local/lib/python3.12/site-packages/airflow/example_dags/example_latest_only.py
[2025-04-21T17:13:10.975+0000] {logging_mixin.py:190} INFO - [2025-04-21T17:13:10.975+0000] {dag.py:3239} INFO - Sync 1 DAGs
[2025-04-21T17:13:10.985+0000] {logging_mixin.py:190} INFO - [2025-04-21T17:13:10.985+0000] {dag.py:4180} INFO - Setting next_dagrun for latest_only to 2025-04-21 12:00:00+00:00, run_after=2025-04-21 16:00:00+00:00
[2025-04-21T17:13:10.994+0000] {processor.py:208} INFO - Processing /home/airflow/.local/lib/python3.12/site-packages/airflow/example_dags/example_latest_only.py took 0.039 seconds
[2025-04-21T17:13:41.312+0000] {processor.py:186} INFO - Started process (PID=1041) to work on /home/airflow/.local/lib/python3.12/site-packages/airflow/example_dags/example_latest_only.py
[2025-04-21T17:13:41.314+0000] {processor.py:914} INFO - Processing file /home/airflow/.local/lib/python3.12/site-packages/airflow/example_dags/example_latest_only.py for tasks to queue
[2025-04-21T17:13:41.315+0000] {logging_mixin.py:190} INFO - [2025-04-21T17:13:41.315+0000] {dagbag.py:588} INFO - Filling up the DagBag from /home/airflow/.local/lib/python3.12/site-packages/airflow/example_dags/example_latest_only.py
[2025-04-21T17:13:41.318+0000] {processor.py:925} INFO - DAG(s) 'latest_only' retrieved from /home/airflow/.local/lib/python3.12/site-packages/airflow/example_dags/example_latest_only.py
[2025-04-21T17:13:41.331+0000] {logging_mixin.py:190} INFO - [2025-04-21T17:13:41.330+0000] {dag.py:3239} INFO - Sync 1 DAGs
[2025-04-21T17:13:41.341+0000] {logging_mixin.py:190} INFO - [2025-04-21T17:13:41.341+0000] {dag.py:4180} INFO - Setting next_dagrun for latest_only to 2025-04-21 12:00:00+00:00, run_after=2025-04-21 16:00:00+00:00
[2025-04-21T17:13:41.351+0000] {processor.py:208} INFO - Processing /home/airflow/.local/lib/python3.12/site-packages/airflow/example_dags/example_latest_only.py took 0.041 seconds
[2025-04-21T17:14:11.719+0000] {processor.py:186} INFO - Started process (PID=1105) to work on /home/airflow/.local/lib/python3.12/site-packages/airflow/example_dags/example_latest_only.py
[2025-04-21T17:14:11.719+0000] {processor.py:914} INFO - Processing file /home/airflow/.local/lib/python3.12/site-packages/airflow/example_dags/example_latest_only.py for tasks to queue
[2025-04-21T17:14:11.720+0000] {logging_mixin.py:190} INFO - [2025-04-21T17:14:11.720+0000] {dagbag.py:588} INFO - Filling up the DagBag from /home/airflow/.local/lib/python3.12/site-packages/airflow/example_dags/example_latest_only.py
[2025-04-21T17:14:11.723+0000] {processor.py:925} INFO - DAG(s) 'latest_only' retrieved from /home/airflow/.local/lib/python3.12/site-packages/airflow/example_dags/example_latest_only.py
[2025-04-21T17:14:11.730+0000] {logging_mixin.py:190} INFO - [2025-04-21T17:14:11.730+0000] {dag.py:3239} INFO - Sync 1 DAGs
[2025-04-21T17:14:11.739+0000] {logging_mixin.py:190} INFO - [2025-04-21T17:14:11.739+0000] {dag.py:4180} INFO - Setting next_dagrun for latest_only to 2025-04-21 12:00:00+00:00, run_after=2025-04-21 16:00:00+00:00
[2025-04-21T17:14:11.749+0000] {processor.py:208} INFO - Processing /home/airflow/.local/lib/python3.12/site-packages/airflow/example_dags/example_latest_only.py took 0.032 seconds
[2025-04-21T17:14:42.020+0000] {processor.py:186} INFO - Started process (PID=1169) to work on /home/airflow/.local/lib/python3.12/site-packages/airflow/example_dags/example_latest_only.py
[2025-04-21T17:14:42.020+0000] {processor.py:914} INFO - Processing file /home/airflow/.local/lib/python3.12/site-packages/airflow/example_dags/example_latest_only.py for tasks to queue
[2025-04-21T17:14:42.021+0000] {logging_mixin.py:190} INFO - [2025-04-21T17:14:42.021+0000] {dagbag.py:588} INFO - Filling up the DagBag from /home/airflow/.local/lib/python3.12/site-packages/airflow/example_dags/example_latest_only.py
[2025-04-21T17:14:42.024+0000] {processor.py:925} INFO - DAG(s) 'latest_only' retrieved from /home/airflow/.local/lib/python3.12/site-packages/airflow/example_dags/example_latest_only.py
[2025-04-21T17:14:42.033+0000] {logging_mixin.py:190} INFO - [2025-04-21T17:14:42.033+0000] {dag.py:3239} INFO - Sync 1 DAGs
[2025-04-21T17:14:42.042+0000] {logging_mixin.py:190} INFO - [2025-04-21T17:14:42.041+0000] {dag.py:4180} INFO - Setting next_dagrun for latest_only to 2025-04-21 12:00:00+00:00, run_after=2025-04-21 16:00:00+00:00
[2025-04-21T17:14:42.048+0000] {processor.py:208} INFO - Processing /home/airflow/.local/lib/python3.12/site-packages/airflow/example_dags/example_latest_only.py took 0.031 seconds
[2025-04-21T17:15:12.117+0000] {processor.py:186} INFO - Started process (PID=1232) to work on /home/airflow/.local/lib/python3.12/site-packages/airflow/example_dags/example_latest_only.py
[2025-04-21T17:15:12.117+0000] {processor.py:914} INFO - Processing file /home/airflow/.local/lib/python3.12/site-packages/airflow/example_dags/example_latest_only.py for tasks to queue
[2025-04-21T17:15:12.118+0000] {logging_mixin.py:190} INFO - [2025-04-21T17:15:12.118+0000] {dagbag.py:588} INFO - Filling up the DagBag from /home/airflow/.local/lib/python3.12/site-packages/airflow/example_dags/example_latest_only.py
[2025-04-21T17:15:12.121+0000] {processor.py:925} INFO - DAG(s) 'latest_only' retrieved from /home/airflow/.local/lib/python3.12/site-packages/airflow/example_dags/example_latest_only.py
[2025-04-21T17:15:12.129+0000] {logging_mixin.py:190} INFO - [2025-04-21T17:15:12.129+0000] {dag.py:3239} INFO - Sync 1 DAGs
[2025-04-21T17:15:12.137+0000] {logging_mixin.py:190} INFO - [2025-04-21T17:15:12.137+0000] {dag.py:4180} INFO - Setting next_dagrun for latest_only to 2025-04-21 12:00:00+00:00, run_after=2025-04-21 16:00:00+00:00
[2025-04-21T17:15:12.142+0000] {processor.py:208} INFO - Processing /home/airflow/.local/lib/python3.12/site-packages/airflow/example_dags/example_latest_only.py took 0.028 seconds
[2025-04-21T17:15:42.489+0000] {processor.py:186} INFO - Started process (PID=1296) to work on /home/airflow/.local/lib/python3.12/site-packages/airflow/example_dags/example_latest_only.py
[2025-04-21T17:15:42.491+0000] {processor.py:914} INFO - Processing file /home/airflow/.local/lib/python3.12/site-packages/airflow/example_dags/example_latest_only.py for tasks to queue
[2025-04-21T17:15:42.492+0000] {logging_mixin.py:190} INFO - [2025-04-21T17:15:42.492+0000] {dagbag.py:588} INFO - Filling up the DagBag from /home/airflow/.local/lib/python3.12/site-packages/airflow/example_dags/example_latest_only.py
[2025-04-21T17:15:42.495+0000] {processor.py:925} INFO - DAG(s) 'latest_only' retrieved from /home/airflow/.local/lib/python3.12/site-packages/airflow/example_dags/example_latest_only.py
[2025-04-21T17:15:42.502+0000] {logging_mixin.py:190} INFO - [2025-04-21T17:15:42.502+0000] {dag.py:3239} INFO - Sync 1 DAGs
[2025-04-21T17:15:42.510+0000] {logging_mixin.py:190} INFO - [2025-04-21T17:15:42.510+0000] {dag.py:4180} INFO - Setting next_dagrun for latest_only to 2025-04-21 12:00:00+00:00, run_after=2025-04-21 16:00:00+00:00
[2025-04-21T17:15:42.516+0000] {processor.py:208} INFO - Processing /home/airflow/.local/lib/python3.12/site-packages/airflow/example_dags/example_latest_only.py took 0.030 seconds
[2025-04-21T17:16:12.876+0000] {processor.py:186} INFO - Started process (PID=1360) to work on /home/airflow/.local/lib/python3.12/site-packages/airflow/example_dags/example_latest_only.py
[2025-04-21T17:16:12.876+0000] {processor.py:914} INFO - Processing file /home/airflow/.local/lib/python3.12/site-packages/airflow/example_dags/example_latest_only.py for tasks to queue
[2025-04-21T17:16:12.877+0000] {logging_mixin.py:190} INFO - [2025-04-21T17:16:12.877+0000] {dagbag.py:588} INFO - Filling up the DagBag from /home/airflow/.local/lib/python3.12/site-packages/airflow/example_dags/example_latest_only.py
[2025-04-21T17:16:12.881+0000] {processor.py:925} INFO - DAG(s) 'latest_only' retrieved from /home/airflow/.local/lib/python3.12/site-packages/airflow/example_dags/example_latest_only.py
[2025-04-21T17:16:12.890+0000] {logging_mixin.py:190} INFO - [2025-04-21T17:16:12.890+0000] {dag.py:3239} INFO - Sync 1 DAGs
[2025-04-21T17:16:12.898+0000] {logging_mixin.py:190} INFO - [2025-04-21T17:16:12.898+0000] {dag.py:4180} INFO - Setting next_dagrun for latest_only to 2025-04-21 12:00:00+00:00, run_after=2025-04-21 16:00:00+00:00
[2025-04-21T17:16:12.906+0000] {processor.py:208} INFO - Processing /home/airflow/.local/lib/python3.12/site-packages/airflow/example_dags/example_latest_only.py took 0.033 seconds
[2025-04-21T17:16:43.254+0000] {processor.py:186} INFO - Started process (PID=1425) to work on /home/airflow/.local/lib/python3.12/site-packages/airflow/example_dags/example_latest_only.py
[2025-04-21T17:16:43.255+0000] {processor.py:914} INFO - Processing file /home/airflow/.local/lib/python3.12/site-packages/airflow/example_dags/example_latest_only.py for tasks to queue
[2025-04-21T17:16:43.257+0000] {logging_mixin.py:190} INFO - [2025-04-21T17:16:43.256+0000] {dagbag.py:588} INFO - Filling up the DagBag from /home/airflow/.local/lib/python3.12/site-packages/airflow/example_dags/example_latest_only.py
[2025-04-21T17:16:43.260+0000] {processor.py:925} INFO - DAG(s) 'latest_only' retrieved from /home/airflow/.local/lib/python3.12/site-packages/airflow/example_dags/example_latest_only.py
[2025-04-21T17:16:43.268+0000] {logging_mixin.py:190} INFO - [2025-04-21T17:16:43.268+0000] {dag.py:3239} INFO - Sync 1 DAGs
[2025-04-21T17:16:43.276+0000] {logging_mixin.py:190} INFO - [2025-04-21T17:16:43.276+0000] {dag.py:4180} INFO - Setting next_dagrun for latest_only to 2025-04-21 12:00:00+00:00, run_after=2025-04-21 16:00:00+00:00
[2025-04-21T17:16:43.284+0000] {processor.py:208} INFO - Processing /home/airflow/.local/lib/python3.12/site-packages/airflow/example_dags/example_latest_only.py took 0.033 seconds
[2025-04-21T17:17:14.310+0000] {processor.py:186} INFO - Started process (PID=1489) to work on /home/airflow/.local/lib/python3.12/site-packages/airflow/example_dags/example_latest_only.py
[2025-04-21T17:17:14.312+0000] {processor.py:914} INFO - Processing file /home/airflow/.local/lib/python3.12/site-packages/airflow/example_dags/example_latest_only.py for tasks to queue
[2025-04-21T17:17:14.313+0000] {logging_mixin.py:190} INFO - [2025-04-21T17:17:14.313+0000] {dagbag.py:588} INFO - Filling up the DagBag from /home/airflow/.local/lib/python3.12/site-packages/airflow/example_dags/example_latest_only.py
[2025-04-21T17:17:14.317+0000] {processor.py:925} INFO - DAG(s) 'latest_only' retrieved from /home/airflow/.local/lib/python3.12/site-packages/airflow/example_dags/example_latest_only.py
[2025-04-21T17:17:14.326+0000] {logging_mixin.py:190} INFO - [2025-04-21T17:17:14.326+0000] {dag.py:3239} INFO - Sync 1 DAGs
[2025-04-21T17:17:14.333+0000] {logging_mixin.py:190} INFO - [2025-04-21T17:17:14.333+0000] {dag.py:4180} INFO - Setting next_dagrun for latest_only to 2025-04-21 12:00:00+00:00, run_after=2025-04-21 16:00:00+00:00
[2025-04-21T17:17:14.339+0000] {processor.py:208} INFO - Processing /home/airflow/.local/lib/python3.12/site-packages/airflow/example_dags/example_latest_only.py took 0.032 seconds
[2025-04-21T17:17:44.766+0000] {processor.py:186} INFO - Started process (PID=1553) to work on /home/airflow/.local/lib/python3.12/site-packages/airflow/example_dags/example_latest_only.py
[2025-04-21T17:17:44.767+0000] {processor.py:914} INFO - Processing file /home/airflow/.local/lib/python3.12/site-packages/airflow/example_dags/example_latest_only.py for tasks to queue
[2025-04-21T17:17:44.772+0000] {logging_mixin.py:190} INFO - [2025-04-21T17:17:44.772+0000] {dagbag.py:588} INFO - Filling up the DagBag from /home/airflow/.local/lib/python3.12/site-packages/airflow/example_dags/example_latest_only.py
[2025-04-21T17:17:44.775+0000] {processor.py:925} INFO - DAG(s) 'latest_only' retrieved from /home/airflow/.local/lib/python3.12/site-packages/airflow/example_dags/example_latest_only.py
[2025-04-21T17:17:44.784+0000] {logging_mixin.py:190} INFO - [2025-04-21T17:17:44.784+0000] {dag.py:3239} INFO - Sync 1 DAGs
[2025-04-21T17:17:44.794+0000] {logging_mixin.py:190} INFO - [2025-04-21T17:17:44.794+0000] {dag.py:4180} INFO - Setting next_dagrun for latest_only to 2025-04-21 12:00:00+00:00, run_after=2025-04-21 16:00:00+00:00
[2025-04-21T17:17:44.800+0000] {processor.py:208} INFO - Processing /home/airflow/.local/lib/python3.12/site-packages/airflow/example_dags/example_latest_only.py took 0.037 seconds
[2025-04-21T17:18:14.982+0000] {processor.py:186} INFO - Started process (PID=1616) to work on /home/airflow/.local/lib/python3.12/site-packages/airflow/example_dags/example_latest_only.py
[2025-04-21T17:18:14.986+0000] {processor.py:914} INFO - Processing file /home/airflow/.local/lib/python3.12/site-packages/airflow/example_dags/example_latest_only.py for tasks to queue
[2025-04-21T17:18:14.987+0000] {logging_mixin.py:190} INFO - [2025-04-21T17:18:14.987+0000] {dagbag.py:588} INFO - Filling up the DagBag from /home/airflow/.local/lib/python3.12/site-packages/airflow/example_dags/example_latest_only.py
[2025-04-21T17:18:14.990+0000] {processor.py:925} INFO - DAG(s) 'latest_only' retrieved from /home/airflow/.local/lib/python3.12/site-packages/airflow/example_dags/example_latest_only.py
[2025-04-21T17:18:15.000+0000] {logging_mixin.py:190} INFO - [2025-04-21T17:18:15.000+0000] {dag.py:3239} INFO - Sync 1 DAGs
[2025-04-21T17:18:15.008+0000] {logging_mixin.py:190} INFO - [2025-04-21T17:18:15.008+0000] {dag.py:4180} INFO - Setting next_dagrun for latest_only to 2025-04-21 12:00:00+00:00, run_after=2025-04-21 16:00:00+00:00
[2025-04-21T17:18:15.015+0000] {processor.py:208} INFO - Processing /home/airflow/.local/lib/python3.12/site-packages/airflow/example_dags/example_latest_only.py took 0.035 seconds
[2025-04-21T17:18:45.335+0000] {processor.py:186} INFO - Started process (PID=1680) to work on /home/airflow/.local/lib/python3.12/site-packages/airflow/example_dags/example_latest_only.py
[2025-04-21T17:18:45.335+0000] {processor.py:914} INFO - Processing file /home/airflow/.local/lib/python3.12/site-packages/airflow/example_dags/example_latest_only.py for tasks to queue
[2025-04-21T17:18:45.337+0000] {logging_mixin.py:190} INFO - [2025-04-21T17:18:45.337+0000] {dagbag.py:588} INFO - Filling up the DagBag from /home/airflow/.local/lib/python3.12/site-packages/airflow/example_dags/example_latest_only.py
[2025-04-21T17:18:45.340+0000] {processor.py:925} INFO - DAG(s) 'latest_only' retrieved from /home/airflow/.local/lib/python3.12/site-packages/airflow/example_dags/example_latest_only.py
[2025-04-21T17:18:45.347+0000] {logging_mixin.py:190} INFO - [2025-04-21T17:18:45.347+0000] {dag.py:3239} INFO - Sync 1 DAGs
[2025-04-21T17:18:45.354+0000] {logging_mixin.py:190} INFO - [2025-04-21T17:18:45.354+0000] {dag.py:4180} INFO - Setting next_dagrun for latest_only to 2025-04-21 12:00:00+00:00, run_after=2025-04-21 16:00:00+00:00
[2025-04-21T17:18:45.362+0000] {processor.py:208} INFO - Processing /home/airflow/.local/lib/python3.12/site-packages/airflow/example_dags/example_latest_only.py took 0.030 seconds
