[2025-04-21T17:02:01.530+0000] {processor.py:186} INFO - Started process (PID=82) to work on /home/airflow/.local/lib/python3.12/site-packages/airflow/example_dags/example_external_task_marker_dag.py
[2025-04-21T17:02:01.531+0000] {processor.py:914} INFO - Processing file /home/airflow/.local/lib/python3.12/site-packages/airflow/example_dags/example_external_task_marker_dag.py for tasks to queue
[2025-04-21T17:02:01.533+0000] {logging_mixin.py:190} INFO - [2025-04-21T17:02:01.533+0000] {dagbag.py:588} INFO - Filling up the DagBag from /home/airflow/.local/lib/python3.12/site-packages/airflow/example_dags/example_external_task_marker_dag.py
[2025-04-21T17:02:01.537+0000] {processor.py:925} INFO - DAG(s) 'example_external_task_marker_parent', 'example_external_task_marker_child' retrieved from /home/airflow/.local/lib/python3.12/site-packages/airflow/example_dags/example_external_task_marker_dag.py
[2025-04-21T17:02:01.581+0000] {logging_mixin.py:190} INFO - [2025-04-21T17:02:01.581+0000] {override.py:1912} INFO - Created Permission View: can read on DAG:example_external_task_marker_parent
[2025-04-21T17:02:01.585+0000] {logging_mixin.py:190} INFO - [2025-04-21T17:02:01.585+0000] {override.py:1912} INFO - Created Permission View: can edit on DAG:example_external_task_marker_parent
[2025-04-21T17:02:01.588+0000] {logging_mixin.py:190} INFO - [2025-04-21T17:02:01.588+0000] {override.py:1912} INFO - Created Permission View: can delete on DAG:example_external_task_marker_parent
[2025-04-21T17:02:01.591+0000] {logging_mixin.py:190} INFO - [2025-04-21T17:02:01.591+0000] {override.py:1912} INFO - Created Permission View: can read on DAG Run:example_external_task_marker_parent
[2025-04-21T17:02:01.595+0000] {logging_mixin.py:190} INFO - [2025-04-21T17:02:01.595+0000] {override.py:1912} INFO - Created Permission View: can delete on DAG Run:example_external_task_marker_parent
[2025-04-21T17:02:01.597+0000] {logging_mixin.py:190} INFO - [2025-04-21T17:02:01.597+0000] {override.py:1912} INFO - Created Permission View: menu access on DAG Run:example_external_task_marker_parent
[2025-04-21T17:02:01.603+0000] {logging_mixin.py:190} INFO - [2025-04-21T17:02:01.603+0000] {override.py:1912} INFO - Created Permission View: can create on DAG Run:example_external_task_marker_parent
[2025-04-21T17:02:01.609+0000] {logging_mixin.py:190} INFO - [2025-04-21T17:02:01.609+0000] {override.py:1912} INFO - Created Permission View: can read on DAG:example_external_task_marker_child
[2025-04-21T17:02:01.614+0000] {logging_mixin.py:190} INFO - [2025-04-21T17:02:01.614+0000] {override.py:1912} INFO - Created Permission View: can edit on DAG:example_external_task_marker_child
[2025-04-21T17:02:01.616+0000] {logging_mixin.py:190} INFO - [2025-04-21T17:02:01.615+0000] {override.py:1912} INFO - Created Permission View: can delete on DAG:example_external_task_marker_child
[2025-04-21T17:02:01.618+0000] {logging_mixin.py:190} INFO - [2025-04-21T17:02:01.618+0000] {override.py:1912} INFO - Created Permission View: can read on DAG Run:example_external_task_marker_child
[2025-04-21T17:02:01.620+0000] {logging_mixin.py:190} INFO - [2025-04-21T17:02:01.620+0000] {override.py:1912} INFO - Created Permission View: can delete on DAG Run:example_external_task_marker_child
[2025-04-21T17:02:01.621+0000] {logging_mixin.py:190} INFO - [2025-04-21T17:02:01.621+0000] {override.py:1912} INFO - Created Permission View: menu access on DAG Run:example_external_task_marker_child
[2025-04-21T17:02:01.624+0000] {logging_mixin.py:190} INFO - [2025-04-21T17:02:01.624+0000] {override.py:1912} INFO - Created Permission View: can create on DAG Run:example_external_task_marker_child
[2025-04-21T17:02:01.625+0000] {logging_mixin.py:190} INFO - [2025-04-21T17:02:01.625+0000] {dag.py:3239} INFO - Sync 2 DAGs
[2025-04-21T17:02:01.634+0000] {logging_mixin.py:190} INFO - [2025-04-21T17:02:01.634+0000] {dag.py:3262} INFO - Creating ORM DAG for example_external_task_marker_parent
[2025-04-21T17:02:01.634+0000] {logging_mixin.py:190} INFO - [2025-04-21T17:02:01.634+0000] {dag.py:3262} INFO - Creating ORM DAG for example_external_task_marker_child
[2025-04-21T17:02:01.634+0000] {logging_mixin.py:190} INFO - [2025-04-21T17:02:01.634+0000] {dag.py:4180} INFO - Setting next_dagrun for example_external_task_marker_child to None, run_after=None
[2025-04-21T17:02:01.636+0000] {logging_mixin.py:190} INFO - [2025-04-21T17:02:01.635+0000] {dag.py:4180} INFO - Setting next_dagrun for example_external_task_marker_parent to None, run_after=None
[2025-04-21T17:02:01.650+0000] {processor.py:208} INFO - Processing /home/airflow/.local/lib/python3.12/site-packages/airflow/example_dags/example_external_task_marker_dag.py took 0.122 seconds
[2025-04-21T17:02:32.656+0000] {processor.py:186} INFO - Started process (PID=145) to work on /home/airflow/.local/lib/python3.12/site-packages/airflow/example_dags/example_external_task_marker_dag.py
[2025-04-21T17:02:32.659+0000] {processor.py:914} INFO - Processing file /home/airflow/.local/lib/python3.12/site-packages/airflow/example_dags/example_external_task_marker_dag.py for tasks to queue
[2025-04-21T17:02:32.661+0000] {logging_mixin.py:190} INFO - [2025-04-21T17:02:32.660+0000] {dagbag.py:588} INFO - Filling up the DagBag from /home/airflow/.local/lib/python3.12/site-packages/airflow/example_dags/example_external_task_marker_dag.py
[2025-04-21T17:02:32.673+0000] {processor.py:925} INFO - DAG(s) 'example_external_task_marker_child', 'example_external_task_marker_parent' retrieved from /home/airflow/.local/lib/python3.12/site-packages/airflow/example_dags/example_external_task_marker_dag.py
[2025-04-21T17:02:32.690+0000] {logging_mixin.py:190} INFO - [2025-04-21T17:02:32.690+0000] {dag.py:3239} INFO - Sync 2 DAGs
[2025-04-21T17:02:32.698+0000] {logging_mixin.py:190} INFO - [2025-04-21T17:02:32.698+0000] {dag.py:4180} INFO - Setting next_dagrun for example_external_task_marker_child to None, run_after=None
[2025-04-21T17:02:32.700+0000] {logging_mixin.py:190} INFO - [2025-04-21T17:02:32.700+0000] {dag.py:4180} INFO - Setting next_dagrun for example_external_task_marker_parent to None, run_after=None
[2025-04-21T17:02:32.709+0000] {processor.py:208} INFO - Processing /home/airflow/.local/lib/python3.12/site-packages/airflow/example_dags/example_external_task_marker_dag.py took 0.058 seconds
[2025-04-21T17:03:02.873+0000] {processor.py:186} INFO - Started process (PID=208) to work on /home/airflow/.local/lib/python3.12/site-packages/airflow/example_dags/example_external_task_marker_dag.py
[2025-04-21T17:03:02.874+0000] {processor.py:914} INFO - Processing file /home/airflow/.local/lib/python3.12/site-packages/airflow/example_dags/example_external_task_marker_dag.py for tasks to queue
[2025-04-21T17:03:02.875+0000] {logging_mixin.py:190} INFO - [2025-04-21T17:03:02.875+0000] {dagbag.py:588} INFO - Filling up the DagBag from /home/airflow/.local/lib/python3.12/site-packages/airflow/example_dags/example_external_task_marker_dag.py
[2025-04-21T17:03:02.878+0000] {processor.py:925} INFO - DAG(s) 'example_external_task_marker_parent', 'example_external_task_marker_child' retrieved from /home/airflow/.local/lib/python3.12/site-packages/airflow/example_dags/example_external_task_marker_dag.py
[2025-04-21T17:03:02.888+0000] {logging_mixin.py:190} INFO - [2025-04-21T17:03:02.888+0000] {dag.py:3239} INFO - Sync 2 DAGs
[2025-04-21T17:03:02.894+0000] {logging_mixin.py:190} INFO - [2025-04-21T17:03:02.894+0000] {dag.py:4180} INFO - Setting next_dagrun for example_external_task_marker_child to None, run_after=None
[2025-04-21T17:03:02.896+0000] {logging_mixin.py:190} INFO - [2025-04-21T17:03:02.896+0000] {dag.py:4180} INFO - Setting next_dagrun for example_external_task_marker_parent to None, run_after=None
[2025-04-21T17:03:02.902+0000] {processor.py:208} INFO - Processing /home/airflow/.local/lib/python3.12/site-packages/airflow/example_dags/example_external_task_marker_dag.py took 0.032 seconds
[2025-04-21T17:03:34.055+0000] {processor.py:186} INFO - Started process (PID=270) to work on /home/airflow/.local/lib/python3.12/site-packages/airflow/example_dags/example_external_task_marker_dag.py
[2025-04-21T17:03:34.056+0000] {processor.py:914} INFO - Processing file /home/airflow/.local/lib/python3.12/site-packages/airflow/example_dags/example_external_task_marker_dag.py for tasks to queue
[2025-04-21T17:03:34.057+0000] {logging_mixin.py:190} INFO - [2025-04-21T17:03:34.056+0000] {dagbag.py:588} INFO - Filling up the DagBag from /home/airflow/.local/lib/python3.12/site-packages/airflow/example_dags/example_external_task_marker_dag.py
[2025-04-21T17:03:34.060+0000] {processor.py:925} INFO - DAG(s) 'example_external_task_marker_child', 'example_external_task_marker_parent' retrieved from /home/airflow/.local/lib/python3.12/site-packages/airflow/example_dags/example_external_task_marker_dag.py
[2025-04-21T17:03:34.071+0000] {logging_mixin.py:190} INFO - [2025-04-21T17:03:34.071+0000] {dag.py:3239} INFO - Sync 2 DAGs
[2025-04-21T17:03:34.077+0000] {logging_mixin.py:190} INFO - [2025-04-21T17:03:34.077+0000] {dag.py:4180} INFO - Setting next_dagrun for example_external_task_marker_child to None, run_after=None
[2025-04-21T17:03:34.079+0000] {logging_mixin.py:190} INFO - [2025-04-21T17:03:34.079+0000] {dag.py:4180} INFO - Setting next_dagrun for example_external_task_marker_parent to None, run_after=None
[2025-04-21T17:03:34.087+0000] {processor.py:208} INFO - Processing /home/airflow/.local/lib/python3.12/site-packages/airflow/example_dags/example_external_task_marker_dag.py took 0.034 seconds
[2025-04-21T17:04:05.289+0000] {processor.py:186} INFO - Started process (PID=333) to work on /home/airflow/.local/lib/python3.12/site-packages/airflow/example_dags/example_external_task_marker_dag.py
[2025-04-21T17:04:05.289+0000] {processor.py:914} INFO - Processing file /home/airflow/.local/lib/python3.12/site-packages/airflow/example_dags/example_external_task_marker_dag.py for tasks to queue
[2025-04-21T17:04:05.290+0000] {logging_mixin.py:190} INFO - [2025-04-21T17:04:05.290+0000] {dagbag.py:588} INFO - Filling up the DagBag from /home/airflow/.local/lib/python3.12/site-packages/airflow/example_dags/example_external_task_marker_dag.py
[2025-04-21T17:04:05.294+0000] {processor.py:925} INFO - DAG(s) 'example_external_task_marker_child', 'example_external_task_marker_parent' retrieved from /home/airflow/.local/lib/python3.12/site-packages/airflow/example_dags/example_external_task_marker_dag.py
[2025-04-21T17:04:05.304+0000] {logging_mixin.py:190} INFO - [2025-04-21T17:04:05.304+0000] {dag.py:3239} INFO - Sync 2 DAGs
[2025-04-21T17:04:05.310+0000] {logging_mixin.py:190} INFO - [2025-04-21T17:04:05.310+0000] {dag.py:4180} INFO - Setting next_dagrun for example_external_task_marker_child to None, run_after=None
[2025-04-21T17:04:05.315+0000] {logging_mixin.py:190} INFO - [2025-04-21T17:04:05.314+0000] {dag.py:4180} INFO - Setting next_dagrun for example_external_task_marker_parent to None, run_after=None
[2025-04-21T17:04:05.321+0000] {processor.py:208} INFO - Processing /home/airflow/.local/lib/python3.12/site-packages/airflow/example_dags/example_external_task_marker_dag.py took 0.035 seconds
[2025-04-21T17:04:36.510+0000] {processor.py:186} INFO - Started process (PID=396) to work on /home/airflow/.local/lib/python3.12/site-packages/airflow/example_dags/example_external_task_marker_dag.py
[2025-04-21T17:04:36.510+0000] {processor.py:914} INFO - Processing file /home/airflow/.local/lib/python3.12/site-packages/airflow/example_dags/example_external_task_marker_dag.py for tasks to queue
[2025-04-21T17:04:36.511+0000] {logging_mixin.py:190} INFO - [2025-04-21T17:04:36.511+0000] {dagbag.py:588} INFO - Filling up the DagBag from /home/airflow/.local/lib/python3.12/site-packages/airflow/example_dags/example_external_task_marker_dag.py
[2025-04-21T17:04:36.514+0000] {processor.py:925} INFO - DAG(s) 'example_external_task_marker_parent', 'example_external_task_marker_child' retrieved from /home/airflow/.local/lib/python3.12/site-packages/airflow/example_dags/example_external_task_marker_dag.py
[2025-04-21T17:04:36.525+0000] {logging_mixin.py:190} INFO - [2025-04-21T17:04:36.525+0000] {dag.py:3239} INFO - Sync 2 DAGs
[2025-04-21T17:04:36.530+0000] {logging_mixin.py:190} INFO - [2025-04-21T17:04:36.530+0000] {dag.py:4180} INFO - Setting next_dagrun for example_external_task_marker_child to None, run_after=None
[2025-04-21T17:04:36.532+0000] {logging_mixin.py:190} INFO - [2025-04-21T17:04:36.532+0000] {dag.py:4180} INFO - Setting next_dagrun for example_external_task_marker_parent to None, run_after=None
[2025-04-21T17:04:36.538+0000] {processor.py:208} INFO - Processing /home/airflow/.local/lib/python3.12/site-packages/airflow/example_dags/example_external_task_marker_dag.py took 0.031 seconds
[2025-04-21T17:05:07.756+0000] {processor.py:186} INFO - Started process (PID=459) to work on /home/airflow/.local/lib/python3.12/site-packages/airflow/example_dags/example_external_task_marker_dag.py
[2025-04-21T17:05:07.760+0000] {processor.py:914} INFO - Processing file /home/airflow/.local/lib/python3.12/site-packages/airflow/example_dags/example_external_task_marker_dag.py for tasks to queue
[2025-04-21T17:05:07.762+0000] {logging_mixin.py:190} INFO - [2025-04-21T17:05:07.762+0000] {dagbag.py:588} INFO - Filling up the DagBag from /home/airflow/.local/lib/python3.12/site-packages/airflow/example_dags/example_external_task_marker_dag.py
[2025-04-21T17:05:07.767+0000] {processor.py:925} INFO - DAG(s) 'example_external_task_marker_child', 'example_external_task_marker_parent' retrieved from /home/airflow/.local/lib/python3.12/site-packages/airflow/example_dags/example_external_task_marker_dag.py
[2025-04-21T17:05:07.778+0000] {logging_mixin.py:190} INFO - [2025-04-21T17:05:07.778+0000] {dag.py:3239} INFO - Sync 2 DAGs
[2025-04-21T17:05:07.785+0000] {logging_mixin.py:190} INFO - [2025-04-21T17:05:07.785+0000] {dag.py:4180} INFO - Setting next_dagrun for example_external_task_marker_child to None, run_after=None
[2025-04-21T17:05:07.786+0000] {logging_mixin.py:190} INFO - [2025-04-21T17:05:07.786+0000] {dag.py:4180} INFO - Setting next_dagrun for example_external_task_marker_parent to None, run_after=None
[2025-04-21T17:05:07.794+0000] {processor.py:208} INFO - Processing /home/airflow/.local/lib/python3.12/site-packages/airflow/example_dags/example_external_task_marker_dag.py took 0.040 seconds
[2025-04-21T17:05:56.286+0000] {processor.py:186} INFO - Started process (PID=82) to work on /home/airflow/.local/lib/python3.12/site-packages/airflow/example_dags/example_external_task_marker_dag.py
[2025-04-21T17:05:56.286+0000] {processor.py:914} INFO - Processing file /home/airflow/.local/lib/python3.12/site-packages/airflow/example_dags/example_external_task_marker_dag.py for tasks to queue
[2025-04-21T17:05:56.288+0000] {logging_mixin.py:190} INFO - [2025-04-21T17:05:56.288+0000] {dagbag.py:588} INFO - Filling up the DagBag from /home/airflow/.local/lib/python3.12/site-packages/airflow/example_dags/example_external_task_marker_dag.py
[2025-04-21T17:05:56.293+0000] {processor.py:925} INFO - DAG(s) 'example_external_task_marker_child', 'example_external_task_marker_parent' retrieved from /home/airflow/.local/lib/python3.12/site-packages/airflow/example_dags/example_external_task_marker_dag.py
[2025-04-21T17:05:56.304+0000] {logging_mixin.py:190} INFO - [2025-04-21T17:05:56.304+0000] {dag.py:3239} INFO - Sync 2 DAGs
[2025-04-21T17:05:56.311+0000] {logging_mixin.py:190} INFO - [2025-04-21T17:05:56.310+0000] {dag.py:4180} INFO - Setting next_dagrun for example_external_task_marker_child to None, run_after=None
[2025-04-21T17:05:56.312+0000] {logging_mixin.py:190} INFO - [2025-04-21T17:05:56.312+0000] {dag.py:4180} INFO - Setting next_dagrun for example_external_task_marker_parent to None, run_after=None
[2025-04-21T17:05:56.319+0000] {processor.py:208} INFO - Processing /home/airflow/.local/lib/python3.12/site-packages/airflow/example_dags/example_external_task_marker_dag.py took 0.036 seconds
[2025-04-21T17:06:26.332+0000] {processor.py:186} INFO - Started process (PID=144) to work on /home/airflow/.local/lib/python3.12/site-packages/airflow/example_dags/example_external_task_marker_dag.py
[2025-04-21T17:06:26.333+0000] {processor.py:914} INFO - Processing file /home/airflow/.local/lib/python3.12/site-packages/airflow/example_dags/example_external_task_marker_dag.py for tasks to queue
[2025-04-21T17:06:26.334+0000] {logging_mixin.py:190} INFO - [2025-04-21T17:06:26.333+0000] {dagbag.py:588} INFO - Filling up the DagBag from /home/airflow/.local/lib/python3.12/site-packages/airflow/example_dags/example_external_task_marker_dag.py
[2025-04-21T17:06:26.337+0000] {processor.py:925} INFO - DAG(s) 'example_external_task_marker_parent', 'example_external_task_marker_child' retrieved from /home/airflow/.local/lib/python3.12/site-packages/airflow/example_dags/example_external_task_marker_dag.py
[2025-04-21T17:06:26.345+0000] {logging_mixin.py:190} INFO - [2025-04-21T17:06:26.345+0000] {dag.py:3239} INFO - Sync 2 DAGs
[2025-04-21T17:06:26.350+0000] {logging_mixin.py:190} INFO - [2025-04-21T17:06:26.350+0000] {dag.py:4180} INFO - Setting next_dagrun for example_external_task_marker_child to None, run_after=None
[2025-04-21T17:06:26.351+0000] {logging_mixin.py:190} INFO - [2025-04-21T17:06:26.351+0000] {dag.py:4180} INFO - Setting next_dagrun for example_external_task_marker_parent to None, run_after=None
[2025-04-21T17:06:26.356+0000] {processor.py:208} INFO - Processing /home/airflow/.local/lib/python3.12/site-packages/airflow/example_dags/example_external_task_marker_dag.py took 0.026 seconds
[2025-04-21T17:06:57.704+0000] {processor.py:186} INFO - Started process (PID=208) to work on /home/airflow/.local/lib/python3.12/site-packages/airflow/example_dags/example_external_task_marker_dag.py
[2025-04-21T17:06:57.705+0000] {processor.py:914} INFO - Processing file /home/airflow/.local/lib/python3.12/site-packages/airflow/example_dags/example_external_task_marker_dag.py for tasks to queue
[2025-04-21T17:06:57.706+0000] {logging_mixin.py:190} INFO - [2025-04-21T17:06:57.706+0000] {dagbag.py:588} INFO - Filling up the DagBag from /home/airflow/.local/lib/python3.12/site-packages/airflow/example_dags/example_external_task_marker_dag.py
[2025-04-21T17:06:57.710+0000] {processor.py:925} INFO - DAG(s) 'example_external_task_marker_child', 'example_external_task_marker_parent' retrieved from /home/airflow/.local/lib/python3.12/site-packages/airflow/example_dags/example_external_task_marker_dag.py
[2025-04-21T17:06:57.721+0000] {logging_mixin.py:190} INFO - [2025-04-21T17:06:57.721+0000] {dag.py:3239} INFO - Sync 2 DAGs
[2025-04-21T17:06:57.730+0000] {logging_mixin.py:190} INFO - [2025-04-21T17:06:57.729+0000] {dag.py:4180} INFO - Setting next_dagrun for example_external_task_marker_child to None, run_after=None
[2025-04-21T17:06:57.736+0000] {logging_mixin.py:190} INFO - [2025-04-21T17:06:57.735+0000] {dag.py:4180} INFO - Setting next_dagrun for example_external_task_marker_parent to None, run_after=None
[2025-04-21T17:06:57.742+0000] {processor.py:208} INFO - Processing /home/airflow/.local/lib/python3.12/site-packages/airflow/example_dags/example_external_task_marker_dag.py took 0.040 seconds
[2025-04-21T17:07:28.774+0000] {processor.py:186} INFO - Started process (PID=271) to work on /home/airflow/.local/lib/python3.12/site-packages/airflow/example_dags/example_external_task_marker_dag.py
[2025-04-21T17:07:28.775+0000] {processor.py:914} INFO - Processing file /home/airflow/.local/lib/python3.12/site-packages/airflow/example_dags/example_external_task_marker_dag.py for tasks to queue
[2025-04-21T17:07:28.776+0000] {logging_mixin.py:190} INFO - [2025-04-21T17:07:28.776+0000] {dagbag.py:588} INFO - Filling up the DagBag from /home/airflow/.local/lib/python3.12/site-packages/airflow/example_dags/example_external_task_marker_dag.py
[2025-04-21T17:07:28.780+0000] {processor.py:925} INFO - DAG(s) 'example_external_task_marker_child', 'example_external_task_marker_parent' retrieved from /home/airflow/.local/lib/python3.12/site-packages/airflow/example_dags/example_external_task_marker_dag.py
[2025-04-21T17:07:28.788+0000] {logging_mixin.py:190} INFO - [2025-04-21T17:07:28.787+0000] {dag.py:3239} INFO - Sync 2 DAGs
[2025-04-21T17:07:28.793+0000] {logging_mixin.py:190} INFO - [2025-04-21T17:07:28.793+0000] {dag.py:4180} INFO - Setting next_dagrun for example_external_task_marker_child to None, run_after=None
[2025-04-21T17:07:28.794+0000] {logging_mixin.py:190} INFO - [2025-04-21T17:07:28.794+0000] {dag.py:4180} INFO - Setting next_dagrun for example_external_task_marker_parent to None, run_after=None
[2025-04-21T17:07:28.800+0000] {processor.py:208} INFO - Processing /home/airflow/.local/lib/python3.12/site-packages/airflow/example_dags/example_external_task_marker_dag.py took 0.028 seconds
[2025-04-21T17:07:59.868+0000] {processor.py:186} INFO - Started process (PID=334) to work on /home/airflow/.local/lib/python3.12/site-packages/airflow/example_dags/example_external_task_marker_dag.py
[2025-04-21T17:07:59.868+0000] {processor.py:914} INFO - Processing file /home/airflow/.local/lib/python3.12/site-packages/airflow/example_dags/example_external_task_marker_dag.py for tasks to queue
[2025-04-21T17:07:59.869+0000] {logging_mixin.py:190} INFO - [2025-04-21T17:07:59.869+0000] {dagbag.py:588} INFO - Filling up the DagBag from /home/airflow/.local/lib/python3.12/site-packages/airflow/example_dags/example_external_task_marker_dag.py
[2025-04-21T17:07:59.872+0000] {processor.py:925} INFO - DAG(s) 'example_external_task_marker_parent', 'example_external_task_marker_child' retrieved from /home/airflow/.local/lib/python3.12/site-packages/airflow/example_dags/example_external_task_marker_dag.py
[2025-04-21T17:07:59.881+0000] {logging_mixin.py:190} INFO - [2025-04-21T17:07:59.881+0000] {dag.py:3239} INFO - Sync 2 DAGs
[2025-04-21T17:07:59.887+0000] {logging_mixin.py:190} INFO - [2025-04-21T17:07:59.887+0000] {dag.py:4180} INFO - Setting next_dagrun for example_external_task_marker_child to None, run_after=None
[2025-04-21T17:07:59.888+0000] {logging_mixin.py:190} INFO - [2025-04-21T17:07:59.888+0000] {dag.py:4180} INFO - Setting next_dagrun for example_external_task_marker_parent to None, run_after=None
[2025-04-21T17:07:59.893+0000] {processor.py:208} INFO - Processing /home/airflow/.local/lib/python3.12/site-packages/airflow/example_dags/example_external_task_marker_dag.py took 0.028 seconds
[2025-04-21T17:08:31.151+0000] {processor.py:186} INFO - Started process (PID=397) to work on /home/airflow/.local/lib/python3.12/site-packages/airflow/example_dags/example_external_task_marker_dag.py
[2025-04-21T17:08:31.154+0000] {processor.py:914} INFO - Processing file /home/airflow/.local/lib/python3.12/site-packages/airflow/example_dags/example_external_task_marker_dag.py for tasks to queue
[2025-04-21T17:08:31.155+0000] {logging_mixin.py:190} INFO - [2025-04-21T17:08:31.155+0000] {dagbag.py:588} INFO - Filling up the DagBag from /home/airflow/.local/lib/python3.12/site-packages/airflow/example_dags/example_external_task_marker_dag.py
[2025-04-21T17:08:31.159+0000] {processor.py:925} INFO - DAG(s) 'example_external_task_marker_child', 'example_external_task_marker_parent' retrieved from /home/airflow/.local/lib/python3.12/site-packages/airflow/example_dags/example_external_task_marker_dag.py
[2025-04-21T17:08:31.168+0000] {logging_mixin.py:190} INFO - [2025-04-21T17:08:31.167+0000] {dag.py:3239} INFO - Sync 2 DAGs
[2025-04-21T17:08:31.174+0000] {logging_mixin.py:190} INFO - [2025-04-21T17:08:31.173+0000] {dag.py:4180} INFO - Setting next_dagrun for example_external_task_marker_child to None, run_after=None
[2025-04-21T17:08:31.175+0000] {logging_mixin.py:190} INFO - [2025-04-21T17:08:31.175+0000] {dag.py:4180} INFO - Setting next_dagrun for example_external_task_marker_parent to None, run_after=None
[2025-04-21T17:08:31.185+0000] {processor.py:208} INFO - Processing /home/airflow/.local/lib/python3.12/site-packages/airflow/example_dags/example_external_task_marker_dag.py took 0.037 seconds
[2025-04-21T17:09:02.193+0000] {processor.py:186} INFO - Started process (PID=460) to work on /home/airflow/.local/lib/python3.12/site-packages/airflow/example_dags/example_external_task_marker_dag.py
[2025-04-21T17:09:02.193+0000] {processor.py:914} INFO - Processing file /home/airflow/.local/lib/python3.12/site-packages/airflow/example_dags/example_external_task_marker_dag.py for tasks to queue
[2025-04-21T17:09:02.194+0000] {logging_mixin.py:190} INFO - [2025-04-21T17:09:02.194+0000] {dagbag.py:588} INFO - Filling up the DagBag from /home/airflow/.local/lib/python3.12/site-packages/airflow/example_dags/example_external_task_marker_dag.py
[2025-04-21T17:09:02.197+0000] {processor.py:925} INFO - DAG(s) 'example_external_task_marker_parent', 'example_external_task_marker_child' retrieved from /home/airflow/.local/lib/python3.12/site-packages/airflow/example_dags/example_external_task_marker_dag.py
[2025-04-21T17:09:02.206+0000] {logging_mixin.py:190} INFO - [2025-04-21T17:09:02.206+0000] {dag.py:3239} INFO - Sync 2 DAGs
[2025-04-21T17:09:02.211+0000] {logging_mixin.py:190} INFO - [2025-04-21T17:09:02.211+0000] {dag.py:4180} INFO - Setting next_dagrun for example_external_task_marker_child to None, run_after=None
[2025-04-21T17:09:02.213+0000] {logging_mixin.py:190} INFO - [2025-04-21T17:09:02.213+0000] {dag.py:4180} INFO - Setting next_dagrun for example_external_task_marker_parent to None, run_after=None
[2025-04-21T17:09:02.218+0000] {processor.py:208} INFO - Processing /home/airflow/.local/lib/python3.12/site-packages/airflow/example_dags/example_external_task_marker_dag.py took 0.028 seconds
[2025-04-21T17:09:33.270+0000] {processor.py:186} INFO - Started process (PID=523) to work on /home/airflow/.local/lib/python3.12/site-packages/airflow/example_dags/example_external_task_marker_dag.py
[2025-04-21T17:09:33.271+0000] {processor.py:914} INFO - Processing file /home/airflow/.local/lib/python3.12/site-packages/airflow/example_dags/example_external_task_marker_dag.py for tasks to queue
[2025-04-21T17:09:33.271+0000] {logging_mixin.py:190} INFO - [2025-04-21T17:09:33.271+0000] {dagbag.py:588} INFO - Filling up the DagBag from /home/airflow/.local/lib/python3.12/site-packages/airflow/example_dags/example_external_task_marker_dag.py
[2025-04-21T17:09:33.275+0000] {processor.py:925} INFO - DAG(s) 'example_external_task_marker_child', 'example_external_task_marker_parent' retrieved from /home/airflow/.local/lib/python3.12/site-packages/airflow/example_dags/example_external_task_marker_dag.py
[2025-04-21T17:09:33.284+0000] {logging_mixin.py:190} INFO - [2025-04-21T17:09:33.284+0000] {dag.py:3239} INFO - Sync 2 DAGs
[2025-04-21T17:09:33.290+0000] {logging_mixin.py:190} INFO - [2025-04-21T17:09:33.290+0000] {dag.py:4180} INFO - Setting next_dagrun for example_external_task_marker_child to None, run_after=None
[2025-04-21T17:09:33.294+0000] {logging_mixin.py:190} INFO - [2025-04-21T17:09:33.294+0000] {dag.py:4180} INFO - Setting next_dagrun for example_external_task_marker_parent to None, run_after=None
[2025-04-21T17:09:33.300+0000] {processor.py:208} INFO - Processing /home/airflow/.local/lib/python3.12/site-packages/airflow/example_dags/example_external_task_marker_dag.py took 0.032 seconds
[2025-04-21T17:10:04.359+0000] {processor.py:186} INFO - Started process (PID=586) to work on /home/airflow/.local/lib/python3.12/site-packages/airflow/example_dags/example_external_task_marker_dag.py
[2025-04-21T17:10:04.359+0000] {processor.py:914} INFO - Processing file /home/airflow/.local/lib/python3.12/site-packages/airflow/example_dags/example_external_task_marker_dag.py for tasks to queue
[2025-04-21T17:10:04.361+0000] {logging_mixin.py:190} INFO - [2025-04-21T17:10:04.361+0000] {dagbag.py:588} INFO - Filling up the DagBag from /home/airflow/.local/lib/python3.12/site-packages/airflow/example_dags/example_external_task_marker_dag.py
[2025-04-21T17:10:04.365+0000] {processor.py:925} INFO - DAG(s) 'example_external_task_marker_child', 'example_external_task_marker_parent' retrieved from /home/airflow/.local/lib/python3.12/site-packages/airflow/example_dags/example_external_task_marker_dag.py
[2025-04-21T17:10:04.375+0000] {logging_mixin.py:190} INFO - [2025-04-21T17:10:04.375+0000] {dag.py:3239} INFO - Sync 2 DAGs
[2025-04-21T17:10:04.384+0000] {logging_mixin.py:190} INFO - [2025-04-21T17:10:04.383+0000] {dag.py:4180} INFO - Setting next_dagrun for example_external_task_marker_child to None, run_after=None
[2025-04-21T17:10:04.386+0000] {logging_mixin.py:190} INFO - [2025-04-21T17:10:04.386+0000] {dag.py:4180} INFO - Setting next_dagrun for example_external_task_marker_parent to None, run_after=None
[2025-04-21T17:10:04.392+0000] {processor.py:208} INFO - Processing /home/airflow/.local/lib/python3.12/site-packages/airflow/example_dags/example_external_task_marker_dag.py took 0.036 seconds
[2025-04-21T17:10:35.543+0000] {processor.py:186} INFO - Started process (PID=649) to work on /home/airflow/.local/lib/python3.12/site-packages/airflow/example_dags/example_external_task_marker_dag.py
[2025-04-21T17:10:35.544+0000] {processor.py:914} INFO - Processing file /home/airflow/.local/lib/python3.12/site-packages/airflow/example_dags/example_external_task_marker_dag.py for tasks to queue
[2025-04-21T17:10:35.545+0000] {logging_mixin.py:190} INFO - [2025-04-21T17:10:35.544+0000] {dagbag.py:588} INFO - Filling up the DagBag from /home/airflow/.local/lib/python3.12/site-packages/airflow/example_dags/example_external_task_marker_dag.py
[2025-04-21T17:10:35.548+0000] {processor.py:925} INFO - DAG(s) 'example_external_task_marker_parent', 'example_external_task_marker_child' retrieved from /home/airflow/.local/lib/python3.12/site-packages/airflow/example_dags/example_external_task_marker_dag.py
[2025-04-21T17:10:35.560+0000] {logging_mixin.py:190} INFO - [2025-04-21T17:10:35.560+0000] {dag.py:3239} INFO - Sync 2 DAGs
[2025-04-21T17:10:35.565+0000] {logging_mixin.py:190} INFO - [2025-04-21T17:10:35.565+0000] {dag.py:4180} INFO - Setting next_dagrun for example_external_task_marker_child to None, run_after=None
[2025-04-21T17:10:35.567+0000] {logging_mixin.py:190} INFO - [2025-04-21T17:10:35.567+0000] {dag.py:4180} INFO - Setting next_dagrun for example_external_task_marker_parent to None, run_after=None
[2025-04-21T17:10:35.573+0000] {processor.py:208} INFO - Processing /home/airflow/.local/lib/python3.12/site-packages/airflow/example_dags/example_external_task_marker_dag.py took 0.032 seconds
[2025-04-21T17:11:06.715+0000] {processor.py:186} INFO - Started process (PID=713) to work on /home/airflow/.local/lib/python3.12/site-packages/airflow/example_dags/example_external_task_marker_dag.py
[2025-04-21T17:11:06.716+0000] {processor.py:914} INFO - Processing file /home/airflow/.local/lib/python3.12/site-packages/airflow/example_dags/example_external_task_marker_dag.py for tasks to queue
[2025-04-21T17:11:06.718+0000] {logging_mixin.py:190} INFO - [2025-04-21T17:11:06.718+0000] {dagbag.py:588} INFO - Filling up the DagBag from /home/airflow/.local/lib/python3.12/site-packages/airflow/example_dags/example_external_task_marker_dag.py
[2025-04-21T17:11:06.722+0000] {processor.py:925} INFO - DAG(s) 'example_external_task_marker_parent', 'example_external_task_marker_child' retrieved from /home/airflow/.local/lib/python3.12/site-packages/airflow/example_dags/example_external_task_marker_dag.py
[2025-04-21T17:11:06.731+0000] {logging_mixin.py:190} INFO - [2025-04-21T17:11:06.731+0000] {dag.py:3239} INFO - Sync 2 DAGs
[2025-04-21T17:11:06.736+0000] {logging_mixin.py:190} INFO - [2025-04-21T17:11:06.736+0000] {dag.py:4180} INFO - Setting next_dagrun for example_external_task_marker_child to None, run_after=None
[2025-04-21T17:11:06.738+0000] {logging_mixin.py:190} INFO - [2025-04-21T17:11:06.738+0000] {dag.py:4180} INFO - Setting next_dagrun for example_external_task_marker_parent to None, run_after=None
[2025-04-21T17:11:06.746+0000] {processor.py:208} INFO - Processing /home/airflow/.local/lib/python3.12/site-packages/airflow/example_dags/example_external_task_marker_dag.py took 0.034 seconds
[2025-04-21T17:11:38.032+0000] {processor.py:186} INFO - Started process (PID=777) to work on /home/airflow/.local/lib/python3.12/site-packages/airflow/example_dags/example_external_task_marker_dag.py
[2025-04-21T17:11:38.033+0000] {processor.py:914} INFO - Processing file /home/airflow/.local/lib/python3.12/site-packages/airflow/example_dags/example_external_task_marker_dag.py for tasks to queue
[2025-04-21T17:11:38.035+0000] {logging_mixin.py:190} INFO - [2025-04-21T17:11:38.035+0000] {dagbag.py:588} INFO - Filling up the DagBag from /home/airflow/.local/lib/python3.12/site-packages/airflow/example_dags/example_external_task_marker_dag.py
[2025-04-21T17:11:38.040+0000] {processor.py:925} INFO - DAG(s) 'example_external_task_marker_child', 'example_external_task_marker_parent' retrieved from /home/airflow/.local/lib/python3.12/site-packages/airflow/example_dags/example_external_task_marker_dag.py
[2025-04-21T17:11:38.051+0000] {logging_mixin.py:190} INFO - [2025-04-21T17:11:38.051+0000] {dag.py:3239} INFO - Sync 2 DAGs
[2025-04-21T17:11:38.057+0000] {logging_mixin.py:190} INFO - [2025-04-21T17:11:38.057+0000] {dag.py:4180} INFO - Setting next_dagrun for example_external_task_marker_child to None, run_after=None
[2025-04-21T17:11:38.059+0000] {logging_mixin.py:190} INFO - [2025-04-21T17:11:38.058+0000] {dag.py:4180} INFO - Setting next_dagrun for example_external_task_marker_parent to None, run_after=None
[2025-04-21T17:11:38.066+0000] {processor.py:208} INFO - Processing /home/airflow/.local/lib/python3.12/site-packages/airflow/example_dags/example_external_task_marker_dag.py took 0.038 seconds
[2025-04-21T17:12:09.576+0000] {processor.py:186} INFO - Started process (PID=841) to work on /home/airflow/.local/lib/python3.12/site-packages/airflow/example_dags/example_external_task_marker_dag.py
[2025-04-21T17:12:09.579+0000] {processor.py:914} INFO - Processing file /home/airflow/.local/lib/python3.12/site-packages/airflow/example_dags/example_external_task_marker_dag.py for tasks to queue
[2025-04-21T17:12:09.581+0000] {logging_mixin.py:190} INFO - [2025-04-21T17:12:09.581+0000] {dagbag.py:588} INFO - Filling up the DagBag from /home/airflow/.local/lib/python3.12/site-packages/airflow/example_dags/example_external_task_marker_dag.py
[2025-04-21T17:12:09.586+0000] {processor.py:925} INFO - DAG(s) 'example_external_task_marker_parent', 'example_external_task_marker_child' retrieved from /home/airflow/.local/lib/python3.12/site-packages/airflow/example_dags/example_external_task_marker_dag.py
[2025-04-21T17:12:09.596+0000] {logging_mixin.py:190} INFO - [2025-04-21T17:12:09.595+0000] {dag.py:3239} INFO - Sync 2 DAGs
[2025-04-21T17:12:09.603+0000] {logging_mixin.py:190} INFO - [2025-04-21T17:12:09.603+0000] {dag.py:4180} INFO - Setting next_dagrun for example_external_task_marker_child to None, run_after=None
[2025-04-21T17:12:09.605+0000] {logging_mixin.py:190} INFO - [2025-04-21T17:12:09.604+0000] {dag.py:4180} INFO - Setting next_dagrun for example_external_task_marker_parent to None, run_after=None
[2025-04-21T17:12:09.612+0000] {processor.py:208} INFO - Processing /home/airflow/.local/lib/python3.12/site-packages/airflow/example_dags/example_external_task_marker_dag.py took 0.039 seconds
[2025-04-21T17:12:40.339+0000] {processor.py:186} INFO - Started process (PID=905) to work on /home/airflow/.local/lib/python3.12/site-packages/airflow/example_dags/example_external_task_marker_dag.py
[2025-04-21T17:12:40.339+0000] {processor.py:914} INFO - Processing file /home/airflow/.local/lib/python3.12/site-packages/airflow/example_dags/example_external_task_marker_dag.py for tasks to queue
[2025-04-21T17:12:40.340+0000] {logging_mixin.py:190} INFO - [2025-04-21T17:12:40.340+0000] {dagbag.py:588} INFO - Filling up the DagBag from /home/airflow/.local/lib/python3.12/site-packages/airflow/example_dags/example_external_task_marker_dag.py
[2025-04-21T17:12:40.343+0000] {processor.py:925} INFO - DAG(s) 'example_external_task_marker_parent', 'example_external_task_marker_child' retrieved from /home/airflow/.local/lib/python3.12/site-packages/airflow/example_dags/example_external_task_marker_dag.py
[2025-04-21T17:12:40.354+0000] {logging_mixin.py:190} INFO - [2025-04-21T17:12:40.353+0000] {dag.py:3239} INFO - Sync 2 DAGs
[2025-04-21T17:12:40.360+0000] {logging_mixin.py:190} INFO - [2025-04-21T17:12:40.359+0000] {dag.py:4180} INFO - Setting next_dagrun for example_external_task_marker_child to None, run_after=None
[2025-04-21T17:12:40.362+0000] {logging_mixin.py:190} INFO - [2025-04-21T17:12:40.362+0000] {dag.py:4180} INFO - Setting next_dagrun for example_external_task_marker_parent to None, run_after=None
[2025-04-21T17:12:40.372+0000] {processor.py:208} INFO - Processing /home/airflow/.local/lib/python3.12/site-packages/airflow/example_dags/example_external_task_marker_dag.py took 0.035 seconds
[2025-04-21T17:13:10.684+0000] {processor.py:186} INFO - Started process (PID=969) to work on /home/airflow/.local/lib/python3.12/site-packages/airflow/example_dags/example_external_task_marker_dag.py
[2025-04-21T17:13:10.685+0000] {processor.py:914} INFO - Processing file /home/airflow/.local/lib/python3.12/site-packages/airflow/example_dags/example_external_task_marker_dag.py for tasks to queue
[2025-04-21T17:13:10.685+0000] {logging_mixin.py:190} INFO - [2025-04-21T17:13:10.685+0000] {dagbag.py:588} INFO - Filling up the DagBag from /home/airflow/.local/lib/python3.12/site-packages/airflow/example_dags/example_external_task_marker_dag.py
[2025-04-21T17:13:10.689+0000] {processor.py:925} INFO - DAG(s) 'example_external_task_marker_child', 'example_external_task_marker_parent' retrieved from /home/airflow/.local/lib/python3.12/site-packages/airflow/example_dags/example_external_task_marker_dag.py
[2025-04-21T17:13:10.698+0000] {logging_mixin.py:190} INFO - [2025-04-21T17:13:10.698+0000] {dag.py:3239} INFO - Sync 2 DAGs
[2025-04-21T17:13:10.704+0000] {logging_mixin.py:190} INFO - [2025-04-21T17:13:10.703+0000] {dag.py:4180} INFO - Setting next_dagrun for example_external_task_marker_child to None, run_after=None
[2025-04-21T17:13:10.705+0000] {logging_mixin.py:190} INFO - [2025-04-21T17:13:10.705+0000] {dag.py:4180} INFO - Setting next_dagrun for example_external_task_marker_parent to None, run_after=None
[2025-04-21T17:13:10.710+0000] {processor.py:208} INFO - Processing /home/airflow/.local/lib/python3.12/site-packages/airflow/example_dags/example_external_task_marker_dag.py took 0.028 seconds
[2025-04-21T17:13:40.914+0000] {processor.py:186} INFO - Started process (PID=1032) to work on /home/airflow/.local/lib/python3.12/site-packages/airflow/example_dags/example_external_task_marker_dag.py
[2025-04-21T17:13:40.915+0000] {processor.py:914} INFO - Processing file /home/airflow/.local/lib/python3.12/site-packages/airflow/example_dags/example_external_task_marker_dag.py for tasks to queue
[2025-04-21T17:13:40.916+0000] {logging_mixin.py:190} INFO - [2025-04-21T17:13:40.916+0000] {dagbag.py:588} INFO - Filling up the DagBag from /home/airflow/.local/lib/python3.12/site-packages/airflow/example_dags/example_external_task_marker_dag.py
[2025-04-21T17:13:40.919+0000] {processor.py:925} INFO - DAG(s) 'example_external_task_marker_parent', 'example_external_task_marker_child' retrieved from /home/airflow/.local/lib/python3.12/site-packages/airflow/example_dags/example_external_task_marker_dag.py
[2025-04-21T17:13:40.928+0000] {logging_mixin.py:190} INFO - [2025-04-21T17:13:40.928+0000] {dag.py:3239} INFO - Sync 2 DAGs
[2025-04-21T17:13:40.933+0000] {logging_mixin.py:190} INFO - [2025-04-21T17:13:40.933+0000] {dag.py:4180} INFO - Setting next_dagrun for example_external_task_marker_child to None, run_after=None
[2025-04-21T17:13:40.934+0000] {logging_mixin.py:190} INFO - [2025-04-21T17:13:40.934+0000] {dag.py:4180} INFO - Setting next_dagrun for example_external_task_marker_parent to None, run_after=None
[2025-04-21T17:13:40.940+0000] {processor.py:208} INFO - Processing /home/airflow/.local/lib/python3.12/site-packages/airflow/example_dags/example_external_task_marker_dag.py took 0.027 seconds
[2025-04-21T17:14:11.399+0000] {processor.py:186} INFO - Started process (PID=1096) to work on /home/airflow/.local/lib/python3.12/site-packages/airflow/example_dags/example_external_task_marker_dag.py
[2025-04-21T17:14:11.399+0000] {processor.py:914} INFO - Processing file /home/airflow/.local/lib/python3.12/site-packages/airflow/example_dags/example_external_task_marker_dag.py for tasks to queue
[2025-04-21T17:14:11.400+0000] {logging_mixin.py:190} INFO - [2025-04-21T17:14:11.400+0000] {dagbag.py:588} INFO - Filling up the DagBag from /home/airflow/.local/lib/python3.12/site-packages/airflow/example_dags/example_external_task_marker_dag.py
[2025-04-21T17:14:11.404+0000] {processor.py:925} INFO - DAG(s) 'example_external_task_marker_child', 'example_external_task_marker_parent' retrieved from /home/airflow/.local/lib/python3.12/site-packages/airflow/example_dags/example_external_task_marker_dag.py
[2025-04-21T17:14:11.415+0000] {logging_mixin.py:190} INFO - [2025-04-21T17:14:11.415+0000] {dag.py:3239} INFO - Sync 2 DAGs
[2025-04-21T17:14:11.420+0000] {logging_mixin.py:190} INFO - [2025-04-21T17:14:11.420+0000] {dag.py:4180} INFO - Setting next_dagrun for example_external_task_marker_child to None, run_after=None
[2025-04-21T17:14:11.422+0000] {logging_mixin.py:190} INFO - [2025-04-21T17:14:11.422+0000] {dag.py:4180} INFO - Setting next_dagrun for example_external_task_marker_parent to None, run_after=None
[2025-04-21T17:14:11.428+0000] {processor.py:208} INFO - Processing /home/airflow/.local/lib/python3.12/site-packages/airflow/example_dags/example_external_task_marker_dag.py took 0.031 seconds
[2025-04-21T17:14:41.651+0000] {processor.py:186} INFO - Started process (PID=1160) to work on /home/airflow/.local/lib/python3.12/site-packages/airflow/example_dags/example_external_task_marker_dag.py
[2025-04-21T17:14:41.651+0000] {processor.py:914} INFO - Processing file /home/airflow/.local/lib/python3.12/site-packages/airflow/example_dags/example_external_task_marker_dag.py for tasks to queue
[2025-04-21T17:14:41.652+0000] {logging_mixin.py:190} INFO - [2025-04-21T17:14:41.652+0000] {dagbag.py:588} INFO - Filling up the DagBag from /home/airflow/.local/lib/python3.12/site-packages/airflow/example_dags/example_external_task_marker_dag.py
[2025-04-21T17:14:41.656+0000] {processor.py:925} INFO - DAG(s) 'example_external_task_marker_parent', 'example_external_task_marker_child' retrieved from /home/airflow/.local/lib/python3.12/site-packages/airflow/example_dags/example_external_task_marker_dag.py
[2025-04-21T17:14:41.667+0000] {logging_mixin.py:190} INFO - [2025-04-21T17:14:41.667+0000] {dag.py:3239} INFO - Sync 2 DAGs
[2025-04-21T17:14:41.674+0000] {logging_mixin.py:190} INFO - [2025-04-21T17:14:41.674+0000] {dag.py:4180} INFO - Setting next_dagrun for example_external_task_marker_child to None, run_after=None
[2025-04-21T17:14:41.675+0000] {logging_mixin.py:190} INFO - [2025-04-21T17:14:41.675+0000] {dag.py:4180} INFO - Setting next_dagrun for example_external_task_marker_parent to None, run_after=None
[2025-04-21T17:14:41.682+0000] {processor.py:208} INFO - Processing /home/airflow/.local/lib/python3.12/site-packages/airflow/example_dags/example_external_task_marker_dag.py took 0.033 seconds
[2025-04-21T17:15:11.868+0000] {processor.py:186} INFO - Started process (PID=1223) to work on /home/airflow/.local/lib/python3.12/site-packages/airflow/example_dags/example_external_task_marker_dag.py
[2025-04-21T17:15:11.868+0000] {processor.py:914} INFO - Processing file /home/airflow/.local/lib/python3.12/site-packages/airflow/example_dags/example_external_task_marker_dag.py for tasks to queue
[2025-04-21T17:15:11.869+0000] {logging_mixin.py:190} INFO - [2025-04-21T17:15:11.869+0000] {dagbag.py:588} INFO - Filling up the DagBag from /home/airflow/.local/lib/python3.12/site-packages/airflow/example_dags/example_external_task_marker_dag.py
[2025-04-21T17:15:11.873+0000] {processor.py:925} INFO - DAG(s) 'example_external_task_marker_child', 'example_external_task_marker_parent' retrieved from /home/airflow/.local/lib/python3.12/site-packages/airflow/example_dags/example_external_task_marker_dag.py
[2025-04-21T17:15:11.882+0000] {logging_mixin.py:190} INFO - [2025-04-21T17:15:11.882+0000] {dag.py:3239} INFO - Sync 2 DAGs
[2025-04-21T17:15:11.888+0000] {logging_mixin.py:190} INFO - [2025-04-21T17:15:11.888+0000] {dag.py:4180} INFO - Setting next_dagrun for example_external_task_marker_child to None, run_after=None
[2025-04-21T17:15:11.890+0000] {logging_mixin.py:190} INFO - [2025-04-21T17:15:11.890+0000] {dag.py:4180} INFO - Setting next_dagrun for example_external_task_marker_parent to None, run_after=None
[2025-04-21T17:15:11.898+0000] {processor.py:208} INFO - Processing /home/airflow/.local/lib/python3.12/site-packages/airflow/example_dags/example_external_task_marker_dag.py took 0.032 seconds
[2025-04-21T17:15:42.299+0000] {processor.py:186} INFO - Started process (PID=1287) to work on /home/airflow/.local/lib/python3.12/site-packages/airflow/example_dags/example_external_task_marker_dag.py
[2025-04-21T17:15:42.299+0000] {processor.py:914} INFO - Processing file /home/airflow/.local/lib/python3.12/site-packages/airflow/example_dags/example_external_task_marker_dag.py for tasks to queue
[2025-04-21T17:15:42.300+0000] {logging_mixin.py:190} INFO - [2025-04-21T17:15:42.300+0000] {dagbag.py:588} INFO - Filling up the DagBag from /home/airflow/.local/lib/python3.12/site-packages/airflow/example_dags/example_external_task_marker_dag.py
[2025-04-21T17:15:42.303+0000] {processor.py:925} INFO - DAG(s) 'example_external_task_marker_parent', 'example_external_task_marker_child' retrieved from /home/airflow/.local/lib/python3.12/site-packages/airflow/example_dags/example_external_task_marker_dag.py
[2025-04-21T17:15:42.312+0000] {logging_mixin.py:190} INFO - [2025-04-21T17:15:42.312+0000] {dag.py:3239} INFO - Sync 2 DAGs
[2025-04-21T17:15:42.317+0000] {logging_mixin.py:190} INFO - [2025-04-21T17:15:42.317+0000] {dag.py:4180} INFO - Setting next_dagrun for example_external_task_marker_child to None, run_after=None
[2025-04-21T17:15:42.319+0000] {logging_mixin.py:190} INFO - [2025-04-21T17:15:42.319+0000] {dag.py:4180} INFO - Setting next_dagrun for example_external_task_marker_parent to None, run_after=None
[2025-04-21T17:15:42.324+0000] {processor.py:208} INFO - Processing /home/airflow/.local/lib/python3.12/site-packages/airflow/example_dags/example_external_task_marker_dag.py took 0.028 seconds
[2025-04-21T17:16:12.684+0000] {processor.py:186} INFO - Started process (PID=1352) to work on /home/airflow/.local/lib/python3.12/site-packages/airflow/example_dags/example_external_task_marker_dag.py
[2025-04-21T17:16:12.684+0000] {processor.py:914} INFO - Processing file /home/airflow/.local/lib/python3.12/site-packages/airflow/example_dags/example_external_task_marker_dag.py for tasks to queue
[2025-04-21T17:16:12.685+0000] {logging_mixin.py:190} INFO - [2025-04-21T17:16:12.685+0000] {dagbag.py:588} INFO - Filling up the DagBag from /home/airflow/.local/lib/python3.12/site-packages/airflow/example_dags/example_external_task_marker_dag.py
[2025-04-21T17:16:12.688+0000] {processor.py:925} INFO - DAG(s) 'example_external_task_marker_child', 'example_external_task_marker_parent' retrieved from /home/airflow/.local/lib/python3.12/site-packages/airflow/example_dags/example_external_task_marker_dag.py
[2025-04-21T17:16:12.700+0000] {logging_mixin.py:190} INFO - [2025-04-21T17:16:12.700+0000] {dag.py:3239} INFO - Sync 2 DAGs
[2025-04-21T17:16:12.705+0000] {logging_mixin.py:190} INFO - [2025-04-21T17:16:12.705+0000] {dag.py:4180} INFO - Setting next_dagrun for example_external_task_marker_child to None, run_after=None
[2025-04-21T17:16:12.707+0000] {logging_mixin.py:190} INFO - [2025-04-21T17:16:12.707+0000] {dag.py:4180} INFO - Setting next_dagrun for example_external_task_marker_parent to None, run_after=None
[2025-04-21T17:16:12.716+0000] {processor.py:208} INFO - Processing /home/airflow/.local/lib/python3.12/site-packages/airflow/example_dags/example_external_task_marker_dag.py took 0.034 seconds
[2025-04-21T17:16:43.088+0000] {processor.py:186} INFO - Started process (PID=1417) to work on /home/airflow/.local/lib/python3.12/site-packages/airflow/example_dags/example_external_task_marker_dag.py
[2025-04-21T17:16:43.090+0000] {processor.py:914} INFO - Processing file /home/airflow/.local/lib/python3.12/site-packages/airflow/example_dags/example_external_task_marker_dag.py for tasks to queue
[2025-04-21T17:16:43.091+0000] {logging_mixin.py:190} INFO - [2025-04-21T17:16:43.091+0000] {dagbag.py:588} INFO - Filling up the DagBag from /home/airflow/.local/lib/python3.12/site-packages/airflow/example_dags/example_external_task_marker_dag.py
[2025-04-21T17:16:43.094+0000] {processor.py:925} INFO - DAG(s) 'example_external_task_marker_child', 'example_external_task_marker_parent' retrieved from /home/airflow/.local/lib/python3.12/site-packages/airflow/example_dags/example_external_task_marker_dag.py
[2025-04-21T17:16:43.105+0000] {logging_mixin.py:190} INFO - [2025-04-21T17:16:43.105+0000] {dag.py:3239} INFO - Sync 2 DAGs
[2025-04-21T17:16:43.110+0000] {logging_mixin.py:190} INFO - [2025-04-21T17:16:43.110+0000] {dag.py:4180} INFO - Setting next_dagrun for example_external_task_marker_child to None, run_after=None
[2025-04-21T17:16:43.111+0000] {logging_mixin.py:190} INFO - [2025-04-21T17:16:43.111+0000] {dag.py:4180} INFO - Setting next_dagrun for example_external_task_marker_parent to None, run_after=None
[2025-04-21T17:16:43.118+0000] {processor.py:208} INFO - Processing /home/airflow/.local/lib/python3.12/site-packages/airflow/example_dags/example_external_task_marker_dag.py took 0.032 seconds
[2025-04-21T17:17:14.087+0000] {processor.py:186} INFO - Started process (PID=1481) to work on /home/airflow/.local/lib/python3.12/site-packages/airflow/example_dags/example_external_task_marker_dag.py
[2025-04-21T17:17:14.088+0000] {processor.py:914} INFO - Processing file /home/airflow/.local/lib/python3.12/site-packages/airflow/example_dags/example_external_task_marker_dag.py for tasks to queue
[2025-04-21T17:17:14.089+0000] {logging_mixin.py:190} INFO - [2025-04-21T17:17:14.089+0000] {dagbag.py:588} INFO - Filling up the DagBag from /home/airflow/.local/lib/python3.12/site-packages/airflow/example_dags/example_external_task_marker_dag.py
[2025-04-21T17:17:14.093+0000] {processor.py:925} INFO - DAG(s) 'example_external_task_marker_child', 'example_external_task_marker_parent' retrieved from /home/airflow/.local/lib/python3.12/site-packages/airflow/example_dags/example_external_task_marker_dag.py
[2025-04-21T17:17:14.102+0000] {logging_mixin.py:190} INFO - [2025-04-21T17:17:14.102+0000] {dag.py:3239} INFO - Sync 2 DAGs
[2025-04-21T17:17:14.107+0000] {logging_mixin.py:190} INFO - [2025-04-21T17:17:14.107+0000] {dag.py:4180} INFO - Setting next_dagrun for example_external_task_marker_child to None, run_after=None
[2025-04-21T17:17:14.109+0000] {logging_mixin.py:190} INFO - [2025-04-21T17:17:14.109+0000] {dag.py:4180} INFO - Setting next_dagrun for example_external_task_marker_parent to None, run_after=None
[2025-04-21T17:17:14.116+0000] {processor.py:208} INFO - Processing /home/airflow/.local/lib/python3.12/site-packages/airflow/example_dags/example_external_task_marker_dag.py took 0.031 seconds
[2025-04-21T17:17:44.589+0000] {processor.py:186} INFO - Started process (PID=1545) to work on /home/airflow/.local/lib/python3.12/site-packages/airflow/example_dags/example_external_task_marker_dag.py
[2025-04-21T17:17:44.590+0000] {processor.py:914} INFO - Processing file /home/airflow/.local/lib/python3.12/site-packages/airflow/example_dags/example_external_task_marker_dag.py for tasks to queue
[2025-04-21T17:17:44.591+0000] {logging_mixin.py:190} INFO - [2025-04-21T17:17:44.591+0000] {dagbag.py:588} INFO - Filling up the DagBag from /home/airflow/.local/lib/python3.12/site-packages/airflow/example_dags/example_external_task_marker_dag.py
[2025-04-21T17:17:44.594+0000] {processor.py:925} INFO - DAG(s) 'example_external_task_marker_parent', 'example_external_task_marker_child' retrieved from /home/airflow/.local/lib/python3.12/site-packages/airflow/example_dags/example_external_task_marker_dag.py
[2025-04-21T17:17:44.605+0000] {logging_mixin.py:190} INFO - [2025-04-21T17:17:44.605+0000] {dag.py:3239} INFO - Sync 2 DAGs
[2025-04-21T17:17:44.610+0000] {logging_mixin.py:190} INFO - [2025-04-21T17:17:44.610+0000] {dag.py:4180} INFO - Setting next_dagrun for example_external_task_marker_child to None, run_after=None
[2025-04-21T17:17:44.612+0000] {logging_mixin.py:190} INFO - [2025-04-21T17:17:44.612+0000] {dag.py:4180} INFO - Setting next_dagrun for example_external_task_marker_parent to None, run_after=None
[2025-04-21T17:17:44.617+0000] {processor.py:208} INFO - Processing /home/airflow/.local/lib/python3.12/site-packages/airflow/example_dags/example_external_task_marker_dag.py took 0.030 seconds
[2025-04-21T17:18:14.824+0000] {processor.py:186} INFO - Started process (PID=1608) to work on /home/airflow/.local/lib/python3.12/site-packages/airflow/example_dags/example_external_task_marker_dag.py
[2025-04-21T17:18:14.824+0000] {processor.py:914} INFO - Processing file /home/airflow/.local/lib/python3.12/site-packages/airflow/example_dags/example_external_task_marker_dag.py for tasks to queue
[2025-04-21T17:18:14.826+0000] {logging_mixin.py:190} INFO - [2025-04-21T17:18:14.826+0000] {dagbag.py:588} INFO - Filling up the DagBag from /home/airflow/.local/lib/python3.12/site-packages/airflow/example_dags/example_external_task_marker_dag.py
[2025-04-21T17:18:14.830+0000] {processor.py:925} INFO - DAG(s) 'example_external_task_marker_child', 'example_external_task_marker_parent' retrieved from /home/airflow/.local/lib/python3.12/site-packages/airflow/example_dags/example_external_task_marker_dag.py
[2025-04-21T17:18:14.838+0000] {logging_mixin.py:190} INFO - [2025-04-21T17:18:14.838+0000] {dag.py:3239} INFO - Sync 2 DAGs
[2025-04-21T17:18:14.843+0000] {logging_mixin.py:190} INFO - [2025-04-21T17:18:14.843+0000] {dag.py:4180} INFO - Setting next_dagrun for example_external_task_marker_child to None, run_after=None
[2025-04-21T17:18:14.845+0000] {logging_mixin.py:190} INFO - [2025-04-21T17:18:14.845+0000] {dag.py:4180} INFO - Setting next_dagrun for example_external_task_marker_parent to None, run_after=None
[2025-04-21T17:18:14.851+0000] {processor.py:208} INFO - Processing /home/airflow/.local/lib/python3.12/site-packages/airflow/example_dags/example_external_task_marker_dag.py took 0.029 seconds
[2025-04-21T17:18:45.166+0000] {processor.py:186} INFO - Started process (PID=1672) to work on /home/airflow/.local/lib/python3.12/site-packages/airflow/example_dags/example_external_task_marker_dag.py
[2025-04-21T17:18:45.167+0000] {processor.py:914} INFO - Processing file /home/airflow/.local/lib/python3.12/site-packages/airflow/example_dags/example_external_task_marker_dag.py for tasks to queue
[2025-04-21T17:18:45.167+0000] {logging_mixin.py:190} INFO - [2025-04-21T17:18:45.167+0000] {dagbag.py:588} INFO - Filling up the DagBag from /home/airflow/.local/lib/python3.12/site-packages/airflow/example_dags/example_external_task_marker_dag.py
[2025-04-21T17:18:45.173+0000] {processor.py:925} INFO - DAG(s) 'example_external_task_marker_child', 'example_external_task_marker_parent' retrieved from /home/airflow/.local/lib/python3.12/site-packages/airflow/example_dags/example_external_task_marker_dag.py
[2025-04-21T17:18:45.182+0000] {logging_mixin.py:190} INFO - [2025-04-21T17:18:45.182+0000] {dag.py:3239} INFO - Sync 2 DAGs
[2025-04-21T17:18:45.190+0000] {logging_mixin.py:190} INFO - [2025-04-21T17:18:45.189+0000] {dag.py:4180} INFO - Setting next_dagrun for example_external_task_marker_child to None, run_after=None
[2025-04-21T17:18:45.191+0000] {logging_mixin.py:190} INFO - [2025-04-21T17:18:45.191+0000] {dag.py:4180} INFO - Setting next_dagrun for example_external_task_marker_parent to None, run_after=None
[2025-04-21T17:18:45.196+0000] {processor.py:208} INFO - Processing /home/airflow/.local/lib/python3.12/site-packages/airflow/example_dags/example_external_task_marker_dag.py took 0.032 seconds
