[2025-04-21T17:02:00.290+0000] {processor.py:186} INFO - Started process (PID=68) to work on /home/airflow/.local/lib/python3.12/site-packages/airflow/example_dags/example_xcom.py
[2025-04-21T17:02:00.291+0000] {processor.py:914} INFO - Processing file /home/airflow/.local/lib/python3.12/site-packages/airflow/example_dags/example_xcom.py for tasks to queue
[2025-04-21T17:02:00.294+0000] {logging_mixin.py:190} INFO - [2025-04-21T17:02:00.294+0000] {dagbag.py:588} INFO - Filling up the DagBag from /home/airflow/.local/lib/python3.12/site-packages/airflow/example_dags/example_xcom.py
[2025-04-21T17:02:00.299+0000] {processor.py:925} INFO - DAG(s) 'example_xcom' retrieved from /home/airflow/.local/lib/python3.12/site-packages/airflow/example_dags/example_xcom.py
[2025-04-21T17:02:00.347+0000] {logging_mixin.py:190} INFO - [2025-04-21T17:02:00.346+0000] {override.py:1912} INFO - Created Permission View: can read on DAG:example_xcom
[2025-04-21T17:02:00.354+0000] {logging_mixin.py:190} INFO - [2025-04-21T17:02:00.354+0000] {override.py:1912} INFO - Created Permission View: can edit on DAG:example_xcom
[2025-04-21T17:02:00.361+0000] {logging_mixin.py:190} INFO - [2025-04-21T17:02:00.360+0000] {override.py:1912} INFO - Created Permission View: can delete on DAG:example_xcom
[2025-04-21T17:02:00.366+0000] {logging_mixin.py:190} INFO - [2025-04-21T17:02:00.366+0000] {override.py:1912} INFO - Created Permission View: can read on DAG Run:example_xcom
[2025-04-21T17:02:00.370+0000] {logging_mixin.py:190} INFO - [2025-04-21T17:02:00.370+0000] {override.py:1912} INFO - Created Permission View: can delete on DAG Run:example_xcom
[2025-04-21T17:02:00.376+0000] {logging_mixin.py:190} INFO - [2025-04-21T17:02:00.375+0000] {override.py:1912} INFO - Created Permission View: menu access on DAG Run:example_xcom
[2025-04-21T17:02:00.380+0000] {logging_mixin.py:190} INFO - [2025-04-21T17:02:00.380+0000] {override.py:1912} INFO - Created Permission View: can create on DAG Run:example_xcom
[2025-04-21T17:02:00.380+0000] {logging_mixin.py:190} INFO - [2025-04-21T17:02:00.380+0000] {dag.py:3239} INFO - Sync 1 DAGs
[2025-04-21T17:02:00.386+0000] {logging_mixin.py:190} INFO - [2025-04-21T17:02:00.386+0000] {dag.py:3262} INFO - Creating ORM DAG for example_xcom
[2025-04-21T17:02:00.390+0000] {logging_mixin.py:190} INFO - [2025-04-21T17:02:00.390+0000] {dag.py:4180} INFO - Setting next_dagrun for example_xcom to 2021-01-01 00:00:00+00:00, run_after=2021-01-01 00:00:00+00:00
[2025-04-21T17:02:00.400+0000] {processor.py:208} INFO - Processing /home/airflow/.local/lib/python3.12/site-packages/airflow/example_dags/example_xcom.py took 0.113 seconds
[2025-04-21T17:02:30.789+0000] {processor.py:186} INFO - Started process (PID=131) to work on /home/airflow/.local/lib/python3.12/site-packages/airflow/example_dags/example_xcom.py
[2025-04-21T17:02:30.790+0000] {processor.py:914} INFO - Processing file /home/airflow/.local/lib/python3.12/site-packages/airflow/example_dags/example_xcom.py for tasks to queue
[2025-04-21T17:02:30.791+0000] {logging_mixin.py:190} INFO - [2025-04-21T17:02:30.791+0000] {dagbag.py:588} INFO - Filling up the DagBag from /home/airflow/.local/lib/python3.12/site-packages/airflow/example_dags/example_xcom.py
[2025-04-21T17:02:30.796+0000] {processor.py:925} INFO - DAG(s) 'example_xcom' retrieved from /home/airflow/.local/lib/python3.12/site-packages/airflow/example_dags/example_xcom.py
[2025-04-21T17:02:30.810+0000] {logging_mixin.py:190} INFO - [2025-04-21T17:02:30.810+0000] {dag.py:3239} INFO - Sync 1 DAGs
[2025-04-21T17:02:30.821+0000] {logging_mixin.py:190} INFO - [2025-04-21T17:02:30.821+0000] {dag.py:4180} INFO - Setting next_dagrun for example_xcom to 2021-01-01 00:00:00+00:00, run_after=2021-01-01 00:00:00+00:00
[2025-04-21T17:02:30.828+0000] {processor.py:208} INFO - Processing /home/airflow/.local/lib/python3.12/site-packages/airflow/example_dags/example_xcom.py took 0.041 seconds
[2025-04-21T17:03:01.383+0000] {processor.py:186} INFO - Started process (PID=194) to work on /home/airflow/.local/lib/python3.12/site-packages/airflow/example_dags/example_xcom.py
[2025-04-21T17:03:01.386+0000] {processor.py:914} INFO - Processing file /home/airflow/.local/lib/python3.12/site-packages/airflow/example_dags/example_xcom.py for tasks to queue
[2025-04-21T17:03:01.387+0000] {logging_mixin.py:190} INFO - [2025-04-21T17:03:01.387+0000] {dagbag.py:588} INFO - Filling up the DagBag from /home/airflow/.local/lib/python3.12/site-packages/airflow/example_dags/example_xcom.py
[2025-04-21T17:03:01.391+0000] {processor.py:925} INFO - DAG(s) 'example_xcom' retrieved from /home/airflow/.local/lib/python3.12/site-packages/airflow/example_dags/example_xcom.py
[2025-04-21T17:03:01.399+0000] {logging_mixin.py:190} INFO - [2025-04-21T17:03:01.398+0000] {dag.py:3239} INFO - Sync 1 DAGs
[2025-04-21T17:03:01.407+0000] {logging_mixin.py:190} INFO - [2025-04-21T17:03:01.407+0000] {dag.py:4180} INFO - Setting next_dagrun for example_xcom to 2021-01-01 00:00:00+00:00, run_after=2021-01-01 00:00:00+00:00
[2025-04-21T17:03:01.416+0000] {processor.py:208} INFO - Processing /home/airflow/.local/lib/python3.12/site-packages/airflow/example_dags/example_xcom.py took 0.036 seconds
[2025-04-21T17:03:32.491+0000] {processor.py:186} INFO - Started process (PID=256) to work on /home/airflow/.local/lib/python3.12/site-packages/airflow/example_dags/example_xcom.py
[2025-04-21T17:03:32.493+0000] {processor.py:914} INFO - Processing file /home/airflow/.local/lib/python3.12/site-packages/airflow/example_dags/example_xcom.py for tasks to queue
[2025-04-21T17:03:32.495+0000] {logging_mixin.py:190} INFO - [2025-04-21T17:03:32.495+0000] {dagbag.py:588} INFO - Filling up the DagBag from /home/airflow/.local/lib/python3.12/site-packages/airflow/example_dags/example_xcom.py
[2025-04-21T17:03:32.500+0000] {processor.py:925} INFO - DAG(s) 'example_xcom' retrieved from /home/airflow/.local/lib/python3.12/site-packages/airflow/example_dags/example_xcom.py
[2025-04-21T17:03:32.508+0000] {logging_mixin.py:190} INFO - [2025-04-21T17:03:32.508+0000] {dag.py:3239} INFO - Sync 1 DAGs
[2025-04-21T17:03:32.516+0000] {logging_mixin.py:190} INFO - [2025-04-21T17:03:32.516+0000] {dag.py:4180} INFO - Setting next_dagrun for example_xcom to 2021-01-01 00:00:00+00:00, run_after=2021-01-01 00:00:00+00:00
[2025-04-21T17:03:32.525+0000] {processor.py:208} INFO - Processing /home/airflow/.local/lib/python3.12/site-packages/airflow/example_dags/example_xcom.py took 0.036 seconds
[2025-04-21T17:04:03.660+0000] {processor.py:186} INFO - Started process (PID=319) to work on /home/airflow/.local/lib/python3.12/site-packages/airflow/example_dags/example_xcom.py
[2025-04-21T17:04:03.660+0000] {processor.py:914} INFO - Processing file /home/airflow/.local/lib/python3.12/site-packages/airflow/example_dags/example_xcom.py for tasks to queue
[2025-04-21T17:04:03.661+0000] {logging_mixin.py:190} INFO - [2025-04-21T17:04:03.661+0000] {dagbag.py:588} INFO - Filling up the DagBag from /home/airflow/.local/lib/python3.12/site-packages/airflow/example_dags/example_xcom.py
[2025-04-21T17:04:03.664+0000] {processor.py:925} INFO - DAG(s) 'example_xcom' retrieved from /home/airflow/.local/lib/python3.12/site-packages/airflow/example_dags/example_xcom.py
[2025-04-21T17:04:03.672+0000] {logging_mixin.py:190} INFO - [2025-04-21T17:04:03.672+0000] {dag.py:3239} INFO - Sync 1 DAGs
[2025-04-21T17:04:03.680+0000] {logging_mixin.py:190} INFO - [2025-04-21T17:04:03.680+0000] {dag.py:4180} INFO - Setting next_dagrun for example_xcom to 2021-01-01 00:00:00+00:00, run_after=2021-01-01 00:00:00+00:00
[2025-04-21T17:04:03.686+0000] {processor.py:208} INFO - Processing /home/airflow/.local/lib/python3.12/site-packages/airflow/example_dags/example_xcom.py took 0.028 seconds
[2025-04-21T17:04:34.908+0000] {processor.py:186} INFO - Started process (PID=382) to work on /home/airflow/.local/lib/python3.12/site-packages/airflow/example_dags/example_xcom.py
[2025-04-21T17:04:34.909+0000] {processor.py:914} INFO - Processing file /home/airflow/.local/lib/python3.12/site-packages/airflow/example_dags/example_xcom.py for tasks to queue
[2025-04-21T17:04:34.911+0000] {logging_mixin.py:190} INFO - [2025-04-21T17:04:34.911+0000] {dagbag.py:588} INFO - Filling up the DagBag from /home/airflow/.local/lib/python3.12/site-packages/airflow/example_dags/example_xcom.py
[2025-04-21T17:04:34.916+0000] {processor.py:925} INFO - DAG(s) 'example_xcom' retrieved from /home/airflow/.local/lib/python3.12/site-packages/airflow/example_dags/example_xcom.py
[2025-04-21T17:04:34.924+0000] {logging_mixin.py:190} INFO - [2025-04-21T17:04:34.924+0000] {dag.py:3239} INFO - Sync 1 DAGs
[2025-04-21T17:04:34.932+0000] {logging_mixin.py:190} INFO - [2025-04-21T17:04:34.931+0000] {dag.py:4180} INFO - Setting next_dagrun for example_xcom to 2021-01-01 00:00:00+00:00, run_after=2021-01-01 00:00:00+00:00
[2025-04-21T17:04:34.938+0000] {processor.py:208} INFO - Processing /home/airflow/.local/lib/python3.12/site-packages/airflow/example_dags/example_xcom.py took 0.032 seconds
[2025-04-21T17:05:06.139+0000] {processor.py:186} INFO - Started process (PID=445) to work on /home/airflow/.local/lib/python3.12/site-packages/airflow/example_dags/example_xcom.py
[2025-04-21T17:05:06.141+0000] {processor.py:914} INFO - Processing file /home/airflow/.local/lib/python3.12/site-packages/airflow/example_dags/example_xcom.py for tasks to queue
[2025-04-21T17:05:06.142+0000] {logging_mixin.py:190} INFO - [2025-04-21T17:05:06.142+0000] {dagbag.py:588} INFO - Filling up the DagBag from /home/airflow/.local/lib/python3.12/site-packages/airflow/example_dags/example_xcom.py
[2025-04-21T17:05:06.146+0000] {processor.py:925} INFO - DAG(s) 'example_xcom' retrieved from /home/airflow/.local/lib/python3.12/site-packages/airflow/example_dags/example_xcom.py
[2025-04-21T17:05:06.156+0000] {logging_mixin.py:190} INFO - [2025-04-21T17:05:06.156+0000] {dag.py:3239} INFO - Sync 1 DAGs
[2025-04-21T17:05:06.164+0000] {logging_mixin.py:190} INFO - [2025-04-21T17:05:06.164+0000] {dag.py:4180} INFO - Setting next_dagrun for example_xcom to 2021-01-01 00:00:00+00:00, run_after=2021-01-01 00:00:00+00:00
[2025-04-21T17:05:06.176+0000] {processor.py:208} INFO - Processing /home/airflow/.local/lib/python3.12/site-packages/airflow/example_dags/example_xcom.py took 0.039 seconds
[2025-04-21T17:05:55.649+0000] {processor.py:186} INFO - Started process (PID=68) to work on /home/airflow/.local/lib/python3.12/site-packages/airflow/example_dags/example_xcom.py
[2025-04-21T17:05:55.650+0000] {processor.py:914} INFO - Processing file /home/airflow/.local/lib/python3.12/site-packages/airflow/example_dags/example_xcom.py for tasks to queue
[2025-04-21T17:05:55.651+0000] {logging_mixin.py:190} INFO - [2025-04-21T17:05:55.651+0000] {dagbag.py:588} INFO - Filling up the DagBag from /home/airflow/.local/lib/python3.12/site-packages/airflow/example_dags/example_xcom.py
[2025-04-21T17:05:55.655+0000] {processor.py:925} INFO - DAG(s) 'example_xcom' retrieved from /home/airflow/.local/lib/python3.12/site-packages/airflow/example_dags/example_xcom.py
[2025-04-21T17:05:55.667+0000] {logging_mixin.py:190} INFO - [2025-04-21T17:05:55.667+0000] {dag.py:3239} INFO - Sync 1 DAGs
[2025-04-21T17:05:55.679+0000] {logging_mixin.py:190} INFO - [2025-04-21T17:05:55.678+0000] {dag.py:4180} INFO - Setting next_dagrun for example_xcom to 2021-01-01 00:00:00+00:00, run_after=2021-01-01 00:00:00+00:00
[2025-04-21T17:05:55.687+0000] {processor.py:208} INFO - Processing /home/airflow/.local/lib/python3.12/site-packages/airflow/example_dags/example_xcom.py took 0.040 seconds
[2025-04-21T17:06:26.067+0000] {processor.py:186} INFO - Started process (PID=131) to work on /home/airflow/.local/lib/python3.12/site-packages/airflow/example_dags/example_xcom.py
[2025-04-21T17:06:26.068+0000] {processor.py:914} INFO - Processing file /home/airflow/.local/lib/python3.12/site-packages/airflow/example_dags/example_xcom.py for tasks to queue
[2025-04-21T17:06:26.069+0000] {logging_mixin.py:190} INFO - [2025-04-21T17:06:26.068+0000] {dagbag.py:588} INFO - Filling up the DagBag from /home/airflow/.local/lib/python3.12/site-packages/airflow/example_dags/example_xcom.py
[2025-04-21T17:06:26.072+0000] {processor.py:925} INFO - DAG(s) 'example_xcom' retrieved from /home/airflow/.local/lib/python3.12/site-packages/airflow/example_dags/example_xcom.py
[2025-04-21T17:06:26.082+0000] {logging_mixin.py:190} INFO - [2025-04-21T17:06:26.081+0000] {dag.py:3239} INFO - Sync 1 DAGs
[2025-04-21T17:06:26.090+0000] {logging_mixin.py:190} INFO - [2025-04-21T17:06:26.090+0000] {dag.py:4180} INFO - Setting next_dagrun for example_xcom to 2021-01-01 00:00:00+00:00, run_after=2021-01-01 00:00:00+00:00
[2025-04-21T17:06:26.096+0000] {processor.py:208} INFO - Processing /home/airflow/.local/lib/python3.12/site-packages/airflow/example_dags/example_xcom.py took 0.031 seconds
[2025-04-21T17:06:57.156+0000] {processor.py:186} INFO - Started process (PID=194) to work on /home/airflow/.local/lib/python3.12/site-packages/airflow/example_dags/example_xcom.py
[2025-04-21T17:06:57.156+0000] {processor.py:914} INFO - Processing file /home/airflow/.local/lib/python3.12/site-packages/airflow/example_dags/example_xcom.py for tasks to queue
[2025-04-21T17:06:57.157+0000] {logging_mixin.py:190} INFO - [2025-04-21T17:06:57.157+0000] {dagbag.py:588} INFO - Filling up the DagBag from /home/airflow/.local/lib/python3.12/site-packages/airflow/example_dags/example_xcom.py
[2025-04-21T17:06:57.161+0000] {processor.py:925} INFO - DAG(s) 'example_xcom' retrieved from /home/airflow/.local/lib/python3.12/site-packages/airflow/example_dags/example_xcom.py
[2025-04-21T17:06:57.169+0000] {logging_mixin.py:190} INFO - [2025-04-21T17:06:57.169+0000] {dag.py:3239} INFO - Sync 1 DAGs
[2025-04-21T17:06:57.177+0000] {logging_mixin.py:190} INFO - [2025-04-21T17:06:57.177+0000] {dag.py:4180} INFO - Setting next_dagrun for example_xcom to 2021-01-01 00:00:00+00:00, run_after=2021-01-01 00:00:00+00:00
[2025-04-21T17:06:57.183+0000] {processor.py:208} INFO - Processing /home/airflow/.local/lib/python3.12/site-packages/airflow/example_dags/example_xcom.py took 0.029 seconds
[2025-04-21T17:07:28.274+0000] {processor.py:186} INFO - Started process (PID=257) to work on /home/airflow/.local/lib/python3.12/site-packages/airflow/example_dags/example_xcom.py
[2025-04-21T17:07:28.274+0000] {processor.py:914} INFO - Processing file /home/airflow/.local/lib/python3.12/site-packages/airflow/example_dags/example_xcom.py for tasks to queue
[2025-04-21T17:07:28.275+0000] {logging_mixin.py:190} INFO - [2025-04-21T17:07:28.275+0000] {dagbag.py:588} INFO - Filling up the DagBag from /home/airflow/.local/lib/python3.12/site-packages/airflow/example_dags/example_xcom.py
[2025-04-21T17:07:28.279+0000] {processor.py:925} INFO - DAG(s) 'example_xcom' retrieved from /home/airflow/.local/lib/python3.12/site-packages/airflow/example_dags/example_xcom.py
[2025-04-21T17:07:28.287+0000] {logging_mixin.py:190} INFO - [2025-04-21T17:07:28.286+0000] {dag.py:3239} INFO - Sync 1 DAGs
[2025-04-21T17:07:28.294+0000] {logging_mixin.py:190} INFO - [2025-04-21T17:07:28.294+0000] {dag.py:4180} INFO - Setting next_dagrun for example_xcom to 2021-01-01 00:00:00+00:00, run_after=2021-01-01 00:00:00+00:00
[2025-04-21T17:07:28.300+0000] {processor.py:208} INFO - Processing /home/airflow/.local/lib/python3.12/site-packages/airflow/example_dags/example_xcom.py took 0.029 seconds
[2025-04-21T17:07:59.317+0000] {processor.py:186} INFO - Started process (PID=320) to work on /home/airflow/.local/lib/python3.12/site-packages/airflow/example_dags/example_xcom.py
[2025-04-21T17:07:59.318+0000] {processor.py:914} INFO - Processing file /home/airflow/.local/lib/python3.12/site-packages/airflow/example_dags/example_xcom.py for tasks to queue
[2025-04-21T17:07:59.319+0000] {logging_mixin.py:190} INFO - [2025-04-21T17:07:59.319+0000] {dagbag.py:588} INFO - Filling up the DagBag from /home/airflow/.local/lib/python3.12/site-packages/airflow/example_dags/example_xcom.py
[2025-04-21T17:07:59.322+0000] {processor.py:925} INFO - DAG(s) 'example_xcom' retrieved from /home/airflow/.local/lib/python3.12/site-packages/airflow/example_dags/example_xcom.py
[2025-04-21T17:07:59.330+0000] {logging_mixin.py:190} INFO - [2025-04-21T17:07:59.330+0000] {dag.py:3239} INFO - Sync 1 DAGs
[2025-04-21T17:07:59.338+0000] {logging_mixin.py:190} INFO - [2025-04-21T17:07:59.338+0000] {dag.py:4180} INFO - Setting next_dagrun for example_xcom to 2021-01-01 00:00:00+00:00, run_after=2021-01-01 00:00:00+00:00
[2025-04-21T17:07:59.344+0000] {processor.py:208} INFO - Processing /home/airflow/.local/lib/python3.12/site-packages/airflow/example_dags/example_xcom.py took 0.029 seconds
[2025-04-21T17:08:30.536+0000] {processor.py:186} INFO - Started process (PID=383) to work on /home/airflow/.local/lib/python3.12/site-packages/airflow/example_dags/example_xcom.py
[2025-04-21T17:08:30.537+0000] {processor.py:914} INFO - Processing file /home/airflow/.local/lib/python3.12/site-packages/airflow/example_dags/example_xcom.py for tasks to queue
[2025-04-21T17:08:30.538+0000] {logging_mixin.py:190} INFO - [2025-04-21T17:08:30.538+0000] {dagbag.py:588} INFO - Filling up the DagBag from /home/airflow/.local/lib/python3.12/site-packages/airflow/example_dags/example_xcom.py
[2025-04-21T17:08:30.543+0000] {processor.py:925} INFO - DAG(s) 'example_xcom' retrieved from /home/airflow/.local/lib/python3.12/site-packages/airflow/example_dags/example_xcom.py
[2025-04-21T17:08:30.556+0000] {logging_mixin.py:190} INFO - [2025-04-21T17:08:30.556+0000] {dag.py:3239} INFO - Sync 1 DAGs
[2025-04-21T17:08:30.565+0000] {logging_mixin.py:190} INFO - [2025-04-21T17:08:30.565+0000] {dag.py:4180} INFO - Setting next_dagrun for example_xcom to 2021-01-01 00:00:00+00:00, run_after=2021-01-01 00:00:00+00:00
[2025-04-21T17:08:30.573+0000] {processor.py:208} INFO - Processing /home/airflow/.local/lib/python3.12/site-packages/airflow/example_dags/example_xcom.py took 0.040 seconds
[2025-04-21T17:09:01.664+0000] {processor.py:186} INFO - Started process (PID=446) to work on /home/airflow/.local/lib/python3.12/site-packages/airflow/example_dags/example_xcom.py
[2025-04-21T17:09:01.664+0000] {processor.py:914} INFO - Processing file /home/airflow/.local/lib/python3.12/site-packages/airflow/example_dags/example_xcom.py for tasks to queue
[2025-04-21T17:09:01.665+0000] {logging_mixin.py:190} INFO - [2025-04-21T17:09:01.665+0000] {dagbag.py:588} INFO - Filling up the DagBag from /home/airflow/.local/lib/python3.12/site-packages/airflow/example_dags/example_xcom.py
[2025-04-21T17:09:01.669+0000] {processor.py:925} INFO - DAG(s) 'example_xcom' retrieved from /home/airflow/.local/lib/python3.12/site-packages/airflow/example_dags/example_xcom.py
[2025-04-21T17:09:01.677+0000] {logging_mixin.py:190} INFO - [2025-04-21T17:09:01.677+0000] {dag.py:3239} INFO - Sync 1 DAGs
[2025-04-21T17:09:01.685+0000] {logging_mixin.py:190} INFO - [2025-04-21T17:09:01.685+0000] {dag.py:4180} INFO - Setting next_dagrun for example_xcom to 2021-01-01 00:00:00+00:00, run_after=2021-01-01 00:00:00+00:00
[2025-04-21T17:09:01.691+0000] {processor.py:208} INFO - Processing /home/airflow/.local/lib/python3.12/site-packages/airflow/example_dags/example_xcom.py took 0.029 seconds
[2025-04-21T17:09:32.725+0000] {processor.py:186} INFO - Started process (PID=509) to work on /home/airflow/.local/lib/python3.12/site-packages/airflow/example_dags/example_xcom.py
[2025-04-21T17:09:32.726+0000] {processor.py:914} INFO - Processing file /home/airflow/.local/lib/python3.12/site-packages/airflow/example_dags/example_xcom.py for tasks to queue
[2025-04-21T17:09:32.727+0000] {logging_mixin.py:190} INFO - [2025-04-21T17:09:32.727+0000] {dagbag.py:588} INFO - Filling up the DagBag from /home/airflow/.local/lib/python3.12/site-packages/airflow/example_dags/example_xcom.py
[2025-04-21T17:09:32.730+0000] {processor.py:925} INFO - DAG(s) 'example_xcom' retrieved from /home/airflow/.local/lib/python3.12/site-packages/airflow/example_dags/example_xcom.py
[2025-04-21T17:09:32.738+0000] {logging_mixin.py:190} INFO - [2025-04-21T17:09:32.738+0000] {dag.py:3239} INFO - Sync 1 DAGs
[2025-04-21T17:09:32.746+0000] {logging_mixin.py:190} INFO - [2025-04-21T17:09:32.746+0000] {dag.py:4180} INFO - Setting next_dagrun for example_xcom to 2021-01-01 00:00:00+00:00, run_after=2021-01-01 00:00:00+00:00
[2025-04-21T17:09:32.752+0000] {processor.py:208} INFO - Processing /home/airflow/.local/lib/python3.12/site-packages/airflow/example_dags/example_xcom.py took 0.029 seconds
[2025-04-21T17:10:03.828+0000] {processor.py:186} INFO - Started process (PID=572) to work on /home/airflow/.local/lib/python3.12/site-packages/airflow/example_dags/example_xcom.py
[2025-04-21T17:10:03.829+0000] {processor.py:914} INFO - Processing file /home/airflow/.local/lib/python3.12/site-packages/airflow/example_dags/example_xcom.py for tasks to queue
[2025-04-21T17:10:03.830+0000] {logging_mixin.py:190} INFO - [2025-04-21T17:10:03.830+0000] {dagbag.py:588} INFO - Filling up the DagBag from /home/airflow/.local/lib/python3.12/site-packages/airflow/example_dags/example_xcom.py
[2025-04-21T17:10:03.833+0000] {processor.py:925} INFO - DAG(s) 'example_xcom' retrieved from /home/airflow/.local/lib/python3.12/site-packages/airflow/example_dags/example_xcom.py
[2025-04-21T17:10:03.841+0000] {logging_mixin.py:190} INFO - [2025-04-21T17:10:03.841+0000] {dag.py:3239} INFO - Sync 1 DAGs
[2025-04-21T17:10:03.849+0000] {logging_mixin.py:190} INFO - [2025-04-21T17:10:03.849+0000] {dag.py:4180} INFO - Setting next_dagrun for example_xcom to 2021-01-01 00:00:00+00:00, run_after=2021-01-01 00:00:00+00:00
[2025-04-21T17:10:03.854+0000] {processor.py:208} INFO - Processing /home/airflow/.local/lib/python3.12/site-packages/airflow/example_dags/example_xcom.py took 0.028 seconds
[2025-04-21T17:10:35.032+0000] {processor.py:186} INFO - Started process (PID=635) to work on /home/airflow/.local/lib/python3.12/site-packages/airflow/example_dags/example_xcom.py
[2025-04-21T17:10:35.032+0000] {processor.py:914} INFO - Processing file /home/airflow/.local/lib/python3.12/site-packages/airflow/example_dags/example_xcom.py for tasks to queue
[2025-04-21T17:10:35.033+0000] {logging_mixin.py:190} INFO - [2025-04-21T17:10:35.033+0000] {dagbag.py:588} INFO - Filling up the DagBag from /home/airflow/.local/lib/python3.12/site-packages/airflow/example_dags/example_xcom.py
[2025-04-21T17:10:35.037+0000] {processor.py:925} INFO - DAG(s) 'example_xcom' retrieved from /home/airflow/.local/lib/python3.12/site-packages/airflow/example_dags/example_xcom.py
[2025-04-21T17:10:35.045+0000] {logging_mixin.py:190} INFO - [2025-04-21T17:10:35.045+0000] {dag.py:3239} INFO - Sync 1 DAGs
[2025-04-21T17:10:35.053+0000] {logging_mixin.py:190} INFO - [2025-04-21T17:10:35.052+0000] {dag.py:4180} INFO - Setting next_dagrun for example_xcom to 2021-01-01 00:00:00+00:00, run_after=2021-01-01 00:00:00+00:00
[2025-04-21T17:10:35.058+0000] {processor.py:208} INFO - Processing /home/airflow/.local/lib/python3.12/site-packages/airflow/example_dags/example_xcom.py took 0.029 seconds
[2025-04-21T17:11:06.160+0000] {processor.py:186} INFO - Started process (PID=699) to work on /home/airflow/.local/lib/python3.12/site-packages/airflow/example_dags/example_xcom.py
[2025-04-21T17:11:06.161+0000] {processor.py:914} INFO - Processing file /home/airflow/.local/lib/python3.12/site-packages/airflow/example_dags/example_xcom.py for tasks to queue
[2025-04-21T17:11:06.163+0000] {logging_mixin.py:190} INFO - [2025-04-21T17:11:06.162+0000] {dagbag.py:588} INFO - Filling up the DagBag from /home/airflow/.local/lib/python3.12/site-packages/airflow/example_dags/example_xcom.py
[2025-04-21T17:11:06.166+0000] {processor.py:925} INFO - DAG(s) 'example_xcom' retrieved from /home/airflow/.local/lib/python3.12/site-packages/airflow/example_dags/example_xcom.py
[2025-04-21T17:11:06.177+0000] {logging_mixin.py:190} INFO - [2025-04-21T17:11:06.176+0000] {dag.py:3239} INFO - Sync 1 DAGs
[2025-04-21T17:11:06.185+0000] {logging_mixin.py:190} INFO - [2025-04-21T17:11:06.184+0000] {dag.py:4180} INFO - Setting next_dagrun for example_xcom to 2021-01-01 00:00:00+00:00, run_after=2021-01-01 00:00:00+00:00
[2025-04-21T17:11:06.190+0000] {processor.py:208} INFO - Processing /home/airflow/.local/lib/python3.12/site-packages/airflow/example_dags/example_xcom.py took 0.033 seconds
