[2025-04-21T17:01:59.143+0000] {processor.py:186} INFO - Started process (PID=52) to work on /home/airflow/.local/lib/python3.12/site-packages/airflow/example_dags/example_bash_operator.py
[2025-04-21T17:01:59.143+0000] {processor.py:914} INFO - Processing file /home/airflow/.local/lib/python3.12/site-packages/airflow/example_dags/example_bash_operator.py for tasks to queue
[2025-04-21T17:01:59.144+0000] {logging_mixin.py:190} INFO - [2025-04-21T17:01:59.144+0000] {dagbag.py:588} INFO - Filling up the DagBag from /home/airflow/.local/lib/python3.12/site-packages/airflow/example_dags/example_bash_operator.py
[2025-04-21T17:01:59.153+0000] {processor.py:925} INFO - DAG(s) 'example_bash_operator' retrieved from /home/airflow/.local/lib/python3.12/site-packages/airflow/example_dags/example_bash_operator.py
[2025-04-21T17:01:59.204+0000] {logging_mixin.py:190} INFO - [2025-04-21T17:01:59.204+0000] {override.py:1912} INFO - Created Permission View: can read on DAG:example_bash_operator
[2025-04-21T17:01:59.208+0000] {logging_mixin.py:190} INFO - [2025-04-21T17:01:59.208+0000] {override.py:1912} INFO - Created Permission View: can edit on DAG:example_bash_operator
[2025-04-21T17:01:59.210+0000] {logging_mixin.py:190} INFO - [2025-04-21T17:01:59.210+0000] {override.py:1912} INFO - Created Permission View: can delete on DAG:example_bash_operator
[2025-04-21T17:01:59.213+0000] {logging_mixin.py:190} INFO - [2025-04-21T17:01:59.213+0000] {override.py:1912} INFO - Created Permission View: can read on DAG Run:example_bash_operator
[2025-04-21T17:01:59.215+0000] {logging_mixin.py:190} INFO - [2025-04-21T17:01:59.215+0000] {override.py:1912} INFO - Created Permission View: can delete on DAG Run:example_bash_operator
[2025-04-21T17:01:59.217+0000] {logging_mixin.py:190} INFO - [2025-04-21T17:01:59.217+0000] {override.py:1912} INFO - Created Permission View: menu access on DAG Run:example_bash_operator
[2025-04-21T17:01:59.220+0000] {logging_mixin.py:190} INFO - [2025-04-21T17:01:59.220+0000] {override.py:1912} INFO - Created Permission View: can create on DAG Run:example_bash_operator
[2025-04-21T17:01:59.220+0000] {logging_mixin.py:190} INFO - [2025-04-21T17:01:59.220+0000] {dag.py:3239} INFO - Sync 1 DAGs
[2025-04-21T17:01:59.225+0000] {logging_mixin.py:190} INFO - [2025-04-21T17:01:59.225+0000] {dag.py:3262} INFO - Creating ORM DAG for example_bash_operator
[2025-04-21T17:01:59.237+0000] {logging_mixin.py:190} INFO - [2025-04-21T17:01:59.237+0000] {dag.py:4180} INFO - Setting next_dagrun for example_bash_operator to 2025-04-20 00:00:00+00:00, run_after=2025-04-21 00:00:00+00:00
[2025-04-21T17:01:59.245+0000] {processor.py:208} INFO - Processing /home/airflow/.local/lib/python3.12/site-packages/airflow/example_dags/example_bash_operator.py took 0.105 seconds
[2025-04-21T17:02:30.241+0000] {processor.py:186} INFO - Started process (PID=115) to work on /home/airflow/.local/lib/python3.12/site-packages/airflow/example_dags/example_bash_operator.py
[2025-04-21T17:02:30.241+0000] {processor.py:914} INFO - Processing file /home/airflow/.local/lib/python3.12/site-packages/airflow/example_dags/example_bash_operator.py for tasks to queue
[2025-04-21T17:02:30.242+0000] {logging_mixin.py:190} INFO - [2025-04-21T17:02:30.242+0000] {dagbag.py:588} INFO - Filling up the DagBag from /home/airflow/.local/lib/python3.12/site-packages/airflow/example_dags/example_bash_operator.py
[2025-04-21T17:02:30.248+0000] {processor.py:925} INFO - DAG(s) 'example_bash_operator' retrieved from /home/airflow/.local/lib/python3.12/site-packages/airflow/example_dags/example_bash_operator.py
[2025-04-21T17:02:30.257+0000] {logging_mixin.py:190} INFO - [2025-04-21T17:02:30.257+0000] {dag.py:3239} INFO - Sync 1 DAGs
[2025-04-21T17:02:30.267+0000] {logging_mixin.py:190} INFO - [2025-04-21T17:02:30.267+0000] {dag.py:4180} INFO - Setting next_dagrun for example_bash_operator to 2025-04-20 00:00:00+00:00, run_after=2025-04-21 00:00:00+00:00
[2025-04-21T17:02:30.280+0000] {processor.py:208} INFO - Processing /home/airflow/.local/lib/python3.12/site-packages/airflow/example_dags/example_bash_operator.py took 0.041 seconds
[2025-04-21T17:03:00.866+0000] {processor.py:186} INFO - Started process (PID=178) to work on /home/airflow/.local/lib/python3.12/site-packages/airflow/example_dags/example_bash_operator.py
[2025-04-21T17:03:00.866+0000] {processor.py:914} INFO - Processing file /home/airflow/.local/lib/python3.12/site-packages/airflow/example_dags/example_bash_operator.py for tasks to queue
[2025-04-21T17:03:00.867+0000] {logging_mixin.py:190} INFO - [2025-04-21T17:03:00.867+0000] {dagbag.py:588} INFO - Filling up the DagBag from /home/airflow/.local/lib/python3.12/site-packages/airflow/example_dags/example_bash_operator.py
[2025-04-21T17:03:00.872+0000] {processor.py:925} INFO - DAG(s) 'example_bash_operator' retrieved from /home/airflow/.local/lib/python3.12/site-packages/airflow/example_dags/example_bash_operator.py
[2025-04-21T17:03:00.882+0000] {logging_mixin.py:190} INFO - [2025-04-21T17:03:00.882+0000] {dag.py:3239} INFO - Sync 1 DAGs
[2025-04-21T17:03:00.895+0000] {logging_mixin.py:190} INFO - [2025-04-21T17:03:00.894+0000] {dag.py:4180} INFO - Setting next_dagrun for example_bash_operator to 2025-04-20 00:00:00+00:00, run_after=2025-04-21 00:00:00+00:00
[2025-04-21T17:03:00.911+0000] {processor.py:208} INFO - Processing /home/airflow/.local/lib/python3.12/site-packages/airflow/example_dags/example_bash_operator.py took 0.048 seconds
[2025-04-21T17:03:32.022+0000] {processor.py:186} INFO - Started process (PID=240) to work on /home/airflow/.local/lib/python3.12/site-packages/airflow/example_dags/example_bash_operator.py
[2025-04-21T17:03:32.022+0000] {processor.py:914} INFO - Processing file /home/airflow/.local/lib/python3.12/site-packages/airflow/example_dags/example_bash_operator.py for tasks to queue
[2025-04-21T17:03:32.023+0000] {logging_mixin.py:190} INFO - [2025-04-21T17:03:32.023+0000] {dagbag.py:588} INFO - Filling up the DagBag from /home/airflow/.local/lib/python3.12/site-packages/airflow/example_dags/example_bash_operator.py
[2025-04-21T17:03:32.028+0000] {processor.py:925} INFO - DAG(s) 'example_bash_operator' retrieved from /home/airflow/.local/lib/python3.12/site-packages/airflow/example_dags/example_bash_operator.py
[2025-04-21T17:03:32.038+0000] {logging_mixin.py:190} INFO - [2025-04-21T17:03:32.038+0000] {dag.py:3239} INFO - Sync 1 DAGs
[2025-04-21T17:03:32.048+0000] {logging_mixin.py:190} INFO - [2025-04-21T17:03:32.048+0000] {dag.py:4180} INFO - Setting next_dagrun for example_bash_operator to 2025-04-20 00:00:00+00:00, run_after=2025-04-21 00:00:00+00:00
[2025-04-21T17:03:32.056+0000] {processor.py:208} INFO - Processing /home/airflow/.local/lib/python3.12/site-packages/airflow/example_dags/example_bash_operator.py took 0.036 seconds
[2025-04-21T17:04:03.176+0000] {processor.py:186} INFO - Started process (PID=303) to work on /home/airflow/.local/lib/python3.12/site-packages/airflow/example_dags/example_bash_operator.py
[2025-04-21T17:04:03.176+0000] {processor.py:914} INFO - Processing file /home/airflow/.local/lib/python3.12/site-packages/airflow/example_dags/example_bash_operator.py for tasks to queue
[2025-04-21T17:04:03.177+0000] {logging_mixin.py:190} INFO - [2025-04-21T17:04:03.177+0000] {dagbag.py:588} INFO - Filling up the DagBag from /home/airflow/.local/lib/python3.12/site-packages/airflow/example_dags/example_bash_operator.py
[2025-04-21T17:04:03.182+0000] {processor.py:925} INFO - DAG(s) 'example_bash_operator' retrieved from /home/airflow/.local/lib/python3.12/site-packages/airflow/example_dags/example_bash_operator.py
[2025-04-21T17:04:03.191+0000] {logging_mixin.py:190} INFO - [2025-04-21T17:04:03.191+0000] {dag.py:3239} INFO - Sync 1 DAGs
[2025-04-21T17:04:03.200+0000] {logging_mixin.py:190} INFO - [2025-04-21T17:04:03.200+0000] {dag.py:4180} INFO - Setting next_dagrun for example_bash_operator to 2025-04-20 00:00:00+00:00, run_after=2025-04-21 00:00:00+00:00
[2025-04-21T17:04:03.212+0000] {processor.py:208} INFO - Processing /home/airflow/.local/lib/python3.12/site-packages/airflow/example_dags/example_bash_operator.py took 0.038 seconds
[2025-04-21T17:04:34.440+0000] {processor.py:186} INFO - Started process (PID=366) to work on /home/airflow/.local/lib/python3.12/site-packages/airflow/example_dags/example_bash_operator.py
[2025-04-21T17:04:34.440+0000] {processor.py:914} INFO - Processing file /home/airflow/.local/lib/python3.12/site-packages/airflow/example_dags/example_bash_operator.py for tasks to queue
[2025-04-21T17:04:34.441+0000] {logging_mixin.py:190} INFO - [2025-04-21T17:04:34.441+0000] {dagbag.py:588} INFO - Filling up the DagBag from /home/airflow/.local/lib/python3.12/site-packages/airflow/example_dags/example_bash_operator.py
[2025-04-21T17:04:34.446+0000] {processor.py:925} INFO - DAG(s) 'example_bash_operator' retrieved from /home/airflow/.local/lib/python3.12/site-packages/airflow/example_dags/example_bash_operator.py
[2025-04-21T17:04:34.456+0000] {logging_mixin.py:190} INFO - [2025-04-21T17:04:34.456+0000] {dag.py:3239} INFO - Sync 1 DAGs
[2025-04-21T17:04:34.464+0000] {logging_mixin.py:190} INFO - [2025-04-21T17:04:34.464+0000] {dag.py:4180} INFO - Setting next_dagrun for example_bash_operator to 2025-04-20 00:00:00+00:00, run_after=2025-04-21 00:00:00+00:00
[2025-04-21T17:04:34.472+0000] {processor.py:208} INFO - Processing /home/airflow/.local/lib/python3.12/site-packages/airflow/example_dags/example_bash_operator.py took 0.034 seconds
[2025-04-21T17:05:05.632+0000] {processor.py:186} INFO - Started process (PID=429) to work on /home/airflow/.local/lib/python3.12/site-packages/airflow/example_dags/example_bash_operator.py
[2025-04-21T17:05:05.632+0000] {processor.py:914} INFO - Processing file /home/airflow/.local/lib/python3.12/site-packages/airflow/example_dags/example_bash_operator.py for tasks to queue
[2025-04-21T17:05:05.633+0000] {logging_mixin.py:190} INFO - [2025-04-21T17:05:05.633+0000] {dagbag.py:588} INFO - Filling up the DagBag from /home/airflow/.local/lib/python3.12/site-packages/airflow/example_dags/example_bash_operator.py
[2025-04-21T17:05:05.640+0000] {processor.py:925} INFO - DAG(s) 'example_bash_operator' retrieved from /home/airflow/.local/lib/python3.12/site-packages/airflow/example_dags/example_bash_operator.py
[2025-04-21T17:05:05.652+0000] {logging_mixin.py:190} INFO - [2025-04-21T17:05:05.652+0000] {dag.py:3239} INFO - Sync 1 DAGs
[2025-04-21T17:05:05.662+0000] {logging_mixin.py:190} INFO - [2025-04-21T17:05:05.662+0000] {dag.py:4180} INFO - Setting next_dagrun for example_bash_operator to 2025-04-20 00:00:00+00:00, run_after=2025-04-21 00:00:00+00:00
[2025-04-21T17:05:05.668+0000] {processor.py:208} INFO - Processing /home/airflow/.local/lib/python3.12/site-packages/airflow/example_dags/example_bash_operator.py took 0.038 seconds
[2025-04-21T17:05:55.022+0000] {processor.py:186} INFO - Started process (PID=52) to work on /home/airflow/.local/lib/python3.12/site-packages/airflow/example_dags/example_bash_operator.py
[2025-04-21T17:05:55.022+0000] {processor.py:914} INFO - Processing file /home/airflow/.local/lib/python3.12/site-packages/airflow/example_dags/example_bash_operator.py for tasks to queue
[2025-04-21T17:05:55.023+0000] {logging_mixin.py:190} INFO - [2025-04-21T17:05:55.023+0000] {dagbag.py:588} INFO - Filling up the DagBag from /home/airflow/.local/lib/python3.12/site-packages/airflow/example_dags/example_bash_operator.py
[2025-04-21T17:05:55.029+0000] {processor.py:925} INFO - DAG(s) 'example_bash_operator' retrieved from /home/airflow/.local/lib/python3.12/site-packages/airflow/example_dags/example_bash_operator.py
[2025-04-21T17:05:55.047+0000] {logging_mixin.py:190} INFO - [2025-04-21T17:05:55.046+0000] {dag.py:3239} INFO - Sync 1 DAGs
[2025-04-21T17:05:55.057+0000] {logging_mixin.py:190} INFO - [2025-04-21T17:05:55.057+0000] {dag.py:4180} INFO - Setting next_dagrun for example_bash_operator to 2025-04-20 00:00:00+00:00, run_after=2025-04-21 00:00:00+00:00
[2025-04-21T17:05:55.064+0000] {processor.py:208} INFO - Processing /home/airflow/.local/lib/python3.12/site-packages/airflow/example_dags/example_bash_operator.py took 0.045 seconds
[2025-04-21T17:06:25.494+0000] {processor.py:186} INFO - Started process (PID=115) to work on /home/airflow/.local/lib/python3.12/site-packages/airflow/example_dags/example_bash_operator.py
[2025-04-21T17:06:25.494+0000] {processor.py:914} INFO - Processing file /home/airflow/.local/lib/python3.12/site-packages/airflow/example_dags/example_bash_operator.py for tasks to queue
[2025-04-21T17:06:25.495+0000] {logging_mixin.py:190} INFO - [2025-04-21T17:06:25.495+0000] {dagbag.py:588} INFO - Filling up the DagBag from /home/airflow/.local/lib/python3.12/site-packages/airflow/example_dags/example_bash_operator.py
[2025-04-21T17:06:25.500+0000] {processor.py:925} INFO - DAG(s) 'example_bash_operator' retrieved from /home/airflow/.local/lib/python3.12/site-packages/airflow/example_dags/example_bash_operator.py
[2025-04-21T17:06:25.510+0000] {logging_mixin.py:190} INFO - [2025-04-21T17:06:25.509+0000] {dag.py:3239} INFO - Sync 1 DAGs
[2025-04-21T17:06:25.518+0000] {logging_mixin.py:190} INFO - [2025-04-21T17:06:25.518+0000] {dag.py:4180} INFO - Setting next_dagrun for example_bash_operator to 2025-04-20 00:00:00+00:00, run_after=2025-04-21 00:00:00+00:00
[2025-04-21T17:06:25.524+0000] {processor.py:208} INFO - Processing /home/airflow/.local/lib/python3.12/site-packages/airflow/example_dags/example_bash_operator.py took 0.032 seconds
[2025-04-21T17:06:56.671+0000] {processor.py:186} INFO - Started process (PID=178) to work on /home/airflow/.local/lib/python3.12/site-packages/airflow/example_dags/example_bash_operator.py
[2025-04-21T17:06:56.672+0000] {processor.py:914} INFO - Processing file /home/airflow/.local/lib/python3.12/site-packages/airflow/example_dags/example_bash_operator.py for tasks to queue
[2025-04-21T17:06:56.673+0000] {logging_mixin.py:190} INFO - [2025-04-21T17:06:56.672+0000] {dagbag.py:588} INFO - Filling up the DagBag from /home/airflow/.local/lib/python3.12/site-packages/airflow/example_dags/example_bash_operator.py
[2025-04-21T17:06:56.678+0000] {processor.py:925} INFO - DAG(s) 'example_bash_operator' retrieved from /home/airflow/.local/lib/python3.12/site-packages/airflow/example_dags/example_bash_operator.py
[2025-04-21T17:06:56.687+0000] {logging_mixin.py:190} INFO - [2025-04-21T17:06:56.687+0000] {dag.py:3239} INFO - Sync 1 DAGs
[2025-04-21T17:06:56.695+0000] {logging_mixin.py:190} INFO - [2025-04-21T17:06:56.695+0000] {dag.py:4180} INFO - Setting next_dagrun for example_bash_operator to 2025-04-20 00:00:00+00:00, run_after=2025-04-21 00:00:00+00:00
[2025-04-21T17:06:56.701+0000] {processor.py:208} INFO - Processing /home/airflow/.local/lib/python3.12/site-packages/airflow/example_dags/example_bash_operator.py took 0.032 seconds
[2025-04-21T17:07:27.820+0000] {processor.py:186} INFO - Started process (PID=241) to work on /home/airflow/.local/lib/python3.12/site-packages/airflow/example_dags/example_bash_operator.py
[2025-04-21T17:07:27.820+0000] {processor.py:914} INFO - Processing file /home/airflow/.local/lib/python3.12/site-packages/airflow/example_dags/example_bash_operator.py for tasks to queue
[2025-04-21T17:07:27.821+0000] {logging_mixin.py:190} INFO - [2025-04-21T17:07:27.821+0000] {dagbag.py:588} INFO - Filling up the DagBag from /home/airflow/.local/lib/python3.12/site-packages/airflow/example_dags/example_bash_operator.py
[2025-04-21T17:07:27.827+0000] {processor.py:925} INFO - DAG(s) 'example_bash_operator' retrieved from /home/airflow/.local/lib/python3.12/site-packages/airflow/example_dags/example_bash_operator.py
[2025-04-21T17:07:27.839+0000] {logging_mixin.py:190} INFO - [2025-04-21T17:07:27.839+0000] {dag.py:3239} INFO - Sync 1 DAGs
[2025-04-21T17:07:27.848+0000] {logging_mixin.py:190} INFO - [2025-04-21T17:07:27.848+0000] {dag.py:4180} INFO - Setting next_dagrun for example_bash_operator to 2025-04-20 00:00:00+00:00, run_after=2025-04-21 00:00:00+00:00
[2025-04-21T17:07:27.854+0000] {processor.py:208} INFO - Processing /home/airflow/.local/lib/python3.12/site-packages/airflow/example_dags/example_bash_operator.py took 0.036 seconds
[2025-04-21T17:07:58.866+0000] {processor.py:186} INFO - Started process (PID=304) to work on /home/airflow/.local/lib/python3.12/site-packages/airflow/example_dags/example_bash_operator.py
[2025-04-21T17:07:58.871+0000] {processor.py:914} INFO - Processing file /home/airflow/.local/lib/python3.12/site-packages/airflow/example_dags/example_bash_operator.py for tasks to queue
[2025-04-21T17:07:58.872+0000] {logging_mixin.py:190} INFO - [2025-04-21T17:07:58.872+0000] {dagbag.py:588} INFO - Filling up the DagBag from /home/airflow/.local/lib/python3.12/site-packages/airflow/example_dags/example_bash_operator.py
[2025-04-21T17:07:58.877+0000] {processor.py:925} INFO - DAG(s) 'example_bash_operator' retrieved from /home/airflow/.local/lib/python3.12/site-packages/airflow/example_dags/example_bash_operator.py
[2025-04-21T17:07:58.886+0000] {logging_mixin.py:190} INFO - [2025-04-21T17:07:58.886+0000] {dag.py:3239} INFO - Sync 1 DAGs
[2025-04-21T17:07:58.894+0000] {logging_mixin.py:190} INFO - [2025-04-21T17:07:58.894+0000] {dag.py:4180} INFO - Setting next_dagrun for example_bash_operator to 2025-04-20 00:00:00+00:00, run_after=2025-04-21 00:00:00+00:00
[2025-04-21T17:07:58.901+0000] {processor.py:208} INFO - Processing /home/airflow/.local/lib/python3.12/site-packages/airflow/example_dags/example_bash_operator.py took 0.037 seconds
[2025-04-21T17:08:30.015+0000] {processor.py:186} INFO - Started process (PID=367) to work on /home/airflow/.local/lib/python3.12/site-packages/airflow/example_dags/example_bash_operator.py
[2025-04-21T17:08:30.016+0000] {processor.py:914} INFO - Processing file /home/airflow/.local/lib/python3.12/site-packages/airflow/example_dags/example_bash_operator.py for tasks to queue
[2025-04-21T17:08:30.020+0000] {logging_mixin.py:190} INFO - [2025-04-21T17:08:30.020+0000] {dagbag.py:588} INFO - Filling up the DagBag from /home/airflow/.local/lib/python3.12/site-packages/airflow/example_dags/example_bash_operator.py
[2025-04-21T17:08:30.026+0000] {processor.py:925} INFO - DAG(s) 'example_bash_operator' retrieved from /home/airflow/.local/lib/python3.12/site-packages/airflow/example_dags/example_bash_operator.py
[2025-04-21T17:08:30.038+0000] {logging_mixin.py:190} INFO - [2025-04-21T17:08:30.038+0000] {dag.py:3239} INFO - Sync 1 DAGs
[2025-04-21T17:08:30.046+0000] {logging_mixin.py:190} INFO - [2025-04-21T17:08:30.046+0000] {dag.py:4180} INFO - Setting next_dagrun for example_bash_operator to 2025-04-20 00:00:00+00:00, run_after=2025-04-21 00:00:00+00:00
[2025-04-21T17:08:30.055+0000] {processor.py:208} INFO - Processing /home/airflow/.local/lib/python3.12/site-packages/airflow/example_dags/example_bash_operator.py took 0.043 seconds
[2025-04-21T17:09:01.219+0000] {processor.py:186} INFO - Started process (PID=430) to work on /home/airflow/.local/lib/python3.12/site-packages/airflow/example_dags/example_bash_operator.py
[2025-04-21T17:09:01.219+0000] {processor.py:914} INFO - Processing file /home/airflow/.local/lib/python3.12/site-packages/airflow/example_dags/example_bash_operator.py for tasks to queue
[2025-04-21T17:09:01.220+0000] {logging_mixin.py:190} INFO - [2025-04-21T17:09:01.220+0000] {dagbag.py:588} INFO - Filling up the DagBag from /home/airflow/.local/lib/python3.12/site-packages/airflow/example_dags/example_bash_operator.py
[2025-04-21T17:09:01.226+0000] {processor.py:925} INFO - DAG(s) 'example_bash_operator' retrieved from /home/airflow/.local/lib/python3.12/site-packages/airflow/example_dags/example_bash_operator.py
[2025-04-21T17:09:01.237+0000] {logging_mixin.py:190} INFO - [2025-04-21T17:09:01.237+0000] {dag.py:3239} INFO - Sync 1 DAGs
[2025-04-21T17:09:01.246+0000] {logging_mixin.py:190} INFO - [2025-04-21T17:09:01.245+0000] {dag.py:4180} INFO - Setting next_dagrun for example_bash_operator to 2025-04-20 00:00:00+00:00, run_after=2025-04-21 00:00:00+00:00
[2025-04-21T17:09:01.252+0000] {processor.py:208} INFO - Processing /home/airflow/.local/lib/python3.12/site-packages/airflow/example_dags/example_bash_operator.py took 0.036 seconds
[2025-04-21T17:09:32.260+0000] {processor.py:186} INFO - Started process (PID=493) to work on /home/airflow/.local/lib/python3.12/site-packages/airflow/example_dags/example_bash_operator.py
[2025-04-21T17:09:32.263+0000] {processor.py:914} INFO - Processing file /home/airflow/.local/lib/python3.12/site-packages/airflow/example_dags/example_bash_operator.py for tasks to queue
[2025-04-21T17:09:32.265+0000] {logging_mixin.py:190} INFO - [2025-04-21T17:09:32.264+0000] {dagbag.py:588} INFO - Filling up the DagBag from /home/airflow/.local/lib/python3.12/site-packages/airflow/example_dags/example_bash_operator.py
[2025-04-21T17:09:32.270+0000] {processor.py:925} INFO - DAG(s) 'example_bash_operator' retrieved from /home/airflow/.local/lib/python3.12/site-packages/airflow/example_dags/example_bash_operator.py
[2025-04-21T17:09:32.280+0000] {logging_mixin.py:190} INFO - [2025-04-21T17:09:32.280+0000] {dag.py:3239} INFO - Sync 1 DAGs
[2025-04-21T17:09:32.288+0000] {logging_mixin.py:190} INFO - [2025-04-21T17:09:32.288+0000] {dag.py:4180} INFO - Setting next_dagrun for example_bash_operator to 2025-04-20 00:00:00+00:00, run_after=2025-04-21 00:00:00+00:00
[2025-04-21T17:09:32.294+0000] {processor.py:208} INFO - Processing /home/airflow/.local/lib/python3.12/site-packages/airflow/example_dags/example_bash_operator.py took 0.036 seconds
[2025-04-21T17:10:03.353+0000] {processor.py:186} INFO - Started process (PID=556) to work on /home/airflow/.local/lib/python3.12/site-packages/airflow/example_dags/example_bash_operator.py
[2025-04-21T17:10:03.354+0000] {processor.py:914} INFO - Processing file /home/airflow/.local/lib/python3.12/site-packages/airflow/example_dags/example_bash_operator.py for tasks to queue
[2025-04-21T17:10:03.355+0000] {logging_mixin.py:190} INFO - [2025-04-21T17:10:03.355+0000] {dagbag.py:588} INFO - Filling up the DagBag from /home/airflow/.local/lib/python3.12/site-packages/airflow/example_dags/example_bash_operator.py
[2025-04-21T17:10:03.360+0000] {processor.py:925} INFO - DAG(s) 'example_bash_operator' retrieved from /home/airflow/.local/lib/python3.12/site-packages/airflow/example_dags/example_bash_operator.py
[2025-04-21T17:10:03.372+0000] {logging_mixin.py:190} INFO - [2025-04-21T17:10:03.372+0000] {dag.py:3239} INFO - Sync 1 DAGs
[2025-04-21T17:10:03.381+0000] {logging_mixin.py:190} INFO - [2025-04-21T17:10:03.381+0000] {dag.py:4180} INFO - Setting next_dagrun for example_bash_operator to 2025-04-20 00:00:00+00:00, run_after=2025-04-21 00:00:00+00:00
[2025-04-21T17:10:03.387+0000] {processor.py:208} INFO - Processing /home/airflow/.local/lib/python3.12/site-packages/airflow/example_dags/example_bash_operator.py took 0.036 seconds
[2025-04-21T17:10:34.541+0000] {processor.py:186} INFO - Started process (PID=619) to work on /home/airflow/.local/lib/python3.12/site-packages/airflow/example_dags/example_bash_operator.py
[2025-04-21T17:10:34.542+0000] {processor.py:914} INFO - Processing file /home/airflow/.local/lib/python3.12/site-packages/airflow/example_dags/example_bash_operator.py for tasks to queue
[2025-04-21T17:10:34.543+0000] {logging_mixin.py:190} INFO - [2025-04-21T17:10:34.543+0000] {dagbag.py:588} INFO - Filling up the DagBag from /home/airflow/.local/lib/python3.12/site-packages/airflow/example_dags/example_bash_operator.py
[2025-04-21T17:10:34.549+0000] {processor.py:925} INFO - DAG(s) 'example_bash_operator' retrieved from /home/airflow/.local/lib/python3.12/site-packages/airflow/example_dags/example_bash_operator.py
[2025-04-21T17:10:34.562+0000] {logging_mixin.py:190} INFO - [2025-04-21T17:10:34.562+0000] {dag.py:3239} INFO - Sync 1 DAGs
[2025-04-21T17:10:34.578+0000] {logging_mixin.py:190} INFO - [2025-04-21T17:10:34.578+0000] {dag.py:4180} INFO - Setting next_dagrun for example_bash_operator to 2025-04-20 00:00:00+00:00, run_after=2025-04-21 00:00:00+00:00
[2025-04-21T17:10:34.586+0000] {processor.py:208} INFO - Processing /home/airflow/.local/lib/python3.12/site-packages/airflow/example_dags/example_bash_operator.py took 0.048 seconds
[2025-04-21T17:11:05.679+0000] {processor.py:186} INFO - Started process (PID=683) to work on /home/airflow/.local/lib/python3.12/site-packages/airflow/example_dags/example_bash_operator.py
[2025-04-21T17:11:05.680+0000] {processor.py:914} INFO - Processing file /home/airflow/.local/lib/python3.12/site-packages/airflow/example_dags/example_bash_operator.py for tasks to queue
[2025-04-21T17:11:05.681+0000] {logging_mixin.py:190} INFO - [2025-04-21T17:11:05.681+0000] {dagbag.py:588} INFO - Filling up the DagBag from /home/airflow/.local/lib/python3.12/site-packages/airflow/example_dags/example_bash_operator.py
[2025-04-21T17:11:05.687+0000] {processor.py:925} INFO - DAG(s) 'example_bash_operator' retrieved from /home/airflow/.local/lib/python3.12/site-packages/airflow/example_dags/example_bash_operator.py
[2025-04-21T17:11:05.697+0000] {logging_mixin.py:190} INFO - [2025-04-21T17:11:05.697+0000] {dag.py:3239} INFO - Sync 1 DAGs
[2025-04-21T17:11:05.705+0000] {logging_mixin.py:190} INFO - [2025-04-21T17:11:05.705+0000] {dag.py:4180} INFO - Setting next_dagrun for example_bash_operator to 2025-04-20 00:00:00+00:00, run_after=2025-04-21 00:00:00+00:00
[2025-04-21T17:11:05.714+0000] {processor.py:208} INFO - Processing /home/airflow/.local/lib/python3.12/site-packages/airflow/example_dags/example_bash_operator.py took 0.037 seconds
