[2025-04-21T17:02:02.245+0000] {processor.py:186} INFO - Started process (PID=95) to work on /home/airflow/.local/lib/python3.12/site-packages/airflow/example_dags/example_kubernetes_executor.py
[2025-04-21T17:02:02.246+0000] {processor.py:914} INFO - Processing file /home/airflow/.local/lib/python3.12/site-packages/airflow/example_dags/example_kubernetes_executor.py for tasks to queue
[2025-04-21T17:02:02.247+0000] {logging_mixin.py:190} INFO - [2025-04-21T17:02:02.247+0000] {dagbag.py:588} INFO - Filling up the DagBag from /home/airflow/.local/lib/python3.12/site-packages/airflow/example_dags/example_kubernetes_executor.py
[2025-04-21T17:02:02.254+0000] {processor.py:925} INFO - DAG(s) 'example_kubernetes_executor' retrieved from /home/airflow/.local/lib/python3.12/site-packages/airflow/example_dags/example_kubernetes_executor.py
[2025-04-21T17:02:02.302+0000] {logging_mixin.py:190} INFO - [2025-04-21T17:02:02.301+0000] {override.py:1912} INFO - Created Permission View: can read on DAG:example_kubernetes_executor
[2025-04-21T17:02:02.307+0000] {logging_mixin.py:190} INFO - [2025-04-21T17:02:02.306+0000] {override.py:1912} INFO - Created Permission View: can edit on DAG:example_kubernetes_executor
[2025-04-21T17:02:02.308+0000] {logging_mixin.py:190} INFO - [2025-04-21T17:02:02.308+0000] {override.py:1912} INFO - Created Permission View: can delete on DAG:example_kubernetes_executor
[2025-04-21T17:02:02.310+0000] {logging_mixin.py:190} INFO - [2025-04-21T17:02:02.310+0000] {override.py:1912} INFO - Created Permission View: can read on DAG Run:example_kubernetes_executor
[2025-04-21T17:02:02.311+0000] {logging_mixin.py:190} INFO - [2025-04-21T17:02:02.311+0000] {override.py:1912} INFO - Created Permission View: can delete on DAG Run:example_kubernetes_executor
[2025-04-21T17:02:02.313+0000] {logging_mixin.py:190} INFO - [2025-04-21T17:02:02.313+0000] {override.py:1912} INFO - Created Permission View: menu access on DAG Run:example_kubernetes_executor
[2025-04-21T17:02:02.314+0000] {logging_mixin.py:190} INFO - [2025-04-21T17:02:02.314+0000] {override.py:1912} INFO - Created Permission View: can create on DAG Run:example_kubernetes_executor
[2025-04-21T17:02:02.314+0000] {logging_mixin.py:190} INFO - [2025-04-21T17:02:02.314+0000] {dag.py:3239} INFO - Sync 1 DAGs
[2025-04-21T17:02:02.319+0000] {logging_mixin.py:190} INFO - [2025-04-21T17:02:02.319+0000] {dag.py:3262} INFO - Creating ORM DAG for example_kubernetes_executor
[2025-04-21T17:02:02.319+0000] {logging_mixin.py:190} INFO - [2025-04-21T17:02:02.319+0000] {dag.py:4180} INFO - Setting next_dagrun for example_kubernetes_executor to None, run_after=None
[2025-04-21T17:02:02.325+0000] {processor.py:208} INFO - Processing /home/airflow/.local/lib/python3.12/site-packages/airflow/example_dags/example_kubernetes_executor.py took 0.082 seconds
[2025-04-21T17:02:33.044+0000] {processor.py:186} INFO - Started process (PID=158) to work on /home/airflow/.local/lib/python3.12/site-packages/airflow/example_dags/example_kubernetes_executor.py
[2025-04-21T17:02:33.047+0000] {processor.py:914} INFO - Processing file /home/airflow/.local/lib/python3.12/site-packages/airflow/example_dags/example_kubernetes_executor.py for tasks to queue
[2025-04-21T17:02:33.049+0000] {logging_mixin.py:190} INFO - [2025-04-21T17:02:33.049+0000] {dagbag.py:588} INFO - Filling up the DagBag from /home/airflow/.local/lib/python3.12/site-packages/airflow/example_dags/example_kubernetes_executor.py
[2025-04-21T17:02:33.055+0000] {processor.py:925} INFO - DAG(s) 'example_kubernetes_executor' retrieved from /home/airflow/.local/lib/python3.12/site-packages/airflow/example_dags/example_kubernetes_executor.py
[2025-04-21T17:02:33.069+0000] {logging_mixin.py:190} INFO - [2025-04-21T17:02:33.069+0000] {dag.py:3239} INFO - Sync 1 DAGs
[2025-04-21T17:02:33.074+0000] {logging_mixin.py:190} INFO - [2025-04-21T17:02:33.074+0000] {dag.py:4180} INFO - Setting next_dagrun for example_kubernetes_executor to None, run_after=None
[2025-04-21T17:02:33.082+0000] {processor.py:208} INFO - Processing /home/airflow/.local/lib/python3.12/site-packages/airflow/example_dags/example_kubernetes_executor.py took 0.041 seconds
[2025-04-21T17:03:03.244+0000] {processor.py:186} INFO - Started process (PID=221) to work on /home/airflow/.local/lib/python3.12/site-packages/airflow/example_dags/example_kubernetes_executor.py
[2025-04-21T17:03:03.244+0000] {processor.py:914} INFO - Processing file /home/airflow/.local/lib/python3.12/site-packages/airflow/example_dags/example_kubernetes_executor.py for tasks to queue
[2025-04-21T17:03:03.245+0000] {logging_mixin.py:190} INFO - [2025-04-21T17:03:03.245+0000] {dagbag.py:588} INFO - Filling up the DagBag from /home/airflow/.local/lib/python3.12/site-packages/airflow/example_dags/example_kubernetes_executor.py
[2025-04-21T17:03:03.252+0000] {processor.py:925} INFO - DAG(s) 'example_kubernetes_executor' retrieved from /home/airflow/.local/lib/python3.12/site-packages/airflow/example_dags/example_kubernetes_executor.py
[2025-04-21T17:03:03.262+0000] {logging_mixin.py:190} INFO - [2025-04-21T17:03:03.262+0000] {dag.py:3239} INFO - Sync 1 DAGs
[2025-04-21T17:03:03.267+0000] {logging_mixin.py:190} INFO - [2025-04-21T17:03:03.267+0000] {dag.py:4180} INFO - Setting next_dagrun for example_kubernetes_executor to None, run_after=None
[2025-04-21T17:03:03.273+0000] {processor.py:208} INFO - Processing /home/airflow/.local/lib/python3.12/site-packages/airflow/example_dags/example_kubernetes_executor.py took 0.032 seconds
[2025-04-21T17:03:34.344+0000] {processor.py:186} INFO - Started process (PID=283) to work on /home/airflow/.local/lib/python3.12/site-packages/airflow/example_dags/example_kubernetes_executor.py
[2025-04-21T17:03:34.346+0000] {processor.py:914} INFO - Processing file /home/airflow/.local/lib/python3.12/site-packages/airflow/example_dags/example_kubernetes_executor.py for tasks to queue
[2025-04-21T17:03:34.346+0000] {logging_mixin.py:190} INFO - [2025-04-21T17:03:34.346+0000] {dagbag.py:588} INFO - Filling up the DagBag from /home/airflow/.local/lib/python3.12/site-packages/airflow/example_dags/example_kubernetes_executor.py
[2025-04-21T17:03:34.352+0000] {processor.py:925} INFO - DAG(s) 'example_kubernetes_executor' retrieved from /home/airflow/.local/lib/python3.12/site-packages/airflow/example_dags/example_kubernetes_executor.py
[2025-04-21T17:03:34.361+0000] {logging_mixin.py:190} INFO - [2025-04-21T17:03:34.361+0000] {dag.py:3239} INFO - Sync 1 DAGs
[2025-04-21T17:03:34.366+0000] {logging_mixin.py:190} INFO - [2025-04-21T17:03:34.366+0000] {dag.py:4180} INFO - Setting next_dagrun for example_kubernetes_executor to None, run_after=None
[2025-04-21T17:03:34.372+0000] {processor.py:208} INFO - Processing /home/airflow/.local/lib/python3.12/site-packages/airflow/example_dags/example_kubernetes_executor.py took 0.030 seconds
[2025-04-21T17:04:05.617+0000] {processor.py:186} INFO - Started process (PID=346) to work on /home/airflow/.local/lib/python3.12/site-packages/airflow/example_dags/example_kubernetes_executor.py
[2025-04-21T17:04:05.617+0000] {processor.py:914} INFO - Processing file /home/airflow/.local/lib/python3.12/site-packages/airflow/example_dags/example_kubernetes_executor.py for tasks to queue
[2025-04-21T17:04:05.619+0000] {logging_mixin.py:190} INFO - [2025-04-21T17:04:05.619+0000] {dagbag.py:588} INFO - Filling up the DagBag from /home/airflow/.local/lib/python3.12/site-packages/airflow/example_dags/example_kubernetes_executor.py
[2025-04-21T17:04:05.624+0000] {processor.py:925} INFO - DAG(s) 'example_kubernetes_executor' retrieved from /home/airflow/.local/lib/python3.12/site-packages/airflow/example_dags/example_kubernetes_executor.py
[2025-04-21T17:04:05.634+0000] {logging_mixin.py:190} INFO - [2025-04-21T17:04:05.634+0000] {dag.py:3239} INFO - Sync 1 DAGs
[2025-04-21T17:04:05.640+0000] {logging_mixin.py:190} INFO - [2025-04-21T17:04:05.640+0000] {dag.py:4180} INFO - Setting next_dagrun for example_kubernetes_executor to None, run_after=None
[2025-04-21T17:04:05.648+0000] {processor.py:208} INFO - Processing /home/airflow/.local/lib/python3.12/site-packages/airflow/example_dags/example_kubernetes_executor.py took 0.034 seconds
[2025-04-21T17:04:36.824+0000] {processor.py:186} INFO - Started process (PID=409) to work on /home/airflow/.local/lib/python3.12/site-packages/airflow/example_dags/example_kubernetes_executor.py
[2025-04-21T17:04:36.825+0000] {processor.py:914} INFO - Processing file /home/airflow/.local/lib/python3.12/site-packages/airflow/example_dags/example_kubernetes_executor.py for tasks to queue
[2025-04-21T17:04:36.826+0000] {logging_mixin.py:190} INFO - [2025-04-21T17:04:36.826+0000] {dagbag.py:588} INFO - Filling up the DagBag from /home/airflow/.local/lib/python3.12/site-packages/airflow/example_dags/example_kubernetes_executor.py
[2025-04-21T17:04:36.831+0000] {processor.py:925} INFO - DAG(s) 'example_kubernetes_executor' retrieved from /home/airflow/.local/lib/python3.12/site-packages/airflow/example_dags/example_kubernetes_executor.py
[2025-04-21T17:04:36.844+0000] {logging_mixin.py:190} INFO - [2025-04-21T17:04:36.844+0000] {dag.py:3239} INFO - Sync 1 DAGs
[2025-04-21T17:04:36.849+0000] {logging_mixin.py:190} INFO - [2025-04-21T17:04:36.849+0000] {dag.py:4180} INFO - Setting next_dagrun for example_kubernetes_executor to None, run_after=None
[2025-04-21T17:04:36.861+0000] {processor.py:208} INFO - Processing /home/airflow/.local/lib/python3.12/site-packages/airflow/example_dags/example_kubernetes_executor.py took 0.040 seconds
[2025-04-21T17:05:08.101+0000] {processor.py:186} INFO - Started process (PID=472) to work on /home/airflow/.local/lib/python3.12/site-packages/airflow/example_dags/example_kubernetes_executor.py
[2025-04-21T17:05:08.101+0000] {processor.py:914} INFO - Processing file /home/airflow/.local/lib/python3.12/site-packages/airflow/example_dags/example_kubernetes_executor.py for tasks to queue
[2025-04-21T17:05:08.103+0000] {logging_mixin.py:190} INFO - [2025-04-21T17:05:08.103+0000] {dagbag.py:588} INFO - Filling up the DagBag from /home/airflow/.local/lib/python3.12/site-packages/airflow/example_dags/example_kubernetes_executor.py
[2025-04-21T17:05:08.110+0000] {processor.py:925} INFO - DAG(s) 'example_kubernetes_executor' retrieved from /home/airflow/.local/lib/python3.12/site-packages/airflow/example_dags/example_kubernetes_executor.py
[2025-04-21T17:05:08.121+0000] {logging_mixin.py:190} INFO - [2025-04-21T17:05:08.121+0000] {dag.py:3239} INFO - Sync 1 DAGs
[2025-04-21T17:05:08.127+0000] {logging_mixin.py:190} INFO - [2025-04-21T17:05:08.127+0000] {dag.py:4180} INFO - Setting next_dagrun for example_kubernetes_executor to None, run_after=None
[2025-04-21T17:05:08.134+0000] {processor.py:208} INFO - Processing /home/airflow/.local/lib/python3.12/site-packages/airflow/example_dags/example_kubernetes_executor.py took 0.036 seconds
[2025-04-21T17:05:56.719+0000] {processor.py:186} INFO - Started process (PID=95) to work on /home/airflow/.local/lib/python3.12/site-packages/airflow/example_dags/example_kubernetes_executor.py
[2025-04-21T17:05:56.720+0000] {processor.py:914} INFO - Processing file /home/airflow/.local/lib/python3.12/site-packages/airflow/example_dags/example_kubernetes_executor.py for tasks to queue
[2025-04-21T17:05:56.721+0000] {logging_mixin.py:190} INFO - [2025-04-21T17:05:56.720+0000] {dagbag.py:588} INFO - Filling up the DagBag from /home/airflow/.local/lib/python3.12/site-packages/airflow/example_dags/example_kubernetes_executor.py
[2025-04-21T17:05:56.727+0000] {processor.py:925} INFO - DAG(s) 'example_kubernetes_executor' retrieved from /home/airflow/.local/lib/python3.12/site-packages/airflow/example_dags/example_kubernetes_executor.py
[2025-04-21T17:05:56.737+0000] {logging_mixin.py:190} INFO - [2025-04-21T17:05:56.737+0000] {dag.py:3239} INFO - Sync 1 DAGs
[2025-04-21T17:05:56.743+0000] {logging_mixin.py:190} INFO - [2025-04-21T17:05:56.743+0000] {dag.py:4180} INFO - Setting next_dagrun for example_kubernetes_executor to None, run_after=None
[2025-04-21T17:05:56.753+0000] {processor.py:208} INFO - Processing /home/airflow/.local/lib/python3.12/site-packages/airflow/example_dags/example_kubernetes_executor.py took 0.036 seconds
[2025-04-21T17:06:26.884+0000] {processor.py:186} INFO - Started process (PID=158) to work on /home/airflow/.local/lib/python3.12/site-packages/airflow/example_dags/example_kubernetes_executor.py
[2025-04-21T17:06:26.886+0000] {processor.py:914} INFO - Processing file /home/airflow/.local/lib/python3.12/site-packages/airflow/example_dags/example_kubernetes_executor.py for tasks to queue
[2025-04-21T17:06:26.887+0000] {logging_mixin.py:190} INFO - [2025-04-21T17:06:26.887+0000] {dagbag.py:588} INFO - Filling up the DagBag from /home/airflow/.local/lib/python3.12/site-packages/airflow/example_dags/example_kubernetes_executor.py
[2025-04-21T17:06:26.892+0000] {processor.py:925} INFO - DAG(s) 'example_kubernetes_executor' retrieved from /home/airflow/.local/lib/python3.12/site-packages/airflow/example_dags/example_kubernetes_executor.py
[2025-04-21T17:06:26.901+0000] {logging_mixin.py:190} INFO - [2025-04-21T17:06:26.901+0000] {dag.py:3239} INFO - Sync 1 DAGs
[2025-04-21T17:06:26.906+0000] {logging_mixin.py:190} INFO - [2025-04-21T17:06:26.906+0000] {dag.py:4180} INFO - Setting next_dagrun for example_kubernetes_executor to None, run_after=None
[2025-04-21T17:06:26.912+0000] {processor.py:208} INFO - Processing /home/airflow/.local/lib/python3.12/site-packages/airflow/example_dags/example_kubernetes_executor.py took 0.030 seconds
[2025-04-21T17:06:58.028+0000] {processor.py:186} INFO - Started process (PID=221) to work on /home/airflow/.local/lib/python3.12/site-packages/airflow/example_dags/example_kubernetes_executor.py
[2025-04-21T17:06:58.028+0000] {processor.py:914} INFO - Processing file /home/airflow/.local/lib/python3.12/site-packages/airflow/example_dags/example_kubernetes_executor.py for tasks to queue
[2025-04-21T17:06:58.029+0000] {logging_mixin.py:190} INFO - [2025-04-21T17:06:58.029+0000] {dagbag.py:588} INFO - Filling up the DagBag from /home/airflow/.local/lib/python3.12/site-packages/airflow/example_dags/example_kubernetes_executor.py
[2025-04-21T17:06:58.035+0000] {processor.py:925} INFO - DAG(s) 'example_kubernetes_executor' retrieved from /home/airflow/.local/lib/python3.12/site-packages/airflow/example_dags/example_kubernetes_executor.py
[2025-04-21T17:06:58.049+0000] {logging_mixin.py:190} INFO - [2025-04-21T17:06:58.048+0000] {dag.py:3239} INFO - Sync 1 DAGs
[2025-04-21T17:06:58.055+0000] {logging_mixin.py:190} INFO - [2025-04-21T17:06:58.055+0000] {dag.py:4180} INFO - Setting next_dagrun for example_kubernetes_executor to None, run_after=None
[2025-04-21T17:06:58.061+0000] {processor.py:208} INFO - Processing /home/airflow/.local/lib/python3.12/site-packages/airflow/example_dags/example_kubernetes_executor.py took 0.036 seconds
[2025-04-21T17:07:29.045+0000] {processor.py:186} INFO - Started process (PID=284) to work on /home/airflow/.local/lib/python3.12/site-packages/airflow/example_dags/example_kubernetes_executor.py
[2025-04-21T17:07:29.046+0000] {processor.py:914} INFO - Processing file /home/airflow/.local/lib/python3.12/site-packages/airflow/example_dags/example_kubernetes_executor.py for tasks to queue
[2025-04-21T17:07:29.049+0000] {logging_mixin.py:190} INFO - [2025-04-21T17:07:29.049+0000] {dagbag.py:588} INFO - Filling up the DagBag from /home/airflow/.local/lib/python3.12/site-packages/airflow/example_dags/example_kubernetes_executor.py
[2025-04-21T17:07:29.054+0000] {processor.py:925} INFO - DAG(s) 'example_kubernetes_executor' retrieved from /home/airflow/.local/lib/python3.12/site-packages/airflow/example_dags/example_kubernetes_executor.py
[2025-04-21T17:07:29.063+0000] {logging_mixin.py:190} INFO - [2025-04-21T17:07:29.063+0000] {dag.py:3239} INFO - Sync 1 DAGs
[2025-04-21T17:07:29.068+0000] {logging_mixin.py:190} INFO - [2025-04-21T17:07:29.068+0000] {dag.py:4180} INFO - Setting next_dagrun for example_kubernetes_executor to None, run_after=None
[2025-04-21T17:07:29.074+0000] {processor.py:208} INFO - Processing /home/airflow/.local/lib/python3.12/site-packages/airflow/example_dags/example_kubernetes_executor.py took 0.032 seconds
[2025-04-21T17:08:00.154+0000] {processor.py:186} INFO - Started process (PID=347) to work on /home/airflow/.local/lib/python3.12/site-packages/airflow/example_dags/example_kubernetes_executor.py
[2025-04-21T17:08:00.155+0000] {processor.py:914} INFO - Processing file /home/airflow/.local/lib/python3.12/site-packages/airflow/example_dags/example_kubernetes_executor.py for tasks to queue
[2025-04-21T17:08:00.155+0000] {logging_mixin.py:190} INFO - [2025-04-21T17:08:00.155+0000] {dagbag.py:588} INFO - Filling up the DagBag from /home/airflow/.local/lib/python3.12/site-packages/airflow/example_dags/example_kubernetes_executor.py
[2025-04-21T17:08:00.161+0000] {processor.py:925} INFO - DAG(s) 'example_kubernetes_executor' retrieved from /home/airflow/.local/lib/python3.12/site-packages/airflow/example_dags/example_kubernetes_executor.py
[2025-04-21T17:08:00.170+0000] {logging_mixin.py:190} INFO - [2025-04-21T17:08:00.170+0000] {dag.py:3239} INFO - Sync 1 DAGs
[2025-04-21T17:08:00.175+0000] {logging_mixin.py:190} INFO - [2025-04-21T17:08:00.175+0000] {dag.py:4180} INFO - Setting next_dagrun for example_kubernetes_executor to None, run_after=None
[2025-04-21T17:08:00.182+0000] {processor.py:208} INFO - Processing /home/airflow/.local/lib/python3.12/site-packages/airflow/example_dags/example_kubernetes_executor.py took 0.031 seconds
[2025-04-21T17:08:31.455+0000] {processor.py:186} INFO - Started process (PID=410) to work on /home/airflow/.local/lib/python3.12/site-packages/airflow/example_dags/example_kubernetes_executor.py
[2025-04-21T17:08:31.458+0000] {processor.py:914} INFO - Processing file /home/airflow/.local/lib/python3.12/site-packages/airflow/example_dags/example_kubernetes_executor.py for tasks to queue
[2025-04-21T17:08:31.460+0000] {logging_mixin.py:190} INFO - [2025-04-21T17:08:31.460+0000] {dagbag.py:588} INFO - Filling up the DagBag from /home/airflow/.local/lib/python3.12/site-packages/airflow/example_dags/example_kubernetes_executor.py
[2025-04-21T17:08:31.467+0000] {processor.py:925} INFO - DAG(s) 'example_kubernetes_executor' retrieved from /home/airflow/.local/lib/python3.12/site-packages/airflow/example_dags/example_kubernetes_executor.py
[2025-04-21T17:08:31.476+0000] {logging_mixin.py:190} INFO - [2025-04-21T17:08:31.476+0000] {dag.py:3239} INFO - Sync 1 DAGs
[2025-04-21T17:08:31.482+0000] {logging_mixin.py:190} INFO - [2025-04-21T17:08:31.482+0000] {dag.py:4180} INFO - Setting next_dagrun for example_kubernetes_executor to None, run_after=None
[2025-04-21T17:08:31.488+0000] {processor.py:208} INFO - Processing /home/airflow/.local/lib/python3.12/site-packages/airflow/example_dags/example_kubernetes_executor.py took 0.035 seconds
[2025-04-21T17:09:02.463+0000] {processor.py:186} INFO - Started process (PID=473) to work on /home/airflow/.local/lib/python3.12/site-packages/airflow/example_dags/example_kubernetes_executor.py
[2025-04-21T17:09:02.463+0000] {processor.py:914} INFO - Processing file /home/airflow/.local/lib/python3.12/site-packages/airflow/example_dags/example_kubernetes_executor.py for tasks to queue
[2025-04-21T17:09:02.465+0000] {logging_mixin.py:190} INFO - [2025-04-21T17:09:02.465+0000] {dagbag.py:588} INFO - Filling up the DagBag from /home/airflow/.local/lib/python3.12/site-packages/airflow/example_dags/example_kubernetes_executor.py
[2025-04-21T17:09:02.470+0000] {processor.py:925} INFO - DAG(s) 'example_kubernetes_executor' retrieved from /home/airflow/.local/lib/python3.12/site-packages/airflow/example_dags/example_kubernetes_executor.py
[2025-04-21T17:09:02.479+0000] {logging_mixin.py:190} INFO - [2025-04-21T17:09:02.479+0000] {dag.py:3239} INFO - Sync 1 DAGs
[2025-04-21T17:09:02.484+0000] {logging_mixin.py:190} INFO - [2025-04-21T17:09:02.484+0000] {dag.py:4180} INFO - Setting next_dagrun for example_kubernetes_executor to None, run_after=None
[2025-04-21T17:09:02.491+0000] {processor.py:208} INFO - Processing /home/airflow/.local/lib/python3.12/site-packages/airflow/example_dags/example_kubernetes_executor.py took 0.030 seconds
[2025-04-21T17:09:33.587+0000] {processor.py:186} INFO - Started process (PID=536) to work on /home/airflow/.local/lib/python3.12/site-packages/airflow/example_dags/example_kubernetes_executor.py
[2025-04-21T17:09:33.590+0000] {processor.py:914} INFO - Processing file /home/airflow/.local/lib/python3.12/site-packages/airflow/example_dags/example_kubernetes_executor.py for tasks to queue
[2025-04-21T17:09:33.592+0000] {logging_mixin.py:190} INFO - [2025-04-21T17:09:33.591+0000] {dagbag.py:588} INFO - Filling up the DagBag from /home/airflow/.local/lib/python3.12/site-packages/airflow/example_dags/example_kubernetes_executor.py
[2025-04-21T17:09:33.598+0000] {processor.py:925} INFO - DAG(s) 'example_kubernetes_executor' retrieved from /home/airflow/.local/lib/python3.12/site-packages/airflow/example_dags/example_kubernetes_executor.py
[2025-04-21T17:09:33.608+0000] {logging_mixin.py:190} INFO - [2025-04-21T17:09:33.608+0000] {dag.py:3239} INFO - Sync 1 DAGs
[2025-04-21T17:09:33.614+0000] {logging_mixin.py:190} INFO - [2025-04-21T17:09:33.614+0000] {dag.py:4180} INFO - Setting next_dagrun for example_kubernetes_executor to None, run_after=None
[2025-04-21T17:09:33.621+0000] {processor.py:208} INFO - Processing /home/airflow/.local/lib/python3.12/site-packages/airflow/example_dags/example_kubernetes_executor.py took 0.037 seconds
[2025-04-21T17:10:04.663+0000] {processor.py:186} INFO - Started process (PID=599) to work on /home/airflow/.local/lib/python3.12/site-packages/airflow/example_dags/example_kubernetes_executor.py
[2025-04-21T17:10:04.664+0000] {processor.py:914} INFO - Processing file /home/airflow/.local/lib/python3.12/site-packages/airflow/example_dags/example_kubernetes_executor.py for tasks to queue
[2025-04-21T17:10:04.665+0000] {logging_mixin.py:190} INFO - [2025-04-21T17:10:04.665+0000] {dagbag.py:588} INFO - Filling up the DagBag from /home/airflow/.local/lib/python3.12/site-packages/airflow/example_dags/example_kubernetes_executor.py
[2025-04-21T17:10:04.673+0000] {processor.py:925} INFO - DAG(s) 'example_kubernetes_executor' retrieved from /home/airflow/.local/lib/python3.12/site-packages/airflow/example_dags/example_kubernetes_executor.py
[2025-04-21T17:10:04.693+0000] {logging_mixin.py:190} INFO - [2025-04-21T17:10:04.693+0000] {dag.py:3239} INFO - Sync 1 DAGs
[2025-04-21T17:10:04.703+0000] {logging_mixin.py:190} INFO - [2025-04-21T17:10:04.703+0000] {dag.py:4180} INFO - Setting next_dagrun for example_kubernetes_executor to None, run_after=None
[2025-04-21T17:10:04.715+0000] {processor.py:208} INFO - Processing /home/airflow/.local/lib/python3.12/site-packages/airflow/example_dags/example_kubernetes_executor.py took 0.056 seconds
[2025-04-21T17:10:35.809+0000] {processor.py:186} INFO - Started process (PID=662) to work on /home/airflow/.local/lib/python3.12/site-packages/airflow/example_dags/example_kubernetes_executor.py
[2025-04-21T17:10:35.810+0000] {processor.py:914} INFO - Processing file /home/airflow/.local/lib/python3.12/site-packages/airflow/example_dags/example_kubernetes_executor.py for tasks to queue
[2025-04-21T17:10:35.813+0000] {logging_mixin.py:190} INFO - [2025-04-21T17:10:35.813+0000] {dagbag.py:588} INFO - Filling up the DagBag from /home/airflow/.local/lib/python3.12/site-packages/airflow/example_dags/example_kubernetes_executor.py
[2025-04-21T17:10:35.819+0000] {processor.py:925} INFO - DAG(s) 'example_kubernetes_executor' retrieved from /home/airflow/.local/lib/python3.12/site-packages/airflow/example_dags/example_kubernetes_executor.py
[2025-04-21T17:10:35.828+0000] {logging_mixin.py:190} INFO - [2025-04-21T17:10:35.828+0000] {dag.py:3239} INFO - Sync 1 DAGs
[2025-04-21T17:10:35.833+0000] {logging_mixin.py:190} INFO - [2025-04-21T17:10:35.833+0000] {dag.py:4180} INFO - Setting next_dagrun for example_kubernetes_executor to None, run_after=None
[2025-04-21T17:10:35.839+0000] {processor.py:208} INFO - Processing /home/airflow/.local/lib/python3.12/site-packages/airflow/example_dags/example_kubernetes_executor.py took 0.032 seconds
[2025-04-21T17:11:07.016+0000] {processor.py:186} INFO - Started process (PID=726) to work on /home/airflow/.local/lib/python3.12/site-packages/airflow/example_dags/example_kubernetes_executor.py
[2025-04-21T17:11:07.016+0000] {processor.py:914} INFO - Processing file /home/airflow/.local/lib/python3.12/site-packages/airflow/example_dags/example_kubernetes_executor.py for tasks to queue
[2025-04-21T17:11:07.017+0000] {logging_mixin.py:190} INFO - [2025-04-21T17:11:07.017+0000] {dagbag.py:588} INFO - Filling up the DagBag from /home/airflow/.local/lib/python3.12/site-packages/airflow/example_dags/example_kubernetes_executor.py
[2025-04-21T17:11:07.022+0000] {processor.py:925} INFO - DAG(s) 'example_kubernetes_executor' retrieved from /home/airflow/.local/lib/python3.12/site-packages/airflow/example_dags/example_kubernetes_executor.py
[2025-04-21T17:11:07.030+0000] {logging_mixin.py:190} INFO - [2025-04-21T17:11:07.030+0000] {dag.py:3239} INFO - Sync 1 DAGs
[2025-04-21T17:11:07.035+0000] {logging_mixin.py:190} INFO - [2025-04-21T17:11:07.035+0000] {dag.py:4180} INFO - Setting next_dagrun for example_kubernetes_executor to None, run_after=None
[2025-04-21T17:11:07.041+0000] {processor.py:208} INFO - Processing /home/airflow/.local/lib/python3.12/site-packages/airflow/example_dags/example_kubernetes_executor.py took 0.027 seconds
[2025-04-21T17:11:38.318+0000] {processor.py:186} INFO - Started process (PID=790) to work on /home/airflow/.local/lib/python3.12/site-packages/airflow/example_dags/example_kubernetes_executor.py
[2025-04-21T17:11:38.319+0000] {processor.py:914} INFO - Processing file /home/airflow/.local/lib/python3.12/site-packages/airflow/example_dags/example_kubernetes_executor.py for tasks to queue
[2025-04-21T17:11:38.319+0000] {logging_mixin.py:190} INFO - [2025-04-21T17:11:38.319+0000] {dagbag.py:588} INFO - Filling up the DagBag from /home/airflow/.local/lib/python3.12/site-packages/airflow/example_dags/example_kubernetes_executor.py
[2025-04-21T17:11:38.326+0000] {processor.py:925} INFO - DAG(s) 'example_kubernetes_executor' retrieved from /home/airflow/.local/lib/python3.12/site-packages/airflow/example_dags/example_kubernetes_executor.py
[2025-04-21T17:11:38.335+0000] {logging_mixin.py:190} INFO - [2025-04-21T17:11:38.335+0000] {dag.py:3239} INFO - Sync 1 DAGs
[2025-04-21T17:11:38.340+0000] {logging_mixin.py:190} INFO - [2025-04-21T17:11:38.340+0000] {dag.py:4180} INFO - Setting next_dagrun for example_kubernetes_executor to None, run_after=None
[2025-04-21T17:11:38.348+0000] {processor.py:208} INFO - Processing /home/airflow/.local/lib/python3.12/site-packages/airflow/example_dags/example_kubernetes_executor.py took 0.032 seconds
