[2025-04-21T17:01:58.273+0000] {processor.py:186} INFO - Started process (PID=51) to work on /home/airflow/.local/lib/python3.12/site-packages/airflow/example_dags/example_datasets.py
[2025-04-21T17:01:58.274+0000] {processor.py:914} INFO - Processing file /home/airflow/.local/lib/python3.12/site-packages/airflow/example_dags/example_datasets.py for tasks to queue
[2025-04-21T17:01:58.275+0000] {logging_mixin.py:190} INFO - [2025-04-21T17:01:58.275+0000] {dagbag.py:588} INFO - Filling up the DagBag from /home/airflow/.local/lib/python3.12/site-packages/airflow/example_dags/example_datasets.py
[2025-04-21T17:01:59.009+0000] {processor.py:925} INFO - DAG(s) 'dataset_produces_1', 'dataset_consumes_1_and_2', 'dataset_consumes_1_never_scheduled', 'dataset_consumes_unknown_never_scheduled', 'consume_1_or_both_2_and_3_with_dataset_expressions', 'consume_1_or_2_with_dataset_expressions', 'consume_1_and_2_with_dataset_expressions', 'dataset_produces_2', 'conditional_dataset_and_time_based_timetable', 'dataset_consumes_1' retrieved from /home/airflow/.local/lib/python3.12/site-packages/airflow/example_dags/example_datasets.py
[2025-04-21T17:01:59.054+0000] {logging_mixin.py:190} INFO - [2025-04-21T17:01:59.054+0000] {override.py:1912} INFO - Created Permission View: can read on DAG:dataset_produces_1
[2025-04-21T17:01:59.059+0000] {logging_mixin.py:190} INFO - [2025-04-21T17:01:59.059+0000] {override.py:1912} INFO - Created Permission View: can edit on DAG:dataset_produces_1
[2025-04-21T17:01:59.061+0000] {logging_mixin.py:190} INFO - [2025-04-21T17:01:59.061+0000] {override.py:1912} INFO - Created Permission View: can delete on DAG:dataset_produces_1
[2025-04-21T17:01:59.064+0000] {logging_mixin.py:190} INFO - [2025-04-21T17:01:59.064+0000] {override.py:1912} INFO - Created Permission View: can read on DAG Run:dataset_produces_1
[2025-04-21T17:01:59.068+0000] {logging_mixin.py:190} INFO - [2025-04-21T17:01:59.068+0000] {override.py:1912} INFO - Created Permission View: can delete on DAG Run:dataset_produces_1
[2025-04-21T17:01:59.071+0000] {logging_mixin.py:190} INFO - [2025-04-21T17:01:59.071+0000] {override.py:1912} INFO - Created Permission View: menu access on DAG Run:dataset_produces_1
[2025-04-21T17:01:59.073+0000] {logging_mixin.py:190} INFO - [2025-04-21T17:01:59.073+0000] {override.py:1912} INFO - Created Permission View: can create on DAG Run:dataset_produces_1
[2025-04-21T17:01:59.079+0000] {logging_mixin.py:190} INFO - [2025-04-21T17:01:59.079+0000] {override.py:1912} INFO - Created Permission View: can read on DAG:dataset_consumes_1_and_2
[2025-04-21T17:01:59.081+0000] {logging_mixin.py:190} INFO - [2025-04-21T17:01:59.081+0000] {override.py:1912} INFO - Created Permission View: can edit on DAG:dataset_consumes_1_and_2
[2025-04-21T17:01:59.084+0000] {logging_mixin.py:190} INFO - [2025-04-21T17:01:59.084+0000] {override.py:1912} INFO - Created Permission View: can delete on DAG:dataset_consumes_1_and_2
[2025-04-21T17:01:59.086+0000] {logging_mixin.py:190} INFO - [2025-04-21T17:01:59.086+0000] {override.py:1912} INFO - Created Permission View: can read on DAG Run:dataset_consumes_1_and_2
[2025-04-21T17:01:59.089+0000] {logging_mixin.py:190} INFO - [2025-04-21T17:01:59.089+0000] {override.py:1912} INFO - Created Permission View: can delete on DAG Run:dataset_consumes_1_and_2
[2025-04-21T17:01:59.091+0000] {logging_mixin.py:190} INFO - [2025-04-21T17:01:59.091+0000] {override.py:1912} INFO - Created Permission View: menu access on DAG Run:dataset_consumes_1_and_2
[2025-04-21T17:01:59.093+0000] {logging_mixin.py:190} INFO - [2025-04-21T17:01:59.093+0000] {override.py:1912} INFO - Created Permission View: can create on DAG Run:dataset_consumes_1_and_2
[2025-04-21T17:01:59.098+0000] {logging_mixin.py:190} INFO - [2025-04-21T17:01:59.098+0000] {override.py:1912} INFO - Created Permission View: can read on DAG:dataset_consumes_1_never_scheduled
[2025-04-21T17:01:59.100+0000] {logging_mixin.py:190} INFO - [2025-04-21T17:01:59.100+0000] {override.py:1912} INFO - Created Permission View: can edit on DAG:dataset_consumes_1_never_scheduled
[2025-04-21T17:01:59.102+0000] {logging_mixin.py:190} INFO - [2025-04-21T17:01:59.102+0000] {override.py:1912} INFO - Created Permission View: can delete on DAG:dataset_consumes_1_never_scheduled
[2025-04-21T17:01:59.104+0000] {logging_mixin.py:190} INFO - [2025-04-21T17:01:59.104+0000] {override.py:1912} INFO - Created Permission View: can read on DAG Run:dataset_consumes_1_never_scheduled
[2025-04-21T17:01:59.106+0000] {logging_mixin.py:190} INFO - [2025-04-21T17:01:59.106+0000] {override.py:1912} INFO - Created Permission View: can delete on DAG Run:dataset_consumes_1_never_scheduled
[2025-04-21T17:01:59.111+0000] {logging_mixin.py:190} INFO - [2025-04-21T17:01:59.110+0000] {override.py:1912} INFO - Created Permission View: menu access on DAG Run:dataset_consumes_1_never_scheduled
[2025-04-21T17:01:59.115+0000] {logging_mixin.py:190} INFO - [2025-04-21T17:01:59.115+0000] {override.py:1912} INFO - Created Permission View: can create on DAG Run:dataset_consumes_1_never_scheduled
[2025-04-21T17:01:59.120+0000] {logging_mixin.py:190} INFO - [2025-04-21T17:01:59.120+0000] {override.py:1912} INFO - Created Permission View: can read on DAG:dataset_consumes_unknown_never_scheduled
[2025-04-21T17:01:59.123+0000] {logging_mixin.py:190} INFO - [2025-04-21T17:01:59.123+0000] {override.py:1912} INFO - Created Permission View: can edit on DAG:dataset_consumes_unknown_never_scheduled
[2025-04-21T17:01:59.125+0000] {logging_mixin.py:190} INFO - [2025-04-21T17:01:59.125+0000] {override.py:1912} INFO - Created Permission View: can delete on DAG:dataset_consumes_unknown_never_scheduled
[2025-04-21T17:01:59.128+0000] {logging_mixin.py:190} INFO - [2025-04-21T17:01:59.127+0000] {override.py:1912} INFO - Created Permission View: can read on DAG Run:dataset_consumes_unknown_never_scheduled
[2025-04-21T17:01:59.133+0000] {logging_mixin.py:190} INFO - [2025-04-21T17:01:59.133+0000] {override.py:1912} INFO - Created Permission View: can delete on DAG Run:dataset_consumes_unknown_never_scheduled
[2025-04-21T17:01:59.136+0000] {logging_mixin.py:190} INFO - [2025-04-21T17:01:59.135+0000] {override.py:1912} INFO - Created Permission View: menu access on DAG Run:dataset_consumes_unknown_never_scheduled
[2025-04-21T17:01:59.137+0000] {logging_mixin.py:190} INFO - [2025-04-21T17:01:59.137+0000] {override.py:1912} INFO - Created Permission View: can create on DAG Run:dataset_consumes_unknown_never_scheduled
[2025-04-21T17:01:59.141+0000] {logging_mixin.py:190} INFO - [2025-04-21T17:01:59.141+0000] {override.py:1912} INFO - Created Permission View: can read on DAG:consume_1_or_both_2_and_3_with_dataset_expressions
[2025-04-21T17:01:59.142+0000] {logging_mixin.py:190} INFO - [2025-04-21T17:01:59.142+0000] {override.py:1912} INFO - Created Permission View: can edit on DAG:consume_1_or_both_2_and_3_with_dataset_expressions
[2025-04-21T17:01:59.144+0000] {logging_mixin.py:190} INFO - [2025-04-21T17:01:59.144+0000] {override.py:1912} INFO - Created Permission View: can delete on DAG:consume_1_or_both_2_and_3_with_dataset_expressions
[2025-04-21T17:01:59.148+0000] {logging_mixin.py:190} INFO - [2025-04-21T17:01:59.148+0000] {override.py:1912} INFO - Created Permission View: can read on DAG Run:consume_1_or_both_2_and_3_with_dataset_expressions
[2025-04-21T17:01:59.150+0000] {logging_mixin.py:190} INFO - [2025-04-21T17:01:59.150+0000] {override.py:1912} INFO - Created Permission View: can delete on DAG Run:consume_1_or_both_2_and_3_with_dataset_expressions
[2025-04-21T17:01:59.154+0000] {logging_mixin.py:190} INFO - [2025-04-21T17:01:59.154+0000] {override.py:1912} INFO - Created Permission View: menu access on DAG Run:consume_1_or_both_2_and_3_with_dataset_expressions
[2025-04-21T17:01:59.156+0000] {logging_mixin.py:190} INFO - [2025-04-21T17:01:59.156+0000] {override.py:1912} INFO - Created Permission View: can create on DAG Run:consume_1_or_both_2_and_3_with_dataset_expressions
[2025-04-21T17:01:59.166+0000] {logging_mixin.py:190} INFO - [2025-04-21T17:01:59.166+0000] {override.py:1912} INFO - Created Permission View: can read on DAG:consume_1_or_2_with_dataset_expressions
[2025-04-21T17:01:59.169+0000] {logging_mixin.py:190} INFO - [2025-04-21T17:01:59.169+0000] {override.py:1912} INFO - Created Permission View: can edit on DAG:consume_1_or_2_with_dataset_expressions
[2025-04-21T17:01:59.173+0000] {logging_mixin.py:190} INFO - [2025-04-21T17:01:59.173+0000] {override.py:1912} INFO - Created Permission View: can delete on DAG:consume_1_or_2_with_dataset_expressions
[2025-04-21T17:01:59.178+0000] {logging_mixin.py:190} INFO - [2025-04-21T17:01:59.178+0000] {override.py:1912} INFO - Created Permission View: can read on DAG Run:consume_1_or_2_with_dataset_expressions
[2025-04-21T17:01:59.182+0000] {logging_mixin.py:190} INFO - [2025-04-21T17:01:59.182+0000] {override.py:1912} INFO - Created Permission View: can delete on DAG Run:consume_1_or_2_with_dataset_expressions
[2025-04-21T17:01:59.187+0000] {logging_mixin.py:190} INFO - [2025-04-21T17:01:59.187+0000] {override.py:1912} INFO - Created Permission View: menu access on DAG Run:consume_1_or_2_with_dataset_expressions
[2025-04-21T17:01:59.188+0000] {logging_mixin.py:190} INFO - [2025-04-21T17:01:59.188+0000] {override.py:1912} INFO - Created Permission View: can create on DAG Run:consume_1_or_2_with_dataset_expressions
[2025-04-21T17:01:59.191+0000] {logging_mixin.py:190} INFO - [2025-04-21T17:01:59.191+0000] {override.py:1912} INFO - Created Permission View: can read on DAG:consume_1_and_2_with_dataset_expressions
[2025-04-21T17:01:59.193+0000] {logging_mixin.py:190} INFO - [2025-04-21T17:01:59.193+0000] {override.py:1912} INFO - Created Permission View: can edit on DAG:consume_1_and_2_with_dataset_expressions
[2025-04-21T17:01:59.195+0000] {logging_mixin.py:190} INFO - [2025-04-21T17:01:59.195+0000] {override.py:1912} INFO - Created Permission View: can delete on DAG:consume_1_and_2_with_dataset_expressions
[2025-04-21T17:01:59.196+0000] {logging_mixin.py:190} INFO - [2025-04-21T17:01:59.196+0000] {override.py:1912} INFO - Created Permission View: can read on DAG Run:consume_1_and_2_with_dataset_expressions
[2025-04-21T17:01:59.197+0000] {logging_mixin.py:190} INFO - [2025-04-21T17:01:59.197+0000] {override.py:1912} INFO - Created Permission View: can delete on DAG Run:consume_1_and_2_with_dataset_expressions
[2025-04-21T17:01:59.199+0000] {logging_mixin.py:190} INFO - [2025-04-21T17:01:59.199+0000] {override.py:1912} INFO - Created Permission View: menu access on DAG Run:consume_1_and_2_with_dataset_expressions
[2025-04-21T17:01:59.201+0000] {logging_mixin.py:190} INFO - [2025-04-21T17:01:59.201+0000] {override.py:1912} INFO - Created Permission View: can create on DAG Run:consume_1_and_2_with_dataset_expressions
[2025-04-21T17:01:59.208+0000] {logging_mixin.py:190} INFO - [2025-04-21T17:01:59.208+0000] {override.py:1912} INFO - Created Permission View: can read on DAG:dataset_produces_2
[2025-04-21T17:01:59.210+0000] {logging_mixin.py:190} INFO - [2025-04-21T17:01:59.210+0000] {override.py:1912} INFO - Created Permission View: can edit on DAG:dataset_produces_2
[2025-04-21T17:01:59.213+0000] {logging_mixin.py:190} INFO - [2025-04-21T17:01:59.212+0000] {override.py:1912} INFO - Created Permission View: can delete on DAG:dataset_produces_2
[2025-04-21T17:01:59.215+0000] {logging_mixin.py:190} INFO - [2025-04-21T17:01:59.215+0000] {override.py:1912} INFO - Created Permission View: can read on DAG Run:dataset_produces_2
[2025-04-21T17:01:59.217+0000] {logging_mixin.py:190} INFO - [2025-04-21T17:01:59.217+0000] {override.py:1912} INFO - Created Permission View: can delete on DAG Run:dataset_produces_2
[2025-04-21T17:01:59.220+0000] {logging_mixin.py:190} INFO - [2025-04-21T17:01:59.220+0000] {override.py:1912} INFO - Created Permission View: menu access on DAG Run:dataset_produces_2
[2025-04-21T17:01:59.225+0000] {logging_mixin.py:190} INFO - [2025-04-21T17:01:59.225+0000] {override.py:1912} INFO - Created Permission View: can create on DAG Run:dataset_produces_2
[2025-04-21T17:01:59.243+0000] {logging_mixin.py:190} INFO - [2025-04-21T17:01:59.242+0000] {override.py:1912} INFO - Created Permission View: can read on DAG:conditional_dataset_and_time_based_timetable
[2025-04-21T17:01:59.246+0000] {logging_mixin.py:190} INFO - [2025-04-21T17:01:59.246+0000] {override.py:1912} INFO - Created Permission View: can edit on DAG:conditional_dataset_and_time_based_timetable
[2025-04-21T17:01:59.250+0000] {logging_mixin.py:190} INFO - [2025-04-21T17:01:59.250+0000] {override.py:1912} INFO - Created Permission View: can delete on DAG:conditional_dataset_and_time_based_timetable
[2025-04-21T17:01:59.252+0000] {logging_mixin.py:190} INFO - [2025-04-21T17:01:59.252+0000] {override.py:1912} INFO - Created Permission View: can read on DAG Run:conditional_dataset_and_time_based_timetable
[2025-04-21T17:01:59.254+0000] {logging_mixin.py:190} INFO - [2025-04-21T17:01:59.253+0000] {override.py:1912} INFO - Created Permission View: can delete on DAG Run:conditional_dataset_and_time_based_timetable
[2025-04-21T17:01:59.255+0000] {logging_mixin.py:190} INFO - [2025-04-21T17:01:59.255+0000] {override.py:1912} INFO - Created Permission View: menu access on DAG Run:conditional_dataset_and_time_based_timetable
[2025-04-21T17:01:59.257+0000] {logging_mixin.py:190} INFO - [2025-04-21T17:01:59.257+0000] {override.py:1912} INFO - Created Permission View: can create on DAG Run:conditional_dataset_and_time_based_timetable
[2025-04-21T17:01:59.266+0000] {logging_mixin.py:190} INFO - [2025-04-21T17:01:59.266+0000] {override.py:1912} INFO - Created Permission View: can read on DAG:dataset_consumes_1
[2025-04-21T17:01:59.271+0000] {logging_mixin.py:190} INFO - [2025-04-21T17:01:59.271+0000] {override.py:1912} INFO - Created Permission View: can edit on DAG:dataset_consumes_1
[2025-04-21T17:01:59.274+0000] {logging_mixin.py:190} INFO - [2025-04-21T17:01:59.274+0000] {override.py:1912} INFO - Created Permission View: can delete on DAG:dataset_consumes_1
[2025-04-21T17:01:59.280+0000] {logging_mixin.py:190} INFO - [2025-04-21T17:01:59.279+0000] {override.py:1912} INFO - Created Permission View: can read on DAG Run:dataset_consumes_1
[2025-04-21T17:01:59.285+0000] {logging_mixin.py:190} INFO - [2025-04-21T17:01:59.285+0000] {override.py:1912} INFO - Created Permission View: can delete on DAG Run:dataset_consumes_1
[2025-04-21T17:01:59.288+0000] {logging_mixin.py:190} INFO - [2025-04-21T17:01:59.288+0000] {override.py:1912} INFO - Created Permission View: menu access on DAG Run:dataset_consumes_1
[2025-04-21T17:01:59.292+0000] {logging_mixin.py:190} INFO - [2025-04-21T17:01:59.292+0000] {override.py:1912} INFO - Created Permission View: can create on DAG Run:dataset_consumes_1
[2025-04-21T17:01:59.292+0000] {logging_mixin.py:190} INFO - [2025-04-21T17:01:59.292+0000] {dag.py:3239} INFO - Sync 10 DAGs
[2025-04-21T17:01:59.296+0000] {logging_mixin.py:190} INFO - [2025-04-21T17:01:59.296+0000] {dag.py:3262} INFO - Creating ORM DAG for dataset_consumes_unknown_never_scheduled
[2025-04-21T17:01:59.297+0000] {logging_mixin.py:190} INFO - [2025-04-21T17:01:59.297+0000] {dag.py:3262} INFO - Creating ORM DAG for dataset_produces_2
[2025-04-21T17:01:59.297+0000] {logging_mixin.py:190} INFO - [2025-04-21T17:01:59.297+0000] {dag.py:3262} INFO - Creating ORM DAG for dataset_consumes_1_and_2
[2025-04-21T17:01:59.297+0000] {logging_mixin.py:190} INFO - [2025-04-21T17:01:59.297+0000] {dag.py:3262} INFO - Creating ORM DAG for dataset_consumes_1_never_scheduled
[2025-04-21T17:01:59.297+0000] {logging_mixin.py:190} INFO - [2025-04-21T17:01:59.297+0000] {dag.py:3262} INFO - Creating ORM DAG for consume_1_or_2_with_dataset_expressions
[2025-04-21T17:01:59.297+0000] {logging_mixin.py:190} INFO - [2025-04-21T17:01:59.297+0000] {dag.py:3262} INFO - Creating ORM DAG for conditional_dataset_and_time_based_timetable
[2025-04-21T17:01:59.298+0000] {logging_mixin.py:190} INFO - [2025-04-21T17:01:59.298+0000] {dag.py:3262} INFO - Creating ORM DAG for dataset_produces_1
[2025-04-21T17:01:59.298+0000] {logging_mixin.py:190} INFO - [2025-04-21T17:01:59.298+0000] {dag.py:3262} INFO - Creating ORM DAG for dataset_consumes_1
[2025-04-21T17:01:59.298+0000] {logging_mixin.py:190} INFO - [2025-04-21T17:01:59.298+0000] {dag.py:3262} INFO - Creating ORM DAG for consume_1_and_2_with_dataset_expressions
[2025-04-21T17:01:59.298+0000] {logging_mixin.py:190} INFO - [2025-04-21T17:01:59.298+0000] {dag.py:3262} INFO - Creating ORM DAG for consume_1_or_both_2_and_3_with_dataset_expressions
[2025-04-21T17:01:59.301+0000] {logging_mixin.py:190} INFO - [2025-04-21T17:01:59.301+0000] {dag.py:4180} INFO - Setting next_dagrun for conditional_dataset_and_time_based_timetable to 2025-04-16 01:00:00+00:00, run_after=2025-04-16 01:00:00+00:00
[2025-04-21T17:01:59.302+0000] {logging_mixin.py:190} INFO - [2025-04-21T17:01:59.302+0000] {dag.py:4180} INFO - Setting next_dagrun for consume_1_and_2_with_dataset_expressions to None, run_after=None
[2025-04-21T17:01:59.302+0000] {logging_mixin.py:190} INFO - [2025-04-21T17:01:59.302+0000] {dag.py:4180} INFO - Setting next_dagrun for consume_1_or_2_with_dataset_expressions to None, run_after=None
[2025-04-21T17:01:59.302+0000] {logging_mixin.py:190} INFO - [2025-04-21T17:01:59.302+0000] {dag.py:4180} INFO - Setting next_dagrun for consume_1_or_both_2_and_3_with_dataset_expressions to None, run_after=None
[2025-04-21T17:01:59.302+0000] {logging_mixin.py:190} INFO - [2025-04-21T17:01:59.302+0000] {dag.py:4180} INFO - Setting next_dagrun for dataset_consumes_1 to None, run_after=None
[2025-04-21T17:01:59.302+0000] {logging_mixin.py:190} INFO - [2025-04-21T17:01:59.302+0000] {dag.py:4180} INFO - Setting next_dagrun for dataset_consumes_1_and_2 to None, run_after=None
[2025-04-21T17:01:59.302+0000] {logging_mixin.py:190} INFO - [2025-04-21T17:01:59.302+0000] {dag.py:4180} INFO - Setting next_dagrun for dataset_consumes_1_never_scheduled to None, run_after=None
[2025-04-21T17:01:59.302+0000] {logging_mixin.py:190} INFO - [2025-04-21T17:01:59.302+0000] {dag.py:4180} INFO - Setting next_dagrun for dataset_consumes_unknown_never_scheduled to None, run_after=None
[2025-04-21T17:01:59.303+0000] {logging_mixin.py:190} INFO - [2025-04-21T17:01:59.303+0000] {dag.py:4180} INFO - Setting next_dagrun for dataset_produces_1 to 2025-04-20 00:00:00+00:00, run_after=2025-04-21 00:00:00+00:00
[2025-04-21T17:01:59.303+0000] {logging_mixin.py:190} INFO - [2025-04-21T17:01:59.303+0000] {dag.py:4180} INFO - Setting next_dagrun for dataset_produces_2 to None, run_after=None
[2025-04-21T17:01:59.321+0000] {processor.py:208} INFO - Processing /home/airflow/.local/lib/python3.12/site-packages/airflow/example_dags/example_datasets.py took 1.050 seconds
[2025-04-21T17:02:29.908+0000] {processor.py:186} INFO - Started process (PID=114) to work on /home/airflow/.local/lib/python3.12/site-packages/airflow/example_dags/example_datasets.py
[2025-04-21T17:02:29.912+0000] {processor.py:914} INFO - Processing file /home/airflow/.local/lib/python3.12/site-packages/airflow/example_dags/example_datasets.py for tasks to queue
[2025-04-21T17:02:29.916+0000] {logging_mixin.py:190} INFO - [2025-04-21T17:02:29.915+0000] {dagbag.py:588} INFO - Filling up the DagBag from /home/airflow/.local/lib/python3.12/site-packages/airflow/example_dags/example_datasets.py
[2025-04-21T17:02:30.192+0000] {processor.py:925} INFO - DAG(s) 'dataset_produces_1', 'dataset_consumes_1_and_2', 'consume_1_or_both_2_and_3_with_dataset_expressions', 'conditional_dataset_and_time_based_timetable', 'dataset_consumes_unknown_never_scheduled', 'consume_1_and_2_with_dataset_expressions', 'dataset_produces_2', 'dataset_consumes_1', 'consume_1_or_2_with_dataset_expressions', 'dataset_consumes_1_never_scheduled' retrieved from /home/airflow/.local/lib/python3.12/site-packages/airflow/example_dags/example_datasets.py
[2025-04-21T17:02:30.213+0000] {logging_mixin.py:190} INFO - [2025-04-21T17:02:30.213+0000] {dag.py:3239} INFO - Sync 10 DAGs
[2025-04-21T17:02:30.224+0000] {logging_mixin.py:190} INFO - [2025-04-21T17:02:30.224+0000] {dag.py:4180} INFO - Setting next_dagrun for conditional_dataset_and_time_based_timetable to 2025-04-16 01:00:00+00:00, run_after=2025-04-16 01:00:00+00:00
[2025-04-21T17:02:30.226+0000] {logging_mixin.py:190} INFO - [2025-04-21T17:02:30.226+0000] {dag.py:4180} INFO - Setting next_dagrun for consume_1_and_2_with_dataset_expressions to None, run_after=None
[2025-04-21T17:02:30.226+0000] {logging_mixin.py:190} INFO - [2025-04-21T17:02:30.226+0000] {dag.py:4180} INFO - Setting next_dagrun for consume_1_or_2_with_dataset_expressions to None, run_after=None
[2025-04-21T17:02:30.227+0000] {logging_mixin.py:190} INFO - [2025-04-21T17:02:30.227+0000] {dag.py:4180} INFO - Setting next_dagrun for consume_1_or_both_2_and_3_with_dataset_expressions to None, run_after=None
[2025-04-21T17:02:30.227+0000] {logging_mixin.py:190} INFO - [2025-04-21T17:02:30.227+0000] {dag.py:4180} INFO - Setting next_dagrun for dataset_consumes_1 to None, run_after=None
[2025-04-21T17:02:30.227+0000] {logging_mixin.py:190} INFO - [2025-04-21T17:02:30.227+0000] {dag.py:4180} INFO - Setting next_dagrun for dataset_consumes_1_and_2 to None, run_after=None
[2025-04-21T17:02:30.228+0000] {logging_mixin.py:190} INFO - [2025-04-21T17:02:30.228+0000] {dag.py:4180} INFO - Setting next_dagrun for dataset_consumes_1_never_scheduled to None, run_after=None
[2025-04-21T17:02:30.228+0000] {logging_mixin.py:190} INFO - [2025-04-21T17:02:30.228+0000] {dag.py:4180} INFO - Setting next_dagrun for dataset_consumes_unknown_never_scheduled to None, run_after=None
[2025-04-21T17:02:30.232+0000] {logging_mixin.py:190} INFO - [2025-04-21T17:02:30.232+0000] {dag.py:4180} INFO - Setting next_dagrun for dataset_produces_1 to 2025-04-20 00:00:00+00:00, run_after=2025-04-21 00:00:00+00:00
[2025-04-21T17:02:30.232+0000] {logging_mixin.py:190} INFO - [2025-04-21T17:02:30.232+0000] {dag.py:4180} INFO - Setting next_dagrun for dataset_produces_2 to None, run_after=None
[2025-04-21T17:02:30.243+0000] {processor.py:208} INFO - Processing /home/airflow/.local/lib/python3.12/site-packages/airflow/example_dags/example_datasets.py took 0.339 seconds
[2025-04-21T17:03:00.573+0000] {processor.py:186} INFO - Started process (PID=177) to work on /home/airflow/.local/lib/python3.12/site-packages/airflow/example_dags/example_datasets.py
[2025-04-21T17:03:00.574+0000] {processor.py:914} INFO - Processing file /home/airflow/.local/lib/python3.12/site-packages/airflow/example_dags/example_datasets.py for tasks to queue
[2025-04-21T17:03:00.576+0000] {logging_mixin.py:190} INFO - [2025-04-21T17:03:00.576+0000] {dagbag.py:588} INFO - Filling up the DagBag from /home/airflow/.local/lib/python3.12/site-packages/airflow/example_dags/example_datasets.py
[2025-04-21T17:03:00.821+0000] {processor.py:925} INFO - DAG(s) 'dataset_consumes_1_and_2', 'consume_1_or_2_with_dataset_expressions', 'dataset_consumes_1_never_scheduled', 'dataset_consumes_unknown_never_scheduled', 'dataset_consumes_1', 'consume_1_and_2_with_dataset_expressions', 'conditional_dataset_and_time_based_timetable', 'dataset_produces_1', 'consume_1_or_both_2_and_3_with_dataset_expressions', 'dataset_produces_2' retrieved from /home/airflow/.local/lib/python3.12/site-packages/airflow/example_dags/example_datasets.py
[2025-04-21T17:03:00.839+0000] {logging_mixin.py:190} INFO - [2025-04-21T17:03:00.839+0000] {dag.py:3239} INFO - Sync 10 DAGs
[2025-04-21T17:03:00.847+0000] {logging_mixin.py:190} INFO - [2025-04-21T17:03:00.847+0000] {dag.py:4180} INFO - Setting next_dagrun for conditional_dataset_and_time_based_timetable to 2025-04-16 01:00:00+00:00, run_after=2025-04-16 01:00:00+00:00
[2025-04-21T17:03:00.849+0000] {logging_mixin.py:190} INFO - [2025-04-21T17:03:00.849+0000] {dag.py:4180} INFO - Setting next_dagrun for consume_1_and_2_with_dataset_expressions to None, run_after=None
[2025-04-21T17:03:00.850+0000] {logging_mixin.py:190} INFO - [2025-04-21T17:03:00.850+0000] {dag.py:4180} INFO - Setting next_dagrun for consume_1_or_2_with_dataset_expressions to None, run_after=None
[2025-04-21T17:03:00.851+0000] {logging_mixin.py:190} INFO - [2025-04-21T17:03:00.851+0000] {dag.py:4180} INFO - Setting next_dagrun for consume_1_or_both_2_and_3_with_dataset_expressions to None, run_after=None
[2025-04-21T17:03:00.851+0000] {logging_mixin.py:190} INFO - [2025-04-21T17:03:00.851+0000] {dag.py:4180} INFO - Setting next_dagrun for dataset_consumes_1 to None, run_after=None
[2025-04-21T17:03:00.852+0000] {logging_mixin.py:190} INFO - [2025-04-21T17:03:00.852+0000] {dag.py:4180} INFO - Setting next_dagrun for dataset_consumes_1_and_2 to None, run_after=None
[2025-04-21T17:03:00.853+0000] {logging_mixin.py:190} INFO - [2025-04-21T17:03:00.853+0000] {dag.py:4180} INFO - Setting next_dagrun for dataset_consumes_1_never_scheduled to None, run_after=None
[2025-04-21T17:03:00.856+0000] {logging_mixin.py:190} INFO - [2025-04-21T17:03:00.855+0000] {dag.py:4180} INFO - Setting next_dagrun for dataset_consumes_unknown_never_scheduled to None, run_after=None
[2025-04-21T17:03:00.857+0000] {logging_mixin.py:190} INFO - [2025-04-21T17:03:00.857+0000] {dag.py:4180} INFO - Setting next_dagrun for dataset_produces_1 to 2025-04-20 00:00:00+00:00, run_after=2025-04-21 00:00:00+00:00
[2025-04-21T17:03:00.857+0000] {logging_mixin.py:190} INFO - [2025-04-21T17:03:00.857+0000] {dag.py:4180} INFO - Setting next_dagrun for dataset_produces_2 to None, run_after=None
[2025-04-21T17:03:00.868+0000] {processor.py:208} INFO - Processing /home/airflow/.local/lib/python3.12/site-packages/airflow/example_dags/example_datasets.py took 0.300 seconds
[2025-04-21T17:03:31.754+0000] {processor.py:186} INFO - Started process (PID=239) to work on /home/airflow/.local/lib/python3.12/site-packages/airflow/example_dags/example_datasets.py
[2025-04-21T17:03:31.757+0000] {processor.py:914} INFO - Processing file /home/airflow/.local/lib/python3.12/site-packages/airflow/example_dags/example_datasets.py for tasks to queue
[2025-04-21T17:03:31.758+0000] {logging_mixin.py:190} INFO - [2025-04-21T17:03:31.758+0000] {dagbag.py:588} INFO - Filling up the DagBag from /home/airflow/.local/lib/python3.12/site-packages/airflow/example_dags/example_datasets.py
[2025-04-21T17:03:31.976+0000] {processor.py:925} INFO - DAG(s) 'conditional_dataset_and_time_based_timetable', 'consume_1_or_2_with_dataset_expressions', 'dataset_consumes_unknown_never_scheduled', 'dataset_consumes_1', 'dataset_produces_2', 'consume_1_and_2_with_dataset_expressions', 'dataset_consumes_1_never_scheduled', 'dataset_produces_1', 'consume_1_or_both_2_and_3_with_dataset_expressions', 'dataset_consumes_1_and_2' retrieved from /home/airflow/.local/lib/python3.12/site-packages/airflow/example_dags/example_datasets.py
[2025-04-21T17:03:31.997+0000] {logging_mixin.py:190} INFO - [2025-04-21T17:03:31.997+0000] {dag.py:3239} INFO - Sync 10 DAGs
[2025-04-21T17:03:32.005+0000] {logging_mixin.py:190} INFO - [2025-04-21T17:03:32.005+0000] {dag.py:4180} INFO - Setting next_dagrun for conditional_dataset_and_time_based_timetable to 2025-04-16 01:00:00+00:00, run_after=2025-04-16 01:00:00+00:00
[2025-04-21T17:03:32.007+0000] {logging_mixin.py:190} INFO - [2025-04-21T17:03:32.006+0000] {dag.py:4180} INFO - Setting next_dagrun for consume_1_and_2_with_dataset_expressions to None, run_after=None
[2025-04-21T17:03:32.007+0000] {logging_mixin.py:190} INFO - [2025-04-21T17:03:32.007+0000] {dag.py:4180} INFO - Setting next_dagrun for consume_1_or_2_with_dataset_expressions to None, run_after=None
[2025-04-21T17:03:32.008+0000] {logging_mixin.py:190} INFO - [2025-04-21T17:03:32.008+0000] {dag.py:4180} INFO - Setting next_dagrun for consume_1_or_both_2_and_3_with_dataset_expressions to None, run_after=None
[2025-04-21T17:03:32.010+0000] {logging_mixin.py:190} INFO - [2025-04-21T17:03:32.010+0000] {dag.py:4180} INFO - Setting next_dagrun for dataset_consumes_1 to None, run_after=None
[2025-04-21T17:03:32.011+0000] {logging_mixin.py:190} INFO - [2025-04-21T17:03:32.011+0000] {dag.py:4180} INFO - Setting next_dagrun for dataset_consumes_1_and_2 to None, run_after=None
[2025-04-21T17:03:32.012+0000] {logging_mixin.py:190} INFO - [2025-04-21T17:03:32.012+0000] {dag.py:4180} INFO - Setting next_dagrun for dataset_consumes_1_never_scheduled to None, run_after=None
[2025-04-21T17:03:32.014+0000] {logging_mixin.py:190} INFO - [2025-04-21T17:03:32.014+0000] {dag.py:4180} INFO - Setting next_dagrun for dataset_consumes_unknown_never_scheduled to None, run_after=None
[2025-04-21T17:03:32.014+0000] {logging_mixin.py:190} INFO - [2025-04-21T17:03:32.014+0000] {dag.py:4180} INFO - Setting next_dagrun for dataset_produces_1 to 2025-04-20 00:00:00+00:00, run_after=2025-04-21 00:00:00+00:00
[2025-04-21T17:03:32.015+0000] {logging_mixin.py:190} INFO - [2025-04-21T17:03:32.015+0000] {dag.py:4180} INFO - Setting next_dagrun for dataset_produces_2 to None, run_after=None
[2025-04-21T17:03:32.024+0000] {processor.py:208} INFO - Processing /home/airflow/.local/lib/python3.12/site-packages/airflow/example_dags/example_datasets.py took 0.274 seconds
[2025-04-21T17:04:02.899+0000] {processor.py:186} INFO - Started process (PID=302) to work on /home/airflow/.local/lib/python3.12/site-packages/airflow/example_dags/example_datasets.py
[2025-04-21T17:04:02.904+0000] {processor.py:914} INFO - Processing file /home/airflow/.local/lib/python3.12/site-packages/airflow/example_dags/example_datasets.py for tasks to queue
[2025-04-21T17:04:02.909+0000] {logging_mixin.py:190} INFO - [2025-04-21T17:04:02.909+0000] {dagbag.py:588} INFO - Filling up the DagBag from /home/airflow/.local/lib/python3.12/site-packages/airflow/example_dags/example_datasets.py
[2025-04-21T17:04:03.142+0000] {processor.py:925} INFO - DAG(s) 'dataset_consumes_1', 'dataset_produces_1', 'dataset_consumes_1_never_scheduled', 'dataset_consumes_unknown_never_scheduled', 'conditional_dataset_and_time_based_timetable', 'consume_1_or_2_with_dataset_expressions', 'dataset_consumes_1_and_2', 'consume_1_and_2_with_dataset_expressions', 'dataset_produces_2', 'consume_1_or_both_2_and_3_with_dataset_expressions' retrieved from /home/airflow/.local/lib/python3.12/site-packages/airflow/example_dags/example_datasets.py
[2025-04-21T17:04:03.161+0000] {logging_mixin.py:190} INFO - [2025-04-21T17:04:03.161+0000] {dag.py:3239} INFO - Sync 10 DAGs
[2025-04-21T17:04:03.169+0000] {logging_mixin.py:190} INFO - [2025-04-21T17:04:03.169+0000] {dag.py:4180} INFO - Setting next_dagrun for conditional_dataset_and_time_based_timetable to 2025-04-16 01:00:00+00:00, run_after=2025-04-16 01:00:00+00:00
[2025-04-21T17:04:03.170+0000] {logging_mixin.py:190} INFO - [2025-04-21T17:04:03.170+0000] {dag.py:4180} INFO - Setting next_dagrun for consume_1_and_2_with_dataset_expressions to None, run_after=None
[2025-04-21T17:04:03.171+0000] {logging_mixin.py:190} INFO - [2025-04-21T17:04:03.171+0000] {dag.py:4180} INFO - Setting next_dagrun for consume_1_or_2_with_dataset_expressions to None, run_after=None
[2025-04-21T17:04:03.171+0000] {logging_mixin.py:190} INFO - [2025-04-21T17:04:03.171+0000] {dag.py:4180} INFO - Setting next_dagrun for consume_1_or_both_2_and_3_with_dataset_expressions to None, run_after=None
[2025-04-21T17:04:03.172+0000] {logging_mixin.py:190} INFO - [2025-04-21T17:04:03.172+0000] {dag.py:4180} INFO - Setting next_dagrun for dataset_consumes_1 to None, run_after=None
[2025-04-21T17:04:03.172+0000] {logging_mixin.py:190} INFO - [2025-04-21T17:04:03.172+0000] {dag.py:4180} INFO - Setting next_dagrun for dataset_consumes_1_and_2 to None, run_after=None
[2025-04-21T17:04:03.173+0000] {logging_mixin.py:190} INFO - [2025-04-21T17:04:03.173+0000] {dag.py:4180} INFO - Setting next_dagrun for dataset_consumes_1_never_scheduled to None, run_after=None
[2025-04-21T17:04:03.173+0000] {logging_mixin.py:190} INFO - [2025-04-21T17:04:03.173+0000] {dag.py:4180} INFO - Setting next_dagrun for dataset_consumes_unknown_never_scheduled to None, run_after=None
[2025-04-21T17:04:03.174+0000] {logging_mixin.py:190} INFO - [2025-04-21T17:04:03.174+0000] {dag.py:4180} INFO - Setting next_dagrun for dataset_produces_1 to 2025-04-20 00:00:00+00:00, run_after=2025-04-21 00:00:00+00:00
[2025-04-21T17:04:03.174+0000] {logging_mixin.py:190} INFO - [2025-04-21T17:04:03.174+0000] {dag.py:4180} INFO - Setting next_dagrun for dataset_produces_2 to None, run_after=None
[2025-04-21T17:04:03.184+0000] {processor.py:208} INFO - Processing /home/airflow/.local/lib/python3.12/site-packages/airflow/example_dags/example_datasets.py took 0.290 seconds
[2025-04-21T17:04:34.170+0000] {processor.py:186} INFO - Started process (PID=365) to work on /home/airflow/.local/lib/python3.12/site-packages/airflow/example_dags/example_datasets.py
[2025-04-21T17:04:34.178+0000] {processor.py:914} INFO - Processing file /home/airflow/.local/lib/python3.12/site-packages/airflow/example_dags/example_datasets.py for tasks to queue
[2025-04-21T17:04:34.179+0000] {logging_mixin.py:190} INFO - [2025-04-21T17:04:34.179+0000] {dagbag.py:588} INFO - Filling up the DagBag from /home/airflow/.local/lib/python3.12/site-packages/airflow/example_dags/example_datasets.py
[2025-04-21T17:04:34.402+0000] {processor.py:925} INFO - DAG(s) 'dataset_produces_2', 'consume_1_or_2_with_dataset_expressions', 'consume_1_and_2_with_dataset_expressions', 'dataset_consumes_1_never_scheduled', 'consume_1_or_both_2_and_3_with_dataset_expressions', 'conditional_dataset_and_time_based_timetable', 'dataset_consumes_unknown_never_scheduled', 'dataset_consumes_1', 'dataset_produces_1', 'dataset_consumes_1_and_2' retrieved from /home/airflow/.local/lib/python3.12/site-packages/airflow/example_dags/example_datasets.py
[2025-04-21T17:04:34.419+0000] {logging_mixin.py:190} INFO - [2025-04-21T17:04:34.419+0000] {dag.py:3239} INFO - Sync 10 DAGs
[2025-04-21T17:04:34.428+0000] {logging_mixin.py:190} INFO - [2025-04-21T17:04:34.428+0000] {dag.py:4180} INFO - Setting next_dagrun for conditional_dataset_and_time_based_timetable to 2025-04-16 01:00:00+00:00, run_after=2025-04-16 01:00:00+00:00
[2025-04-21T17:04:34.432+0000] {logging_mixin.py:190} INFO - [2025-04-21T17:04:34.432+0000] {dag.py:4180} INFO - Setting next_dagrun for consume_1_and_2_with_dataset_expressions to None, run_after=None
[2025-04-21T17:04:34.433+0000] {logging_mixin.py:190} INFO - [2025-04-21T17:04:34.433+0000] {dag.py:4180} INFO - Setting next_dagrun for consume_1_or_2_with_dataset_expressions to None, run_after=None
[2025-04-21T17:04:34.433+0000] {logging_mixin.py:190} INFO - [2025-04-21T17:04:34.433+0000] {dag.py:4180} INFO - Setting next_dagrun for consume_1_or_both_2_and_3_with_dataset_expressions to None, run_after=None
[2025-04-21T17:04:34.433+0000] {logging_mixin.py:190} INFO - [2025-04-21T17:04:34.433+0000] {dag.py:4180} INFO - Setting next_dagrun for dataset_consumes_1 to None, run_after=None
[2025-04-21T17:04:34.434+0000] {logging_mixin.py:190} INFO - [2025-04-21T17:04:34.434+0000] {dag.py:4180} INFO - Setting next_dagrun for dataset_consumes_1_and_2 to None, run_after=None
[2025-04-21T17:04:34.434+0000] {logging_mixin.py:190} INFO - [2025-04-21T17:04:34.434+0000] {dag.py:4180} INFO - Setting next_dagrun for dataset_consumes_1_never_scheduled to None, run_after=None
[2025-04-21T17:04:34.435+0000] {logging_mixin.py:190} INFO - [2025-04-21T17:04:34.434+0000] {dag.py:4180} INFO - Setting next_dagrun for dataset_consumes_unknown_never_scheduled to None, run_after=None
[2025-04-21T17:04:34.435+0000] {logging_mixin.py:190} INFO - [2025-04-21T17:04:34.435+0000] {dag.py:4180} INFO - Setting next_dagrun for dataset_produces_1 to 2025-04-20 00:00:00+00:00, run_after=2025-04-21 00:00:00+00:00
[2025-04-21T17:04:34.436+0000] {logging_mixin.py:190} INFO - [2025-04-21T17:04:34.436+0000] {dag.py:4180} INFO - Setting next_dagrun for dataset_produces_2 to None, run_after=None
[2025-04-21T17:04:34.444+0000] {processor.py:208} INFO - Processing /home/airflow/.local/lib/python3.12/site-packages/airflow/example_dags/example_datasets.py took 0.277 seconds
[2025-04-21T17:05:05.354+0000] {processor.py:186} INFO - Started process (PID=428) to work on /home/airflow/.local/lib/python3.12/site-packages/airflow/example_dags/example_datasets.py
[2025-04-21T17:05:05.358+0000] {processor.py:914} INFO - Processing file /home/airflow/.local/lib/python3.12/site-packages/airflow/example_dags/example_datasets.py for tasks to queue
[2025-04-21T17:05:05.359+0000] {logging_mixin.py:190} INFO - [2025-04-21T17:05:05.359+0000] {dagbag.py:588} INFO - Filling up the DagBag from /home/airflow/.local/lib/python3.12/site-packages/airflow/example_dags/example_datasets.py
[2025-04-21T17:05:05.600+0000] {processor.py:925} INFO - DAG(s) 'dataset_consumes_1_never_scheduled', 'dataset_produces_2', 'dataset_produces_1', 'consume_1_and_2_with_dataset_expressions', 'dataset_consumes_1_and_2', 'consume_1_or_2_with_dataset_expressions', 'consume_1_or_both_2_and_3_with_dataset_expressions', 'dataset_consumes_1', 'dataset_consumes_unknown_never_scheduled', 'conditional_dataset_and_time_based_timetable' retrieved from /home/airflow/.local/lib/python3.12/site-packages/airflow/example_dags/example_datasets.py
[2025-04-21T17:05:05.618+0000] {logging_mixin.py:190} INFO - [2025-04-21T17:05:05.618+0000] {dag.py:3239} INFO - Sync 10 DAGs
[2025-04-21T17:05:05.629+0000] {logging_mixin.py:190} INFO - [2025-04-21T17:05:05.628+0000] {dag.py:4180} INFO - Setting next_dagrun for conditional_dataset_and_time_based_timetable to 2025-04-16 01:00:00+00:00, run_after=2025-04-16 01:00:00+00:00
[2025-04-21T17:05:05.630+0000] {logging_mixin.py:190} INFO - [2025-04-21T17:05:05.630+0000] {dag.py:4180} INFO - Setting next_dagrun for consume_1_and_2_with_dataset_expressions to None, run_after=None
[2025-04-21T17:05:05.630+0000] {logging_mixin.py:190} INFO - [2025-04-21T17:05:05.630+0000] {dag.py:4180} INFO - Setting next_dagrun for consume_1_or_2_with_dataset_expressions to None, run_after=None
[2025-04-21T17:05:05.631+0000] {logging_mixin.py:190} INFO - [2025-04-21T17:05:05.631+0000] {dag.py:4180} INFO - Setting next_dagrun for consume_1_or_both_2_and_3_with_dataset_expressions to None, run_after=None
[2025-04-21T17:05:05.631+0000] {logging_mixin.py:190} INFO - [2025-04-21T17:05:05.631+0000] {dag.py:4180} INFO - Setting next_dagrun for dataset_consumes_1 to None, run_after=None
[2025-04-21T17:05:05.631+0000] {logging_mixin.py:190} INFO - [2025-04-21T17:05:05.631+0000] {dag.py:4180} INFO - Setting next_dagrun for dataset_consumes_1_and_2 to None, run_after=None
[2025-04-21T17:05:05.632+0000] {logging_mixin.py:190} INFO - [2025-04-21T17:05:05.631+0000] {dag.py:4180} INFO - Setting next_dagrun for dataset_consumes_1_never_scheduled to None, run_after=None
[2025-04-21T17:05:05.632+0000] {logging_mixin.py:190} INFO - [2025-04-21T17:05:05.632+0000] {dag.py:4180} INFO - Setting next_dagrun for dataset_consumes_unknown_never_scheduled to None, run_after=None
[2025-04-21T17:05:05.633+0000] {logging_mixin.py:190} INFO - [2025-04-21T17:05:05.633+0000] {dag.py:4180} INFO - Setting next_dagrun for dataset_produces_1 to 2025-04-20 00:00:00+00:00, run_after=2025-04-21 00:00:00+00:00
[2025-04-21T17:05:05.634+0000] {logging_mixin.py:190} INFO - [2025-04-21T17:05:05.634+0000] {dag.py:4180} INFO - Setting next_dagrun for dataset_produces_2 to None, run_after=None
[2025-04-21T17:05:05.646+0000] {processor.py:208} INFO - Processing /home/airflow/.local/lib/python3.12/site-packages/airflow/example_dags/example_datasets.py took 0.295 seconds
[2025-04-21T17:05:54.247+0000] {processor.py:186} INFO - Started process (PID=51) to work on /home/airflow/.local/lib/python3.12/site-packages/airflow/example_dags/example_datasets.py
[2025-04-21T17:05:54.249+0000] {processor.py:914} INFO - Processing file /home/airflow/.local/lib/python3.12/site-packages/airflow/example_dags/example_datasets.py for tasks to queue
[2025-04-21T17:05:54.252+0000] {logging_mixin.py:190} INFO - [2025-04-21T17:05:54.251+0000] {dagbag.py:588} INFO - Filling up the DagBag from /home/airflow/.local/lib/python3.12/site-packages/airflow/example_dags/example_datasets.py
[2025-04-21T17:05:54.981+0000] {processor.py:925} INFO - DAG(s) 'consume_1_or_2_with_dataset_expressions', 'consume_1_or_both_2_and_3_with_dataset_expressions', 'dataset_consumes_unknown_never_scheduled', 'dataset_consumes_1', 'dataset_produces_1', 'dataset_produces_2', 'dataset_consumes_1_never_scheduled', 'consume_1_and_2_with_dataset_expressions', 'conditional_dataset_and_time_based_timetable', 'dataset_consumes_1_and_2' retrieved from /home/airflow/.local/lib/python3.12/site-packages/airflow/example_dags/example_datasets.py
[2025-04-21T17:05:54.996+0000] {logging_mixin.py:190} INFO - [2025-04-21T17:05:54.996+0000] {dag.py:3239} INFO - Sync 10 DAGs
[2025-04-21T17:05:55.006+0000] {logging_mixin.py:190} INFO - [2025-04-21T17:05:55.006+0000] {dag.py:4180} INFO - Setting next_dagrun for conditional_dataset_and_time_based_timetable to 2025-04-16 01:00:00+00:00, run_after=2025-04-16 01:00:00+00:00
[2025-04-21T17:05:55.007+0000] {logging_mixin.py:190} INFO - [2025-04-21T17:05:55.007+0000] {dag.py:4180} INFO - Setting next_dagrun for consume_1_and_2_with_dataset_expressions to None, run_after=None
[2025-04-21T17:05:55.008+0000] {logging_mixin.py:190} INFO - [2025-04-21T17:05:55.008+0000] {dag.py:4180} INFO - Setting next_dagrun for consume_1_or_2_with_dataset_expressions to None, run_after=None
[2025-04-21T17:05:55.008+0000] {logging_mixin.py:190} INFO - [2025-04-21T17:05:55.008+0000] {dag.py:4180} INFO - Setting next_dagrun for consume_1_or_both_2_and_3_with_dataset_expressions to None, run_after=None
[2025-04-21T17:05:55.008+0000] {logging_mixin.py:190} INFO - [2025-04-21T17:05:55.008+0000] {dag.py:4180} INFO - Setting next_dagrun for dataset_consumes_1 to None, run_after=None
[2025-04-21T17:05:55.009+0000] {logging_mixin.py:190} INFO - [2025-04-21T17:05:55.009+0000] {dag.py:4180} INFO - Setting next_dagrun for dataset_consumes_1_and_2 to None, run_after=None
[2025-04-21T17:05:55.009+0000] {logging_mixin.py:190} INFO - [2025-04-21T17:05:55.009+0000] {dag.py:4180} INFO - Setting next_dagrun for dataset_consumes_1_never_scheduled to None, run_after=None
[2025-04-21T17:05:55.010+0000] {logging_mixin.py:190} INFO - [2025-04-21T17:05:55.010+0000] {dag.py:4180} INFO - Setting next_dagrun for dataset_consumes_unknown_never_scheduled to None, run_after=None
[2025-04-21T17:05:55.011+0000] {logging_mixin.py:190} INFO - [2025-04-21T17:05:55.011+0000] {dag.py:4180} INFO - Setting next_dagrun for dataset_produces_1 to 2025-04-20 00:00:00+00:00, run_after=2025-04-21 00:00:00+00:00
[2025-04-21T17:05:55.013+0000] {logging_mixin.py:190} INFO - [2025-04-21T17:05:55.013+0000] {dag.py:4180} INFO - Setting next_dagrun for dataset_produces_2 to None, run_after=None
[2025-04-21T17:05:55.023+0000] {processor.py:208} INFO - Processing /home/airflow/.local/lib/python3.12/site-packages/airflow/example_dags/example_datasets.py took 0.782 seconds
[2025-04-21T17:06:25.461+0000] {processor.py:186} INFO - Started process (PID=114) to work on /home/airflow/.local/lib/python3.12/site-packages/airflow/example_dags/example_datasets.py
[2025-04-21T17:06:25.464+0000] {processor.py:914} INFO - Processing file /home/airflow/.local/lib/python3.12/site-packages/airflow/example_dags/example_datasets.py for tasks to queue
[2025-04-21T17:06:25.465+0000] {logging_mixin.py:190} INFO - [2025-04-21T17:06:25.464+0000] {dagbag.py:588} INFO - Filling up the DagBag from /home/airflow/.local/lib/python3.12/site-packages/airflow/example_dags/example_datasets.py
[2025-04-21T17:06:25.688+0000] {processor.py:925} INFO - DAG(s) 'dataset_consumes_unknown_never_scheduled', 'dataset_consumes_1_never_scheduled', 'dataset_consumes_1_and_2', 'dataset_produces_1', 'consume_1_or_2_with_dataset_expressions', 'consume_1_and_2_with_dataset_expressions', 'consume_1_or_both_2_and_3_with_dataset_expressions', 'conditional_dataset_and_time_based_timetable', 'dataset_produces_2', 'dataset_consumes_1' retrieved from /home/airflow/.local/lib/python3.12/site-packages/airflow/example_dags/example_datasets.py
[2025-04-21T17:06:25.701+0000] {logging_mixin.py:190} INFO - [2025-04-21T17:06:25.701+0000] {dag.py:3239} INFO - Sync 10 DAGs
[2025-04-21T17:06:25.711+0000] {logging_mixin.py:190} INFO - [2025-04-21T17:06:25.711+0000] {dag.py:4180} INFO - Setting next_dagrun for conditional_dataset_and_time_based_timetable to 2025-04-16 01:00:00+00:00, run_after=2025-04-16 01:00:00+00:00
[2025-04-21T17:06:25.712+0000] {logging_mixin.py:190} INFO - [2025-04-21T17:06:25.712+0000] {dag.py:4180} INFO - Setting next_dagrun for consume_1_and_2_with_dataset_expressions to None, run_after=None
[2025-04-21T17:06:25.713+0000] {logging_mixin.py:190} INFO - [2025-04-21T17:06:25.713+0000] {dag.py:4180} INFO - Setting next_dagrun for consume_1_or_2_with_dataset_expressions to None, run_after=None
[2025-04-21T17:06:25.714+0000] {logging_mixin.py:190} INFO - [2025-04-21T17:06:25.714+0000] {dag.py:4180} INFO - Setting next_dagrun for consume_1_or_both_2_and_3_with_dataset_expressions to None, run_after=None
[2025-04-21T17:06:25.714+0000] {logging_mixin.py:190} INFO - [2025-04-21T17:06:25.714+0000] {dag.py:4180} INFO - Setting next_dagrun for dataset_consumes_1 to None, run_after=None
[2025-04-21T17:06:25.715+0000] {logging_mixin.py:190} INFO - [2025-04-21T17:06:25.714+0000] {dag.py:4180} INFO - Setting next_dagrun for dataset_consumes_1_and_2 to None, run_after=None
[2025-04-21T17:06:25.715+0000] {logging_mixin.py:190} INFO - [2025-04-21T17:06:25.715+0000] {dag.py:4180} INFO - Setting next_dagrun for dataset_consumes_1_never_scheduled to None, run_after=None
[2025-04-21T17:06:25.715+0000] {logging_mixin.py:190} INFO - [2025-04-21T17:06:25.715+0000] {dag.py:4180} INFO - Setting next_dagrun for dataset_consumes_unknown_never_scheduled to None, run_after=None
[2025-04-21T17:06:25.717+0000] {logging_mixin.py:190} INFO - [2025-04-21T17:06:25.717+0000] {dag.py:4180} INFO - Setting next_dagrun for dataset_produces_1 to 2025-04-20 00:00:00+00:00, run_after=2025-04-21 00:00:00+00:00
[2025-04-21T17:06:25.717+0000] {logging_mixin.py:190} INFO - [2025-04-21T17:06:25.717+0000] {dag.py:4180} INFO - Setting next_dagrun for dataset_produces_2 to None, run_after=None
[2025-04-21T17:06:25.727+0000] {processor.py:208} INFO - Processing /home/airflow/.local/lib/python3.12/site-packages/airflow/example_dags/example_datasets.py took 0.268 seconds
[2025-04-21T17:06:56.383+0000] {processor.py:186} INFO - Started process (PID=177) to work on /home/airflow/.local/lib/python3.12/site-packages/airflow/example_dags/example_datasets.py
[2025-04-21T17:06:56.384+0000] {processor.py:914} INFO - Processing file /home/airflow/.local/lib/python3.12/site-packages/airflow/example_dags/example_datasets.py for tasks to queue
[2025-04-21T17:06:56.385+0000] {logging_mixin.py:190} INFO - [2025-04-21T17:06:56.385+0000] {dagbag.py:588} INFO - Filling up the DagBag from /home/airflow/.local/lib/python3.12/site-packages/airflow/example_dags/example_datasets.py
[2025-04-21T17:06:56.661+0000] {processor.py:925} INFO - DAG(s) 'consume_1_and_2_with_dataset_expressions', 'consume_1_or_2_with_dataset_expressions', 'dataset_consumes_unknown_never_scheduled', 'dataset_consumes_1_never_scheduled', 'dataset_consumes_1_and_2', 'dataset_consumes_1', 'consume_1_or_both_2_and_3_with_dataset_expressions', 'dataset_produces_1', 'dataset_produces_2', 'conditional_dataset_and_time_based_timetable' retrieved from /home/airflow/.local/lib/python3.12/site-packages/airflow/example_dags/example_datasets.py
[2025-04-21T17:06:56.675+0000] {logging_mixin.py:190} INFO - [2025-04-21T17:06:56.675+0000] {dag.py:3239} INFO - Sync 10 DAGs
[2025-04-21T17:06:56.685+0000] {logging_mixin.py:190} INFO - [2025-04-21T17:06:56.685+0000] {dag.py:4180} INFO - Setting next_dagrun for conditional_dataset_and_time_based_timetable to 2025-04-16 01:00:00+00:00, run_after=2025-04-16 01:00:00+00:00
[2025-04-21T17:06:56.687+0000] {logging_mixin.py:190} INFO - [2025-04-21T17:06:56.687+0000] {dag.py:4180} INFO - Setting next_dagrun for consume_1_and_2_with_dataset_expressions to None, run_after=None
[2025-04-21T17:06:56.687+0000] {logging_mixin.py:190} INFO - [2025-04-21T17:06:56.687+0000] {dag.py:4180} INFO - Setting next_dagrun for consume_1_or_2_with_dataset_expressions to None, run_after=None
[2025-04-21T17:06:56.687+0000] {logging_mixin.py:190} INFO - [2025-04-21T17:06:56.687+0000] {dag.py:4180} INFO - Setting next_dagrun for consume_1_or_both_2_and_3_with_dataset_expressions to None, run_after=None
[2025-04-21T17:06:56.691+0000] {logging_mixin.py:190} INFO - [2025-04-21T17:06:56.691+0000] {dag.py:4180} INFO - Setting next_dagrun for dataset_consumes_1 to None, run_after=None
[2025-04-21T17:06:56.691+0000] {logging_mixin.py:190} INFO - [2025-04-21T17:06:56.691+0000] {dag.py:4180} INFO - Setting next_dagrun for dataset_consumes_1_and_2 to None, run_after=None
[2025-04-21T17:06:56.693+0000] {logging_mixin.py:190} INFO - [2025-04-21T17:06:56.693+0000] {dag.py:4180} INFO - Setting next_dagrun for dataset_consumes_1_never_scheduled to None, run_after=None
[2025-04-21T17:06:56.694+0000] {logging_mixin.py:190} INFO - [2025-04-21T17:06:56.694+0000] {dag.py:4180} INFO - Setting next_dagrun for dataset_consumes_unknown_never_scheduled to None, run_after=None
[2025-04-21T17:06:56.695+0000] {logging_mixin.py:190} INFO - [2025-04-21T17:06:56.695+0000] {dag.py:4180} INFO - Setting next_dagrun for dataset_produces_1 to 2025-04-20 00:00:00+00:00, run_after=2025-04-21 00:00:00+00:00
[2025-04-21T17:06:56.696+0000] {logging_mixin.py:190} INFO - [2025-04-21T17:06:56.696+0000] {dag.py:4180} INFO - Setting next_dagrun for dataset_produces_2 to None, run_after=None
[2025-04-21T17:06:56.706+0000] {processor.py:208} INFO - Processing /home/airflow/.local/lib/python3.12/site-packages/airflow/example_dags/example_datasets.py took 0.327 seconds
[2025-04-21T17:07:27.555+0000] {processor.py:186} INFO - Started process (PID=240) to work on /home/airflow/.local/lib/python3.12/site-packages/airflow/example_dags/example_datasets.py
[2025-04-21T17:07:27.558+0000] {processor.py:914} INFO - Processing file /home/airflow/.local/lib/python3.12/site-packages/airflow/example_dags/example_datasets.py for tasks to queue
[2025-04-21T17:07:27.559+0000] {logging_mixin.py:190} INFO - [2025-04-21T17:07:27.559+0000] {dagbag.py:588} INFO - Filling up the DagBag from /home/airflow/.local/lib/python3.12/site-packages/airflow/example_dags/example_datasets.py
[2025-04-21T17:07:27.784+0000] {processor.py:925} INFO - DAG(s) 'dataset_consumes_1_never_scheduled', 'dataset_produces_2', 'dataset_consumes_unknown_never_scheduled', 'dataset_consumes_1_and_2', 'consume_1_or_both_2_and_3_with_dataset_expressions', 'conditional_dataset_and_time_based_timetable', 'consume_1_or_2_with_dataset_expressions', 'dataset_consumes_1', 'dataset_produces_1', 'consume_1_and_2_with_dataset_expressions' retrieved from /home/airflow/.local/lib/python3.12/site-packages/airflow/example_dags/example_datasets.py
[2025-04-21T17:07:27.796+0000] {logging_mixin.py:190} INFO - [2025-04-21T17:07:27.796+0000] {dag.py:3239} INFO - Sync 10 DAGs
[2025-04-21T17:07:27.805+0000] {logging_mixin.py:190} INFO - [2025-04-21T17:07:27.804+0000] {dag.py:4180} INFO - Setting next_dagrun for conditional_dataset_and_time_based_timetable to 2025-04-16 01:00:00+00:00, run_after=2025-04-16 01:00:00+00:00
[2025-04-21T17:07:27.806+0000] {logging_mixin.py:190} INFO - [2025-04-21T17:07:27.806+0000] {dag.py:4180} INFO - Setting next_dagrun for consume_1_and_2_with_dataset_expressions to None, run_after=None
[2025-04-21T17:07:27.807+0000] {logging_mixin.py:190} INFO - [2025-04-21T17:07:27.806+0000] {dag.py:4180} INFO - Setting next_dagrun for consume_1_or_2_with_dataset_expressions to None, run_after=None
[2025-04-21T17:07:27.807+0000] {logging_mixin.py:190} INFO - [2025-04-21T17:07:27.807+0000] {dag.py:4180} INFO - Setting next_dagrun for consume_1_or_both_2_and_3_with_dataset_expressions to None, run_after=None
[2025-04-21T17:07:27.807+0000] {logging_mixin.py:190} INFO - [2025-04-21T17:07:27.807+0000] {dag.py:4180} INFO - Setting next_dagrun for dataset_consumes_1 to None, run_after=None
[2025-04-21T17:07:27.808+0000] {logging_mixin.py:190} INFO - [2025-04-21T17:07:27.808+0000] {dag.py:4180} INFO - Setting next_dagrun for dataset_consumes_1_and_2 to None, run_after=None
[2025-04-21T17:07:27.808+0000] {logging_mixin.py:190} INFO - [2025-04-21T17:07:27.808+0000] {dag.py:4180} INFO - Setting next_dagrun for dataset_consumes_1_never_scheduled to None, run_after=None
[2025-04-21T17:07:27.809+0000] {logging_mixin.py:190} INFO - [2025-04-21T17:07:27.808+0000] {dag.py:4180} INFO - Setting next_dagrun for dataset_consumes_unknown_never_scheduled to None, run_after=None
[2025-04-21T17:07:27.809+0000] {logging_mixin.py:190} INFO - [2025-04-21T17:07:27.809+0000] {dag.py:4180} INFO - Setting next_dagrun for dataset_produces_1 to 2025-04-20 00:00:00+00:00, run_after=2025-04-21 00:00:00+00:00
[2025-04-21T17:07:27.810+0000] {logging_mixin.py:190} INFO - [2025-04-21T17:07:27.810+0000] {dag.py:4180} INFO - Setting next_dagrun for dataset_produces_2 to None, run_after=None
[2025-04-21T17:07:27.821+0000] {processor.py:208} INFO - Processing /home/airflow/.local/lib/python3.12/site-packages/airflow/example_dags/example_datasets.py took 0.271 seconds
[2025-04-21T17:07:58.579+0000] {processor.py:186} INFO - Started process (PID=303) to work on /home/airflow/.local/lib/python3.12/site-packages/airflow/example_dags/example_datasets.py
[2025-04-21T17:07:58.581+0000] {processor.py:914} INFO - Processing file /home/airflow/.local/lib/python3.12/site-packages/airflow/example_dags/example_datasets.py for tasks to queue
[2025-04-21T17:07:58.585+0000] {logging_mixin.py:190} INFO - [2025-04-21T17:07:58.585+0000] {dagbag.py:588} INFO - Filling up the DagBag from /home/airflow/.local/lib/python3.12/site-packages/airflow/example_dags/example_datasets.py
[2025-04-21T17:07:58.829+0000] {processor.py:925} INFO - DAG(s) 'dataset_consumes_1_and_2', 'dataset_produces_1', 'consume_1_or_both_2_and_3_with_dataset_expressions', 'dataset_consumes_1_never_scheduled', 'dataset_consumes_1', 'conditional_dataset_and_time_based_timetable', 'dataset_produces_2', 'consume_1_and_2_with_dataset_expressions', 'consume_1_or_2_with_dataset_expressions', 'dataset_consumes_unknown_never_scheduled' retrieved from /home/airflow/.local/lib/python3.12/site-packages/airflow/example_dags/example_datasets.py
[2025-04-21T17:07:58.842+0000] {logging_mixin.py:190} INFO - [2025-04-21T17:07:58.842+0000] {dag.py:3239} INFO - Sync 10 DAGs
[2025-04-21T17:07:58.851+0000] {logging_mixin.py:190} INFO - [2025-04-21T17:07:58.850+0000] {dag.py:4180} INFO - Setting next_dagrun for conditional_dataset_and_time_based_timetable to 2025-04-16 01:00:00+00:00, run_after=2025-04-16 01:00:00+00:00
[2025-04-21T17:07:58.852+0000] {logging_mixin.py:190} INFO - [2025-04-21T17:07:58.852+0000] {dag.py:4180} INFO - Setting next_dagrun for consume_1_and_2_with_dataset_expressions to None, run_after=None
[2025-04-21T17:07:58.852+0000] {logging_mixin.py:190} INFO - [2025-04-21T17:07:58.852+0000] {dag.py:4180} INFO - Setting next_dagrun for consume_1_or_2_with_dataset_expressions to None, run_after=None
[2025-04-21T17:07:58.853+0000] {logging_mixin.py:190} INFO - [2025-04-21T17:07:58.853+0000] {dag.py:4180} INFO - Setting next_dagrun for consume_1_or_both_2_and_3_with_dataset_expressions to None, run_after=None
[2025-04-21T17:07:58.853+0000] {logging_mixin.py:190} INFO - [2025-04-21T17:07:58.853+0000] {dag.py:4180} INFO - Setting next_dagrun for dataset_consumes_1 to None, run_after=None
[2025-04-21T17:07:58.854+0000] {logging_mixin.py:190} INFO - [2025-04-21T17:07:58.854+0000] {dag.py:4180} INFO - Setting next_dagrun for dataset_consumes_1_and_2 to None, run_after=None
[2025-04-21T17:07:58.854+0000] {logging_mixin.py:190} INFO - [2025-04-21T17:07:58.854+0000] {dag.py:4180} INFO - Setting next_dagrun for dataset_consumes_1_never_scheduled to None, run_after=None
[2025-04-21T17:07:58.855+0000] {logging_mixin.py:190} INFO - [2025-04-21T17:07:58.855+0000] {dag.py:4180} INFO - Setting next_dagrun for dataset_consumes_unknown_never_scheduled to None, run_after=None
[2025-04-21T17:07:58.855+0000] {logging_mixin.py:190} INFO - [2025-04-21T17:07:58.855+0000] {dag.py:4180} INFO - Setting next_dagrun for dataset_produces_1 to 2025-04-20 00:00:00+00:00, run_after=2025-04-21 00:00:00+00:00
[2025-04-21T17:07:58.856+0000] {logging_mixin.py:190} INFO - [2025-04-21T17:07:58.856+0000] {dag.py:4180} INFO - Setting next_dagrun for dataset_produces_2 to None, run_after=None
[2025-04-21T17:07:58.866+0000] {processor.py:208} INFO - Processing /home/airflow/.local/lib/python3.12/site-packages/airflow/example_dags/example_datasets.py took 0.291 seconds
[2025-04-21T17:08:29.676+0000] {processor.py:186} INFO - Started process (PID=366) to work on /home/airflow/.local/lib/python3.12/site-packages/airflow/example_dags/example_datasets.py
[2025-04-21T17:08:29.677+0000] {processor.py:914} INFO - Processing file /home/airflow/.local/lib/python3.12/site-packages/airflow/example_dags/example_datasets.py for tasks to queue
[2025-04-21T17:08:29.679+0000] {logging_mixin.py:190} INFO - [2025-04-21T17:08:29.678+0000] {dagbag.py:588} INFO - Filling up the DagBag from /home/airflow/.local/lib/python3.12/site-packages/airflow/example_dags/example_datasets.py
[2025-04-21T17:08:29.971+0000] {processor.py:925} INFO - DAG(s) 'conditional_dataset_and_time_based_timetable', 'consume_1_or_both_2_and_3_with_dataset_expressions', 'dataset_consumes_1_never_scheduled', 'dataset_consumes_1_and_2', 'dataset_produces_2', 'dataset_consumes_1', 'consume_1_or_2_with_dataset_expressions', 'dataset_consumes_unknown_never_scheduled', 'dataset_produces_1', 'consume_1_and_2_with_dataset_expressions' retrieved from /home/airflow/.local/lib/python3.12/site-packages/airflow/example_dags/example_datasets.py
[2025-04-21T17:08:29.987+0000] {logging_mixin.py:190} INFO - [2025-04-21T17:08:29.986+0000] {dag.py:3239} INFO - Sync 10 DAGs
[2025-04-21T17:08:29.999+0000] {logging_mixin.py:190} INFO - [2025-04-21T17:08:29.999+0000] {dag.py:4180} INFO - Setting next_dagrun for conditional_dataset_and_time_based_timetable to 2025-04-16 01:00:00+00:00, run_after=2025-04-16 01:00:00+00:00
[2025-04-21T17:08:30.001+0000] {logging_mixin.py:190} INFO - [2025-04-21T17:08:30.001+0000] {dag.py:4180} INFO - Setting next_dagrun for consume_1_and_2_with_dataset_expressions to None, run_after=None
[2025-04-21T17:08:30.001+0000] {logging_mixin.py:190} INFO - [2025-04-21T17:08:30.001+0000] {dag.py:4180} INFO - Setting next_dagrun for consume_1_or_2_with_dataset_expressions to None, run_after=None
[2025-04-21T17:08:30.002+0000] {logging_mixin.py:190} INFO - [2025-04-21T17:08:30.002+0000] {dag.py:4180} INFO - Setting next_dagrun for consume_1_or_both_2_and_3_with_dataset_expressions to None, run_after=None
[2025-04-21T17:08:30.002+0000] {logging_mixin.py:190} INFO - [2025-04-21T17:08:30.002+0000] {dag.py:4180} INFO - Setting next_dagrun for dataset_consumes_1 to None, run_after=None
[2025-04-21T17:08:30.003+0000] {logging_mixin.py:190} INFO - [2025-04-21T17:08:30.003+0000] {dag.py:4180} INFO - Setting next_dagrun for dataset_consumes_1_and_2 to None, run_after=None
[2025-04-21T17:08:30.003+0000] {logging_mixin.py:190} INFO - [2025-04-21T17:08:30.003+0000] {dag.py:4180} INFO - Setting next_dagrun for dataset_consumes_1_never_scheduled to None, run_after=None
[2025-04-21T17:08:30.003+0000] {logging_mixin.py:190} INFO - [2025-04-21T17:08:30.003+0000] {dag.py:4180} INFO - Setting next_dagrun for dataset_consumes_unknown_never_scheduled to None, run_after=None
[2025-04-21T17:08:30.004+0000] {logging_mixin.py:190} INFO - [2025-04-21T17:08:30.004+0000] {dag.py:4180} INFO - Setting next_dagrun for dataset_produces_1 to 2025-04-20 00:00:00+00:00, run_after=2025-04-21 00:00:00+00:00
[2025-04-21T17:08:30.004+0000] {logging_mixin.py:190} INFO - [2025-04-21T17:08:30.004+0000] {dag.py:4180} INFO - Setting next_dagrun for dataset_produces_2 to None, run_after=None
[2025-04-21T17:08:30.016+0000] {processor.py:208} INFO - Processing /home/airflow/.local/lib/python3.12/site-packages/airflow/example_dags/example_datasets.py took 0.343 seconds
[2025-04-21T17:09:00.952+0000] {processor.py:186} INFO - Started process (PID=429) to work on /home/airflow/.local/lib/python3.12/site-packages/airflow/example_dags/example_datasets.py
[2025-04-21T17:09:00.953+0000] {processor.py:914} INFO - Processing file /home/airflow/.local/lib/python3.12/site-packages/airflow/example_dags/example_datasets.py for tasks to queue
[2025-04-21T17:09:00.954+0000] {logging_mixin.py:190} INFO - [2025-04-21T17:09:00.953+0000] {dagbag.py:588} INFO - Filling up the DagBag from /home/airflow/.local/lib/python3.12/site-packages/airflow/example_dags/example_datasets.py
[2025-04-21T17:09:01.180+0000] {processor.py:925} INFO - DAG(s) 'dataset_consumes_1_and_2', 'dataset_produces_1', 'dataset_consumes_1', 'consume_1_and_2_with_dataset_expressions', 'consume_1_or_both_2_and_3_with_dataset_expressions', 'dataset_consumes_1_never_scheduled', 'conditional_dataset_and_time_based_timetable', 'dataset_produces_2', 'dataset_consumes_unknown_never_scheduled', 'consume_1_or_2_with_dataset_expressions' retrieved from /home/airflow/.local/lib/python3.12/site-packages/airflow/example_dags/example_datasets.py
[2025-04-21T17:09:01.195+0000] {logging_mixin.py:190} INFO - [2025-04-21T17:09:01.195+0000] {dag.py:3239} INFO - Sync 10 DAGs
[2025-04-21T17:09:01.204+0000] {logging_mixin.py:190} INFO - [2025-04-21T17:09:01.204+0000] {dag.py:4180} INFO - Setting next_dagrun for conditional_dataset_and_time_based_timetable to 2025-04-16 01:00:00+00:00, run_after=2025-04-16 01:00:00+00:00
[2025-04-21T17:09:01.206+0000] {logging_mixin.py:190} INFO - [2025-04-21T17:09:01.206+0000] {dag.py:4180} INFO - Setting next_dagrun for consume_1_and_2_with_dataset_expressions to None, run_after=None
[2025-04-21T17:09:01.206+0000] {logging_mixin.py:190} INFO - [2025-04-21T17:09:01.206+0000] {dag.py:4180} INFO - Setting next_dagrun for consume_1_or_2_with_dataset_expressions to None, run_after=None
[2025-04-21T17:09:01.210+0000] {logging_mixin.py:190} INFO - [2025-04-21T17:09:01.210+0000] {dag.py:4180} INFO - Setting next_dagrun for consume_1_or_both_2_and_3_with_dataset_expressions to None, run_after=None
[2025-04-21T17:09:01.210+0000] {logging_mixin.py:190} INFO - [2025-04-21T17:09:01.210+0000] {dag.py:4180} INFO - Setting next_dagrun for dataset_consumes_1 to None, run_after=None
[2025-04-21T17:09:01.211+0000] {logging_mixin.py:190} INFO - [2025-04-21T17:09:01.211+0000] {dag.py:4180} INFO - Setting next_dagrun for dataset_consumes_1_and_2 to None, run_after=None
[2025-04-21T17:09:01.211+0000] {logging_mixin.py:190} INFO - [2025-04-21T17:09:01.211+0000] {dag.py:4180} INFO - Setting next_dagrun for dataset_consumes_1_never_scheduled to None, run_after=None
[2025-04-21T17:09:01.212+0000] {logging_mixin.py:190} INFO - [2025-04-21T17:09:01.212+0000] {dag.py:4180} INFO - Setting next_dagrun for dataset_consumes_unknown_never_scheduled to None, run_after=None
[2025-04-21T17:09:01.213+0000] {logging_mixin.py:190} INFO - [2025-04-21T17:09:01.213+0000] {dag.py:4180} INFO - Setting next_dagrun for dataset_produces_1 to 2025-04-20 00:00:00+00:00, run_after=2025-04-21 00:00:00+00:00
[2025-04-21T17:09:01.214+0000] {logging_mixin.py:190} INFO - [2025-04-21T17:09:01.214+0000] {dag.py:4180} INFO - Setting next_dagrun for dataset_produces_2 to None, run_after=None
[2025-04-21T17:09:01.224+0000] {processor.py:208} INFO - Processing /home/airflow/.local/lib/python3.12/site-packages/airflow/example_dags/example_datasets.py took 0.275 seconds
[2025-04-21T17:09:31.991+0000] {processor.py:186} INFO - Started process (PID=492) to work on /home/airflow/.local/lib/python3.12/site-packages/airflow/example_dags/example_datasets.py
[2025-04-21T17:09:31.991+0000] {processor.py:914} INFO - Processing file /home/airflow/.local/lib/python3.12/site-packages/airflow/example_dags/example_datasets.py for tasks to queue
[2025-04-21T17:09:31.993+0000] {logging_mixin.py:190} INFO - [2025-04-21T17:09:31.993+0000] {dagbag.py:588} INFO - Filling up the DagBag from /home/airflow/.local/lib/python3.12/site-packages/airflow/example_dags/example_datasets.py
[2025-04-21T17:09:32.220+0000] {processor.py:925} INFO - DAG(s) 'dataset_produces_1', 'dataset_produces_2', 'consume_1_or_both_2_and_3_with_dataset_expressions', 'conditional_dataset_and_time_based_timetable', 'dataset_consumes_unknown_never_scheduled', 'dataset_consumes_1', 'consume_1_or_2_with_dataset_expressions', 'consume_1_and_2_with_dataset_expressions', 'dataset_consumes_1_never_scheduled', 'dataset_consumes_1_and_2' retrieved from /home/airflow/.local/lib/python3.12/site-packages/airflow/example_dags/example_datasets.py
[2025-04-21T17:09:32.234+0000] {logging_mixin.py:190} INFO - [2025-04-21T17:09:32.234+0000] {dag.py:3239} INFO - Sync 10 DAGs
[2025-04-21T17:09:32.242+0000] {logging_mixin.py:190} INFO - [2025-04-21T17:09:32.242+0000] {dag.py:4180} INFO - Setting next_dagrun for conditional_dataset_and_time_based_timetable to 2025-04-16 01:00:00+00:00, run_after=2025-04-16 01:00:00+00:00
[2025-04-21T17:09:32.243+0000] {logging_mixin.py:190} INFO - [2025-04-21T17:09:32.243+0000] {dag.py:4180} INFO - Setting next_dagrun for consume_1_and_2_with_dataset_expressions to None, run_after=None
[2025-04-21T17:09:32.244+0000] {logging_mixin.py:190} INFO - [2025-04-21T17:09:32.244+0000] {dag.py:4180} INFO - Setting next_dagrun for consume_1_or_2_with_dataset_expressions to None, run_after=None
[2025-04-21T17:09:32.244+0000] {logging_mixin.py:190} INFO - [2025-04-21T17:09:32.244+0000] {dag.py:4180} INFO - Setting next_dagrun for consume_1_or_both_2_and_3_with_dataset_expressions to None, run_after=None
[2025-04-21T17:09:32.245+0000] {logging_mixin.py:190} INFO - [2025-04-21T17:09:32.245+0000] {dag.py:4180} INFO - Setting next_dagrun for dataset_consumes_1 to None, run_after=None
[2025-04-21T17:09:32.245+0000] {logging_mixin.py:190} INFO - [2025-04-21T17:09:32.245+0000] {dag.py:4180} INFO - Setting next_dagrun for dataset_consumes_1_and_2 to None, run_after=None
[2025-04-21T17:09:32.245+0000] {logging_mixin.py:190} INFO - [2025-04-21T17:09:32.245+0000] {dag.py:4180} INFO - Setting next_dagrun for dataset_consumes_1_never_scheduled to None, run_after=None
[2025-04-21T17:09:32.246+0000] {logging_mixin.py:190} INFO - [2025-04-21T17:09:32.246+0000] {dag.py:4180} INFO - Setting next_dagrun for dataset_consumes_unknown_never_scheduled to None, run_after=None
[2025-04-21T17:09:32.246+0000] {logging_mixin.py:190} INFO - [2025-04-21T17:09:32.246+0000] {dag.py:4180} INFO - Setting next_dagrun for dataset_produces_1 to 2025-04-20 00:00:00+00:00, run_after=2025-04-21 00:00:00+00:00
[2025-04-21T17:09:32.247+0000] {logging_mixin.py:190} INFO - [2025-04-21T17:09:32.247+0000] {dag.py:4180} INFO - Setting next_dagrun for dataset_produces_2 to None, run_after=None
[2025-04-21T17:09:32.259+0000] {processor.py:208} INFO - Processing /home/airflow/.local/lib/python3.12/site-packages/airflow/example_dags/example_datasets.py took 0.272 seconds
[2025-04-21T17:10:03.082+0000] {processor.py:186} INFO - Started process (PID=555) to work on /home/airflow/.local/lib/python3.12/site-packages/airflow/example_dags/example_datasets.py
[2025-04-21T17:10:03.083+0000] {processor.py:914} INFO - Processing file /home/airflow/.local/lib/python3.12/site-packages/airflow/example_dags/example_datasets.py for tasks to queue
[2025-04-21T17:10:03.084+0000] {logging_mixin.py:190} INFO - [2025-04-21T17:10:03.084+0000] {dagbag.py:588} INFO - Filling up the DagBag from /home/airflow/.local/lib/python3.12/site-packages/airflow/example_dags/example_datasets.py
[2025-04-21T17:10:03.315+0000] {processor.py:925} INFO - DAG(s) 'dataset_produces_1', 'dataset_consumes_1', 'consume_1_or_both_2_and_3_with_dataset_expressions', 'dataset_consumes_1_and_2', 'dataset_consumes_1_never_scheduled', 'consume_1_and_2_with_dataset_expressions', 'consume_1_or_2_with_dataset_expressions', 'conditional_dataset_and_time_based_timetable', 'dataset_consumes_unknown_never_scheduled', 'dataset_produces_2' retrieved from /home/airflow/.local/lib/python3.12/site-packages/airflow/example_dags/example_datasets.py
[2025-04-21T17:10:03.328+0000] {logging_mixin.py:190} INFO - [2025-04-21T17:10:03.328+0000] {dag.py:3239} INFO - Sync 10 DAGs
[2025-04-21T17:10:03.338+0000] {logging_mixin.py:190} INFO - [2025-04-21T17:10:03.338+0000] {dag.py:4180} INFO - Setting next_dagrun for conditional_dataset_and_time_based_timetable to 2025-04-16 01:00:00+00:00, run_after=2025-04-16 01:00:00+00:00
[2025-04-21T17:10:03.340+0000] {logging_mixin.py:190} INFO - [2025-04-21T17:10:03.340+0000] {dag.py:4180} INFO - Setting next_dagrun for consume_1_and_2_with_dataset_expressions to None, run_after=None
[2025-04-21T17:10:03.340+0000] {logging_mixin.py:190} INFO - [2025-04-21T17:10:03.340+0000] {dag.py:4180} INFO - Setting next_dagrun for consume_1_or_2_with_dataset_expressions to None, run_after=None
[2025-04-21T17:10:03.344+0000] {logging_mixin.py:190} INFO - [2025-04-21T17:10:03.344+0000] {dag.py:4180} INFO - Setting next_dagrun for consume_1_or_both_2_and_3_with_dataset_expressions to None, run_after=None
[2025-04-21T17:10:03.344+0000] {logging_mixin.py:190} INFO - [2025-04-21T17:10:03.344+0000] {dag.py:4180} INFO - Setting next_dagrun for dataset_consumes_1 to None, run_after=None
[2025-04-21T17:10:03.344+0000] {logging_mixin.py:190} INFO - [2025-04-21T17:10:03.344+0000] {dag.py:4180} INFO - Setting next_dagrun for dataset_consumes_1_and_2 to None, run_after=None
[2025-04-21T17:10:03.345+0000] {logging_mixin.py:190} INFO - [2025-04-21T17:10:03.345+0000] {dag.py:4180} INFO - Setting next_dagrun for dataset_consumes_1_never_scheduled to None, run_after=None
[2025-04-21T17:10:03.346+0000] {logging_mixin.py:190} INFO - [2025-04-21T17:10:03.345+0000] {dag.py:4180} INFO - Setting next_dagrun for dataset_consumes_unknown_never_scheduled to None, run_after=None
[2025-04-21T17:10:03.346+0000] {logging_mixin.py:190} INFO - [2025-04-21T17:10:03.346+0000] {dag.py:4180} INFO - Setting next_dagrun for dataset_produces_1 to 2025-04-20 00:00:00+00:00, run_after=2025-04-21 00:00:00+00:00
[2025-04-21T17:10:03.349+0000] {logging_mixin.py:190} INFO - [2025-04-21T17:10:03.349+0000] {dag.py:4180} INFO - Setting next_dagrun for dataset_produces_2 to None, run_after=None
[2025-04-21T17:10:03.359+0000] {processor.py:208} INFO - Processing /home/airflow/.local/lib/python3.12/site-packages/airflow/example_dags/example_datasets.py took 0.281 seconds
[2025-04-21T17:10:34.220+0000] {processor.py:186} INFO - Started process (PID=618) to work on /home/airflow/.local/lib/python3.12/site-packages/airflow/example_dags/example_datasets.py
[2025-04-21T17:10:34.220+0000] {processor.py:914} INFO - Processing file /home/airflow/.local/lib/python3.12/site-packages/airflow/example_dags/example_datasets.py for tasks to queue
[2025-04-21T17:10:34.222+0000] {logging_mixin.py:190} INFO - [2025-04-21T17:10:34.221+0000] {dagbag.py:588} INFO - Filling up the DagBag from /home/airflow/.local/lib/python3.12/site-packages/airflow/example_dags/example_datasets.py
[2025-04-21T17:10:34.495+0000] {processor.py:925} INFO - DAG(s) 'dataset_produces_1', 'consume_1_or_2_with_dataset_expressions', 'dataset_consumes_1', 'dataset_produces_2', 'consume_1_and_2_with_dataset_expressions', 'dataset_consumes_1_never_scheduled', 'dataset_consumes_unknown_never_scheduled', 'conditional_dataset_and_time_based_timetable', 'consume_1_or_both_2_and_3_with_dataset_expressions', 'dataset_consumes_1_and_2' retrieved from /home/airflow/.local/lib/python3.12/site-packages/airflow/example_dags/example_datasets.py
[2025-04-21T17:10:34.510+0000] {logging_mixin.py:190} INFO - [2025-04-21T17:10:34.510+0000] {dag.py:3239} INFO - Sync 10 DAGs
[2025-04-21T17:10:34.520+0000] {logging_mixin.py:190} INFO - [2025-04-21T17:10:34.520+0000] {dag.py:4180} INFO - Setting next_dagrun for conditional_dataset_and_time_based_timetable to 2025-04-16 01:00:00+00:00, run_after=2025-04-16 01:00:00+00:00
[2025-04-21T17:10:34.521+0000] {logging_mixin.py:190} INFO - [2025-04-21T17:10:34.521+0000] {dag.py:4180} INFO - Setting next_dagrun for consume_1_and_2_with_dataset_expressions to None, run_after=None
[2025-04-21T17:10:34.523+0000] {logging_mixin.py:190} INFO - [2025-04-21T17:10:34.523+0000] {dag.py:4180} INFO - Setting next_dagrun for consume_1_or_2_with_dataset_expressions to None, run_after=None
[2025-04-21T17:10:34.524+0000] {logging_mixin.py:190} INFO - [2025-04-21T17:10:34.524+0000] {dag.py:4180} INFO - Setting next_dagrun for consume_1_or_both_2_and_3_with_dataset_expressions to None, run_after=None
[2025-04-21T17:10:34.528+0000] {logging_mixin.py:190} INFO - [2025-04-21T17:10:34.528+0000] {dag.py:4180} INFO - Setting next_dagrun for dataset_consumes_1 to None, run_after=None
[2025-04-21T17:10:34.528+0000] {logging_mixin.py:190} INFO - [2025-04-21T17:10:34.528+0000] {dag.py:4180} INFO - Setting next_dagrun for dataset_consumes_1_and_2 to None, run_after=None
[2025-04-21T17:10:34.529+0000] {logging_mixin.py:190} INFO - [2025-04-21T17:10:34.529+0000] {dag.py:4180} INFO - Setting next_dagrun for dataset_consumes_1_never_scheduled to None, run_after=None
[2025-04-21T17:10:34.529+0000] {logging_mixin.py:190} INFO - [2025-04-21T17:10:34.529+0000] {dag.py:4180} INFO - Setting next_dagrun for dataset_consumes_unknown_never_scheduled to None, run_after=None
[2025-04-21T17:10:34.530+0000] {logging_mixin.py:190} INFO - [2025-04-21T17:10:34.530+0000] {dag.py:4180} INFO - Setting next_dagrun for dataset_produces_1 to 2025-04-20 00:00:00+00:00, run_after=2025-04-21 00:00:00+00:00
[2025-04-21T17:10:34.531+0000] {logging_mixin.py:190} INFO - [2025-04-21T17:10:34.531+0000] {dag.py:4180} INFO - Setting next_dagrun for dataset_produces_2 to None, run_after=None
[2025-04-21T17:10:34.548+0000] {processor.py:208} INFO - Processing /home/airflow/.local/lib/python3.12/site-packages/airflow/example_dags/example_datasets.py took 0.331 seconds
[2025-04-21T17:11:05.405+0000] {processor.py:186} INFO - Started process (PID=682) to work on /home/airflow/.local/lib/python3.12/site-packages/airflow/example_dags/example_datasets.py
[2025-04-21T17:11:05.411+0000] {processor.py:914} INFO - Processing file /home/airflow/.local/lib/python3.12/site-packages/airflow/example_dags/example_datasets.py for tasks to queue
[2025-04-21T17:11:05.414+0000] {logging_mixin.py:190} INFO - [2025-04-21T17:11:05.413+0000] {dagbag.py:588} INFO - Filling up the DagBag from /home/airflow/.local/lib/python3.12/site-packages/airflow/example_dags/example_datasets.py
[2025-04-21T17:11:05.638+0000] {processor.py:925} INFO - DAG(s) 'dataset_consumes_1', 'dataset_consumes_1_and_2', 'dataset_produces_2', 'dataset_consumes_unknown_never_scheduled', 'dataset_consumes_1_never_scheduled', 'dataset_produces_1', 'consume_1_and_2_with_dataset_expressions', 'consume_1_or_2_with_dataset_expressions', 'consume_1_or_both_2_and_3_with_dataset_expressions', 'conditional_dataset_and_time_based_timetable' retrieved from /home/airflow/.local/lib/python3.12/site-packages/airflow/example_dags/example_datasets.py
[2025-04-21T17:11:05.653+0000] {logging_mixin.py:190} INFO - [2025-04-21T17:11:05.653+0000] {dag.py:3239} INFO - Sync 10 DAGs
[2025-04-21T17:11:05.661+0000] {logging_mixin.py:190} INFO - [2025-04-21T17:11:05.661+0000] {dag.py:4180} INFO - Setting next_dagrun for conditional_dataset_and_time_based_timetable to 2025-04-16 01:00:00+00:00, run_after=2025-04-16 01:00:00+00:00
[2025-04-21T17:11:05.663+0000] {logging_mixin.py:190} INFO - [2025-04-21T17:11:05.663+0000] {dag.py:4180} INFO - Setting next_dagrun for consume_1_and_2_with_dataset_expressions to None, run_after=None
[2025-04-21T17:11:05.664+0000] {logging_mixin.py:190} INFO - [2025-04-21T17:11:05.664+0000] {dag.py:4180} INFO - Setting next_dagrun for consume_1_or_2_with_dataset_expressions to None, run_after=None
[2025-04-21T17:11:05.664+0000] {logging_mixin.py:190} INFO - [2025-04-21T17:11:05.664+0000] {dag.py:4180} INFO - Setting next_dagrun for consume_1_or_both_2_and_3_with_dataset_expressions to None, run_after=None
[2025-04-21T17:11:05.665+0000] {logging_mixin.py:190} INFO - [2025-04-21T17:11:05.665+0000] {dag.py:4180} INFO - Setting next_dagrun for dataset_consumes_1 to None, run_after=None
[2025-04-21T17:11:05.666+0000] {logging_mixin.py:190} INFO - [2025-04-21T17:11:05.665+0000] {dag.py:4180} INFO - Setting next_dagrun for dataset_consumes_1_and_2 to None, run_after=None
[2025-04-21T17:11:05.667+0000] {logging_mixin.py:190} INFO - [2025-04-21T17:11:05.667+0000] {dag.py:4180} INFO - Setting next_dagrun for dataset_consumes_1_never_scheduled to None, run_after=None
[2025-04-21T17:11:05.669+0000] {logging_mixin.py:190} INFO - [2025-04-21T17:11:05.669+0000] {dag.py:4180} INFO - Setting next_dagrun for dataset_consumes_unknown_never_scheduled to None, run_after=None
[2025-04-21T17:11:05.671+0000] {logging_mixin.py:190} INFO - [2025-04-21T17:11:05.671+0000] {dag.py:4180} INFO - Setting next_dagrun for dataset_produces_1 to 2025-04-20 00:00:00+00:00, run_after=2025-04-21 00:00:00+00:00
[2025-04-21T17:11:05.671+0000] {logging_mixin.py:190} INFO - [2025-04-21T17:11:05.671+0000] {dag.py:4180} INFO - Setting next_dagrun for dataset_produces_2 to None, run_after=None
[2025-04-21T17:11:05.682+0000] {processor.py:208} INFO - Processing /home/airflow/.local/lib/python3.12/site-packages/airflow/example_dags/example_datasets.py took 0.281 seconds
[2025-04-21T17:11:36.597+0000] {processor.py:186} INFO - Started process (PID=746) to work on /home/airflow/.local/lib/python3.12/site-packages/airflow/example_dags/example_datasets.py
[2025-04-21T17:11:36.603+0000] {processor.py:914} INFO - Processing file /home/airflow/.local/lib/python3.12/site-packages/airflow/example_dags/example_datasets.py for tasks to queue
[2025-04-21T17:11:36.607+0000] {logging_mixin.py:190} INFO - [2025-04-21T17:11:36.606+0000] {dagbag.py:588} INFO - Filling up the DagBag from /home/airflow/.local/lib/python3.12/site-packages/airflow/example_dags/example_datasets.py
[2025-04-21T17:11:36.916+0000] {processor.py:925} INFO - DAG(s) 'dataset_consumes_unknown_never_scheduled', 'consume_1_or_2_with_dataset_expressions', 'dataset_consumes_1', 'dataset_produces_2', 'consume_1_or_both_2_and_3_with_dataset_expressions', 'dataset_consumes_1_and_2', 'conditional_dataset_and_time_based_timetable', 'consume_1_and_2_with_dataset_expressions', 'dataset_produces_1', 'dataset_consumes_1_never_scheduled' retrieved from /home/airflow/.local/lib/python3.12/site-packages/airflow/example_dags/example_datasets.py
[2025-04-21T17:11:36.932+0000] {logging_mixin.py:190} INFO - [2025-04-21T17:11:36.932+0000] {dag.py:3239} INFO - Sync 10 DAGs
[2025-04-21T17:11:36.940+0000] {logging_mixin.py:190} INFO - [2025-04-21T17:11:36.940+0000] {dag.py:4180} INFO - Setting next_dagrun for conditional_dataset_and_time_based_timetable to 2025-04-16 01:00:00+00:00, run_after=2025-04-16 01:00:00+00:00
[2025-04-21T17:11:36.942+0000] {logging_mixin.py:190} INFO - [2025-04-21T17:11:36.942+0000] {dag.py:4180} INFO - Setting next_dagrun for consume_1_and_2_with_dataset_expressions to None, run_after=None
[2025-04-21T17:11:36.943+0000] {logging_mixin.py:190} INFO - [2025-04-21T17:11:36.943+0000] {dag.py:4180} INFO - Setting next_dagrun for consume_1_or_2_with_dataset_expressions to None, run_after=None
[2025-04-21T17:11:36.943+0000] {logging_mixin.py:190} INFO - [2025-04-21T17:11:36.943+0000] {dag.py:4180} INFO - Setting next_dagrun for consume_1_or_both_2_and_3_with_dataset_expressions to None, run_after=None
[2025-04-21T17:11:36.944+0000] {logging_mixin.py:190} INFO - [2025-04-21T17:11:36.944+0000] {dag.py:4180} INFO - Setting next_dagrun for dataset_consumes_1 to None, run_after=None
[2025-04-21T17:11:36.944+0000] {logging_mixin.py:190} INFO - [2025-04-21T17:11:36.944+0000] {dag.py:4180} INFO - Setting next_dagrun for dataset_consumes_1_and_2 to None, run_after=None
[2025-04-21T17:11:36.945+0000] {logging_mixin.py:190} INFO - [2025-04-21T17:11:36.945+0000] {dag.py:4180} INFO - Setting next_dagrun for dataset_consumes_1_never_scheduled to None, run_after=None
[2025-04-21T17:11:36.946+0000] {logging_mixin.py:190} INFO - [2025-04-21T17:11:36.946+0000] {dag.py:4180} INFO - Setting next_dagrun for dataset_consumes_unknown_never_scheduled to None, run_after=None
[2025-04-21T17:11:36.947+0000] {logging_mixin.py:190} INFO - [2025-04-21T17:11:36.947+0000] {dag.py:4180} INFO - Setting next_dagrun for dataset_produces_1 to 2025-04-20 00:00:00+00:00, run_after=2025-04-21 00:00:00+00:00
[2025-04-21T17:11:36.949+0000] {logging_mixin.py:190} INFO - [2025-04-21T17:11:36.949+0000] {dag.py:4180} INFO - Setting next_dagrun for dataset_produces_2 to None, run_after=None
[2025-04-21T17:11:36.960+0000] {processor.py:208} INFO - Processing /home/airflow/.local/lib/python3.12/site-packages/airflow/example_dags/example_datasets.py took 0.370 seconds
