[2025-04-21T17:02:02.169+0000] {processor.py:186} INFO - Started process (PID=94) to work on /home/airflow/.local/lib/python3.12/site-packages/airflow/example_dags/example_python_decorator.py
[2025-04-21T17:02:02.170+0000] {processor.py:914} INFO - Processing file /home/airflow/.local/lib/python3.12/site-packages/airflow/example_dags/example_python_decorator.py for tasks to queue
[2025-04-21T17:02:02.171+0000] {logging_mixin.py:190} INFO - [2025-04-21T17:02:02.171+0000] {dagbag.py:588} INFO - Filling up the DagBag from /home/airflow/.local/lib/python3.12/site-packages/airflow/example_dags/example_python_decorator.py
[2025-04-21T17:02:02.178+0000] {processor.py:925} INFO - DAG(s) 'example_python_decorator' retrieved from /home/airflow/.local/lib/python3.12/site-packages/airflow/example_dags/example_python_decorator.py
[2025-04-21T17:02:02.225+0000] {logging_mixin.py:190} INFO - [2025-04-21T17:02:02.225+0000] {override.py:1912} INFO - Created Permission View: can read on DAG:example_python_decorator
[2025-04-21T17:02:02.230+0000] {logging_mixin.py:190} INFO - [2025-04-21T17:02:02.229+0000] {override.py:1912} INFO - Created Permission View: can edit on DAG:example_python_decorator
[2025-04-21T17:02:02.233+0000] {logging_mixin.py:190} INFO - [2025-04-21T17:02:02.233+0000] {override.py:1912} INFO - Created Permission View: can delete on DAG:example_python_decorator
[2025-04-21T17:02:02.237+0000] {logging_mixin.py:190} INFO - [2025-04-21T17:02:02.237+0000] {override.py:1912} INFO - Created Permission View: can read on DAG Run:example_python_decorator
[2025-04-21T17:02:02.239+0000] {logging_mixin.py:190} INFO - [2025-04-21T17:02:02.239+0000] {override.py:1912} INFO - Created Permission View: can delete on DAG Run:example_python_decorator
[2025-04-21T17:02:02.241+0000] {logging_mixin.py:190} INFO - [2025-04-21T17:02:02.241+0000] {override.py:1912} INFO - Created Permission View: menu access on DAG Run:example_python_decorator
[2025-04-21T17:02:02.243+0000] {logging_mixin.py:190} INFO - [2025-04-21T17:02:02.243+0000] {override.py:1912} INFO - Created Permission View: can create on DAG Run:example_python_decorator
[2025-04-21T17:02:02.243+0000] {logging_mixin.py:190} INFO - [2025-04-21T17:02:02.243+0000] {dag.py:3239} INFO - Sync 1 DAGs
[2025-04-21T17:02:02.247+0000] {logging_mixin.py:190} INFO - [2025-04-21T17:02:02.247+0000] {dag.py:3262} INFO - Creating ORM DAG for example_python_decorator
[2025-04-21T17:02:02.251+0000] {logging_mixin.py:190} INFO - [2025-04-21T17:02:02.251+0000] {dag.py:4180} INFO - Setting next_dagrun for example_python_decorator to None, run_after=None
[2025-04-21T17:02:02.260+0000] {processor.py:208} INFO - Processing /home/airflow/.local/lib/python3.12/site-packages/airflow/example_dags/example_python_decorator.py took 0.094 seconds
[2025-04-21T17:02:33.030+0000] {processor.py:186} INFO - Started process (PID=157) to work on /home/airflow/.local/lib/python3.12/site-packages/airflow/example_dags/example_python_decorator.py
[2025-04-21T17:02:33.031+0000] {processor.py:914} INFO - Processing file /home/airflow/.local/lib/python3.12/site-packages/airflow/example_dags/example_python_decorator.py for tasks to queue
[2025-04-21T17:02:33.033+0000] {logging_mixin.py:190} INFO - [2025-04-21T17:02:33.033+0000] {dagbag.py:588} INFO - Filling up the DagBag from /home/airflow/.local/lib/python3.12/site-packages/airflow/example_dags/example_python_decorator.py
[2025-04-21T17:02:33.039+0000] {processor.py:925} INFO - DAG(s) 'example_python_decorator' retrieved from /home/airflow/.local/lib/python3.12/site-packages/airflow/example_dags/example_python_decorator.py
[2025-04-21T17:02:33.048+0000] {logging_mixin.py:190} INFO - [2025-04-21T17:02:33.048+0000] {dag.py:3239} INFO - Sync 1 DAGs
[2025-04-21T17:02:33.054+0000] {logging_mixin.py:190} INFO - [2025-04-21T17:02:33.054+0000] {dag.py:4180} INFO - Setting next_dagrun for example_python_decorator to None, run_after=None
[2025-04-21T17:02:33.063+0000] {processor.py:208} INFO - Processing /home/airflow/.local/lib/python3.12/site-packages/airflow/example_dags/example_python_decorator.py took 0.035 seconds
[2025-04-21T17:03:03.208+0000] {processor.py:186} INFO - Started process (PID=220) to work on /home/airflow/.local/lib/python3.12/site-packages/airflow/example_dags/example_python_decorator.py
[2025-04-21T17:03:03.209+0000] {processor.py:914} INFO - Processing file /home/airflow/.local/lib/python3.12/site-packages/airflow/example_dags/example_python_decorator.py for tasks to queue
[2025-04-21T17:03:03.209+0000] {logging_mixin.py:190} INFO - [2025-04-21T17:03:03.209+0000] {dagbag.py:588} INFO - Filling up the DagBag from /home/airflow/.local/lib/python3.12/site-packages/airflow/example_dags/example_python_decorator.py
[2025-04-21T17:03:03.216+0000] {processor.py:925} INFO - DAG(s) 'example_python_decorator' retrieved from /home/airflow/.local/lib/python3.12/site-packages/airflow/example_dags/example_python_decorator.py
[2025-04-21T17:03:03.227+0000] {logging_mixin.py:190} INFO - [2025-04-21T17:03:03.227+0000] {dag.py:3239} INFO - Sync 1 DAGs
[2025-04-21T17:03:03.232+0000] {logging_mixin.py:190} INFO - [2025-04-21T17:03:03.232+0000] {dag.py:4180} INFO - Setting next_dagrun for example_python_decorator to None, run_after=None
[2025-04-21T17:03:03.241+0000] {processor.py:208} INFO - Processing /home/airflow/.local/lib/python3.12/site-packages/airflow/example_dags/example_python_decorator.py took 0.035 seconds
[2025-04-21T17:03:34.312+0000] {processor.py:186} INFO - Started process (PID=282) to work on /home/airflow/.local/lib/python3.12/site-packages/airflow/example_dags/example_python_decorator.py
[2025-04-21T17:03:34.314+0000] {processor.py:914} INFO - Processing file /home/airflow/.local/lib/python3.12/site-packages/airflow/example_dags/example_python_decorator.py for tasks to queue
[2025-04-21T17:03:34.315+0000] {logging_mixin.py:190} INFO - [2025-04-21T17:03:34.315+0000] {dagbag.py:588} INFO - Filling up the DagBag from /home/airflow/.local/lib/python3.12/site-packages/airflow/example_dags/example_python_decorator.py
[2025-04-21T17:03:34.321+0000] {processor.py:925} INFO - DAG(s) 'example_python_decorator' retrieved from /home/airflow/.local/lib/python3.12/site-packages/airflow/example_dags/example_python_decorator.py
[2025-04-21T17:03:34.332+0000] {logging_mixin.py:190} INFO - [2025-04-21T17:03:34.331+0000] {dag.py:3239} INFO - Sync 1 DAGs
[2025-04-21T17:03:34.337+0000] {logging_mixin.py:190} INFO - [2025-04-21T17:03:34.337+0000] {dag.py:4180} INFO - Setting next_dagrun for example_python_decorator to None, run_after=None
[2025-04-21T17:03:34.343+0000] {processor.py:208} INFO - Processing /home/airflow/.local/lib/python3.12/site-packages/airflow/example_dags/example_python_decorator.py took 0.034 seconds
[2025-04-21T17:04:05.593+0000] {processor.py:186} INFO - Started process (PID=345) to work on /home/airflow/.local/lib/python3.12/site-packages/airflow/example_dags/example_python_decorator.py
[2025-04-21T17:04:05.594+0000] {processor.py:914} INFO - Processing file /home/airflow/.local/lib/python3.12/site-packages/airflow/example_dags/example_python_decorator.py for tasks to queue
[2025-04-21T17:04:05.595+0000] {logging_mixin.py:190} INFO - [2025-04-21T17:04:05.595+0000] {dagbag.py:588} INFO - Filling up the DagBag from /home/airflow/.local/lib/python3.12/site-packages/airflow/example_dags/example_python_decorator.py
[2025-04-21T17:04:05.601+0000] {processor.py:925} INFO - DAG(s) 'example_python_decorator' retrieved from /home/airflow/.local/lib/python3.12/site-packages/airflow/example_dags/example_python_decorator.py
[2025-04-21T17:04:05.610+0000] {logging_mixin.py:190} INFO - [2025-04-21T17:04:05.610+0000] {dag.py:3239} INFO - Sync 1 DAGs
[2025-04-21T17:04:05.615+0000] {logging_mixin.py:190} INFO - [2025-04-21T17:04:05.615+0000] {dag.py:4180} INFO - Setting next_dagrun for example_python_decorator to None, run_after=None
[2025-04-21T17:04:05.622+0000] {processor.py:208} INFO - Processing /home/airflow/.local/lib/python3.12/site-packages/airflow/example_dags/example_python_decorator.py took 0.031 seconds
[2025-04-21T17:04:36.778+0000] {processor.py:186} INFO - Started process (PID=408) to work on /home/airflow/.local/lib/python3.12/site-packages/airflow/example_dags/example_python_decorator.py
[2025-04-21T17:04:36.779+0000] {processor.py:914} INFO - Processing file /home/airflow/.local/lib/python3.12/site-packages/airflow/example_dags/example_python_decorator.py for tasks to queue
[2025-04-21T17:04:36.780+0000] {logging_mixin.py:190} INFO - [2025-04-21T17:04:36.780+0000] {dagbag.py:588} INFO - Filling up the DagBag from /home/airflow/.local/lib/python3.12/site-packages/airflow/example_dags/example_python_decorator.py
[2025-04-21T17:04:36.790+0000] {processor.py:925} INFO - DAG(s) 'example_python_decorator' retrieved from /home/airflow/.local/lib/python3.12/site-packages/airflow/example_dags/example_python_decorator.py
[2025-04-21T17:04:36.802+0000] {logging_mixin.py:190} INFO - [2025-04-21T17:04:36.802+0000] {dag.py:3239} INFO - Sync 1 DAGs
[2025-04-21T17:04:36.808+0000] {logging_mixin.py:190} INFO - [2025-04-21T17:04:36.808+0000] {dag.py:4180} INFO - Setting next_dagrun for example_python_decorator to None, run_after=None
[2025-04-21T17:04:36.818+0000] {processor.py:208} INFO - Processing /home/airflow/.local/lib/python3.12/site-packages/airflow/example_dags/example_python_decorator.py took 0.042 seconds
[2025-04-21T17:05:08.069+0000] {processor.py:186} INFO - Started process (PID=471) to work on /home/airflow/.local/lib/python3.12/site-packages/airflow/example_dags/example_python_decorator.py
[2025-04-21T17:05:08.070+0000] {processor.py:914} INFO - Processing file /home/airflow/.local/lib/python3.12/site-packages/airflow/example_dags/example_python_decorator.py for tasks to queue
[2025-04-21T17:05:08.071+0000] {logging_mixin.py:190} INFO - [2025-04-21T17:05:08.071+0000] {dagbag.py:588} INFO - Filling up the DagBag from /home/airflow/.local/lib/python3.12/site-packages/airflow/example_dags/example_python_decorator.py
[2025-04-21T17:05:08.077+0000] {processor.py:925} INFO - DAG(s) 'example_python_decorator' retrieved from /home/airflow/.local/lib/python3.12/site-packages/airflow/example_dags/example_python_decorator.py
[2025-04-21T17:05:08.088+0000] {logging_mixin.py:190} INFO - [2025-04-21T17:05:08.088+0000] {dag.py:3239} INFO - Sync 1 DAGs
[2025-04-21T17:05:08.095+0000] {logging_mixin.py:190} INFO - [2025-04-21T17:05:08.094+0000] {dag.py:4180} INFO - Setting next_dagrun for example_python_decorator to None, run_after=None
[2025-04-21T17:05:08.102+0000] {processor.py:208} INFO - Processing /home/airflow/.local/lib/python3.12/site-packages/airflow/example_dags/example_python_decorator.py took 0.036 seconds
[2025-04-21T17:05:56.677+0000] {processor.py:186} INFO - Started process (PID=94) to work on /home/airflow/.local/lib/python3.12/site-packages/airflow/example_dags/example_python_decorator.py
[2025-04-21T17:05:56.678+0000] {processor.py:914} INFO - Processing file /home/airflow/.local/lib/python3.12/site-packages/airflow/example_dags/example_python_decorator.py for tasks to queue
[2025-04-21T17:05:56.679+0000] {logging_mixin.py:190} INFO - [2025-04-21T17:05:56.679+0000] {dagbag.py:588} INFO - Filling up the DagBag from /home/airflow/.local/lib/python3.12/site-packages/airflow/example_dags/example_python_decorator.py
[2025-04-21T17:05:56.686+0000] {processor.py:925} INFO - DAG(s) 'example_python_decorator' retrieved from /home/airflow/.local/lib/python3.12/site-packages/airflow/example_dags/example_python_decorator.py
[2025-04-21T17:05:56.730+0000] {logging_mixin.py:190} INFO - [2025-04-21T17:05:56.730+0000] {dag.py:3239} INFO - Sync 1 DAGs
[2025-04-21T17:05:56.735+0000] {logging_mixin.py:190} INFO - [2025-04-21T17:05:56.735+0000] {dag.py:4180} INFO - Setting next_dagrun for example_python_decorator to None, run_after=None
[2025-04-21T17:05:56.742+0000] {processor.py:208} INFO - Processing /home/airflow/.local/lib/python3.12/site-packages/airflow/example_dags/example_python_decorator.py took 0.068 seconds
[2025-04-21T17:06:26.881+0000] {processor.py:186} INFO - Started process (PID=157) to work on /home/airflow/.local/lib/python3.12/site-packages/airflow/example_dags/example_python_decorator.py
[2025-04-21T17:06:26.882+0000] {processor.py:914} INFO - Processing file /home/airflow/.local/lib/python3.12/site-packages/airflow/example_dags/example_python_decorator.py for tasks to queue
[2025-04-21T17:06:26.883+0000] {logging_mixin.py:190} INFO - [2025-04-21T17:06:26.883+0000] {dagbag.py:588} INFO - Filling up the DagBag from /home/airflow/.local/lib/python3.12/site-packages/airflow/example_dags/example_python_decorator.py
[2025-04-21T17:06:26.888+0000] {processor.py:925} INFO - DAG(s) 'example_python_decorator' retrieved from /home/airflow/.local/lib/python3.12/site-packages/airflow/example_dags/example_python_decorator.py
[2025-04-21T17:06:26.897+0000] {logging_mixin.py:190} INFO - [2025-04-21T17:06:26.896+0000] {dag.py:3239} INFO - Sync 1 DAGs
[2025-04-21T17:06:26.901+0000] {logging_mixin.py:190} INFO - [2025-04-21T17:06:26.901+0000] {dag.py:4180} INFO - Setting next_dagrun for example_python_decorator to None, run_after=None
[2025-04-21T17:06:26.907+0000] {processor.py:208} INFO - Processing /home/airflow/.local/lib/python3.12/site-packages/airflow/example_dags/example_python_decorator.py took 0.028 seconds
[2025-04-21T17:06:58.001+0000] {processor.py:186} INFO - Started process (PID=220) to work on /home/airflow/.local/lib/python3.12/site-packages/airflow/example_dags/example_python_decorator.py
[2025-04-21T17:06:58.002+0000] {processor.py:914} INFO - Processing file /home/airflow/.local/lib/python3.12/site-packages/airflow/example_dags/example_python_decorator.py for tasks to queue
[2025-04-21T17:06:58.003+0000] {logging_mixin.py:190} INFO - [2025-04-21T17:06:58.002+0000] {dagbag.py:588} INFO - Filling up the DagBag from /home/airflow/.local/lib/python3.12/site-packages/airflow/example_dags/example_python_decorator.py
[2025-04-21T17:06:58.009+0000] {processor.py:925} INFO - DAG(s) 'example_python_decorator' retrieved from /home/airflow/.local/lib/python3.12/site-packages/airflow/example_dags/example_python_decorator.py
[2025-04-21T17:06:58.018+0000] {logging_mixin.py:190} INFO - [2025-04-21T17:06:58.018+0000] {dag.py:3239} INFO - Sync 1 DAGs
[2025-04-21T17:06:58.024+0000] {logging_mixin.py:190} INFO - [2025-04-21T17:06:58.024+0000] {dag.py:4180} INFO - Setting next_dagrun for example_python_decorator to None, run_after=None
[2025-04-21T17:06:58.031+0000] {processor.py:208} INFO - Processing /home/airflow/.local/lib/python3.12/site-packages/airflow/example_dags/example_python_decorator.py took 0.033 seconds
[2025-04-21T17:07:29.033+0000] {processor.py:186} INFO - Started process (PID=283) to work on /home/airflow/.local/lib/python3.12/site-packages/airflow/example_dags/example_python_decorator.py
[2025-04-21T17:07:29.033+0000] {processor.py:914} INFO - Processing file /home/airflow/.local/lib/python3.12/site-packages/airflow/example_dags/example_python_decorator.py for tasks to queue
[2025-04-21T17:07:29.034+0000] {logging_mixin.py:190} INFO - [2025-04-21T17:07:29.034+0000] {dagbag.py:588} INFO - Filling up the DagBag from /home/airflow/.local/lib/python3.12/site-packages/airflow/example_dags/example_python_decorator.py
[2025-04-21T17:07:29.040+0000] {processor.py:925} INFO - DAG(s) 'example_python_decorator' retrieved from /home/airflow/.local/lib/python3.12/site-packages/airflow/example_dags/example_python_decorator.py
[2025-04-21T17:07:29.049+0000] {logging_mixin.py:190} INFO - [2025-04-21T17:07:29.049+0000] {dag.py:3239} INFO - Sync 1 DAGs
[2025-04-21T17:07:29.054+0000] {logging_mixin.py:190} INFO - [2025-04-21T17:07:29.054+0000] {dag.py:4180} INFO - Setting next_dagrun for example_python_decorator to None, run_after=None
[2025-04-21T17:07:29.060+0000] {processor.py:208} INFO - Processing /home/airflow/.local/lib/python3.12/site-packages/airflow/example_dags/example_python_decorator.py took 0.030 seconds
[2025-04-21T17:08:00.122+0000] {processor.py:186} INFO - Started process (PID=346) to work on /home/airflow/.local/lib/python3.12/site-packages/airflow/example_dags/example_python_decorator.py
[2025-04-21T17:08:00.122+0000] {processor.py:914} INFO - Processing file /home/airflow/.local/lib/python3.12/site-packages/airflow/example_dags/example_python_decorator.py for tasks to queue
[2025-04-21T17:08:00.125+0000] {logging_mixin.py:190} INFO - [2025-04-21T17:08:00.125+0000] {dagbag.py:588} INFO - Filling up the DagBag from /home/airflow/.local/lib/python3.12/site-packages/airflow/example_dags/example_python_decorator.py
[2025-04-21T17:08:00.131+0000] {processor.py:925} INFO - DAG(s) 'example_python_decorator' retrieved from /home/airflow/.local/lib/python3.12/site-packages/airflow/example_dags/example_python_decorator.py
[2025-04-21T17:08:00.139+0000] {logging_mixin.py:190} INFO - [2025-04-21T17:08:00.139+0000] {dag.py:3239} INFO - Sync 1 DAGs
[2025-04-21T17:08:00.145+0000] {logging_mixin.py:190} INFO - [2025-04-21T17:08:00.144+0000] {dag.py:4180} INFO - Setting next_dagrun for example_python_decorator to None, run_after=None
[2025-04-21T17:08:00.153+0000] {processor.py:208} INFO - Processing /home/airflow/.local/lib/python3.12/site-packages/airflow/example_dags/example_python_decorator.py took 0.033 seconds
[2025-04-21T17:08:31.424+0000] {processor.py:186} INFO - Started process (PID=409) to work on /home/airflow/.local/lib/python3.12/site-packages/airflow/example_dags/example_python_decorator.py
[2025-04-21T17:08:31.424+0000] {processor.py:914} INFO - Processing file /home/airflow/.local/lib/python3.12/site-packages/airflow/example_dags/example_python_decorator.py for tasks to queue
[2025-04-21T17:08:31.425+0000] {logging_mixin.py:190} INFO - [2025-04-21T17:08:31.425+0000] {dagbag.py:588} INFO - Filling up the DagBag from /home/airflow/.local/lib/python3.12/site-packages/airflow/example_dags/example_python_decorator.py
[2025-04-21T17:08:31.433+0000] {processor.py:925} INFO - DAG(s) 'example_python_decorator' retrieved from /home/airflow/.local/lib/python3.12/site-packages/airflow/example_dags/example_python_decorator.py
[2025-04-21T17:08:31.443+0000] {logging_mixin.py:190} INFO - [2025-04-21T17:08:31.443+0000] {dag.py:3239} INFO - Sync 1 DAGs
[2025-04-21T17:08:31.448+0000] {logging_mixin.py:190} INFO - [2025-04-21T17:08:31.448+0000] {dag.py:4180} INFO - Setting next_dagrun for example_python_decorator to None, run_after=None
[2025-04-21T17:08:31.455+0000] {processor.py:208} INFO - Processing /home/airflow/.local/lib/python3.12/site-packages/airflow/example_dags/example_python_decorator.py took 0.034 seconds
[2025-04-21T17:09:02.440+0000] {processor.py:186} INFO - Started process (PID=472) to work on /home/airflow/.local/lib/python3.12/site-packages/airflow/example_dags/example_python_decorator.py
[2025-04-21T17:09:02.441+0000] {processor.py:914} INFO - Processing file /home/airflow/.local/lib/python3.12/site-packages/airflow/example_dags/example_python_decorator.py for tasks to queue
[2025-04-21T17:09:02.442+0000] {logging_mixin.py:190} INFO - [2025-04-21T17:09:02.442+0000] {dagbag.py:588} INFO - Filling up the DagBag from /home/airflow/.local/lib/python3.12/site-packages/airflow/example_dags/example_python_decorator.py
[2025-04-21T17:09:02.448+0000] {processor.py:925} INFO - DAG(s) 'example_python_decorator' retrieved from /home/airflow/.local/lib/python3.12/site-packages/airflow/example_dags/example_python_decorator.py
[2025-04-21T17:09:02.457+0000] {logging_mixin.py:190} INFO - [2025-04-21T17:09:02.457+0000] {dag.py:3239} INFO - Sync 1 DAGs
[2025-04-21T17:09:02.462+0000] {logging_mixin.py:190} INFO - [2025-04-21T17:09:02.461+0000] {dag.py:4180} INFO - Setting next_dagrun for example_python_decorator to None, run_after=None
[2025-04-21T17:09:02.468+0000] {processor.py:208} INFO - Processing /home/airflow/.local/lib/python3.12/site-packages/airflow/example_dags/example_python_decorator.py took 0.031 seconds
[2025-04-21T17:09:33.556+0000] {processor.py:186} INFO - Started process (PID=535) to work on /home/airflow/.local/lib/python3.12/site-packages/airflow/example_dags/example_python_decorator.py
[2025-04-21T17:09:33.556+0000] {processor.py:914} INFO - Processing file /home/airflow/.local/lib/python3.12/site-packages/airflow/example_dags/example_python_decorator.py for tasks to queue
[2025-04-21T17:09:33.558+0000] {logging_mixin.py:190} INFO - [2025-04-21T17:09:33.558+0000] {dagbag.py:588} INFO - Filling up the DagBag from /home/airflow/.local/lib/python3.12/site-packages/airflow/example_dags/example_python_decorator.py
[2025-04-21T17:09:33.564+0000] {processor.py:925} INFO - DAG(s) 'example_python_decorator' retrieved from /home/airflow/.local/lib/python3.12/site-packages/airflow/example_dags/example_python_decorator.py
[2025-04-21T17:09:33.574+0000] {logging_mixin.py:190} INFO - [2025-04-21T17:09:33.574+0000] {dag.py:3239} INFO - Sync 1 DAGs
[2025-04-21T17:09:33.580+0000] {logging_mixin.py:190} INFO - [2025-04-21T17:09:33.580+0000] {dag.py:4180} INFO - Setting next_dagrun for example_python_decorator to None, run_after=None
[2025-04-21T17:09:33.587+0000] {processor.py:208} INFO - Processing /home/airflow/.local/lib/python3.12/site-packages/airflow/example_dags/example_python_decorator.py took 0.034 seconds
[2025-04-21T17:10:04.640+0000] {processor.py:186} INFO - Started process (PID=598) to work on /home/airflow/.local/lib/python3.12/site-packages/airflow/example_dags/example_python_decorator.py
[2025-04-21T17:10:04.640+0000] {processor.py:914} INFO - Processing file /home/airflow/.local/lib/python3.12/site-packages/airflow/example_dags/example_python_decorator.py for tasks to queue
[2025-04-21T17:10:04.641+0000] {logging_mixin.py:190} INFO - [2025-04-21T17:10:04.641+0000] {dagbag.py:588} INFO - Filling up the DagBag from /home/airflow/.local/lib/python3.12/site-packages/airflow/example_dags/example_python_decorator.py
[2025-04-21T17:10:04.648+0000] {processor.py:925} INFO - DAG(s) 'example_python_decorator' retrieved from /home/airflow/.local/lib/python3.12/site-packages/airflow/example_dags/example_python_decorator.py
[2025-04-21T17:10:04.659+0000] {logging_mixin.py:190} INFO - [2025-04-21T17:10:04.659+0000] {dag.py:3239} INFO - Sync 1 DAGs
[2025-04-21T17:10:04.667+0000] {logging_mixin.py:190} INFO - [2025-04-21T17:10:04.666+0000] {dag.py:4180} INFO - Setting next_dagrun for example_python_decorator to None, run_after=None
[2025-04-21T17:10:04.680+0000] {processor.py:208} INFO - Processing /home/airflow/.local/lib/python3.12/site-packages/airflow/example_dags/example_python_decorator.py took 0.042 seconds
[2025-04-21T17:10:35.774+0000] {processor.py:186} INFO - Started process (PID=661) to work on /home/airflow/.local/lib/python3.12/site-packages/airflow/example_dags/example_python_decorator.py
[2025-04-21T17:10:35.777+0000] {processor.py:914} INFO - Processing file /home/airflow/.local/lib/python3.12/site-packages/airflow/example_dags/example_python_decorator.py for tasks to queue
[2025-04-21T17:10:35.781+0000] {logging_mixin.py:190} INFO - [2025-04-21T17:10:35.781+0000] {dagbag.py:588} INFO - Filling up the DagBag from /home/airflow/.local/lib/python3.12/site-packages/airflow/example_dags/example_python_decorator.py
[2025-04-21T17:10:35.786+0000] {processor.py:925} INFO - DAG(s) 'example_python_decorator' retrieved from /home/airflow/.local/lib/python3.12/site-packages/airflow/example_dags/example_python_decorator.py
[2025-04-21T17:10:35.795+0000] {logging_mixin.py:190} INFO - [2025-04-21T17:10:35.795+0000] {dag.py:3239} INFO - Sync 1 DAGs
[2025-04-21T17:10:35.803+0000] {logging_mixin.py:190} INFO - [2025-04-21T17:10:35.803+0000] {dag.py:4180} INFO - Setting next_dagrun for example_python_decorator to None, run_after=None
[2025-04-21T17:10:35.810+0000] {processor.py:208} INFO - Processing /home/airflow/.local/lib/python3.12/site-packages/airflow/example_dags/example_python_decorator.py took 0.038 seconds
[2025-04-21T17:11:06.976+0000] {processor.py:186} INFO - Started process (PID=725) to work on /home/airflow/.local/lib/python3.12/site-packages/airflow/example_dags/example_python_decorator.py
[2025-04-21T17:11:06.976+0000] {processor.py:914} INFO - Processing file /home/airflow/.local/lib/python3.12/site-packages/airflow/example_dags/example_python_decorator.py for tasks to queue
[2025-04-21T17:11:06.978+0000] {logging_mixin.py:190} INFO - [2025-04-21T17:11:06.978+0000] {dagbag.py:588} INFO - Filling up the DagBag from /home/airflow/.local/lib/python3.12/site-packages/airflow/example_dags/example_python_decorator.py
[2025-04-21T17:11:06.983+0000] {processor.py:925} INFO - DAG(s) 'example_python_decorator' retrieved from /home/airflow/.local/lib/python3.12/site-packages/airflow/example_dags/example_python_decorator.py
[2025-04-21T17:11:06.992+0000] {logging_mixin.py:190} INFO - [2025-04-21T17:11:06.992+0000] {dag.py:3239} INFO - Sync 1 DAGs
[2025-04-21T17:11:06.999+0000] {logging_mixin.py:190} INFO - [2025-04-21T17:11:06.999+0000] {dag.py:4180} INFO - Setting next_dagrun for example_python_decorator to None, run_after=None
[2025-04-21T17:11:07.006+0000] {processor.py:208} INFO - Processing /home/airflow/.local/lib/python3.12/site-packages/airflow/example_dags/example_python_decorator.py took 0.032 seconds
[2025-04-21T17:11:38.316+0000] {processor.py:186} INFO - Started process (PID=789) to work on /home/airflow/.local/lib/python3.12/site-packages/airflow/example_dags/example_python_decorator.py
[2025-04-21T17:11:38.318+0000] {processor.py:914} INFO - Processing file /home/airflow/.local/lib/python3.12/site-packages/airflow/example_dags/example_python_decorator.py for tasks to queue
[2025-04-21T17:11:38.320+0000] {logging_mixin.py:190} INFO - [2025-04-21T17:11:38.320+0000] {dagbag.py:588} INFO - Filling up the DagBag from /home/airflow/.local/lib/python3.12/site-packages/airflow/example_dags/example_python_decorator.py
[2025-04-21T17:11:38.326+0000] {processor.py:925} INFO - DAG(s) 'example_python_decorator' retrieved from /home/airflow/.local/lib/python3.12/site-packages/airflow/example_dags/example_python_decorator.py
[2025-04-21T17:11:38.335+0000] {logging_mixin.py:190} INFO - [2025-04-21T17:11:38.335+0000] {dag.py:3239} INFO - Sync 1 DAGs
[2025-04-21T17:11:38.341+0000] {logging_mixin.py:190} INFO - [2025-04-21T17:11:38.341+0000] {dag.py:4180} INFO - Setting next_dagrun for example_python_decorator to None, run_after=None
[2025-04-21T17:11:38.349+0000] {processor.py:208} INFO - Processing /home/airflow/.local/lib/python3.12/site-packages/airflow/example_dags/example_python_decorator.py took 0.035 seconds
