[2025-04-21T17:02:00.147+0000] {processor.py:186} INFO - Started process (PID=66) to work on /home/airflow/.local/lib/python3.12/site-packages/airflow/example_dags/example_dag_decorator.py
[2025-04-21T17:02:00.147+0000] {processor.py:914} INFO - Processing file /home/airflow/.local/lib/python3.12/site-packages/airflow/example_dags/example_dag_decorator.py for tasks to queue
[2025-04-21T17:02:00.148+0000] {logging_mixin.py:190} INFO - [2025-04-21T17:02:00.148+0000] {dagbag.py:588} INFO - Filling up the DagBag from /home/airflow/.local/lib/python3.12/site-packages/airflow/example_dags/example_dag_decorator.py
[2025-04-21T17:02:00.330+0000] {processor.py:925} INFO - DAG(s) 'example_dag_decorator' retrieved from /home/airflow/.local/lib/python3.12/site-packages/airflow/example_dags/example_dag_decorator.py
[2025-04-21T17:02:00.396+0000] {logging_mixin.py:190} INFO - [2025-04-21T17:02:00.396+0000] {override.py:1912} INFO - Created Permission View: can read on DAG:example_dag_decorator
[2025-04-21T17:02:00.404+0000] {logging_mixin.py:190} INFO - [2025-04-21T17:02:00.404+0000] {override.py:1912} INFO - Created Permission View: can edit on DAG:example_dag_decorator
[2025-04-21T17:02:00.406+0000] {logging_mixin.py:190} INFO - [2025-04-21T17:02:00.406+0000] {override.py:1912} INFO - Created Permission View: can delete on DAG:example_dag_decorator
[2025-04-21T17:02:00.409+0000] {logging_mixin.py:190} INFO - [2025-04-21T17:02:00.409+0000] {override.py:1912} INFO - Created Permission View: can read on DAG Run:example_dag_decorator
[2025-04-21T17:02:00.411+0000] {logging_mixin.py:190} INFO - [2025-04-21T17:02:00.411+0000] {override.py:1912} INFO - Created Permission View: can delete on DAG Run:example_dag_decorator
[2025-04-21T17:02:00.413+0000] {logging_mixin.py:190} INFO - [2025-04-21T17:02:00.413+0000] {override.py:1912} INFO - Created Permission View: menu access on DAG Run:example_dag_decorator
[2025-04-21T17:02:00.416+0000] {logging_mixin.py:190} INFO - [2025-04-21T17:02:00.416+0000] {override.py:1912} INFO - Created Permission View: can create on DAG Run:example_dag_decorator
[2025-04-21T17:02:00.416+0000] {logging_mixin.py:190} INFO - [2025-04-21T17:02:00.416+0000] {dag.py:3239} INFO - Sync 1 DAGs
[2025-04-21T17:02:00.424+0000] {logging_mixin.py:190} INFO - [2025-04-21T17:02:00.424+0000] {dag.py:3262} INFO - Creating ORM DAG for example_dag_decorator
[2025-04-21T17:02:00.425+0000] {logging_mixin.py:190} INFO - [2025-04-21T17:02:00.425+0000] {dag.py:4180} INFO - Setting next_dagrun for example_dag_decorator to None, run_after=None
[2025-04-21T17:02:00.433+0000] {processor.py:208} INFO - Processing /home/airflow/.local/lib/python3.12/site-packages/airflow/example_dags/example_dag_decorator.py took 0.288 seconds
[2025-04-21T17:02:30.646+0000] {processor.py:186} INFO - Started process (PID=129) to work on /home/airflow/.local/lib/python3.12/site-packages/airflow/example_dags/example_dag_decorator.py
[2025-04-21T17:02:30.646+0000] {processor.py:914} INFO - Processing file /home/airflow/.local/lib/python3.12/site-packages/airflow/example_dags/example_dag_decorator.py for tasks to queue
[2025-04-21T17:02:30.648+0000] {logging_mixin.py:190} INFO - [2025-04-21T17:02:30.647+0000] {dagbag.py:588} INFO - Filling up the DagBag from /home/airflow/.local/lib/python3.12/site-packages/airflow/example_dags/example_dag_decorator.py
[2025-04-21T17:02:30.709+0000] {processor.py:925} INFO - DAG(s) 'example_dag_decorator' retrieved from /home/airflow/.local/lib/python3.12/site-packages/airflow/example_dags/example_dag_decorator.py
[2025-04-21T17:02:30.756+0000] {logging_mixin.py:190} INFO - [2025-04-21T17:02:30.756+0000] {dag.py:3239} INFO - Sync 1 DAGs
[2025-04-21T17:02:30.761+0000] {logging_mixin.py:190} INFO - [2025-04-21T17:02:30.760+0000] {dag.py:4180} INFO - Setting next_dagrun for example_dag_decorator to None, run_after=None
[2025-04-21T17:02:30.771+0000] {processor.py:208} INFO - Processing /home/airflow/.local/lib/python3.12/site-packages/airflow/example_dags/example_dag_decorator.py took 0.127 seconds
[2025-04-21T17:03:01.249+0000] {processor.py:186} INFO - Started process (PID=192) to work on /home/airflow/.local/lib/python3.12/site-packages/airflow/example_dags/example_dag_decorator.py
[2025-04-21T17:03:01.250+0000] {processor.py:914} INFO - Processing file /home/airflow/.local/lib/python3.12/site-packages/airflow/example_dags/example_dag_decorator.py for tasks to queue
[2025-04-21T17:03:01.251+0000] {logging_mixin.py:190} INFO - [2025-04-21T17:03:01.251+0000] {dagbag.py:588} INFO - Filling up the DagBag from /home/airflow/.local/lib/python3.12/site-packages/airflow/example_dags/example_dag_decorator.py
[2025-04-21T17:03:01.286+0000] {processor.py:925} INFO - DAG(s) 'example_dag_decorator' retrieved from /home/airflow/.local/lib/python3.12/site-packages/airflow/example_dags/example_dag_decorator.py
[2025-04-21T17:03:01.324+0000] {logging_mixin.py:190} INFO - [2025-04-21T17:03:01.324+0000] {dag.py:3239} INFO - Sync 1 DAGs
[2025-04-21T17:03:01.328+0000] {logging_mixin.py:190} INFO - [2025-04-21T17:03:01.328+0000] {dag.py:4180} INFO - Setting next_dagrun for example_dag_decorator to None, run_after=None
[2025-04-21T17:03:01.334+0000] {processor.py:208} INFO - Processing /home/airflow/.local/lib/python3.12/site-packages/airflow/example_dags/example_dag_decorator.py took 0.087 seconds
[2025-04-21T17:03:32.441+0000] {processor.py:186} INFO - Started process (PID=254) to work on /home/airflow/.local/lib/python3.12/site-packages/airflow/example_dags/example_dag_decorator.py
[2025-04-21T17:03:32.445+0000] {processor.py:914} INFO - Processing file /home/airflow/.local/lib/python3.12/site-packages/airflow/example_dags/example_dag_decorator.py for tasks to queue
[2025-04-21T17:03:32.446+0000] {logging_mixin.py:190} INFO - [2025-04-21T17:03:32.446+0000] {dagbag.py:588} INFO - Filling up the DagBag from /home/airflow/.local/lib/python3.12/site-packages/airflow/example_dags/example_dag_decorator.py
[2025-04-21T17:03:32.481+0000] {processor.py:925} INFO - DAG(s) 'example_dag_decorator' retrieved from /home/airflow/.local/lib/python3.12/site-packages/airflow/example_dags/example_dag_decorator.py
[2025-04-21T17:03:32.520+0000] {logging_mixin.py:190} INFO - [2025-04-21T17:03:32.520+0000] {dag.py:3239} INFO - Sync 1 DAGs
[2025-04-21T17:03:32.525+0000] {logging_mixin.py:190} INFO - [2025-04-21T17:03:32.525+0000] {dag.py:4180} INFO - Setting next_dagrun for example_dag_decorator to None, run_after=None
[2025-04-21T17:03:32.532+0000] {processor.py:208} INFO - Processing /home/airflow/.local/lib/python3.12/site-packages/airflow/example_dags/example_dag_decorator.py took 0.093 seconds
[2025-04-21T17:04:03.599+0000] {processor.py:186} INFO - Started process (PID=317) to work on /home/airflow/.local/lib/python3.12/site-packages/airflow/example_dags/example_dag_decorator.py
[2025-04-21T17:04:03.600+0000] {processor.py:914} INFO - Processing file /home/airflow/.local/lib/python3.12/site-packages/airflow/example_dags/example_dag_decorator.py for tasks to queue
[2025-04-21T17:04:03.601+0000] {logging_mixin.py:190} INFO - [2025-04-21T17:04:03.601+0000] {dagbag.py:588} INFO - Filling up the DagBag from /home/airflow/.local/lib/python3.12/site-packages/airflow/example_dags/example_dag_decorator.py
[2025-04-21T17:04:03.636+0000] {processor.py:925} INFO - DAG(s) 'example_dag_decorator' retrieved from /home/airflow/.local/lib/python3.12/site-packages/airflow/example_dags/example_dag_decorator.py
[2025-04-21T17:04:03.675+0000] {logging_mixin.py:190} INFO - [2025-04-21T17:04:03.675+0000] {dag.py:3239} INFO - Sync 1 DAGs
[2025-04-21T17:04:03.680+0000] {logging_mixin.py:190} INFO - [2025-04-21T17:04:03.680+0000] {dag.py:4180} INFO - Setting next_dagrun for example_dag_decorator to None, run_after=None
[2025-04-21T17:04:03.686+0000] {processor.py:208} INFO - Processing /home/airflow/.local/lib/python3.12/site-packages/airflow/example_dags/example_dag_decorator.py took 0.089 seconds
[2025-04-21T17:04:34.841+0000] {processor.py:186} INFO - Started process (PID=380) to work on /home/airflow/.local/lib/python3.12/site-packages/airflow/example_dags/example_dag_decorator.py
[2025-04-21T17:04:34.843+0000] {processor.py:914} INFO - Processing file /home/airflow/.local/lib/python3.12/site-packages/airflow/example_dags/example_dag_decorator.py for tasks to queue
[2025-04-21T17:04:34.844+0000] {logging_mixin.py:190} INFO - [2025-04-21T17:04:34.844+0000] {dagbag.py:588} INFO - Filling up the DagBag from /home/airflow/.local/lib/python3.12/site-packages/airflow/example_dags/example_dag_decorator.py
[2025-04-21T17:04:34.880+0000] {processor.py:925} INFO - DAG(s) 'example_dag_decorator' retrieved from /home/airflow/.local/lib/python3.12/site-packages/airflow/example_dags/example_dag_decorator.py
[2025-04-21T17:04:34.924+0000] {logging_mixin.py:190} INFO - [2025-04-21T17:04:34.924+0000] {dag.py:3239} INFO - Sync 1 DAGs
[2025-04-21T17:04:34.931+0000] {logging_mixin.py:190} INFO - [2025-04-21T17:04:34.930+0000] {dag.py:4180} INFO - Setting next_dagrun for example_dag_decorator to None, run_after=None
[2025-04-21T17:04:34.937+0000] {processor.py:208} INFO - Processing /home/airflow/.local/lib/python3.12/site-packages/airflow/example_dags/example_dag_decorator.py took 0.098 seconds
[2025-04-21T17:05:06.083+0000] {processor.py:186} INFO - Started process (PID=443) to work on /home/airflow/.local/lib/python3.12/site-packages/airflow/example_dags/example_dag_decorator.py
[2025-04-21T17:05:06.083+0000] {processor.py:914} INFO - Processing file /home/airflow/.local/lib/python3.12/site-packages/airflow/example_dags/example_dag_decorator.py for tasks to queue
[2025-04-21T17:05:06.084+0000] {logging_mixin.py:190} INFO - [2025-04-21T17:05:06.084+0000] {dagbag.py:588} INFO - Filling up the DagBag from /home/airflow/.local/lib/python3.12/site-packages/airflow/example_dags/example_dag_decorator.py
[2025-04-21T17:05:06.128+0000] {processor.py:925} INFO - DAG(s) 'example_dag_decorator' retrieved from /home/airflow/.local/lib/python3.12/site-packages/airflow/example_dags/example_dag_decorator.py
[2025-04-21T17:05:06.138+0000] {logging_mixin.py:190} INFO - [2025-04-21T17:05:06.137+0000] {dag.py:3239} INFO - Sync 1 DAGs
[2025-04-21T17:05:06.142+0000] {logging_mixin.py:190} INFO - [2025-04-21T17:05:06.142+0000] {dag.py:4180} INFO - Setting next_dagrun for example_dag_decorator to None, run_after=None
[2025-04-21T17:05:06.150+0000] {processor.py:208} INFO - Processing /home/airflow/.local/lib/python3.12/site-packages/airflow/example_dags/example_dag_decorator.py took 0.071 seconds
[2025-04-21T17:05:55.573+0000] {processor.py:186} INFO - Started process (PID=66) to work on /home/airflow/.local/lib/python3.12/site-packages/airflow/example_dags/example_dag_decorator.py
[2025-04-21T17:05:55.573+0000] {processor.py:914} INFO - Processing file /home/airflow/.local/lib/python3.12/site-packages/airflow/example_dags/example_dag_decorator.py for tasks to queue
[2025-04-21T17:05:55.574+0000] {logging_mixin.py:190} INFO - [2025-04-21T17:05:55.574+0000] {dagbag.py:588} INFO - Filling up the DagBag from /home/airflow/.local/lib/python3.12/site-packages/airflow/example_dags/example_dag_decorator.py
[2025-04-21T17:05:55.749+0000] {processor.py:925} INFO - DAG(s) 'example_dag_decorator' retrieved from /home/airflow/.local/lib/python3.12/site-packages/airflow/example_dags/example_dag_decorator.py
[2025-04-21T17:05:55.797+0000] {logging_mixin.py:190} INFO - [2025-04-21T17:05:55.797+0000] {dag.py:3239} INFO - Sync 1 DAGs
[2025-04-21T17:05:55.802+0000] {logging_mixin.py:190} INFO - [2025-04-21T17:05:55.802+0000] {dag.py:4180} INFO - Setting next_dagrun for example_dag_decorator to None, run_after=None
[2025-04-21T17:05:55.811+0000] {processor.py:208} INFO - Processing /home/airflow/.local/lib/python3.12/site-packages/airflow/example_dags/example_dag_decorator.py took 0.241 seconds
[2025-04-21T17:06:26.003+0000] {processor.py:186} INFO - Started process (PID=129) to work on /home/airflow/.local/lib/python3.12/site-packages/airflow/example_dags/example_dag_decorator.py
[2025-04-21T17:06:26.004+0000] {processor.py:914} INFO - Processing file /home/airflow/.local/lib/python3.12/site-packages/airflow/example_dags/example_dag_decorator.py for tasks to queue
[2025-04-21T17:06:26.005+0000] {logging_mixin.py:190} INFO - [2025-04-21T17:06:26.005+0000] {dagbag.py:588} INFO - Filling up the DagBag from /home/airflow/.local/lib/python3.12/site-packages/airflow/example_dags/example_dag_decorator.py
[2025-04-21T17:06:26.044+0000] {processor.py:925} INFO - DAG(s) 'example_dag_decorator' retrieved from /home/airflow/.local/lib/python3.12/site-packages/airflow/example_dags/example_dag_decorator.py
[2025-04-21T17:06:26.054+0000] {logging_mixin.py:190} INFO - [2025-04-21T17:06:26.054+0000] {dag.py:3239} INFO - Sync 1 DAGs
[2025-04-21T17:06:26.062+0000] {logging_mixin.py:190} INFO - [2025-04-21T17:06:26.062+0000] {dag.py:4180} INFO - Setting next_dagrun for example_dag_decorator to None, run_after=None
[2025-04-21T17:06:26.070+0000] {processor.py:208} INFO - Processing /home/airflow/.local/lib/python3.12/site-packages/airflow/example_dags/example_dag_decorator.py took 0.070 seconds
[2025-04-21T17:06:57.104+0000] {processor.py:186} INFO - Started process (PID=192) to work on /home/airflow/.local/lib/python3.12/site-packages/airflow/example_dags/example_dag_decorator.py
[2025-04-21T17:06:57.105+0000] {processor.py:914} INFO - Processing file /home/airflow/.local/lib/python3.12/site-packages/airflow/example_dags/example_dag_decorator.py for tasks to queue
[2025-04-21T17:06:57.106+0000] {logging_mixin.py:190} INFO - [2025-04-21T17:06:57.106+0000] {dagbag.py:588} INFO - Filling up the DagBag from /home/airflow/.local/lib/python3.12/site-packages/airflow/example_dags/example_dag_decorator.py
[2025-04-21T17:06:57.142+0000] {processor.py:925} INFO - DAG(s) 'example_dag_decorator' retrieved from /home/airflow/.local/lib/python3.12/site-packages/airflow/example_dags/example_dag_decorator.py
[2025-04-21T17:06:57.182+0000] {logging_mixin.py:190} INFO - [2025-04-21T17:06:57.182+0000] {dag.py:3239} INFO - Sync 1 DAGs
[2025-04-21T17:06:57.186+0000] {logging_mixin.py:190} INFO - [2025-04-21T17:06:57.186+0000] {dag.py:4180} INFO - Setting next_dagrun for example_dag_decorator to None, run_after=None
[2025-04-21T17:06:57.194+0000] {processor.py:208} INFO - Processing /home/airflow/.local/lib/python3.12/site-packages/airflow/example_dags/example_dag_decorator.py took 0.093 seconds
[2025-04-21T17:07:28.226+0000] {processor.py:186} INFO - Started process (PID=255) to work on /home/airflow/.local/lib/python3.12/site-packages/airflow/example_dags/example_dag_decorator.py
[2025-04-21T17:07:28.227+0000] {processor.py:914} INFO - Processing file /home/airflow/.local/lib/python3.12/site-packages/airflow/example_dags/example_dag_decorator.py for tasks to queue
[2025-04-21T17:07:28.228+0000] {logging_mixin.py:190} INFO - [2025-04-21T17:07:28.227+0000] {dagbag.py:588} INFO - Filling up the DagBag from /home/airflow/.local/lib/python3.12/site-packages/airflow/example_dags/example_dag_decorator.py
[2025-04-21T17:07:28.261+0000] {processor.py:925} INFO - DAG(s) 'example_dag_decorator' retrieved from /home/airflow/.local/lib/python3.12/site-packages/airflow/example_dags/example_dag_decorator.py
[2025-04-21T17:07:28.299+0000] {logging_mixin.py:190} INFO - [2025-04-21T17:07:28.299+0000] {dag.py:3239} INFO - Sync 1 DAGs
[2025-04-21T17:07:28.303+0000] {logging_mixin.py:190} INFO - [2025-04-21T17:07:28.303+0000] {dag.py:4180} INFO - Setting next_dagrun for example_dag_decorator to None, run_after=None
[2025-04-21T17:07:28.311+0000] {processor.py:208} INFO - Processing /home/airflow/.local/lib/python3.12/site-packages/airflow/example_dags/example_dag_decorator.py took 0.087 seconds
[2025-04-21T17:07:59.267+0000] {processor.py:186} INFO - Started process (PID=318) to work on /home/airflow/.local/lib/python3.12/site-packages/airflow/example_dags/example_dag_decorator.py
[2025-04-21T17:07:59.267+0000] {processor.py:914} INFO - Processing file /home/airflow/.local/lib/python3.12/site-packages/airflow/example_dags/example_dag_decorator.py for tasks to queue
[2025-04-21T17:07:59.268+0000] {logging_mixin.py:190} INFO - [2025-04-21T17:07:59.268+0000] {dagbag.py:588} INFO - Filling up the DagBag from /home/airflow/.local/lib/python3.12/site-packages/airflow/example_dags/example_dag_decorator.py
[2025-04-21T17:07:59.304+0000] {processor.py:925} INFO - DAG(s) 'example_dag_decorator' retrieved from /home/airflow/.local/lib/python3.12/site-packages/airflow/example_dags/example_dag_decorator.py
[2025-04-21T17:07:59.342+0000] {logging_mixin.py:190} INFO - [2025-04-21T17:07:59.341+0000] {dag.py:3239} INFO - Sync 1 DAGs
[2025-04-21T17:07:59.346+0000] {logging_mixin.py:190} INFO - [2025-04-21T17:07:59.346+0000] {dag.py:4180} INFO - Setting next_dagrun for example_dag_decorator to None, run_after=None
[2025-04-21T17:07:59.352+0000] {processor.py:208} INFO - Processing /home/airflow/.local/lib/python3.12/site-packages/airflow/example_dags/example_dag_decorator.py took 0.088 seconds
[2025-04-21T17:08:30.476+0000] {processor.py:186} INFO - Started process (PID=381) to work on /home/airflow/.local/lib/python3.12/site-packages/airflow/example_dags/example_dag_decorator.py
[2025-04-21T17:08:30.476+0000] {processor.py:914} INFO - Processing file /home/airflow/.local/lib/python3.12/site-packages/airflow/example_dags/example_dag_decorator.py for tasks to queue
[2025-04-21T17:08:30.478+0000] {logging_mixin.py:190} INFO - [2025-04-21T17:08:30.477+0000] {dagbag.py:588} INFO - Filling up the DagBag from /home/airflow/.local/lib/python3.12/site-packages/airflow/example_dags/example_dag_decorator.py
[2025-04-21T17:08:30.517+0000] {processor.py:925} INFO - DAG(s) 'example_dag_decorator' retrieved from /home/airflow/.local/lib/python3.12/site-packages/airflow/example_dags/example_dag_decorator.py
[2025-04-21T17:08:30.566+0000] {logging_mixin.py:190} INFO - [2025-04-21T17:08:30.565+0000] {dag.py:3239} INFO - Sync 1 DAGs
[2025-04-21T17:08:30.571+0000] {logging_mixin.py:190} INFO - [2025-04-21T17:08:30.571+0000] {dag.py:4180} INFO - Setting next_dagrun for example_dag_decorator to None, run_after=None
[2025-04-21T17:08:30.578+0000] {processor.py:208} INFO - Processing /home/airflow/.local/lib/python3.12/site-packages/airflow/example_dags/example_dag_decorator.py took 0.104 seconds
[2025-04-21T17:09:01.611+0000] {processor.py:186} INFO - Started process (PID=444) to work on /home/airflow/.local/lib/python3.12/site-packages/airflow/example_dags/example_dag_decorator.py
[2025-04-21T17:09:01.612+0000] {processor.py:914} INFO - Processing file /home/airflow/.local/lib/python3.12/site-packages/airflow/example_dags/example_dag_decorator.py for tasks to queue
[2025-04-21T17:09:01.613+0000] {logging_mixin.py:190} INFO - [2025-04-21T17:09:01.613+0000] {dagbag.py:588} INFO - Filling up the DagBag from /home/airflow/.local/lib/python3.12/site-packages/airflow/example_dags/example_dag_decorator.py
[2025-04-21T17:09:01.649+0000] {processor.py:925} INFO - DAG(s) 'example_dag_decorator' retrieved from /home/airflow/.local/lib/python3.12/site-packages/airflow/example_dags/example_dag_decorator.py
[2025-04-21T17:09:01.689+0000] {logging_mixin.py:190} INFO - [2025-04-21T17:09:01.689+0000] {dag.py:3239} INFO - Sync 1 DAGs
[2025-04-21T17:09:01.693+0000] {logging_mixin.py:190} INFO - [2025-04-21T17:09:01.693+0000] {dag.py:4180} INFO - Setting next_dagrun for example_dag_decorator to None, run_after=None
[2025-04-21T17:09:01.699+0000] {processor.py:208} INFO - Processing /home/airflow/.local/lib/python3.12/site-packages/airflow/example_dags/example_dag_decorator.py took 0.090 seconds
[2025-04-21T17:09:32.674+0000] {processor.py:186} INFO - Started process (PID=507) to work on /home/airflow/.local/lib/python3.12/site-packages/airflow/example_dags/example_dag_decorator.py
[2025-04-21T17:09:32.674+0000] {processor.py:914} INFO - Processing file /home/airflow/.local/lib/python3.12/site-packages/airflow/example_dags/example_dag_decorator.py for tasks to queue
[2025-04-21T17:09:32.676+0000] {logging_mixin.py:190} INFO - [2025-04-21T17:09:32.676+0000] {dagbag.py:588} INFO - Filling up the DagBag from /home/airflow/.local/lib/python3.12/site-packages/airflow/example_dags/example_dag_decorator.py
[2025-04-21T17:09:32.710+0000] {processor.py:925} INFO - DAG(s) 'example_dag_decorator' retrieved from /home/airflow/.local/lib/python3.12/site-packages/airflow/example_dags/example_dag_decorator.py
[2025-04-21T17:09:32.750+0000] {logging_mixin.py:190} INFO - [2025-04-21T17:09:32.749+0000] {dag.py:3239} INFO - Sync 1 DAGs
[2025-04-21T17:09:32.754+0000] {logging_mixin.py:190} INFO - [2025-04-21T17:09:32.754+0000] {dag.py:4180} INFO - Setting next_dagrun for example_dag_decorator to None, run_after=None
[2025-04-21T17:09:32.760+0000] {processor.py:208} INFO - Processing /home/airflow/.local/lib/python3.12/site-packages/airflow/example_dags/example_dag_decorator.py took 0.089 seconds
[2025-04-21T17:10:03.777+0000] {processor.py:186} INFO - Started process (PID=570) to work on /home/airflow/.local/lib/python3.12/site-packages/airflow/example_dags/example_dag_decorator.py
[2025-04-21T17:10:03.777+0000] {processor.py:914} INFO - Processing file /home/airflow/.local/lib/python3.12/site-packages/airflow/example_dags/example_dag_decorator.py for tasks to queue
[2025-04-21T17:10:03.779+0000] {logging_mixin.py:190} INFO - [2025-04-21T17:10:03.778+0000] {dagbag.py:588} INFO - Filling up the DagBag from /home/airflow/.local/lib/python3.12/site-packages/airflow/example_dags/example_dag_decorator.py
[2025-04-21T17:10:03.813+0000] {processor.py:925} INFO - DAG(s) 'example_dag_decorator' retrieved from /home/airflow/.local/lib/python3.12/site-packages/airflow/example_dags/example_dag_decorator.py
[2025-04-21T17:10:03.852+0000] {logging_mixin.py:190} INFO - [2025-04-21T17:10:03.851+0000] {dag.py:3239} INFO - Sync 1 DAGs
[2025-04-21T17:10:03.857+0000] {logging_mixin.py:190} INFO - [2025-04-21T17:10:03.857+0000] {dag.py:4180} INFO - Setting next_dagrun for example_dag_decorator to None, run_after=None
[2025-04-21T17:10:03.863+0000] {processor.py:208} INFO - Processing /home/airflow/.local/lib/python3.12/site-packages/airflow/example_dags/example_dag_decorator.py took 0.089 seconds
[2025-04-21T17:10:34.982+0000] {processor.py:186} INFO - Started process (PID=633) to work on /home/airflow/.local/lib/python3.12/site-packages/airflow/example_dags/example_dag_decorator.py
[2025-04-21T17:10:34.983+0000] {processor.py:914} INFO - Processing file /home/airflow/.local/lib/python3.12/site-packages/airflow/example_dags/example_dag_decorator.py for tasks to queue
[2025-04-21T17:10:34.984+0000] {logging_mixin.py:190} INFO - [2025-04-21T17:10:34.984+0000] {dagbag.py:588} INFO - Filling up the DagBag from /home/airflow/.local/lib/python3.12/site-packages/airflow/example_dags/example_dag_decorator.py
[2025-04-21T17:10:35.024+0000] {processor.py:925} INFO - DAG(s) 'example_dag_decorator' retrieved from /home/airflow/.local/lib/python3.12/site-packages/airflow/example_dags/example_dag_decorator.py
[2025-04-21T17:10:35.063+0000] {logging_mixin.py:190} INFO - [2025-04-21T17:10:35.063+0000] {dag.py:3239} INFO - Sync 1 DAGs
[2025-04-21T17:10:35.068+0000] {logging_mixin.py:190} INFO - [2025-04-21T17:10:35.068+0000] {dag.py:4180} INFO - Setting next_dagrun for example_dag_decorator to None, run_after=None
[2025-04-21T17:10:35.075+0000] {processor.py:208} INFO - Processing /home/airflow/.local/lib/python3.12/site-packages/airflow/example_dags/example_dag_decorator.py took 0.095 seconds
[2025-04-21T17:11:06.110+0000] {processor.py:186} INFO - Started process (PID=697) to work on /home/airflow/.local/lib/python3.12/site-packages/airflow/example_dags/example_dag_decorator.py
[2025-04-21T17:11:06.110+0000] {processor.py:914} INFO - Processing file /home/airflow/.local/lib/python3.12/site-packages/airflow/example_dags/example_dag_decorator.py for tasks to queue
[2025-04-21T17:11:06.111+0000] {logging_mixin.py:190} INFO - [2025-04-21T17:11:06.111+0000] {dagbag.py:588} INFO - Filling up the DagBag from /home/airflow/.local/lib/python3.12/site-packages/airflow/example_dags/example_dag_decorator.py
[2025-04-21T17:11:06.147+0000] {processor.py:925} INFO - DAG(s) 'example_dag_decorator' retrieved from /home/airflow/.local/lib/python3.12/site-packages/airflow/example_dags/example_dag_decorator.py
[2025-04-21T17:11:06.188+0000] {logging_mixin.py:190} INFO - [2025-04-21T17:11:06.187+0000] {dag.py:3239} INFO - Sync 1 DAGs
[2025-04-21T17:11:06.192+0000] {logging_mixin.py:190} INFO - [2025-04-21T17:11:06.192+0000] {dag.py:4180} INFO - Setting next_dagrun for example_dag_decorator to None, run_after=None
[2025-04-21T17:11:06.198+0000] {processor.py:208} INFO - Processing /home/airflow/.local/lib/python3.12/site-packages/airflow/example_dags/example_dag_decorator.py took 0.090 seconds
