[2025-04-21T17:01:59.435+0000] {processor.py:186} INFO - Started process (PID=56) to work on /home/airflow/.local/lib/python3.12/site-packages/airflow/example_dags/example_sla_dag.py
[2025-04-21T17:01:59.435+0000] {processor.py:914} INFO - Processing file /home/airflow/.local/lib/python3.12/site-packages/airflow/example_dags/example_sla_dag.py for tasks to queue
[2025-04-21T17:01:59.436+0000] {logging_mixin.py:190} INFO - [2025-04-21T17:01:59.436+0000] {dagbag.py:588} INFO - Filling up the DagBag from /home/airflow/.local/lib/python3.12/site-packages/airflow/example_dags/example_sla_dag.py
[2025-04-21T17:01:59.443+0000] {processor.py:925} INFO - DAG(s) 'example_sla_dag' retrieved from /home/airflow/.local/lib/python3.12/site-packages/airflow/example_dags/example_sla_dag.py
[2025-04-21T17:01:59.489+0000] {logging_mixin.py:190} INFO - [2025-04-21T17:01:59.489+0000] {override.py:1912} INFO - Created Permission View: can read on DAG:example_sla_dag
[2025-04-21T17:01:59.493+0000] {logging_mixin.py:190} INFO - [2025-04-21T17:01:59.493+0000] {override.py:1912} INFO - Created Permission View: can edit on DAG:example_sla_dag
[2025-04-21T17:01:59.495+0000] {logging_mixin.py:190} INFO - [2025-04-21T17:01:59.495+0000] {override.py:1912} INFO - Created Permission View: can delete on DAG:example_sla_dag
[2025-04-21T17:01:59.497+0000] {logging_mixin.py:190} INFO - [2025-04-21T17:01:59.496+0000] {override.py:1912} INFO - Created Permission View: can read on DAG Run:example_sla_dag
[2025-04-21T17:01:59.498+0000] {logging_mixin.py:190} INFO - [2025-04-21T17:01:59.498+0000] {override.py:1912} INFO - Created Permission View: can delete on DAG Run:example_sla_dag
[2025-04-21T17:01:59.500+0000] {logging_mixin.py:190} INFO - [2025-04-21T17:01:59.500+0000] {override.py:1912} INFO - Created Permission View: menu access on DAG Run:example_sla_dag
[2025-04-21T17:01:59.502+0000] {logging_mixin.py:190} INFO - [2025-04-21T17:01:59.502+0000] {override.py:1912} INFO - Created Permission View: can create on DAG Run:example_sla_dag
[2025-04-21T17:01:59.502+0000] {logging_mixin.py:190} INFO - [2025-04-21T17:01:59.502+0000] {dag.py:3239} INFO - Sync 1 DAGs
[2025-04-21T17:01:59.506+0000] {logging_mixin.py:190} INFO - [2025-04-21T17:01:59.506+0000] {dag.py:3262} INFO - Creating ORM DAG for example_sla_dag
[2025-04-21T17:01:59.511+0000] {logging_mixin.py:190} INFO - [2025-04-21T17:01:59.511+0000] {dag.py:4180} INFO - Setting next_dagrun for example_sla_dag to 2025-04-21 16:58:00+00:00, run_after=2025-04-21 17:00:00+00:00
[2025-04-21T17:01:59.516+0000] {processor.py:208} INFO - Processing /home/airflow/.local/lib/python3.12/site-packages/airflow/example_dags/example_sla_dag.py took 0.083 seconds
[2025-04-21T17:02:30.349+0000] {processor.py:186} INFO - Started process (PID=119) to work on /home/airflow/.local/lib/python3.12/site-packages/airflow/example_dags/example_sla_dag.py
[2025-04-21T17:02:30.349+0000] {processor.py:914} INFO - Processing file /home/airflow/.local/lib/python3.12/site-packages/airflow/example_dags/example_sla_dag.py for tasks to queue
[2025-04-21T17:02:30.351+0000] {logging_mixin.py:190} INFO - [2025-04-21T17:02:30.351+0000] {dagbag.py:588} INFO - Filling up the DagBag from /home/airflow/.local/lib/python3.12/site-packages/airflow/example_dags/example_sla_dag.py
[2025-04-21T17:02:30.357+0000] {processor.py:925} INFO - DAG(s) 'example_sla_dag' retrieved from /home/airflow/.local/lib/python3.12/site-packages/airflow/example_dags/example_sla_dag.py
[2025-04-21T17:02:30.366+0000] {logging_mixin.py:190} INFO - [2025-04-21T17:02:30.366+0000] {dag.py:3239} INFO - Sync 1 DAGs
[2025-04-21T17:02:30.375+0000] {logging_mixin.py:190} INFO - [2025-04-21T17:02:30.375+0000] {dag.py:4180} INFO - Setting next_dagrun for example_sla_dag to 2025-04-21 17:00:00+00:00, run_after=2025-04-21 17:02:00+00:00
[2025-04-21T17:02:30.382+0000] {processor.py:208} INFO - Processing /home/airflow/.local/lib/python3.12/site-packages/airflow/example_dags/example_sla_dag.py took 0.035 seconds
[2025-04-21T17:03:00.987+0000] {processor.py:186} INFO - Started process (PID=182) to work on /home/airflow/.local/lib/python3.12/site-packages/airflow/example_dags/example_sla_dag.py
[2025-04-21T17:03:00.990+0000] {processor.py:914} INFO - Processing file /home/airflow/.local/lib/python3.12/site-packages/airflow/example_dags/example_sla_dag.py for tasks to queue
[2025-04-21T17:03:00.991+0000] {logging_mixin.py:190} INFO - [2025-04-21T17:03:00.991+0000] {dagbag.py:588} INFO - Filling up the DagBag from /home/airflow/.local/lib/python3.12/site-packages/airflow/example_dags/example_sla_dag.py
[2025-04-21T17:03:00.995+0000] {processor.py:925} INFO - DAG(s) 'example_sla_dag' retrieved from /home/airflow/.local/lib/python3.12/site-packages/airflow/example_dags/example_sla_dag.py
[2025-04-21T17:03:01.002+0000] {logging_mixin.py:190} INFO - [2025-04-21T17:03:01.002+0000] {dag.py:3239} INFO - Sync 1 DAGs
[2025-04-21T17:03:01.013+0000] {logging_mixin.py:190} INFO - [2025-04-21T17:03:01.013+0000] {dag.py:4180} INFO - Setting next_dagrun for example_sla_dag to 2025-04-21 17:00:00+00:00, run_after=2025-04-21 17:02:00+00:00
[2025-04-21T17:03:01.023+0000] {processor.py:208} INFO - Processing /home/airflow/.local/lib/python3.12/site-packages/airflow/example_dags/example_sla_dag.py took 0.039 seconds
[2025-04-21T17:03:32.132+0000] {processor.py:186} INFO - Started process (PID=244) to work on /home/airflow/.local/lib/python3.12/site-packages/airflow/example_dags/example_sla_dag.py
[2025-04-21T17:03:32.133+0000] {processor.py:914} INFO - Processing file /home/airflow/.local/lib/python3.12/site-packages/airflow/example_dags/example_sla_dag.py for tasks to queue
[2025-04-21T17:03:32.135+0000] {logging_mixin.py:190} INFO - [2025-04-21T17:03:32.135+0000] {dagbag.py:588} INFO - Filling up the DagBag from /home/airflow/.local/lib/python3.12/site-packages/airflow/example_dags/example_sla_dag.py
[2025-04-21T17:03:32.139+0000] {processor.py:925} INFO - DAG(s) 'example_sla_dag' retrieved from /home/airflow/.local/lib/python3.12/site-packages/airflow/example_dags/example_sla_dag.py
[2025-04-21T17:03:32.148+0000] {logging_mixin.py:190} INFO - [2025-04-21T17:03:32.148+0000] {dag.py:3239} INFO - Sync 1 DAGs
[2025-04-21T17:03:32.156+0000] {logging_mixin.py:190} INFO - [2025-04-21T17:03:32.156+0000] {dag.py:4180} INFO - Setting next_dagrun for example_sla_dag to 2025-04-21 17:00:00+00:00, run_after=2025-04-21 17:02:00+00:00
[2025-04-21T17:03:32.163+0000] {processor.py:208} INFO - Processing /home/airflow/.local/lib/python3.12/site-packages/airflow/example_dags/example_sla_dag.py took 0.033 seconds
[2025-04-21T17:04:03.285+0000] {processor.py:186} INFO - Started process (PID=307) to work on /home/airflow/.local/lib/python3.12/site-packages/airflow/example_dags/example_sla_dag.py
[2025-04-21T17:04:03.286+0000] {processor.py:914} INFO - Processing file /home/airflow/.local/lib/python3.12/site-packages/airflow/example_dags/example_sla_dag.py for tasks to queue
[2025-04-21T17:04:03.287+0000] {logging_mixin.py:190} INFO - [2025-04-21T17:04:03.287+0000] {dagbag.py:588} INFO - Filling up the DagBag from /home/airflow/.local/lib/python3.12/site-packages/airflow/example_dags/example_sla_dag.py
[2025-04-21T17:04:03.292+0000] {processor.py:925} INFO - DAG(s) 'example_sla_dag' retrieved from /home/airflow/.local/lib/python3.12/site-packages/airflow/example_dags/example_sla_dag.py
[2025-04-21T17:04:03.303+0000] {logging_mixin.py:190} INFO - [2025-04-21T17:04:03.303+0000] {dag.py:3239} INFO - Sync 1 DAGs
[2025-04-21T17:04:03.311+0000] {logging_mixin.py:190} INFO - [2025-04-21T17:04:03.311+0000] {dag.py:4180} INFO - Setting next_dagrun for example_sla_dag to 2025-04-21 17:02:00+00:00, run_after=2025-04-21 17:04:00+00:00
[2025-04-21T17:04:03.327+0000] {processor.py:208} INFO - Processing /home/airflow/.local/lib/python3.12/site-packages/airflow/example_dags/example_sla_dag.py took 0.045 seconds
[2025-04-21T17:04:34.542+0000] {processor.py:186} INFO - Started process (PID=370) to work on /home/airflow/.local/lib/python3.12/site-packages/airflow/example_dags/example_sla_dag.py
[2025-04-21T17:04:34.543+0000] {processor.py:914} INFO - Processing file /home/airflow/.local/lib/python3.12/site-packages/airflow/example_dags/example_sla_dag.py for tasks to queue
[2025-04-21T17:04:34.543+0000] {logging_mixin.py:190} INFO - [2025-04-21T17:04:34.543+0000] {dagbag.py:588} INFO - Filling up the DagBag from /home/airflow/.local/lib/python3.12/site-packages/airflow/example_dags/example_sla_dag.py
[2025-04-21T17:04:34.549+0000] {processor.py:925} INFO - DAG(s) 'example_sla_dag' retrieved from /home/airflow/.local/lib/python3.12/site-packages/airflow/example_dags/example_sla_dag.py
[2025-04-21T17:04:34.558+0000] {logging_mixin.py:190} INFO - [2025-04-21T17:04:34.558+0000] {dag.py:3239} INFO - Sync 1 DAGs
[2025-04-21T17:04:34.566+0000] {logging_mixin.py:190} INFO - [2025-04-21T17:04:34.566+0000] {dag.py:4180} INFO - Setting next_dagrun for example_sla_dag to 2025-04-21 17:02:00+00:00, run_after=2025-04-21 17:04:00+00:00
[2025-04-21T17:04:34.575+0000] {processor.py:208} INFO - Processing /home/airflow/.local/lib/python3.12/site-packages/airflow/example_dags/example_sla_dag.py took 0.034 seconds
[2025-04-21T17:05:05.741+0000] {processor.py:186} INFO - Started process (PID=433) to work on /home/airflow/.local/lib/python3.12/site-packages/airflow/example_dags/example_sla_dag.py
[2025-04-21T17:05:05.743+0000] {processor.py:914} INFO - Processing file /home/airflow/.local/lib/python3.12/site-packages/airflow/example_dags/example_sla_dag.py for tasks to queue
[2025-04-21T17:05:05.745+0000] {logging_mixin.py:190} INFO - [2025-04-21T17:05:05.745+0000] {dagbag.py:588} INFO - Filling up the DagBag from /home/airflow/.local/lib/python3.12/site-packages/airflow/example_dags/example_sla_dag.py
[2025-04-21T17:05:05.750+0000] {processor.py:925} INFO - DAG(s) 'example_sla_dag' retrieved from /home/airflow/.local/lib/python3.12/site-packages/airflow/example_dags/example_sla_dag.py
[2025-04-21T17:05:05.761+0000] {logging_mixin.py:190} INFO - [2025-04-21T17:05:05.761+0000] {dag.py:3239} INFO - Sync 1 DAGs
[2025-04-21T17:05:05.770+0000] {logging_mixin.py:190} INFO - [2025-04-21T17:05:05.770+0000] {dag.py:4180} INFO - Setting next_dagrun for example_sla_dag to 2025-04-21 17:02:00+00:00, run_after=2025-04-21 17:04:00+00:00
[2025-04-21T17:05:05.783+0000] {processor.py:208} INFO - Processing /home/airflow/.local/lib/python3.12/site-packages/airflow/example_dags/example_sla_dag.py took 0.045 seconds
[2025-04-21T17:05:55.130+0000] {processor.py:186} INFO - Started process (PID=56) to work on /home/airflow/.local/lib/python3.12/site-packages/airflow/example_dags/example_sla_dag.py
[2025-04-21T17:05:55.131+0000] {processor.py:914} INFO - Processing file /home/airflow/.local/lib/python3.12/site-packages/airflow/example_dags/example_sla_dag.py for tasks to queue
[2025-04-21T17:05:55.131+0000] {logging_mixin.py:190} INFO - [2025-04-21T17:05:55.131+0000] {dagbag.py:588} INFO - Filling up the DagBag from /home/airflow/.local/lib/python3.12/site-packages/airflow/example_dags/example_sla_dag.py
[2025-04-21T17:05:55.136+0000] {processor.py:925} INFO - DAG(s) 'example_sla_dag' retrieved from /home/airflow/.local/lib/python3.12/site-packages/airflow/example_dags/example_sla_dag.py
[2025-04-21T17:05:55.146+0000] {logging_mixin.py:190} INFO - [2025-04-21T17:05:55.146+0000] {dag.py:3239} INFO - Sync 1 DAGs
[2025-04-21T17:05:55.156+0000] {logging_mixin.py:190} INFO - [2025-04-21T17:05:55.156+0000] {dag.py:4180} INFO - Setting next_dagrun for example_sla_dag to 2025-04-21 17:02:00+00:00, run_after=2025-04-21 17:04:00+00:00
[2025-04-21T17:05:55.162+0000] {processor.py:208} INFO - Processing /home/airflow/.local/lib/python3.12/site-packages/airflow/example_dags/example_sla_dag.py took 0.035 seconds
[2025-04-21T17:06:25.673+0000] {processor.py:186} INFO - Started process (PID=119) to work on /home/airflow/.local/lib/python3.12/site-packages/airflow/example_dags/example_sla_dag.py
[2025-04-21T17:06:25.673+0000] {processor.py:914} INFO - Processing file /home/airflow/.local/lib/python3.12/site-packages/airflow/example_dags/example_sla_dag.py for tasks to queue
[2025-04-21T17:06:25.674+0000] {logging_mixin.py:190} INFO - [2025-04-21T17:06:25.674+0000] {dagbag.py:588} INFO - Filling up the DagBag from /home/airflow/.local/lib/python3.12/site-packages/airflow/example_dags/example_sla_dag.py
[2025-04-21T17:06:25.678+0000] {processor.py:925} INFO - DAG(s) 'example_sla_dag' retrieved from /home/airflow/.local/lib/python3.12/site-packages/airflow/example_dags/example_sla_dag.py
[2025-04-21T17:06:25.686+0000] {logging_mixin.py:190} INFO - [2025-04-21T17:06:25.686+0000] {dag.py:3239} INFO - Sync 1 DAGs
[2025-04-21T17:06:25.694+0000] {logging_mixin.py:190} INFO - [2025-04-21T17:06:25.694+0000] {dag.py:4180} INFO - Setting next_dagrun for example_sla_dag to 2025-04-21 17:04:00+00:00, run_after=2025-04-21 17:06:00+00:00
[2025-04-21T17:06:25.700+0000] {processor.py:208} INFO - Processing /home/airflow/.local/lib/python3.12/site-packages/airflow/example_dags/example_sla_dag.py took 0.030 seconds
[2025-04-21T17:06:56.783+0000] {processor.py:186} INFO - Started process (PID=182) to work on /home/airflow/.local/lib/python3.12/site-packages/airflow/example_dags/example_sla_dag.py
[2025-04-21T17:06:56.784+0000] {processor.py:914} INFO - Processing file /home/airflow/.local/lib/python3.12/site-packages/airflow/example_dags/example_sla_dag.py for tasks to queue
[2025-04-21T17:06:56.785+0000] {logging_mixin.py:190} INFO - [2025-04-21T17:06:56.785+0000] {dagbag.py:588} INFO - Filling up the DagBag from /home/airflow/.local/lib/python3.12/site-packages/airflow/example_dags/example_sla_dag.py
[2025-04-21T17:06:56.790+0000] {processor.py:925} INFO - DAG(s) 'example_sla_dag' retrieved from /home/airflow/.local/lib/python3.12/site-packages/airflow/example_dags/example_sla_dag.py
[2025-04-21T17:06:56.800+0000] {logging_mixin.py:190} INFO - [2025-04-21T17:06:56.800+0000] {dag.py:3239} INFO - Sync 1 DAGs
[2025-04-21T17:06:56.810+0000] {logging_mixin.py:190} INFO - [2025-04-21T17:06:56.810+0000] {dag.py:4180} INFO - Setting next_dagrun for example_sla_dag to 2025-04-21 17:04:00+00:00, run_after=2025-04-21 17:06:00+00:00
[2025-04-21T17:06:56.817+0000] {processor.py:208} INFO - Processing /home/airflow/.local/lib/python3.12/site-packages/airflow/example_dags/example_sla_dag.py took 0.036 seconds
[2025-04-21T17:07:27.908+0000] {processor.py:186} INFO - Started process (PID=245) to work on /home/airflow/.local/lib/python3.12/site-packages/airflow/example_dags/example_sla_dag.py
[2025-04-21T17:07:27.908+0000] {processor.py:914} INFO - Processing file /home/airflow/.local/lib/python3.12/site-packages/airflow/example_dags/example_sla_dag.py for tasks to queue
[2025-04-21T17:07:27.911+0000] {logging_mixin.py:190} INFO - [2025-04-21T17:07:27.911+0000] {dagbag.py:588} INFO - Filling up the DagBag from /home/airflow/.local/lib/python3.12/site-packages/airflow/example_dags/example_sla_dag.py
[2025-04-21T17:07:27.917+0000] {processor.py:925} INFO - DAG(s) 'example_sla_dag' retrieved from /home/airflow/.local/lib/python3.12/site-packages/airflow/example_dags/example_sla_dag.py
[2025-04-21T17:07:27.926+0000] {logging_mixin.py:190} INFO - [2025-04-21T17:07:27.926+0000] {dag.py:3239} INFO - Sync 1 DAGs
[2025-04-21T17:07:27.935+0000] {logging_mixin.py:190} INFO - [2025-04-21T17:07:27.935+0000] {dag.py:4180} INFO - Setting next_dagrun for example_sla_dag to 2025-04-21 17:04:00+00:00, run_after=2025-04-21 17:06:00+00:00
[2025-04-21T17:07:27.941+0000] {processor.py:208} INFO - Processing /home/airflow/.local/lib/python3.12/site-packages/airflow/example_dags/example_sla_dag.py took 0.036 seconds
[2025-04-21T17:07:58.954+0000] {processor.py:186} INFO - Started process (PID=308) to work on /home/airflow/.local/lib/python3.12/site-packages/airflow/example_dags/example_sla_dag.py
[2025-04-21T17:07:58.956+0000] {processor.py:914} INFO - Processing file /home/airflow/.local/lib/python3.12/site-packages/airflow/example_dags/example_sla_dag.py for tasks to queue
[2025-04-21T17:07:58.957+0000] {logging_mixin.py:190} INFO - [2025-04-21T17:07:58.957+0000] {dagbag.py:588} INFO - Filling up the DagBag from /home/airflow/.local/lib/python3.12/site-packages/airflow/example_dags/example_sla_dag.py
[2025-04-21T17:07:58.961+0000] {processor.py:925} INFO - DAG(s) 'example_sla_dag' retrieved from /home/airflow/.local/lib/python3.12/site-packages/airflow/example_dags/example_sla_dag.py
[2025-04-21T17:07:58.968+0000] {logging_mixin.py:190} INFO - [2025-04-21T17:07:58.968+0000] {dag.py:3239} INFO - Sync 1 DAGs
[2025-04-21T17:07:58.977+0000] {logging_mixin.py:190} INFO - [2025-04-21T17:07:58.977+0000] {dag.py:4180} INFO - Setting next_dagrun for example_sla_dag to 2025-04-21 17:04:00+00:00, run_after=2025-04-21 17:06:00+00:00
[2025-04-21T17:07:58.984+0000] {processor.py:208} INFO - Processing /home/airflow/.local/lib/python3.12/site-packages/airflow/example_dags/example_sla_dag.py took 0.033 seconds
[2025-04-21T17:08:30.120+0000] {processor.py:186} INFO - Started process (PID=371) to work on /home/airflow/.local/lib/python3.12/site-packages/airflow/example_dags/example_sla_dag.py
[2025-04-21T17:08:30.120+0000] {processor.py:914} INFO - Processing file /home/airflow/.local/lib/python3.12/site-packages/airflow/example_dags/example_sla_dag.py for tasks to queue
[2025-04-21T17:08:30.121+0000] {logging_mixin.py:190} INFO - [2025-04-21T17:08:30.121+0000] {dagbag.py:588} INFO - Filling up the DagBag from /home/airflow/.local/lib/python3.12/site-packages/airflow/example_dags/example_sla_dag.py
[2025-04-21T17:08:30.126+0000] {processor.py:925} INFO - DAG(s) 'example_sla_dag' retrieved from /home/airflow/.local/lib/python3.12/site-packages/airflow/example_dags/example_sla_dag.py
[2025-04-21T17:08:30.135+0000] {logging_mixin.py:190} INFO - [2025-04-21T17:08:30.135+0000] {dag.py:3239} INFO - Sync 1 DAGs
[2025-04-21T17:08:30.145+0000] {logging_mixin.py:190} INFO - [2025-04-21T17:08:30.145+0000] {dag.py:4180} INFO - Setting next_dagrun for example_sla_dag to 2025-04-21 17:06:00+00:00, run_after=2025-04-21 17:08:00+00:00
[2025-04-21T17:08:30.153+0000] {processor.py:208} INFO - Processing /home/airflow/.local/lib/python3.12/site-packages/airflow/example_dags/example_sla_dag.py took 0.035 seconds
[2025-04-21T17:09:01.312+0000] {processor.py:186} INFO - Started process (PID=434) to work on /home/airflow/.local/lib/python3.12/site-packages/airflow/example_dags/example_sla_dag.py
[2025-04-21T17:09:01.312+0000] {processor.py:914} INFO - Processing file /home/airflow/.local/lib/python3.12/site-packages/airflow/example_dags/example_sla_dag.py for tasks to queue
[2025-04-21T17:09:01.313+0000] {logging_mixin.py:190} INFO - [2025-04-21T17:09:01.313+0000] {dagbag.py:588} INFO - Filling up the DagBag from /home/airflow/.local/lib/python3.12/site-packages/airflow/example_dags/example_sla_dag.py
[2025-04-21T17:09:01.318+0000] {processor.py:925} INFO - DAG(s) 'example_sla_dag' retrieved from /home/airflow/.local/lib/python3.12/site-packages/airflow/example_dags/example_sla_dag.py
[2025-04-21T17:09:01.326+0000] {logging_mixin.py:190} INFO - [2025-04-21T17:09:01.326+0000] {dag.py:3239} INFO - Sync 1 DAGs
[2025-04-21T17:09:01.334+0000] {logging_mixin.py:190} INFO - [2025-04-21T17:09:01.334+0000] {dag.py:4180} INFO - Setting next_dagrun for example_sla_dag to 2025-04-21 17:06:00+00:00, run_after=2025-04-21 17:08:00+00:00
[2025-04-21T17:09:01.341+0000] {processor.py:208} INFO - Processing /home/airflow/.local/lib/python3.12/site-packages/airflow/example_dags/example_sla_dag.py took 0.032 seconds
[2025-04-21T17:09:32.348+0000] {processor.py:186} INFO - Started process (PID=497) to work on /home/airflow/.local/lib/python3.12/site-packages/airflow/example_dags/example_sla_dag.py
[2025-04-21T17:09:32.351+0000] {processor.py:914} INFO - Processing file /home/airflow/.local/lib/python3.12/site-packages/airflow/example_dags/example_sla_dag.py for tasks to queue
[2025-04-21T17:09:32.352+0000] {logging_mixin.py:190} INFO - [2025-04-21T17:09:32.352+0000] {dagbag.py:588} INFO - Filling up the DagBag from /home/airflow/.local/lib/python3.12/site-packages/airflow/example_dags/example_sla_dag.py
[2025-04-21T17:09:32.357+0000] {processor.py:925} INFO - DAG(s) 'example_sla_dag' retrieved from /home/airflow/.local/lib/python3.12/site-packages/airflow/example_dags/example_sla_dag.py
[2025-04-21T17:09:32.364+0000] {logging_mixin.py:190} INFO - [2025-04-21T17:09:32.364+0000] {dag.py:3239} INFO - Sync 1 DAGs
[2025-04-21T17:09:32.373+0000] {logging_mixin.py:190} INFO - [2025-04-21T17:09:32.373+0000] {dag.py:4180} INFO - Setting next_dagrun for example_sla_dag to 2025-04-21 17:06:00+00:00, run_after=2025-04-21 17:08:00+00:00
[2025-04-21T17:09:32.379+0000] {processor.py:208} INFO - Processing /home/airflow/.local/lib/python3.12/site-packages/airflow/example_dags/example_sla_dag.py took 0.033 seconds
[2025-04-21T17:10:03.443+0000] {processor.py:186} INFO - Started process (PID=560) to work on /home/airflow/.local/lib/python3.12/site-packages/airflow/example_dags/example_sla_dag.py
[2025-04-21T17:10:03.443+0000] {processor.py:914} INFO - Processing file /home/airflow/.local/lib/python3.12/site-packages/airflow/example_dags/example_sla_dag.py for tasks to queue
[2025-04-21T17:10:03.444+0000] {logging_mixin.py:190} INFO - [2025-04-21T17:10:03.444+0000] {dagbag.py:588} INFO - Filling up the DagBag from /home/airflow/.local/lib/python3.12/site-packages/airflow/example_dags/example_sla_dag.py
[2025-04-21T17:10:03.448+0000] {processor.py:925} INFO - DAG(s) 'example_sla_dag' retrieved from /home/airflow/.local/lib/python3.12/site-packages/airflow/example_dags/example_sla_dag.py
[2025-04-21T17:10:03.456+0000] {logging_mixin.py:190} INFO - [2025-04-21T17:10:03.456+0000] {dag.py:3239} INFO - Sync 1 DAGs
[2025-04-21T17:10:03.464+0000] {logging_mixin.py:190} INFO - [2025-04-21T17:10:03.464+0000] {dag.py:4180} INFO - Setting next_dagrun for example_sla_dag to 2025-04-21 17:08:00+00:00, run_after=2025-04-21 17:10:00+00:00
[2025-04-21T17:10:03.476+0000] {processor.py:208} INFO - Processing /home/airflow/.local/lib/python3.12/site-packages/airflow/example_dags/example_sla_dag.py took 0.035 seconds
[2025-04-21T17:10:34.651+0000] {processor.py:186} INFO - Started process (PID=623) to work on /home/airflow/.local/lib/python3.12/site-packages/airflow/example_dags/example_sla_dag.py
[2025-04-21T17:10:34.652+0000] {processor.py:914} INFO - Processing file /home/airflow/.local/lib/python3.12/site-packages/airflow/example_dags/example_sla_dag.py for tasks to queue
[2025-04-21T17:10:34.653+0000] {logging_mixin.py:190} INFO - [2025-04-21T17:10:34.653+0000] {dagbag.py:588} INFO - Filling up the DagBag from /home/airflow/.local/lib/python3.12/site-packages/airflow/example_dags/example_sla_dag.py
[2025-04-21T17:10:34.657+0000] {processor.py:925} INFO - DAG(s) 'example_sla_dag' retrieved from /home/airflow/.local/lib/python3.12/site-packages/airflow/example_dags/example_sla_dag.py
[2025-04-21T17:10:34.665+0000] {logging_mixin.py:190} INFO - [2025-04-21T17:10:34.665+0000] {dag.py:3239} INFO - Sync 1 DAGs
[2025-04-21T17:10:34.674+0000] {logging_mixin.py:190} INFO - [2025-04-21T17:10:34.674+0000] {dag.py:4180} INFO - Setting next_dagrun for example_sla_dag to 2025-04-21 17:08:00+00:00, run_after=2025-04-21 17:10:00+00:00
[2025-04-21T17:10:34.680+0000] {processor.py:208} INFO - Processing /home/airflow/.local/lib/python3.12/site-packages/airflow/example_dags/example_sla_dag.py took 0.031 seconds
[2025-04-21T17:11:05.777+0000] {processor.py:186} INFO - Started process (PID=687) to work on /home/airflow/.local/lib/python3.12/site-packages/airflow/example_dags/example_sla_dag.py
[2025-04-21T17:11:05.781+0000] {processor.py:914} INFO - Processing file /home/airflow/.local/lib/python3.12/site-packages/airflow/example_dags/example_sla_dag.py for tasks to queue
[2025-04-21T17:11:05.782+0000] {logging_mixin.py:190} INFO - [2025-04-21T17:11:05.782+0000] {dagbag.py:588} INFO - Filling up the DagBag from /home/airflow/.local/lib/python3.12/site-packages/airflow/example_dags/example_sla_dag.py
[2025-04-21T17:11:05.786+0000] {processor.py:925} INFO - DAG(s) 'example_sla_dag' retrieved from /home/airflow/.local/lib/python3.12/site-packages/airflow/example_dags/example_sla_dag.py
[2025-04-21T17:11:05.795+0000] {logging_mixin.py:190} INFO - [2025-04-21T17:11:05.795+0000] {dag.py:3239} INFO - Sync 1 DAGs
[2025-04-21T17:11:05.805+0000] {logging_mixin.py:190} INFO - [2025-04-21T17:11:05.805+0000] {dag.py:4180} INFO - Setting next_dagrun for example_sla_dag to 2025-04-21 17:08:00+00:00, run_after=2025-04-21 17:10:00+00:00
[2025-04-21T17:11:05.812+0000] {processor.py:208} INFO - Processing /home/airflow/.local/lib/python3.12/site-packages/airflow/example_dags/example_sla_dag.py took 0.037 seconds
