[2025-04-21T17:01:59.720+0000] {processor.py:186} INFO - Started process (PID=61) to work on /home/airflow/.local/lib/python3.12/site-packages/airflow/example_dags/example_branch_datetime_operator.py
[2025-04-21T17:01:59.720+0000] {processor.py:914} INFO - Processing file /home/airflow/.local/lib/python3.12/site-packages/airflow/example_dags/example_branch_datetime_operator.py for tasks to queue
[2025-04-21T17:01:59.721+0000] {logging_mixin.py:190} INFO - [2025-04-21T17:01:59.721+0000] {dagbag.py:588} INFO - Filling up the DagBag from /home/airflow/.local/lib/python3.12/site-packages/airflow/example_dags/example_branch_datetime_operator.py
[2025-04-21T17:01:59.727+0000] {processor.py:925} INFO - DAG(s) 'example_branch_datetime_operator', 'example_branch_datetime_operator_3', 'example_branch_datetime_operator_2' retrieved from /home/airflow/.local/lib/python3.12/site-packages/airflow/example_dags/example_branch_datetime_operator.py
[2025-04-21T17:01:59.771+0000] {logging_mixin.py:190} INFO - [2025-04-21T17:01:59.771+0000] {override.py:1912} INFO - Created Permission View: can read on DAG:example_branch_datetime_operator
[2025-04-21T17:01:59.776+0000] {logging_mixin.py:190} INFO - [2025-04-21T17:01:59.775+0000] {override.py:1912} INFO - Created Permission View: can edit on DAG:example_branch_datetime_operator
[2025-04-21T17:01:59.779+0000] {logging_mixin.py:190} INFO - [2025-04-21T17:01:59.778+0000] {override.py:1912} INFO - Created Permission View: can delete on DAG:example_branch_datetime_operator
[2025-04-21T17:01:59.782+0000] {logging_mixin.py:190} INFO - [2025-04-21T17:01:59.781+0000] {override.py:1912} INFO - Created Permission View: can read on DAG Run:example_branch_datetime_operator
[2025-04-21T17:01:59.784+0000] {logging_mixin.py:190} INFO - [2025-04-21T17:01:59.784+0000] {override.py:1912} INFO - Created Permission View: can delete on DAG Run:example_branch_datetime_operator
[2025-04-21T17:01:59.787+0000] {logging_mixin.py:190} INFO - [2025-04-21T17:01:59.786+0000] {override.py:1912} INFO - Created Permission View: menu access on DAG Run:example_branch_datetime_operator
[2025-04-21T17:01:59.789+0000] {logging_mixin.py:190} INFO - [2025-04-21T17:01:59.789+0000] {override.py:1912} INFO - Created Permission View: can create on DAG Run:example_branch_datetime_operator
[2025-04-21T17:01:59.793+0000] {logging_mixin.py:190} INFO - [2025-04-21T17:01:59.793+0000] {override.py:1912} INFO - Created Permission View: can read on DAG:example_branch_datetime_operator_3
[2025-04-21T17:01:59.796+0000] {logging_mixin.py:190} INFO - [2025-04-21T17:01:59.796+0000] {override.py:1912} INFO - Created Permission View: can edit on DAG:example_branch_datetime_operator_3
[2025-04-21T17:01:59.798+0000] {logging_mixin.py:190} INFO - [2025-04-21T17:01:59.798+0000] {override.py:1912} INFO - Created Permission View: can delete on DAG:example_branch_datetime_operator_3
[2025-04-21T17:01:59.800+0000] {logging_mixin.py:190} INFO - [2025-04-21T17:01:59.800+0000] {override.py:1912} INFO - Created Permission View: can read on DAG Run:example_branch_datetime_operator_3
[2025-04-21T17:01:59.802+0000] {logging_mixin.py:190} INFO - [2025-04-21T17:01:59.802+0000] {override.py:1912} INFO - Created Permission View: can delete on DAG Run:example_branch_datetime_operator_3
[2025-04-21T17:01:59.804+0000] {logging_mixin.py:190} INFO - [2025-04-21T17:01:59.804+0000] {override.py:1912} INFO - Created Permission View: menu access on DAG Run:example_branch_datetime_operator_3
[2025-04-21T17:01:59.807+0000] {logging_mixin.py:190} INFO - [2025-04-21T17:01:59.806+0000] {override.py:1912} INFO - Created Permission View: can create on DAG Run:example_branch_datetime_operator_3
[2025-04-21T17:01:59.811+0000] {logging_mixin.py:190} INFO - [2025-04-21T17:01:59.811+0000] {override.py:1912} INFO - Created Permission View: can read on DAG:example_branch_datetime_operator_2
[2025-04-21T17:01:59.813+0000] {logging_mixin.py:190} INFO - [2025-04-21T17:01:59.813+0000] {override.py:1912} INFO - Created Permission View: can edit on DAG:example_branch_datetime_operator_2
[2025-04-21T17:01:59.815+0000] {logging_mixin.py:190} INFO - [2025-04-21T17:01:59.815+0000] {override.py:1912} INFO - Created Permission View: can delete on DAG:example_branch_datetime_operator_2
[2025-04-21T17:01:59.817+0000] {logging_mixin.py:190} INFO - [2025-04-21T17:01:59.817+0000] {override.py:1912} INFO - Created Permission View: can read on DAG Run:example_branch_datetime_operator_2
[2025-04-21T17:01:59.819+0000] {logging_mixin.py:190} INFO - [2025-04-21T17:01:59.819+0000] {override.py:1912} INFO - Created Permission View: can delete on DAG Run:example_branch_datetime_operator_2
[2025-04-21T17:01:59.821+0000] {logging_mixin.py:190} INFO - [2025-04-21T17:01:59.821+0000] {override.py:1912} INFO - Created Permission View: menu access on DAG Run:example_branch_datetime_operator_2
[2025-04-21T17:01:59.824+0000] {logging_mixin.py:190} INFO - [2025-04-21T17:01:59.824+0000] {override.py:1912} INFO - Created Permission View: can create on DAG Run:example_branch_datetime_operator_2
[2025-04-21T17:01:59.824+0000] {logging_mixin.py:190} INFO - [2025-04-21T17:01:59.824+0000] {dag.py:3239} INFO - Sync 3 DAGs
[2025-04-21T17:01:59.829+0000] {logging_mixin.py:190} INFO - [2025-04-21T17:01:59.829+0000] {dag.py:3262} INFO - Creating ORM DAG for example_branch_datetime_operator_2
[2025-04-21T17:01:59.830+0000] {logging_mixin.py:190} INFO - [2025-04-21T17:01:59.830+0000] {dag.py:3262} INFO - Creating ORM DAG for example_branch_datetime_operator_3
[2025-04-21T17:01:59.831+0000] {logging_mixin.py:190} INFO - [2025-04-21T17:01:59.831+0000] {dag.py:3262} INFO - Creating ORM DAG for example_branch_datetime_operator
[2025-04-21T17:01:59.838+0000] {logging_mixin.py:190} INFO - [2025-04-21T17:01:59.838+0000] {dag.py:4180} INFO - Setting next_dagrun for example_branch_datetime_operator to 2025-04-20 00:00:00+00:00, run_after=2025-04-21 00:00:00+00:00
[2025-04-21T17:01:59.838+0000] {logging_mixin.py:190} INFO - [2025-04-21T17:01:59.838+0000] {dag.py:4180} INFO - Setting next_dagrun for example_branch_datetime_operator_2 to 2025-04-20 00:00:00+00:00, run_after=2025-04-21 00:00:00+00:00
[2025-04-21T17:01:59.839+0000] {logging_mixin.py:190} INFO - [2025-04-21T17:01:59.839+0000] {dag.py:4180} INFO - Setting next_dagrun for example_branch_datetime_operator_3 to 2025-04-20 00:00:00+00:00, run_after=2025-04-21 00:00:00+00:00
[2025-04-21T17:01:59.852+0000] {processor.py:208} INFO - Processing /home/airflow/.local/lib/python3.12/site-packages/airflow/example_dags/example_branch_datetime_operator.py took 0.135 seconds
[2025-04-21T17:02:30.441+0000] {processor.py:186} INFO - Started process (PID=123) to work on /home/airflow/.local/lib/python3.12/site-packages/airflow/example_dags/example_branch_datetime_operator.py
[2025-04-21T17:02:30.441+0000] {processor.py:914} INFO - Processing file /home/airflow/.local/lib/python3.12/site-packages/airflow/example_dags/example_branch_datetime_operator.py for tasks to queue
[2025-04-21T17:02:30.442+0000] {logging_mixin.py:190} INFO - [2025-04-21T17:02:30.442+0000] {dagbag.py:588} INFO - Filling up the DagBag from /home/airflow/.local/lib/python3.12/site-packages/airflow/example_dags/example_branch_datetime_operator.py
[2025-04-21T17:02:30.447+0000] {processor.py:925} INFO - DAG(s) 'example_branch_datetime_operator_3', 'example_branch_datetime_operator', 'example_branch_datetime_operator_2' retrieved from /home/airflow/.local/lib/python3.12/site-packages/airflow/example_dags/example_branch_datetime_operator.py
[2025-04-21T17:02:30.463+0000] {logging_mixin.py:190} INFO - [2025-04-21T17:02:30.462+0000] {dag.py:3239} INFO - Sync 3 DAGs
[2025-04-21T17:02:30.472+0000] {logging_mixin.py:190} INFO - [2025-04-21T17:02:30.471+0000] {dag.py:4180} INFO - Setting next_dagrun for example_branch_datetime_operator to 2025-04-20 00:00:00+00:00, run_after=2025-04-21 00:00:00+00:00
[2025-04-21T17:02:30.476+0000] {logging_mixin.py:190} INFO - [2025-04-21T17:02:30.476+0000] {dag.py:4180} INFO - Setting next_dagrun for example_branch_datetime_operator_2 to 2025-04-20 00:00:00+00:00, run_after=2025-04-21 00:00:00+00:00
[2025-04-21T17:02:30.479+0000] {logging_mixin.py:190} INFO - [2025-04-21T17:02:30.479+0000] {dag.py:4180} INFO - Setting next_dagrun for example_branch_datetime_operator_3 to 2025-04-20 00:00:00+00:00, run_after=2025-04-21 00:00:00+00:00
[2025-04-21T17:02:30.485+0000] {processor.py:208} INFO - Processing /home/airflow/.local/lib/python3.12/site-packages/airflow/example_dags/example_branch_datetime_operator.py took 0.046 seconds
[2025-04-21T17:03:01.079+0000] {processor.py:186} INFO - Started process (PID=186) to work on /home/airflow/.local/lib/python3.12/site-packages/airflow/example_dags/example_branch_datetime_operator.py
[2025-04-21T17:03:01.080+0000] {processor.py:914} INFO - Processing file /home/airflow/.local/lib/python3.12/site-packages/airflow/example_dags/example_branch_datetime_operator.py for tasks to queue
[2025-04-21T17:03:01.081+0000] {logging_mixin.py:190} INFO - [2025-04-21T17:03:01.080+0000] {dagbag.py:588} INFO - Filling up the DagBag from /home/airflow/.local/lib/python3.12/site-packages/airflow/example_dags/example_branch_datetime_operator.py
[2025-04-21T17:03:01.085+0000] {processor.py:925} INFO - DAG(s) 'example_branch_datetime_operator_2', 'example_branch_datetime_operator_3', 'example_branch_datetime_operator' retrieved from /home/airflow/.local/lib/python3.12/site-packages/airflow/example_dags/example_branch_datetime_operator.py
[2025-04-21T17:03:01.099+0000] {logging_mixin.py:190} INFO - [2025-04-21T17:03:01.099+0000] {dag.py:3239} INFO - Sync 3 DAGs
[2025-04-21T17:03:01.109+0000] {logging_mixin.py:190} INFO - [2025-04-21T17:03:01.109+0000] {dag.py:4180} INFO - Setting next_dagrun for example_branch_datetime_operator to 2025-04-20 00:00:00+00:00, run_after=2025-04-21 00:00:00+00:00
[2025-04-21T17:03:01.111+0000] {logging_mixin.py:190} INFO - [2025-04-21T17:03:01.111+0000] {dag.py:4180} INFO - Setting next_dagrun for example_branch_datetime_operator_2 to 2025-04-20 00:00:00+00:00, run_after=2025-04-21 00:00:00+00:00
[2025-04-21T17:03:01.112+0000] {logging_mixin.py:190} INFO - [2025-04-21T17:03:01.112+0000] {dag.py:4180} INFO - Setting next_dagrun for example_branch_datetime_operator_3 to 2025-04-20 00:00:00+00:00, run_after=2025-04-21 00:00:00+00:00
[2025-04-21T17:03:01.120+0000] {processor.py:208} INFO - Processing /home/airflow/.local/lib/python3.12/site-packages/airflow/example_dags/example_branch_datetime_operator.py took 0.043 seconds
[2025-04-21T17:03:32.254+0000] {processor.py:186} INFO - Started process (PID=249) to work on /home/airflow/.local/lib/python3.12/site-packages/airflow/example_dags/example_branch_datetime_operator.py
[2025-04-21T17:03:32.254+0000] {processor.py:914} INFO - Processing file /home/airflow/.local/lib/python3.12/site-packages/airflow/example_dags/example_branch_datetime_operator.py for tasks to queue
[2025-04-21T17:03:32.255+0000] {logging_mixin.py:190} INFO - [2025-04-21T17:03:32.255+0000] {dagbag.py:588} INFO - Filling up the DagBag from /home/airflow/.local/lib/python3.12/site-packages/airflow/example_dags/example_branch_datetime_operator.py
[2025-04-21T17:03:32.259+0000] {processor.py:925} INFO - DAG(s) 'example_branch_datetime_operator_3', 'example_branch_datetime_operator_2', 'example_branch_datetime_operator' retrieved from /home/airflow/.local/lib/python3.12/site-packages/airflow/example_dags/example_branch_datetime_operator.py
[2025-04-21T17:03:32.268+0000] {logging_mixin.py:190} INFO - [2025-04-21T17:03:32.268+0000] {dag.py:3239} INFO - Sync 3 DAGs
[2025-04-21T17:03:32.277+0000] {logging_mixin.py:190} INFO - [2025-04-21T17:03:32.276+0000] {dag.py:4180} INFO - Setting next_dagrun for example_branch_datetime_operator to 2025-04-20 00:00:00+00:00, run_after=2025-04-21 00:00:00+00:00
[2025-04-21T17:03:32.278+0000] {logging_mixin.py:190} INFO - [2025-04-21T17:03:32.278+0000] {dag.py:4180} INFO - Setting next_dagrun for example_branch_datetime_operator_2 to 2025-04-20 00:00:00+00:00, run_after=2025-04-21 00:00:00+00:00
[2025-04-21T17:03:32.279+0000] {logging_mixin.py:190} INFO - [2025-04-21T17:03:32.279+0000] {dag.py:4180} INFO - Setting next_dagrun for example_branch_datetime_operator_3 to 2025-04-20 00:00:00+00:00, run_after=2025-04-21 00:00:00+00:00
[2025-04-21T17:03:32.284+0000] {processor.py:208} INFO - Processing /home/airflow/.local/lib/python3.12/site-packages/airflow/example_dags/example_branch_datetime_operator.py took 0.032 seconds
[2025-04-21T17:04:03.410+0000] {processor.py:186} INFO - Started process (PID=312) to work on /home/airflow/.local/lib/python3.12/site-packages/airflow/example_dags/example_branch_datetime_operator.py
[2025-04-21T17:04:03.411+0000] {processor.py:914} INFO - Processing file /home/airflow/.local/lib/python3.12/site-packages/airflow/example_dags/example_branch_datetime_operator.py for tasks to queue
[2025-04-21T17:04:03.411+0000] {logging_mixin.py:190} INFO - [2025-04-21T17:04:03.411+0000] {dagbag.py:588} INFO - Filling up the DagBag from /home/airflow/.local/lib/python3.12/site-packages/airflow/example_dags/example_branch_datetime_operator.py
[2025-04-21T17:04:03.416+0000] {processor.py:925} INFO - DAG(s) 'example_branch_datetime_operator_2', 'example_branch_datetime_operator_3', 'example_branch_datetime_operator' retrieved from /home/airflow/.local/lib/python3.12/site-packages/airflow/example_dags/example_branch_datetime_operator.py
[2025-04-21T17:04:03.425+0000] {logging_mixin.py:190} INFO - [2025-04-21T17:04:03.425+0000] {dag.py:3239} INFO - Sync 3 DAGs
[2025-04-21T17:04:03.434+0000] {logging_mixin.py:190} INFO - [2025-04-21T17:04:03.433+0000] {dag.py:4180} INFO - Setting next_dagrun for example_branch_datetime_operator to 2025-04-20 00:00:00+00:00, run_after=2025-04-21 00:00:00+00:00
[2025-04-21T17:04:03.435+0000] {logging_mixin.py:190} INFO - [2025-04-21T17:04:03.435+0000] {dag.py:4180} INFO - Setting next_dagrun for example_branch_datetime_operator_2 to 2025-04-20 00:00:00+00:00, run_after=2025-04-21 00:00:00+00:00
[2025-04-21T17:04:03.436+0000] {logging_mixin.py:190} INFO - [2025-04-21T17:04:03.436+0000] {dag.py:4180} INFO - Setting next_dagrun for example_branch_datetime_operator_3 to 2025-04-20 00:00:00+00:00, run_after=2025-04-21 00:00:00+00:00
[2025-04-21T17:04:03.441+0000] {processor.py:208} INFO - Processing /home/airflow/.local/lib/python3.12/site-packages/airflow/example_dags/example_branch_datetime_operator.py took 0.033 seconds
[2025-04-21T17:04:34.662+0000] {processor.py:186} INFO - Started process (PID=375) to work on /home/airflow/.local/lib/python3.12/site-packages/airflow/example_dags/example_branch_datetime_operator.py
[2025-04-21T17:04:34.662+0000] {processor.py:914} INFO - Processing file /home/airflow/.local/lib/python3.12/site-packages/airflow/example_dags/example_branch_datetime_operator.py for tasks to queue
[2025-04-21T17:04:34.663+0000] {logging_mixin.py:190} INFO - [2025-04-21T17:04:34.663+0000] {dagbag.py:588} INFO - Filling up the DagBag from /home/airflow/.local/lib/python3.12/site-packages/airflow/example_dags/example_branch_datetime_operator.py
[2025-04-21T17:04:34.667+0000] {processor.py:925} INFO - DAG(s) 'example_branch_datetime_operator', 'example_branch_datetime_operator_2', 'example_branch_datetime_operator_3' retrieved from /home/airflow/.local/lib/python3.12/site-packages/airflow/example_dags/example_branch_datetime_operator.py
[2025-04-21T17:04:34.677+0000] {logging_mixin.py:190} INFO - [2025-04-21T17:04:34.676+0000] {dag.py:3239} INFO - Sync 3 DAGs
[2025-04-21T17:04:34.685+0000] {logging_mixin.py:190} INFO - [2025-04-21T17:04:34.685+0000] {dag.py:4180} INFO - Setting next_dagrun for example_branch_datetime_operator to 2025-04-20 00:00:00+00:00, run_after=2025-04-21 00:00:00+00:00
[2025-04-21T17:04:34.686+0000] {logging_mixin.py:190} INFO - [2025-04-21T17:04:34.686+0000] {dag.py:4180} INFO - Setting next_dagrun for example_branch_datetime_operator_2 to 2025-04-20 00:00:00+00:00, run_after=2025-04-21 00:00:00+00:00
[2025-04-21T17:04:34.687+0000] {logging_mixin.py:190} INFO - [2025-04-21T17:04:34.687+0000] {dag.py:4180} INFO - Setting next_dagrun for example_branch_datetime_operator_3 to 2025-04-20 00:00:00+00:00, run_after=2025-04-21 00:00:00+00:00
[2025-04-21T17:04:34.692+0000] {processor.py:208} INFO - Processing /home/airflow/.local/lib/python3.12/site-packages/airflow/example_dags/example_branch_datetime_operator.py took 0.032 seconds
[2025-04-21T17:05:05.872+0000] {processor.py:186} INFO - Started process (PID=438) to work on /home/airflow/.local/lib/python3.12/site-packages/airflow/example_dags/example_branch_datetime_operator.py
[2025-04-21T17:05:05.873+0000] {processor.py:914} INFO - Processing file /home/airflow/.local/lib/python3.12/site-packages/airflow/example_dags/example_branch_datetime_operator.py for tasks to queue
[2025-04-21T17:05:05.873+0000] {logging_mixin.py:190} INFO - [2025-04-21T17:05:05.873+0000] {dagbag.py:588} INFO - Filling up the DagBag from /home/airflow/.local/lib/python3.12/site-packages/airflow/example_dags/example_branch_datetime_operator.py
[2025-04-21T17:05:05.878+0000] {processor.py:925} INFO - DAG(s) 'example_branch_datetime_operator_3', 'example_branch_datetime_operator_2', 'example_branch_datetime_operator' retrieved from /home/airflow/.local/lib/python3.12/site-packages/airflow/example_dags/example_branch_datetime_operator.py
[2025-04-21T17:05:05.888+0000] {logging_mixin.py:190} INFO - [2025-04-21T17:05:05.888+0000] {dag.py:3239} INFO - Sync 3 DAGs
[2025-04-21T17:05:05.897+0000] {logging_mixin.py:190} INFO - [2025-04-21T17:05:05.897+0000] {dag.py:4180} INFO - Setting next_dagrun for example_branch_datetime_operator to 2025-04-20 00:00:00+00:00, run_after=2025-04-21 00:00:00+00:00
[2025-04-21T17:05:05.898+0000] {logging_mixin.py:190} INFO - [2025-04-21T17:05:05.898+0000] {dag.py:4180} INFO - Setting next_dagrun for example_branch_datetime_operator_2 to 2025-04-20 00:00:00+00:00, run_after=2025-04-21 00:00:00+00:00
[2025-04-21T17:05:05.899+0000] {logging_mixin.py:190} INFO - [2025-04-21T17:05:05.899+0000] {dag.py:4180} INFO - Setting next_dagrun for example_branch_datetime_operator_3 to 2025-04-20 00:00:00+00:00, run_after=2025-04-21 00:00:00+00:00
[2025-04-21T17:05:05.904+0000] {processor.py:208} INFO - Processing /home/airflow/.local/lib/python3.12/site-packages/airflow/example_dags/example_branch_datetime_operator.py took 0.034 seconds
[2025-04-21T17:05:55.343+0000] {processor.py:186} INFO - Started process (PID=61) to work on /home/airflow/.local/lib/python3.12/site-packages/airflow/example_dags/example_branch_datetime_operator.py
[2025-04-21T17:05:55.344+0000] {processor.py:914} INFO - Processing file /home/airflow/.local/lib/python3.12/site-packages/airflow/example_dags/example_branch_datetime_operator.py for tasks to queue
[2025-04-21T17:05:55.345+0000] {logging_mixin.py:190} INFO - [2025-04-21T17:05:55.344+0000] {dagbag.py:588} INFO - Filling up the DagBag from /home/airflow/.local/lib/python3.12/site-packages/airflow/example_dags/example_branch_datetime_operator.py
[2025-04-21T17:05:55.350+0000] {processor.py:925} INFO - DAG(s) 'example_branch_datetime_operator', 'example_branch_datetime_operator_2', 'example_branch_datetime_operator_3' retrieved from /home/airflow/.local/lib/python3.12/site-packages/airflow/example_dags/example_branch_datetime_operator.py
[2025-04-21T17:05:55.366+0000] {logging_mixin.py:190} INFO - [2025-04-21T17:05:55.366+0000] {dag.py:3239} INFO - Sync 3 DAGs
[2025-04-21T17:05:55.381+0000] {logging_mixin.py:190} INFO - [2025-04-21T17:05:55.381+0000] {dag.py:4180} INFO - Setting next_dagrun for example_branch_datetime_operator to 2025-04-20 00:00:00+00:00, run_after=2025-04-21 00:00:00+00:00
[2025-04-21T17:05:55.383+0000] {logging_mixin.py:190} INFO - [2025-04-21T17:05:55.383+0000] {dag.py:4180} INFO - Setting next_dagrun for example_branch_datetime_operator_2 to 2025-04-20 00:00:00+00:00, run_after=2025-04-21 00:00:00+00:00
[2025-04-21T17:05:55.388+0000] {logging_mixin.py:190} INFO - [2025-04-21T17:05:55.388+0000] {dag.py:4180} INFO - Setting next_dagrun for example_branch_datetime_operator_3 to 2025-04-20 00:00:00+00:00, run_after=2025-04-21 00:00:00+00:00
[2025-04-21T17:05:55.395+0000] {processor.py:208} INFO - Processing /home/airflow/.local/lib/python3.12/site-packages/airflow/example_dags/example_branch_datetime_operator.py took 0.054 seconds
[2025-04-21T17:06:25.815+0000] {processor.py:186} INFO - Started process (PID=124) to work on /home/airflow/.local/lib/python3.12/site-packages/airflow/example_dags/example_branch_datetime_operator.py
[2025-04-21T17:06:25.815+0000] {processor.py:914} INFO - Processing file /home/airflow/.local/lib/python3.12/site-packages/airflow/example_dags/example_branch_datetime_operator.py for tasks to queue
[2025-04-21T17:06:25.816+0000] {logging_mixin.py:190} INFO - [2025-04-21T17:06:25.816+0000] {dagbag.py:588} INFO - Filling up the DagBag from /home/airflow/.local/lib/python3.12/site-packages/airflow/example_dags/example_branch_datetime_operator.py
[2025-04-21T17:06:25.820+0000] {processor.py:925} INFO - DAG(s) 'example_branch_datetime_operator_2', 'example_branch_datetime_operator', 'example_branch_datetime_operator_3' retrieved from /home/airflow/.local/lib/python3.12/site-packages/airflow/example_dags/example_branch_datetime_operator.py
[2025-04-21T17:06:25.830+0000] {logging_mixin.py:190} INFO - [2025-04-21T17:06:25.830+0000] {dag.py:3239} INFO - Sync 3 DAGs
[2025-04-21T17:06:25.839+0000] {logging_mixin.py:190} INFO - [2025-04-21T17:06:25.839+0000] {dag.py:4180} INFO - Setting next_dagrun for example_branch_datetime_operator to 2025-04-20 00:00:00+00:00, run_after=2025-04-21 00:00:00+00:00
[2025-04-21T17:06:25.840+0000] {logging_mixin.py:190} INFO - [2025-04-21T17:06:25.840+0000] {dag.py:4180} INFO - Setting next_dagrun for example_branch_datetime_operator_2 to 2025-04-20 00:00:00+00:00, run_after=2025-04-21 00:00:00+00:00
[2025-04-21T17:06:25.841+0000] {logging_mixin.py:190} INFO - [2025-04-21T17:06:25.841+0000] {dag.py:4180} INFO - Setting next_dagrun for example_branch_datetime_operator_3 to 2025-04-20 00:00:00+00:00, run_after=2025-04-21 00:00:00+00:00
[2025-04-21T17:06:25.846+0000] {processor.py:208} INFO - Processing /home/airflow/.local/lib/python3.12/site-packages/airflow/example_dags/example_branch_datetime_operator.py took 0.034 seconds
[2025-04-21T17:06:56.913+0000] {processor.py:186} INFO - Started process (PID=187) to work on /home/airflow/.local/lib/python3.12/site-packages/airflow/example_dags/example_branch_datetime_operator.py
[2025-04-21T17:06:56.913+0000] {processor.py:914} INFO - Processing file /home/airflow/.local/lib/python3.12/site-packages/airflow/example_dags/example_branch_datetime_operator.py for tasks to queue
[2025-04-21T17:06:56.914+0000] {logging_mixin.py:190} INFO - [2025-04-21T17:06:56.914+0000] {dagbag.py:588} INFO - Filling up the DagBag from /home/airflow/.local/lib/python3.12/site-packages/airflow/example_dags/example_branch_datetime_operator.py
[2025-04-21T17:06:56.919+0000] {processor.py:925} INFO - DAG(s) 'example_branch_datetime_operator', 'example_branch_datetime_operator_2', 'example_branch_datetime_operator_3' retrieved from /home/airflow/.local/lib/python3.12/site-packages/airflow/example_dags/example_branch_datetime_operator.py
[2025-04-21T17:06:56.928+0000] {logging_mixin.py:190} INFO - [2025-04-21T17:06:56.928+0000] {dag.py:3239} INFO - Sync 3 DAGs
[2025-04-21T17:06:56.937+0000] {logging_mixin.py:190} INFO - [2025-04-21T17:06:56.937+0000] {dag.py:4180} INFO - Setting next_dagrun for example_branch_datetime_operator to 2025-04-20 00:00:00+00:00, run_after=2025-04-21 00:00:00+00:00
[2025-04-21T17:06:56.938+0000] {logging_mixin.py:190} INFO - [2025-04-21T17:06:56.938+0000] {dag.py:4180} INFO - Setting next_dagrun for example_branch_datetime_operator_2 to 2025-04-20 00:00:00+00:00, run_after=2025-04-21 00:00:00+00:00
[2025-04-21T17:06:56.939+0000] {logging_mixin.py:190} INFO - [2025-04-21T17:06:56.939+0000] {dag.py:4180} INFO - Setting next_dagrun for example_branch_datetime_operator_3 to 2025-04-20 00:00:00+00:00, run_after=2025-04-21 00:00:00+00:00
[2025-04-21T17:06:56.945+0000] {processor.py:208} INFO - Processing /home/airflow/.local/lib/python3.12/site-packages/airflow/example_dags/example_branch_datetime_operator.py took 0.034 seconds
[2025-04-21T17:07:28.036+0000] {processor.py:186} INFO - Started process (PID=250) to work on /home/airflow/.local/lib/python3.12/site-packages/airflow/example_dags/example_branch_datetime_operator.py
[2025-04-21T17:07:28.036+0000] {processor.py:914} INFO - Processing file /home/airflow/.local/lib/python3.12/site-packages/airflow/example_dags/example_branch_datetime_operator.py for tasks to queue
[2025-04-21T17:07:28.037+0000] {logging_mixin.py:190} INFO - [2025-04-21T17:07:28.037+0000] {dagbag.py:588} INFO - Filling up the DagBag from /home/airflow/.local/lib/python3.12/site-packages/airflow/example_dags/example_branch_datetime_operator.py
[2025-04-21T17:07:28.041+0000] {processor.py:925} INFO - DAG(s) 'example_branch_datetime_operator_3', 'example_branch_datetime_operator', 'example_branch_datetime_operator_2' retrieved from /home/airflow/.local/lib/python3.12/site-packages/airflow/example_dags/example_branch_datetime_operator.py
[2025-04-21T17:07:28.051+0000] {logging_mixin.py:190} INFO - [2025-04-21T17:07:28.051+0000] {dag.py:3239} INFO - Sync 3 DAGs
[2025-04-21T17:07:28.060+0000] {logging_mixin.py:190} INFO - [2025-04-21T17:07:28.060+0000] {dag.py:4180} INFO - Setting next_dagrun for example_branch_datetime_operator to 2025-04-20 00:00:00+00:00, run_after=2025-04-21 00:00:00+00:00
[2025-04-21T17:07:28.061+0000] {logging_mixin.py:190} INFO - [2025-04-21T17:07:28.061+0000] {dag.py:4180} INFO - Setting next_dagrun for example_branch_datetime_operator_2 to 2025-04-20 00:00:00+00:00, run_after=2025-04-21 00:00:00+00:00
[2025-04-21T17:07:28.062+0000] {logging_mixin.py:190} INFO - [2025-04-21T17:07:28.062+0000] {dag.py:4180} INFO - Setting next_dagrun for example_branch_datetime_operator_3 to 2025-04-20 00:00:00+00:00, run_after=2025-04-21 00:00:00+00:00
[2025-04-21T17:07:28.067+0000] {processor.py:208} INFO - Processing /home/airflow/.local/lib/python3.12/site-packages/airflow/example_dags/example_branch_datetime_operator.py took 0.033 seconds
[2025-04-21T17:07:59.077+0000] {processor.py:186} INFO - Started process (PID=313) to work on /home/airflow/.local/lib/python3.12/site-packages/airflow/example_dags/example_branch_datetime_operator.py
[2025-04-21T17:07:59.078+0000] {processor.py:914} INFO - Processing file /home/airflow/.local/lib/python3.12/site-packages/airflow/example_dags/example_branch_datetime_operator.py for tasks to queue
[2025-04-21T17:07:59.078+0000] {logging_mixin.py:190} INFO - [2025-04-21T17:07:59.078+0000] {dagbag.py:588} INFO - Filling up the DagBag from /home/airflow/.local/lib/python3.12/site-packages/airflow/example_dags/example_branch_datetime_operator.py
[2025-04-21T17:07:59.083+0000] {processor.py:925} INFO - DAG(s) 'example_branch_datetime_operator', 'example_branch_datetime_operator_2', 'example_branch_datetime_operator_3' retrieved from /home/airflow/.local/lib/python3.12/site-packages/airflow/example_dags/example_branch_datetime_operator.py
[2025-04-21T17:07:59.092+0000] {logging_mixin.py:190} INFO - [2025-04-21T17:07:59.092+0000] {dag.py:3239} INFO - Sync 3 DAGs
[2025-04-21T17:07:59.101+0000] {logging_mixin.py:190} INFO - [2025-04-21T17:07:59.100+0000] {dag.py:4180} INFO - Setting next_dagrun for example_branch_datetime_operator to 2025-04-20 00:00:00+00:00, run_after=2025-04-21 00:00:00+00:00
[2025-04-21T17:07:59.102+0000] {logging_mixin.py:190} INFO - [2025-04-21T17:07:59.102+0000] {dag.py:4180} INFO - Setting next_dagrun for example_branch_datetime_operator_2 to 2025-04-20 00:00:00+00:00, run_after=2025-04-21 00:00:00+00:00
[2025-04-21T17:07:59.103+0000] {logging_mixin.py:190} INFO - [2025-04-21T17:07:59.103+0000] {dag.py:4180} INFO - Setting next_dagrun for example_branch_datetime_operator_3 to 2025-04-20 00:00:00+00:00, run_after=2025-04-21 00:00:00+00:00
[2025-04-21T17:07:59.108+0000] {processor.py:208} INFO - Processing /home/airflow/.local/lib/python3.12/site-packages/airflow/example_dags/example_branch_datetime_operator.py took 0.033 seconds
[2025-04-21T17:08:30.259+0000] {processor.py:186} INFO - Started process (PID=376) to work on /home/airflow/.local/lib/python3.12/site-packages/airflow/example_dags/example_branch_datetime_operator.py
[2025-04-21T17:08:30.259+0000] {processor.py:914} INFO - Processing file /home/airflow/.local/lib/python3.12/site-packages/airflow/example_dags/example_branch_datetime_operator.py for tasks to queue
[2025-04-21T17:08:30.260+0000] {logging_mixin.py:190} INFO - [2025-04-21T17:08:30.260+0000] {dagbag.py:588} INFO - Filling up the DagBag from /home/airflow/.local/lib/python3.12/site-packages/airflow/example_dags/example_branch_datetime_operator.py
[2025-04-21T17:08:30.265+0000] {processor.py:925} INFO - DAG(s) 'example_branch_datetime_operator_2', 'example_branch_datetime_operator_3', 'example_branch_datetime_operator' retrieved from /home/airflow/.local/lib/python3.12/site-packages/airflow/example_dags/example_branch_datetime_operator.py
[2025-04-21T17:08:30.275+0000] {logging_mixin.py:190} INFO - [2025-04-21T17:08:30.275+0000] {dag.py:3239} INFO - Sync 3 DAGs
[2025-04-21T17:08:30.283+0000] {logging_mixin.py:190} INFO - [2025-04-21T17:08:30.283+0000] {dag.py:4180} INFO - Setting next_dagrun for example_branch_datetime_operator to 2025-04-20 00:00:00+00:00, run_after=2025-04-21 00:00:00+00:00
[2025-04-21T17:08:30.285+0000] {logging_mixin.py:190} INFO - [2025-04-21T17:08:30.285+0000] {dag.py:4180} INFO - Setting next_dagrun for example_branch_datetime_operator_2 to 2025-04-20 00:00:00+00:00, run_after=2025-04-21 00:00:00+00:00
[2025-04-21T17:08:30.286+0000] {logging_mixin.py:190} INFO - [2025-04-21T17:08:30.286+0000] {dag.py:4180} INFO - Setting next_dagrun for example_branch_datetime_operator_3 to 2025-04-20 00:00:00+00:00, run_after=2025-04-21 00:00:00+00:00
[2025-04-21T17:08:30.292+0000] {processor.py:208} INFO - Processing /home/airflow/.local/lib/python3.12/site-packages/airflow/example_dags/example_branch_datetime_operator.py took 0.035 seconds
[2025-04-21T17:09:01.428+0000] {processor.py:186} INFO - Started process (PID=439) to work on /home/airflow/.local/lib/python3.12/site-packages/airflow/example_dags/example_branch_datetime_operator.py
[2025-04-21T17:09:01.429+0000] {processor.py:914} INFO - Processing file /home/airflow/.local/lib/python3.12/site-packages/airflow/example_dags/example_branch_datetime_operator.py for tasks to queue
[2025-04-21T17:09:01.430+0000] {logging_mixin.py:190} INFO - [2025-04-21T17:09:01.429+0000] {dagbag.py:588} INFO - Filling up the DagBag from /home/airflow/.local/lib/python3.12/site-packages/airflow/example_dags/example_branch_datetime_operator.py
[2025-04-21T17:09:01.434+0000] {processor.py:925} INFO - DAG(s) 'example_branch_datetime_operator_3', 'example_branch_datetime_operator', 'example_branch_datetime_operator_2' retrieved from /home/airflow/.local/lib/python3.12/site-packages/airflow/example_dags/example_branch_datetime_operator.py
[2025-04-21T17:09:01.444+0000] {logging_mixin.py:190} INFO - [2025-04-21T17:09:01.443+0000] {dag.py:3239} INFO - Sync 3 DAGs
[2025-04-21T17:09:01.452+0000] {logging_mixin.py:190} INFO - [2025-04-21T17:09:01.452+0000] {dag.py:4180} INFO - Setting next_dagrun for example_branch_datetime_operator to 2025-04-20 00:00:00+00:00, run_after=2025-04-21 00:00:00+00:00
[2025-04-21T17:09:01.453+0000] {logging_mixin.py:190} INFO - [2025-04-21T17:09:01.453+0000] {dag.py:4180} INFO - Setting next_dagrun for example_branch_datetime_operator_2 to 2025-04-20 00:00:00+00:00, run_after=2025-04-21 00:00:00+00:00
[2025-04-21T17:09:01.454+0000] {logging_mixin.py:190} INFO - [2025-04-21T17:09:01.454+0000] {dag.py:4180} INFO - Setting next_dagrun for example_branch_datetime_operator_3 to 2025-04-20 00:00:00+00:00, run_after=2025-04-21 00:00:00+00:00
[2025-04-21T17:09:01.459+0000] {processor.py:208} INFO - Processing /home/airflow/.local/lib/python3.12/site-packages/airflow/example_dags/example_branch_datetime_operator.py took 0.033 seconds
[2025-04-21T17:09:32.488+0000] {processor.py:186} INFO - Started process (PID=502) to work on /home/airflow/.local/lib/python3.12/site-packages/airflow/example_dags/example_branch_datetime_operator.py
[2025-04-21T17:09:32.488+0000] {processor.py:914} INFO - Processing file /home/airflow/.local/lib/python3.12/site-packages/airflow/example_dags/example_branch_datetime_operator.py for tasks to queue
[2025-04-21T17:09:32.489+0000] {logging_mixin.py:190} INFO - [2025-04-21T17:09:32.489+0000] {dagbag.py:588} INFO - Filling up the DagBag from /home/airflow/.local/lib/python3.12/site-packages/airflow/example_dags/example_branch_datetime_operator.py
[2025-04-21T17:09:32.494+0000] {processor.py:925} INFO - DAG(s) 'example_branch_datetime_operator_2', 'example_branch_datetime_operator_3', 'example_branch_datetime_operator' retrieved from /home/airflow/.local/lib/python3.12/site-packages/airflow/example_dags/example_branch_datetime_operator.py
[2025-04-21T17:09:32.503+0000] {logging_mixin.py:190} INFO - [2025-04-21T17:09:32.503+0000] {dag.py:3239} INFO - Sync 3 DAGs
[2025-04-21T17:09:32.511+0000] {logging_mixin.py:190} INFO - [2025-04-21T17:09:32.511+0000] {dag.py:4180} INFO - Setting next_dagrun for example_branch_datetime_operator to 2025-04-20 00:00:00+00:00, run_after=2025-04-21 00:00:00+00:00
[2025-04-21T17:09:32.513+0000] {logging_mixin.py:190} INFO - [2025-04-21T17:09:32.513+0000] {dag.py:4180} INFO - Setting next_dagrun for example_branch_datetime_operator_2 to 2025-04-20 00:00:00+00:00, run_after=2025-04-21 00:00:00+00:00
[2025-04-21T17:09:32.514+0000] {logging_mixin.py:190} INFO - [2025-04-21T17:09:32.514+0000] {dag.py:4180} INFO - Setting next_dagrun for example_branch_datetime_operator_3 to 2025-04-20 00:00:00+00:00, run_after=2025-04-21 00:00:00+00:00
[2025-04-21T17:09:32.519+0000] {processor.py:208} INFO - Processing /home/airflow/.local/lib/python3.12/site-packages/airflow/example_dags/example_branch_datetime_operator.py took 0.033 seconds
[2025-04-21T17:10:03.582+0000] {processor.py:186} INFO - Started process (PID=565) to work on /home/airflow/.local/lib/python3.12/site-packages/airflow/example_dags/example_branch_datetime_operator.py
[2025-04-21T17:10:03.583+0000] {processor.py:914} INFO - Processing file /home/airflow/.local/lib/python3.12/site-packages/airflow/example_dags/example_branch_datetime_operator.py for tasks to queue
[2025-04-21T17:10:03.584+0000] {logging_mixin.py:190} INFO - [2025-04-21T17:10:03.583+0000] {dagbag.py:588} INFO - Filling up the DagBag from /home/airflow/.local/lib/python3.12/site-packages/airflow/example_dags/example_branch_datetime_operator.py
[2025-04-21T17:10:03.588+0000] {processor.py:925} INFO - DAG(s) 'example_branch_datetime_operator_3', 'example_branch_datetime_operator_2', 'example_branch_datetime_operator' retrieved from /home/airflow/.local/lib/python3.12/site-packages/airflow/example_dags/example_branch_datetime_operator.py
[2025-04-21T17:10:03.598+0000] {logging_mixin.py:190} INFO - [2025-04-21T17:10:03.598+0000] {dag.py:3239} INFO - Sync 3 DAGs
[2025-04-21T17:10:03.607+0000] {logging_mixin.py:190} INFO - [2025-04-21T17:10:03.607+0000] {dag.py:4180} INFO - Setting next_dagrun for example_branch_datetime_operator to 2025-04-20 00:00:00+00:00, run_after=2025-04-21 00:00:00+00:00
[2025-04-21T17:10:03.608+0000] {logging_mixin.py:190} INFO - [2025-04-21T17:10:03.608+0000] {dag.py:4180} INFO - Setting next_dagrun for example_branch_datetime_operator_2 to 2025-04-20 00:00:00+00:00, run_after=2025-04-21 00:00:00+00:00
[2025-04-21T17:10:03.609+0000] {logging_mixin.py:190} INFO - [2025-04-21T17:10:03.609+0000] {dag.py:4180} INFO - Setting next_dagrun for example_branch_datetime_operator_3 to 2025-04-20 00:00:00+00:00, run_after=2025-04-21 00:00:00+00:00
[2025-04-21T17:10:03.614+0000] {processor.py:208} INFO - Processing /home/airflow/.local/lib/python3.12/site-packages/airflow/example_dags/example_branch_datetime_operator.py took 0.034 seconds
[2025-04-21T17:10:34.771+0000] {processor.py:186} INFO - Started process (PID=628) to work on /home/airflow/.local/lib/python3.12/site-packages/airflow/example_dags/example_branch_datetime_operator.py
[2025-04-21T17:10:34.771+0000] {processor.py:914} INFO - Processing file /home/airflow/.local/lib/python3.12/site-packages/airflow/example_dags/example_branch_datetime_operator.py for tasks to queue
[2025-04-21T17:10:34.772+0000] {logging_mixin.py:190} INFO - [2025-04-21T17:10:34.772+0000] {dagbag.py:588} INFO - Filling up the DagBag from /home/airflow/.local/lib/python3.12/site-packages/airflow/example_dags/example_branch_datetime_operator.py
[2025-04-21T17:10:34.776+0000] {processor.py:925} INFO - DAG(s) 'example_branch_datetime_operator_3', 'example_branch_datetime_operator_2', 'example_branch_datetime_operator' retrieved from /home/airflow/.local/lib/python3.12/site-packages/airflow/example_dags/example_branch_datetime_operator.py
[2025-04-21T17:10:34.786+0000] {logging_mixin.py:190} INFO - [2025-04-21T17:10:34.786+0000] {dag.py:3239} INFO - Sync 3 DAGs
[2025-04-21T17:10:34.795+0000] {logging_mixin.py:190} INFO - [2025-04-21T17:10:34.795+0000] {dag.py:4180} INFO - Setting next_dagrun for example_branch_datetime_operator to 2025-04-20 00:00:00+00:00, run_after=2025-04-21 00:00:00+00:00
[2025-04-21T17:10:34.796+0000] {logging_mixin.py:190} INFO - [2025-04-21T17:10:34.796+0000] {dag.py:4180} INFO - Setting next_dagrun for example_branch_datetime_operator_2 to 2025-04-20 00:00:00+00:00, run_after=2025-04-21 00:00:00+00:00
[2025-04-21T17:10:34.797+0000] {logging_mixin.py:190} INFO - [2025-04-21T17:10:34.797+0000] {dag.py:4180} INFO - Setting next_dagrun for example_branch_datetime_operator_3 to 2025-04-20 00:00:00+00:00, run_after=2025-04-21 00:00:00+00:00
[2025-04-21T17:10:34.802+0000] {processor.py:208} INFO - Processing /home/airflow/.local/lib/python3.12/site-packages/airflow/example_dags/example_branch_datetime_operator.py took 0.033 seconds
[2025-04-21T17:11:05.911+0000] {processor.py:186} INFO - Started process (PID=692) to work on /home/airflow/.local/lib/python3.12/site-packages/airflow/example_dags/example_branch_datetime_operator.py
[2025-04-21T17:11:05.912+0000] {processor.py:914} INFO - Processing file /home/airflow/.local/lib/python3.12/site-packages/airflow/example_dags/example_branch_datetime_operator.py for tasks to queue
[2025-04-21T17:11:05.913+0000] {logging_mixin.py:190} INFO - [2025-04-21T17:11:05.913+0000] {dagbag.py:588} INFO - Filling up the DagBag from /home/airflow/.local/lib/python3.12/site-packages/airflow/example_dags/example_branch_datetime_operator.py
[2025-04-21T17:11:05.919+0000] {processor.py:925} INFO - DAG(s) 'example_branch_datetime_operator', 'example_branch_datetime_operator_2', 'example_branch_datetime_operator_3' retrieved from /home/airflow/.local/lib/python3.12/site-packages/airflow/example_dags/example_branch_datetime_operator.py
[2025-04-21T17:11:05.929+0000] {logging_mixin.py:190} INFO - [2025-04-21T17:11:05.929+0000] {dag.py:3239} INFO - Sync 3 DAGs
[2025-04-21T17:11:05.937+0000] {logging_mixin.py:190} INFO - [2025-04-21T17:11:05.937+0000] {dag.py:4180} INFO - Setting next_dagrun for example_branch_datetime_operator to 2025-04-20 00:00:00+00:00, run_after=2025-04-21 00:00:00+00:00
[2025-04-21T17:11:05.939+0000] {logging_mixin.py:190} INFO - [2025-04-21T17:11:05.939+0000] {dag.py:4180} INFO - Setting next_dagrun for example_branch_datetime_operator_2 to 2025-04-20 00:00:00+00:00, run_after=2025-04-21 00:00:00+00:00
[2025-04-21T17:11:05.940+0000] {logging_mixin.py:190} INFO - [2025-04-21T17:11:05.939+0000] {dag.py:4180} INFO - Setting next_dagrun for example_branch_datetime_operator_3 to 2025-04-20 00:00:00+00:00, run_after=2025-04-21 00:00:00+00:00
[2025-04-21T17:11:05.946+0000] {processor.py:208} INFO - Processing /home/airflow/.local/lib/python3.12/site-packages/airflow/example_dags/example_branch_datetime_operator.py took 0.037 seconds
[2025-04-21T17:11:37.195+0000] {processor.py:186} INFO - Started process (PID=756) to work on /home/airflow/.local/lib/python3.12/site-packages/airflow/example_dags/example_branch_datetime_operator.py
[2025-04-21T17:11:37.196+0000] {processor.py:914} INFO - Processing file /home/airflow/.local/lib/python3.12/site-packages/airflow/example_dags/example_branch_datetime_operator.py for tasks to queue
[2025-04-21T17:11:37.197+0000] {logging_mixin.py:190} INFO - [2025-04-21T17:11:37.196+0000] {dagbag.py:588} INFO - Filling up the DagBag from /home/airflow/.local/lib/python3.12/site-packages/airflow/example_dags/example_branch_datetime_operator.py
[2025-04-21T17:11:37.201+0000] {processor.py:925} INFO - DAG(s) 'example_branch_datetime_operator', 'example_branch_datetime_operator_2', 'example_branch_datetime_operator_3' retrieved from /home/airflow/.local/lib/python3.12/site-packages/airflow/example_dags/example_branch_datetime_operator.py
[2025-04-21T17:11:37.211+0000] {logging_mixin.py:190} INFO - [2025-04-21T17:11:37.211+0000] {dag.py:3239} INFO - Sync 3 DAGs
[2025-04-21T17:11:37.219+0000] {logging_mixin.py:190} INFO - [2025-04-21T17:11:37.219+0000] {dag.py:4180} INFO - Setting next_dagrun for example_branch_datetime_operator to 2025-04-20 00:00:00+00:00, run_after=2025-04-21 00:00:00+00:00
[2025-04-21T17:11:37.221+0000] {logging_mixin.py:190} INFO - [2025-04-21T17:11:37.221+0000] {dag.py:4180} INFO - Setting next_dagrun for example_branch_datetime_operator_2 to 2025-04-20 00:00:00+00:00, run_after=2025-04-21 00:00:00+00:00
[2025-04-21T17:11:37.222+0000] {logging_mixin.py:190} INFO - [2025-04-21T17:11:37.222+0000] {dag.py:4180} INFO - Setting next_dagrun for example_branch_datetime_operator_3 to 2025-04-20 00:00:00+00:00, run_after=2025-04-21 00:00:00+00:00
[2025-04-21T17:11:37.227+0000] {processor.py:208} INFO - Processing /home/airflow/.local/lib/python3.12/site-packages/airflow/example_dags/example_branch_datetime_operator.py took 0.033 seconds
[2025-04-21T17:12:08.602+0000] {processor.py:186} INFO - Started process (PID=820) to work on /home/airflow/.local/lib/python3.12/site-packages/airflow/example_dags/example_branch_datetime_operator.py
[2025-04-21T17:12:08.603+0000] {processor.py:914} INFO - Processing file /home/airflow/.local/lib/python3.12/site-packages/airflow/example_dags/example_branch_datetime_operator.py for tasks to queue
[2025-04-21T17:12:08.604+0000] {logging_mixin.py:190} INFO - [2025-04-21T17:12:08.604+0000] {dagbag.py:588} INFO - Filling up the DagBag from /home/airflow/.local/lib/python3.12/site-packages/airflow/example_dags/example_branch_datetime_operator.py
[2025-04-21T17:12:08.609+0000] {processor.py:925} INFO - DAG(s) 'example_branch_datetime_operator_2', 'example_branch_datetime_operator', 'example_branch_datetime_operator_3' retrieved from /home/airflow/.local/lib/python3.12/site-packages/airflow/example_dags/example_branch_datetime_operator.py
[2025-04-21T17:12:08.622+0000] {logging_mixin.py:190} INFO - [2025-04-21T17:12:08.622+0000] {dag.py:3239} INFO - Sync 3 DAGs
[2025-04-21T17:12:08.636+0000] {logging_mixin.py:190} INFO - [2025-04-21T17:12:08.636+0000] {dag.py:4180} INFO - Setting next_dagrun for example_branch_datetime_operator to 2025-04-20 00:00:00+00:00, run_after=2025-04-21 00:00:00+00:00
[2025-04-21T17:12:08.640+0000] {logging_mixin.py:190} INFO - [2025-04-21T17:12:08.640+0000] {dag.py:4180} INFO - Setting next_dagrun for example_branch_datetime_operator_2 to 2025-04-20 00:00:00+00:00, run_after=2025-04-21 00:00:00+00:00
[2025-04-21T17:12:08.643+0000] {logging_mixin.py:190} INFO - [2025-04-21T17:12:08.643+0000] {dag.py:4180} INFO - Setting next_dagrun for example_branch_datetime_operator_3 to 2025-04-20 00:00:00+00:00, run_after=2025-04-21 00:00:00+00:00
[2025-04-21T17:12:08.655+0000] {processor.py:208} INFO - Processing /home/airflow/.local/lib/python3.12/site-packages/airflow/example_dags/example_branch_datetime_operator.py took 0.055 seconds
[2025-04-21T17:12:39.213+0000] {processor.py:186} INFO - Started process (PID=884) to work on /home/airflow/.local/lib/python3.12/site-packages/airflow/example_dags/example_branch_datetime_operator.py
[2025-04-21T17:12:39.213+0000] {processor.py:914} INFO - Processing file /home/airflow/.local/lib/python3.12/site-packages/airflow/example_dags/example_branch_datetime_operator.py for tasks to queue
[2025-04-21T17:12:39.214+0000] {logging_mixin.py:190} INFO - [2025-04-21T17:12:39.214+0000] {dagbag.py:588} INFO - Filling up the DagBag from /home/airflow/.local/lib/python3.12/site-packages/airflow/example_dags/example_branch_datetime_operator.py
[2025-04-21T17:12:39.220+0000] {processor.py:925} INFO - DAG(s) 'example_branch_datetime_operator', 'example_branch_datetime_operator_2', 'example_branch_datetime_operator_3' retrieved from /home/airflow/.local/lib/python3.12/site-packages/airflow/example_dags/example_branch_datetime_operator.py
[2025-04-21T17:12:39.265+0000] {logging_mixin.py:190} INFO - [2025-04-21T17:12:39.264+0000] {dag.py:3239} INFO - Sync 3 DAGs
[2025-04-21T17:12:39.275+0000] {logging_mixin.py:190} INFO - [2025-04-21T17:12:39.275+0000] {dag.py:4180} INFO - Setting next_dagrun for example_branch_datetime_operator to 2025-04-20 00:00:00+00:00, run_after=2025-04-21 00:00:00+00:00
[2025-04-21T17:12:39.276+0000] {logging_mixin.py:190} INFO - [2025-04-21T17:12:39.276+0000] {dag.py:4180} INFO - Setting next_dagrun for example_branch_datetime_operator_2 to 2025-04-20 00:00:00+00:00, run_after=2025-04-21 00:00:00+00:00
[2025-04-21T17:12:39.277+0000] {logging_mixin.py:190} INFO - [2025-04-21T17:12:39.277+0000] {dag.py:4180} INFO - Setting next_dagrun for example_branch_datetime_operator_3 to 2025-04-20 00:00:00+00:00, run_after=2025-04-21 00:00:00+00:00
[2025-04-21T17:12:39.283+0000] {processor.py:208} INFO - Processing /home/airflow/.local/lib/python3.12/site-packages/airflow/example_dags/example_branch_datetime_operator.py took 0.072 seconds
[2025-04-21T17:13:09.872+0000] {processor.py:186} INFO - Started process (PID=947) to work on /home/airflow/.local/lib/python3.12/site-packages/airflow/example_dags/example_branch_datetime_operator.py
[2025-04-21T17:13:09.873+0000] {processor.py:914} INFO - Processing file /home/airflow/.local/lib/python3.12/site-packages/airflow/example_dags/example_branch_datetime_operator.py for tasks to queue
[2025-04-21T17:13:09.874+0000] {logging_mixin.py:190} INFO - [2025-04-21T17:13:09.873+0000] {dagbag.py:588} INFO - Filling up the DagBag from /home/airflow/.local/lib/python3.12/site-packages/airflow/example_dags/example_branch_datetime_operator.py
[2025-04-21T17:13:09.879+0000] {processor.py:925} INFO - DAG(s) 'example_branch_datetime_operator_3', 'example_branch_datetime_operator', 'example_branch_datetime_operator_2' retrieved from /home/airflow/.local/lib/python3.12/site-packages/airflow/example_dags/example_branch_datetime_operator.py
[2025-04-21T17:13:09.891+0000] {logging_mixin.py:190} INFO - [2025-04-21T17:13:09.890+0000] {dag.py:3239} INFO - Sync 3 DAGs
[2025-04-21T17:13:09.901+0000] {logging_mixin.py:190} INFO - [2025-04-21T17:13:09.901+0000] {dag.py:4180} INFO - Setting next_dagrun for example_branch_datetime_operator to 2025-04-20 00:00:00+00:00, run_after=2025-04-21 00:00:00+00:00
[2025-04-21T17:13:09.902+0000] {logging_mixin.py:190} INFO - [2025-04-21T17:13:09.902+0000] {dag.py:4180} INFO - Setting next_dagrun for example_branch_datetime_operator_2 to 2025-04-20 00:00:00+00:00, run_after=2025-04-21 00:00:00+00:00
[2025-04-21T17:13:09.904+0000] {logging_mixin.py:190} INFO - [2025-04-21T17:13:09.904+0000] {dag.py:4180} INFO - Setting next_dagrun for example_branch_datetime_operator_3 to 2025-04-20 00:00:00+00:00, run_after=2025-04-21 00:00:00+00:00
[2025-04-21T17:13:09.911+0000] {processor.py:208} INFO - Processing /home/airflow/.local/lib/python3.12/site-packages/airflow/example_dags/example_branch_datetime_operator.py took 0.041 seconds
[2025-04-21T17:13:40.280+0000] {processor.py:186} INFO - Started process (PID=1011) to work on /home/airflow/.local/lib/python3.12/site-packages/airflow/example_dags/example_branch_datetime_operator.py
[2025-04-21T17:13:40.281+0000] {processor.py:914} INFO - Processing file /home/airflow/.local/lib/python3.12/site-packages/airflow/example_dags/example_branch_datetime_operator.py for tasks to queue
[2025-04-21T17:13:40.282+0000] {logging_mixin.py:190} INFO - [2025-04-21T17:13:40.281+0000] {dagbag.py:588} INFO - Filling up the DagBag from /home/airflow/.local/lib/python3.12/site-packages/airflow/example_dags/example_branch_datetime_operator.py
[2025-04-21T17:13:40.286+0000] {processor.py:925} INFO - DAG(s) 'example_branch_datetime_operator', 'example_branch_datetime_operator_3', 'example_branch_datetime_operator_2' retrieved from /home/airflow/.local/lib/python3.12/site-packages/airflow/example_dags/example_branch_datetime_operator.py
[2025-04-21T17:13:40.297+0000] {logging_mixin.py:190} INFO - [2025-04-21T17:13:40.297+0000] {dag.py:3239} INFO - Sync 3 DAGs
[2025-04-21T17:13:40.307+0000] {logging_mixin.py:190} INFO - [2025-04-21T17:13:40.306+0000] {dag.py:4180} INFO - Setting next_dagrun for example_branch_datetime_operator to 2025-04-20 00:00:00+00:00, run_after=2025-04-21 00:00:00+00:00
[2025-04-21T17:13:40.309+0000] {logging_mixin.py:190} INFO - [2025-04-21T17:13:40.309+0000] {dag.py:4180} INFO - Setting next_dagrun for example_branch_datetime_operator_2 to 2025-04-20 00:00:00+00:00, run_after=2025-04-21 00:00:00+00:00
[2025-04-21T17:13:40.311+0000] {logging_mixin.py:190} INFO - [2025-04-21T17:13:40.311+0000] {dag.py:4180} INFO - Setting next_dagrun for example_branch_datetime_operator_3 to 2025-04-20 00:00:00+00:00, run_after=2025-04-21 00:00:00+00:00
[2025-04-21T17:13:40.317+0000] {processor.py:208} INFO - Processing /home/airflow/.local/lib/python3.12/site-packages/airflow/example_dags/example_branch_datetime_operator.py took 0.038 seconds
[2025-04-21T17:14:10.646+0000] {processor.py:186} INFO - Started process (PID=1075) to work on /home/airflow/.local/lib/python3.12/site-packages/airflow/example_dags/example_branch_datetime_operator.py
[2025-04-21T17:14:10.646+0000] {processor.py:914} INFO - Processing file /home/airflow/.local/lib/python3.12/site-packages/airflow/example_dags/example_branch_datetime_operator.py for tasks to queue
[2025-04-21T17:14:10.647+0000] {logging_mixin.py:190} INFO - [2025-04-21T17:14:10.647+0000] {dagbag.py:588} INFO - Filling up the DagBag from /home/airflow/.local/lib/python3.12/site-packages/airflow/example_dags/example_branch_datetime_operator.py
[2025-04-21T17:14:10.652+0000] {processor.py:925} INFO - DAG(s) 'example_branch_datetime_operator_3', 'example_branch_datetime_operator', 'example_branch_datetime_operator_2' retrieved from /home/airflow/.local/lib/python3.12/site-packages/airflow/example_dags/example_branch_datetime_operator.py
[2025-04-21T17:14:10.663+0000] {logging_mixin.py:190} INFO - [2025-04-21T17:14:10.663+0000] {dag.py:3239} INFO - Sync 3 DAGs
[2025-04-21T17:14:10.672+0000] {logging_mixin.py:190} INFO - [2025-04-21T17:14:10.672+0000] {dag.py:4180} INFO - Setting next_dagrun for example_branch_datetime_operator to 2025-04-20 00:00:00+00:00, run_after=2025-04-21 00:00:00+00:00
[2025-04-21T17:14:10.674+0000] {logging_mixin.py:190} INFO - [2025-04-21T17:14:10.673+0000] {dag.py:4180} INFO - Setting next_dagrun for example_branch_datetime_operator_2 to 2025-04-20 00:00:00+00:00, run_after=2025-04-21 00:00:00+00:00
[2025-04-21T17:14:10.674+0000] {logging_mixin.py:190} INFO - [2025-04-21T17:14:10.674+0000] {dag.py:4180} INFO - Setting next_dagrun for example_branch_datetime_operator_3 to 2025-04-20 00:00:00+00:00, run_after=2025-04-21 00:00:00+00:00
[2025-04-21T17:14:10.680+0000] {processor.py:208} INFO - Processing /home/airflow/.local/lib/python3.12/site-packages/airflow/example_dags/example_branch_datetime_operator.py took 0.036 seconds
[2025-04-21T17:14:40.727+0000] {processor.py:186} INFO - Started process (PID=1138) to work on /home/airflow/.local/lib/python3.12/site-packages/airflow/example_dags/example_branch_datetime_operator.py
[2025-04-21T17:14:40.727+0000] {processor.py:914} INFO - Processing file /home/airflow/.local/lib/python3.12/site-packages/airflow/example_dags/example_branch_datetime_operator.py for tasks to queue
[2025-04-21T17:14:40.728+0000] {logging_mixin.py:190} INFO - [2025-04-21T17:14:40.728+0000] {dagbag.py:588} INFO - Filling up the DagBag from /home/airflow/.local/lib/python3.12/site-packages/airflow/example_dags/example_branch_datetime_operator.py
[2025-04-21T17:14:40.734+0000] {processor.py:925} INFO - DAG(s) 'example_branch_datetime_operator', 'example_branch_datetime_operator_3', 'example_branch_datetime_operator_2' retrieved from /home/airflow/.local/lib/python3.12/site-packages/airflow/example_dags/example_branch_datetime_operator.py
[2025-04-21T17:14:40.746+0000] {logging_mixin.py:190} INFO - [2025-04-21T17:14:40.746+0000] {dag.py:3239} INFO - Sync 3 DAGs
[2025-04-21T17:14:40.754+0000] {logging_mixin.py:190} INFO - [2025-04-21T17:14:40.754+0000] {dag.py:4180} INFO - Setting next_dagrun for example_branch_datetime_operator to 2025-04-20 00:00:00+00:00, run_after=2025-04-21 00:00:00+00:00
[2025-04-21T17:14:40.756+0000] {logging_mixin.py:190} INFO - [2025-04-21T17:14:40.756+0000] {dag.py:4180} INFO - Setting next_dagrun for example_branch_datetime_operator_2 to 2025-04-20 00:00:00+00:00, run_after=2025-04-21 00:00:00+00:00
[2025-04-21T17:14:40.757+0000] {logging_mixin.py:190} INFO - [2025-04-21T17:14:40.757+0000] {dag.py:4180} INFO - Setting next_dagrun for example_branch_datetime_operator_3 to 2025-04-20 00:00:00+00:00, run_after=2025-04-21 00:00:00+00:00
[2025-04-21T17:14:40.762+0000] {processor.py:208} INFO - Processing /home/airflow/.local/lib/python3.12/site-packages/airflow/example_dags/example_branch_datetime_operator.py took 0.038 seconds
[2025-04-21T17:15:11.033+0000] {processor.py:186} INFO - Started process (PID=1201) to work on /home/airflow/.local/lib/python3.12/site-packages/airflow/example_dags/example_branch_datetime_operator.py
[2025-04-21T17:15:11.033+0000] {processor.py:914} INFO - Processing file /home/airflow/.local/lib/python3.12/site-packages/airflow/example_dags/example_branch_datetime_operator.py for tasks to queue
[2025-04-21T17:15:11.034+0000] {logging_mixin.py:190} INFO - [2025-04-21T17:15:11.034+0000] {dagbag.py:588} INFO - Filling up the DagBag from /home/airflow/.local/lib/python3.12/site-packages/airflow/example_dags/example_branch_datetime_operator.py
[2025-04-21T17:15:11.038+0000] {processor.py:925} INFO - DAG(s) 'example_branch_datetime_operator', 'example_branch_datetime_operator_3', 'example_branch_datetime_operator_2' retrieved from /home/airflow/.local/lib/python3.12/site-packages/airflow/example_dags/example_branch_datetime_operator.py
[2025-04-21T17:15:11.047+0000] {logging_mixin.py:190} INFO - [2025-04-21T17:15:11.047+0000] {dag.py:3239} INFO - Sync 3 DAGs
[2025-04-21T17:15:11.055+0000] {logging_mixin.py:190} INFO - [2025-04-21T17:15:11.055+0000] {dag.py:4180} INFO - Setting next_dagrun for example_branch_datetime_operator to 2025-04-20 00:00:00+00:00, run_after=2025-04-21 00:00:00+00:00
[2025-04-21T17:15:11.056+0000] {logging_mixin.py:190} INFO - [2025-04-21T17:15:11.056+0000] {dag.py:4180} INFO - Setting next_dagrun for example_branch_datetime_operator_2 to 2025-04-20 00:00:00+00:00, run_after=2025-04-21 00:00:00+00:00
[2025-04-21T17:15:11.057+0000] {logging_mixin.py:190} INFO - [2025-04-21T17:15:11.057+0000] {dag.py:4180} INFO - Setting next_dagrun for example_branch_datetime_operator_3 to 2025-04-20 00:00:00+00:00, run_after=2025-04-21 00:00:00+00:00
[2025-04-21T17:15:11.062+0000] {processor.py:208} INFO - Processing /home/airflow/.local/lib/python3.12/site-packages/airflow/example_dags/example_branch_datetime_operator.py took 0.030 seconds
[2025-04-21T17:15:41.206+0000] {processor.py:186} INFO - Started process (PID=1265) to work on /home/airflow/.local/lib/python3.12/site-packages/airflow/example_dags/example_branch_datetime_operator.py
[2025-04-21T17:15:41.206+0000] {processor.py:914} INFO - Processing file /home/airflow/.local/lib/python3.12/site-packages/airflow/example_dags/example_branch_datetime_operator.py for tasks to queue
[2025-04-21T17:15:41.207+0000] {logging_mixin.py:190} INFO - [2025-04-21T17:15:41.207+0000] {dagbag.py:588} INFO - Filling up the DagBag from /home/airflow/.local/lib/python3.12/site-packages/airflow/example_dags/example_branch_datetime_operator.py
[2025-04-21T17:15:41.213+0000] {processor.py:925} INFO - DAG(s) 'example_branch_datetime_operator', 'example_branch_datetime_operator_3', 'example_branch_datetime_operator_2' retrieved from /home/airflow/.local/lib/python3.12/site-packages/airflow/example_dags/example_branch_datetime_operator.py
[2025-04-21T17:15:41.228+0000] {logging_mixin.py:190} INFO - [2025-04-21T17:15:41.228+0000] {dag.py:3239} INFO - Sync 3 DAGs
[2025-04-21T17:15:41.240+0000] {logging_mixin.py:190} INFO - [2025-04-21T17:15:41.240+0000] {dag.py:4180} INFO - Setting next_dagrun for example_branch_datetime_operator to 2025-04-20 00:00:00+00:00, run_after=2025-04-21 00:00:00+00:00
[2025-04-21T17:15:41.242+0000] {logging_mixin.py:190} INFO - [2025-04-21T17:15:41.242+0000] {dag.py:4180} INFO - Setting next_dagrun for example_branch_datetime_operator_2 to 2025-04-20 00:00:00+00:00, run_after=2025-04-21 00:00:00+00:00
[2025-04-21T17:15:41.245+0000] {logging_mixin.py:190} INFO - [2025-04-21T17:15:41.245+0000] {dag.py:4180} INFO - Setting next_dagrun for example_branch_datetime_operator_3 to 2025-04-20 00:00:00+00:00, run_after=2025-04-21 00:00:00+00:00
[2025-04-21T17:15:41.254+0000] {processor.py:208} INFO - Processing /home/airflow/.local/lib/python3.12/site-packages/airflow/example_dags/example_branch_datetime_operator.py took 0.051 seconds
[2025-04-21T17:16:11.795+0000] {processor.py:186} INFO - Started process (PID=1330) to work on /home/airflow/.local/lib/python3.12/site-packages/airflow/example_dags/example_branch_datetime_operator.py
[2025-04-21T17:16:11.796+0000] {processor.py:914} INFO - Processing file /home/airflow/.local/lib/python3.12/site-packages/airflow/example_dags/example_branch_datetime_operator.py for tasks to queue
[2025-04-21T17:16:11.798+0000] {logging_mixin.py:190} INFO - [2025-04-21T17:16:11.797+0000] {dagbag.py:588} INFO - Filling up the DagBag from /home/airflow/.local/lib/python3.12/site-packages/airflow/example_dags/example_branch_datetime_operator.py
[2025-04-21T17:16:11.804+0000] {processor.py:925} INFO - DAG(s) 'example_branch_datetime_operator_2', 'example_branch_datetime_operator', 'example_branch_datetime_operator_3' retrieved from /home/airflow/.local/lib/python3.12/site-packages/airflow/example_dags/example_branch_datetime_operator.py
[2025-04-21T17:16:11.818+0000] {logging_mixin.py:190} INFO - [2025-04-21T17:16:11.818+0000] {dag.py:3239} INFO - Sync 3 DAGs
[2025-04-21T17:16:11.828+0000] {logging_mixin.py:190} INFO - [2025-04-21T17:16:11.828+0000] {dag.py:4180} INFO - Setting next_dagrun for example_branch_datetime_operator to 2025-04-20 00:00:00+00:00, run_after=2025-04-21 00:00:00+00:00
[2025-04-21T17:16:11.831+0000] {logging_mixin.py:190} INFO - [2025-04-21T17:16:11.831+0000] {dag.py:4180} INFO - Setting next_dagrun for example_branch_datetime_operator_2 to 2025-04-20 00:00:00+00:00, run_after=2025-04-21 00:00:00+00:00
[2025-04-21T17:16:11.831+0000] {logging_mixin.py:190} INFO - [2025-04-21T17:16:11.831+0000] {dag.py:4180} INFO - Setting next_dagrun for example_branch_datetime_operator_3 to 2025-04-20 00:00:00+00:00, run_after=2025-04-21 00:00:00+00:00
[2025-04-21T17:16:11.837+0000] {processor.py:208} INFO - Processing /home/airflow/.local/lib/python3.12/site-packages/airflow/example_dags/example_branch_datetime_operator.py took 0.045 seconds
[2025-04-21T17:16:42.073+0000] {processor.py:186} INFO - Started process (PID=1395) to work on /home/airflow/.local/lib/python3.12/site-packages/airflow/example_dags/example_branch_datetime_operator.py
[2025-04-21T17:16:42.074+0000] {processor.py:914} INFO - Processing file /home/airflow/.local/lib/python3.12/site-packages/airflow/example_dags/example_branch_datetime_operator.py for tasks to queue
[2025-04-21T17:16:42.075+0000] {logging_mixin.py:190} INFO - [2025-04-21T17:16:42.075+0000] {dagbag.py:588} INFO - Filling up the DagBag from /home/airflow/.local/lib/python3.12/site-packages/airflow/example_dags/example_branch_datetime_operator.py
[2025-04-21T17:16:42.080+0000] {processor.py:925} INFO - DAG(s) 'example_branch_datetime_operator', 'example_branch_datetime_operator_3', 'example_branch_datetime_operator_2' retrieved from /home/airflow/.local/lib/python3.12/site-packages/airflow/example_dags/example_branch_datetime_operator.py
[2025-04-21T17:16:42.090+0000] {logging_mixin.py:190} INFO - [2025-04-21T17:16:42.090+0000] {dag.py:3239} INFO - Sync 3 DAGs
[2025-04-21T17:16:42.100+0000] {logging_mixin.py:190} INFO - [2025-04-21T17:16:42.100+0000] {dag.py:4180} INFO - Setting next_dagrun for example_branch_datetime_operator to 2025-04-20 00:00:00+00:00, run_after=2025-04-21 00:00:00+00:00
[2025-04-21T17:16:42.102+0000] {logging_mixin.py:190} INFO - [2025-04-21T17:16:42.102+0000] {dag.py:4180} INFO - Setting next_dagrun for example_branch_datetime_operator_2 to 2025-04-20 00:00:00+00:00, run_after=2025-04-21 00:00:00+00:00
[2025-04-21T17:16:42.104+0000] {logging_mixin.py:190} INFO - [2025-04-21T17:16:42.103+0000] {dag.py:4180} INFO - Setting next_dagrun for example_branch_datetime_operator_3 to 2025-04-20 00:00:00+00:00, run_after=2025-04-21 00:00:00+00:00
[2025-04-21T17:16:42.111+0000] {processor.py:208} INFO - Processing /home/airflow/.local/lib/python3.12/site-packages/airflow/example_dags/example_branch_datetime_operator.py took 0.041 seconds
[2025-04-21T17:17:12.284+0000] {processor.py:186} INFO - Started process (PID=1459) to work on /home/airflow/.local/lib/python3.12/site-packages/airflow/example_dags/example_branch_datetime_operator.py
[2025-04-21T17:17:12.285+0000] {processor.py:914} INFO - Processing file /home/airflow/.local/lib/python3.12/site-packages/airflow/example_dags/example_branch_datetime_operator.py for tasks to queue
[2025-04-21T17:17:12.285+0000] {logging_mixin.py:190} INFO - [2025-04-21T17:17:12.285+0000] {dagbag.py:588} INFO - Filling up the DagBag from /home/airflow/.local/lib/python3.12/site-packages/airflow/example_dags/example_branch_datetime_operator.py
[2025-04-21T17:17:12.290+0000] {processor.py:925} INFO - DAG(s) 'example_branch_datetime_operator_2', 'example_branch_datetime_operator', 'example_branch_datetime_operator_3' retrieved from /home/airflow/.local/lib/python3.12/site-packages/airflow/example_dags/example_branch_datetime_operator.py
[2025-04-21T17:17:12.298+0000] {logging_mixin.py:190} INFO - [2025-04-21T17:17:12.298+0000] {dag.py:3239} INFO - Sync 3 DAGs
[2025-04-21T17:17:12.306+0000] {logging_mixin.py:190} INFO - [2025-04-21T17:17:12.306+0000] {dag.py:4180} INFO - Setting next_dagrun for example_branch_datetime_operator to 2025-04-20 00:00:00+00:00, run_after=2025-04-21 00:00:00+00:00
[2025-04-21T17:17:12.308+0000] {logging_mixin.py:190} INFO - [2025-04-21T17:17:12.308+0000] {dag.py:4180} INFO - Setting next_dagrun for example_branch_datetime_operator_2 to 2025-04-20 00:00:00+00:00, run_after=2025-04-21 00:00:00+00:00
[2025-04-21T17:17:12.308+0000] {logging_mixin.py:190} INFO - [2025-04-21T17:17:12.308+0000] {dag.py:4180} INFO - Setting next_dagrun for example_branch_datetime_operator_3 to 2025-04-20 00:00:00+00:00, run_after=2025-04-21 00:00:00+00:00
[2025-04-21T17:17:12.315+0000] {processor.py:208} INFO - Processing /home/airflow/.local/lib/python3.12/site-packages/airflow/example_dags/example_branch_datetime_operator.py took 0.032 seconds
[2025-04-21T17:17:42.498+0000] {processor.py:186} INFO - Started process (PID=1523) to work on /home/airflow/.local/lib/python3.12/site-packages/airflow/example_dags/example_branch_datetime_operator.py
[2025-04-21T17:17:42.499+0000] {processor.py:914} INFO - Processing file /home/airflow/.local/lib/python3.12/site-packages/airflow/example_dags/example_branch_datetime_operator.py for tasks to queue
[2025-04-21T17:17:42.502+0000] {logging_mixin.py:190} INFO - [2025-04-21T17:17:42.502+0000] {dagbag.py:588} INFO - Filling up the DagBag from /home/airflow/.local/lib/python3.12/site-packages/airflow/example_dags/example_branch_datetime_operator.py
[2025-04-21T17:17:42.507+0000] {processor.py:925} INFO - DAG(s) 'example_branch_datetime_operator', 'example_branch_datetime_operator_2', 'example_branch_datetime_operator_3' retrieved from /home/airflow/.local/lib/python3.12/site-packages/airflow/example_dags/example_branch_datetime_operator.py
[2025-04-21T17:17:42.520+0000] {logging_mixin.py:190} INFO - [2025-04-21T17:17:42.520+0000] {dag.py:3239} INFO - Sync 3 DAGs
[2025-04-21T17:17:42.530+0000] {logging_mixin.py:190} INFO - [2025-04-21T17:17:42.530+0000] {dag.py:4180} INFO - Setting next_dagrun for example_branch_datetime_operator to 2025-04-20 00:00:00+00:00, run_after=2025-04-21 00:00:00+00:00
[2025-04-21T17:17:42.532+0000] {logging_mixin.py:190} INFO - [2025-04-21T17:17:42.532+0000] {dag.py:4180} INFO - Setting next_dagrun for example_branch_datetime_operator_2 to 2025-04-20 00:00:00+00:00, run_after=2025-04-21 00:00:00+00:00
[2025-04-21T17:17:42.533+0000] {logging_mixin.py:190} INFO - [2025-04-21T17:17:42.533+0000] {dag.py:4180} INFO - Setting next_dagrun for example_branch_datetime_operator_3 to 2025-04-20 00:00:00+00:00, run_after=2025-04-21 00:00:00+00:00
[2025-04-21T17:17:42.543+0000] {processor.py:208} INFO - Processing /home/airflow/.local/lib/python3.12/site-packages/airflow/example_dags/example_branch_datetime_operator.py took 0.048 seconds
[2025-04-21T17:18:12.879+0000] {processor.py:186} INFO - Started process (PID=1586) to work on /home/airflow/.local/lib/python3.12/site-packages/airflow/example_dags/example_branch_datetime_operator.py
[2025-04-21T17:18:12.882+0000] {processor.py:914} INFO - Processing file /home/airflow/.local/lib/python3.12/site-packages/airflow/example_dags/example_branch_datetime_operator.py for tasks to queue
[2025-04-21T17:18:12.883+0000] {logging_mixin.py:190} INFO - [2025-04-21T17:18:12.883+0000] {dagbag.py:588} INFO - Filling up the DagBag from /home/airflow/.local/lib/python3.12/site-packages/airflow/example_dags/example_branch_datetime_operator.py
[2025-04-21T17:18:12.888+0000] {processor.py:925} INFO - DAG(s) 'example_branch_datetime_operator_3', 'example_branch_datetime_operator', 'example_branch_datetime_operator_2' retrieved from /home/airflow/.local/lib/python3.12/site-packages/airflow/example_dags/example_branch_datetime_operator.py
[2025-04-21T17:18:12.899+0000] {logging_mixin.py:190} INFO - [2025-04-21T17:18:12.899+0000] {dag.py:3239} INFO - Sync 3 DAGs
[2025-04-21T17:18:12.907+0000] {logging_mixin.py:190} INFO - [2025-04-21T17:18:12.907+0000] {dag.py:4180} INFO - Setting next_dagrun for example_branch_datetime_operator to 2025-04-20 00:00:00+00:00, run_after=2025-04-21 00:00:00+00:00
[2025-04-21T17:18:12.909+0000] {logging_mixin.py:190} INFO - [2025-04-21T17:18:12.909+0000] {dag.py:4180} INFO - Setting next_dagrun for example_branch_datetime_operator_2 to 2025-04-20 00:00:00+00:00, run_after=2025-04-21 00:00:00+00:00
[2025-04-21T17:18:12.910+0000] {logging_mixin.py:190} INFO - [2025-04-21T17:18:12.910+0000] {dag.py:4180} INFO - Setting next_dagrun for example_branch_datetime_operator_3 to 2025-04-20 00:00:00+00:00, run_after=2025-04-21 00:00:00+00:00
[2025-04-21T17:18:12.916+0000] {processor.py:208} INFO - Processing /home/airflow/.local/lib/python3.12/site-packages/airflow/example_dags/example_branch_datetime_operator.py took 0.038 seconds
[2025-04-21T17:18:43.099+0000] {processor.py:186} INFO - Started process (PID=1650) to work on /home/airflow/.local/lib/python3.12/site-packages/airflow/example_dags/example_branch_datetime_operator.py
[2025-04-21T17:18:43.099+0000] {processor.py:914} INFO - Processing file /home/airflow/.local/lib/python3.12/site-packages/airflow/example_dags/example_branch_datetime_operator.py for tasks to queue
[2025-04-21T17:18:43.100+0000] {logging_mixin.py:190} INFO - [2025-04-21T17:18:43.100+0000] {dagbag.py:588} INFO - Filling up the DagBag from /home/airflow/.local/lib/python3.12/site-packages/airflow/example_dags/example_branch_datetime_operator.py
[2025-04-21T17:18:43.105+0000] {processor.py:925} INFO - DAG(s) 'example_branch_datetime_operator_3', 'example_branch_datetime_operator_2', 'example_branch_datetime_operator' retrieved from /home/airflow/.local/lib/python3.12/site-packages/airflow/example_dags/example_branch_datetime_operator.py
[2025-04-21T17:18:43.117+0000] {logging_mixin.py:190} INFO - [2025-04-21T17:18:43.117+0000] {dag.py:3239} INFO - Sync 3 DAGs
[2025-04-21T17:18:43.126+0000] {logging_mixin.py:190} INFO - [2025-04-21T17:18:43.126+0000] {dag.py:4180} INFO - Setting next_dagrun for example_branch_datetime_operator to 2025-04-20 00:00:00+00:00, run_after=2025-04-21 00:00:00+00:00
[2025-04-21T17:18:43.128+0000] {logging_mixin.py:190} INFO - [2025-04-21T17:18:43.128+0000] {dag.py:4180} INFO - Setting next_dagrun for example_branch_datetime_operator_2 to 2025-04-20 00:00:00+00:00, run_after=2025-04-21 00:00:00+00:00
[2025-04-21T17:18:43.129+0000] {logging_mixin.py:190} INFO - [2025-04-21T17:18:43.129+0000] {dag.py:4180} INFO - Setting next_dagrun for example_branch_datetime_operator_3 to 2025-04-20 00:00:00+00:00, run_after=2025-04-21 00:00:00+00:00
[2025-04-21T17:18:43.136+0000] {processor.py:208} INFO - Processing /home/airflow/.local/lib/python3.12/site-packages/airflow/example_dags/example_branch_datetime_operator.py took 0.040 seconds
