[2025-04-21T17:02:02.373+0000] {processor.py:186} INFO - Started process (PID=98) to work on /home/airflow/.local/lib/python3.12/site-packages/airflow/example_dags/example_display_name.py
[2025-04-21T17:02:02.373+0000] {processor.py:914} INFO - Processing file /home/airflow/.local/lib/python3.12/site-packages/airflow/example_dags/example_display_name.py for tasks to queue
[2025-04-21T17:02:02.374+0000] {logging_mixin.py:190} INFO - [2025-04-21T17:02:02.374+0000] {dagbag.py:588} INFO - Filling up the DagBag from /home/airflow/.local/lib/python3.12/site-packages/airflow/example_dags/example_display_name.py
[2025-04-21T17:02:02.377+0000] {processor.py:925} INFO - DAG(s) 'example_display_name' retrieved from /home/airflow/.local/lib/python3.12/site-packages/airflow/example_dags/example_display_name.py
[2025-04-21T17:02:02.425+0000] {logging_mixin.py:190} INFO - [2025-04-21T17:02:02.425+0000] {override.py:1912} INFO - Created Permission View: can read on DAG:example_display_name
[2025-04-21T17:02:02.432+0000] {logging_mixin.py:190} INFO - [2025-04-21T17:02:02.431+0000] {override.py:1912} INFO - Created Permission View: can edit on DAG:example_display_name
[2025-04-21T17:02:02.433+0000] {logging_mixin.py:190} INFO - [2025-04-21T17:02:02.433+0000] {override.py:1912} INFO - Created Permission View: can delete on DAG:example_display_name
[2025-04-21T17:02:02.435+0000] {logging_mixin.py:190} INFO - [2025-04-21T17:02:02.435+0000] {override.py:1912} INFO - Created Permission View: can read on DAG Run:example_display_name
[2025-04-21T17:02:02.437+0000] {logging_mixin.py:190} INFO - [2025-04-21T17:02:02.437+0000] {override.py:1912} INFO - Created Permission View: can delete on DAG Run:example_display_name
[2025-04-21T17:02:02.439+0000] {logging_mixin.py:190} INFO - [2025-04-21T17:02:02.439+0000] {override.py:1912} INFO - Created Permission View: menu access on DAG Run:example_display_name
[2025-04-21T17:02:02.440+0000] {logging_mixin.py:190} INFO - [2025-04-21T17:02:02.440+0000] {override.py:1912} INFO - Created Permission View: can create on DAG Run:example_display_name
[2025-04-21T17:02:02.441+0000] {logging_mixin.py:190} INFO - [2025-04-21T17:02:02.441+0000] {dag.py:3239} INFO - Sync 1 DAGs
[2025-04-21T17:02:02.446+0000] {logging_mixin.py:190} INFO - [2025-04-21T17:02:02.446+0000] {dag.py:3262} INFO - Creating ORM DAG for example_display_name
[2025-04-21T17:02:02.446+0000] {logging_mixin.py:190} INFO - [2025-04-21T17:02:02.446+0000] {dag.py:4180} INFO - Setting next_dagrun for example_display_name to None, run_after=None
[2025-04-21T17:02:02.456+0000] {processor.py:208} INFO - Processing /home/airflow/.local/lib/python3.12/site-packages/airflow/example_dags/example_display_name.py took 0.085 seconds
[2025-04-21T17:02:33.126+0000] {processor.py:186} INFO - Started process (PID=161) to work on /home/airflow/.local/lib/python3.12/site-packages/airflow/example_dags/example_display_name.py
[2025-04-21T17:02:33.126+0000] {processor.py:914} INFO - Processing file /home/airflow/.local/lib/python3.12/site-packages/airflow/example_dags/example_display_name.py for tasks to queue
[2025-04-21T17:02:33.128+0000] {logging_mixin.py:190} INFO - [2025-04-21T17:02:33.128+0000] {dagbag.py:588} INFO - Filling up the DagBag from /home/airflow/.local/lib/python3.12/site-packages/airflow/example_dags/example_display_name.py
[2025-04-21T17:02:33.132+0000] {processor.py:925} INFO - DAG(s) 'example_display_name' retrieved from /home/airflow/.local/lib/python3.12/site-packages/airflow/example_dags/example_display_name.py
[2025-04-21T17:02:33.140+0000] {logging_mixin.py:190} INFO - [2025-04-21T17:02:33.140+0000] {dag.py:3239} INFO - Sync 1 DAGs
[2025-04-21T17:02:33.146+0000] {logging_mixin.py:190} INFO - [2025-04-21T17:02:33.146+0000] {dag.py:4180} INFO - Setting next_dagrun for example_display_name to None, run_after=None
[2025-04-21T17:02:33.156+0000] {processor.py:208} INFO - Processing /home/airflow/.local/lib/python3.12/site-packages/airflow/example_dags/example_display_name.py took 0.033 seconds
[2025-04-21T17:03:03.292+0000] {processor.py:186} INFO - Started process (PID=224) to work on /home/airflow/.local/lib/python3.12/site-packages/airflow/example_dags/example_display_name.py
[2025-04-21T17:03:03.293+0000] {processor.py:914} INFO - Processing file /home/airflow/.local/lib/python3.12/site-packages/airflow/example_dags/example_display_name.py for tasks to queue
[2025-04-21T17:03:03.296+0000] {logging_mixin.py:190} INFO - [2025-04-21T17:03:03.296+0000] {dagbag.py:588} INFO - Filling up the DagBag from /home/airflow/.local/lib/python3.12/site-packages/airflow/example_dags/example_display_name.py
[2025-04-21T17:03:03.301+0000] {processor.py:925} INFO - DAG(s) 'example_display_name' retrieved from /home/airflow/.local/lib/python3.12/site-packages/airflow/example_dags/example_display_name.py
[2025-04-21T17:03:03.311+0000] {logging_mixin.py:190} INFO - [2025-04-21T17:03:03.311+0000] {dag.py:3239} INFO - Sync 1 DAGs
[2025-04-21T17:03:03.316+0000] {logging_mixin.py:190} INFO - [2025-04-21T17:03:03.316+0000] {dag.py:4180} INFO - Setting next_dagrun for example_display_name to None, run_after=None
[2025-04-21T17:03:03.323+0000] {processor.py:208} INFO - Processing /home/airflow/.local/lib/python3.12/site-packages/airflow/example_dags/example_display_name.py took 0.034 seconds
[2025-04-21T17:03:34.390+0000] {processor.py:186} INFO - Started process (PID=286) to work on /home/airflow/.local/lib/python3.12/site-packages/airflow/example_dags/example_display_name.py
[2025-04-21T17:03:34.393+0000] {processor.py:914} INFO - Processing file /home/airflow/.local/lib/python3.12/site-packages/airflow/example_dags/example_display_name.py for tasks to queue
[2025-04-21T17:03:34.395+0000] {logging_mixin.py:190} INFO - [2025-04-21T17:03:34.395+0000] {dagbag.py:588} INFO - Filling up the DagBag from /home/airflow/.local/lib/python3.12/site-packages/airflow/example_dags/example_display_name.py
[2025-04-21T17:03:34.399+0000] {processor.py:925} INFO - DAG(s) 'example_display_name' retrieved from /home/airflow/.local/lib/python3.12/site-packages/airflow/example_dags/example_display_name.py
[2025-04-21T17:03:34.409+0000] {logging_mixin.py:190} INFO - [2025-04-21T17:03:34.409+0000] {dag.py:3239} INFO - Sync 1 DAGs
[2025-04-21T17:03:34.415+0000] {logging_mixin.py:190} INFO - [2025-04-21T17:03:34.415+0000] {dag.py:4180} INFO - Setting next_dagrun for example_display_name to None, run_after=None
[2025-04-21T17:03:34.420+0000] {processor.py:208} INFO - Processing /home/airflow/.local/lib/python3.12/site-packages/airflow/example_dags/example_display_name.py took 0.032 seconds
[2025-04-21T17:04:05.688+0000] {processor.py:186} INFO - Started process (PID=349) to work on /home/airflow/.local/lib/python3.12/site-packages/airflow/example_dags/example_display_name.py
[2025-04-21T17:04:05.692+0000] {processor.py:914} INFO - Processing file /home/airflow/.local/lib/python3.12/site-packages/airflow/example_dags/example_display_name.py for tasks to queue
[2025-04-21T17:04:05.693+0000] {logging_mixin.py:190} INFO - [2025-04-21T17:04:05.693+0000] {dagbag.py:588} INFO - Filling up the DagBag from /home/airflow/.local/lib/python3.12/site-packages/airflow/example_dags/example_display_name.py
[2025-04-21T17:04:05.697+0000] {processor.py:925} INFO - DAG(s) 'example_display_name' retrieved from /home/airflow/.local/lib/python3.12/site-packages/airflow/example_dags/example_display_name.py
[2025-04-21T17:04:05.706+0000] {logging_mixin.py:190} INFO - [2025-04-21T17:04:05.706+0000] {dag.py:3239} INFO - Sync 1 DAGs
[2025-04-21T17:04:05.713+0000] {logging_mixin.py:190} INFO - [2025-04-21T17:04:05.712+0000] {dag.py:4180} INFO - Setting next_dagrun for example_display_name to None, run_after=None
[2025-04-21T17:04:05.723+0000] {processor.py:208} INFO - Processing /home/airflow/.local/lib/python3.12/site-packages/airflow/example_dags/example_display_name.py took 0.037 seconds
[2025-04-21T17:04:36.902+0000] {processor.py:186} INFO - Started process (PID=412) to work on /home/airflow/.local/lib/python3.12/site-packages/airflow/example_dags/example_display_name.py
[2025-04-21T17:04:36.903+0000] {processor.py:914} INFO - Processing file /home/airflow/.local/lib/python3.12/site-packages/airflow/example_dags/example_display_name.py for tasks to queue
[2025-04-21T17:04:36.904+0000] {logging_mixin.py:190} INFO - [2025-04-21T17:04:36.904+0000] {dagbag.py:588} INFO - Filling up the DagBag from /home/airflow/.local/lib/python3.12/site-packages/airflow/example_dags/example_display_name.py
[2025-04-21T17:04:36.907+0000] {processor.py:925} INFO - DAG(s) 'example_display_name' retrieved from /home/airflow/.local/lib/python3.12/site-packages/airflow/example_dags/example_display_name.py
[2025-04-21T17:04:36.918+0000] {logging_mixin.py:190} INFO - [2025-04-21T17:04:36.918+0000] {dag.py:3239} INFO - Sync 1 DAGs
[2025-04-21T17:04:36.924+0000] {logging_mixin.py:190} INFO - [2025-04-21T17:04:36.923+0000] {dag.py:4180} INFO - Setting next_dagrun for example_display_name to None, run_after=None
[2025-04-21T17:04:36.930+0000] {processor.py:208} INFO - Processing /home/airflow/.local/lib/python3.12/site-packages/airflow/example_dags/example_display_name.py took 0.029 seconds
[2025-04-21T17:05:08.155+0000] {processor.py:186} INFO - Started process (PID=475) to work on /home/airflow/.local/lib/python3.12/site-packages/airflow/example_dags/example_display_name.py
[2025-04-21T17:05:08.155+0000] {processor.py:914} INFO - Processing file /home/airflow/.local/lib/python3.12/site-packages/airflow/example_dags/example_display_name.py for tasks to queue
[2025-04-21T17:05:08.156+0000] {logging_mixin.py:190} INFO - [2025-04-21T17:05:08.156+0000] {dagbag.py:588} INFO - Filling up the DagBag from /home/airflow/.local/lib/python3.12/site-packages/airflow/example_dags/example_display_name.py
[2025-04-21T17:05:08.162+0000] {processor.py:925} INFO - DAG(s) 'example_display_name' retrieved from /home/airflow/.local/lib/python3.12/site-packages/airflow/example_dags/example_display_name.py
[2025-04-21T17:05:08.171+0000] {logging_mixin.py:190} INFO - [2025-04-21T17:05:08.171+0000] {dag.py:3239} INFO - Sync 1 DAGs
[2025-04-21T17:05:08.176+0000] {logging_mixin.py:190} INFO - [2025-04-21T17:05:08.176+0000] {dag.py:4180} INFO - Setting next_dagrun for example_display_name to None, run_after=None
[2025-04-21T17:05:08.184+0000] {processor.py:208} INFO - Processing /home/airflow/.local/lib/python3.12/site-packages/airflow/example_dags/example_display_name.py took 0.032 seconds
[2025-04-21T17:05:56.801+0000] {processor.py:186} INFO - Started process (PID=98) to work on /home/airflow/.local/lib/python3.12/site-packages/airflow/example_dags/example_display_name.py
[2025-04-21T17:05:56.802+0000] {processor.py:914} INFO - Processing file /home/airflow/.local/lib/python3.12/site-packages/airflow/example_dags/example_display_name.py for tasks to queue
[2025-04-21T17:05:56.804+0000] {logging_mixin.py:190} INFO - [2025-04-21T17:05:56.803+0000] {dagbag.py:588} INFO - Filling up the DagBag from /home/airflow/.local/lib/python3.12/site-packages/airflow/example_dags/example_display_name.py
[2025-04-21T17:05:56.810+0000] {processor.py:925} INFO - DAG(s) 'example_display_name' retrieved from /home/airflow/.local/lib/python3.12/site-packages/airflow/example_dags/example_display_name.py
[2025-04-21T17:05:56.819+0000] {logging_mixin.py:190} INFO - [2025-04-21T17:05:56.819+0000] {dag.py:3239} INFO - Sync 1 DAGs
[2025-04-21T17:05:56.824+0000] {logging_mixin.py:190} INFO - [2025-04-21T17:05:56.824+0000] {dag.py:4180} INFO - Setting next_dagrun for example_display_name to None, run_after=None
[2025-04-21T17:05:56.834+0000] {processor.py:208} INFO - Processing /home/airflow/.local/lib/python3.12/site-packages/airflow/example_dags/example_display_name.py took 0.035 seconds
[2025-04-21T17:06:26.952+0000] {processor.py:186} INFO - Started process (PID=161) to work on /home/airflow/.local/lib/python3.12/site-packages/airflow/example_dags/example_display_name.py
[2025-04-21T17:06:26.952+0000] {processor.py:914} INFO - Processing file /home/airflow/.local/lib/python3.12/site-packages/airflow/example_dags/example_display_name.py for tasks to queue
[2025-04-21T17:06:26.953+0000] {logging_mixin.py:190} INFO - [2025-04-21T17:06:26.953+0000] {dagbag.py:588} INFO - Filling up the DagBag from /home/airflow/.local/lib/python3.12/site-packages/airflow/example_dags/example_display_name.py
[2025-04-21T17:06:26.959+0000] {processor.py:925} INFO - DAG(s) 'example_display_name' retrieved from /home/airflow/.local/lib/python3.12/site-packages/airflow/example_dags/example_display_name.py
[2025-04-21T17:06:26.966+0000] {logging_mixin.py:190} INFO - [2025-04-21T17:06:26.965+0000] {dag.py:3239} INFO - Sync 1 DAGs
[2025-04-21T17:06:26.970+0000] {logging_mixin.py:190} INFO - [2025-04-21T17:06:26.970+0000] {dag.py:4180} INFO - Setting next_dagrun for example_display_name to None, run_after=None
[2025-04-21T17:06:26.976+0000] {processor.py:208} INFO - Processing /home/airflow/.local/lib/python3.12/site-packages/airflow/example_dags/example_display_name.py took 0.026 seconds
[2025-04-21T17:06:58.092+0000] {processor.py:186} INFO - Started process (PID=224) to work on /home/airflow/.local/lib/python3.12/site-packages/airflow/example_dags/example_display_name.py
[2025-04-21T17:06:58.092+0000] {processor.py:914} INFO - Processing file /home/airflow/.local/lib/python3.12/site-packages/airflow/example_dags/example_display_name.py for tasks to queue
[2025-04-21T17:06:58.093+0000] {logging_mixin.py:190} INFO - [2025-04-21T17:06:58.093+0000] {dagbag.py:588} INFO - Filling up the DagBag from /home/airflow/.local/lib/python3.12/site-packages/airflow/example_dags/example_display_name.py
[2025-04-21T17:06:58.096+0000] {processor.py:925} INFO - DAG(s) 'example_display_name' retrieved from /home/airflow/.local/lib/python3.12/site-packages/airflow/example_dags/example_display_name.py
[2025-04-21T17:06:58.105+0000] {logging_mixin.py:190} INFO - [2025-04-21T17:06:58.105+0000] {dag.py:3239} INFO - Sync 1 DAGs
[2025-04-21T17:06:58.111+0000] {logging_mixin.py:190} INFO - [2025-04-21T17:06:58.111+0000] {dag.py:4180} INFO - Setting next_dagrun for example_display_name to None, run_after=None
[2025-04-21T17:06:58.119+0000] {processor.py:208} INFO - Processing /home/airflow/.local/lib/python3.12/site-packages/airflow/example_dags/example_display_name.py took 0.029 seconds
[2025-04-21T17:07:29.109+0000] {processor.py:186} INFO - Started process (PID=287) to work on /home/airflow/.local/lib/python3.12/site-packages/airflow/example_dags/example_display_name.py
[2025-04-21T17:07:29.110+0000] {processor.py:914} INFO - Processing file /home/airflow/.local/lib/python3.12/site-packages/airflow/example_dags/example_display_name.py for tasks to queue
[2025-04-21T17:07:29.111+0000] {logging_mixin.py:190} INFO - [2025-04-21T17:07:29.111+0000] {dagbag.py:588} INFO - Filling up the DagBag from /home/airflow/.local/lib/python3.12/site-packages/airflow/example_dags/example_display_name.py
[2025-04-21T17:07:29.114+0000] {processor.py:925} INFO - DAG(s) 'example_display_name' retrieved from /home/airflow/.local/lib/python3.12/site-packages/airflow/example_dags/example_display_name.py
[2025-04-21T17:07:29.122+0000] {logging_mixin.py:190} INFO - [2025-04-21T17:07:29.122+0000] {dag.py:3239} INFO - Sync 1 DAGs
[2025-04-21T17:07:29.127+0000] {logging_mixin.py:190} INFO - [2025-04-21T17:07:29.127+0000] {dag.py:4180} INFO - Setting next_dagrun for example_display_name to None, run_after=None
[2025-04-21T17:07:29.132+0000] {processor.py:208} INFO - Processing /home/airflow/.local/lib/python3.12/site-packages/airflow/example_dags/example_display_name.py took 0.025 seconds
[2025-04-21T17:08:00.218+0000] {processor.py:186} INFO - Started process (PID=350) to work on /home/airflow/.local/lib/python3.12/site-packages/airflow/example_dags/example_display_name.py
[2025-04-21T17:08:00.221+0000] {processor.py:914} INFO - Processing file /home/airflow/.local/lib/python3.12/site-packages/airflow/example_dags/example_display_name.py for tasks to queue
[2025-04-21T17:08:00.222+0000] {logging_mixin.py:190} INFO - [2025-04-21T17:08:00.222+0000] {dagbag.py:588} INFO - Filling up the DagBag from /home/airflow/.local/lib/python3.12/site-packages/airflow/example_dags/example_display_name.py
[2025-04-21T17:08:00.225+0000] {processor.py:925} INFO - DAG(s) 'example_display_name' retrieved from /home/airflow/.local/lib/python3.12/site-packages/airflow/example_dags/example_display_name.py
[2025-04-21T17:08:00.232+0000] {logging_mixin.py:190} INFO - [2025-04-21T17:08:00.232+0000] {dag.py:3239} INFO - Sync 1 DAGs
[2025-04-21T17:08:00.237+0000] {logging_mixin.py:190} INFO - [2025-04-21T17:08:00.237+0000] {dag.py:4180} INFO - Setting next_dagrun for example_display_name to None, run_after=None
[2025-04-21T17:08:00.245+0000] {processor.py:208} INFO - Processing /home/airflow/.local/lib/python3.12/site-packages/airflow/example_dags/example_display_name.py took 0.029 seconds
[2025-04-21T17:08:31.513+0000] {processor.py:186} INFO - Started process (PID=413) to work on /home/airflow/.local/lib/python3.12/site-packages/airflow/example_dags/example_display_name.py
[2025-04-21T17:08:31.516+0000] {processor.py:914} INFO - Processing file /home/airflow/.local/lib/python3.12/site-packages/airflow/example_dags/example_display_name.py for tasks to queue
[2025-04-21T17:08:31.517+0000] {logging_mixin.py:190} INFO - [2025-04-21T17:08:31.516+0000] {dagbag.py:588} INFO - Filling up the DagBag from /home/airflow/.local/lib/python3.12/site-packages/airflow/example_dags/example_display_name.py
[2025-04-21T17:08:31.520+0000] {processor.py:925} INFO - DAG(s) 'example_display_name' retrieved from /home/airflow/.local/lib/python3.12/site-packages/airflow/example_dags/example_display_name.py
[2025-04-21T17:08:31.528+0000] {logging_mixin.py:190} INFO - [2025-04-21T17:08:31.527+0000] {dag.py:3239} INFO - Sync 1 DAGs
[2025-04-21T17:08:31.533+0000] {logging_mixin.py:190} INFO - [2025-04-21T17:08:31.533+0000] {dag.py:4180} INFO - Setting next_dagrun for example_display_name to None, run_after=None
[2025-04-21T17:08:31.540+0000] {processor.py:208} INFO - Processing /home/airflow/.local/lib/python3.12/site-packages/airflow/example_dags/example_display_name.py took 0.029 seconds
[2025-04-21T17:09:02.519+0000] {processor.py:186} INFO - Started process (PID=476) to work on /home/airflow/.local/lib/python3.12/site-packages/airflow/example_dags/example_display_name.py
[2025-04-21T17:09:02.520+0000] {processor.py:914} INFO - Processing file /home/airflow/.local/lib/python3.12/site-packages/airflow/example_dags/example_display_name.py for tasks to queue
[2025-04-21T17:09:02.521+0000] {logging_mixin.py:190} INFO - [2025-04-21T17:09:02.520+0000] {dagbag.py:588} INFO - Filling up the DagBag from /home/airflow/.local/lib/python3.12/site-packages/airflow/example_dags/example_display_name.py
[2025-04-21T17:09:02.524+0000] {processor.py:925} INFO - DAG(s) 'example_display_name' retrieved from /home/airflow/.local/lib/python3.12/site-packages/airflow/example_dags/example_display_name.py
[2025-04-21T17:09:02.532+0000] {logging_mixin.py:190} INFO - [2025-04-21T17:09:02.532+0000] {dag.py:3239} INFO - Sync 1 DAGs
[2025-04-21T17:09:02.537+0000] {logging_mixin.py:190} INFO - [2025-04-21T17:09:02.537+0000] {dag.py:4180} INFO - Setting next_dagrun for example_display_name to None, run_after=None
[2025-04-21T17:09:02.546+0000] {processor.py:208} INFO - Processing /home/airflow/.local/lib/python3.12/site-packages/airflow/example_dags/example_display_name.py took 0.029 seconds
[2025-04-21T17:09:33.646+0000] {processor.py:186} INFO - Started process (PID=539) to work on /home/airflow/.local/lib/python3.12/site-packages/airflow/example_dags/example_display_name.py
[2025-04-21T17:09:33.649+0000] {processor.py:914} INFO - Processing file /home/airflow/.local/lib/python3.12/site-packages/airflow/example_dags/example_display_name.py for tasks to queue
[2025-04-21T17:09:33.653+0000] {logging_mixin.py:190} INFO - [2025-04-21T17:09:33.653+0000] {dagbag.py:588} INFO - Filling up the DagBag from /home/airflow/.local/lib/python3.12/site-packages/airflow/example_dags/example_display_name.py
[2025-04-21T17:09:33.657+0000] {processor.py:925} INFO - DAG(s) 'example_display_name' retrieved from /home/airflow/.local/lib/python3.12/site-packages/airflow/example_dags/example_display_name.py
[2025-04-21T17:09:33.665+0000] {logging_mixin.py:190} INFO - [2025-04-21T17:09:33.665+0000] {dag.py:3239} INFO - Sync 1 DAGs
[2025-04-21T17:09:33.672+0000] {logging_mixin.py:190} INFO - [2025-04-21T17:09:33.672+0000] {dag.py:4180} INFO - Setting next_dagrun for example_display_name to None, run_after=None
[2025-04-21T17:09:33.678+0000] {processor.py:208} INFO - Processing /home/airflow/.local/lib/python3.12/site-packages/airflow/example_dags/example_display_name.py took 0.035 seconds
[2025-04-21T17:10:04.766+0000] {processor.py:186} INFO - Started process (PID=602) to work on /home/airflow/.local/lib/python3.12/site-packages/airflow/example_dags/example_display_name.py
[2025-04-21T17:10:04.766+0000] {processor.py:914} INFO - Processing file /home/airflow/.local/lib/python3.12/site-packages/airflow/example_dags/example_display_name.py for tasks to queue
[2025-04-21T17:10:04.767+0000] {logging_mixin.py:190} INFO - [2025-04-21T17:10:04.767+0000] {dagbag.py:588} INFO - Filling up the DagBag from /home/airflow/.local/lib/python3.12/site-packages/airflow/example_dags/example_display_name.py
[2025-04-21T17:10:04.771+0000] {processor.py:925} INFO - DAG(s) 'example_display_name' retrieved from /home/airflow/.local/lib/python3.12/site-packages/airflow/example_dags/example_display_name.py
[2025-04-21T17:10:04.781+0000] {logging_mixin.py:190} INFO - [2025-04-21T17:10:04.780+0000] {dag.py:3239} INFO - Sync 1 DAGs
[2025-04-21T17:10:04.786+0000] {logging_mixin.py:190} INFO - [2025-04-21T17:10:04.786+0000] {dag.py:4180} INFO - Setting next_dagrun for example_display_name to None, run_after=None
[2025-04-21T17:10:04.794+0000] {processor.py:208} INFO - Processing /home/airflow/.local/lib/python3.12/site-packages/airflow/example_dags/example_display_name.py took 0.031 seconds
[2025-04-21T17:10:35.859+0000] {processor.py:186} INFO - Started process (PID=665) to work on /home/airflow/.local/lib/python3.12/site-packages/airflow/example_dags/example_display_name.py
[2025-04-21T17:10:35.861+0000] {processor.py:914} INFO - Processing file /home/airflow/.local/lib/python3.12/site-packages/airflow/example_dags/example_display_name.py for tasks to queue
[2025-04-21T17:10:35.865+0000] {logging_mixin.py:190} INFO - [2025-04-21T17:10:35.865+0000] {dagbag.py:588} INFO - Filling up the DagBag from /home/airflow/.local/lib/python3.12/site-packages/airflow/example_dags/example_display_name.py
[2025-04-21T17:10:35.869+0000] {processor.py:925} INFO - DAG(s) 'example_display_name' retrieved from /home/airflow/.local/lib/python3.12/site-packages/airflow/example_dags/example_display_name.py
[2025-04-21T17:10:35.876+0000] {logging_mixin.py:190} INFO - [2025-04-21T17:10:35.876+0000] {dag.py:3239} INFO - Sync 1 DAGs
[2025-04-21T17:10:35.881+0000] {logging_mixin.py:190} INFO - [2025-04-21T17:10:35.881+0000] {dag.py:4180} INFO - Setting next_dagrun for example_display_name to None, run_after=None
[2025-04-21T17:10:35.888+0000] {processor.py:208} INFO - Processing /home/airflow/.local/lib/python3.12/site-packages/airflow/example_dags/example_display_name.py took 0.031 seconds
[2025-04-21T17:11:07.086+0000] {processor.py:186} INFO - Started process (PID=729) to work on /home/airflow/.local/lib/python3.12/site-packages/airflow/example_dags/example_display_name.py
[2025-04-21T17:11:07.086+0000] {processor.py:914} INFO - Processing file /home/airflow/.local/lib/python3.12/site-packages/airflow/example_dags/example_display_name.py for tasks to queue
[2025-04-21T17:11:07.087+0000] {logging_mixin.py:190} INFO - [2025-04-21T17:11:07.087+0000] {dagbag.py:588} INFO - Filling up the DagBag from /home/airflow/.local/lib/python3.12/site-packages/airflow/example_dags/example_display_name.py
[2025-04-21T17:11:07.090+0000] {processor.py:925} INFO - DAG(s) 'example_display_name' retrieved from /home/airflow/.local/lib/python3.12/site-packages/airflow/example_dags/example_display_name.py
[2025-04-21T17:11:07.098+0000] {logging_mixin.py:190} INFO - [2025-04-21T17:11:07.098+0000] {dag.py:3239} INFO - Sync 1 DAGs
[2025-04-21T17:11:07.104+0000] {logging_mixin.py:190} INFO - [2025-04-21T17:11:07.104+0000] {dag.py:4180} INFO - Setting next_dagrun for example_display_name to None, run_after=None
[2025-04-21T17:11:07.110+0000] {processor.py:208} INFO - Processing /home/airflow/.local/lib/python3.12/site-packages/airflow/example_dags/example_display_name.py took 0.026 seconds
[2025-04-21T17:11:38.390+0000] {processor.py:186} INFO - Started process (PID=793) to work on /home/airflow/.local/lib/python3.12/site-packages/airflow/example_dags/example_display_name.py
[2025-04-21T17:11:38.392+0000] {processor.py:914} INFO - Processing file /home/airflow/.local/lib/python3.12/site-packages/airflow/example_dags/example_display_name.py for tasks to queue
[2025-04-21T17:11:38.395+0000] {logging_mixin.py:190} INFO - [2025-04-21T17:11:38.394+0000] {dagbag.py:588} INFO - Filling up the DagBag from /home/airflow/.local/lib/python3.12/site-packages/airflow/example_dags/example_display_name.py
[2025-04-21T17:11:38.398+0000] {processor.py:925} INFO - DAG(s) 'example_display_name' retrieved from /home/airflow/.local/lib/python3.12/site-packages/airflow/example_dags/example_display_name.py
[2025-04-21T17:11:38.406+0000] {logging_mixin.py:190} INFO - [2025-04-21T17:11:38.405+0000] {dag.py:3239} INFO - Sync 1 DAGs
[2025-04-21T17:11:38.412+0000] {logging_mixin.py:190} INFO - [2025-04-21T17:11:38.412+0000] {dag.py:4180} INFO - Setting next_dagrun for example_display_name to None, run_after=None
[2025-04-21T17:11:38.420+0000] {processor.py:208} INFO - Processing /home/airflow/.local/lib/python3.12/site-packages/airflow/example_dags/example_display_name.py took 0.032 seconds
