[2025-04-21T17:01:59.336+0000] {processor.py:186} INFO - Started process (PID=54) to work on /home/airflow/.local/lib/python3.12/site-packages/airflow/example_dags/example_subdag_operator.py
[2025-04-21T17:01:59.337+0000] {processor.py:914} INFO - Processing file /home/airflow/.local/lib/python3.12/site-packages/airflow/example_dags/example_subdag_operator.py for tasks to queue
[2025-04-21T17:01:59.338+0000] {logging_mixin.py:190} INFO - [2025-04-21T17:01:59.337+0000] {dagbag.py:588} INFO - Filling up the DagBag from /home/airflow/.local/lib/python3.12/site-packages/airflow/example_dags/example_subdag_operator.py
[2025-04-21T17:01:59.349+0000] {processor.py:925} INFO - DAG(s) 'example_subdag_operator.section-1', 'example_subdag_operator.section-2', 'example_subdag_operator' retrieved from /home/airflow/.local/lib/python3.12/site-packages/airflow/example_dags/example_subdag_operator.py
[2025-04-21T17:01:59.387+0000] {logging_mixin.py:190} INFO - [2025-04-21T17:01:59.386+0000] {override.py:1912} INFO - Created Permission View: can read on DAG:example_subdag_operator
[2025-04-21T17:01:59.390+0000] {logging_mixin.py:190} INFO - [2025-04-21T17:01:59.390+0000] {override.py:1912} INFO - Created Permission View: can edit on DAG:example_subdag_operator
[2025-04-21T17:01:59.396+0000] {logging_mixin.py:190} INFO - [2025-04-21T17:01:59.395+0000] {override.py:1912} INFO - Created Permission View: can delete on DAG:example_subdag_operator
[2025-04-21T17:01:59.397+0000] {logging_mixin.py:190} INFO - [2025-04-21T17:01:59.397+0000] {override.py:1912} INFO - Created Permission View: can read on DAG Run:example_subdag_operator
[2025-04-21T17:01:59.399+0000] {logging_mixin.py:190} INFO - [2025-04-21T17:01:59.399+0000] {override.py:1912} INFO - Created Permission View: can delete on DAG Run:example_subdag_operator
[2025-04-21T17:01:59.401+0000] {logging_mixin.py:190} INFO - [2025-04-21T17:01:59.401+0000] {override.py:1912} INFO - Created Permission View: menu access on DAG Run:example_subdag_operator
[2025-04-21T17:01:59.405+0000] {logging_mixin.py:190} INFO - [2025-04-21T17:01:59.405+0000] {override.py:1912} INFO - Created Permission View: can create on DAG Run:example_subdag_operator
[2025-04-21T17:01:59.405+0000] {logging_mixin.py:190} INFO - [2025-04-21T17:01:59.405+0000] {dag.py:3239} INFO - Sync 3 DAGs
[2025-04-21T17:01:59.409+0000] {logging_mixin.py:190} INFO - [2025-04-21T17:01:59.409+0000] {dag.py:3262} INFO - Creating ORM DAG for example_subdag_operator
[2025-04-21T17:01:59.410+0000] {logging_mixin.py:190} INFO - [2025-04-21T17:01:59.409+0000] {dag.py:3262} INFO - Creating ORM DAG for example_subdag_operator.section-1
[2025-04-21T17:01:59.410+0000] {logging_mixin.py:190} INFO - [2025-04-21T17:01:59.410+0000] {dag.py:3262} INFO - Creating ORM DAG for example_subdag_operator.section-2
[2025-04-21T17:01:59.413+0000] {logging_mixin.py:190} INFO - [2025-04-21T17:01:59.413+0000] {dag.py:4180} INFO - Setting next_dagrun for example_subdag_operator to 2022-01-01 00:00:00+00:00, run_after=2022-01-01 00:00:00+00:00
[2025-04-21T17:01:59.414+0000] {logging_mixin.py:190} INFO - [2025-04-21T17:01:59.414+0000] {dag.py:4180} INFO - Setting next_dagrun for example_subdag_operator.section-1 to None, run_after=None
[2025-04-21T17:01:59.414+0000] {logging_mixin.py:190} INFO - [2025-04-21T17:01:59.414+0000] {dag.py:4180} INFO - Setting next_dagrun for example_subdag_operator.section-2 to None, run_after=None
[2025-04-21T17:01:59.417+0000] {logging_mixin.py:190} INFO - [2025-04-21T17:01:59.417+0000] {dag.py:3239} INFO - Sync 2 DAGs
[2025-04-21T17:01:59.418+0000] {logging_mixin.py:190} INFO - [2025-04-21T17:01:59.418+0000] {dag.py:4180} INFO - Setting next_dagrun for example_subdag_operator.section-1 to None, run_after=None
[2025-04-21T17:01:59.419+0000] {logging_mixin.py:190} INFO - [2025-04-21T17:01:59.419+0000] {dag.py:4180} INFO - Setting next_dagrun for example_subdag_operator.section-2 to None, run_after=None
[2025-04-21T17:01:59.423+0000] {processor.py:208} INFO - Processing /home/airflow/.local/lib/python3.12/site-packages/airflow/example_dags/example_subdag_operator.py took 0.089 seconds
[2025-04-21T17:02:30.290+0000] {processor.py:186} INFO - Started process (PID=117) to work on /home/airflow/.local/lib/python3.12/site-packages/airflow/example_dags/example_subdag_operator.py
[2025-04-21T17:02:30.291+0000] {processor.py:914} INFO - Processing file /home/airflow/.local/lib/python3.12/site-packages/airflow/example_dags/example_subdag_operator.py for tasks to queue
[2025-04-21T17:02:30.291+0000] {logging_mixin.py:190} INFO - [2025-04-21T17:02:30.291+0000] {dagbag.py:588} INFO - Filling up the DagBag from /home/airflow/.local/lib/python3.12/site-packages/airflow/example_dags/example_subdag_operator.py
[2025-04-21T17:02:30.304+0000] {processor.py:925} INFO - DAG(s) 'example_subdag_operator.section-1', 'example_subdag_operator.section-2', 'example_subdag_operator' retrieved from /home/airflow/.local/lib/python3.12/site-packages/airflow/example_dags/example_subdag_operator.py
[2025-04-21T17:02:30.310+0000] {logging_mixin.py:190} INFO - [2025-04-21T17:02:30.310+0000] {dag.py:3239} INFO - Sync 3 DAGs
[2025-04-21T17:02:30.317+0000] {logging_mixin.py:190} INFO - [2025-04-21T17:02:30.317+0000] {dag.py:4180} INFO - Setting next_dagrun for example_subdag_operator to 2022-01-01 00:00:00+00:00, run_after=2022-01-01 00:00:00+00:00
[2025-04-21T17:02:30.319+0000] {logging_mixin.py:190} INFO - [2025-04-21T17:02:30.319+0000] {dag.py:4180} INFO - Setting next_dagrun for example_subdag_operator.section-1 to None, run_after=None
[2025-04-21T17:02:30.319+0000] {logging_mixin.py:190} INFO - [2025-04-21T17:02:30.319+0000] {dag.py:4180} INFO - Setting next_dagrun for example_subdag_operator.section-2 to None, run_after=None
[2025-04-21T17:02:30.322+0000] {logging_mixin.py:190} INFO - [2025-04-21T17:02:30.321+0000] {dag.py:3239} INFO - Sync 2 DAGs
[2025-04-21T17:02:30.328+0000] {logging_mixin.py:190} INFO - [2025-04-21T17:02:30.328+0000] {dag.py:4180} INFO - Setting next_dagrun for example_subdag_operator.section-1 to None, run_after=None
[2025-04-21T17:02:30.329+0000] {logging_mixin.py:190} INFO - [2025-04-21T17:02:30.329+0000] {dag.py:4180} INFO - Setting next_dagrun for example_subdag_operator.section-2 to None, run_after=None
[2025-04-21T17:02:30.334+0000] {processor.py:208} INFO - Processing /home/airflow/.local/lib/python3.12/site-packages/airflow/example_dags/example_subdag_operator.py took 0.045 seconds
[2025-04-21T17:03:00.926+0000] {processor.py:186} INFO - Started process (PID=180) to work on /home/airflow/.local/lib/python3.12/site-packages/airflow/example_dags/example_subdag_operator.py
[2025-04-21T17:03:00.927+0000] {processor.py:914} INFO - Processing file /home/airflow/.local/lib/python3.12/site-packages/airflow/example_dags/example_subdag_operator.py for tasks to queue
[2025-04-21T17:03:00.928+0000] {logging_mixin.py:190} INFO - [2025-04-21T17:03:00.928+0000] {dagbag.py:588} INFO - Filling up the DagBag from /home/airflow/.local/lib/python3.12/site-packages/airflow/example_dags/example_subdag_operator.py
[2025-04-21T17:03:00.941+0000] {processor.py:925} INFO - DAG(s) 'example_subdag_operator.section-1', 'example_subdag_operator.section-2', 'example_subdag_operator' retrieved from /home/airflow/.local/lib/python3.12/site-packages/airflow/example_dags/example_subdag_operator.py
[2025-04-21T17:03:00.947+0000] {logging_mixin.py:190} INFO - [2025-04-21T17:03:00.947+0000] {dag.py:3239} INFO - Sync 3 DAGs
[2025-04-21T17:03:00.955+0000] {logging_mixin.py:190} INFO - [2025-04-21T17:03:00.955+0000] {dag.py:4180} INFO - Setting next_dagrun for example_subdag_operator to 2022-01-01 00:00:00+00:00, run_after=2022-01-01 00:00:00+00:00
[2025-04-21T17:03:00.957+0000] {logging_mixin.py:190} INFO - [2025-04-21T17:03:00.957+0000] {dag.py:4180} INFO - Setting next_dagrun for example_subdag_operator.section-1 to None, run_after=None
[2025-04-21T17:03:00.959+0000] {logging_mixin.py:190} INFO - [2025-04-21T17:03:00.959+0000] {dag.py:4180} INFO - Setting next_dagrun for example_subdag_operator.section-2 to None, run_after=None
[2025-04-21T17:03:00.962+0000] {logging_mixin.py:190} INFO - [2025-04-21T17:03:00.962+0000] {dag.py:3239} INFO - Sync 2 DAGs
[2025-04-21T17:03:00.965+0000] {logging_mixin.py:190} INFO - [2025-04-21T17:03:00.965+0000] {dag.py:4180} INFO - Setting next_dagrun for example_subdag_operator.section-1 to None, run_after=None
[2025-04-21T17:03:00.969+0000] {logging_mixin.py:190} INFO - [2025-04-21T17:03:00.969+0000] {dag.py:4180} INFO - Setting next_dagrun for example_subdag_operator.section-2 to None, run_after=None
[2025-04-21T17:03:00.975+0000] {processor.py:208} INFO - Processing /home/airflow/.local/lib/python3.12/site-packages/airflow/example_dags/example_subdag_operator.py took 0.052 seconds
[2025-04-21T17:03:32.074+0000] {processor.py:186} INFO - Started process (PID=242) to work on /home/airflow/.local/lib/python3.12/site-packages/airflow/example_dags/example_subdag_operator.py
[2025-04-21T17:03:32.075+0000] {processor.py:914} INFO - Processing file /home/airflow/.local/lib/python3.12/site-packages/airflow/example_dags/example_subdag_operator.py for tasks to queue
[2025-04-21T17:03:32.076+0000] {logging_mixin.py:190} INFO - [2025-04-21T17:03:32.076+0000] {dagbag.py:588} INFO - Filling up the DagBag from /home/airflow/.local/lib/python3.12/site-packages/airflow/example_dags/example_subdag_operator.py
[2025-04-21T17:03:32.090+0000] {processor.py:925} INFO - DAG(s) 'example_subdag_operator.section-1', 'example_subdag_operator.section-2', 'example_subdag_operator' retrieved from /home/airflow/.local/lib/python3.12/site-packages/airflow/example_dags/example_subdag_operator.py
[2025-04-21T17:03:32.096+0000] {logging_mixin.py:190} INFO - [2025-04-21T17:03:32.096+0000] {dag.py:3239} INFO - Sync 3 DAGs
[2025-04-21T17:03:32.104+0000] {logging_mixin.py:190} INFO - [2025-04-21T17:03:32.104+0000] {dag.py:4180} INFO - Setting next_dagrun for example_subdag_operator to 2022-01-01 00:00:00+00:00, run_after=2022-01-01 00:00:00+00:00
[2025-04-21T17:03:32.106+0000] {logging_mixin.py:190} INFO - [2025-04-21T17:03:32.106+0000] {dag.py:4180} INFO - Setting next_dagrun for example_subdag_operator.section-1 to None, run_after=None
[2025-04-21T17:03:32.108+0000] {logging_mixin.py:190} INFO - [2025-04-21T17:03:32.108+0000] {dag.py:4180} INFO - Setting next_dagrun for example_subdag_operator.section-2 to None, run_after=None
[2025-04-21T17:03:32.111+0000] {logging_mixin.py:190} INFO - [2025-04-21T17:03:32.111+0000] {dag.py:3239} INFO - Sync 2 DAGs
[2025-04-21T17:03:32.113+0000] {logging_mixin.py:190} INFO - [2025-04-21T17:03:32.113+0000] {dag.py:4180} INFO - Setting next_dagrun for example_subdag_operator.section-1 to None, run_after=None
[2025-04-21T17:03:32.113+0000] {logging_mixin.py:190} INFO - [2025-04-21T17:03:32.113+0000] {dag.py:4180} INFO - Setting next_dagrun for example_subdag_operator.section-2 to None, run_after=None
[2025-04-21T17:03:32.120+0000] {processor.py:208} INFO - Processing /home/airflow/.local/lib/python3.12/site-packages/airflow/example_dags/example_subdag_operator.py took 0.049 seconds
[2025-04-21T17:04:03.224+0000] {processor.py:186} INFO - Started process (PID=305) to work on /home/airflow/.local/lib/python3.12/site-packages/airflow/example_dags/example_subdag_operator.py
[2025-04-21T17:04:03.226+0000] {processor.py:914} INFO - Processing file /home/airflow/.local/lib/python3.12/site-packages/airflow/example_dags/example_subdag_operator.py for tasks to queue
[2025-04-21T17:04:03.227+0000] {logging_mixin.py:190} INFO - [2025-04-21T17:04:03.227+0000] {dagbag.py:588} INFO - Filling up the DagBag from /home/airflow/.local/lib/python3.12/site-packages/airflow/example_dags/example_subdag_operator.py
[2025-04-21T17:04:03.240+0000] {processor.py:925} INFO - DAG(s) 'example_subdag_operator.section-1', 'example_subdag_operator.section-2', 'example_subdag_operator' retrieved from /home/airflow/.local/lib/python3.12/site-packages/airflow/example_dags/example_subdag_operator.py
[2025-04-21T17:04:03.247+0000] {logging_mixin.py:190} INFO - [2025-04-21T17:04:03.247+0000] {dag.py:3239} INFO - Sync 3 DAGs
[2025-04-21T17:04:03.258+0000] {logging_mixin.py:190} INFO - [2025-04-21T17:04:03.258+0000] {dag.py:4180} INFO - Setting next_dagrun for example_subdag_operator to 2022-01-01 00:00:00+00:00, run_after=2022-01-01 00:00:00+00:00
[2025-04-21T17:04:03.260+0000] {logging_mixin.py:190} INFO - [2025-04-21T17:04:03.260+0000] {dag.py:4180} INFO - Setting next_dagrun for example_subdag_operator.section-1 to None, run_after=None
[2025-04-21T17:04:03.261+0000] {logging_mixin.py:190} INFO - [2025-04-21T17:04:03.261+0000] {dag.py:4180} INFO - Setting next_dagrun for example_subdag_operator.section-2 to None, run_after=None
[2025-04-21T17:04:03.265+0000] {logging_mixin.py:190} INFO - [2025-04-21T17:04:03.265+0000] {dag.py:3239} INFO - Sync 2 DAGs
[2025-04-21T17:04:03.269+0000] {logging_mixin.py:190} INFO - [2025-04-21T17:04:03.269+0000] {dag.py:4180} INFO - Setting next_dagrun for example_subdag_operator.section-1 to None, run_after=None
[2025-04-21T17:04:03.269+0000] {logging_mixin.py:190} INFO - [2025-04-21T17:04:03.269+0000] {dag.py:4180} INFO - Setting next_dagrun for example_subdag_operator.section-2 to None, run_after=None
[2025-04-21T17:04:03.273+0000] {processor.py:208} INFO - Processing /home/airflow/.local/lib/python3.12/site-packages/airflow/example_dags/example_subdag_operator.py took 0.051 seconds
[2025-04-21T17:04:34.482+0000] {processor.py:186} INFO - Started process (PID=368) to work on /home/airflow/.local/lib/python3.12/site-packages/airflow/example_dags/example_subdag_operator.py
[2025-04-21T17:04:34.487+0000] {processor.py:914} INFO - Processing file /home/airflow/.local/lib/python3.12/site-packages/airflow/example_dags/example_subdag_operator.py for tasks to queue
[2025-04-21T17:04:34.488+0000] {logging_mixin.py:190} INFO - [2025-04-21T17:04:34.487+0000] {dagbag.py:588} INFO - Filling up the DagBag from /home/airflow/.local/lib/python3.12/site-packages/airflow/example_dags/example_subdag_operator.py
[2025-04-21T17:04:34.499+0000] {processor.py:925} INFO - DAG(s) 'example_subdag_operator.section-1', 'example_subdag_operator.section-2', 'example_subdag_operator' retrieved from /home/airflow/.local/lib/python3.12/site-packages/airflow/example_dags/example_subdag_operator.py
[2025-04-21T17:04:34.505+0000] {logging_mixin.py:190} INFO - [2025-04-21T17:04:34.505+0000] {dag.py:3239} INFO - Sync 3 DAGs
[2025-04-21T17:04:34.513+0000] {logging_mixin.py:190} INFO - [2025-04-21T17:04:34.513+0000] {dag.py:4180} INFO - Setting next_dagrun for example_subdag_operator to 2022-01-01 00:00:00+00:00, run_after=2022-01-01 00:00:00+00:00
[2025-04-21T17:04:34.514+0000] {logging_mixin.py:190} INFO - [2025-04-21T17:04:34.514+0000] {dag.py:4180} INFO - Setting next_dagrun for example_subdag_operator.section-1 to None, run_after=None
[2025-04-21T17:04:34.517+0000] {logging_mixin.py:190} INFO - [2025-04-21T17:04:34.517+0000] {dag.py:4180} INFO - Setting next_dagrun for example_subdag_operator.section-2 to None, run_after=None
[2025-04-21T17:04:34.522+0000] {logging_mixin.py:190} INFO - [2025-04-21T17:04:34.522+0000] {dag.py:3239} INFO - Sync 2 DAGs
[2025-04-21T17:04:34.524+0000] {logging_mixin.py:190} INFO - [2025-04-21T17:04:34.524+0000] {dag.py:4180} INFO - Setting next_dagrun for example_subdag_operator.section-1 to None, run_after=None
[2025-04-21T17:04:34.524+0000] {logging_mixin.py:190} INFO - [2025-04-21T17:04:34.524+0000] {dag.py:4180} INFO - Setting next_dagrun for example_subdag_operator.section-2 to None, run_after=None
[2025-04-21T17:04:34.533+0000] {processor.py:208} INFO - Processing /home/airflow/.local/lib/python3.12/site-packages/airflow/example_dags/example_subdag_operator.py took 0.053 seconds
[2025-04-21T17:05:05.683+0000] {processor.py:186} INFO - Started process (PID=431) to work on /home/airflow/.local/lib/python3.12/site-packages/airflow/example_dags/example_subdag_operator.py
[2025-04-21T17:05:05.684+0000] {processor.py:914} INFO - Processing file /home/airflow/.local/lib/python3.12/site-packages/airflow/example_dags/example_subdag_operator.py for tasks to queue
[2025-04-21T17:05:05.686+0000] {logging_mixin.py:190} INFO - [2025-04-21T17:05:05.686+0000] {dagbag.py:588} INFO - Filling up the DagBag from /home/airflow/.local/lib/python3.12/site-packages/airflow/example_dags/example_subdag_operator.py
[2025-04-21T17:05:05.698+0000] {processor.py:925} INFO - DAG(s) 'example_subdag_operator.section-1', 'example_subdag_operator.section-2', 'example_subdag_operator' retrieved from /home/airflow/.local/lib/python3.12/site-packages/airflow/example_dags/example_subdag_operator.py
[2025-04-21T17:05:05.705+0000] {logging_mixin.py:190} INFO - [2025-04-21T17:05:05.705+0000] {dag.py:3239} INFO - Sync 3 DAGs
[2025-04-21T17:05:05.714+0000] {logging_mixin.py:190} INFO - [2025-04-21T17:05:05.714+0000] {dag.py:4180} INFO - Setting next_dagrun for example_subdag_operator to 2022-01-01 00:00:00+00:00, run_after=2022-01-01 00:00:00+00:00
[2025-04-21T17:05:05.715+0000] {logging_mixin.py:190} INFO - [2025-04-21T17:05:05.715+0000] {dag.py:4180} INFO - Setting next_dagrun for example_subdag_operator.section-1 to None, run_after=None
[2025-04-21T17:05:05.715+0000] {logging_mixin.py:190} INFO - [2025-04-21T17:05:05.715+0000] {dag.py:4180} INFO - Setting next_dagrun for example_subdag_operator.section-2 to None, run_after=None
[2025-04-21T17:05:05.718+0000] {logging_mixin.py:190} INFO - [2025-04-21T17:05:05.718+0000] {dag.py:3239} INFO - Sync 2 DAGs
[2025-04-21T17:05:05.720+0000] {logging_mixin.py:190} INFO - [2025-04-21T17:05:05.720+0000] {dag.py:4180} INFO - Setting next_dagrun for example_subdag_operator.section-1 to None, run_after=None
[2025-04-21T17:05:05.720+0000] {logging_mixin.py:190} INFO - [2025-04-21T17:05:05.720+0000] {dag.py:4180} INFO - Setting next_dagrun for example_subdag_operator.section-2 to None, run_after=None
[2025-04-21T17:05:05.723+0000] {processor.py:208} INFO - Processing /home/airflow/.local/lib/python3.12/site-packages/airflow/example_dags/example_subdag_operator.py took 0.042 seconds
[2025-04-21T17:05:55.074+0000] {processor.py:186} INFO - Started process (PID=54) to work on /home/airflow/.local/lib/python3.12/site-packages/airflow/example_dags/example_subdag_operator.py
[2025-04-21T17:05:55.075+0000] {processor.py:914} INFO - Processing file /home/airflow/.local/lib/python3.12/site-packages/airflow/example_dags/example_subdag_operator.py for tasks to queue
[2025-04-21T17:05:55.076+0000] {logging_mixin.py:190} INFO - [2025-04-21T17:05:55.075+0000] {dagbag.py:588} INFO - Filling up the DagBag from /home/airflow/.local/lib/python3.12/site-packages/airflow/example_dags/example_subdag_operator.py
[2025-04-21T17:05:55.087+0000] {processor.py:925} INFO - DAG(s) 'example_subdag_operator.section-1', 'example_subdag_operator.section-2', 'example_subdag_operator' retrieved from /home/airflow/.local/lib/python3.12/site-packages/airflow/example_dags/example_subdag_operator.py
[2025-04-21T17:05:55.096+0000] {logging_mixin.py:190} INFO - [2025-04-21T17:05:55.096+0000] {dag.py:3239} INFO - Sync 3 DAGs
[2025-04-21T17:05:55.108+0000] {logging_mixin.py:190} INFO - [2025-04-21T17:05:55.108+0000] {dag.py:4180} INFO - Setting next_dagrun for example_subdag_operator to 2022-01-01 00:00:00+00:00, run_after=2022-01-01 00:00:00+00:00
[2025-04-21T17:05:55.110+0000] {logging_mixin.py:190} INFO - [2025-04-21T17:05:55.109+0000] {dag.py:4180} INFO - Setting next_dagrun for example_subdag_operator.section-1 to None, run_after=None
[2025-04-21T17:05:55.110+0000] {logging_mixin.py:190} INFO - [2025-04-21T17:05:55.110+0000] {dag.py:4180} INFO - Setting next_dagrun for example_subdag_operator.section-2 to None, run_after=None
[2025-04-21T17:05:55.112+0000] {logging_mixin.py:190} INFO - [2025-04-21T17:05:55.112+0000] {dag.py:3239} INFO - Sync 2 DAGs
[2025-04-21T17:05:55.114+0000] {logging_mixin.py:190} INFO - [2025-04-21T17:05:55.114+0000] {dag.py:4180} INFO - Setting next_dagrun for example_subdag_operator.section-1 to None, run_after=None
[2025-04-21T17:05:55.114+0000] {logging_mixin.py:190} INFO - [2025-04-21T17:05:55.114+0000] {dag.py:4180} INFO - Setting next_dagrun for example_subdag_operator.section-2 to None, run_after=None
[2025-04-21T17:05:55.118+0000] {processor.py:208} INFO - Processing /home/airflow/.local/lib/python3.12/site-packages/airflow/example_dags/example_subdag_operator.py took 0.046 seconds
[2025-04-21T17:06:25.581+0000] {processor.py:186} INFO - Started process (PID=117) to work on /home/airflow/.local/lib/python3.12/site-packages/airflow/example_dags/example_subdag_operator.py
[2025-04-21T17:06:25.581+0000] {processor.py:914} INFO - Processing file /home/airflow/.local/lib/python3.12/site-packages/airflow/example_dags/example_subdag_operator.py for tasks to queue
[2025-04-21T17:06:25.582+0000] {logging_mixin.py:190} INFO - [2025-04-21T17:06:25.582+0000] {dagbag.py:588} INFO - Filling up the DagBag from /home/airflow/.local/lib/python3.12/site-packages/airflow/example_dags/example_subdag_operator.py
[2025-04-21T17:06:25.592+0000] {processor.py:925} INFO - DAG(s) 'example_subdag_operator.section-1', 'example_subdag_operator.section-2', 'example_subdag_operator' retrieved from /home/airflow/.local/lib/python3.12/site-packages/airflow/example_dags/example_subdag_operator.py
[2025-04-21T17:06:25.598+0000] {logging_mixin.py:190} INFO - [2025-04-21T17:06:25.598+0000] {dag.py:3239} INFO - Sync 3 DAGs
[2025-04-21T17:06:25.606+0000] {logging_mixin.py:190} INFO - [2025-04-21T17:06:25.606+0000] {dag.py:4180} INFO - Setting next_dagrun for example_subdag_operator to 2022-01-01 00:00:00+00:00, run_after=2022-01-01 00:00:00+00:00
[2025-04-21T17:06:25.607+0000] {logging_mixin.py:190} INFO - [2025-04-21T17:06:25.607+0000] {dag.py:4180} INFO - Setting next_dagrun for example_subdag_operator.section-1 to None, run_after=None
[2025-04-21T17:06:25.608+0000] {logging_mixin.py:190} INFO - [2025-04-21T17:06:25.607+0000] {dag.py:4180} INFO - Setting next_dagrun for example_subdag_operator.section-2 to None, run_after=None
[2025-04-21T17:06:25.610+0000] {logging_mixin.py:190} INFO - [2025-04-21T17:06:25.610+0000] {dag.py:3239} INFO - Sync 2 DAGs
[2025-04-21T17:06:25.612+0000] {logging_mixin.py:190} INFO - [2025-04-21T17:06:25.612+0000] {dag.py:4180} INFO - Setting next_dagrun for example_subdag_operator.section-1 to None, run_after=None
[2025-04-21T17:06:25.612+0000] {logging_mixin.py:190} INFO - [2025-04-21T17:06:25.612+0000] {dag.py:4180} INFO - Setting next_dagrun for example_subdag_operator.section-2 to None, run_after=None
[2025-04-21T17:06:25.616+0000] {processor.py:208} INFO - Processing /home/airflow/.local/lib/python3.12/site-packages/airflow/example_dags/example_subdag_operator.py took 0.037 seconds
[2025-04-21T17:06:56.725+0000] {processor.py:186} INFO - Started process (PID=180) to work on /home/airflow/.local/lib/python3.12/site-packages/airflow/example_dags/example_subdag_operator.py
[2025-04-21T17:06:56.726+0000] {processor.py:914} INFO - Processing file /home/airflow/.local/lib/python3.12/site-packages/airflow/example_dags/example_subdag_operator.py for tasks to queue
[2025-04-21T17:06:56.730+0000] {logging_mixin.py:190} INFO - [2025-04-21T17:06:56.730+0000] {dagbag.py:588} INFO - Filling up the DagBag from /home/airflow/.local/lib/python3.12/site-packages/airflow/example_dags/example_subdag_operator.py
[2025-04-21T17:06:56.741+0000] {processor.py:925} INFO - DAG(s) 'example_subdag_operator.section-1', 'example_subdag_operator.section-2', 'example_subdag_operator' retrieved from /home/airflow/.local/lib/python3.12/site-packages/airflow/example_dags/example_subdag_operator.py
[2025-04-21T17:06:56.748+0000] {logging_mixin.py:190} INFO - [2025-04-21T17:06:56.748+0000] {dag.py:3239} INFO - Sync 3 DAGs
[2025-04-21T17:06:56.757+0000] {logging_mixin.py:190} INFO - [2025-04-21T17:06:56.757+0000] {dag.py:4180} INFO - Setting next_dagrun for example_subdag_operator to 2022-01-01 00:00:00+00:00, run_after=2022-01-01 00:00:00+00:00
[2025-04-21T17:06:56.758+0000] {logging_mixin.py:190} INFO - [2025-04-21T17:06:56.758+0000] {dag.py:4180} INFO - Setting next_dagrun for example_subdag_operator.section-1 to None, run_after=None
[2025-04-21T17:06:56.759+0000] {logging_mixin.py:190} INFO - [2025-04-21T17:06:56.759+0000] {dag.py:4180} INFO - Setting next_dagrun for example_subdag_operator.section-2 to None, run_after=None
[2025-04-21T17:06:56.764+0000] {logging_mixin.py:190} INFO - [2025-04-21T17:06:56.764+0000] {dag.py:3239} INFO - Sync 2 DAGs
[2025-04-21T17:06:56.768+0000] {logging_mixin.py:190} INFO - [2025-04-21T17:06:56.767+0000] {dag.py:4180} INFO - Setting next_dagrun for example_subdag_operator.section-1 to None, run_after=None
[2025-04-21T17:06:56.768+0000] {logging_mixin.py:190} INFO - [2025-04-21T17:06:56.768+0000] {dag.py:4180} INFO - Setting next_dagrun for example_subdag_operator.section-2 to None, run_after=None
[2025-04-21T17:06:56.772+0000] {processor.py:208} INFO - Processing /home/airflow/.local/lib/python3.12/site-packages/airflow/example_dags/example_subdag_operator.py took 0.050 seconds
[2025-04-21T17:07:27.864+0000] {processor.py:186} INFO - Started process (PID=243) to work on /home/airflow/.local/lib/python3.12/site-packages/airflow/example_dags/example_subdag_operator.py
[2025-04-21T17:07:27.864+0000] {processor.py:914} INFO - Processing file /home/airflow/.local/lib/python3.12/site-packages/airflow/example_dags/example_subdag_operator.py for tasks to queue
[2025-04-21T17:07:27.865+0000] {logging_mixin.py:190} INFO - [2025-04-21T17:07:27.865+0000] {dagbag.py:588} INFO - Filling up the DagBag from /home/airflow/.local/lib/python3.12/site-packages/airflow/example_dags/example_subdag_operator.py
[2025-04-21T17:07:27.875+0000] {processor.py:925} INFO - DAG(s) 'example_subdag_operator.section-1', 'example_subdag_operator.section-2', 'example_subdag_operator' retrieved from /home/airflow/.local/lib/python3.12/site-packages/airflow/example_dags/example_subdag_operator.py
[2025-04-21T17:07:27.880+0000] {logging_mixin.py:190} INFO - [2025-04-21T17:07:27.880+0000] {dag.py:3239} INFO - Sync 3 DAGs
[2025-04-21T17:07:27.888+0000] {logging_mixin.py:190} INFO - [2025-04-21T17:07:27.888+0000] {dag.py:4180} INFO - Setting next_dagrun for example_subdag_operator to 2022-01-01 00:00:00+00:00, run_after=2022-01-01 00:00:00+00:00
[2025-04-21T17:07:27.889+0000] {logging_mixin.py:190} INFO - [2025-04-21T17:07:27.889+0000] {dag.py:4180} INFO - Setting next_dagrun for example_subdag_operator.section-1 to None, run_after=None
[2025-04-21T17:07:27.890+0000] {logging_mixin.py:190} INFO - [2025-04-21T17:07:27.890+0000] {dag.py:4180} INFO - Setting next_dagrun for example_subdag_operator.section-2 to None, run_after=None
[2025-04-21T17:07:27.892+0000] {logging_mixin.py:190} INFO - [2025-04-21T17:07:27.892+0000] {dag.py:3239} INFO - Sync 2 DAGs
[2025-04-21T17:07:27.894+0000] {logging_mixin.py:190} INFO - [2025-04-21T17:07:27.894+0000] {dag.py:4180} INFO - Setting next_dagrun for example_subdag_operator.section-1 to None, run_after=None
[2025-04-21T17:07:27.894+0000] {logging_mixin.py:190} INFO - [2025-04-21T17:07:27.894+0000] {dag.py:4180} INFO - Setting next_dagrun for example_subdag_operator.section-2 to None, run_after=None
[2025-04-21T17:07:27.897+0000] {processor.py:208} INFO - Processing /home/airflow/.local/lib/python3.12/site-packages/airflow/example_dags/example_subdag_operator.py took 0.036 seconds
[2025-04-21T17:07:58.910+0000] {processor.py:186} INFO - Started process (PID=306) to work on /home/airflow/.local/lib/python3.12/site-packages/airflow/example_dags/example_subdag_operator.py
[2025-04-21T17:07:58.910+0000] {processor.py:914} INFO - Processing file /home/airflow/.local/lib/python3.12/site-packages/airflow/example_dags/example_subdag_operator.py for tasks to queue
[2025-04-21T17:07:58.911+0000] {logging_mixin.py:190} INFO - [2025-04-21T17:07:58.911+0000] {dagbag.py:588} INFO - Filling up the DagBag from /home/airflow/.local/lib/python3.12/site-packages/airflow/example_dags/example_subdag_operator.py
[2025-04-21T17:07:58.921+0000] {processor.py:925} INFO - DAG(s) 'example_subdag_operator.section-1', 'example_subdag_operator.section-2', 'example_subdag_operator' retrieved from /home/airflow/.local/lib/python3.12/site-packages/airflow/example_dags/example_subdag_operator.py
[2025-04-21T17:07:58.926+0000] {logging_mixin.py:190} INFO - [2025-04-21T17:07:58.926+0000] {dag.py:3239} INFO - Sync 3 DAGs
[2025-04-21T17:07:58.934+0000] {logging_mixin.py:190} INFO - [2025-04-21T17:07:58.934+0000] {dag.py:4180} INFO - Setting next_dagrun for example_subdag_operator to 2022-01-01 00:00:00+00:00, run_after=2022-01-01 00:00:00+00:00
[2025-04-21T17:07:58.935+0000] {logging_mixin.py:190} INFO - [2025-04-21T17:07:58.935+0000] {dag.py:4180} INFO - Setting next_dagrun for example_subdag_operator.section-1 to None, run_after=None
[2025-04-21T17:07:58.935+0000] {logging_mixin.py:190} INFO - [2025-04-21T17:07:58.935+0000] {dag.py:4180} INFO - Setting next_dagrun for example_subdag_operator.section-2 to None, run_after=None
[2025-04-21T17:07:58.938+0000] {logging_mixin.py:190} INFO - [2025-04-21T17:07:58.938+0000] {dag.py:3239} INFO - Sync 2 DAGs
[2025-04-21T17:07:58.939+0000] {logging_mixin.py:190} INFO - [2025-04-21T17:07:58.939+0000] {dag.py:4180} INFO - Setting next_dagrun for example_subdag_operator.section-1 to None, run_after=None
[2025-04-21T17:07:58.940+0000] {logging_mixin.py:190} INFO - [2025-04-21T17:07:58.940+0000] {dag.py:4180} INFO - Setting next_dagrun for example_subdag_operator.section-2 to None, run_after=None
[2025-04-21T17:07:58.943+0000] {processor.py:208} INFO - Processing /home/airflow/.local/lib/python3.12/site-packages/airflow/example_dags/example_subdag_operator.py took 0.035 seconds
[2025-04-21T17:08:30.067+0000] {processor.py:186} INFO - Started process (PID=369) to work on /home/airflow/.local/lib/python3.12/site-packages/airflow/example_dags/example_subdag_operator.py
[2025-04-21T17:08:30.068+0000] {processor.py:914} INFO - Processing file /home/airflow/.local/lib/python3.12/site-packages/airflow/example_dags/example_subdag_operator.py for tasks to queue
[2025-04-21T17:08:30.069+0000] {logging_mixin.py:190} INFO - [2025-04-21T17:08:30.068+0000] {dagbag.py:588} INFO - Filling up the DagBag from /home/airflow/.local/lib/python3.12/site-packages/airflow/example_dags/example_subdag_operator.py
[2025-04-21T17:08:30.080+0000] {processor.py:925} INFO - DAG(s) 'example_subdag_operator.section-1', 'example_subdag_operator.section-2', 'example_subdag_operator' retrieved from /home/airflow/.local/lib/python3.12/site-packages/airflow/example_dags/example_subdag_operator.py
[2025-04-21T17:08:30.087+0000] {logging_mixin.py:190} INFO - [2025-04-21T17:08:30.087+0000] {dag.py:3239} INFO - Sync 3 DAGs
[2025-04-21T17:08:30.095+0000] {logging_mixin.py:190} INFO - [2025-04-21T17:08:30.095+0000] {dag.py:4180} INFO - Setting next_dagrun for example_subdag_operator to 2022-01-01 00:00:00+00:00, run_after=2022-01-01 00:00:00+00:00
[2025-04-21T17:08:30.097+0000] {logging_mixin.py:190} INFO - [2025-04-21T17:08:30.096+0000] {dag.py:4180} INFO - Setting next_dagrun for example_subdag_operator.section-1 to None, run_after=None
[2025-04-21T17:08:30.097+0000] {logging_mixin.py:190} INFO - [2025-04-21T17:08:30.097+0000] {dag.py:4180} INFO - Setting next_dagrun for example_subdag_operator.section-2 to None, run_after=None
[2025-04-21T17:08:30.101+0000] {logging_mixin.py:190} INFO - [2025-04-21T17:08:30.101+0000] {dag.py:3239} INFO - Sync 2 DAGs
[2025-04-21T17:08:30.103+0000] {logging_mixin.py:190} INFO - [2025-04-21T17:08:30.103+0000] {dag.py:4180} INFO - Setting next_dagrun for example_subdag_operator.section-1 to None, run_after=None
[2025-04-21T17:08:30.103+0000] {logging_mixin.py:190} INFO - [2025-04-21T17:08:30.103+0000] {dag.py:4180} INFO - Setting next_dagrun for example_subdag_operator.section-2 to None, run_after=None
[2025-04-21T17:08:30.107+0000] {processor.py:208} INFO - Processing /home/airflow/.local/lib/python3.12/site-packages/airflow/example_dags/example_subdag_operator.py took 0.043 seconds
[2025-04-21T17:09:01.264+0000] {processor.py:186} INFO - Started process (PID=432) to work on /home/airflow/.local/lib/python3.12/site-packages/airflow/example_dags/example_subdag_operator.py
[2025-04-21T17:09:01.265+0000] {processor.py:914} INFO - Processing file /home/airflow/.local/lib/python3.12/site-packages/airflow/example_dags/example_subdag_operator.py for tasks to queue
[2025-04-21T17:09:01.265+0000] {logging_mixin.py:190} INFO - [2025-04-21T17:09:01.265+0000] {dagbag.py:588} INFO - Filling up the DagBag from /home/airflow/.local/lib/python3.12/site-packages/airflow/example_dags/example_subdag_operator.py
[2025-04-21T17:09:01.275+0000] {processor.py:925} INFO - DAG(s) 'example_subdag_operator.section-1', 'example_subdag_operator.section-2', 'example_subdag_operator' retrieved from /home/airflow/.local/lib/python3.12/site-packages/airflow/example_dags/example_subdag_operator.py
[2025-04-21T17:09:01.281+0000] {logging_mixin.py:190} INFO - [2025-04-21T17:09:01.281+0000] {dag.py:3239} INFO - Sync 3 DAGs
[2025-04-21T17:09:01.289+0000] {logging_mixin.py:190} INFO - [2025-04-21T17:09:01.288+0000] {dag.py:4180} INFO - Setting next_dagrun for example_subdag_operator to 2022-01-01 00:00:00+00:00, run_after=2022-01-01 00:00:00+00:00
[2025-04-21T17:09:01.290+0000] {logging_mixin.py:190} INFO - [2025-04-21T17:09:01.290+0000] {dag.py:4180} INFO - Setting next_dagrun for example_subdag_operator.section-1 to None, run_after=None
[2025-04-21T17:09:01.290+0000] {logging_mixin.py:190} INFO - [2025-04-21T17:09:01.290+0000] {dag.py:4180} INFO - Setting next_dagrun for example_subdag_operator.section-2 to None, run_after=None
[2025-04-21T17:09:01.292+0000] {logging_mixin.py:190} INFO - [2025-04-21T17:09:01.292+0000] {dag.py:3239} INFO - Sync 2 DAGs
[2025-04-21T17:09:01.294+0000] {logging_mixin.py:190} INFO - [2025-04-21T17:09:01.294+0000] {dag.py:4180} INFO - Setting next_dagrun for example_subdag_operator.section-1 to None, run_after=None
[2025-04-21T17:09:01.295+0000] {logging_mixin.py:190} INFO - [2025-04-21T17:09:01.295+0000] {dag.py:4180} INFO - Setting next_dagrun for example_subdag_operator.section-2 to None, run_after=None
[2025-04-21T17:09:01.298+0000] {processor.py:208} INFO - Processing /home/airflow/.local/lib/python3.12/site-packages/airflow/example_dags/example_subdag_operator.py took 0.036 seconds
[2025-04-21T17:09:32.304+0000] {processor.py:186} INFO - Started process (PID=495) to work on /home/airflow/.local/lib/python3.12/site-packages/airflow/example_dags/example_subdag_operator.py
[2025-04-21T17:09:32.304+0000] {processor.py:914} INFO - Processing file /home/airflow/.local/lib/python3.12/site-packages/airflow/example_dags/example_subdag_operator.py for tasks to queue
[2025-04-21T17:09:32.305+0000] {logging_mixin.py:190} INFO - [2025-04-21T17:09:32.305+0000] {dagbag.py:588} INFO - Filling up the DagBag from /home/airflow/.local/lib/python3.12/site-packages/airflow/example_dags/example_subdag_operator.py
[2025-04-21T17:09:32.315+0000] {processor.py:925} INFO - DAG(s) 'example_subdag_operator.section-1', 'example_subdag_operator.section-2', 'example_subdag_operator' retrieved from /home/airflow/.local/lib/python3.12/site-packages/airflow/example_dags/example_subdag_operator.py
[2025-04-21T17:09:32.320+0000] {logging_mixin.py:190} INFO - [2025-04-21T17:09:32.320+0000] {dag.py:3239} INFO - Sync 3 DAGs
[2025-04-21T17:09:32.328+0000] {logging_mixin.py:190} INFO - [2025-04-21T17:09:32.328+0000] {dag.py:4180} INFO - Setting next_dagrun for example_subdag_operator to 2022-01-01 00:00:00+00:00, run_after=2022-01-01 00:00:00+00:00
[2025-04-21T17:09:32.330+0000] {logging_mixin.py:190} INFO - [2025-04-21T17:09:32.330+0000] {dag.py:4180} INFO - Setting next_dagrun for example_subdag_operator.section-1 to None, run_after=None
[2025-04-21T17:09:32.330+0000] {logging_mixin.py:190} INFO - [2025-04-21T17:09:32.330+0000] {dag.py:4180} INFO - Setting next_dagrun for example_subdag_operator.section-2 to None, run_after=None
[2025-04-21T17:09:32.332+0000] {logging_mixin.py:190} INFO - [2025-04-21T17:09:32.332+0000] {dag.py:3239} INFO - Sync 2 DAGs
[2025-04-21T17:09:32.334+0000] {logging_mixin.py:190} INFO - [2025-04-21T17:09:32.334+0000] {dag.py:4180} INFO - Setting next_dagrun for example_subdag_operator.section-1 to None, run_after=None
[2025-04-21T17:09:32.334+0000] {logging_mixin.py:190} INFO - [2025-04-21T17:09:32.334+0000] {dag.py:4180} INFO - Setting next_dagrun for example_subdag_operator.section-2 to None, run_after=None
[2025-04-21T17:09:32.338+0000] {processor.py:208} INFO - Processing /home/airflow/.local/lib/python3.12/site-packages/airflow/example_dags/example_subdag_operator.py took 0.036 seconds
[2025-04-21T17:10:03.399+0000] {processor.py:186} INFO - Started process (PID=558) to work on /home/airflow/.local/lib/python3.12/site-packages/airflow/example_dags/example_subdag_operator.py
[2025-04-21T17:10:03.399+0000] {processor.py:914} INFO - Processing file /home/airflow/.local/lib/python3.12/site-packages/airflow/example_dags/example_subdag_operator.py for tasks to queue
[2025-04-21T17:10:03.400+0000] {logging_mixin.py:190} INFO - [2025-04-21T17:10:03.400+0000] {dagbag.py:588} INFO - Filling up the DagBag from /home/airflow/.local/lib/python3.12/site-packages/airflow/example_dags/example_subdag_operator.py
[2025-04-21T17:10:03.410+0000] {processor.py:925} INFO - DAG(s) 'example_subdag_operator.section-1', 'example_subdag_operator.section-2', 'example_subdag_operator' retrieved from /home/airflow/.local/lib/python3.12/site-packages/airflow/example_dags/example_subdag_operator.py
[2025-04-21T17:10:03.415+0000] {logging_mixin.py:190} INFO - [2025-04-21T17:10:03.415+0000] {dag.py:3239} INFO - Sync 3 DAGs
[2025-04-21T17:10:03.424+0000] {logging_mixin.py:190} INFO - [2025-04-21T17:10:03.424+0000] {dag.py:4180} INFO - Setting next_dagrun for example_subdag_operator to 2022-01-01 00:00:00+00:00, run_after=2022-01-01 00:00:00+00:00
[2025-04-21T17:10:03.425+0000] {logging_mixin.py:190} INFO - [2025-04-21T17:10:03.425+0000] {dag.py:4180} INFO - Setting next_dagrun for example_subdag_operator.section-1 to None, run_after=None
[2025-04-21T17:10:03.425+0000] {logging_mixin.py:190} INFO - [2025-04-21T17:10:03.425+0000] {dag.py:4180} INFO - Setting next_dagrun for example_subdag_operator.section-2 to None, run_after=None
[2025-04-21T17:10:03.428+0000] {logging_mixin.py:190} INFO - [2025-04-21T17:10:03.428+0000] {dag.py:3239} INFO - Sync 2 DAGs
[2025-04-21T17:10:03.429+0000] {logging_mixin.py:190} INFO - [2025-04-21T17:10:03.429+0000] {dag.py:4180} INFO - Setting next_dagrun for example_subdag_operator.section-1 to None, run_after=None
[2025-04-21T17:10:03.430+0000] {logging_mixin.py:190} INFO - [2025-04-21T17:10:03.430+0000] {dag.py:4180} INFO - Setting next_dagrun for example_subdag_operator.section-2 to None, run_after=None
[2025-04-21T17:10:03.432+0000] {processor.py:208} INFO - Processing /home/airflow/.local/lib/python3.12/site-packages/airflow/example_dags/example_subdag_operator.py took 0.036 seconds
[2025-04-21T17:10:34.598+0000] {processor.py:186} INFO - Started process (PID=621) to work on /home/airflow/.local/lib/python3.12/site-packages/airflow/example_dags/example_subdag_operator.py
[2025-04-21T17:10:34.598+0000] {processor.py:914} INFO - Processing file /home/airflow/.local/lib/python3.12/site-packages/airflow/example_dags/example_subdag_operator.py for tasks to queue
[2025-04-21T17:10:34.599+0000] {logging_mixin.py:190} INFO - [2025-04-21T17:10:34.599+0000] {dagbag.py:588} INFO - Filling up the DagBag from /home/airflow/.local/lib/python3.12/site-packages/airflow/example_dags/example_subdag_operator.py
[2025-04-21T17:10:34.610+0000] {processor.py:925} INFO - DAG(s) 'example_subdag_operator.section-1', 'example_subdag_operator.section-2', 'example_subdag_operator' retrieved from /home/airflow/.local/lib/python3.12/site-packages/airflow/example_dags/example_subdag_operator.py
[2025-04-21T17:10:34.616+0000] {logging_mixin.py:190} INFO - [2025-04-21T17:10:34.616+0000] {dag.py:3239} INFO - Sync 3 DAGs
[2025-04-21T17:10:34.625+0000] {logging_mixin.py:190} INFO - [2025-04-21T17:10:34.625+0000] {dag.py:4180} INFO - Setting next_dagrun for example_subdag_operator to 2022-01-01 00:00:00+00:00, run_after=2022-01-01 00:00:00+00:00
[2025-04-21T17:10:34.626+0000] {logging_mixin.py:190} INFO - [2025-04-21T17:10:34.626+0000] {dag.py:4180} INFO - Setting next_dagrun for example_subdag_operator.section-1 to None, run_after=None
[2025-04-21T17:10:34.630+0000] {logging_mixin.py:190} INFO - [2025-04-21T17:10:34.630+0000] {dag.py:4180} INFO - Setting next_dagrun for example_subdag_operator.section-2 to None, run_after=None
[2025-04-21T17:10:34.632+0000] {logging_mixin.py:190} INFO - [2025-04-21T17:10:34.632+0000] {dag.py:3239} INFO - Sync 2 DAGs
[2025-04-21T17:10:34.634+0000] {logging_mixin.py:190} INFO - [2025-04-21T17:10:34.634+0000] {dag.py:4180} INFO - Setting next_dagrun for example_subdag_operator.section-1 to None, run_after=None
[2025-04-21T17:10:34.635+0000] {logging_mixin.py:190} INFO - [2025-04-21T17:10:34.635+0000] {dag.py:4180} INFO - Setting next_dagrun for example_subdag_operator.section-2 to None, run_after=None
[2025-04-21T17:10:34.639+0000] {processor.py:208} INFO - Processing /home/airflow/.local/lib/python3.12/site-packages/airflow/example_dags/example_subdag_operator.py took 0.043 seconds
[2025-04-21T17:11:05.726+0000] {processor.py:186} INFO - Started process (PID=685) to work on /home/airflow/.local/lib/python3.12/site-packages/airflow/example_dags/example_subdag_operator.py
[2025-04-21T17:11:05.727+0000] {processor.py:914} INFO - Processing file /home/airflow/.local/lib/python3.12/site-packages/airflow/example_dags/example_subdag_operator.py for tasks to queue
[2025-04-21T17:11:05.728+0000] {logging_mixin.py:190} INFO - [2025-04-21T17:11:05.728+0000] {dagbag.py:588} INFO - Filling up the DagBag from /home/airflow/.local/lib/python3.12/site-packages/airflow/example_dags/example_subdag_operator.py
[2025-04-21T17:11:05.740+0000] {processor.py:925} INFO - DAG(s) 'example_subdag_operator.section-1', 'example_subdag_operator.section-2', 'example_subdag_operator' retrieved from /home/airflow/.local/lib/python3.12/site-packages/airflow/example_dags/example_subdag_operator.py
[2025-04-21T17:11:05.746+0000] {logging_mixin.py:190} INFO - [2025-04-21T17:11:05.746+0000] {dag.py:3239} INFO - Sync 3 DAGs
[2025-04-21T17:11:05.754+0000] {logging_mixin.py:190} INFO - [2025-04-21T17:11:05.754+0000] {dag.py:4180} INFO - Setting next_dagrun for example_subdag_operator to 2022-01-01 00:00:00+00:00, run_after=2022-01-01 00:00:00+00:00
[2025-04-21T17:11:05.756+0000] {logging_mixin.py:190} INFO - [2025-04-21T17:11:05.756+0000] {dag.py:4180} INFO - Setting next_dagrun for example_subdag_operator.section-1 to None, run_after=None
[2025-04-21T17:11:05.756+0000] {logging_mixin.py:190} INFO - [2025-04-21T17:11:05.756+0000] {dag.py:4180} INFO - Setting next_dagrun for example_subdag_operator.section-2 to None, run_after=None
[2025-04-21T17:11:05.758+0000] {logging_mixin.py:190} INFO - [2025-04-21T17:11:05.758+0000] {dag.py:3239} INFO - Sync 2 DAGs
[2025-04-21T17:11:05.763+0000] {logging_mixin.py:190} INFO - [2025-04-21T17:11:05.763+0000] {dag.py:4180} INFO - Setting next_dagrun for example_subdag_operator.section-1 to None, run_after=None
[2025-04-21T17:11:05.763+0000] {logging_mixin.py:190} INFO - [2025-04-21T17:11:05.763+0000] {dag.py:4180} INFO - Setting next_dagrun for example_subdag_operator.section-2 to None, run_after=None
[2025-04-21T17:11:05.767+0000] {processor.py:208} INFO - Processing /home/airflow/.local/lib/python3.12/site-packages/airflow/example_dags/example_subdag_operator.py took 0.044 seconds
[2025-04-21T17:11:37.010+0000] {processor.py:186} INFO - Started process (PID=749) to work on /home/airflow/.local/lib/python3.12/site-packages/airflow/example_dags/example_subdag_operator.py
[2025-04-21T17:11:37.010+0000] {processor.py:914} INFO - Processing file /home/airflow/.local/lib/python3.12/site-packages/airflow/example_dags/example_subdag_operator.py for tasks to queue
[2025-04-21T17:11:37.011+0000] {logging_mixin.py:190} INFO - [2025-04-21T17:11:37.011+0000] {dagbag.py:588} INFO - Filling up the DagBag from /home/airflow/.local/lib/python3.12/site-packages/airflow/example_dags/example_subdag_operator.py
[2025-04-21T17:11:37.025+0000] {processor.py:925} INFO - DAG(s) 'example_subdag_operator.section-1', 'example_subdag_operator.section-2', 'example_subdag_operator' retrieved from /home/airflow/.local/lib/python3.12/site-packages/airflow/example_dags/example_subdag_operator.py
[2025-04-21T17:11:37.030+0000] {logging_mixin.py:190} INFO - [2025-04-21T17:11:37.030+0000] {dag.py:3239} INFO - Sync 3 DAGs
[2025-04-21T17:11:37.039+0000] {logging_mixin.py:190} INFO - [2025-04-21T17:11:37.039+0000] {dag.py:4180} INFO - Setting next_dagrun for example_subdag_operator to 2022-01-01 00:00:00+00:00, run_after=2022-01-01 00:00:00+00:00
[2025-04-21T17:11:37.041+0000] {logging_mixin.py:190} INFO - [2025-04-21T17:11:37.041+0000] {dag.py:4180} INFO - Setting next_dagrun for example_subdag_operator.section-1 to None, run_after=None
[2025-04-21T17:11:37.042+0000] {logging_mixin.py:190} INFO - [2025-04-21T17:11:37.042+0000] {dag.py:4180} INFO - Setting next_dagrun for example_subdag_operator.section-2 to None, run_after=None
[2025-04-21T17:11:37.046+0000] {logging_mixin.py:190} INFO - [2025-04-21T17:11:37.046+0000] {dag.py:3239} INFO - Sync 2 DAGs
[2025-04-21T17:11:37.048+0000] {logging_mixin.py:190} INFO - [2025-04-21T17:11:37.048+0000] {dag.py:4180} INFO - Setting next_dagrun for example_subdag_operator.section-1 to None, run_after=None
[2025-04-21T17:11:37.049+0000] {logging_mixin.py:190} INFO - [2025-04-21T17:11:37.049+0000] {dag.py:4180} INFO - Setting next_dagrun for example_subdag_operator.section-2 to None, run_after=None
[2025-04-21T17:11:37.053+0000] {processor.py:208} INFO - Processing /home/airflow/.local/lib/python3.12/site-packages/airflow/example_dags/example_subdag_operator.py took 0.045 seconds
[2025-04-21T17:12:08.359+0000] {processor.py:186} INFO - Started process (PID=813) to work on /home/airflow/.local/lib/python3.12/site-packages/airflow/example_dags/example_subdag_operator.py
[2025-04-21T17:12:08.359+0000] {processor.py:914} INFO - Processing file /home/airflow/.local/lib/python3.12/site-packages/airflow/example_dags/example_subdag_operator.py for tasks to queue
[2025-04-21T17:12:08.361+0000] {logging_mixin.py:190} INFO - [2025-04-21T17:12:08.360+0000] {dagbag.py:588} INFO - Filling up the DagBag from /home/airflow/.local/lib/python3.12/site-packages/airflow/example_dags/example_subdag_operator.py
[2025-04-21T17:12:08.375+0000] {processor.py:925} INFO - DAG(s) 'example_subdag_operator.section-1', 'example_subdag_operator.section-2', 'example_subdag_operator' retrieved from /home/airflow/.local/lib/python3.12/site-packages/airflow/example_dags/example_subdag_operator.py
[2025-04-21T17:12:08.382+0000] {logging_mixin.py:190} INFO - [2025-04-21T17:12:08.381+0000] {dag.py:3239} INFO - Sync 3 DAGs
[2025-04-21T17:12:08.392+0000] {logging_mixin.py:190} INFO - [2025-04-21T17:12:08.392+0000] {dag.py:4180} INFO - Setting next_dagrun for example_subdag_operator to 2022-01-01 00:00:00+00:00, run_after=2022-01-01 00:00:00+00:00
[2025-04-21T17:12:08.395+0000] {logging_mixin.py:190} INFO - [2025-04-21T17:12:08.395+0000] {dag.py:4180} INFO - Setting next_dagrun for example_subdag_operator.section-1 to None, run_after=None
[2025-04-21T17:12:08.396+0000] {logging_mixin.py:190} INFO - [2025-04-21T17:12:08.395+0000] {dag.py:4180} INFO - Setting next_dagrun for example_subdag_operator.section-2 to None, run_after=None
[2025-04-21T17:12:08.399+0000] {logging_mixin.py:190} INFO - [2025-04-21T17:12:08.399+0000] {dag.py:3239} INFO - Sync 2 DAGs
[2025-04-21T17:12:08.401+0000] {logging_mixin.py:190} INFO - [2025-04-21T17:12:08.401+0000] {dag.py:4180} INFO - Setting next_dagrun for example_subdag_operator.section-1 to None, run_after=None
[2025-04-21T17:12:08.401+0000] {logging_mixin.py:190} INFO - [2025-04-21T17:12:08.401+0000] {dag.py:4180} INFO - Setting next_dagrun for example_subdag_operator.section-2 to None, run_after=None
[2025-04-21T17:12:08.405+0000] {processor.py:208} INFO - Processing /home/airflow/.local/lib/python3.12/site-packages/airflow/example_dags/example_subdag_operator.py took 0.048 seconds
[2025-04-21T17:12:38.892+0000] {processor.py:186} INFO - Started process (PID=877) to work on /home/airflow/.local/lib/python3.12/site-packages/airflow/example_dags/example_subdag_operator.py
[2025-04-21T17:12:38.893+0000] {processor.py:914} INFO - Processing file /home/airflow/.local/lib/python3.12/site-packages/airflow/example_dags/example_subdag_operator.py for tasks to queue
[2025-04-21T17:12:38.896+0000] {logging_mixin.py:190} INFO - [2025-04-21T17:12:38.895+0000] {dagbag.py:588} INFO - Filling up the DagBag from /home/airflow/.local/lib/python3.12/site-packages/airflow/example_dags/example_subdag_operator.py
[2025-04-21T17:12:38.925+0000] {processor.py:925} INFO - DAG(s) 'example_subdag_operator.section-1', 'example_subdag_operator.section-2', 'example_subdag_operator' retrieved from /home/airflow/.local/lib/python3.12/site-packages/airflow/example_dags/example_subdag_operator.py
[2025-04-21T17:12:38.938+0000] {logging_mixin.py:190} INFO - [2025-04-21T17:12:38.938+0000] {dag.py:3239} INFO - Sync 3 DAGs
[2025-04-21T17:12:38.963+0000] {logging_mixin.py:190} INFO - [2025-04-21T17:12:38.962+0000] {dag.py:4180} INFO - Setting next_dagrun for example_subdag_operator to 2022-01-01 00:00:00+00:00, run_after=2022-01-01 00:00:00+00:00
[2025-04-21T17:12:38.966+0000] {logging_mixin.py:190} INFO - [2025-04-21T17:12:38.966+0000] {dag.py:4180} INFO - Setting next_dagrun for example_subdag_operator.section-1 to None, run_after=None
[2025-04-21T17:12:38.969+0000] {logging_mixin.py:190} INFO - [2025-04-21T17:12:38.969+0000] {dag.py:4180} INFO - Setting next_dagrun for example_subdag_operator.section-2 to None, run_after=None
[2025-04-21T17:12:38.979+0000] {logging_mixin.py:190} INFO - [2025-04-21T17:12:38.979+0000] {dag.py:3239} INFO - Sync 2 DAGs
[2025-04-21T17:12:38.984+0000] {logging_mixin.py:190} INFO - [2025-04-21T17:12:38.984+0000] {dag.py:4180} INFO - Setting next_dagrun for example_subdag_operator.section-1 to None, run_after=None
[2025-04-21T17:12:38.984+0000] {logging_mixin.py:190} INFO - [2025-04-21T17:12:38.984+0000] {dag.py:4180} INFO - Setting next_dagrun for example_subdag_operator.section-2 to None, run_after=None
[2025-04-21T17:12:38.990+0000] {processor.py:208} INFO - Processing /home/airflow/.local/lib/python3.12/site-packages/airflow/example_dags/example_subdag_operator.py took 0.100 seconds
[2025-04-21T17:13:09.738+0000] {processor.py:186} INFO - Started process (PID=941) to work on /home/airflow/.local/lib/python3.12/site-packages/airflow/example_dags/example_subdag_operator.py
[2025-04-21T17:13:09.739+0000] {processor.py:914} INFO - Processing file /home/airflow/.local/lib/python3.12/site-packages/airflow/example_dags/example_subdag_operator.py for tasks to queue
[2025-04-21T17:13:09.740+0000] {logging_mixin.py:190} INFO - [2025-04-21T17:13:09.739+0000] {dagbag.py:588} INFO - Filling up the DagBag from /home/airflow/.local/lib/python3.12/site-packages/airflow/example_dags/example_subdag_operator.py
[2025-04-21T17:13:09.751+0000] {processor.py:925} INFO - DAG(s) 'example_subdag_operator.section-1', 'example_subdag_operator.section-2', 'example_subdag_operator' retrieved from /home/airflow/.local/lib/python3.12/site-packages/airflow/example_dags/example_subdag_operator.py
[2025-04-21T17:13:09.757+0000] {logging_mixin.py:190} INFO - [2025-04-21T17:13:09.757+0000] {dag.py:3239} INFO - Sync 3 DAGs
[2025-04-21T17:13:09.765+0000] {logging_mixin.py:190} INFO - [2025-04-21T17:13:09.765+0000] {dag.py:4180} INFO - Setting next_dagrun for example_subdag_operator to 2022-01-01 00:00:00+00:00, run_after=2022-01-01 00:00:00+00:00
[2025-04-21T17:13:09.769+0000] {logging_mixin.py:190} INFO - [2025-04-21T17:13:09.769+0000] {dag.py:4180} INFO - Setting next_dagrun for example_subdag_operator.section-1 to None, run_after=None
[2025-04-21T17:13:09.770+0000] {logging_mixin.py:190} INFO - [2025-04-21T17:13:09.770+0000] {dag.py:4180} INFO - Setting next_dagrun for example_subdag_operator.section-2 to None, run_after=None
[2025-04-21T17:13:09.774+0000] {logging_mixin.py:190} INFO - [2025-04-21T17:13:09.774+0000] {dag.py:3239} INFO - Sync 2 DAGs
[2025-04-21T17:13:09.776+0000] {logging_mixin.py:190} INFO - [2025-04-21T17:13:09.776+0000] {dag.py:4180} INFO - Setting next_dagrun for example_subdag_operator.section-1 to None, run_after=None
[2025-04-21T17:13:09.776+0000] {logging_mixin.py:190} INFO - [2025-04-21T17:13:09.776+0000] {dag.py:4180} INFO - Setting next_dagrun for example_subdag_operator.section-2 to None, run_after=None
[2025-04-21T17:13:09.780+0000] {processor.py:208} INFO - Processing /home/airflow/.local/lib/python3.12/site-packages/airflow/example_dags/example_subdag_operator.py took 0.044 seconds
[2025-04-21T17:13:40.057+0000] {processor.py:186} INFO - Started process (PID=1005) to work on /home/airflow/.local/lib/python3.12/site-packages/airflow/example_dags/example_subdag_operator.py
[2025-04-21T17:13:40.058+0000] {processor.py:914} INFO - Processing file /home/airflow/.local/lib/python3.12/site-packages/airflow/example_dags/example_subdag_operator.py for tasks to queue
[2025-04-21T17:13:40.058+0000] {logging_mixin.py:190} INFO - [2025-04-21T17:13:40.058+0000] {dagbag.py:588} INFO - Filling up the DagBag from /home/airflow/.local/lib/python3.12/site-packages/airflow/example_dags/example_subdag_operator.py
[2025-04-21T17:13:40.069+0000] {processor.py:925} INFO - DAG(s) 'example_subdag_operator.section-1', 'example_subdag_operator.section-2', 'example_subdag_operator' retrieved from /home/airflow/.local/lib/python3.12/site-packages/airflow/example_dags/example_subdag_operator.py
[2025-04-21T17:13:40.075+0000] {logging_mixin.py:190} INFO - [2025-04-21T17:13:40.075+0000] {dag.py:3239} INFO - Sync 3 DAGs
[2025-04-21T17:13:40.083+0000] {logging_mixin.py:190} INFO - [2025-04-21T17:13:40.083+0000] {dag.py:4180} INFO - Setting next_dagrun for example_subdag_operator to 2022-01-01 00:00:00+00:00, run_after=2022-01-01 00:00:00+00:00
[2025-04-21T17:13:40.084+0000] {logging_mixin.py:190} INFO - [2025-04-21T17:13:40.084+0000] {dag.py:4180} INFO - Setting next_dagrun for example_subdag_operator.section-1 to None, run_after=None
[2025-04-21T17:13:40.085+0000] {logging_mixin.py:190} INFO - [2025-04-21T17:13:40.085+0000] {dag.py:4180} INFO - Setting next_dagrun for example_subdag_operator.section-2 to None, run_after=None
[2025-04-21T17:13:40.088+0000] {logging_mixin.py:190} INFO - [2025-04-21T17:13:40.087+0000] {dag.py:3239} INFO - Sync 2 DAGs
[2025-04-21T17:13:40.089+0000] {logging_mixin.py:190} INFO - [2025-04-21T17:13:40.089+0000] {dag.py:4180} INFO - Setting next_dagrun for example_subdag_operator.section-1 to None, run_after=None
[2025-04-21T17:13:40.090+0000] {logging_mixin.py:190} INFO - [2025-04-21T17:13:40.089+0000] {dag.py:4180} INFO - Setting next_dagrun for example_subdag_operator.section-2 to None, run_after=None
[2025-04-21T17:13:40.093+0000] {processor.py:208} INFO - Processing /home/airflow/.local/lib/python3.12/site-packages/airflow/example_dags/example_subdag_operator.py took 0.038 seconds
[2025-04-21T17:14:10.369+0000] {processor.py:186} INFO - Started process (PID=1068) to work on /home/airflow/.local/lib/python3.12/site-packages/airflow/example_dags/example_subdag_operator.py
[2025-04-21T17:14:10.372+0000] {processor.py:914} INFO - Processing file /home/airflow/.local/lib/python3.12/site-packages/airflow/example_dags/example_subdag_operator.py for tasks to queue
[2025-04-21T17:14:10.373+0000] {logging_mixin.py:190} INFO - [2025-04-21T17:14:10.373+0000] {dagbag.py:588} INFO - Filling up the DagBag from /home/airflow/.local/lib/python3.12/site-packages/airflow/example_dags/example_subdag_operator.py
[2025-04-21T17:14:10.384+0000] {processor.py:925} INFO - DAG(s) 'example_subdag_operator.section-1', 'example_subdag_operator.section-2', 'example_subdag_operator' retrieved from /home/airflow/.local/lib/python3.12/site-packages/airflow/example_dags/example_subdag_operator.py
[2025-04-21T17:14:10.390+0000] {logging_mixin.py:190} INFO - [2025-04-21T17:14:10.389+0000] {dag.py:3239} INFO - Sync 3 DAGs
[2025-04-21T17:14:10.398+0000] {logging_mixin.py:190} INFO - [2025-04-21T17:14:10.398+0000] {dag.py:4180} INFO - Setting next_dagrun for example_subdag_operator to 2022-01-01 00:00:00+00:00, run_after=2022-01-01 00:00:00+00:00
[2025-04-21T17:14:10.399+0000] {logging_mixin.py:190} INFO - [2025-04-21T17:14:10.399+0000] {dag.py:4180} INFO - Setting next_dagrun for example_subdag_operator.section-1 to None, run_after=None
[2025-04-21T17:14:10.400+0000] {logging_mixin.py:190} INFO - [2025-04-21T17:14:10.400+0000] {dag.py:4180} INFO - Setting next_dagrun for example_subdag_operator.section-2 to None, run_after=None
[2025-04-21T17:14:10.402+0000] {logging_mixin.py:190} INFO - [2025-04-21T17:14:10.402+0000] {dag.py:3239} INFO - Sync 2 DAGs
[2025-04-21T17:14:10.404+0000] {logging_mixin.py:190} INFO - [2025-04-21T17:14:10.404+0000] {dag.py:4180} INFO - Setting next_dagrun for example_subdag_operator.section-1 to None, run_after=None
[2025-04-21T17:14:10.404+0000] {logging_mixin.py:190} INFO - [2025-04-21T17:14:10.404+0000] {dag.py:4180} INFO - Setting next_dagrun for example_subdag_operator.section-2 to None, run_after=None
[2025-04-21T17:14:10.408+0000] {processor.py:208} INFO - Processing /home/airflow/.local/lib/python3.12/site-packages/airflow/example_dags/example_subdag_operator.py took 0.041 seconds
[2025-04-21T17:14:40.459+0000] {processor.py:186} INFO - Started process (PID=1131) to work on /home/airflow/.local/lib/python3.12/site-packages/airflow/example_dags/example_subdag_operator.py
[2025-04-21T17:14:40.460+0000] {processor.py:914} INFO - Processing file /home/airflow/.local/lib/python3.12/site-packages/airflow/example_dags/example_subdag_operator.py for tasks to queue
[2025-04-21T17:14:40.461+0000] {logging_mixin.py:190} INFO - [2025-04-21T17:14:40.460+0000] {dagbag.py:588} INFO - Filling up the DagBag from /home/airflow/.local/lib/python3.12/site-packages/airflow/example_dags/example_subdag_operator.py
[2025-04-21T17:14:40.471+0000] {processor.py:925} INFO - DAG(s) 'example_subdag_operator.section-1', 'example_subdag_operator.section-2', 'example_subdag_operator' retrieved from /home/airflow/.local/lib/python3.12/site-packages/airflow/example_dags/example_subdag_operator.py
[2025-04-21T17:14:40.476+0000] {logging_mixin.py:190} INFO - [2025-04-21T17:14:40.475+0000] {dag.py:3239} INFO - Sync 3 DAGs
[2025-04-21T17:14:40.483+0000] {logging_mixin.py:190} INFO - [2025-04-21T17:14:40.483+0000] {dag.py:4180} INFO - Setting next_dagrun for example_subdag_operator to 2022-01-01 00:00:00+00:00, run_after=2022-01-01 00:00:00+00:00
[2025-04-21T17:14:40.484+0000] {logging_mixin.py:190} INFO - [2025-04-21T17:14:40.484+0000] {dag.py:4180} INFO - Setting next_dagrun for example_subdag_operator.section-1 to None, run_after=None
[2025-04-21T17:14:40.484+0000] {logging_mixin.py:190} INFO - [2025-04-21T17:14:40.484+0000] {dag.py:4180} INFO - Setting next_dagrun for example_subdag_operator.section-2 to None, run_after=None
[2025-04-21T17:14:40.486+0000] {logging_mixin.py:190} INFO - [2025-04-21T17:14:40.486+0000] {dag.py:3239} INFO - Sync 2 DAGs
[2025-04-21T17:14:40.488+0000] {logging_mixin.py:190} INFO - [2025-04-21T17:14:40.488+0000] {dag.py:4180} INFO - Setting next_dagrun for example_subdag_operator.section-1 to None, run_after=None
[2025-04-21T17:14:40.488+0000] {logging_mixin.py:190} INFO - [2025-04-21T17:14:40.488+0000] {dag.py:4180} INFO - Setting next_dagrun for example_subdag_operator.section-2 to None, run_after=None
[2025-04-21T17:14:40.491+0000] {processor.py:208} INFO - Processing /home/airflow/.local/lib/python3.12/site-packages/airflow/example_dags/example_subdag_operator.py took 0.034 seconds
[2025-04-21T17:15:10.872+0000] {processor.py:186} INFO - Started process (PID=1195) to work on /home/airflow/.local/lib/python3.12/site-packages/airflow/example_dags/example_subdag_operator.py
[2025-04-21T17:15:10.874+0000] {processor.py:914} INFO - Processing file /home/airflow/.local/lib/python3.12/site-packages/airflow/example_dags/example_subdag_operator.py for tasks to queue
[2025-04-21T17:15:10.875+0000] {logging_mixin.py:190} INFO - [2025-04-21T17:15:10.875+0000] {dagbag.py:588} INFO - Filling up the DagBag from /home/airflow/.local/lib/python3.12/site-packages/airflow/example_dags/example_subdag_operator.py
[2025-04-21T17:15:10.885+0000] {processor.py:925} INFO - DAG(s) 'example_subdag_operator.section-1', 'example_subdag_operator.section-2', 'example_subdag_operator' retrieved from /home/airflow/.local/lib/python3.12/site-packages/airflow/example_dags/example_subdag_operator.py
[2025-04-21T17:15:10.893+0000] {logging_mixin.py:190} INFO - [2025-04-21T17:15:10.893+0000] {dag.py:3239} INFO - Sync 3 DAGs
[2025-04-21T17:15:10.901+0000] {logging_mixin.py:190} INFO - [2025-04-21T17:15:10.901+0000] {dag.py:4180} INFO - Setting next_dagrun for example_subdag_operator to 2022-01-01 00:00:00+00:00, run_after=2022-01-01 00:00:00+00:00
[2025-04-21T17:15:10.902+0000] {logging_mixin.py:190} INFO - [2025-04-21T17:15:10.902+0000] {dag.py:4180} INFO - Setting next_dagrun for example_subdag_operator.section-1 to None, run_after=None
[2025-04-21T17:15:10.904+0000] {logging_mixin.py:190} INFO - [2025-04-21T17:15:10.904+0000] {dag.py:4180} INFO - Setting next_dagrun for example_subdag_operator.section-2 to None, run_after=None
[2025-04-21T17:15:10.907+0000] {logging_mixin.py:190} INFO - [2025-04-21T17:15:10.907+0000] {dag.py:3239} INFO - Sync 2 DAGs
[2025-04-21T17:15:10.909+0000] {logging_mixin.py:190} INFO - [2025-04-21T17:15:10.909+0000] {dag.py:4180} INFO - Setting next_dagrun for example_subdag_operator.section-1 to None, run_after=None
[2025-04-21T17:15:10.909+0000] {logging_mixin.py:190} INFO - [2025-04-21T17:15:10.909+0000] {dag.py:4180} INFO - Setting next_dagrun for example_subdag_operator.section-2 to None, run_after=None
[2025-04-21T17:15:10.915+0000] {processor.py:208} INFO - Processing /home/airflow/.local/lib/python3.12/site-packages/airflow/example_dags/example_subdag_operator.py took 0.045 seconds
[2025-04-21T17:15:41.042+0000] {processor.py:186} INFO - Started process (PID=1259) to work on /home/airflow/.local/lib/python3.12/site-packages/airflow/example_dags/example_subdag_operator.py
[2025-04-21T17:15:41.045+0000] {processor.py:914} INFO - Processing file /home/airflow/.local/lib/python3.12/site-packages/airflow/example_dags/example_subdag_operator.py for tasks to queue
[2025-04-21T17:15:41.047+0000] {logging_mixin.py:190} INFO - [2025-04-21T17:15:41.047+0000] {dagbag.py:588} INFO - Filling up the DagBag from /home/airflow/.local/lib/python3.12/site-packages/airflow/example_dags/example_subdag_operator.py
[2025-04-21T17:15:41.060+0000] {processor.py:925} INFO - DAG(s) 'example_subdag_operator.section-1', 'example_subdag_operator.section-2', 'example_subdag_operator' retrieved from /home/airflow/.local/lib/python3.12/site-packages/airflow/example_dags/example_subdag_operator.py
[2025-04-21T17:15:41.069+0000] {logging_mixin.py:190} INFO - [2025-04-21T17:15:41.068+0000] {dag.py:3239} INFO - Sync 3 DAGs
[2025-04-21T17:15:41.078+0000] {logging_mixin.py:190} INFO - [2025-04-21T17:15:41.078+0000] {dag.py:4180} INFO - Setting next_dagrun for example_subdag_operator to 2022-01-01 00:00:00+00:00, run_after=2022-01-01 00:00:00+00:00
[2025-04-21T17:15:41.082+0000] {logging_mixin.py:190} INFO - [2025-04-21T17:15:41.082+0000] {dag.py:4180} INFO - Setting next_dagrun for example_subdag_operator.section-1 to None, run_after=None
[2025-04-21T17:15:41.083+0000] {logging_mixin.py:190} INFO - [2025-04-21T17:15:41.083+0000] {dag.py:4180} INFO - Setting next_dagrun for example_subdag_operator.section-2 to None, run_after=None
[2025-04-21T17:15:41.087+0000] {logging_mixin.py:190} INFO - [2025-04-21T17:15:41.087+0000] {dag.py:3239} INFO - Sync 2 DAGs
[2025-04-21T17:15:41.089+0000] {logging_mixin.py:190} INFO - [2025-04-21T17:15:41.089+0000] {dag.py:4180} INFO - Setting next_dagrun for example_subdag_operator.section-1 to None, run_after=None
[2025-04-21T17:15:41.089+0000] {logging_mixin.py:190} INFO - [2025-04-21T17:15:41.089+0000] {dag.py:4180} INFO - Setting next_dagrun for example_subdag_operator.section-2 to None, run_after=None
[2025-04-21T17:15:41.093+0000] {processor.py:208} INFO - Processing /home/airflow/.local/lib/python3.12/site-packages/airflow/example_dags/example_subdag_operator.py took 0.054 seconds
[2025-04-21T17:16:11.632+0000] {processor.py:186} INFO - Started process (PID=1324) to work on /home/airflow/.local/lib/python3.12/site-packages/airflow/example_dags/example_subdag_operator.py
[2025-04-21T17:16:11.634+0000] {processor.py:914} INFO - Processing file /home/airflow/.local/lib/python3.12/site-packages/airflow/example_dags/example_subdag_operator.py for tasks to queue
[2025-04-21T17:16:11.636+0000] {logging_mixin.py:190} INFO - [2025-04-21T17:16:11.636+0000] {dagbag.py:588} INFO - Filling up the DagBag from /home/airflow/.local/lib/python3.12/site-packages/airflow/example_dags/example_subdag_operator.py
[2025-04-21T17:16:11.648+0000] {processor.py:925} INFO - DAG(s) 'example_subdag_operator.section-1', 'example_subdag_operator.section-2', 'example_subdag_operator' retrieved from /home/airflow/.local/lib/python3.12/site-packages/airflow/example_dags/example_subdag_operator.py
[2025-04-21T17:16:11.654+0000] {logging_mixin.py:190} INFO - [2025-04-21T17:16:11.654+0000] {dag.py:3239} INFO - Sync 3 DAGs
[2025-04-21T17:16:11.665+0000] {logging_mixin.py:190} INFO - [2025-04-21T17:16:11.664+0000] {dag.py:4180} INFO - Setting next_dagrun for example_subdag_operator to 2022-01-01 00:00:00+00:00, run_after=2022-01-01 00:00:00+00:00
[2025-04-21T17:16:11.670+0000] {logging_mixin.py:190} INFO - [2025-04-21T17:16:11.670+0000] {dag.py:4180} INFO - Setting next_dagrun for example_subdag_operator.section-1 to None, run_after=None
[2025-04-21T17:16:11.673+0000] {logging_mixin.py:190} INFO - [2025-04-21T17:16:11.673+0000] {dag.py:4180} INFO - Setting next_dagrun for example_subdag_operator.section-2 to None, run_after=None
[2025-04-21T17:16:11.675+0000] {logging_mixin.py:190} INFO - [2025-04-21T17:16:11.675+0000] {dag.py:3239} INFO - Sync 2 DAGs
[2025-04-21T17:16:11.678+0000] {logging_mixin.py:190} INFO - [2025-04-21T17:16:11.678+0000] {dag.py:4180} INFO - Setting next_dagrun for example_subdag_operator.section-1 to None, run_after=None
[2025-04-21T17:16:11.679+0000] {logging_mixin.py:190} INFO - [2025-04-21T17:16:11.679+0000] {dag.py:4180} INFO - Setting next_dagrun for example_subdag_operator.section-2 to None, run_after=None
[2025-04-21T17:16:11.687+0000] {processor.py:208} INFO - Processing /home/airflow/.local/lib/python3.12/site-packages/airflow/example_dags/example_subdag_operator.py took 0.057 seconds
[2025-04-21T17:16:41.931+0000] {processor.py:186} INFO - Started process (PID=1389) to work on /home/airflow/.local/lib/python3.12/site-packages/airflow/example_dags/example_subdag_operator.py
[2025-04-21T17:16:41.934+0000] {processor.py:914} INFO - Processing file /home/airflow/.local/lib/python3.12/site-packages/airflow/example_dags/example_subdag_operator.py for tasks to queue
[2025-04-21T17:16:41.936+0000] {logging_mixin.py:190} INFO - [2025-04-21T17:16:41.936+0000] {dagbag.py:588} INFO - Filling up the DagBag from /home/airflow/.local/lib/python3.12/site-packages/airflow/example_dags/example_subdag_operator.py
[2025-04-21T17:16:41.946+0000] {processor.py:925} INFO - DAG(s) 'example_subdag_operator.section-1', 'example_subdag_operator.section-2', 'example_subdag_operator' retrieved from /home/airflow/.local/lib/python3.12/site-packages/airflow/example_dags/example_subdag_operator.py
[2025-04-21T17:16:41.953+0000] {logging_mixin.py:190} INFO - [2025-04-21T17:16:41.953+0000] {dag.py:3239} INFO - Sync 3 DAGs
[2025-04-21T17:16:41.963+0000] {logging_mixin.py:190} INFO - [2025-04-21T17:16:41.962+0000] {dag.py:4180} INFO - Setting next_dagrun for example_subdag_operator to 2022-01-01 00:00:00+00:00, run_after=2022-01-01 00:00:00+00:00
[2025-04-21T17:16:41.964+0000] {logging_mixin.py:190} INFO - [2025-04-21T17:16:41.964+0000] {dag.py:4180} INFO - Setting next_dagrun for example_subdag_operator.section-1 to None, run_after=None
[2025-04-21T17:16:41.964+0000] {logging_mixin.py:190} INFO - [2025-04-21T17:16:41.964+0000] {dag.py:4180} INFO - Setting next_dagrun for example_subdag_operator.section-2 to None, run_after=None
[2025-04-21T17:16:41.967+0000] {logging_mixin.py:190} INFO - [2025-04-21T17:16:41.967+0000] {dag.py:3239} INFO - Sync 2 DAGs
[2025-04-21T17:16:41.969+0000] {logging_mixin.py:190} INFO - [2025-04-21T17:16:41.969+0000] {dag.py:4180} INFO - Setting next_dagrun for example_subdag_operator.section-1 to None, run_after=None
[2025-04-21T17:16:41.970+0000] {logging_mixin.py:190} INFO - [2025-04-21T17:16:41.970+0000] {dag.py:4180} INFO - Setting next_dagrun for example_subdag_operator.section-2 to None, run_after=None
[2025-04-21T17:16:41.974+0000] {processor.py:208} INFO - Processing /home/airflow/.local/lib/python3.12/site-packages/airflow/example_dags/example_subdag_operator.py took 0.046 seconds
[2025-04-21T17:17:12.138+0000] {processor.py:186} INFO - Started process (PID=1453) to work on /home/airflow/.local/lib/python3.12/site-packages/airflow/example_dags/example_subdag_operator.py
[2025-04-21T17:17:12.140+0000] {processor.py:914} INFO - Processing file /home/airflow/.local/lib/python3.12/site-packages/airflow/example_dags/example_subdag_operator.py for tasks to queue
[2025-04-21T17:17:12.142+0000] {logging_mixin.py:190} INFO - [2025-04-21T17:17:12.142+0000] {dagbag.py:588} INFO - Filling up the DagBag from /home/airflow/.local/lib/python3.12/site-packages/airflow/example_dags/example_subdag_operator.py
[2025-04-21T17:17:12.154+0000] {processor.py:925} INFO - DAG(s) 'example_subdag_operator.section-1', 'example_subdag_operator.section-2', 'example_subdag_operator' retrieved from /home/airflow/.local/lib/python3.12/site-packages/airflow/example_dags/example_subdag_operator.py
[2025-04-21T17:17:12.162+0000] {logging_mixin.py:190} INFO - [2025-04-21T17:17:12.162+0000] {dag.py:3239} INFO - Sync 3 DAGs
[2025-04-21T17:17:12.172+0000] {logging_mixin.py:190} INFO - [2025-04-21T17:17:12.172+0000] {dag.py:4180} INFO - Setting next_dagrun for example_subdag_operator to 2022-01-01 00:00:00+00:00, run_after=2022-01-01 00:00:00+00:00
[2025-04-21T17:17:12.174+0000] {logging_mixin.py:190} INFO - [2025-04-21T17:17:12.174+0000] {dag.py:4180} INFO - Setting next_dagrun for example_subdag_operator.section-1 to None, run_after=None
[2025-04-21T17:17:12.174+0000] {logging_mixin.py:190} INFO - [2025-04-21T17:17:12.174+0000] {dag.py:4180} INFO - Setting next_dagrun for example_subdag_operator.section-2 to None, run_after=None
[2025-04-21T17:17:12.178+0000] {logging_mixin.py:190} INFO - [2025-04-21T17:17:12.178+0000] {dag.py:3239} INFO - Sync 2 DAGs
[2025-04-21T17:17:12.180+0000] {logging_mixin.py:190} INFO - [2025-04-21T17:17:12.180+0000] {dag.py:4180} INFO - Setting next_dagrun for example_subdag_operator.section-1 to None, run_after=None
[2025-04-21T17:17:12.180+0000] {logging_mixin.py:190} INFO - [2025-04-21T17:17:12.180+0000] {dag.py:4180} INFO - Setting next_dagrun for example_subdag_operator.section-2 to None, run_after=None
[2025-04-21T17:17:12.185+0000] {processor.py:208} INFO - Processing /home/airflow/.local/lib/python3.12/site-packages/airflow/example_dags/example_subdag_operator.py took 0.050 seconds
[2025-04-21T17:17:42.289+0000] {processor.py:186} INFO - Started process (PID=1517) to work on /home/airflow/.local/lib/python3.12/site-packages/airflow/example_dags/example_subdag_operator.py
[2025-04-21T17:17:42.290+0000] {processor.py:914} INFO - Processing file /home/airflow/.local/lib/python3.12/site-packages/airflow/example_dags/example_subdag_operator.py for tasks to queue
[2025-04-21T17:17:42.293+0000] {logging_mixin.py:190} INFO - [2025-04-21T17:17:42.293+0000] {dagbag.py:588} INFO - Filling up the DagBag from /home/airflow/.local/lib/python3.12/site-packages/airflow/example_dags/example_subdag_operator.py
[2025-04-21T17:17:42.307+0000] {processor.py:925} INFO - DAG(s) 'example_subdag_operator.section-1', 'example_subdag_operator.section-2', 'example_subdag_operator' retrieved from /home/airflow/.local/lib/python3.12/site-packages/airflow/example_dags/example_subdag_operator.py
[2025-04-21T17:17:42.314+0000] {logging_mixin.py:190} INFO - [2025-04-21T17:17:42.314+0000] {dag.py:3239} INFO - Sync 3 DAGs
[2025-04-21T17:17:42.326+0000] {logging_mixin.py:190} INFO - [2025-04-21T17:17:42.325+0000] {dag.py:4180} INFO - Setting next_dagrun for example_subdag_operator to 2022-01-01 00:00:00+00:00, run_after=2022-01-01 00:00:00+00:00
[2025-04-21T17:17:42.328+0000] {logging_mixin.py:190} INFO - [2025-04-21T17:17:42.328+0000] {dag.py:4180} INFO - Setting next_dagrun for example_subdag_operator.section-1 to None, run_after=None
[2025-04-21T17:17:42.329+0000] {logging_mixin.py:190} INFO - [2025-04-21T17:17:42.329+0000] {dag.py:4180} INFO - Setting next_dagrun for example_subdag_operator.section-2 to None, run_after=None
[2025-04-21T17:17:42.334+0000] {logging_mixin.py:190} INFO - [2025-04-21T17:17:42.334+0000] {dag.py:3239} INFO - Sync 2 DAGs
[2025-04-21T17:17:42.339+0000] {logging_mixin.py:190} INFO - [2025-04-21T17:17:42.339+0000] {dag.py:4180} INFO - Setting next_dagrun for example_subdag_operator.section-1 to None, run_after=None
[2025-04-21T17:17:42.339+0000] {logging_mixin.py:190} INFO - [2025-04-21T17:17:42.339+0000] {dag.py:4180} INFO - Setting next_dagrun for example_subdag_operator.section-2 to None, run_after=None
[2025-04-21T17:17:42.344+0000] {processor.py:208} INFO - Processing /home/airflow/.local/lib/python3.12/site-packages/airflow/example_dags/example_subdag_operator.py took 0.057 seconds
[2025-04-21T17:18:12.747+0000] {processor.py:186} INFO - Started process (PID=1580) to work on /home/airflow/.local/lib/python3.12/site-packages/airflow/example_dags/example_subdag_operator.py
[2025-04-21T17:18:12.747+0000] {processor.py:914} INFO - Processing file /home/airflow/.local/lib/python3.12/site-packages/airflow/example_dags/example_subdag_operator.py for tasks to queue
[2025-04-21T17:18:12.749+0000] {logging_mixin.py:190} INFO - [2025-04-21T17:18:12.748+0000] {dagbag.py:588} INFO - Filling up the DagBag from /home/airflow/.local/lib/python3.12/site-packages/airflow/example_dags/example_subdag_operator.py
[2025-04-21T17:18:12.760+0000] {processor.py:925} INFO - DAG(s) 'example_subdag_operator.section-1', 'example_subdag_operator.section-2', 'example_subdag_operator' retrieved from /home/airflow/.local/lib/python3.12/site-packages/airflow/example_dags/example_subdag_operator.py
[2025-04-21T17:18:12.767+0000] {logging_mixin.py:190} INFO - [2025-04-21T17:18:12.767+0000] {dag.py:3239} INFO - Sync 3 DAGs
[2025-04-21T17:18:12.775+0000] {logging_mixin.py:190} INFO - [2025-04-21T17:18:12.775+0000] {dag.py:4180} INFO - Setting next_dagrun for example_subdag_operator to 2022-01-01 00:00:00+00:00, run_after=2022-01-01 00:00:00+00:00
[2025-04-21T17:18:12.777+0000] {logging_mixin.py:190} INFO - [2025-04-21T17:18:12.776+0000] {dag.py:4180} INFO - Setting next_dagrun for example_subdag_operator.section-1 to None, run_after=None
[2025-04-21T17:18:12.778+0000] {logging_mixin.py:190} INFO - [2025-04-21T17:18:12.778+0000] {dag.py:4180} INFO - Setting next_dagrun for example_subdag_operator.section-2 to None, run_after=None
[2025-04-21T17:18:12.783+0000] {logging_mixin.py:190} INFO - [2025-04-21T17:18:12.783+0000] {dag.py:3239} INFO - Sync 2 DAGs
[2025-04-21T17:18:12.784+0000] {logging_mixin.py:190} INFO - [2025-04-21T17:18:12.784+0000] {dag.py:4180} INFO - Setting next_dagrun for example_subdag_operator.section-1 to None, run_after=None
[2025-04-21T17:18:12.785+0000] {logging_mixin.py:190} INFO - [2025-04-21T17:18:12.784+0000] {dag.py:4180} INFO - Setting next_dagrun for example_subdag_operator.section-2 to None, run_after=None
[2025-04-21T17:18:12.789+0000] {processor.py:208} INFO - Processing /home/airflow/.local/lib/python3.12/site-packages/airflow/example_dags/example_subdag_operator.py took 0.045 seconds
[2025-04-21T17:18:42.948+0000] {processor.py:186} INFO - Started process (PID=1644) to work on /home/airflow/.local/lib/python3.12/site-packages/airflow/example_dags/example_subdag_operator.py
[2025-04-21T17:18:42.952+0000] {processor.py:914} INFO - Processing file /home/airflow/.local/lib/python3.12/site-packages/airflow/example_dags/example_subdag_operator.py for tasks to queue
[2025-04-21T17:18:42.953+0000] {logging_mixin.py:190} INFO - [2025-04-21T17:18:42.953+0000] {dagbag.py:588} INFO - Filling up the DagBag from /home/airflow/.local/lib/python3.12/site-packages/airflow/example_dags/example_subdag_operator.py
[2025-04-21T17:18:42.965+0000] {processor.py:925} INFO - DAG(s) 'example_subdag_operator.section-1', 'example_subdag_operator.section-2', 'example_subdag_operator' retrieved from /home/airflow/.local/lib/python3.12/site-packages/airflow/example_dags/example_subdag_operator.py
[2025-04-21T17:18:42.972+0000] {logging_mixin.py:190} INFO - [2025-04-21T17:18:42.971+0000] {dag.py:3239} INFO - Sync 3 DAGs
[2025-04-21T17:18:42.981+0000] {logging_mixin.py:190} INFO - [2025-04-21T17:18:42.981+0000] {dag.py:4180} INFO - Setting next_dagrun for example_subdag_operator to 2022-01-01 00:00:00+00:00, run_after=2022-01-01 00:00:00+00:00
[2025-04-21T17:18:42.982+0000] {logging_mixin.py:190} INFO - [2025-04-21T17:18:42.982+0000] {dag.py:4180} INFO - Setting next_dagrun for example_subdag_operator.section-1 to None, run_after=None
[2025-04-21T17:18:42.983+0000] {logging_mixin.py:190} INFO - [2025-04-21T17:18:42.983+0000] {dag.py:4180} INFO - Setting next_dagrun for example_subdag_operator.section-2 to None, run_after=None
[2025-04-21T17:18:42.986+0000] {logging_mixin.py:190} INFO - [2025-04-21T17:18:42.986+0000] {dag.py:3239} INFO - Sync 2 DAGs
[2025-04-21T17:18:42.989+0000] {logging_mixin.py:190} INFO - [2025-04-21T17:18:42.989+0000] {dag.py:4180} INFO - Setting next_dagrun for example_subdag_operator.section-1 to None, run_after=None
[2025-04-21T17:18:42.990+0000] {logging_mixin.py:190} INFO - [2025-04-21T17:18:42.990+0000] {dag.py:4180} INFO - Setting next_dagrun for example_subdag_operator.section-2 to None, run_after=None
[2025-04-21T17:18:42.994+0000] {processor.py:208} INFO - Processing /home/airflow/.local/lib/python3.12/site-packages/airflow/example_dags/example_subdag_operator.py took 0.049 seconds
