[2025-04-21T17:02:00.450+0000] {processor.py:186} INFO - Started process (PID=70) to work on /home/airflow/.local/lib/python3.12/site-packages/airflow/example_dags/example_sensors.py
[2025-04-21T17:02:00.450+0000] {processor.py:914} INFO - Processing file /home/airflow/.local/lib/python3.12/site-packages/airflow/example_dags/example_sensors.py for tasks to queue
[2025-04-21T17:02:00.451+0000] {logging_mixin.py:190} INFO - [2025-04-21T17:02:00.451+0000] {dagbag.py:588} INFO - Filling up the DagBag from /home/airflow/.local/lib/python3.12/site-packages/airflow/example_dags/example_sensors.py
[2025-04-21T17:02:00.456+0000] {processor.py:925} INFO - DAG(s) 'example_sensors' retrieved from /home/airflow/.local/lib/python3.12/site-packages/airflow/example_dags/example_sensors.py
[2025-04-21T17:02:00.504+0000] {logging_mixin.py:190} INFO - [2025-04-21T17:02:00.504+0000] {override.py:1912} INFO - Created Permission View: can read on DAG:example_sensors
[2025-04-21T17:02:00.512+0000] {logging_mixin.py:190} INFO - [2025-04-21T17:02:00.511+0000] {override.py:1912} INFO - Created Permission View: can edit on DAG:example_sensors
[2025-04-21T17:02:00.514+0000] {logging_mixin.py:190} INFO - [2025-04-21T17:02:00.514+0000] {override.py:1912} INFO - Created Permission View: can delete on DAG:example_sensors
[2025-04-21T17:02:00.517+0000] {logging_mixin.py:190} INFO - [2025-04-21T17:02:00.517+0000] {override.py:1912} INFO - Created Permission View: can read on DAG Run:example_sensors
[2025-04-21T17:02:00.519+0000] {logging_mixin.py:190} INFO - [2025-04-21T17:02:00.519+0000] {override.py:1912} INFO - Created Permission View: can delete on DAG Run:example_sensors
[2025-04-21T17:02:00.521+0000] {logging_mixin.py:190} INFO - [2025-04-21T17:02:00.521+0000] {override.py:1912} INFO - Created Permission View: menu access on DAG Run:example_sensors
[2025-04-21T17:02:00.528+0000] {logging_mixin.py:190} INFO - [2025-04-21T17:02:00.527+0000] {override.py:1912} INFO - Created Permission View: can create on DAG Run:example_sensors
[2025-04-21T17:02:00.528+0000] {logging_mixin.py:190} INFO - [2025-04-21T17:02:00.528+0000] {dag.py:3239} INFO - Sync 1 DAGs
[2025-04-21T17:02:00.534+0000] {logging_mixin.py:190} INFO - [2025-04-21T17:02:00.534+0000] {dag.py:3262} INFO - Creating ORM DAG for example_sensors
[2025-04-21T17:02:00.534+0000] {logging_mixin.py:190} INFO - [2025-04-21T17:02:00.534+0000] {dag.py:4180} INFO - Setting next_dagrun for example_sensors to None, run_after=None
[2025-04-21T17:02:00.547+0000] {processor.py:208} INFO - Processing /home/airflow/.local/lib/python3.12/site-packages/airflow/example_dags/example_sensors.py took 0.099 seconds
[2025-04-21T17:02:30.840+0000] {processor.py:186} INFO - Started process (PID=133) to work on /home/airflow/.local/lib/python3.12/site-packages/airflow/example_dags/example_sensors.py
[2025-04-21T17:02:30.843+0000] {processor.py:914} INFO - Processing file /home/airflow/.local/lib/python3.12/site-packages/airflow/example_dags/example_sensors.py for tasks to queue
[2025-04-21T17:02:30.847+0000] {logging_mixin.py:190} INFO - [2025-04-21T17:02:30.846+0000] {dagbag.py:588} INFO - Filling up the DagBag from /home/airflow/.local/lib/python3.12/site-packages/airflow/example_dags/example_sensors.py
[2025-04-21T17:02:30.851+0000] {processor.py:925} INFO - DAG(s) 'example_sensors' retrieved from /home/airflow/.local/lib/python3.12/site-packages/airflow/example_dags/example_sensors.py
[2025-04-21T17:02:30.865+0000] {logging_mixin.py:190} INFO - [2025-04-21T17:02:30.865+0000] {dag.py:3239} INFO - Sync 1 DAGs
[2025-04-21T17:02:30.870+0000] {logging_mixin.py:190} INFO - [2025-04-21T17:02:30.870+0000] {dag.py:4180} INFO - Setting next_dagrun for example_sensors to None, run_after=None
[2025-04-21T17:02:30.876+0000] {processor.py:208} INFO - Processing /home/airflow/.local/lib/python3.12/site-packages/airflow/example_dags/example_sensors.py took 0.038 seconds
[2025-04-21T17:03:01.429+0000] {processor.py:186} INFO - Started process (PID=196) to work on /home/airflow/.local/lib/python3.12/site-packages/airflow/example_dags/example_sensors.py
[2025-04-21T17:03:01.429+0000] {processor.py:914} INFO - Processing file /home/airflow/.local/lib/python3.12/site-packages/airflow/example_dags/example_sensors.py for tasks to queue
[2025-04-21T17:03:01.430+0000] {logging_mixin.py:190} INFO - [2025-04-21T17:03:01.430+0000] {dagbag.py:588} INFO - Filling up the DagBag from /home/airflow/.local/lib/python3.12/site-packages/airflow/example_dags/example_sensors.py
[2025-04-21T17:03:01.434+0000] {processor.py:925} INFO - DAG(s) 'example_sensors' retrieved from /home/airflow/.local/lib/python3.12/site-packages/airflow/example_dags/example_sensors.py
[2025-04-21T17:03:01.444+0000] {logging_mixin.py:190} INFO - [2025-04-21T17:03:01.443+0000] {dag.py:3239} INFO - Sync 1 DAGs
[2025-04-21T17:03:01.451+0000] {logging_mixin.py:190} INFO - [2025-04-21T17:03:01.451+0000] {dag.py:4180} INFO - Setting next_dagrun for example_sensors to None, run_after=None
[2025-04-21T17:03:01.460+0000] {processor.py:208} INFO - Processing /home/airflow/.local/lib/python3.12/site-packages/airflow/example_dags/example_sensors.py took 0.033 seconds
[2025-04-21T17:03:32.543+0000] {processor.py:186} INFO - Started process (PID=258) to work on /home/airflow/.local/lib/python3.12/site-packages/airflow/example_dags/example_sensors.py
[2025-04-21T17:03:32.546+0000] {processor.py:914} INFO - Processing file /home/airflow/.local/lib/python3.12/site-packages/airflow/example_dags/example_sensors.py for tasks to queue
[2025-04-21T17:03:32.546+0000] {logging_mixin.py:190} INFO - [2025-04-21T17:03:32.546+0000] {dagbag.py:588} INFO - Filling up the DagBag from /home/airflow/.local/lib/python3.12/site-packages/airflow/example_dags/example_sensors.py
[2025-04-21T17:03:32.550+0000] {processor.py:925} INFO - DAG(s) 'example_sensors' retrieved from /home/airflow/.local/lib/python3.12/site-packages/airflow/example_dags/example_sensors.py
[2025-04-21T17:03:32.561+0000] {logging_mixin.py:190} INFO - [2025-04-21T17:03:32.561+0000] {dag.py:3239} INFO - Sync 1 DAGs
[2025-04-21T17:03:32.566+0000] {logging_mixin.py:190} INFO - [2025-04-21T17:03:32.566+0000] {dag.py:4180} INFO - Setting next_dagrun for example_sensors to None, run_after=None
[2025-04-21T17:03:32.572+0000] {processor.py:208} INFO - Processing /home/airflow/.local/lib/python3.12/site-packages/airflow/example_dags/example_sensors.py took 0.031 seconds
[2025-04-21T17:04:03.697+0000] {processor.py:186} INFO - Started process (PID=321) to work on /home/airflow/.local/lib/python3.12/site-packages/airflow/example_dags/example_sensors.py
[2025-04-21T17:04:03.698+0000] {processor.py:914} INFO - Processing file /home/airflow/.local/lib/python3.12/site-packages/airflow/example_dags/example_sensors.py for tasks to queue
[2025-04-21T17:04:03.698+0000] {logging_mixin.py:190} INFO - [2025-04-21T17:04:03.698+0000] {dagbag.py:588} INFO - Filling up the DagBag from /home/airflow/.local/lib/python3.12/site-packages/airflow/example_dags/example_sensors.py
[2025-04-21T17:04:03.703+0000] {processor.py:925} INFO - DAG(s) 'example_sensors' retrieved from /home/airflow/.local/lib/python3.12/site-packages/airflow/example_dags/example_sensors.py
[2025-04-21T17:04:03.714+0000] {logging_mixin.py:190} INFO - [2025-04-21T17:04:03.714+0000] {dag.py:3239} INFO - Sync 1 DAGs
[2025-04-21T17:04:03.718+0000] {logging_mixin.py:190} INFO - [2025-04-21T17:04:03.718+0000] {dag.py:4180} INFO - Setting next_dagrun for example_sensors to None, run_after=None
[2025-04-21T17:04:03.726+0000] {processor.py:208} INFO - Processing /home/airflow/.local/lib/python3.12/site-packages/airflow/example_dags/example_sensors.py took 0.031 seconds
[2025-04-21T17:04:34.977+0000] {processor.py:186} INFO - Started process (PID=384) to work on /home/airflow/.local/lib/python3.12/site-packages/airflow/example_dags/example_sensors.py
[2025-04-21T17:04:34.979+0000] {processor.py:914} INFO - Processing file /home/airflow/.local/lib/python3.12/site-packages/airflow/example_dags/example_sensors.py for tasks to queue
[2025-04-21T17:04:34.980+0000] {logging_mixin.py:190} INFO - [2025-04-21T17:04:34.980+0000] {dagbag.py:588} INFO - Filling up the DagBag from /home/airflow/.local/lib/python3.12/site-packages/airflow/example_dags/example_sensors.py
[2025-04-21T17:04:34.986+0000] {processor.py:925} INFO - DAG(s) 'example_sensors' retrieved from /home/airflow/.local/lib/python3.12/site-packages/airflow/example_dags/example_sensors.py
[2025-04-21T17:04:34.997+0000] {logging_mixin.py:190} INFO - [2025-04-21T17:04:34.997+0000] {dag.py:3239} INFO - Sync 1 DAGs
[2025-04-21T17:04:35.001+0000] {logging_mixin.py:190} INFO - [2025-04-21T17:04:35.001+0000] {dag.py:4180} INFO - Setting next_dagrun for example_sensors to None, run_after=None
[2025-04-21T17:04:35.011+0000] {processor.py:208} INFO - Processing /home/airflow/.local/lib/python3.12/site-packages/airflow/example_dags/example_sensors.py took 0.036 seconds
[2025-04-21T17:05:06.189+0000] {processor.py:186} INFO - Started process (PID=447) to work on /home/airflow/.local/lib/python3.12/site-packages/airflow/example_dags/example_sensors.py
[2025-04-21T17:05:06.191+0000] {processor.py:914} INFO - Processing file /home/airflow/.local/lib/python3.12/site-packages/airflow/example_dags/example_sensors.py for tasks to queue
[2025-04-21T17:05:06.192+0000] {logging_mixin.py:190} INFO - [2025-04-21T17:05:06.192+0000] {dagbag.py:588} INFO - Filling up the DagBag from /home/airflow/.local/lib/python3.12/site-packages/airflow/example_dags/example_sensors.py
[2025-04-21T17:05:06.197+0000] {processor.py:925} INFO - DAG(s) 'example_sensors' retrieved from /home/airflow/.local/lib/python3.12/site-packages/airflow/example_dags/example_sensors.py
[2025-04-21T17:05:06.206+0000] {logging_mixin.py:190} INFO - [2025-04-21T17:05:06.206+0000] {dag.py:3239} INFO - Sync 1 DAGs
[2025-04-21T17:05:06.211+0000] {logging_mixin.py:190} INFO - [2025-04-21T17:05:06.211+0000] {dag.py:4180} INFO - Setting next_dagrun for example_sensors to None, run_after=None
[2025-04-21T17:05:06.217+0000] {processor.py:208} INFO - Processing /home/airflow/.local/lib/python3.12/site-packages/airflow/example_dags/example_sensors.py took 0.030 seconds
[2025-04-21T17:05:55.751+0000] {processor.py:186} INFO - Started process (PID=70) to work on /home/airflow/.local/lib/python3.12/site-packages/airflow/example_dags/example_sensors.py
[2025-04-21T17:05:55.751+0000] {processor.py:914} INFO - Processing file /home/airflow/.local/lib/python3.12/site-packages/airflow/example_dags/example_sensors.py for tasks to queue
[2025-04-21T17:05:55.753+0000] {logging_mixin.py:190} INFO - [2025-04-21T17:05:55.752+0000] {dagbag.py:588} INFO - Filling up the DagBag from /home/airflow/.local/lib/python3.12/site-packages/airflow/example_dags/example_sensors.py
[2025-04-21T17:05:55.758+0000] {processor.py:925} INFO - DAG(s) 'example_sensors' retrieved from /home/airflow/.local/lib/python3.12/site-packages/airflow/example_dags/example_sensors.py
[2025-04-21T17:05:55.771+0000] {logging_mixin.py:190} INFO - [2025-04-21T17:05:55.771+0000] {dag.py:3239} INFO - Sync 1 DAGs
[2025-04-21T17:05:55.776+0000] {logging_mixin.py:190} INFO - [2025-04-21T17:05:55.776+0000] {dag.py:4180} INFO - Setting next_dagrun for example_sensors to None, run_after=None
[2025-04-21T17:05:55.784+0000] {processor.py:208} INFO - Processing /home/airflow/.local/lib/python3.12/site-packages/airflow/example_dags/example_sensors.py took 0.035 seconds
[2025-04-21T17:06:26.107+0000] {processor.py:186} INFO - Started process (PID=133) to work on /home/airflow/.local/lib/python3.12/site-packages/airflow/example_dags/example_sensors.py
[2025-04-21T17:06:26.108+0000] {processor.py:914} INFO - Processing file /home/airflow/.local/lib/python3.12/site-packages/airflow/example_dags/example_sensors.py for tasks to queue
[2025-04-21T17:06:26.109+0000] {logging_mixin.py:190} INFO - [2025-04-21T17:06:26.109+0000] {dagbag.py:588} INFO - Filling up the DagBag from /home/airflow/.local/lib/python3.12/site-packages/airflow/example_dags/example_sensors.py
[2025-04-21T17:06:26.113+0000] {processor.py:925} INFO - DAG(s) 'example_sensors' retrieved from /home/airflow/.local/lib/python3.12/site-packages/airflow/example_dags/example_sensors.py
[2025-04-21T17:06:26.122+0000] {logging_mixin.py:190} INFO - [2025-04-21T17:06:26.122+0000] {dag.py:3239} INFO - Sync 1 DAGs
[2025-04-21T17:06:26.127+0000] {logging_mixin.py:190} INFO - [2025-04-21T17:06:26.127+0000] {dag.py:4180} INFO - Setting next_dagrun for example_sensors to None, run_after=None
[2025-04-21T17:06:26.133+0000] {processor.py:208} INFO - Processing /home/airflow/.local/lib/python3.12/site-packages/airflow/example_dags/example_sensors.py took 0.028 seconds
[2025-04-21T17:06:57.206+0000] {processor.py:186} INFO - Started process (PID=196) to work on /home/airflow/.local/lib/python3.12/site-packages/airflow/example_dags/example_sensors.py
[2025-04-21T17:06:57.207+0000] {processor.py:914} INFO - Processing file /home/airflow/.local/lib/python3.12/site-packages/airflow/example_dags/example_sensors.py for tasks to queue
[2025-04-21T17:06:57.211+0000] {logging_mixin.py:190} INFO - [2025-04-21T17:06:57.211+0000] {dagbag.py:588} INFO - Filling up the DagBag from /home/airflow/.local/lib/python3.12/site-packages/airflow/example_dags/example_sensors.py
[2025-04-21T17:06:57.215+0000] {processor.py:925} INFO - DAG(s) 'example_sensors' retrieved from /home/airflow/.local/lib/python3.12/site-packages/airflow/example_dags/example_sensors.py
[2025-04-21T17:06:57.225+0000] {logging_mixin.py:190} INFO - [2025-04-21T17:06:57.225+0000] {dag.py:3239} INFO - Sync 1 DAGs
[2025-04-21T17:06:57.230+0000] {logging_mixin.py:190} INFO - [2025-04-21T17:06:57.230+0000] {dag.py:4180} INFO - Setting next_dagrun for example_sensors to None, run_after=None
[2025-04-21T17:06:57.237+0000] {processor.py:208} INFO - Processing /home/airflow/.local/lib/python3.12/site-packages/airflow/example_dags/example_sensors.py took 0.033 seconds
[2025-04-21T17:07:28.324+0000] {processor.py:186} INFO - Started process (PID=259) to work on /home/airflow/.local/lib/python3.12/site-packages/airflow/example_dags/example_sensors.py
[2025-04-21T17:07:28.324+0000] {processor.py:914} INFO - Processing file /home/airflow/.local/lib/python3.12/site-packages/airflow/example_dags/example_sensors.py for tasks to queue
[2025-04-21T17:07:28.328+0000] {logging_mixin.py:190} INFO - [2025-04-21T17:07:28.328+0000] {dagbag.py:588} INFO - Filling up the DagBag from /home/airflow/.local/lib/python3.12/site-packages/airflow/example_dags/example_sensors.py
[2025-04-21T17:07:28.332+0000] {processor.py:925} INFO - DAG(s) 'example_sensors' retrieved from /home/airflow/.local/lib/python3.12/site-packages/airflow/example_dags/example_sensors.py
[2025-04-21T17:07:28.342+0000] {logging_mixin.py:190} INFO - [2025-04-21T17:07:28.342+0000] {dag.py:3239} INFO - Sync 1 DAGs
[2025-04-21T17:07:28.348+0000] {logging_mixin.py:190} INFO - [2025-04-21T17:07:28.348+0000] {dag.py:4180} INFO - Setting next_dagrun for example_sensors to None, run_after=None
[2025-04-21T17:07:28.354+0000] {processor.py:208} INFO - Processing /home/airflow/.local/lib/python3.12/site-packages/airflow/example_dags/example_sensors.py took 0.033 seconds
[2025-04-21T17:07:59.366+0000] {processor.py:186} INFO - Started process (PID=322) to work on /home/airflow/.local/lib/python3.12/site-packages/airflow/example_dags/example_sensors.py
[2025-04-21T17:07:59.368+0000] {processor.py:914} INFO - Processing file /home/airflow/.local/lib/python3.12/site-packages/airflow/example_dags/example_sensors.py for tasks to queue
[2025-04-21T17:07:59.372+0000] {logging_mixin.py:190} INFO - [2025-04-21T17:07:59.372+0000] {dagbag.py:588} INFO - Filling up the DagBag from /home/airflow/.local/lib/python3.12/site-packages/airflow/example_dags/example_sensors.py
[2025-04-21T17:07:59.376+0000] {processor.py:925} INFO - DAG(s) 'example_sensors' retrieved from /home/airflow/.local/lib/python3.12/site-packages/airflow/example_dags/example_sensors.py
[2025-04-21T17:07:59.386+0000] {logging_mixin.py:190} INFO - [2025-04-21T17:07:59.386+0000] {dag.py:3239} INFO - Sync 1 DAGs
[2025-04-21T17:07:59.393+0000] {logging_mixin.py:190} INFO - [2025-04-21T17:07:59.393+0000] {dag.py:4180} INFO - Setting next_dagrun for example_sensors to None, run_after=None
[2025-04-21T17:07:59.399+0000] {processor.py:208} INFO - Processing /home/airflow/.local/lib/python3.12/site-packages/airflow/example_dags/example_sensors.py took 0.035 seconds
[2025-04-21T17:08:30.593+0000] {processor.py:186} INFO - Started process (PID=385) to work on /home/airflow/.local/lib/python3.12/site-packages/airflow/example_dags/example_sensors.py
[2025-04-21T17:08:30.594+0000] {processor.py:914} INFO - Processing file /home/airflow/.local/lib/python3.12/site-packages/airflow/example_dags/example_sensors.py for tasks to queue
[2025-04-21T17:08:30.595+0000] {logging_mixin.py:190} INFO - [2025-04-21T17:08:30.595+0000] {dagbag.py:588} INFO - Filling up the DagBag from /home/airflow/.local/lib/python3.12/site-packages/airflow/example_dags/example_sensors.py
[2025-04-21T17:08:30.600+0000] {processor.py:925} INFO - DAG(s) 'example_sensors' retrieved from /home/airflow/.local/lib/python3.12/site-packages/airflow/example_dags/example_sensors.py
[2025-04-21T17:08:30.611+0000] {logging_mixin.py:190} INFO - [2025-04-21T17:08:30.611+0000] {dag.py:3239} INFO - Sync 1 DAGs
[2025-04-21T17:08:30.618+0000] {logging_mixin.py:190} INFO - [2025-04-21T17:08:30.618+0000] {dag.py:4180} INFO - Setting next_dagrun for example_sensors to None, run_after=None
[2025-04-21T17:08:30.626+0000] {processor.py:208} INFO - Processing /home/airflow/.local/lib/python3.12/site-packages/airflow/example_dags/example_sensors.py took 0.036 seconds
[2025-04-21T17:09:01.715+0000] {processor.py:186} INFO - Started process (PID=448) to work on /home/airflow/.local/lib/python3.12/site-packages/airflow/example_dags/example_sensors.py
[2025-04-21T17:09:01.715+0000] {processor.py:914} INFO - Processing file /home/airflow/.local/lib/python3.12/site-packages/airflow/example_dags/example_sensors.py for tasks to queue
[2025-04-21T17:09:01.716+0000] {logging_mixin.py:190} INFO - [2025-04-21T17:09:01.716+0000] {dagbag.py:588} INFO - Filling up the DagBag from /home/airflow/.local/lib/python3.12/site-packages/airflow/example_dags/example_sensors.py
[2025-04-21T17:09:01.720+0000] {processor.py:925} INFO - DAG(s) 'example_sensors' retrieved from /home/airflow/.local/lib/python3.12/site-packages/airflow/example_dags/example_sensors.py
[2025-04-21T17:09:01.729+0000] {logging_mixin.py:190} INFO - [2025-04-21T17:09:01.729+0000] {dag.py:3239} INFO - Sync 1 DAGs
[2025-04-21T17:09:01.735+0000] {logging_mixin.py:190} INFO - [2025-04-21T17:09:01.735+0000] {dag.py:4180} INFO - Setting next_dagrun for example_sensors to None, run_after=None
[2025-04-21T17:09:01.741+0000] {processor.py:208} INFO - Processing /home/airflow/.local/lib/python3.12/site-packages/airflow/example_dags/example_sensors.py took 0.029 seconds
[2025-04-21T17:09:32.775+0000] {processor.py:186} INFO - Started process (PID=511) to work on /home/airflow/.local/lib/python3.12/site-packages/airflow/example_dags/example_sensors.py
[2025-04-21T17:09:32.777+0000] {processor.py:914} INFO - Processing file /home/airflow/.local/lib/python3.12/site-packages/airflow/example_dags/example_sensors.py for tasks to queue
[2025-04-21T17:09:32.782+0000] {logging_mixin.py:190} INFO - [2025-04-21T17:09:32.781+0000] {dagbag.py:588} INFO - Filling up the DagBag from /home/airflow/.local/lib/python3.12/site-packages/airflow/example_dags/example_sensors.py
[2025-04-21T17:09:32.786+0000] {processor.py:925} INFO - DAG(s) 'example_sensors' retrieved from /home/airflow/.local/lib/python3.12/site-packages/airflow/example_dags/example_sensors.py
[2025-04-21T17:09:32.796+0000] {logging_mixin.py:190} INFO - [2025-04-21T17:09:32.796+0000] {dag.py:3239} INFO - Sync 1 DAGs
[2025-04-21T17:09:32.802+0000] {logging_mixin.py:190} INFO - [2025-04-21T17:09:32.802+0000] {dag.py:4180} INFO - Setting next_dagrun for example_sensors to None, run_after=None
[2025-04-21T17:09:32.808+0000] {processor.py:208} INFO - Processing /home/airflow/.local/lib/python3.12/site-packages/airflow/example_dags/example_sensors.py took 0.036 seconds
[2025-04-21T17:10:03.878+0000] {processor.py:186} INFO - Started process (PID=574) to work on /home/airflow/.local/lib/python3.12/site-packages/airflow/example_dags/example_sensors.py
[2025-04-21T17:10:03.879+0000] {processor.py:914} INFO - Processing file /home/airflow/.local/lib/python3.12/site-packages/airflow/example_dags/example_sensors.py for tasks to queue
[2025-04-21T17:10:03.879+0000] {logging_mixin.py:190} INFO - [2025-04-21T17:10:03.879+0000] {dagbag.py:588} INFO - Filling up the DagBag from /home/airflow/.local/lib/python3.12/site-packages/airflow/example_dags/example_sensors.py
[2025-04-21T17:10:03.884+0000] {processor.py:925} INFO - DAG(s) 'example_sensors' retrieved from /home/airflow/.local/lib/python3.12/site-packages/airflow/example_dags/example_sensors.py
[2025-04-21T17:10:03.893+0000] {logging_mixin.py:190} INFO - [2025-04-21T17:10:03.893+0000] {dag.py:3239} INFO - Sync 1 DAGs
[2025-04-21T17:10:03.899+0000] {logging_mixin.py:190} INFO - [2025-04-21T17:10:03.899+0000] {dag.py:4180} INFO - Setting next_dagrun for example_sensors to None, run_after=None
[2025-04-21T17:10:03.905+0000] {processor.py:208} INFO - Processing /home/airflow/.local/lib/python3.12/site-packages/airflow/example_dags/example_sensors.py took 0.029 seconds
[2025-04-21T17:10:35.089+0000] {processor.py:186} INFO - Started process (PID=637) to work on /home/airflow/.local/lib/python3.12/site-packages/airflow/example_dags/example_sensors.py
[2025-04-21T17:10:35.089+0000] {processor.py:914} INFO - Processing file /home/airflow/.local/lib/python3.12/site-packages/airflow/example_dags/example_sensors.py for tasks to queue
[2025-04-21T17:10:35.090+0000] {logging_mixin.py:190} INFO - [2025-04-21T17:10:35.090+0000] {dagbag.py:588} INFO - Filling up the DagBag from /home/airflow/.local/lib/python3.12/site-packages/airflow/example_dags/example_sensors.py
[2025-04-21T17:10:35.095+0000] {processor.py:925} INFO - DAG(s) 'example_sensors' retrieved from /home/airflow/.local/lib/python3.12/site-packages/airflow/example_dags/example_sensors.py
[2025-04-21T17:10:35.104+0000] {logging_mixin.py:190} INFO - [2025-04-21T17:10:35.104+0000] {dag.py:3239} INFO - Sync 1 DAGs
[2025-04-21T17:10:35.109+0000] {logging_mixin.py:190} INFO - [2025-04-21T17:10:35.109+0000] {dag.py:4180} INFO - Setting next_dagrun for example_sensors to None, run_after=None
[2025-04-21T17:10:35.115+0000] {processor.py:208} INFO - Processing /home/airflow/.local/lib/python3.12/site-packages/airflow/example_dags/example_sensors.py took 0.029 seconds
[2025-04-21T17:11:06.210+0000] {processor.py:186} INFO - Started process (PID=701) to work on /home/airflow/.local/lib/python3.12/site-packages/airflow/example_dags/example_sensors.py
[2025-04-21T17:11:06.211+0000] {processor.py:914} INFO - Processing file /home/airflow/.local/lib/python3.12/site-packages/airflow/example_dags/example_sensors.py for tasks to queue
[2025-04-21T17:11:06.213+0000] {logging_mixin.py:190} INFO - [2025-04-21T17:11:06.213+0000] {dagbag.py:588} INFO - Filling up the DagBag from /home/airflow/.local/lib/python3.12/site-packages/airflow/example_dags/example_sensors.py
[2025-04-21T17:11:06.219+0000] {processor.py:925} INFO - DAG(s) 'example_sensors' retrieved from /home/airflow/.local/lib/python3.12/site-packages/airflow/example_dags/example_sensors.py
[2025-04-21T17:11:06.231+0000] {logging_mixin.py:190} INFO - [2025-04-21T17:11:06.231+0000] {dag.py:3239} INFO - Sync 1 DAGs
[2025-04-21T17:11:06.236+0000] {logging_mixin.py:190} INFO - [2025-04-21T17:11:06.236+0000] {dag.py:4180} INFO - Setting next_dagrun for example_sensors to None, run_after=None
[2025-04-21T17:11:06.242+0000] {processor.py:208} INFO - Processing /home/airflow/.local/lib/python3.12/site-packages/airflow/example_dags/example_sensors.py took 0.035 seconds
[2025-04-21T17:11:37.539+0000] {processor.py:186} INFO - Started process (PID=765) to work on /home/airflow/.local/lib/python3.12/site-packages/airflow/example_dags/example_sensors.py
[2025-04-21T17:11:37.539+0000] {processor.py:914} INFO - Processing file /home/airflow/.local/lib/python3.12/site-packages/airflow/example_dags/example_sensors.py for tasks to queue
[2025-04-21T17:11:37.540+0000] {logging_mixin.py:190} INFO - [2025-04-21T17:11:37.540+0000] {dagbag.py:588} INFO - Filling up the DagBag from /home/airflow/.local/lib/python3.12/site-packages/airflow/example_dags/example_sensors.py
[2025-04-21T17:11:37.544+0000] {processor.py:925} INFO - DAG(s) 'example_sensors' retrieved from /home/airflow/.local/lib/python3.12/site-packages/airflow/example_dags/example_sensors.py
[2025-04-21T17:11:37.554+0000] {logging_mixin.py:190} INFO - [2025-04-21T17:11:37.554+0000] {dag.py:3239} INFO - Sync 1 DAGs
[2025-04-21T17:11:37.560+0000] {logging_mixin.py:190} INFO - [2025-04-21T17:11:37.560+0000] {dag.py:4180} INFO - Setting next_dagrun for example_sensors to None, run_after=None
[2025-04-21T17:11:37.569+0000] {processor.py:208} INFO - Processing /home/airflow/.local/lib/python3.12/site-packages/airflow/example_dags/example_sensors.py took 0.033 seconds
[2025-04-21T17:12:08.996+0000] {processor.py:186} INFO - Started process (PID=829) to work on /home/airflow/.local/lib/python3.12/site-packages/airflow/example_dags/example_sensors.py
[2025-04-21T17:12:08.997+0000] {processor.py:914} INFO - Processing file /home/airflow/.local/lib/python3.12/site-packages/airflow/example_dags/example_sensors.py for tasks to queue
[2025-04-21T17:12:08.998+0000] {logging_mixin.py:190} INFO - [2025-04-21T17:12:08.998+0000] {dagbag.py:588} INFO - Filling up the DagBag from /home/airflow/.local/lib/python3.12/site-packages/airflow/example_dags/example_sensors.py
[2025-04-21T17:12:09.003+0000] {processor.py:925} INFO - DAG(s) 'example_sensors' retrieved from /home/airflow/.local/lib/python3.12/site-packages/airflow/example_dags/example_sensors.py
[2025-04-21T17:12:09.016+0000] {logging_mixin.py:190} INFO - [2025-04-21T17:12:09.016+0000] {dag.py:3239} INFO - Sync 1 DAGs
[2025-04-21T17:12:09.021+0000] {logging_mixin.py:190} INFO - [2025-04-21T17:12:09.021+0000] {dag.py:4180} INFO - Setting next_dagrun for example_sensors to None, run_after=None
[2025-04-21T17:12:09.029+0000] {processor.py:208} INFO - Processing /home/airflow/.local/lib/python3.12/site-packages/airflow/example_dags/example_sensors.py took 0.036 seconds
[2025-04-21T17:12:39.798+0000] {processor.py:186} INFO - Started process (PID=893) to work on /home/airflow/.local/lib/python3.12/site-packages/airflow/example_dags/example_sensors.py
[2025-04-21T17:12:39.798+0000] {processor.py:914} INFO - Processing file /home/airflow/.local/lib/python3.12/site-packages/airflow/example_dags/example_sensors.py for tasks to queue
[2025-04-21T17:12:39.799+0000] {logging_mixin.py:190} INFO - [2025-04-21T17:12:39.799+0000] {dagbag.py:588} INFO - Filling up the DagBag from /home/airflow/.local/lib/python3.12/site-packages/airflow/example_dags/example_sensors.py
[2025-04-21T17:12:39.804+0000] {processor.py:925} INFO - DAG(s) 'example_sensors' retrieved from /home/airflow/.local/lib/python3.12/site-packages/airflow/example_dags/example_sensors.py
[2025-04-21T17:12:39.842+0000] {logging_mixin.py:190} INFO - [2025-04-21T17:12:39.842+0000] {dag.py:3239} INFO - Sync 1 DAGs
[2025-04-21T17:12:39.849+0000] {logging_mixin.py:190} INFO - [2025-04-21T17:12:39.849+0000] {dag.py:4180} INFO - Setting next_dagrun for example_sensors to None, run_after=None
[2025-04-21T17:12:39.855+0000] {processor.py:208} INFO - Processing /home/airflow/.local/lib/python3.12/site-packages/airflow/example_dags/example_sensors.py took 0.060 seconds
[2025-04-21T17:13:10.301+0000] {processor.py:186} INFO - Started process (PID=957) to work on /home/airflow/.local/lib/python3.12/site-packages/airflow/example_dags/example_sensors.py
[2025-04-21T17:13:10.303+0000] {processor.py:914} INFO - Processing file /home/airflow/.local/lib/python3.12/site-packages/airflow/example_dags/example_sensors.py for tasks to queue
[2025-04-21T17:13:10.304+0000] {logging_mixin.py:190} INFO - [2025-04-21T17:13:10.304+0000] {dagbag.py:588} INFO - Filling up the DagBag from /home/airflow/.local/lib/python3.12/site-packages/airflow/example_dags/example_sensors.py
[2025-04-21T17:13:10.309+0000] {processor.py:925} INFO - DAG(s) 'example_sensors' retrieved from /home/airflow/.local/lib/python3.12/site-packages/airflow/example_dags/example_sensors.py
[2025-04-21T17:13:10.319+0000] {logging_mixin.py:190} INFO - [2025-04-21T17:13:10.319+0000] {dag.py:3239} INFO - Sync 1 DAGs
[2025-04-21T17:13:10.324+0000] {logging_mixin.py:190} INFO - [2025-04-21T17:13:10.324+0000] {dag.py:4180} INFO - Setting next_dagrun for example_sensors to None, run_after=None
[2025-04-21T17:13:10.331+0000] {processor.py:208} INFO - Processing /home/airflow/.local/lib/python3.12/site-packages/airflow/example_dags/example_sensors.py took 0.032 seconds
[2025-04-21T17:13:40.660+0000] {processor.py:186} INFO - Started process (PID=1021) to work on /home/airflow/.local/lib/python3.12/site-packages/airflow/example_dags/example_sensors.py
[2025-04-21T17:13:40.660+0000] {processor.py:914} INFO - Processing file /home/airflow/.local/lib/python3.12/site-packages/airflow/example_dags/example_sensors.py for tasks to queue
[2025-04-21T17:13:40.661+0000] {logging_mixin.py:190} INFO - [2025-04-21T17:13:40.661+0000] {dagbag.py:588} INFO - Filling up the DagBag from /home/airflow/.local/lib/python3.12/site-packages/airflow/example_dags/example_sensors.py
[2025-04-21T17:13:40.665+0000] {processor.py:925} INFO - DAG(s) 'example_sensors' retrieved from /home/airflow/.local/lib/python3.12/site-packages/airflow/example_dags/example_sensors.py
[2025-04-21T17:13:40.675+0000] {logging_mixin.py:190} INFO - [2025-04-21T17:13:40.675+0000] {dag.py:3239} INFO - Sync 1 DAGs
[2025-04-21T17:13:40.680+0000] {logging_mixin.py:190} INFO - [2025-04-21T17:13:40.680+0000] {dag.py:4180} INFO - Setting next_dagrun for example_sensors to None, run_after=None
[2025-04-21T17:13:40.691+0000] {processor.py:208} INFO - Processing /home/airflow/.local/lib/python3.12/site-packages/airflow/example_dags/example_sensors.py took 0.034 seconds
[2025-04-21T17:14:11.027+0000] {processor.py:186} INFO - Started process (PID=1085) to work on /home/airflow/.local/lib/python3.12/site-packages/airflow/example_dags/example_sensors.py
[2025-04-21T17:14:11.027+0000] {processor.py:914} INFO - Processing file /home/airflow/.local/lib/python3.12/site-packages/airflow/example_dags/example_sensors.py for tasks to queue
[2025-04-21T17:14:11.029+0000] {logging_mixin.py:190} INFO - [2025-04-21T17:14:11.029+0000] {dagbag.py:588} INFO - Filling up the DagBag from /home/airflow/.local/lib/python3.12/site-packages/airflow/example_dags/example_sensors.py
[2025-04-21T17:14:11.034+0000] {processor.py:925} INFO - DAG(s) 'example_sensors' retrieved from /home/airflow/.local/lib/python3.12/site-packages/airflow/example_dags/example_sensors.py
[2025-04-21T17:14:11.045+0000] {logging_mixin.py:190} INFO - [2025-04-21T17:14:11.045+0000] {dag.py:3239} INFO - Sync 1 DAGs
[2025-04-21T17:14:11.050+0000] {logging_mixin.py:190} INFO - [2025-04-21T17:14:11.050+0000] {dag.py:4180} INFO - Setting next_dagrun for example_sensors to None, run_after=None
[2025-04-21T17:14:11.062+0000] {processor.py:208} INFO - Processing /home/airflow/.local/lib/python3.12/site-packages/airflow/example_dags/example_sensors.py took 0.037 seconds
[2025-04-21T17:14:41.378+0000] {processor.py:186} INFO - Started process (PID=1149) to work on /home/airflow/.local/lib/python3.12/site-packages/airflow/example_dags/example_sensors.py
[2025-04-21T17:14:41.378+0000] {processor.py:914} INFO - Processing file /home/airflow/.local/lib/python3.12/site-packages/airflow/example_dags/example_sensors.py for tasks to queue
[2025-04-21T17:14:41.379+0000] {logging_mixin.py:190} INFO - [2025-04-21T17:14:41.379+0000] {dagbag.py:588} INFO - Filling up the DagBag from /home/airflow/.local/lib/python3.12/site-packages/airflow/example_dags/example_sensors.py
[2025-04-21T17:14:41.384+0000] {processor.py:925} INFO - DAG(s) 'example_sensors' retrieved from /home/airflow/.local/lib/python3.12/site-packages/airflow/example_dags/example_sensors.py
[2025-04-21T17:14:41.394+0000] {logging_mixin.py:190} INFO - [2025-04-21T17:14:41.394+0000] {dag.py:3239} INFO - Sync 1 DAGs
[2025-04-21T17:14:41.399+0000] {logging_mixin.py:190} INFO - [2025-04-21T17:14:41.399+0000] {dag.py:4180} INFO - Setting next_dagrun for example_sensors to None, run_after=None
[2025-04-21T17:14:41.405+0000] {processor.py:208} INFO - Processing /home/airflow/.local/lib/python3.12/site-packages/airflow/example_dags/example_sensors.py took 0.030 seconds
[2025-04-21T17:15:11.651+0000] {processor.py:186} INFO - Started process (PID=1213) to work on /home/airflow/.local/lib/python3.12/site-packages/airflow/example_dags/example_sensors.py
[2025-04-21T17:15:11.653+0000] {processor.py:914} INFO - Processing file /home/airflow/.local/lib/python3.12/site-packages/airflow/example_dags/example_sensors.py for tasks to queue
[2025-04-21T17:15:11.655+0000] {logging_mixin.py:190} INFO - [2025-04-21T17:15:11.655+0000] {dagbag.py:588} INFO - Filling up the DagBag from /home/airflow/.local/lib/python3.12/site-packages/airflow/example_dags/example_sensors.py
[2025-04-21T17:15:11.659+0000] {processor.py:925} INFO - DAG(s) 'example_sensors' retrieved from /home/airflow/.local/lib/python3.12/site-packages/airflow/example_dags/example_sensors.py
[2025-04-21T17:15:11.670+0000] {logging_mixin.py:190} INFO - [2025-04-21T17:15:11.670+0000] {dag.py:3239} INFO - Sync 1 DAGs
[2025-04-21T17:15:11.675+0000] {logging_mixin.py:190} INFO - [2025-04-21T17:15:11.675+0000] {dag.py:4180} INFO - Setting next_dagrun for example_sensors to None, run_after=None
[2025-04-21T17:15:11.686+0000] {processor.py:208} INFO - Processing /home/airflow/.local/lib/python3.12/site-packages/airflow/example_dags/example_sensors.py took 0.037 seconds
[2025-04-21T17:15:42.080+0000] {processor.py:186} INFO - Started process (PID=1277) to work on /home/airflow/.local/lib/python3.12/site-packages/airflow/example_dags/example_sensors.py
[2025-04-21T17:15:42.081+0000] {processor.py:914} INFO - Processing file /home/airflow/.local/lib/python3.12/site-packages/airflow/example_dags/example_sensors.py for tasks to queue
[2025-04-21T17:15:42.083+0000] {logging_mixin.py:190} INFO - [2025-04-21T17:15:42.083+0000] {dagbag.py:588} INFO - Filling up the DagBag from /home/airflow/.local/lib/python3.12/site-packages/airflow/example_dags/example_sensors.py
[2025-04-21T17:15:42.088+0000] {processor.py:925} INFO - DAG(s) 'example_sensors' retrieved from /home/airflow/.local/lib/python3.12/site-packages/airflow/example_dags/example_sensors.py
[2025-04-21T17:15:42.101+0000] {logging_mixin.py:190} INFO - [2025-04-21T17:15:42.101+0000] {dag.py:3239} INFO - Sync 1 DAGs
[2025-04-21T17:15:42.106+0000] {logging_mixin.py:190} INFO - [2025-04-21T17:15:42.106+0000] {dag.py:4180} INFO - Setting next_dagrun for example_sensors to None, run_after=None
[2025-04-21T17:15:42.113+0000] {processor.py:208} INFO - Processing /home/airflow/.local/lib/python3.12/site-packages/airflow/example_dags/example_sensors.py took 0.036 seconds
[2025-04-21T17:16:12.427+0000] {processor.py:186} INFO - Started process (PID=1342) to work on /home/airflow/.local/lib/python3.12/site-packages/airflow/example_dags/example_sensors.py
[2025-04-21T17:16:12.427+0000] {processor.py:914} INFO - Processing file /home/airflow/.local/lib/python3.12/site-packages/airflow/example_dags/example_sensors.py for tasks to queue
[2025-04-21T17:16:12.429+0000] {logging_mixin.py:190} INFO - [2025-04-21T17:16:12.429+0000] {dagbag.py:588} INFO - Filling up the DagBag from /home/airflow/.local/lib/python3.12/site-packages/airflow/example_dags/example_sensors.py
[2025-04-21T17:16:12.434+0000] {processor.py:925} INFO - DAG(s) 'example_sensors' retrieved from /home/airflow/.local/lib/python3.12/site-packages/airflow/example_dags/example_sensors.py
[2025-04-21T17:16:12.444+0000] {logging_mixin.py:190} INFO - [2025-04-21T17:16:12.444+0000] {dag.py:3239} INFO - Sync 1 DAGs
[2025-04-21T17:16:12.449+0000] {logging_mixin.py:190} INFO - [2025-04-21T17:16:12.449+0000] {dag.py:4180} INFO - Setting next_dagrun for example_sensors to None, run_after=None
[2025-04-21T17:16:12.455+0000] {processor.py:208} INFO - Processing /home/airflow/.local/lib/python3.12/site-packages/airflow/example_dags/example_sensors.py took 0.030 seconds
[2025-04-21T17:16:42.863+0000] {processor.py:186} INFO - Started process (PID=1407) to work on /home/airflow/.local/lib/python3.12/site-packages/airflow/example_dags/example_sensors.py
[2025-04-21T17:16:42.864+0000] {processor.py:914} INFO - Processing file /home/airflow/.local/lib/python3.12/site-packages/airflow/example_dags/example_sensors.py for tasks to queue
[2025-04-21T17:16:42.864+0000] {logging_mixin.py:190} INFO - [2025-04-21T17:16:42.864+0000] {dagbag.py:588} INFO - Filling up the DagBag from /home/airflow/.local/lib/python3.12/site-packages/airflow/example_dags/example_sensors.py
[2025-04-21T17:16:42.868+0000] {processor.py:925} INFO - DAG(s) 'example_sensors' retrieved from /home/airflow/.local/lib/python3.12/site-packages/airflow/example_dags/example_sensors.py
[2025-04-21T17:16:42.877+0000] {logging_mixin.py:190} INFO - [2025-04-21T17:16:42.877+0000] {dag.py:3239} INFO - Sync 1 DAGs
[2025-04-21T17:16:42.881+0000] {logging_mixin.py:190} INFO - [2025-04-21T17:16:42.881+0000] {dag.py:4180} INFO - Setting next_dagrun for example_sensors to None, run_after=None
[2025-04-21T17:16:42.886+0000] {processor.py:208} INFO - Processing /home/airflow/.local/lib/python3.12/site-packages/airflow/example_dags/example_sensors.py took 0.025 seconds
[2025-04-21T17:17:13.874+0000] {processor.py:186} INFO - Started process (PID=1471) to work on /home/airflow/.local/lib/python3.12/site-packages/airflow/example_dags/example_sensors.py
[2025-04-21T17:17:13.876+0000] {processor.py:914} INFO - Processing file /home/airflow/.local/lib/python3.12/site-packages/airflow/example_dags/example_sensors.py for tasks to queue
[2025-04-21T17:17:13.877+0000] {logging_mixin.py:190} INFO - [2025-04-21T17:17:13.877+0000] {dagbag.py:588} INFO - Filling up the DagBag from /home/airflow/.local/lib/python3.12/site-packages/airflow/example_dags/example_sensors.py
[2025-04-21T17:17:13.882+0000] {processor.py:925} INFO - DAG(s) 'example_sensors' retrieved from /home/airflow/.local/lib/python3.12/site-packages/airflow/example_dags/example_sensors.py
[2025-04-21T17:17:13.894+0000] {logging_mixin.py:190} INFO - [2025-04-21T17:17:13.894+0000] {dag.py:3239} INFO - Sync 1 DAGs
[2025-04-21T17:17:13.900+0000] {logging_mixin.py:190} INFO - [2025-04-21T17:17:13.899+0000] {dag.py:4180} INFO - Setting next_dagrun for example_sensors to None, run_after=None
[2025-04-21T17:17:13.905+0000] {processor.py:208} INFO - Processing /home/airflow/.local/lib/python3.12/site-packages/airflow/example_dags/example_sensors.py took 0.034 seconds
[2025-04-21T17:17:44.320+0000] {processor.py:186} INFO - Started process (PID=1535) to work on /home/airflow/.local/lib/python3.12/site-packages/airflow/example_dags/example_sensors.py
[2025-04-21T17:17:44.321+0000] {processor.py:914} INFO - Processing file /home/airflow/.local/lib/python3.12/site-packages/airflow/example_dags/example_sensors.py for tasks to queue
[2025-04-21T17:17:44.321+0000] {logging_mixin.py:190} INFO - [2025-04-21T17:17:44.321+0000] {dagbag.py:588} INFO - Filling up the DagBag from /home/airflow/.local/lib/python3.12/site-packages/airflow/example_dags/example_sensors.py
[2025-04-21T17:17:44.326+0000] {processor.py:925} INFO - DAG(s) 'example_sensors' retrieved from /home/airflow/.local/lib/python3.12/site-packages/airflow/example_dags/example_sensors.py
[2025-04-21T17:17:44.345+0000] {logging_mixin.py:190} INFO - [2025-04-21T17:17:44.345+0000] {dag.py:3239} INFO - Sync 1 DAGs
[2025-04-21T17:17:44.355+0000] {logging_mixin.py:190} INFO - [2025-04-21T17:17:44.355+0000] {dag.py:4180} INFO - Setting next_dagrun for example_sensors to None, run_after=None
[2025-04-21T17:17:44.362+0000] {processor.py:208} INFO - Processing /home/airflow/.local/lib/python3.12/site-packages/airflow/example_dags/example_sensors.py took 0.044 seconds
[2025-04-21T17:18:14.607+0000] {processor.py:186} INFO - Started process (PID=1598) to work on /home/airflow/.local/lib/python3.12/site-packages/airflow/example_dags/example_sensors.py
[2025-04-21T17:18:14.608+0000] {processor.py:914} INFO - Processing file /home/airflow/.local/lib/python3.12/site-packages/airflow/example_dags/example_sensors.py for tasks to queue
[2025-04-21T17:18:14.610+0000] {logging_mixin.py:190} INFO - [2025-04-21T17:18:14.610+0000] {dagbag.py:588} INFO - Filling up the DagBag from /home/airflow/.local/lib/python3.12/site-packages/airflow/example_dags/example_sensors.py
[2025-04-21T17:18:14.615+0000] {processor.py:925} INFO - DAG(s) 'example_sensors' retrieved from /home/airflow/.local/lib/python3.12/site-packages/airflow/example_dags/example_sensors.py
[2025-04-21T17:18:14.624+0000] {logging_mixin.py:190} INFO - [2025-04-21T17:18:14.624+0000] {dag.py:3239} INFO - Sync 1 DAGs
[2025-04-21T17:18:14.630+0000] {logging_mixin.py:190} INFO - [2025-04-21T17:18:14.630+0000] {dag.py:4180} INFO - Setting next_dagrun for example_sensors to None, run_after=None
[2025-04-21T17:18:14.639+0000] {processor.py:208} INFO - Processing /home/airflow/.local/lib/python3.12/site-packages/airflow/example_dags/example_sensors.py took 0.034 seconds
[2025-04-21T17:18:44.935+0000] {processor.py:186} INFO - Started process (PID=1662) to work on /home/airflow/.local/lib/python3.12/site-packages/airflow/example_dags/example_sensors.py
[2025-04-21T17:18:44.935+0000] {processor.py:914} INFO - Processing file /home/airflow/.local/lib/python3.12/site-packages/airflow/example_dags/example_sensors.py for tasks to queue
[2025-04-21T17:18:44.936+0000] {logging_mixin.py:190} INFO - [2025-04-21T17:18:44.936+0000] {dagbag.py:588} INFO - Filling up the DagBag from /home/airflow/.local/lib/python3.12/site-packages/airflow/example_dags/example_sensors.py
[2025-04-21T17:18:44.940+0000] {processor.py:925} INFO - DAG(s) 'example_sensors' retrieved from /home/airflow/.local/lib/python3.12/site-packages/airflow/example_dags/example_sensors.py
[2025-04-21T17:18:44.950+0000] {logging_mixin.py:190} INFO - [2025-04-21T17:18:44.950+0000] {dag.py:3239} INFO - Sync 1 DAGs
[2025-04-21T17:18:44.955+0000] {logging_mixin.py:190} INFO - [2025-04-21T17:18:44.954+0000] {dag.py:4180} INFO - Setting next_dagrun for example_sensors to None, run_after=None
[2025-04-21T17:18:44.960+0000] {processor.py:208} INFO - Processing /home/airflow/.local/lib/python3.12/site-packages/airflow/example_dags/example_sensors.py took 0.027 seconds
