[2025-04-21T17:01:59.577+0000] {processor.py:186} INFO - Started process (PID=59) to work on /home/airflow/.local/lib/python3.12/site-packages/airflow/example_dags/example_dataset_alias_with_no_taskflow.py
[2025-04-21T17:01:59.578+0000] {processor.py:914} INFO - Processing file /home/airflow/.local/lib/python3.12/site-packages/airflow/example_dags/example_dataset_alias_with_no_taskflow.py for tasks to queue
[2025-04-21T17:01:59.580+0000] {logging_mixin.py:190} INFO - [2025-04-21T17:01:59.579+0000] {dagbag.py:588} INFO - Filling up the DagBag from /home/airflow/.local/lib/python3.12/site-packages/airflow/example_dags/example_dataset_alias_with_no_taskflow.py
[2025-04-21T17:01:59.824+0000] {processor.py:925} INFO - DAG(s) 'dataset_alias_example_alias_consumer_with_no_taskflow', 'dataset_alias_example_alias_producer_with_no_taskflow', 'dataset_s3_bucket_producer_with_no_taskflow', 'dataset_s3_bucket_consumer_with_no_taskflow' retrieved from /home/airflow/.local/lib/python3.12/site-packages/airflow/example_dags/example_dataset_alias_with_no_taskflow.py
[2025-04-21T17:01:59.866+0000] {logging_mixin.py:190} INFO - [2025-04-21T17:01:59.866+0000] {override.py:1912} INFO - Created Permission View: can read on DAG:dataset_alias_example_alias_consumer_with_no_taskflow
[2025-04-21T17:01:59.870+0000] {logging_mixin.py:190} INFO - [2025-04-21T17:01:59.870+0000] {override.py:1912} INFO - Created Permission View: can edit on DAG:dataset_alias_example_alias_consumer_with_no_taskflow
[2025-04-21T17:01:59.876+0000] {logging_mixin.py:190} INFO - [2025-04-21T17:01:59.876+0000] {override.py:1912} INFO - Created Permission View: can delete on DAG:dataset_alias_example_alias_consumer_with_no_taskflow
[2025-04-21T17:01:59.879+0000] {logging_mixin.py:190} INFO - [2025-04-21T17:01:59.879+0000] {override.py:1912} INFO - Created Permission View: can read on DAG Run:dataset_alias_example_alias_consumer_with_no_taskflow
[2025-04-21T17:01:59.885+0000] {logging_mixin.py:190} INFO - [2025-04-21T17:01:59.885+0000] {override.py:1912} INFO - Created Permission View: can delete on DAG Run:dataset_alias_example_alias_consumer_with_no_taskflow
[2025-04-21T17:01:59.890+0000] {logging_mixin.py:190} INFO - [2025-04-21T17:01:59.890+0000] {override.py:1912} INFO - Created Permission View: menu access on DAG Run:dataset_alias_example_alias_consumer_with_no_taskflow
[2025-04-21T17:01:59.895+0000] {logging_mixin.py:190} INFO - [2025-04-21T17:01:59.895+0000] {override.py:1912} INFO - Created Permission View: can create on DAG Run:dataset_alias_example_alias_consumer_with_no_taskflow
[2025-04-21T17:01:59.907+0000] {logging_mixin.py:190} INFO - [2025-04-21T17:01:59.907+0000] {override.py:1912} INFO - Created Permission View: can read on DAG:dataset_alias_example_alias_producer_with_no_taskflow
[2025-04-21T17:01:59.910+0000] {logging_mixin.py:190} INFO - [2025-04-21T17:01:59.910+0000] {override.py:1912} INFO - Created Permission View: can edit on DAG:dataset_alias_example_alias_producer_with_no_taskflow
[2025-04-21T17:01:59.916+0000] {logging_mixin.py:190} INFO - [2025-04-21T17:01:59.916+0000] {override.py:1912} INFO - Created Permission View: can delete on DAG:dataset_alias_example_alias_producer_with_no_taskflow
[2025-04-21T17:01:59.924+0000] {logging_mixin.py:190} INFO - [2025-04-21T17:01:59.924+0000] {override.py:1912} INFO - Created Permission View: can read on DAG Run:dataset_alias_example_alias_producer_with_no_taskflow
[2025-04-21T17:01:59.930+0000] {logging_mixin.py:190} INFO - [2025-04-21T17:01:59.929+0000] {override.py:1912} INFO - Created Permission View: can delete on DAG Run:dataset_alias_example_alias_producer_with_no_taskflow
[2025-04-21T17:01:59.932+0000] {logging_mixin.py:190} INFO - [2025-04-21T17:01:59.932+0000] {override.py:1912} INFO - Created Permission View: menu access on DAG Run:dataset_alias_example_alias_producer_with_no_taskflow
[2025-04-21T17:01:59.935+0000] {logging_mixin.py:190} INFO - [2025-04-21T17:01:59.935+0000] {override.py:1912} INFO - Created Permission View: can create on DAG Run:dataset_alias_example_alias_producer_with_no_taskflow
[2025-04-21T17:01:59.942+0000] {logging_mixin.py:190} INFO - [2025-04-21T17:01:59.942+0000] {override.py:1912} INFO - Created Permission View: can read on DAG:dataset_s3_bucket_producer_with_no_taskflow
[2025-04-21T17:01:59.945+0000] {logging_mixin.py:190} INFO - [2025-04-21T17:01:59.945+0000] {override.py:1912} INFO - Created Permission View: can edit on DAG:dataset_s3_bucket_producer_with_no_taskflow
[2025-04-21T17:01:59.949+0000] {logging_mixin.py:190} INFO - [2025-04-21T17:01:59.949+0000] {override.py:1912} INFO - Created Permission View: can delete on DAG:dataset_s3_bucket_producer_with_no_taskflow
[2025-04-21T17:01:59.952+0000] {logging_mixin.py:190} INFO - [2025-04-21T17:01:59.952+0000] {override.py:1912} INFO - Created Permission View: can read on DAG Run:dataset_s3_bucket_producer_with_no_taskflow
[2025-04-21T17:01:59.955+0000] {logging_mixin.py:190} INFO - [2025-04-21T17:01:59.955+0000] {override.py:1912} INFO - Created Permission View: can delete on DAG Run:dataset_s3_bucket_producer_with_no_taskflow
[2025-04-21T17:01:59.961+0000] {logging_mixin.py:190} INFO - [2025-04-21T17:01:59.961+0000] {override.py:1912} INFO - Created Permission View: menu access on DAG Run:dataset_s3_bucket_producer_with_no_taskflow
[2025-04-21T17:01:59.965+0000] {logging_mixin.py:190} INFO - [2025-04-21T17:01:59.965+0000] {override.py:1912} INFO - Created Permission View: can create on DAG Run:dataset_s3_bucket_producer_with_no_taskflow
[2025-04-21T17:01:59.971+0000] {logging_mixin.py:190} INFO - [2025-04-21T17:01:59.970+0000] {override.py:1912} INFO - Created Permission View: can read on DAG:dataset_s3_bucket_consumer_with_no_taskflow
[2025-04-21T17:01:59.975+0000] {logging_mixin.py:190} INFO - [2025-04-21T17:01:59.974+0000] {override.py:1912} INFO - Created Permission View: can edit on DAG:dataset_s3_bucket_consumer_with_no_taskflow
[2025-04-21T17:01:59.979+0000] {logging_mixin.py:190} INFO - [2025-04-21T17:01:59.979+0000] {override.py:1912} INFO - Created Permission View: can delete on DAG:dataset_s3_bucket_consumer_with_no_taskflow
[2025-04-21T17:01:59.982+0000] {logging_mixin.py:190} INFO - [2025-04-21T17:01:59.982+0000] {override.py:1912} INFO - Created Permission View: can read on DAG Run:dataset_s3_bucket_consumer_with_no_taskflow
[2025-04-21T17:01:59.984+0000] {logging_mixin.py:190} INFO - [2025-04-21T17:01:59.984+0000] {override.py:1912} INFO - Created Permission View: can delete on DAG Run:dataset_s3_bucket_consumer_with_no_taskflow
[2025-04-21T17:01:59.987+0000] {logging_mixin.py:190} INFO - [2025-04-21T17:01:59.986+0000] {override.py:1912} INFO - Created Permission View: menu access on DAG Run:dataset_s3_bucket_consumer_with_no_taskflow
[2025-04-21T17:01:59.989+0000] {logging_mixin.py:190} INFO - [2025-04-21T17:01:59.989+0000] {override.py:1912} INFO - Created Permission View: can create on DAG Run:dataset_s3_bucket_consumer_with_no_taskflow
[2025-04-21T17:01:59.989+0000] {logging_mixin.py:190} INFO - [2025-04-21T17:01:59.989+0000] {dag.py:3239} INFO - Sync 4 DAGs
[2025-04-21T17:01:59.994+0000] {logging_mixin.py:190} INFO - [2025-04-21T17:01:59.994+0000] {dag.py:3262} INFO - Creating ORM DAG for dataset_s3_bucket_producer_with_no_taskflow
[2025-04-21T17:01:59.995+0000] {logging_mixin.py:190} INFO - [2025-04-21T17:01:59.995+0000] {dag.py:3262} INFO - Creating ORM DAG for dataset_alias_example_alias_consumer_with_no_taskflow
[2025-04-21T17:01:59.995+0000] {logging_mixin.py:190} INFO - [2025-04-21T17:01:59.995+0000] {dag.py:3262} INFO - Creating ORM DAG for dataset_s3_bucket_consumer_with_no_taskflow
[2025-04-21T17:01:59.995+0000] {logging_mixin.py:190} INFO - [2025-04-21T17:01:59.995+0000] {dag.py:3262} INFO - Creating ORM DAG for dataset_alias_example_alias_producer_with_no_taskflow
[2025-04-21T17:02:00.000+0000] {logging_mixin.py:190} INFO - [2025-04-21T17:02:00.000+0000] {dag.py:4180} INFO - Setting next_dagrun for dataset_alias_example_alias_consumer_with_no_taskflow to None, run_after=None
[2025-04-21T17:02:00.000+0000] {logging_mixin.py:190} INFO - [2025-04-21T17:02:00.000+0000] {dag.py:4180} INFO - Setting next_dagrun for dataset_alias_example_alias_producer_with_no_taskflow to None, run_after=None
[2025-04-21T17:02:00.001+0000] {logging_mixin.py:190} INFO - [2025-04-21T17:02:00.001+0000] {dag.py:4180} INFO - Setting next_dagrun for dataset_s3_bucket_consumer_with_no_taskflow to None, run_after=None
[2025-04-21T17:02:00.001+0000] {logging_mixin.py:190} INFO - [2025-04-21T17:02:00.001+0000] {dag.py:4180} INFO - Setting next_dagrun for dataset_s3_bucket_producer_with_no_taskflow to None, run_after=None
[2025-04-21T17:02:00.011+0000] {processor.py:208} INFO - Processing /home/airflow/.local/lib/python3.12/site-packages/airflow/example_dags/example_dataset_alias_with_no_taskflow.py took 0.437 seconds
[2025-04-21T17:02:30.469+0000] {processor.py:186} INFO - Started process (PID=124) to work on /home/airflow/.local/lib/python3.12/site-packages/airflow/example_dags/example_dataset_alias_with_no_taskflow.py
[2025-04-21T17:02:30.469+0000] {processor.py:914} INFO - Processing file /home/airflow/.local/lib/python3.12/site-packages/airflow/example_dags/example_dataset_alias_with_no_taskflow.py for tasks to queue
[2025-04-21T17:02:30.471+0000] {logging_mixin.py:190} INFO - [2025-04-21T17:02:30.471+0000] {dagbag.py:588} INFO - Filling up the DagBag from /home/airflow/.local/lib/python3.12/site-packages/airflow/example_dags/example_dataset_alias_with_no_taskflow.py
[2025-04-21T17:02:30.741+0000] {processor.py:925} INFO - DAG(s) 'dataset_s3_bucket_producer_with_no_taskflow', 'dataset_s3_bucket_consumer_with_no_taskflow', 'dataset_alias_example_alias_producer_with_no_taskflow', 'dataset_alias_example_alias_consumer_with_no_taskflow' retrieved from /home/airflow/.local/lib/python3.12/site-packages/airflow/example_dags/example_dataset_alias_with_no_taskflow.py
[2025-04-21T17:02:30.753+0000] {logging_mixin.py:190} INFO - [2025-04-21T17:02:30.752+0000] {dag.py:3239} INFO - Sync 4 DAGs
[2025-04-21T17:02:30.760+0000] {logging_mixin.py:190} INFO - [2025-04-21T17:02:30.760+0000] {dag.py:4180} INFO - Setting next_dagrun for dataset_alias_example_alias_consumer_with_no_taskflow to None, run_after=None
[2025-04-21T17:02:30.761+0000] {logging_mixin.py:190} INFO - [2025-04-21T17:02:30.761+0000] {dag.py:4180} INFO - Setting next_dagrun for dataset_alias_example_alias_producer_with_no_taskflow to None, run_after=None
[2025-04-21T17:02:30.762+0000] {logging_mixin.py:190} INFO - [2025-04-21T17:02:30.762+0000] {dag.py:4180} INFO - Setting next_dagrun for dataset_s3_bucket_consumer_with_no_taskflow to None, run_after=None
[2025-04-21T17:02:30.763+0000] {logging_mixin.py:190} INFO - [2025-04-21T17:02:30.763+0000] {dag.py:4180} INFO - Setting next_dagrun for dataset_s3_bucket_producer_with_no_taskflow to None, run_after=None
[2025-04-21T17:02:30.775+0000] {processor.py:208} INFO - Processing /home/airflow/.local/lib/python3.12/site-packages/airflow/example_dags/example_dataset_alias_with_no_taskflow.py took 0.308 seconds
[2025-04-21T17:03:01.125+0000] {processor.py:186} INFO - Started process (PID=188) to work on /home/airflow/.local/lib/python3.12/site-packages/airflow/example_dags/example_dataset_alias_with_no_taskflow.py
[2025-04-21T17:03:01.126+0000] {processor.py:914} INFO - Processing file /home/airflow/.local/lib/python3.12/site-packages/airflow/example_dags/example_dataset_alias_with_no_taskflow.py for tasks to queue
[2025-04-21T17:03:01.127+0000] {logging_mixin.py:190} INFO - [2025-04-21T17:03:01.127+0000] {dagbag.py:588} INFO - Filling up the DagBag from /home/airflow/.local/lib/python3.12/site-packages/airflow/example_dags/example_dataset_alias_with_no_taskflow.py
[2025-04-21T17:03:01.353+0000] {processor.py:925} INFO - DAG(s) 'dataset_alias_example_alias_producer_with_no_taskflow', 'dataset_alias_example_alias_consumer_with_no_taskflow', 'dataset_s3_bucket_producer_with_no_taskflow', 'dataset_s3_bucket_consumer_with_no_taskflow' retrieved from /home/airflow/.local/lib/python3.12/site-packages/airflow/example_dags/example_dataset_alias_with_no_taskflow.py
[2025-04-21T17:03:01.367+0000] {logging_mixin.py:190} INFO - [2025-04-21T17:03:01.366+0000] {dag.py:3239} INFO - Sync 4 DAGs
[2025-04-21T17:03:01.375+0000] {logging_mixin.py:190} INFO - [2025-04-21T17:03:01.375+0000] {dag.py:4180} INFO - Setting next_dagrun for dataset_alias_example_alias_consumer_with_no_taskflow to None, run_after=None
[2025-04-21T17:03:01.376+0000] {logging_mixin.py:190} INFO - [2025-04-21T17:03:01.376+0000] {dag.py:4180} INFO - Setting next_dagrun for dataset_alias_example_alias_producer_with_no_taskflow to None, run_after=None
[2025-04-21T17:03:01.376+0000] {logging_mixin.py:190} INFO - [2025-04-21T17:03:01.376+0000] {dag.py:4180} INFO - Setting next_dagrun for dataset_s3_bucket_consumer_with_no_taskflow to None, run_after=None
[2025-04-21T17:03:01.376+0000] {logging_mixin.py:190} INFO - [2025-04-21T17:03:01.376+0000] {dag.py:4180} INFO - Setting next_dagrun for dataset_s3_bucket_producer_with_no_taskflow to None, run_after=None
[2025-04-21T17:03:01.382+0000] {processor.py:208} INFO - Processing /home/airflow/.local/lib/python3.12/site-packages/airflow/example_dags/example_dataset_alias_with_no_taskflow.py took 0.259 seconds
[2025-04-21T17:03:32.190+0000] {processor.py:186} INFO - Started process (PID=247) to work on /home/airflow/.local/lib/python3.12/site-packages/airflow/example_dags/example_dataset_alias_with_no_taskflow.py
[2025-04-21T17:03:32.191+0000] {processor.py:914} INFO - Processing file /home/airflow/.local/lib/python3.12/site-packages/airflow/example_dags/example_dataset_alias_with_no_taskflow.py for tasks to queue
[2025-04-21T17:03:32.192+0000] {logging_mixin.py:190} INFO - [2025-04-21T17:03:32.192+0000] {dagbag.py:588} INFO - Filling up the DagBag from /home/airflow/.local/lib/python3.12/site-packages/airflow/example_dags/example_dataset_alias_with_no_taskflow.py
[2025-04-21T17:03:32.412+0000] {processor.py:925} INFO - DAG(s) 'dataset_s3_bucket_consumer_with_no_taskflow', 'dataset_alias_example_alias_consumer_with_no_taskflow', 'dataset_s3_bucket_producer_with_no_taskflow', 'dataset_alias_example_alias_producer_with_no_taskflow' retrieved from /home/airflow/.local/lib/python3.12/site-packages/airflow/example_dags/example_dataset_alias_with_no_taskflow.py
[2025-04-21T17:03:32.423+0000] {logging_mixin.py:190} INFO - [2025-04-21T17:03:32.423+0000] {dag.py:3239} INFO - Sync 4 DAGs
[2025-04-21T17:03:32.432+0000] {logging_mixin.py:190} INFO - [2025-04-21T17:03:32.432+0000] {dag.py:4180} INFO - Setting next_dagrun for dataset_alias_example_alias_consumer_with_no_taskflow to None, run_after=None
[2025-04-21T17:03:32.434+0000] {logging_mixin.py:190} INFO - [2025-04-21T17:03:32.434+0000] {dag.py:4180} INFO - Setting next_dagrun for dataset_alias_example_alias_producer_with_no_taskflow to None, run_after=None
[2025-04-21T17:03:32.434+0000] {logging_mixin.py:190} INFO - [2025-04-21T17:03:32.434+0000] {dag.py:4180} INFO - Setting next_dagrun for dataset_s3_bucket_consumer_with_no_taskflow to None, run_after=None
[2025-04-21T17:03:32.435+0000] {logging_mixin.py:190} INFO - [2025-04-21T17:03:32.435+0000] {dag.py:4180} INFO - Setting next_dagrun for dataset_s3_bucket_producer_with_no_taskflow to None, run_after=None
[2025-04-21T17:03:32.441+0000] {processor.py:208} INFO - Processing /home/airflow/.local/lib/python3.12/site-packages/airflow/example_dags/example_dataset_alias_with_no_taskflow.py took 0.252 seconds
[2025-04-21T17:04:03.348+0000] {processor.py:186} INFO - Started process (PID=310) to work on /home/airflow/.local/lib/python3.12/site-packages/airflow/example_dags/example_dataset_alias_with_no_taskflow.py
[2025-04-21T17:04:03.350+0000] {processor.py:914} INFO - Processing file /home/airflow/.local/lib/python3.12/site-packages/airflow/example_dags/example_dataset_alias_with_no_taskflow.py for tasks to queue
[2025-04-21T17:04:03.351+0000] {logging_mixin.py:190} INFO - [2025-04-21T17:04:03.351+0000] {dagbag.py:588} INFO - Filling up the DagBag from /home/airflow/.local/lib/python3.12/site-packages/airflow/example_dags/example_dataset_alias_with_no_taskflow.py
[2025-04-21T17:04:03.579+0000] {processor.py:925} INFO - DAG(s) 'dataset_alias_example_alias_consumer_with_no_taskflow', 'dataset_s3_bucket_consumer_with_no_taskflow', 'dataset_alias_example_alias_producer_with_no_taskflow', 'dataset_s3_bucket_producer_with_no_taskflow' retrieved from /home/airflow/.local/lib/python3.12/site-packages/airflow/example_dags/example_dataset_alias_with_no_taskflow.py
[2025-04-21T17:04:03.590+0000] {logging_mixin.py:190} INFO - [2025-04-21T17:04:03.590+0000] {dag.py:3239} INFO - Sync 4 DAGs
[2025-04-21T17:04:03.597+0000] {logging_mixin.py:190} INFO - [2025-04-21T17:04:03.597+0000] {dag.py:4180} INFO - Setting next_dagrun for dataset_alias_example_alias_consumer_with_no_taskflow to None, run_after=None
[2025-04-21T17:04:03.598+0000] {logging_mixin.py:190} INFO - [2025-04-21T17:04:03.598+0000] {dag.py:4180} INFO - Setting next_dagrun for dataset_alias_example_alias_producer_with_no_taskflow to None, run_after=None
[2025-04-21T17:04:03.599+0000] {logging_mixin.py:190} INFO - [2025-04-21T17:04:03.598+0000] {dag.py:4180} INFO - Setting next_dagrun for dataset_s3_bucket_consumer_with_no_taskflow to None, run_after=None
[2025-04-21T17:04:03.599+0000] {logging_mixin.py:190} INFO - [2025-04-21T17:04:03.599+0000] {dag.py:4180} INFO - Setting next_dagrun for dataset_s3_bucket_producer_with_no_taskflow to None, run_after=None
[2025-04-21T17:04:03.605+0000] {processor.py:208} INFO - Processing /home/airflow/.local/lib/python3.12/site-packages/airflow/example_dags/example_dataset_alias_with_no_taskflow.py took 0.259 seconds
[2025-04-21T17:04:34.601+0000] {processor.py:186} INFO - Started process (PID=373) to work on /home/airflow/.local/lib/python3.12/site-packages/airflow/example_dags/example_dataset_alias_with_no_taskflow.py
[2025-04-21T17:04:34.603+0000] {processor.py:914} INFO - Processing file /home/airflow/.local/lib/python3.12/site-packages/airflow/example_dags/example_dataset_alias_with_no_taskflow.py for tasks to queue
[2025-04-21T17:04:34.604+0000] {logging_mixin.py:190} INFO - [2025-04-21T17:04:34.604+0000] {dagbag.py:588} INFO - Filling up the DagBag from /home/airflow/.local/lib/python3.12/site-packages/airflow/example_dags/example_dataset_alias_with_no_taskflow.py
[2025-04-21T17:04:34.831+0000] {processor.py:925} INFO - DAG(s) 'dataset_s3_bucket_consumer_with_no_taskflow', 'dataset_alias_example_alias_producer_with_no_taskflow', 'dataset_s3_bucket_producer_with_no_taskflow', 'dataset_alias_example_alias_consumer_with_no_taskflow' retrieved from /home/airflow/.local/lib/python3.12/site-packages/airflow/example_dags/example_dataset_alias_with_no_taskflow.py
[2025-04-21T17:04:34.840+0000] {logging_mixin.py:190} INFO - [2025-04-21T17:04:34.840+0000] {dag.py:3239} INFO - Sync 4 DAGs
[2025-04-21T17:04:34.847+0000] {logging_mixin.py:190} INFO - [2025-04-21T17:04:34.847+0000] {dag.py:4180} INFO - Setting next_dagrun for dataset_alias_example_alias_consumer_with_no_taskflow to None, run_after=None
[2025-04-21T17:04:34.849+0000] {logging_mixin.py:190} INFO - [2025-04-21T17:04:34.849+0000] {dag.py:4180} INFO - Setting next_dagrun for dataset_alias_example_alias_producer_with_no_taskflow to None, run_after=None
[2025-04-21T17:04:34.849+0000] {logging_mixin.py:190} INFO - [2025-04-21T17:04:34.849+0000] {dag.py:4180} INFO - Setting next_dagrun for dataset_s3_bucket_consumer_with_no_taskflow to None, run_after=None
[2025-04-21T17:04:34.850+0000] {logging_mixin.py:190} INFO - [2025-04-21T17:04:34.850+0000] {dag.py:4180} INFO - Setting next_dagrun for dataset_s3_bucket_producer_with_no_taskflow to None, run_after=None
[2025-04-21T17:04:34.859+0000] {processor.py:208} INFO - Processing /home/airflow/.local/lib/python3.12/site-packages/airflow/example_dags/example_dataset_alias_with_no_taskflow.py took 0.260 seconds
[2025-04-21T17:05:05.808+0000] {processor.py:186} INFO - Started process (PID=436) to work on /home/airflow/.local/lib/python3.12/site-packages/airflow/example_dags/example_dataset_alias_with_no_taskflow.py
[2025-04-21T17:05:05.811+0000] {processor.py:914} INFO - Processing file /home/airflow/.local/lib/python3.12/site-packages/airflow/example_dags/example_dataset_alias_with_no_taskflow.py for tasks to queue
[2025-04-21T17:05:05.812+0000] {logging_mixin.py:190} INFO - [2025-04-21T17:05:05.812+0000] {dagbag.py:588} INFO - Filling up the DagBag from /home/airflow/.local/lib/python3.12/site-packages/airflow/example_dags/example_dataset_alias_with_no_taskflow.py
[2025-04-21T17:05:06.043+0000] {processor.py:925} INFO - DAG(s) 'dataset_s3_bucket_consumer_with_no_taskflow', 'dataset_s3_bucket_producer_with_no_taskflow', 'dataset_alias_example_alias_consumer_with_no_taskflow', 'dataset_alias_example_alias_producer_with_no_taskflow' retrieved from /home/airflow/.local/lib/python3.12/site-packages/airflow/example_dags/example_dataset_alias_with_no_taskflow.py
[2025-04-21T17:05:06.052+0000] {logging_mixin.py:190} INFO - [2025-04-21T17:05:06.051+0000] {dag.py:3239} INFO - Sync 4 DAGs
[2025-04-21T17:05:06.059+0000] {logging_mixin.py:190} INFO - [2025-04-21T17:05:06.059+0000] {dag.py:4180} INFO - Setting next_dagrun for dataset_alias_example_alias_consumer_with_no_taskflow to None, run_after=None
[2025-04-21T17:05:06.060+0000] {logging_mixin.py:190} INFO - [2025-04-21T17:05:06.060+0000] {dag.py:4180} INFO - Setting next_dagrun for dataset_alias_example_alias_producer_with_no_taskflow to None, run_after=None
[2025-04-21T17:05:06.061+0000] {logging_mixin.py:190} INFO - [2025-04-21T17:05:06.061+0000] {dag.py:4180} INFO - Setting next_dagrun for dataset_s3_bucket_consumer_with_no_taskflow to None, run_after=None
[2025-04-21T17:05:06.061+0000] {logging_mixin.py:190} INFO - [2025-04-21T17:05:06.061+0000] {dag.py:4180} INFO - Setting next_dagrun for dataset_s3_bucket_producer_with_no_taskflow to None, run_after=None
[2025-04-21T17:05:06.069+0000] {processor.py:208} INFO - Processing /home/airflow/.local/lib/python3.12/site-packages/airflow/example_dags/example_dataset_alias_with_no_taskflow.py took 0.264 seconds
[2025-04-21T17:05:55.254+0000] {processor.py:186} INFO - Started process (PID=59) to work on /home/airflow/.local/lib/python3.12/site-packages/airflow/example_dags/example_dataset_alias_with_no_taskflow.py
[2025-04-21T17:05:55.255+0000] {processor.py:914} INFO - Processing file /home/airflow/.local/lib/python3.12/site-packages/airflow/example_dags/example_dataset_alias_with_no_taskflow.py for tasks to queue
[2025-04-21T17:05:55.256+0000] {logging_mixin.py:190} INFO - [2025-04-21T17:05:55.255+0000] {dagbag.py:588} INFO - Filling up the DagBag from /home/airflow/.local/lib/python3.12/site-packages/airflow/example_dags/example_dataset_alias_with_no_taskflow.py
[2025-04-21T17:05:55.523+0000] {processor.py:925} INFO - DAG(s) 'dataset_alias_example_alias_producer_with_no_taskflow', 'dataset_alias_example_alias_consumer_with_no_taskflow', 'dataset_s3_bucket_producer_with_no_taskflow', 'dataset_s3_bucket_consumer_with_no_taskflow' retrieved from /home/airflow/.local/lib/python3.12/site-packages/airflow/example_dags/example_dataset_alias_with_no_taskflow.py
[2025-04-21T17:05:55.534+0000] {logging_mixin.py:190} INFO - [2025-04-21T17:05:55.534+0000] {dag.py:3239} INFO - Sync 4 DAGs
[2025-04-21T17:05:55.542+0000] {logging_mixin.py:190} INFO - [2025-04-21T17:05:55.542+0000] {dag.py:4180} INFO - Setting next_dagrun for dataset_alias_example_alias_consumer_with_no_taskflow to None, run_after=None
[2025-04-21T17:05:55.545+0000] {logging_mixin.py:190} INFO - [2025-04-21T17:05:55.544+0000] {dag.py:4180} INFO - Setting next_dagrun for dataset_alias_example_alias_producer_with_no_taskflow to None, run_after=None
[2025-04-21T17:05:55.547+0000] {logging_mixin.py:190} INFO - [2025-04-21T17:05:55.547+0000] {dag.py:4180} INFO - Setting next_dagrun for dataset_s3_bucket_consumer_with_no_taskflow to None, run_after=None
[2025-04-21T17:05:55.548+0000] {logging_mixin.py:190} INFO - [2025-04-21T17:05:55.548+0000] {dag.py:4180} INFO - Setting next_dagrun for dataset_s3_bucket_producer_with_no_taskflow to None, run_after=None
[2025-04-21T17:05:55.557+0000] {processor.py:208} INFO - Processing /home/airflow/.local/lib/python3.12/site-packages/airflow/example_dags/example_dataset_alias_with_no_taskflow.py took 0.305 seconds
[2025-04-21T17:06:25.746+0000] {processor.py:186} INFO - Started process (PID=122) to work on /home/airflow/.local/lib/python3.12/site-packages/airflow/example_dags/example_dataset_alias_with_no_taskflow.py
[2025-04-21T17:06:25.747+0000] {processor.py:914} INFO - Processing file /home/airflow/.local/lib/python3.12/site-packages/airflow/example_dags/example_dataset_alias_with_no_taskflow.py for tasks to queue
[2025-04-21T17:06:25.748+0000] {logging_mixin.py:190} INFO - [2025-04-21T17:06:25.748+0000] {dagbag.py:588} INFO - Filling up the DagBag from /home/airflow/.local/lib/python3.12/site-packages/airflow/example_dags/example_dataset_alias_with_no_taskflow.py
[2025-04-21T17:06:25.983+0000] {processor.py:925} INFO - DAG(s) 'dataset_s3_bucket_producer_with_no_taskflow', 'dataset_alias_example_alias_producer_with_no_taskflow', 'dataset_alias_example_alias_consumer_with_no_taskflow', 'dataset_s3_bucket_consumer_with_no_taskflow' retrieved from /home/airflow/.local/lib/python3.12/site-packages/airflow/example_dags/example_dataset_alias_with_no_taskflow.py
[2025-04-21T17:06:25.991+0000] {logging_mixin.py:190} INFO - [2025-04-21T17:06:25.991+0000] {dag.py:3239} INFO - Sync 4 DAGs
[2025-04-21T17:06:25.999+0000] {logging_mixin.py:190} INFO - [2025-04-21T17:06:25.999+0000] {dag.py:4180} INFO - Setting next_dagrun for dataset_alias_example_alias_consumer_with_no_taskflow to None, run_after=None
[2025-04-21T17:06:26.000+0000] {logging_mixin.py:190} INFO - [2025-04-21T17:06:26.000+0000] {dag.py:4180} INFO - Setting next_dagrun for dataset_alias_example_alias_producer_with_no_taskflow to None, run_after=None
[2025-04-21T17:06:26.001+0000] {logging_mixin.py:190} INFO - [2025-04-21T17:06:26.001+0000] {dag.py:4180} INFO - Setting next_dagrun for dataset_s3_bucket_consumer_with_no_taskflow to None, run_after=None
[2025-04-21T17:06:26.001+0000] {logging_mixin.py:190} INFO - [2025-04-21T17:06:26.001+0000] {dag.py:4180} INFO - Setting next_dagrun for dataset_s3_bucket_producer_with_no_taskflow to None, run_after=None
[2025-04-21T17:06:26.007+0000] {processor.py:208} INFO - Processing /home/airflow/.local/lib/python3.12/site-packages/airflow/example_dags/example_dataset_alias_with_no_taskflow.py took 0.263 seconds
[2025-04-21T17:06:56.858+0000] {processor.py:186} INFO - Started process (PID=185) to work on /home/airflow/.local/lib/python3.12/site-packages/airflow/example_dags/example_dataset_alias_with_no_taskflow.py
[2025-04-21T17:06:56.859+0000] {processor.py:914} INFO - Processing file /home/airflow/.local/lib/python3.12/site-packages/airflow/example_dags/example_dataset_alias_with_no_taskflow.py for tasks to queue
[2025-04-21T17:06:56.860+0000] {logging_mixin.py:190} INFO - [2025-04-21T17:06:56.860+0000] {dagbag.py:588} INFO - Filling up the DagBag from /home/airflow/.local/lib/python3.12/site-packages/airflow/example_dags/example_dataset_alias_with_no_taskflow.py
[2025-04-21T17:06:57.086+0000] {processor.py:925} INFO - DAG(s) 'dataset_alias_example_alias_consumer_with_no_taskflow', 'dataset_s3_bucket_consumer_with_no_taskflow', 'dataset_alias_example_alias_producer_with_no_taskflow', 'dataset_s3_bucket_producer_with_no_taskflow' retrieved from /home/airflow/.local/lib/python3.12/site-packages/airflow/example_dags/example_dataset_alias_with_no_taskflow.py
[2025-04-21T17:06:57.093+0000] {logging_mixin.py:190} INFO - [2025-04-21T17:06:57.093+0000] {dag.py:3239} INFO - Sync 4 DAGs
[2025-04-21T17:06:57.100+0000] {logging_mixin.py:190} INFO - [2025-04-21T17:06:57.100+0000] {dag.py:4180} INFO - Setting next_dagrun for dataset_alias_example_alias_consumer_with_no_taskflow to None, run_after=None
[2025-04-21T17:06:57.101+0000] {logging_mixin.py:190} INFO - [2025-04-21T17:06:57.101+0000] {dag.py:4180} INFO - Setting next_dagrun for dataset_alias_example_alias_producer_with_no_taskflow to None, run_after=None
[2025-04-21T17:06:57.101+0000] {logging_mixin.py:190} INFO - [2025-04-21T17:06:57.101+0000] {dag.py:4180} INFO - Setting next_dagrun for dataset_s3_bucket_consumer_with_no_taskflow to None, run_after=None
[2025-04-21T17:06:57.102+0000] {logging_mixin.py:190} INFO - [2025-04-21T17:06:57.101+0000] {dag.py:4180} INFO - Setting next_dagrun for dataset_s3_bucket_producer_with_no_taskflow to None, run_after=None
[2025-04-21T17:06:57.109+0000] {processor.py:208} INFO - Processing /home/airflow/.local/lib/python3.12/site-packages/airflow/example_dags/example_dataset_alias_with_no_taskflow.py took 0.253 seconds
[2025-04-21T17:07:27.979+0000] {processor.py:186} INFO - Started process (PID=248) to work on /home/airflow/.local/lib/python3.12/site-packages/airflow/example_dags/example_dataset_alias_with_no_taskflow.py
[2025-04-21T17:07:27.979+0000] {processor.py:914} INFO - Processing file /home/airflow/.local/lib/python3.12/site-packages/airflow/example_dags/example_dataset_alias_with_no_taskflow.py for tasks to queue
[2025-04-21T17:07:27.980+0000] {logging_mixin.py:190} INFO - [2025-04-21T17:07:27.980+0000] {dagbag.py:588} INFO - Filling up the DagBag from /home/airflow/.local/lib/python3.12/site-packages/airflow/example_dags/example_dataset_alias_with_no_taskflow.py
[2025-04-21T17:07:28.203+0000] {processor.py:925} INFO - DAG(s) 'dataset_s3_bucket_consumer_with_no_taskflow', 'dataset_alias_example_alias_producer_with_no_taskflow', 'dataset_s3_bucket_producer_with_no_taskflow', 'dataset_alias_example_alias_consumer_with_no_taskflow' retrieved from /home/airflow/.local/lib/python3.12/site-packages/airflow/example_dags/example_dataset_alias_with_no_taskflow.py
[2025-04-21T17:07:28.211+0000] {logging_mixin.py:190} INFO - [2025-04-21T17:07:28.210+0000] {dag.py:3239} INFO - Sync 4 DAGs
[2025-04-21T17:07:28.218+0000] {logging_mixin.py:190} INFO - [2025-04-21T17:07:28.218+0000] {dag.py:4180} INFO - Setting next_dagrun for dataset_alias_example_alias_consumer_with_no_taskflow to None, run_after=None
[2025-04-21T17:07:28.219+0000] {logging_mixin.py:190} INFO - [2025-04-21T17:07:28.219+0000] {dag.py:4180} INFO - Setting next_dagrun for dataset_alias_example_alias_producer_with_no_taskflow to None, run_after=None
[2025-04-21T17:07:28.220+0000] {logging_mixin.py:190} INFO - [2025-04-21T17:07:28.220+0000] {dag.py:4180} INFO - Setting next_dagrun for dataset_s3_bucket_consumer_with_no_taskflow to None, run_after=None
[2025-04-21T17:07:28.221+0000] {logging_mixin.py:190} INFO - [2025-04-21T17:07:28.221+0000] {dag.py:4180} INFO - Setting next_dagrun for dataset_s3_bucket_producer_with_no_taskflow to None, run_after=None
[2025-04-21T17:07:28.228+0000] {processor.py:208} INFO - Processing /home/airflow/.local/lib/python3.12/site-packages/airflow/example_dags/example_dataset_alias_with_no_taskflow.py took 0.251 seconds
[2025-04-21T17:07:59.017+0000] {processor.py:186} INFO - Started process (PID=311) to work on /home/airflow/.local/lib/python3.12/site-packages/airflow/example_dags/example_dataset_alias_with_no_taskflow.py
[2025-04-21T17:07:59.019+0000] {processor.py:914} INFO - Processing file /home/airflow/.local/lib/python3.12/site-packages/airflow/example_dags/example_dataset_alias_with_no_taskflow.py for tasks to queue
[2025-04-21T17:07:59.020+0000] {logging_mixin.py:190} INFO - [2025-04-21T17:07:59.019+0000] {dagbag.py:588} INFO - Filling up the DagBag from /home/airflow/.local/lib/python3.12/site-packages/airflow/example_dags/example_dataset_alias_with_no_taskflow.py
[2025-04-21T17:07:59.248+0000] {processor.py:925} INFO - DAG(s) 'dataset_alias_example_alias_consumer_with_no_taskflow', 'dataset_alias_example_alias_producer_with_no_taskflow', 'dataset_s3_bucket_consumer_with_no_taskflow', 'dataset_s3_bucket_producer_with_no_taskflow' retrieved from /home/airflow/.local/lib/python3.12/site-packages/airflow/example_dags/example_dataset_alias_with_no_taskflow.py
[2025-04-21T17:07:59.256+0000] {logging_mixin.py:190} INFO - [2025-04-21T17:07:59.256+0000] {dag.py:3239} INFO - Sync 4 DAGs
[2025-04-21T17:07:59.263+0000] {logging_mixin.py:190} INFO - [2025-04-21T17:07:59.263+0000] {dag.py:4180} INFO - Setting next_dagrun for dataset_alias_example_alias_consumer_with_no_taskflow to None, run_after=None
[2025-04-21T17:07:59.264+0000] {logging_mixin.py:190} INFO - [2025-04-21T17:07:59.264+0000] {dag.py:4180} INFO - Setting next_dagrun for dataset_alias_example_alias_producer_with_no_taskflow to None, run_after=None
[2025-04-21T17:07:59.264+0000] {logging_mixin.py:190} INFO - [2025-04-21T17:07:59.264+0000] {dag.py:4180} INFO - Setting next_dagrun for dataset_s3_bucket_consumer_with_no_taskflow to None, run_after=None
[2025-04-21T17:07:59.265+0000] {logging_mixin.py:190} INFO - [2025-04-21T17:07:59.265+0000] {dag.py:4180} INFO - Setting next_dagrun for dataset_s3_bucket_producer_with_no_taskflow to None, run_after=None
[2025-04-21T17:07:59.270+0000] {processor.py:208} INFO - Processing /home/airflow/.local/lib/python3.12/site-packages/airflow/example_dags/example_dataset_alias_with_no_taskflow.py took 0.256 seconds
[2025-04-21T17:08:30.199+0000] {processor.py:186} INFO - Started process (PID=374) to work on /home/airflow/.local/lib/python3.12/site-packages/airflow/example_dags/example_dataset_alias_with_no_taskflow.py
[2025-04-21T17:08:30.200+0000] {processor.py:914} INFO - Processing file /home/airflow/.local/lib/python3.12/site-packages/airflow/example_dags/example_dataset_alias_with_no_taskflow.py for tasks to queue
[2025-04-21T17:08:30.201+0000] {logging_mixin.py:190} INFO - [2025-04-21T17:08:30.201+0000] {dagbag.py:588} INFO - Filling up the DagBag from /home/airflow/.local/lib/python3.12/site-packages/airflow/example_dags/example_dataset_alias_with_no_taskflow.py
[2025-04-21T17:08:30.453+0000] {processor.py:925} INFO - DAG(s) 'dataset_s3_bucket_consumer_with_no_taskflow', 'dataset_alias_example_alias_producer_with_no_taskflow', 'dataset_s3_bucket_producer_with_no_taskflow', 'dataset_alias_example_alias_consumer_with_no_taskflow' retrieved from /home/airflow/.local/lib/python3.12/site-packages/airflow/example_dags/example_dataset_alias_with_no_taskflow.py
[2025-04-21T17:08:30.461+0000] {logging_mixin.py:190} INFO - [2025-04-21T17:08:30.461+0000] {dag.py:3239} INFO - Sync 4 DAGs
[2025-04-21T17:08:30.470+0000] {logging_mixin.py:190} INFO - [2025-04-21T17:08:30.470+0000] {dag.py:4180} INFO - Setting next_dagrun for dataset_alias_example_alias_consumer_with_no_taskflow to None, run_after=None
[2025-04-21T17:08:30.472+0000] {logging_mixin.py:190} INFO - [2025-04-21T17:08:30.471+0000] {dag.py:4180} INFO - Setting next_dagrun for dataset_alias_example_alias_producer_with_no_taskflow to None, run_after=None
[2025-04-21T17:08:30.473+0000] {logging_mixin.py:190} INFO - [2025-04-21T17:08:30.473+0000] {dag.py:4180} INFO - Setting next_dagrun for dataset_s3_bucket_consumer_with_no_taskflow to None, run_after=None
[2025-04-21T17:08:30.473+0000] {logging_mixin.py:190} INFO - [2025-04-21T17:08:30.473+0000] {dag.py:4180} INFO - Setting next_dagrun for dataset_s3_bucket_producer_with_no_taskflow to None, run_after=None
[2025-04-21T17:08:30.479+0000] {processor.py:208} INFO - Processing /home/airflow/.local/lib/python3.12/site-packages/airflow/example_dags/example_dataset_alias_with_no_taskflow.py took 0.283 seconds
[2025-04-21T17:09:01.366+0000] {processor.py:186} INFO - Started process (PID=437) to work on /home/airflow/.local/lib/python3.12/site-packages/airflow/example_dags/example_dataset_alias_with_no_taskflow.py
[2025-04-21T17:09:01.369+0000] {processor.py:914} INFO - Processing file /home/airflow/.local/lib/python3.12/site-packages/airflow/example_dags/example_dataset_alias_with_no_taskflow.py for tasks to queue
[2025-04-21T17:09:01.370+0000] {logging_mixin.py:190} INFO - [2025-04-21T17:09:01.370+0000] {dagbag.py:588} INFO - Filling up the DagBag from /home/airflow/.local/lib/python3.12/site-packages/airflow/example_dags/example_dataset_alias_with_no_taskflow.py
[2025-04-21T17:09:01.592+0000] {processor.py:925} INFO - DAG(s) 'dataset_s3_bucket_producer_with_no_taskflow', 'dataset_s3_bucket_consumer_with_no_taskflow', 'dataset_alias_example_alias_consumer_with_no_taskflow', 'dataset_alias_example_alias_producer_with_no_taskflow' retrieved from /home/airflow/.local/lib/python3.12/site-packages/airflow/example_dags/example_dataset_alias_with_no_taskflow.py
[2025-04-21T17:09:01.601+0000] {logging_mixin.py:190} INFO - [2025-04-21T17:09:01.601+0000] {dag.py:3239} INFO - Sync 4 DAGs
[2025-04-21T17:09:01.608+0000] {logging_mixin.py:190} INFO - [2025-04-21T17:09:01.608+0000] {dag.py:4180} INFO - Setting next_dagrun for dataset_alias_example_alias_consumer_with_no_taskflow to None, run_after=None
[2025-04-21T17:09:01.609+0000] {logging_mixin.py:190} INFO - [2025-04-21T17:09:01.608+0000] {dag.py:4180} INFO - Setting next_dagrun for dataset_alias_example_alias_producer_with_no_taskflow to None, run_after=None
[2025-04-21T17:09:01.609+0000] {logging_mixin.py:190} INFO - [2025-04-21T17:09:01.609+0000] {dag.py:4180} INFO - Setting next_dagrun for dataset_s3_bucket_consumer_with_no_taskflow to None, run_after=None
[2025-04-21T17:09:01.609+0000] {logging_mixin.py:190} INFO - [2025-04-21T17:09:01.609+0000] {dag.py:4180} INFO - Setting next_dagrun for dataset_s3_bucket_producer_with_no_taskflow to None, run_after=None
[2025-04-21T17:09:01.616+0000] {processor.py:208} INFO - Processing /home/airflow/.local/lib/python3.12/site-packages/airflow/example_dags/example_dataset_alias_with_no_taskflow.py took 0.252 seconds
[2025-04-21T17:09:32.413+0000] {processor.py:186} INFO - Started process (PID=500) to work on /home/airflow/.local/lib/python3.12/site-packages/airflow/example_dags/example_dataset_alias_with_no_taskflow.py
[2025-04-21T17:09:32.413+0000] {processor.py:914} INFO - Processing file /home/airflow/.local/lib/python3.12/site-packages/airflow/example_dags/example_dataset_alias_with_no_taskflow.py for tasks to queue
[2025-04-21T17:09:32.414+0000] {logging_mixin.py:190} INFO - [2025-04-21T17:09:32.414+0000] {dagbag.py:588} INFO - Filling up the DagBag from /home/airflow/.local/lib/python3.12/site-packages/airflow/example_dags/example_dataset_alias_with_no_taskflow.py
[2025-04-21T17:09:32.655+0000] {processor.py:925} INFO - DAG(s) 'dataset_alias_example_alias_producer_with_no_taskflow', 'dataset_s3_bucket_consumer_with_no_taskflow', 'dataset_alias_example_alias_consumer_with_no_taskflow', 'dataset_s3_bucket_producer_with_no_taskflow' retrieved from /home/airflow/.local/lib/python3.12/site-packages/airflow/example_dags/example_dataset_alias_with_no_taskflow.py
[2025-04-21T17:09:32.662+0000] {logging_mixin.py:190} INFO - [2025-04-21T17:09:32.662+0000] {dag.py:3239} INFO - Sync 4 DAGs
[2025-04-21T17:09:32.670+0000] {logging_mixin.py:190} INFO - [2025-04-21T17:09:32.670+0000] {dag.py:4180} INFO - Setting next_dagrun for dataset_alias_example_alias_consumer_with_no_taskflow to None, run_after=None
[2025-04-21T17:09:32.671+0000] {logging_mixin.py:190} INFO - [2025-04-21T17:09:32.671+0000] {dag.py:4180} INFO - Setting next_dagrun for dataset_alias_example_alias_producer_with_no_taskflow to None, run_after=None
[2025-04-21T17:09:32.672+0000] {logging_mixin.py:190} INFO - [2025-04-21T17:09:32.672+0000] {dag.py:4180} INFO - Setting next_dagrun for dataset_s3_bucket_consumer_with_no_taskflow to None, run_after=None
[2025-04-21T17:09:32.672+0000] {logging_mixin.py:190} INFO - [2025-04-21T17:09:32.672+0000] {dag.py:4180} INFO - Setting next_dagrun for dataset_s3_bucket_producer_with_no_taskflow to None, run_after=None
[2025-04-21T17:09:32.678+0000] {processor.py:208} INFO - Processing /home/airflow/.local/lib/python3.12/site-packages/airflow/example_dags/example_dataset_alias_with_no_taskflow.py took 0.267 seconds
[2025-04-21T17:10:03.528+0000] {processor.py:186} INFO - Started process (PID=563) to work on /home/airflow/.local/lib/python3.12/site-packages/airflow/example_dags/example_dataset_alias_with_no_taskflow.py
[2025-04-21T17:10:03.528+0000] {processor.py:914} INFO - Processing file /home/airflow/.local/lib/python3.12/site-packages/airflow/example_dags/example_dataset_alias_with_no_taskflow.py for tasks to queue
[2025-04-21T17:10:03.529+0000] {logging_mixin.py:190} INFO - [2025-04-21T17:10:03.529+0000] {dagbag.py:588} INFO - Filling up the DagBag from /home/airflow/.local/lib/python3.12/site-packages/airflow/example_dags/example_dataset_alias_with_no_taskflow.py
[2025-04-21T17:10:03.758+0000] {processor.py:925} INFO - DAG(s) 'dataset_alias_example_alias_consumer_with_no_taskflow', 'dataset_s3_bucket_producer_with_no_taskflow', 'dataset_s3_bucket_consumer_with_no_taskflow', 'dataset_alias_example_alias_producer_with_no_taskflow' retrieved from /home/airflow/.local/lib/python3.12/site-packages/airflow/example_dags/example_dataset_alias_with_no_taskflow.py
[2025-04-21T17:10:03.766+0000] {logging_mixin.py:190} INFO - [2025-04-21T17:10:03.766+0000] {dag.py:3239} INFO - Sync 4 DAGs
[2025-04-21T17:10:03.774+0000] {logging_mixin.py:190} INFO - [2025-04-21T17:10:03.774+0000] {dag.py:4180} INFO - Setting next_dagrun for dataset_alias_example_alias_consumer_with_no_taskflow to None, run_after=None
[2025-04-21T17:10:03.775+0000] {logging_mixin.py:190} INFO - [2025-04-21T17:10:03.775+0000] {dag.py:4180} INFO - Setting next_dagrun for dataset_alias_example_alias_producer_with_no_taskflow to None, run_after=None
[2025-04-21T17:10:03.775+0000] {logging_mixin.py:190} INFO - [2025-04-21T17:10:03.775+0000] {dag.py:4180} INFO - Setting next_dagrun for dataset_s3_bucket_consumer_with_no_taskflow to None, run_after=None
[2025-04-21T17:10:03.776+0000] {logging_mixin.py:190} INFO - [2025-04-21T17:10:03.776+0000] {dag.py:4180} INFO - Setting next_dagrun for dataset_s3_bucket_producer_with_no_taskflow to None, run_after=None
[2025-04-21T17:10:03.782+0000] {processor.py:208} INFO - Processing /home/airflow/.local/lib/python3.12/site-packages/airflow/example_dags/example_dataset_alias_with_no_taskflow.py took 0.257 seconds
[2025-04-21T17:10:34.705+0000] {processor.py:186} INFO - Started process (PID=626) to work on /home/airflow/.local/lib/python3.12/site-packages/airflow/example_dags/example_dataset_alias_with_no_taskflow.py
[2025-04-21T17:10:34.708+0000] {processor.py:914} INFO - Processing file /home/airflow/.local/lib/python3.12/site-packages/airflow/example_dags/example_dataset_alias_with_no_taskflow.py for tasks to queue
[2025-04-21T17:10:34.709+0000] {logging_mixin.py:190} INFO - [2025-04-21T17:10:34.709+0000] {dagbag.py:588} INFO - Filling up the DagBag from /home/airflow/.local/lib/python3.12/site-packages/airflow/example_dags/example_dataset_alias_with_no_taskflow.py
[2025-04-21T17:10:34.958+0000] {processor.py:925} INFO - DAG(s) 'dataset_alias_example_alias_consumer_with_no_taskflow', 'dataset_s3_bucket_producer_with_no_taskflow', 'dataset_s3_bucket_consumer_with_no_taskflow', 'dataset_alias_example_alias_producer_with_no_taskflow' retrieved from /home/airflow/.local/lib/python3.12/site-packages/airflow/example_dags/example_dataset_alias_with_no_taskflow.py
[2025-04-21T17:10:34.966+0000] {logging_mixin.py:190} INFO - [2025-04-21T17:10:34.965+0000] {dag.py:3239} INFO - Sync 4 DAGs
[2025-04-21T17:10:34.974+0000] {logging_mixin.py:190} INFO - [2025-04-21T17:10:34.974+0000] {dag.py:4180} INFO - Setting next_dagrun for dataset_alias_example_alias_consumer_with_no_taskflow to None, run_after=None
[2025-04-21T17:10:34.975+0000] {logging_mixin.py:190} INFO - [2025-04-21T17:10:34.974+0000] {dag.py:4180} INFO - Setting next_dagrun for dataset_alias_example_alias_producer_with_no_taskflow to None, run_after=None
[2025-04-21T17:10:34.975+0000] {logging_mixin.py:190} INFO - [2025-04-21T17:10:34.975+0000] {dag.py:4180} INFO - Setting next_dagrun for dataset_s3_bucket_consumer_with_no_taskflow to None, run_after=None
[2025-04-21T17:10:34.976+0000] {logging_mixin.py:190} INFO - [2025-04-21T17:10:34.976+0000] {dag.py:4180} INFO - Setting next_dagrun for dataset_s3_bucket_producer_with_no_taskflow to None, run_after=None
[2025-04-21T17:10:34.983+0000] {processor.py:208} INFO - Processing /home/airflow/.local/lib/python3.12/site-packages/airflow/example_dags/example_dataset_alias_with_no_taskflow.py took 0.281 seconds
[2025-04-21T17:11:05.842+0000] {processor.py:186} INFO - Started process (PID=690) to work on /home/airflow/.local/lib/python3.12/site-packages/airflow/example_dags/example_dataset_alias_with_no_taskflow.py
[2025-04-21T17:11:05.843+0000] {processor.py:914} INFO - Processing file /home/airflow/.local/lib/python3.12/site-packages/airflow/example_dags/example_dataset_alias_with_no_taskflow.py for tasks to queue
[2025-04-21T17:11:05.844+0000] {logging_mixin.py:190} INFO - [2025-04-21T17:11:05.844+0000] {dagbag.py:588} INFO - Filling up the DagBag from /home/airflow/.local/lib/python3.12/site-packages/airflow/example_dags/example_dataset_alias_with_no_taskflow.py
[2025-04-21T17:11:06.072+0000] {processor.py:925} INFO - DAG(s) 'dataset_s3_bucket_consumer_with_no_taskflow', 'dataset_alias_example_alias_producer_with_no_taskflow', 'dataset_s3_bucket_producer_with_no_taskflow', 'dataset_alias_example_alias_consumer_with_no_taskflow' retrieved from /home/airflow/.local/lib/python3.12/site-packages/airflow/example_dags/example_dataset_alias_with_no_taskflow.py
[2025-04-21T17:11:06.082+0000] {logging_mixin.py:190} INFO - [2025-04-21T17:11:06.082+0000] {dag.py:3239} INFO - Sync 4 DAGs
[2025-04-21T17:11:06.091+0000] {logging_mixin.py:190} INFO - [2025-04-21T17:11:06.090+0000] {dag.py:4180} INFO - Setting next_dagrun for dataset_alias_example_alias_consumer_with_no_taskflow to None, run_after=None
[2025-04-21T17:11:06.092+0000] {logging_mixin.py:190} INFO - [2025-04-21T17:11:06.092+0000] {dag.py:4180} INFO - Setting next_dagrun for dataset_alias_example_alias_producer_with_no_taskflow to None, run_after=None
[2025-04-21T17:11:06.092+0000] {logging_mixin.py:190} INFO - [2025-04-21T17:11:06.092+0000] {dag.py:4180} INFO - Setting next_dagrun for dataset_s3_bucket_consumer_with_no_taskflow to None, run_after=None
[2025-04-21T17:11:06.093+0000] {logging_mixin.py:190} INFO - [2025-04-21T17:11:06.093+0000] {dag.py:4180} INFO - Setting next_dagrun for dataset_s3_bucket_producer_with_no_taskflow to None, run_after=None
[2025-04-21T17:11:06.102+0000] {processor.py:208} INFO - Processing /home/airflow/.local/lib/python3.12/site-packages/airflow/example_dags/example_dataset_alias_with_no_taskflow.py took 0.263 seconds
[2025-04-21T17:11:37.121+0000] {processor.py:186} INFO - Started process (PID=754) to work on /home/airflow/.local/lib/python3.12/site-packages/airflow/example_dags/example_dataset_alias_with_no_taskflow.py
[2025-04-21T17:11:37.122+0000] {processor.py:914} INFO - Processing file /home/airflow/.local/lib/python3.12/site-packages/airflow/example_dags/example_dataset_alias_with_no_taskflow.py for tasks to queue
[2025-04-21T17:11:37.123+0000] {logging_mixin.py:190} INFO - [2025-04-21T17:11:37.122+0000] {dagbag.py:588} INFO - Filling up the DagBag from /home/airflow/.local/lib/python3.12/site-packages/airflow/example_dags/example_dataset_alias_with_no_taskflow.py
[2025-04-21T17:11:37.365+0000] {processor.py:925} INFO - DAG(s) 'dataset_s3_bucket_consumer_with_no_taskflow', 'dataset_alias_example_alias_consumer_with_no_taskflow', 'dataset_alias_example_alias_producer_with_no_taskflow', 'dataset_s3_bucket_producer_with_no_taskflow' retrieved from /home/airflow/.local/lib/python3.12/site-packages/airflow/example_dags/example_dataset_alias_with_no_taskflow.py
[2025-04-21T17:11:37.386+0000] {logging_mixin.py:190} INFO - [2025-04-21T17:11:37.385+0000] {dag.py:3239} INFO - Sync 4 DAGs
[2025-04-21T17:11:37.398+0000] {logging_mixin.py:190} INFO - [2025-04-21T17:11:37.398+0000] {dag.py:4180} INFO - Setting next_dagrun for dataset_alias_example_alias_consumer_with_no_taskflow to None, run_after=None
[2025-04-21T17:11:37.399+0000] {logging_mixin.py:190} INFO - [2025-04-21T17:11:37.399+0000] {dag.py:4180} INFO - Setting next_dagrun for dataset_alias_example_alias_producer_with_no_taskflow to None, run_after=None
[2025-04-21T17:11:37.401+0000] {logging_mixin.py:190} INFO - [2025-04-21T17:11:37.401+0000] {dag.py:4180} INFO - Setting next_dagrun for dataset_s3_bucket_consumer_with_no_taskflow to None, run_after=None
[2025-04-21T17:11:37.402+0000] {logging_mixin.py:190} INFO - [2025-04-21T17:11:37.402+0000] {dag.py:4180} INFO - Setting next_dagrun for dataset_s3_bucket_producer_with_no_taskflow to None, run_after=None
[2025-04-21T17:11:37.413+0000] {processor.py:208} INFO - Processing /home/airflow/.local/lib/python3.12/site-packages/airflow/example_dags/example_dataset_alias_with_no_taskflow.py took 0.294 seconds
[2025-04-21T17:12:08.508+0000] {processor.py:186} INFO - Started process (PID=818) to work on /home/airflow/.local/lib/python3.12/site-packages/airflow/example_dags/example_dataset_alias_with_no_taskflow.py
[2025-04-21T17:12:08.508+0000] {processor.py:914} INFO - Processing file /home/airflow/.local/lib/python3.12/site-packages/airflow/example_dags/example_dataset_alias_with_no_taskflow.py for tasks to queue
[2025-04-21T17:12:08.509+0000] {logging_mixin.py:190} INFO - [2025-04-21T17:12:08.509+0000] {dagbag.py:588} INFO - Filling up the DagBag from /home/airflow/.local/lib/python3.12/site-packages/airflow/example_dags/example_dataset_alias_with_no_taskflow.py
[2025-04-21T17:12:08.781+0000] {processor.py:925} INFO - DAG(s) 'dataset_s3_bucket_consumer_with_no_taskflow', 'dataset_s3_bucket_producer_with_no_taskflow', 'dataset_alias_example_alias_consumer_with_no_taskflow', 'dataset_alias_example_alias_producer_with_no_taskflow' retrieved from /home/airflow/.local/lib/python3.12/site-packages/airflow/example_dags/example_dataset_alias_with_no_taskflow.py
[2025-04-21T17:12:08.789+0000] {logging_mixin.py:190} INFO - [2025-04-21T17:12:08.789+0000] {dag.py:3239} INFO - Sync 4 DAGs
[2025-04-21T17:12:08.799+0000] {logging_mixin.py:190} INFO - [2025-04-21T17:12:08.799+0000] {dag.py:4180} INFO - Setting next_dagrun for dataset_alias_example_alias_consumer_with_no_taskflow to None, run_after=None
[2025-04-21T17:12:08.800+0000] {logging_mixin.py:190} INFO - [2025-04-21T17:12:08.800+0000] {dag.py:4180} INFO - Setting next_dagrun for dataset_alias_example_alias_producer_with_no_taskflow to None, run_after=None
[2025-04-21T17:12:08.801+0000] {logging_mixin.py:190} INFO - [2025-04-21T17:12:08.801+0000] {dag.py:4180} INFO - Setting next_dagrun for dataset_s3_bucket_consumer_with_no_taskflow to None, run_after=None
[2025-04-21T17:12:08.801+0000] {logging_mixin.py:190} INFO - [2025-04-21T17:12:08.801+0000] {dag.py:4180} INFO - Setting next_dagrun for dataset_s3_bucket_producer_with_no_taskflow to None, run_after=None
[2025-04-21T17:12:08.808+0000] {processor.py:208} INFO - Processing /home/airflow/.local/lib/python3.12/site-packages/airflow/example_dags/example_dataset_alias_with_no_taskflow.py took 0.303 seconds
[2025-04-21T17:12:39.098+0000] {processor.py:186} INFO - Started process (PID=882) to work on /home/airflow/.local/lib/python3.12/site-packages/airflow/example_dags/example_dataset_alias_with_no_taskflow.py
[2025-04-21T17:12:39.099+0000] {processor.py:914} INFO - Processing file /home/airflow/.local/lib/python3.12/site-packages/airflow/example_dags/example_dataset_alias_with_no_taskflow.py for tasks to queue
[2025-04-21T17:12:39.100+0000] {logging_mixin.py:190} INFO - [2025-04-21T17:12:39.100+0000] {dagbag.py:588} INFO - Filling up the DagBag from /home/airflow/.local/lib/python3.12/site-packages/airflow/example_dags/example_dataset_alias_with_no_taskflow.py
[2025-04-21T17:12:39.538+0000] {processor.py:925} INFO - DAG(s) 'dataset_s3_bucket_producer_with_no_taskflow', 'dataset_alias_example_alias_producer_with_no_taskflow', 'dataset_s3_bucket_consumer_with_no_taskflow', 'dataset_alias_example_alias_consumer_with_no_taskflow' retrieved from /home/airflow/.local/lib/python3.12/site-packages/airflow/example_dags/example_dataset_alias_with_no_taskflow.py
[2025-04-21T17:12:39.558+0000] {logging_mixin.py:190} INFO - [2025-04-21T17:12:39.558+0000] {dag.py:3239} INFO - Sync 4 DAGs
[2025-04-21T17:12:39.566+0000] {logging_mixin.py:190} INFO - [2025-04-21T17:12:39.566+0000] {dag.py:4180} INFO - Setting next_dagrun for dataset_alias_example_alias_consumer_with_no_taskflow to None, run_after=None
[2025-04-21T17:12:39.567+0000] {logging_mixin.py:190} INFO - [2025-04-21T17:12:39.567+0000] {dag.py:4180} INFO - Setting next_dagrun for dataset_alias_example_alias_producer_with_no_taskflow to None, run_after=None
[2025-04-21T17:12:39.568+0000] {logging_mixin.py:190} INFO - [2025-04-21T17:12:39.567+0000] {dag.py:4180} INFO - Setting next_dagrun for dataset_s3_bucket_consumer_with_no_taskflow to None, run_after=None
[2025-04-21T17:12:39.568+0000] {logging_mixin.py:190} INFO - [2025-04-21T17:12:39.568+0000] {dag.py:4180} INFO - Setting next_dagrun for dataset_s3_bucket_producer_with_no_taskflow to None, run_after=None
[2025-04-21T17:12:39.574+0000] {processor.py:208} INFO - Processing /home/airflow/.local/lib/python3.12/site-packages/airflow/example_dags/example_dataset_alias_with_no_taskflow.py took 0.479 seconds
[2025-04-21T17:13:09.917+0000] {processor.py:186} INFO - Started process (PID=948) to work on /home/airflow/.local/lib/python3.12/site-packages/airflow/example_dags/example_dataset_alias_with_no_taskflow.py
[2025-04-21T17:13:09.917+0000] {processor.py:914} INFO - Processing file /home/airflow/.local/lib/python3.12/site-packages/airflow/example_dags/example_dataset_alias_with_no_taskflow.py for tasks to queue
[2025-04-21T17:13:09.918+0000] {logging_mixin.py:190} INFO - [2025-04-21T17:13:09.918+0000] {dagbag.py:588} INFO - Filling up the DagBag from /home/airflow/.local/lib/python3.12/site-packages/airflow/example_dags/example_dataset_alias_with_no_taskflow.py
[2025-04-21T17:13:10.191+0000] {processor.py:925} INFO - DAG(s) 'dataset_s3_bucket_producer_with_no_taskflow', 'dataset_alias_example_alias_producer_with_no_taskflow', 'dataset_alias_example_alias_consumer_with_no_taskflow', 'dataset_s3_bucket_consumer_with_no_taskflow' retrieved from /home/airflow/.local/lib/python3.12/site-packages/airflow/example_dags/example_dataset_alias_with_no_taskflow.py
[2025-04-21T17:13:10.199+0000] {logging_mixin.py:190} INFO - [2025-04-21T17:13:10.199+0000] {dag.py:3239} INFO - Sync 4 DAGs
[2025-04-21T17:13:10.206+0000] {logging_mixin.py:190} INFO - [2025-04-21T17:13:10.206+0000] {dag.py:4180} INFO - Setting next_dagrun for dataset_alias_example_alias_consumer_with_no_taskflow to None, run_after=None
[2025-04-21T17:13:10.207+0000] {logging_mixin.py:190} INFO - [2025-04-21T17:13:10.207+0000] {dag.py:4180} INFO - Setting next_dagrun for dataset_alias_example_alias_producer_with_no_taskflow to None, run_after=None
[2025-04-21T17:13:10.208+0000] {logging_mixin.py:190} INFO - [2025-04-21T17:13:10.208+0000] {dag.py:4180} INFO - Setting next_dagrun for dataset_s3_bucket_consumer_with_no_taskflow to None, run_after=None
[2025-04-21T17:13:10.209+0000] {logging_mixin.py:190} INFO - [2025-04-21T17:13:10.209+0000] {dag.py:4180} INFO - Setting next_dagrun for dataset_s3_bucket_producer_with_no_taskflow to None, run_after=None
[2025-04-21T17:13:10.218+0000] {processor.py:208} INFO - Processing /home/airflow/.local/lib/python3.12/site-packages/airflow/example_dags/example_dataset_alias_with_no_taskflow.py took 0.304 seconds
[2025-04-21T17:13:40.288+0000] {processor.py:186} INFO - Started process (PID=1012) to work on /home/airflow/.local/lib/python3.12/site-packages/airflow/example_dags/example_dataset_alias_with_no_taskflow.py
[2025-04-21T17:13:40.289+0000] {processor.py:914} INFO - Processing file /home/airflow/.local/lib/python3.12/site-packages/airflow/example_dags/example_dataset_alias_with_no_taskflow.py for tasks to queue
[2025-04-21T17:13:40.290+0000] {logging_mixin.py:190} INFO - [2025-04-21T17:13:40.290+0000] {dagbag.py:588} INFO - Filling up the DagBag from /home/airflow/.local/lib/python3.12/site-packages/airflow/example_dags/example_dataset_alias_with_no_taskflow.py
[2025-04-21T17:13:40.545+0000] {processor.py:925} INFO - DAG(s) 'dataset_alias_example_alias_producer_with_no_taskflow', 'dataset_s3_bucket_producer_with_no_taskflow', 'dataset_alias_example_alias_consumer_with_no_taskflow', 'dataset_s3_bucket_consumer_with_no_taskflow' retrieved from /home/airflow/.local/lib/python3.12/site-packages/airflow/example_dags/example_dataset_alias_with_no_taskflow.py
[2025-04-21T17:13:40.555+0000] {logging_mixin.py:190} INFO - [2025-04-21T17:13:40.555+0000] {dag.py:3239} INFO - Sync 4 DAGs
[2025-04-21T17:13:40.563+0000] {logging_mixin.py:190} INFO - [2025-04-21T17:13:40.563+0000] {dag.py:4180} INFO - Setting next_dagrun for dataset_alias_example_alias_consumer_with_no_taskflow to None, run_after=None
[2025-04-21T17:13:40.564+0000] {logging_mixin.py:190} INFO - [2025-04-21T17:13:40.564+0000] {dag.py:4180} INFO - Setting next_dagrun for dataset_alias_example_alias_producer_with_no_taskflow to None, run_after=None
[2025-04-21T17:13:40.565+0000] {logging_mixin.py:190} INFO - [2025-04-21T17:13:40.565+0000] {dag.py:4180} INFO - Setting next_dagrun for dataset_s3_bucket_consumer_with_no_taskflow to None, run_after=None
[2025-04-21T17:13:40.565+0000] {logging_mixin.py:190} INFO - [2025-04-21T17:13:40.565+0000] {dag.py:4180} INFO - Setting next_dagrun for dataset_s3_bucket_producer_with_no_taskflow to None, run_after=None
[2025-04-21T17:13:40.575+0000] {processor.py:208} INFO - Processing /home/airflow/.local/lib/python3.12/site-packages/airflow/example_dags/example_dataset_alias_with_no_taskflow.py took 0.289 seconds
[2025-04-21T17:14:10.799+0000] {processor.py:186} INFO - Started process (PID=1080) to work on /home/airflow/.local/lib/python3.12/site-packages/airflow/example_dags/example_dataset_alias_with_no_taskflow.py
[2025-04-21T17:14:10.800+0000] {processor.py:914} INFO - Processing file /home/airflow/.local/lib/python3.12/site-packages/airflow/example_dags/example_dataset_alias_with_no_taskflow.py for tasks to queue
[2025-04-21T17:14:10.801+0000] {logging_mixin.py:190} INFO - [2025-04-21T17:14:10.801+0000] {dagbag.py:588} INFO - Filling up the DagBag from /home/airflow/.local/lib/python3.12/site-packages/airflow/example_dags/example_dataset_alias_with_no_taskflow.py
[2025-04-21T17:14:11.022+0000] {processor.py:925} INFO - DAG(s) 'dataset_alias_example_alias_producer_with_no_taskflow', 'dataset_s3_bucket_producer_with_no_taskflow', 'dataset_s3_bucket_consumer_with_no_taskflow', 'dataset_alias_example_alias_consumer_with_no_taskflow' retrieved from /home/airflow/.local/lib/python3.12/site-packages/airflow/example_dags/example_dataset_alias_with_no_taskflow.py
[2025-04-21T17:14:11.031+0000] {logging_mixin.py:190} INFO - [2025-04-21T17:14:11.031+0000] {dag.py:3239} INFO - Sync 4 DAGs
[2025-04-21T17:14:11.038+0000] {logging_mixin.py:190} INFO - [2025-04-21T17:14:11.038+0000] {dag.py:4180} INFO - Setting next_dagrun for dataset_alias_example_alias_consumer_with_no_taskflow to None, run_after=None
[2025-04-21T17:14:11.040+0000] {logging_mixin.py:190} INFO - [2025-04-21T17:14:11.040+0000] {dag.py:4180} INFO - Setting next_dagrun for dataset_alias_example_alias_producer_with_no_taskflow to None, run_after=None
[2025-04-21T17:14:11.040+0000] {logging_mixin.py:190} INFO - [2025-04-21T17:14:11.040+0000] {dag.py:4180} INFO - Setting next_dagrun for dataset_s3_bucket_consumer_with_no_taskflow to None, run_after=None
[2025-04-21T17:14:11.044+0000] {logging_mixin.py:190} INFO - [2025-04-21T17:14:11.044+0000] {dag.py:4180} INFO - Setting next_dagrun for dataset_s3_bucket_producer_with_no_taskflow to None, run_after=None
[2025-04-21T17:14:11.057+0000] {processor.py:208} INFO - Processing /home/airflow/.local/lib/python3.12/site-packages/airflow/example_dags/example_dataset_alias_with_no_taskflow.py took 0.260 seconds
[2025-04-21T17:14:41.092+0000] {processor.py:186} INFO - Started process (PID=1146) to work on /home/airflow/.local/lib/python3.12/site-packages/airflow/example_dags/example_dataset_alias_with_no_taskflow.py
[2025-04-21T17:14:41.092+0000] {processor.py:914} INFO - Processing file /home/airflow/.local/lib/python3.12/site-packages/airflow/example_dags/example_dataset_alias_with_no_taskflow.py for tasks to queue
[2025-04-21T17:14:41.093+0000] {logging_mixin.py:190} INFO - [2025-04-21T17:14:41.093+0000] {dagbag.py:588} INFO - Filling up the DagBag from /home/airflow/.local/lib/python3.12/site-packages/airflow/example_dags/example_dataset_alias_with_no_taskflow.py
[2025-04-21T17:14:41.300+0000] {processor.py:925} INFO - DAG(s) 'dataset_alias_example_alias_producer_with_no_taskflow', 'dataset_alias_example_alias_consumer_with_no_taskflow', 'dataset_s3_bucket_producer_with_no_taskflow', 'dataset_s3_bucket_consumer_with_no_taskflow' retrieved from /home/airflow/.local/lib/python3.12/site-packages/airflow/example_dags/example_dataset_alias_with_no_taskflow.py
[2025-04-21T17:14:41.306+0000] {logging_mixin.py:190} INFO - [2025-04-21T17:14:41.306+0000] {dag.py:3239} INFO - Sync 4 DAGs
[2025-04-21T17:14:41.313+0000] {logging_mixin.py:190} INFO - [2025-04-21T17:14:41.312+0000] {dag.py:4180} INFO - Setting next_dagrun for dataset_alias_example_alias_consumer_with_no_taskflow to None, run_after=None
[2025-04-21T17:14:41.313+0000] {logging_mixin.py:190} INFO - [2025-04-21T17:14:41.313+0000] {dag.py:4180} INFO - Setting next_dagrun for dataset_alias_example_alias_producer_with_no_taskflow to None, run_after=None
[2025-04-21T17:14:41.314+0000] {logging_mixin.py:190} INFO - [2025-04-21T17:14:41.314+0000] {dag.py:4180} INFO - Setting next_dagrun for dataset_s3_bucket_consumer_with_no_taskflow to None, run_after=None
[2025-04-21T17:14:41.314+0000] {logging_mixin.py:190} INFO - [2025-04-21T17:14:41.314+0000] {dag.py:4180} INFO - Setting next_dagrun for dataset_s3_bucket_producer_with_no_taskflow to None, run_after=None
[2025-04-21T17:14:41.319+0000] {processor.py:208} INFO - Processing /home/airflow/.local/lib/python3.12/site-packages/airflow/example_dags/example_dataset_alias_with_no_taskflow.py took 0.229 seconds
[2025-04-21T17:15:11.370+0000] {processor.py:186} INFO - Started process (PID=1210) to work on /home/airflow/.local/lib/python3.12/site-packages/airflow/example_dags/example_dataset_alias_with_no_taskflow.py
[2025-04-21T17:15:11.371+0000] {processor.py:914} INFO - Processing file /home/airflow/.local/lib/python3.12/site-packages/airflow/example_dags/example_dataset_alias_with_no_taskflow.py for tasks to queue
[2025-04-21T17:15:11.372+0000] {logging_mixin.py:190} INFO - [2025-04-21T17:15:11.371+0000] {dagbag.py:588} INFO - Filling up the DagBag from /home/airflow/.local/lib/python3.12/site-packages/airflow/example_dags/example_dataset_alias_with_no_taskflow.py
[2025-04-21T17:15:11.594+0000] {processor.py:925} INFO - DAG(s) 'dataset_alias_example_alias_producer_with_no_taskflow', 'dataset_s3_bucket_producer_with_no_taskflow', 'dataset_alias_example_alias_consumer_with_no_taskflow', 'dataset_s3_bucket_consumer_with_no_taskflow' retrieved from /home/airflow/.local/lib/python3.12/site-packages/airflow/example_dags/example_dataset_alias_with_no_taskflow.py
[2025-04-21T17:15:11.601+0000] {logging_mixin.py:190} INFO - [2025-04-21T17:15:11.601+0000] {dag.py:3239} INFO - Sync 4 DAGs
[2025-04-21T17:15:11.609+0000] {logging_mixin.py:190} INFO - [2025-04-21T17:15:11.609+0000] {dag.py:4180} INFO - Setting next_dagrun for dataset_alias_example_alias_consumer_with_no_taskflow to None, run_after=None
[2025-04-21T17:15:11.610+0000] {logging_mixin.py:190} INFO - [2025-04-21T17:15:11.610+0000] {dag.py:4180} INFO - Setting next_dagrun for dataset_alias_example_alias_producer_with_no_taskflow to None, run_after=None
[2025-04-21T17:15:11.610+0000] {logging_mixin.py:190} INFO - [2025-04-21T17:15:11.610+0000] {dag.py:4180} INFO - Setting next_dagrun for dataset_s3_bucket_consumer_with_no_taskflow to None, run_after=None
[2025-04-21T17:15:11.612+0000] {logging_mixin.py:190} INFO - [2025-04-21T17:15:11.611+0000] {dag.py:4180} INFO - Setting next_dagrun for dataset_s3_bucket_producer_with_no_taskflow to None, run_after=None
[2025-04-21T17:15:11.619+0000] {processor.py:208} INFO - Processing /home/airflow/.local/lib/python3.12/site-packages/airflow/example_dags/example_dataset_alias_with_no_taskflow.py took 0.251 seconds
[2025-04-21T17:15:41.724+0000] {processor.py:186} INFO - Started process (PID=1273) to work on /home/airflow/.local/lib/python3.12/site-packages/airflow/example_dags/example_dataset_alias_with_no_taskflow.py
[2025-04-21T17:15:41.727+0000] {processor.py:914} INFO - Processing file /home/airflow/.local/lib/python3.12/site-packages/airflow/example_dags/example_dataset_alias_with_no_taskflow.py for tasks to queue
[2025-04-21T17:15:41.729+0000] {logging_mixin.py:190} INFO - [2025-04-21T17:15:41.728+0000] {dagbag.py:588} INFO - Filling up the DagBag from /home/airflow/.local/lib/python3.12/site-packages/airflow/example_dags/example_dataset_alias_with_no_taskflow.py
[2025-04-21T17:15:41.970+0000] {processor.py:925} INFO - DAG(s) 'dataset_s3_bucket_producer_with_no_taskflow', 'dataset_alias_example_alias_producer_with_no_taskflow', 'dataset_alias_example_alias_consumer_with_no_taskflow', 'dataset_s3_bucket_consumer_with_no_taskflow' retrieved from /home/airflow/.local/lib/python3.12/site-packages/airflow/example_dags/example_dataset_alias_with_no_taskflow.py
[2025-04-21T17:15:41.977+0000] {logging_mixin.py:190} INFO - [2025-04-21T17:15:41.976+0000] {dag.py:3239} INFO - Sync 4 DAGs
[2025-04-21T17:15:41.986+0000] {logging_mixin.py:190} INFO - [2025-04-21T17:15:41.986+0000] {dag.py:4180} INFO - Setting next_dagrun for dataset_alias_example_alias_consumer_with_no_taskflow to None, run_after=None
[2025-04-21T17:15:41.988+0000] {logging_mixin.py:190} INFO - [2025-04-21T17:15:41.988+0000] {dag.py:4180} INFO - Setting next_dagrun for dataset_alias_example_alias_producer_with_no_taskflow to None, run_after=None
[2025-04-21T17:15:41.988+0000] {logging_mixin.py:190} INFO - [2025-04-21T17:15:41.988+0000] {dag.py:4180} INFO - Setting next_dagrun for dataset_s3_bucket_consumer_with_no_taskflow to None, run_after=None
[2025-04-21T17:15:41.989+0000] {logging_mixin.py:190} INFO - [2025-04-21T17:15:41.989+0000] {dag.py:4180} INFO - Setting next_dagrun for dataset_s3_bucket_producer_with_no_taskflow to None, run_after=None
[2025-04-21T17:15:42.001+0000] {processor.py:208} INFO - Processing /home/airflow/.local/lib/python3.12/site-packages/airflow/example_dags/example_dataset_alias_with_no_taskflow.py took 0.280 seconds
[2025-04-21T17:16:12.190+0000] {processor.py:186} INFO - Started process (PID=1338) to work on /home/airflow/.local/lib/python3.12/site-packages/airflow/example_dags/example_dataset_alias_with_no_taskflow.py
[2025-04-21T17:16:12.191+0000] {processor.py:914} INFO - Processing file /home/airflow/.local/lib/python3.12/site-packages/airflow/example_dags/example_dataset_alias_with_no_taskflow.py for tasks to queue
[2025-04-21T17:16:12.193+0000] {logging_mixin.py:190} INFO - [2025-04-21T17:16:12.193+0000] {dagbag.py:588} INFO - Filling up the DagBag from /home/airflow/.local/lib/python3.12/site-packages/airflow/example_dags/example_dataset_alias_with_no_taskflow.py
[2025-04-21T17:16:12.421+0000] {processor.py:925} INFO - DAG(s) 'dataset_s3_bucket_consumer_with_no_taskflow', 'dataset_s3_bucket_producer_with_no_taskflow', 'dataset_alias_example_alias_producer_with_no_taskflow', 'dataset_alias_example_alias_consumer_with_no_taskflow' retrieved from /home/airflow/.local/lib/python3.12/site-packages/airflow/example_dags/example_dataset_alias_with_no_taskflow.py
[2025-04-21T17:16:12.428+0000] {logging_mixin.py:190} INFO - [2025-04-21T17:16:12.427+0000] {dag.py:3239} INFO - Sync 4 DAGs
[2025-04-21T17:16:12.437+0000] {logging_mixin.py:190} INFO - [2025-04-21T17:16:12.437+0000] {dag.py:4180} INFO - Setting next_dagrun for dataset_alias_example_alias_consumer_with_no_taskflow to None, run_after=None
[2025-04-21T17:16:12.438+0000] {logging_mixin.py:190} INFO - [2025-04-21T17:16:12.438+0000] {dag.py:4180} INFO - Setting next_dagrun for dataset_alias_example_alias_producer_with_no_taskflow to None, run_after=None
[2025-04-21T17:16:12.438+0000] {logging_mixin.py:190} INFO - [2025-04-21T17:16:12.438+0000] {dag.py:4180} INFO - Setting next_dagrun for dataset_s3_bucket_consumer_with_no_taskflow to None, run_after=None
[2025-04-21T17:16:12.439+0000] {logging_mixin.py:190} INFO - [2025-04-21T17:16:12.439+0000] {dag.py:4180} INFO - Setting next_dagrun for dataset_s3_bucket_producer_with_no_taskflow to None, run_after=None
[2025-04-21T17:16:12.446+0000] {processor.py:208} INFO - Processing /home/airflow/.local/lib/python3.12/site-packages/airflow/example_dags/example_dataset_alias_with_no_taskflow.py took 0.259 seconds
[2025-04-21T17:16:42.520+0000] {processor.py:186} INFO - Started process (PID=1403) to work on /home/airflow/.local/lib/python3.12/site-packages/airflow/example_dags/example_dataset_alias_with_no_taskflow.py
[2025-04-21T17:16:42.520+0000] {processor.py:914} INFO - Processing file /home/airflow/.local/lib/python3.12/site-packages/airflow/example_dags/example_dataset_alias_with_no_taskflow.py for tasks to queue
[2025-04-21T17:16:42.521+0000] {logging_mixin.py:190} INFO - [2025-04-21T17:16:42.521+0000] {dagbag.py:588} INFO - Filling up the DagBag from /home/airflow/.local/lib/python3.12/site-packages/airflow/example_dags/example_dataset_alias_with_no_taskflow.py
[2025-04-21T17:16:42.753+0000] {processor.py:925} INFO - DAG(s) 'dataset_alias_example_alias_producer_with_no_taskflow', 'dataset_s3_bucket_consumer_with_no_taskflow', 'dataset_s3_bucket_producer_with_no_taskflow', 'dataset_alias_example_alias_consumer_with_no_taskflow' retrieved from /home/airflow/.local/lib/python3.12/site-packages/airflow/example_dags/example_dataset_alias_with_no_taskflow.py
[2025-04-21T17:16:42.760+0000] {logging_mixin.py:190} INFO - [2025-04-21T17:16:42.760+0000] {dag.py:3239} INFO - Sync 4 DAGs
[2025-04-21T17:16:42.767+0000] {logging_mixin.py:190} INFO - [2025-04-21T17:16:42.767+0000] {dag.py:4180} INFO - Setting next_dagrun for dataset_alias_example_alias_consumer_with_no_taskflow to None, run_after=None
[2025-04-21T17:16:42.768+0000] {logging_mixin.py:190} INFO - [2025-04-21T17:16:42.768+0000] {dag.py:4180} INFO - Setting next_dagrun for dataset_alias_example_alias_producer_with_no_taskflow to None, run_after=None
[2025-04-21T17:16:42.769+0000] {logging_mixin.py:190} INFO - [2025-04-21T17:16:42.769+0000] {dag.py:4180} INFO - Setting next_dagrun for dataset_s3_bucket_consumer_with_no_taskflow to None, run_after=None
[2025-04-21T17:16:42.770+0000] {logging_mixin.py:190} INFO - [2025-04-21T17:16:42.770+0000] {dag.py:4180} INFO - Setting next_dagrun for dataset_s3_bucket_producer_with_no_taskflow to None, run_after=None
[2025-04-21T17:16:42.780+0000] {processor.py:208} INFO - Processing /home/airflow/.local/lib/python3.12/site-packages/airflow/example_dags/example_dataset_alias_with_no_taskflow.py took 0.262 seconds
[2025-04-21T17:17:13.545+0000] {processor.py:186} INFO - Started process (PID=1467) to work on /home/airflow/.local/lib/python3.12/site-packages/airflow/example_dags/example_dataset_alias_with_no_taskflow.py
[2025-04-21T17:17:13.546+0000] {processor.py:914} INFO - Processing file /home/airflow/.local/lib/python3.12/site-packages/airflow/example_dags/example_dataset_alias_with_no_taskflow.py for tasks to queue
[2025-04-21T17:17:13.547+0000] {logging_mixin.py:190} INFO - [2025-04-21T17:17:13.547+0000] {dagbag.py:588} INFO - Filling up the DagBag from /home/airflow/.local/lib/python3.12/site-packages/airflow/example_dags/example_dataset_alias_with_no_taskflow.py
[2025-04-21T17:17:13.781+0000] {processor.py:925} INFO - DAG(s) 'dataset_alias_example_alias_producer_with_no_taskflow', 'dataset_s3_bucket_consumer_with_no_taskflow', 'dataset_s3_bucket_producer_with_no_taskflow', 'dataset_alias_example_alias_consumer_with_no_taskflow' retrieved from /home/airflow/.local/lib/python3.12/site-packages/airflow/example_dags/example_dataset_alias_with_no_taskflow.py
[2025-04-21T17:17:13.792+0000] {logging_mixin.py:190} INFO - [2025-04-21T17:17:13.791+0000] {dag.py:3239} INFO - Sync 4 DAGs
[2025-04-21T17:17:13.798+0000] {logging_mixin.py:190} INFO - [2025-04-21T17:17:13.798+0000] {dag.py:4180} INFO - Setting next_dagrun for dataset_alias_example_alias_consumer_with_no_taskflow to None, run_after=None
[2025-04-21T17:17:13.799+0000] {logging_mixin.py:190} INFO - [2025-04-21T17:17:13.799+0000] {dag.py:4180} INFO - Setting next_dagrun for dataset_alias_example_alias_producer_with_no_taskflow to None, run_after=None
[2025-04-21T17:17:13.800+0000] {logging_mixin.py:190} INFO - [2025-04-21T17:17:13.800+0000] {dag.py:4180} INFO - Setting next_dagrun for dataset_s3_bucket_consumer_with_no_taskflow to None, run_after=None
[2025-04-21T17:17:13.801+0000] {logging_mixin.py:190} INFO - [2025-04-21T17:17:13.801+0000] {dag.py:4180} INFO - Setting next_dagrun for dataset_s3_bucket_producer_with_no_taskflow to None, run_after=None
[2025-04-21T17:17:13.810+0000] {processor.py:208} INFO - Processing /home/airflow/.local/lib/python3.12/site-packages/airflow/example_dags/example_dataset_alias_with_no_taskflow.py took 0.269 seconds
[2025-04-21T17:17:43.939+0000] {processor.py:186} INFO - Started process (PID=1531) to work on /home/airflow/.local/lib/python3.12/site-packages/airflow/example_dags/example_dataset_alias_with_no_taskflow.py
[2025-04-21T17:17:43.940+0000] {processor.py:914} INFO - Processing file /home/airflow/.local/lib/python3.12/site-packages/airflow/example_dags/example_dataset_alias_with_no_taskflow.py for tasks to queue
[2025-04-21T17:17:43.942+0000] {logging_mixin.py:190} INFO - [2025-04-21T17:17:43.941+0000] {dagbag.py:588} INFO - Filling up the DagBag from /home/airflow/.local/lib/python3.12/site-packages/airflow/example_dags/example_dataset_alias_with_no_taskflow.py
[2025-04-21T17:17:44.184+0000] {processor.py:925} INFO - DAG(s) 'dataset_alias_example_alias_consumer_with_no_taskflow', 'dataset_alias_example_alias_producer_with_no_taskflow', 'dataset_s3_bucket_producer_with_no_taskflow', 'dataset_s3_bucket_consumer_with_no_taskflow' retrieved from /home/airflow/.local/lib/python3.12/site-packages/airflow/example_dags/example_dataset_alias_with_no_taskflow.py
[2025-04-21T17:17:44.195+0000] {logging_mixin.py:190} INFO - [2025-04-21T17:17:44.194+0000] {dag.py:3239} INFO - Sync 4 DAGs
[2025-04-21T17:17:44.204+0000] {logging_mixin.py:190} INFO - [2025-04-21T17:17:44.204+0000] {dag.py:4180} INFO - Setting next_dagrun for dataset_alias_example_alias_consumer_with_no_taskflow to None, run_after=None
[2025-04-21T17:17:44.205+0000] {logging_mixin.py:190} INFO - [2025-04-21T17:17:44.205+0000] {dag.py:4180} INFO - Setting next_dagrun for dataset_alias_example_alias_producer_with_no_taskflow to None, run_after=None
[2025-04-21T17:17:44.206+0000] {logging_mixin.py:190} INFO - [2025-04-21T17:17:44.206+0000] {dag.py:4180} INFO - Setting next_dagrun for dataset_s3_bucket_consumer_with_no_taskflow to None, run_after=None
[2025-04-21T17:17:44.207+0000] {logging_mixin.py:190} INFO - [2025-04-21T17:17:44.206+0000] {dag.py:4180} INFO - Setting next_dagrun for dataset_s3_bucket_producer_with_no_taskflow to None, run_after=None
[2025-04-21T17:17:44.218+0000] {processor.py:208} INFO - Processing /home/airflow/.local/lib/python3.12/site-packages/airflow/example_dags/example_dataset_alias_with_no_taskflow.py took 0.282 seconds
[2025-04-21T17:18:14.290+0000] {processor.py:186} INFO - Started process (PID=1594) to work on /home/airflow/.local/lib/python3.12/site-packages/airflow/example_dags/example_dataset_alias_with_no_taskflow.py
[2025-04-21T17:18:14.294+0000] {processor.py:914} INFO - Processing file /home/airflow/.local/lib/python3.12/site-packages/airflow/example_dags/example_dataset_alias_with_no_taskflow.py for tasks to queue
[2025-04-21T17:18:14.295+0000] {logging_mixin.py:190} INFO - [2025-04-21T17:18:14.295+0000] {dagbag.py:588} INFO - Filling up the DagBag from /home/airflow/.local/lib/python3.12/site-packages/airflow/example_dags/example_dataset_alias_with_no_taskflow.py
[2025-04-21T17:18:14.519+0000] {processor.py:925} INFO - DAG(s) 'dataset_s3_bucket_producer_with_no_taskflow', 'dataset_alias_example_alias_producer_with_no_taskflow', 'dataset_s3_bucket_consumer_with_no_taskflow', 'dataset_alias_example_alias_consumer_with_no_taskflow' retrieved from /home/airflow/.local/lib/python3.12/site-packages/airflow/example_dags/example_dataset_alias_with_no_taskflow.py
[2025-04-21T17:18:14.527+0000] {logging_mixin.py:190} INFO - [2025-04-21T17:18:14.527+0000] {dag.py:3239} INFO - Sync 4 DAGs
[2025-04-21T17:18:14.536+0000] {logging_mixin.py:190} INFO - [2025-04-21T17:18:14.535+0000] {dag.py:4180} INFO - Setting next_dagrun for dataset_alias_example_alias_consumer_with_no_taskflow to None, run_after=None
[2025-04-21T17:18:14.536+0000] {logging_mixin.py:190} INFO - [2025-04-21T17:18:14.536+0000] {dag.py:4180} INFO - Setting next_dagrun for dataset_alias_example_alias_producer_with_no_taskflow to None, run_after=None
[2025-04-21T17:18:14.538+0000] {logging_mixin.py:190} INFO - [2025-04-21T17:18:14.538+0000] {dag.py:4180} INFO - Setting next_dagrun for dataset_s3_bucket_consumer_with_no_taskflow to None, run_after=None
[2025-04-21T17:18:14.538+0000] {logging_mixin.py:190} INFO - [2025-04-21T17:18:14.538+0000] {dag.py:4180} INFO - Setting next_dagrun for dataset_s3_bucket_producer_with_no_taskflow to None, run_after=None
[2025-04-21T17:18:14.546+0000] {processor.py:208} INFO - Processing /home/airflow/.local/lib/python3.12/site-packages/airflow/example_dags/example_dataset_alias_with_no_taskflow.py took 0.258 seconds
[2025-04-21T17:18:44.577+0000] {processor.py:186} INFO - Started process (PID=1658) to work on /home/airflow/.local/lib/python3.12/site-packages/airflow/example_dags/example_dataset_alias_with_no_taskflow.py
[2025-04-21T17:18:44.578+0000] {processor.py:914} INFO - Processing file /home/airflow/.local/lib/python3.12/site-packages/airflow/example_dags/example_dataset_alias_with_no_taskflow.py for tasks to queue
[2025-04-21T17:18:44.579+0000] {logging_mixin.py:190} INFO - [2025-04-21T17:18:44.579+0000] {dagbag.py:588} INFO - Filling up the DagBag from /home/airflow/.local/lib/python3.12/site-packages/airflow/example_dags/example_dataset_alias_with_no_taskflow.py
[2025-04-21T17:18:44.812+0000] {processor.py:925} INFO - DAG(s) 'dataset_s3_bucket_consumer_with_no_taskflow', 'dataset_alias_example_alias_producer_with_no_taskflow', 'dataset_s3_bucket_producer_with_no_taskflow', 'dataset_alias_example_alias_consumer_with_no_taskflow' retrieved from /home/airflow/.local/lib/python3.12/site-packages/airflow/example_dags/example_dataset_alias_with_no_taskflow.py
[2025-04-21T17:18:44.825+0000] {logging_mixin.py:190} INFO - [2025-04-21T17:18:44.825+0000] {dag.py:3239} INFO - Sync 4 DAGs
[2025-04-21T17:18:44.833+0000] {logging_mixin.py:190} INFO - [2025-04-21T17:18:44.833+0000] {dag.py:4180} INFO - Setting next_dagrun for dataset_alias_example_alias_consumer_with_no_taskflow to None, run_after=None
[2025-04-21T17:18:44.835+0000] {logging_mixin.py:190} INFO - [2025-04-21T17:18:44.834+0000] {dag.py:4180} INFO - Setting next_dagrun for dataset_alias_example_alias_producer_with_no_taskflow to None, run_after=None
[2025-04-21T17:18:44.835+0000] {logging_mixin.py:190} INFO - [2025-04-21T17:18:44.835+0000] {dag.py:4180} INFO - Setting next_dagrun for dataset_s3_bucket_consumer_with_no_taskflow to None, run_after=None
[2025-04-21T17:18:44.836+0000] {logging_mixin.py:190} INFO - [2025-04-21T17:18:44.836+0000] {dag.py:4180} INFO - Setting next_dagrun for dataset_s3_bucket_producer_with_no_taskflow to None, run_after=None
[2025-04-21T17:18:44.846+0000] {processor.py:208} INFO - Processing /home/airflow/.local/lib/python3.12/site-packages/airflow/example_dags/example_dataset_alias_with_no_taskflow.py took 0.271 seconds
