[2025-04-21T17:02:00.793+0000] {processor.py:186} INFO - Started process (PID=76) to work on /home/airflow/.local/lib/python3.12/site-packages/airflow/example_dags/example_task_group.py
[2025-04-21T17:02:00.793+0000] {processor.py:914} INFO - Processing file /home/airflow/.local/lib/python3.12/site-packages/airflow/example_dags/example_task_group.py for tasks to queue
[2025-04-21T17:02:00.794+0000] {logging_mixin.py:190} INFO - [2025-04-21T17:02:00.794+0000] {dagbag.py:588} INFO - Filling up the DagBag from /home/airflow/.local/lib/python3.12/site-packages/airflow/example_dags/example_task_group.py
[2025-04-21T17:02:00.799+0000] {processor.py:925} INFO - DAG(s) 'example_task_group' retrieved from /home/airflow/.local/lib/python3.12/site-packages/airflow/example_dags/example_task_group.py
[2025-04-21T17:02:00.840+0000] {logging_mixin.py:190} INFO - [2025-04-21T17:02:00.840+0000] {override.py:1912} INFO - Created Permission View: can read on DAG:example_task_group
[2025-04-21T17:02:00.844+0000] {logging_mixin.py:190} INFO - [2025-04-21T17:02:00.844+0000] {override.py:1912} INFO - Created Permission View: can edit on DAG:example_task_group
[2025-04-21T17:02:00.846+0000] {logging_mixin.py:190} INFO - [2025-04-21T17:02:00.845+0000] {override.py:1912} INFO - Created Permission View: can delete on DAG:example_task_group
[2025-04-21T17:02:00.847+0000] {logging_mixin.py:190} INFO - [2025-04-21T17:02:00.847+0000] {override.py:1912} INFO - Created Permission View: can read on DAG Run:example_task_group
[2025-04-21T17:02:00.849+0000] {logging_mixin.py:190} INFO - [2025-04-21T17:02:00.849+0000] {override.py:1912} INFO - Created Permission View: can delete on DAG Run:example_task_group
[2025-04-21T17:02:00.851+0000] {logging_mixin.py:190} INFO - [2025-04-21T17:02:00.851+0000] {override.py:1912} INFO - Created Permission View: menu access on DAG Run:example_task_group
[2025-04-21T17:02:00.853+0000] {logging_mixin.py:190} INFO - [2025-04-21T17:02:00.853+0000] {override.py:1912} INFO - Created Permission View: can create on DAG Run:example_task_group
[2025-04-21T17:02:00.853+0000] {logging_mixin.py:190} INFO - [2025-04-21T17:02:00.853+0000] {dag.py:3239} INFO - Sync 1 DAGs
[2025-04-21T17:02:00.858+0000] {logging_mixin.py:190} INFO - [2025-04-21T17:02:00.858+0000] {dag.py:3262} INFO - Creating ORM DAG for example_task_group
[2025-04-21T17:02:00.858+0000] {logging_mixin.py:190} INFO - [2025-04-21T17:02:00.858+0000] {dag.py:4180} INFO - Setting next_dagrun for example_task_group to None, run_after=None
[2025-04-21T17:02:00.863+0000] {processor.py:208} INFO - Processing /home/airflow/.local/lib/python3.12/site-packages/airflow/example_dags/example_task_group.py took 0.073 seconds
[2025-04-21T17:02:30.969+0000] {processor.py:186} INFO - Started process (PID=138) to work on /home/airflow/.local/lib/python3.12/site-packages/airflow/example_dags/example_task_group.py
[2025-04-21T17:02:30.969+0000] {processor.py:914} INFO - Processing file /home/airflow/.local/lib/python3.12/site-packages/airflow/example_dags/example_task_group.py for tasks to queue
[2025-04-21T17:02:30.970+0000] {logging_mixin.py:190} INFO - [2025-04-21T17:02:30.970+0000] {dagbag.py:588} INFO - Filling up the DagBag from /home/airflow/.local/lib/python3.12/site-packages/airflow/example_dags/example_task_group.py
[2025-04-21T17:02:30.973+0000] {processor.py:925} INFO - DAG(s) 'example_task_group' retrieved from /home/airflow/.local/lib/python3.12/site-packages/airflow/example_dags/example_task_group.py
[2025-04-21T17:02:30.981+0000] {logging_mixin.py:190} INFO - [2025-04-21T17:02:30.980+0000] {dag.py:3239} INFO - Sync 1 DAGs
[2025-04-21T17:02:30.985+0000] {logging_mixin.py:190} INFO - [2025-04-21T17:02:30.985+0000] {dag.py:4180} INFO - Setting next_dagrun for example_task_group to None, run_after=None
[2025-04-21T17:02:30.991+0000] {processor.py:208} INFO - Processing /home/airflow/.local/lib/python3.12/site-packages/airflow/example_dags/example_task_group.py took 0.024 seconds
[2025-04-21T17:03:01.518+0000] {processor.py:186} INFO - Started process (PID=201) to work on /home/airflow/.local/lib/python3.12/site-packages/airflow/example_dags/example_task_group.py
[2025-04-21T17:03:01.521+0000] {processor.py:914} INFO - Processing file /home/airflow/.local/lib/python3.12/site-packages/airflow/example_dags/example_task_group.py for tasks to queue
[2025-04-21T17:03:01.522+0000] {logging_mixin.py:190} INFO - [2025-04-21T17:03:01.522+0000] {dagbag.py:588} INFO - Filling up the DagBag from /home/airflow/.local/lib/python3.12/site-packages/airflow/example_dags/example_task_group.py
[2025-04-21T17:03:01.526+0000] {processor.py:925} INFO - DAG(s) 'example_task_group' retrieved from /home/airflow/.local/lib/python3.12/site-packages/airflow/example_dags/example_task_group.py
[2025-04-21T17:03:01.538+0000] {logging_mixin.py:190} INFO - [2025-04-21T17:03:01.538+0000] {dag.py:3239} INFO - Sync 1 DAGs
[2025-04-21T17:03:01.543+0000] {logging_mixin.py:190} INFO - [2025-04-21T17:03:01.543+0000] {dag.py:4180} INFO - Setting next_dagrun for example_task_group to None, run_after=None
[2025-04-21T17:03:01.550+0000] {processor.py:208} INFO - Processing /home/airflow/.local/lib/python3.12/site-packages/airflow/example_dags/example_task_group.py took 0.034 seconds
[2025-04-21T17:03:32.655+0000] {processor.py:186} INFO - Started process (PID=263) to work on /home/airflow/.local/lib/python3.12/site-packages/airflow/example_dags/example_task_group.py
[2025-04-21T17:03:32.655+0000] {processor.py:914} INFO - Processing file /home/airflow/.local/lib/python3.12/site-packages/airflow/example_dags/example_task_group.py for tasks to queue
[2025-04-21T17:03:32.656+0000] {logging_mixin.py:190} INFO - [2025-04-21T17:03:32.656+0000] {dagbag.py:588} INFO - Filling up the DagBag from /home/airflow/.local/lib/python3.12/site-packages/airflow/example_dags/example_task_group.py
[2025-04-21T17:03:32.659+0000] {processor.py:925} INFO - DAG(s) 'example_task_group' retrieved from /home/airflow/.local/lib/python3.12/site-packages/airflow/example_dags/example_task_group.py
[2025-04-21T17:03:32.668+0000] {logging_mixin.py:190} INFO - [2025-04-21T17:03:32.668+0000] {dag.py:3239} INFO - Sync 1 DAGs
[2025-04-21T17:03:32.674+0000] {logging_mixin.py:190} INFO - [2025-04-21T17:03:32.674+0000] {dag.py:4180} INFO - Setting next_dagrun for example_task_group to None, run_after=None
[2025-04-21T17:03:32.683+0000] {processor.py:208} INFO - Processing /home/airflow/.local/lib/python3.12/site-packages/airflow/example_dags/example_task_group.py took 0.030 seconds
[2025-04-21T17:04:03.846+0000] {processor.py:186} INFO - Started process (PID=326) to work on /home/airflow/.local/lib/python3.12/site-packages/airflow/example_dags/example_task_group.py
[2025-04-21T17:04:03.847+0000] {processor.py:914} INFO - Processing file /home/airflow/.local/lib/python3.12/site-packages/airflow/example_dags/example_task_group.py for tasks to queue
[2025-04-21T17:04:03.849+0000] {logging_mixin.py:190} INFO - [2025-04-21T17:04:03.849+0000] {dagbag.py:588} INFO - Filling up the DagBag from /home/airflow/.local/lib/python3.12/site-packages/airflow/example_dags/example_task_group.py
[2025-04-21T17:04:03.854+0000] {processor.py:925} INFO - DAG(s) 'example_task_group' retrieved from /home/airflow/.local/lib/python3.12/site-packages/airflow/example_dags/example_task_group.py
[2025-04-21T17:04:03.864+0000] {logging_mixin.py:190} INFO - [2025-04-21T17:04:03.863+0000] {dag.py:3239} INFO - Sync 1 DAGs
[2025-04-21T17:04:03.871+0000] {logging_mixin.py:190} INFO - [2025-04-21T17:04:03.871+0000] {dag.py:4180} INFO - Setting next_dagrun for example_task_group to None, run_after=None
[2025-04-21T17:04:03.878+0000] {processor.py:208} INFO - Processing /home/airflow/.local/lib/python3.12/site-packages/airflow/example_dags/example_task_group.py took 0.034 seconds
[2025-04-21T17:04:35.092+0000] {processor.py:186} INFO - Started process (PID=389) to work on /home/airflow/.local/lib/python3.12/site-packages/airflow/example_dags/example_task_group.py
[2025-04-21T17:04:35.093+0000] {processor.py:914} INFO - Processing file /home/airflow/.local/lib/python3.12/site-packages/airflow/example_dags/example_task_group.py for tasks to queue
[2025-04-21T17:04:35.093+0000] {logging_mixin.py:190} INFO - [2025-04-21T17:04:35.093+0000] {dagbag.py:588} INFO - Filling up the DagBag from /home/airflow/.local/lib/python3.12/site-packages/airflow/example_dags/example_task_group.py
[2025-04-21T17:04:35.096+0000] {processor.py:925} INFO - DAG(s) 'example_task_group' retrieved from /home/airflow/.local/lib/python3.12/site-packages/airflow/example_dags/example_task_group.py
[2025-04-21T17:04:35.103+0000] {logging_mixin.py:190} INFO - [2025-04-21T17:04:35.103+0000] {dag.py:3239} INFO - Sync 1 DAGs
[2025-04-21T17:04:35.108+0000] {logging_mixin.py:190} INFO - [2025-04-21T17:04:35.108+0000] {dag.py:4180} INFO - Setting next_dagrun for example_task_group to None, run_after=None
[2025-04-21T17:04:35.113+0000] {processor.py:208} INFO - Processing /home/airflow/.local/lib/python3.12/site-packages/airflow/example_dags/example_task_group.py took 0.023 seconds
[2025-04-21T17:05:06.280+0000] {processor.py:186} INFO - Started process (PID=452) to work on /home/airflow/.local/lib/python3.12/site-packages/airflow/example_dags/example_task_group.py
[2025-04-21T17:05:06.281+0000] {processor.py:914} INFO - Processing file /home/airflow/.local/lib/python3.12/site-packages/airflow/example_dags/example_task_group.py for tasks to queue
[2025-04-21T17:05:06.281+0000] {logging_mixin.py:190} INFO - [2025-04-21T17:05:06.281+0000] {dagbag.py:588} INFO - Filling up the DagBag from /home/airflow/.local/lib/python3.12/site-packages/airflow/example_dags/example_task_group.py
[2025-04-21T17:05:06.287+0000] {processor.py:925} INFO - DAG(s) 'example_task_group' retrieved from /home/airflow/.local/lib/python3.12/site-packages/airflow/example_dags/example_task_group.py
[2025-04-21T17:05:06.297+0000] {logging_mixin.py:190} INFO - [2025-04-21T17:05:06.297+0000] {dag.py:3239} INFO - Sync 1 DAGs
[2025-04-21T17:05:06.302+0000] {logging_mixin.py:190} INFO - [2025-04-21T17:05:06.302+0000] {dag.py:4180} INFO - Setting next_dagrun for example_task_group to None, run_after=None
[2025-04-21T17:05:06.308+0000] {processor.py:208} INFO - Processing /home/airflow/.local/lib/python3.12/site-packages/airflow/example_dags/example_task_group.py took 0.031 seconds
[2025-04-21T17:05:55.970+0000] {processor.py:186} INFO - Started process (PID=76) to work on /home/airflow/.local/lib/python3.12/site-packages/airflow/example_dags/example_task_group.py
[2025-04-21T17:05:55.971+0000] {processor.py:914} INFO - Processing file /home/airflow/.local/lib/python3.12/site-packages/airflow/example_dags/example_task_group.py for tasks to queue
[2025-04-21T17:05:55.972+0000] {logging_mixin.py:190} INFO - [2025-04-21T17:05:55.971+0000] {dagbag.py:588} INFO - Filling up the DagBag from /home/airflow/.local/lib/python3.12/site-packages/airflow/example_dags/example_task_group.py
[2025-04-21T17:05:55.976+0000] {processor.py:925} INFO - DAG(s) 'example_task_group' retrieved from /home/airflow/.local/lib/python3.12/site-packages/airflow/example_dags/example_task_group.py
[2025-04-21T17:05:55.987+0000] {logging_mixin.py:190} INFO - [2025-04-21T17:05:55.986+0000] {dag.py:3239} INFO - Sync 1 DAGs
[2025-04-21T17:05:55.993+0000] {logging_mixin.py:190} INFO - [2025-04-21T17:05:55.993+0000] {dag.py:4180} INFO - Setting next_dagrun for example_task_group to None, run_after=None
[2025-04-21T17:05:56.000+0000] {processor.py:208} INFO - Processing /home/airflow/.local/lib/python3.12/site-packages/airflow/example_dags/example_task_group.py took 0.032 seconds
[2025-04-21T17:06:26.204+0000] {processor.py:186} INFO - Started process (PID=138) to work on /home/airflow/.local/lib/python3.12/site-packages/airflow/example_dags/example_task_group.py
[2025-04-21T17:06:26.205+0000] {processor.py:914} INFO - Processing file /home/airflow/.local/lib/python3.12/site-packages/airflow/example_dags/example_task_group.py for tasks to queue
[2025-04-21T17:06:26.206+0000] {logging_mixin.py:190} INFO - [2025-04-21T17:06:26.206+0000] {dagbag.py:588} INFO - Filling up the DagBag from /home/airflow/.local/lib/python3.12/site-packages/airflow/example_dags/example_task_group.py
[2025-04-21T17:06:26.210+0000] {processor.py:925} INFO - DAG(s) 'example_task_group' retrieved from /home/airflow/.local/lib/python3.12/site-packages/airflow/example_dags/example_task_group.py
[2025-04-21T17:06:26.218+0000] {logging_mixin.py:190} INFO - [2025-04-21T17:06:26.217+0000] {dag.py:3239} INFO - Sync 1 DAGs
[2025-04-21T17:06:26.223+0000] {logging_mixin.py:190} INFO - [2025-04-21T17:06:26.223+0000] {dag.py:4180} INFO - Setting next_dagrun for example_task_group to None, run_after=None
[2025-04-21T17:06:26.232+0000] {processor.py:208} INFO - Processing /home/airflow/.local/lib/python3.12/site-packages/airflow/example_dags/example_task_group.py took 0.030 seconds
[2025-04-21T17:06:57.318+0000] {processor.py:186} INFO - Started process (PID=201) to work on /home/airflow/.local/lib/python3.12/site-packages/airflow/example_dags/example_task_group.py
[2025-04-21T17:06:57.318+0000] {processor.py:914} INFO - Processing file /home/airflow/.local/lib/python3.12/site-packages/airflow/example_dags/example_task_group.py for tasks to queue
[2025-04-21T17:06:57.319+0000] {logging_mixin.py:190} INFO - [2025-04-21T17:06:57.319+0000] {dagbag.py:588} INFO - Filling up the DagBag from /home/airflow/.local/lib/python3.12/site-packages/airflow/example_dags/example_task_group.py
[2025-04-21T17:06:57.324+0000] {processor.py:925} INFO - DAG(s) 'example_task_group' retrieved from /home/airflow/.local/lib/python3.12/site-packages/airflow/example_dags/example_task_group.py
[2025-04-21T17:06:57.334+0000] {logging_mixin.py:190} INFO - [2025-04-21T17:06:57.333+0000] {dag.py:3239} INFO - Sync 1 DAGs
[2025-04-21T17:06:57.340+0000] {logging_mixin.py:190} INFO - [2025-04-21T17:06:57.339+0000] {dag.py:4180} INFO - Setting next_dagrun for example_task_group to None, run_after=None
[2025-04-21T17:06:57.347+0000] {processor.py:208} INFO - Processing /home/airflow/.local/lib/python3.12/site-packages/airflow/example_dags/example_task_group.py took 0.031 seconds
[2025-04-21T17:07:28.431+0000] {processor.py:186} INFO - Started process (PID=264) to work on /home/airflow/.local/lib/python3.12/site-packages/airflow/example_dags/example_task_group.py
[2025-04-21T17:07:28.432+0000] {processor.py:914} INFO - Processing file /home/airflow/.local/lib/python3.12/site-packages/airflow/example_dags/example_task_group.py for tasks to queue
[2025-04-21T17:07:28.433+0000] {logging_mixin.py:190} INFO - [2025-04-21T17:07:28.433+0000] {dagbag.py:588} INFO - Filling up the DagBag from /home/airflow/.local/lib/python3.12/site-packages/airflow/example_dags/example_task_group.py
[2025-04-21T17:07:28.436+0000] {processor.py:925} INFO - DAG(s) 'example_task_group' retrieved from /home/airflow/.local/lib/python3.12/site-packages/airflow/example_dags/example_task_group.py
[2025-04-21T17:07:28.444+0000] {logging_mixin.py:190} INFO - [2025-04-21T17:07:28.444+0000] {dag.py:3239} INFO - Sync 1 DAGs
[2025-04-21T17:07:28.449+0000] {logging_mixin.py:190} INFO - [2025-04-21T17:07:28.449+0000] {dag.py:4180} INFO - Setting next_dagrun for example_task_group to None, run_after=None
[2025-04-21T17:07:28.456+0000] {processor.py:208} INFO - Processing /home/airflow/.local/lib/python3.12/site-packages/airflow/example_dags/example_task_group.py took 0.027 seconds
[2025-04-21T17:07:59.477+0000] {processor.py:186} INFO - Started process (PID=327) to work on /home/airflow/.local/lib/python3.12/site-packages/airflow/example_dags/example_task_group.py
[2025-04-21T17:07:59.478+0000] {processor.py:914} INFO - Processing file /home/airflow/.local/lib/python3.12/site-packages/airflow/example_dags/example_task_group.py for tasks to queue
[2025-04-21T17:07:59.481+0000] {logging_mixin.py:190} INFO - [2025-04-21T17:07:59.481+0000] {dagbag.py:588} INFO - Filling up the DagBag from /home/airflow/.local/lib/python3.12/site-packages/airflow/example_dags/example_task_group.py
[2025-04-21T17:07:59.485+0000] {processor.py:925} INFO - DAG(s) 'example_task_group' retrieved from /home/airflow/.local/lib/python3.12/site-packages/airflow/example_dags/example_task_group.py
[2025-04-21T17:07:59.493+0000] {logging_mixin.py:190} INFO - [2025-04-21T17:07:59.493+0000] {dag.py:3239} INFO - Sync 1 DAGs
[2025-04-21T17:07:59.498+0000] {logging_mixin.py:190} INFO - [2025-04-21T17:07:59.498+0000] {dag.py:4180} INFO - Setting next_dagrun for example_task_group to None, run_after=None
[2025-04-21T17:07:59.504+0000] {processor.py:208} INFO - Processing /home/airflow/.local/lib/python3.12/site-packages/airflow/example_dags/example_task_group.py took 0.029 seconds
[2025-04-21T17:08:30.722+0000] {processor.py:186} INFO - Started process (PID=390) to work on /home/airflow/.local/lib/python3.12/site-packages/airflow/example_dags/example_task_group.py
[2025-04-21T17:08:30.722+0000] {processor.py:914} INFO - Processing file /home/airflow/.local/lib/python3.12/site-packages/airflow/example_dags/example_task_group.py for tasks to queue
[2025-04-21T17:08:30.723+0000] {logging_mixin.py:190} INFO - [2025-04-21T17:08:30.723+0000] {dagbag.py:588} INFO - Filling up the DagBag from /home/airflow/.local/lib/python3.12/site-packages/airflow/example_dags/example_task_group.py
[2025-04-21T17:08:30.727+0000] {processor.py:925} INFO - DAG(s) 'example_task_group' retrieved from /home/airflow/.local/lib/python3.12/site-packages/airflow/example_dags/example_task_group.py
[2025-04-21T17:08:30.739+0000] {logging_mixin.py:190} INFO - [2025-04-21T17:08:30.739+0000] {dag.py:3239} INFO - Sync 1 DAGs
[2025-04-21T17:08:30.745+0000] {logging_mixin.py:190} INFO - [2025-04-21T17:08:30.745+0000] {dag.py:4180} INFO - Setting next_dagrun for example_task_group to None, run_after=None
[2025-04-21T17:08:30.754+0000] {processor.py:208} INFO - Processing /home/airflow/.local/lib/python3.12/site-packages/airflow/example_dags/example_task_group.py took 0.035 seconds
[2025-04-21T17:09:01.816+0000] {processor.py:186} INFO - Started process (PID=453) to work on /home/airflow/.local/lib/python3.12/site-packages/airflow/example_dags/example_task_group.py
[2025-04-21T17:09:01.817+0000] {processor.py:914} INFO - Processing file /home/airflow/.local/lib/python3.12/site-packages/airflow/example_dags/example_task_group.py for tasks to queue
[2025-04-21T17:09:01.817+0000] {logging_mixin.py:190} INFO - [2025-04-21T17:09:01.817+0000] {dagbag.py:588} INFO - Filling up the DagBag from /home/airflow/.local/lib/python3.12/site-packages/airflow/example_dags/example_task_group.py
[2025-04-21T17:09:01.821+0000] {processor.py:925} INFO - DAG(s) 'example_task_group' retrieved from /home/airflow/.local/lib/python3.12/site-packages/airflow/example_dags/example_task_group.py
[2025-04-21T17:09:01.830+0000] {logging_mixin.py:190} INFO - [2025-04-21T17:09:01.830+0000] {dag.py:3239} INFO - Sync 1 DAGs
[2025-04-21T17:09:01.836+0000] {logging_mixin.py:190} INFO - [2025-04-21T17:09:01.836+0000] {dag.py:4180} INFO - Setting next_dagrun for example_task_group to None, run_after=None
[2025-04-21T17:09:01.841+0000] {processor.py:208} INFO - Processing /home/airflow/.local/lib/python3.12/site-packages/airflow/example_dags/example_task_group.py took 0.027 seconds
[2025-04-21T17:09:32.895+0000] {processor.py:186} INFO - Started process (PID=516) to work on /home/airflow/.local/lib/python3.12/site-packages/airflow/example_dags/example_task_group.py
[2025-04-21T17:09:32.895+0000] {processor.py:914} INFO - Processing file /home/airflow/.local/lib/python3.12/site-packages/airflow/example_dags/example_task_group.py for tasks to queue
[2025-04-21T17:09:32.896+0000] {logging_mixin.py:190} INFO - [2025-04-21T17:09:32.896+0000] {dagbag.py:588} INFO - Filling up the DagBag from /home/airflow/.local/lib/python3.12/site-packages/airflow/example_dags/example_task_group.py
[2025-04-21T17:09:32.900+0000] {processor.py:925} INFO - DAG(s) 'example_task_group' retrieved from /home/airflow/.local/lib/python3.12/site-packages/airflow/example_dags/example_task_group.py
[2025-04-21T17:09:32.909+0000] {logging_mixin.py:190} INFO - [2025-04-21T17:09:32.909+0000] {dag.py:3239} INFO - Sync 1 DAGs
[2025-04-21T17:09:32.916+0000] {logging_mixin.py:190} INFO - [2025-04-21T17:09:32.916+0000] {dag.py:4180} INFO - Setting next_dagrun for example_task_group to None, run_after=None
[2025-04-21T17:09:32.925+0000] {processor.py:208} INFO - Processing /home/airflow/.local/lib/python3.12/site-packages/airflow/example_dags/example_task_group.py took 0.032 seconds
[2025-04-21T17:10:03.976+0000] {processor.py:186} INFO - Started process (PID=579) to work on /home/airflow/.local/lib/python3.12/site-packages/airflow/example_dags/example_task_group.py
[2025-04-21T17:10:03.979+0000] {processor.py:914} INFO - Processing file /home/airflow/.local/lib/python3.12/site-packages/airflow/example_dags/example_task_group.py for tasks to queue
[2025-04-21T17:10:03.980+0000] {logging_mixin.py:190} INFO - [2025-04-21T17:10:03.980+0000] {dagbag.py:588} INFO - Filling up the DagBag from /home/airflow/.local/lib/python3.12/site-packages/airflow/example_dags/example_task_group.py
[2025-04-21T17:10:03.984+0000] {processor.py:925} INFO - DAG(s) 'example_task_group' retrieved from /home/airflow/.local/lib/python3.12/site-packages/airflow/example_dags/example_task_group.py
[2025-04-21T17:10:03.993+0000] {logging_mixin.py:190} INFO - [2025-04-21T17:10:03.993+0000] {dag.py:3239} INFO - Sync 1 DAGs
[2025-04-21T17:10:03.997+0000] {logging_mixin.py:190} INFO - [2025-04-21T17:10:03.997+0000] {dag.py:4180} INFO - Setting next_dagrun for example_task_group to None, run_after=None
[2025-04-21T17:10:04.006+0000] {processor.py:208} INFO - Processing /home/airflow/.local/lib/python3.12/site-packages/airflow/example_dags/example_task_group.py took 0.032 seconds
[2025-04-21T17:10:35.185+0000] {processor.py:186} INFO - Started process (PID=642) to work on /home/airflow/.local/lib/python3.12/site-packages/airflow/example_dags/example_task_group.py
[2025-04-21T17:10:35.186+0000] {processor.py:914} INFO - Processing file /home/airflow/.local/lib/python3.12/site-packages/airflow/example_dags/example_task_group.py for tasks to queue
[2025-04-21T17:10:35.187+0000] {logging_mixin.py:190} INFO - [2025-04-21T17:10:35.187+0000] {dagbag.py:588} INFO - Filling up the DagBag from /home/airflow/.local/lib/python3.12/site-packages/airflow/example_dags/example_task_group.py
[2025-04-21T17:10:35.191+0000] {processor.py:925} INFO - DAG(s) 'example_task_group' retrieved from /home/airflow/.local/lib/python3.12/site-packages/airflow/example_dags/example_task_group.py
[2025-04-21T17:10:35.199+0000] {logging_mixin.py:190} INFO - [2025-04-21T17:10:35.198+0000] {dag.py:3239} INFO - Sync 1 DAGs
[2025-04-21T17:10:35.204+0000] {logging_mixin.py:190} INFO - [2025-04-21T17:10:35.203+0000] {dag.py:4180} INFO - Setting next_dagrun for example_task_group to None, run_after=None
[2025-04-21T17:10:35.210+0000] {processor.py:208} INFO - Processing /home/airflow/.local/lib/python3.12/site-packages/airflow/example_dags/example_task_group.py took 0.027 seconds
[2025-04-21T17:11:06.329+0000] {processor.py:186} INFO - Started process (PID=706) to work on /home/airflow/.local/lib/python3.12/site-packages/airflow/example_dags/example_task_group.py
[2025-04-21T17:11:06.329+0000] {processor.py:914} INFO - Processing file /home/airflow/.local/lib/python3.12/site-packages/airflow/example_dags/example_task_group.py for tasks to queue
[2025-04-21T17:11:06.330+0000] {logging_mixin.py:190} INFO - [2025-04-21T17:11:06.330+0000] {dagbag.py:588} INFO - Filling up the DagBag from /home/airflow/.local/lib/python3.12/site-packages/airflow/example_dags/example_task_group.py
[2025-04-21T17:11:06.334+0000] {processor.py:925} INFO - DAG(s) 'example_task_group' retrieved from /home/airflow/.local/lib/python3.12/site-packages/airflow/example_dags/example_task_group.py
[2025-04-21T17:11:06.342+0000] {logging_mixin.py:190} INFO - [2025-04-21T17:11:06.342+0000] {dag.py:3239} INFO - Sync 1 DAGs
[2025-04-21T17:11:06.347+0000] {logging_mixin.py:190} INFO - [2025-04-21T17:11:06.347+0000] {dag.py:4180} INFO - Setting next_dagrun for example_task_group to None, run_after=None
[2025-04-21T17:11:06.356+0000] {processor.py:208} INFO - Processing /home/airflow/.local/lib/python3.12/site-packages/airflow/example_dags/example_task_group.py took 0.029 seconds
[2025-04-21T17:11:37.642+0000] {processor.py:186} INFO - Started process (PID=770) to work on /home/airflow/.local/lib/python3.12/site-packages/airflow/example_dags/example_task_group.py
[2025-04-21T17:11:37.642+0000] {processor.py:914} INFO - Processing file /home/airflow/.local/lib/python3.12/site-packages/airflow/example_dags/example_task_group.py for tasks to queue
[2025-04-21T17:11:37.644+0000] {logging_mixin.py:190} INFO - [2025-04-21T17:11:37.644+0000] {dagbag.py:588} INFO - Filling up the DagBag from /home/airflow/.local/lib/python3.12/site-packages/airflow/example_dags/example_task_group.py
[2025-04-21T17:11:37.649+0000] {processor.py:925} INFO - DAG(s) 'example_task_group' retrieved from /home/airflow/.local/lib/python3.12/site-packages/airflow/example_dags/example_task_group.py
[2025-04-21T17:11:37.658+0000] {logging_mixin.py:190} INFO - [2025-04-21T17:11:37.658+0000] {dag.py:3239} INFO - Sync 1 DAGs
[2025-04-21T17:11:37.663+0000] {logging_mixin.py:190} INFO - [2025-04-21T17:11:37.663+0000] {dag.py:4180} INFO - Setting next_dagrun for example_task_group to None, run_after=None
[2025-04-21T17:11:37.669+0000] {processor.py:208} INFO - Processing /home/airflow/.local/lib/python3.12/site-packages/airflow/example_dags/example_task_group.py took 0.029 seconds
[2025-04-21T17:12:09.104+0000] {processor.py:186} INFO - Started process (PID=834) to work on /home/airflow/.local/lib/python3.12/site-packages/airflow/example_dags/example_task_group.py
[2025-04-21T17:12:09.105+0000] {processor.py:914} INFO - Processing file /home/airflow/.local/lib/python3.12/site-packages/airflow/example_dags/example_task_group.py for tasks to queue
[2025-04-21T17:12:09.106+0000] {logging_mixin.py:190} INFO - [2025-04-21T17:12:09.105+0000] {dagbag.py:588} INFO - Filling up the DagBag from /home/airflow/.local/lib/python3.12/site-packages/airflow/example_dags/example_task_group.py
[2025-04-21T17:12:09.109+0000] {processor.py:925} INFO - DAG(s) 'example_task_group' retrieved from /home/airflow/.local/lib/python3.12/site-packages/airflow/example_dags/example_task_group.py
[2025-04-21T17:12:09.124+0000] {logging_mixin.py:190} INFO - [2025-04-21T17:12:09.123+0000] {dag.py:3239} INFO - Sync 1 DAGs
[2025-04-21T17:12:09.130+0000] {logging_mixin.py:190} INFO - [2025-04-21T17:12:09.130+0000] {dag.py:4180} INFO - Setting next_dagrun for example_task_group to None, run_after=None
[2025-04-21T17:12:09.138+0000] {processor.py:208} INFO - Processing /home/airflow/.local/lib/python3.12/site-packages/airflow/example_dags/example_task_group.py took 0.036 seconds
[2025-04-21T17:12:40.016+0000] {processor.py:186} INFO - Started process (PID=899) to work on /home/airflow/.local/lib/python3.12/site-packages/airflow/example_dags/example_task_group.py
[2025-04-21T17:12:40.018+0000] {processor.py:914} INFO - Processing file /home/airflow/.local/lib/python3.12/site-packages/airflow/example_dags/example_task_group.py for tasks to queue
[2025-04-21T17:12:40.020+0000] {logging_mixin.py:190} INFO - [2025-04-21T17:12:40.019+0000] {dagbag.py:588} INFO - Filling up the DagBag from /home/airflow/.local/lib/python3.12/site-packages/airflow/example_dags/example_task_group.py
[2025-04-21T17:12:40.050+0000] {processor.py:925} INFO - DAG(s) 'example_task_group' retrieved from /home/airflow/.local/lib/python3.12/site-packages/airflow/example_dags/example_task_group.py
[2025-04-21T17:12:40.062+0000] {logging_mixin.py:190} INFO - [2025-04-21T17:12:40.061+0000] {dag.py:3239} INFO - Sync 1 DAGs
[2025-04-21T17:12:40.067+0000] {logging_mixin.py:190} INFO - [2025-04-21T17:12:40.067+0000] {dag.py:4180} INFO - Setting next_dagrun for example_task_group to None, run_after=None
[2025-04-21T17:12:40.073+0000] {processor.py:208} INFO - Processing /home/airflow/.local/lib/python3.12/site-packages/airflow/example_dags/example_task_group.py took 0.060 seconds
[2025-04-21T17:13:10.437+0000] {processor.py:186} INFO - Started process (PID=963) to work on /home/airflow/.local/lib/python3.12/site-packages/airflow/example_dags/example_task_group.py
[2025-04-21T17:13:10.437+0000] {processor.py:914} INFO - Processing file /home/airflow/.local/lib/python3.12/site-packages/airflow/example_dags/example_task_group.py for tasks to queue
[2025-04-21T17:13:10.438+0000] {logging_mixin.py:190} INFO - [2025-04-21T17:13:10.438+0000] {dagbag.py:588} INFO - Filling up the DagBag from /home/airflow/.local/lib/python3.12/site-packages/airflow/example_dags/example_task_group.py
[2025-04-21T17:13:10.442+0000] {processor.py:925} INFO - DAG(s) 'example_task_group' retrieved from /home/airflow/.local/lib/python3.12/site-packages/airflow/example_dags/example_task_group.py
[2025-04-21T17:13:10.451+0000] {logging_mixin.py:190} INFO - [2025-04-21T17:13:10.451+0000] {dag.py:3239} INFO - Sync 1 DAGs
[2025-04-21T17:13:10.456+0000] {logging_mixin.py:190} INFO - [2025-04-21T17:13:10.456+0000] {dag.py:4180} INFO - Setting next_dagrun for example_task_group to None, run_after=None
[2025-04-21T17:13:10.462+0000] {processor.py:208} INFO - Processing /home/airflow/.local/lib/python3.12/site-packages/airflow/example_dags/example_task_group.py took 0.028 seconds
[2025-04-21T17:13:40.759+0000] {processor.py:186} INFO - Started process (PID=1026) to work on /home/airflow/.local/lib/python3.12/site-packages/airflow/example_dags/example_task_group.py
[2025-04-21T17:13:40.759+0000] {processor.py:914} INFO - Processing file /home/airflow/.local/lib/python3.12/site-packages/airflow/example_dags/example_task_group.py for tasks to queue
[2025-04-21T17:13:40.761+0000] {logging_mixin.py:190} INFO - [2025-04-21T17:13:40.761+0000] {dagbag.py:588} INFO - Filling up the DagBag from /home/airflow/.local/lib/python3.12/site-packages/airflow/example_dags/example_task_group.py
[2025-04-21T17:13:40.764+0000] {processor.py:925} INFO - DAG(s) 'example_task_group' retrieved from /home/airflow/.local/lib/python3.12/site-packages/airflow/example_dags/example_task_group.py
[2025-04-21T17:13:40.772+0000] {logging_mixin.py:190} INFO - [2025-04-21T17:13:40.772+0000] {dag.py:3239} INFO - Sync 1 DAGs
[2025-04-21T17:13:40.780+0000] {logging_mixin.py:190} INFO - [2025-04-21T17:13:40.780+0000] {dag.py:4180} INFO - Setting next_dagrun for example_task_group to None, run_after=None
[2025-04-21T17:13:40.791+0000] {processor.py:208} INFO - Processing /home/airflow/.local/lib/python3.12/site-packages/airflow/example_dags/example_task_group.py took 0.035 seconds
[2025-04-21T17:14:11.190+0000] {processor.py:186} INFO - Started process (PID=1091) to work on /home/airflow/.local/lib/python3.12/site-packages/airflow/example_dags/example_task_group.py
[2025-04-21T17:14:11.191+0000] {processor.py:914} INFO - Processing file /home/airflow/.local/lib/python3.12/site-packages/airflow/example_dags/example_task_group.py for tasks to queue
[2025-04-21T17:14:11.193+0000] {logging_mixin.py:190} INFO - [2025-04-21T17:14:11.192+0000] {dagbag.py:588} INFO - Filling up the DagBag from /home/airflow/.local/lib/python3.12/site-packages/airflow/example_dags/example_task_group.py
[2025-04-21T17:14:11.197+0000] {processor.py:925} INFO - DAG(s) 'example_task_group' retrieved from /home/airflow/.local/lib/python3.12/site-packages/airflow/example_dags/example_task_group.py
[2025-04-21T17:14:11.210+0000] {logging_mixin.py:190} INFO - [2025-04-21T17:14:11.210+0000] {dag.py:3239} INFO - Sync 1 DAGs
[2025-04-21T17:14:11.216+0000] {logging_mixin.py:190} INFO - [2025-04-21T17:14:11.216+0000] {dag.py:4180} INFO - Setting next_dagrun for example_task_group to None, run_after=None
[2025-04-21T17:14:11.224+0000] {processor.py:208} INFO - Processing /home/airflow/.local/lib/python3.12/site-packages/airflow/example_dags/example_task_group.py took 0.036 seconds
[2025-04-21T17:14:41.500+0000] {processor.py:186} INFO - Started process (PID=1154) to work on /home/airflow/.local/lib/python3.12/site-packages/airflow/example_dags/example_task_group.py
[2025-04-21T17:14:41.503+0000] {processor.py:914} INFO - Processing file /home/airflow/.local/lib/python3.12/site-packages/airflow/example_dags/example_task_group.py for tasks to queue
[2025-04-21T17:14:41.504+0000] {logging_mixin.py:190} INFO - [2025-04-21T17:14:41.504+0000] {dagbag.py:588} INFO - Filling up the DagBag from /home/airflow/.local/lib/python3.12/site-packages/airflow/example_dags/example_task_group.py
[2025-04-21T17:14:41.508+0000] {processor.py:925} INFO - DAG(s) 'example_task_group' retrieved from /home/airflow/.local/lib/python3.12/site-packages/airflow/example_dags/example_task_group.py
[2025-04-21T17:14:41.519+0000] {logging_mixin.py:190} INFO - [2025-04-21T17:14:41.518+0000] {dag.py:3239} INFO - Sync 1 DAGs
[2025-04-21T17:14:41.525+0000] {logging_mixin.py:190} INFO - [2025-04-21T17:14:41.525+0000] {dag.py:4180} INFO - Setting next_dagrun for example_task_group to None, run_after=None
[2025-04-21T17:14:41.533+0000] {processor.py:208} INFO - Processing /home/airflow/.local/lib/python3.12/site-packages/airflow/example_dags/example_task_group.py took 0.036 seconds
[2025-04-21T17:15:11.760+0000] {processor.py:186} INFO - Started process (PID=1218) to work on /home/airflow/.local/lib/python3.12/site-packages/airflow/example_dags/example_task_group.py
[2025-04-21T17:15:11.761+0000] {processor.py:914} INFO - Processing file /home/airflow/.local/lib/python3.12/site-packages/airflow/example_dags/example_task_group.py for tasks to queue
[2025-04-21T17:15:11.762+0000] {logging_mixin.py:190} INFO - [2025-04-21T17:15:11.762+0000] {dagbag.py:588} INFO - Filling up the DagBag from /home/airflow/.local/lib/python3.12/site-packages/airflow/example_dags/example_task_group.py
[2025-04-21T17:15:11.766+0000] {processor.py:925} INFO - DAG(s) 'example_task_group' retrieved from /home/airflow/.local/lib/python3.12/site-packages/airflow/example_dags/example_task_group.py
[2025-04-21T17:15:11.774+0000] {logging_mixin.py:190} INFO - [2025-04-21T17:15:11.773+0000] {dag.py:3239} INFO - Sync 1 DAGs
[2025-04-21T17:15:11.778+0000] {logging_mixin.py:190} INFO - [2025-04-21T17:15:11.778+0000] {dag.py:4180} INFO - Setting next_dagrun for example_task_group to None, run_after=None
[2025-04-21T17:15:11.788+0000] {processor.py:208} INFO - Processing /home/airflow/.local/lib/python3.12/site-packages/airflow/example_dags/example_task_group.py took 0.030 seconds
[2025-04-21T17:15:42.193+0000] {processor.py:186} INFO - Started process (PID=1282) to work on /home/airflow/.local/lib/python3.12/site-packages/airflow/example_dags/example_task_group.py
[2025-04-21T17:15:42.193+0000] {processor.py:914} INFO - Processing file /home/airflow/.local/lib/python3.12/site-packages/airflow/example_dags/example_task_group.py for tasks to queue
[2025-04-21T17:15:42.195+0000] {logging_mixin.py:190} INFO - [2025-04-21T17:15:42.194+0000] {dagbag.py:588} INFO - Filling up the DagBag from /home/airflow/.local/lib/python3.12/site-packages/airflow/example_dags/example_task_group.py
[2025-04-21T17:15:42.199+0000] {processor.py:925} INFO - DAG(s) 'example_task_group' retrieved from /home/airflow/.local/lib/python3.12/site-packages/airflow/example_dags/example_task_group.py
[2025-04-21T17:15:42.207+0000] {logging_mixin.py:190} INFO - [2025-04-21T17:15:42.207+0000] {dag.py:3239} INFO - Sync 1 DAGs
[2025-04-21T17:15:42.212+0000] {logging_mixin.py:190} INFO - [2025-04-21T17:15:42.212+0000] {dag.py:4180} INFO - Setting next_dagrun for example_task_group to None, run_after=None
[2025-04-21T17:15:42.221+0000] {processor.py:208} INFO - Processing /home/airflow/.local/lib/python3.12/site-packages/airflow/example_dags/example_task_group.py took 0.030 seconds
[2025-04-21T17:16:12.546+0000] {processor.py:186} INFO - Started process (PID=1347) to work on /home/airflow/.local/lib/python3.12/site-packages/airflow/example_dags/example_task_group.py
[2025-04-21T17:16:12.547+0000] {processor.py:914} INFO - Processing file /home/airflow/.local/lib/python3.12/site-packages/airflow/example_dags/example_task_group.py for tasks to queue
[2025-04-21T17:16:12.547+0000] {logging_mixin.py:190} INFO - [2025-04-21T17:16:12.547+0000] {dagbag.py:588} INFO - Filling up the DagBag from /home/airflow/.local/lib/python3.12/site-packages/airflow/example_dags/example_task_group.py
[2025-04-21T17:16:12.550+0000] {processor.py:925} INFO - DAG(s) 'example_task_group' retrieved from /home/airflow/.local/lib/python3.12/site-packages/airflow/example_dags/example_task_group.py
[2025-04-21T17:16:12.558+0000] {logging_mixin.py:190} INFO - [2025-04-21T17:16:12.558+0000] {dag.py:3239} INFO - Sync 1 DAGs
[2025-04-21T17:16:12.562+0000] {logging_mixin.py:190} INFO - [2025-04-21T17:16:12.562+0000] {dag.py:4180} INFO - Setting next_dagrun for example_task_group to None, run_after=None
[2025-04-21T17:16:12.567+0000] {processor.py:208} INFO - Processing /home/airflow/.local/lib/python3.12/site-packages/airflow/example_dags/example_task_group.py took 0.023 seconds
[2025-04-21T17:16:42.971+0000] {processor.py:186} INFO - Started process (PID=1412) to work on /home/airflow/.local/lib/python3.12/site-packages/airflow/example_dags/example_task_group.py
[2025-04-21T17:16:42.972+0000] {processor.py:914} INFO - Processing file /home/airflow/.local/lib/python3.12/site-packages/airflow/example_dags/example_task_group.py for tasks to queue
[2025-04-21T17:16:42.973+0000] {logging_mixin.py:190} INFO - [2025-04-21T17:16:42.973+0000] {dagbag.py:588} INFO - Filling up the DagBag from /home/airflow/.local/lib/python3.12/site-packages/airflow/example_dags/example_task_group.py
[2025-04-21T17:16:42.977+0000] {processor.py:925} INFO - DAG(s) 'example_task_group' retrieved from /home/airflow/.local/lib/python3.12/site-packages/airflow/example_dags/example_task_group.py
[2025-04-21T17:16:42.985+0000] {logging_mixin.py:190} INFO - [2025-04-21T17:16:42.985+0000] {dag.py:3239} INFO - Sync 1 DAGs
[2025-04-21T17:16:42.990+0000] {logging_mixin.py:190} INFO - [2025-04-21T17:16:42.990+0000] {dag.py:4180} INFO - Setting next_dagrun for example_task_group to None, run_after=None
[2025-04-21T17:16:42.998+0000] {processor.py:208} INFO - Processing /home/airflow/.local/lib/python3.12/site-packages/airflow/example_dags/example_task_group.py took 0.030 seconds
[2025-04-21T17:17:13.984+0000] {processor.py:186} INFO - Started process (PID=1476) to work on /home/airflow/.local/lib/python3.12/site-packages/airflow/example_dags/example_task_group.py
[2025-04-21T17:17:13.985+0000] {processor.py:914} INFO - Processing file /home/airflow/.local/lib/python3.12/site-packages/airflow/example_dags/example_task_group.py for tasks to queue
[2025-04-21T17:17:13.986+0000] {logging_mixin.py:190} INFO - [2025-04-21T17:17:13.985+0000] {dagbag.py:588} INFO - Filling up the DagBag from /home/airflow/.local/lib/python3.12/site-packages/airflow/example_dags/example_task_group.py
[2025-04-21T17:17:13.989+0000] {processor.py:925} INFO - DAG(s) 'example_task_group' retrieved from /home/airflow/.local/lib/python3.12/site-packages/airflow/example_dags/example_task_group.py
[2025-04-21T17:17:13.999+0000] {logging_mixin.py:190} INFO - [2025-04-21T17:17:13.999+0000] {dag.py:3239} INFO - Sync 1 DAGs
[2025-04-21T17:17:14.004+0000] {logging_mixin.py:190} INFO - [2025-04-21T17:17:14.003+0000] {dag.py:4180} INFO - Setting next_dagrun for example_task_group to None, run_after=None
[2025-04-21T17:17:14.009+0000] {processor.py:208} INFO - Processing /home/airflow/.local/lib/python3.12/site-packages/airflow/example_dags/example_task_group.py took 0.027 seconds
[2025-04-21T17:17:44.460+0000] {processor.py:186} INFO - Started process (PID=1540) to work on /home/airflow/.local/lib/python3.12/site-packages/airflow/example_dags/example_task_group.py
[2025-04-21T17:17:44.462+0000] {processor.py:914} INFO - Processing file /home/airflow/.local/lib/python3.12/site-packages/airflow/example_dags/example_task_group.py for tasks to queue
[2025-04-21T17:17:44.463+0000] {logging_mixin.py:190} INFO - [2025-04-21T17:17:44.463+0000] {dagbag.py:588} INFO - Filling up the DagBag from /home/airflow/.local/lib/python3.12/site-packages/airflow/example_dags/example_task_group.py
[2025-04-21T17:17:44.468+0000] {processor.py:925} INFO - DAG(s) 'example_task_group' retrieved from /home/airflow/.local/lib/python3.12/site-packages/airflow/example_dags/example_task_group.py
[2025-04-21T17:17:44.479+0000] {logging_mixin.py:190} INFO - [2025-04-21T17:17:44.479+0000] {dag.py:3239} INFO - Sync 1 DAGs
[2025-04-21T17:17:44.484+0000] {logging_mixin.py:190} INFO - [2025-04-21T17:17:44.484+0000] {dag.py:4180} INFO - Setting next_dagrun for example_task_group to None, run_after=None
[2025-04-21T17:17:44.494+0000] {processor.py:208} INFO - Processing /home/airflow/.local/lib/python3.12/site-packages/airflow/example_dags/example_task_group.py took 0.036 seconds
[2025-04-21T17:18:14.715+0000] {processor.py:186} INFO - Started process (PID=1603) to work on /home/airflow/.local/lib/python3.12/site-packages/airflow/example_dags/example_task_group.py
[2025-04-21T17:18:14.716+0000] {processor.py:914} INFO - Processing file /home/airflow/.local/lib/python3.12/site-packages/airflow/example_dags/example_task_group.py for tasks to queue
[2025-04-21T17:18:14.716+0000] {logging_mixin.py:190} INFO - [2025-04-21T17:18:14.716+0000] {dagbag.py:588} INFO - Filling up the DagBag from /home/airflow/.local/lib/python3.12/site-packages/airflow/example_dags/example_task_group.py
[2025-04-21T17:18:14.720+0000] {processor.py:925} INFO - DAG(s) 'example_task_group' retrieved from /home/airflow/.local/lib/python3.12/site-packages/airflow/example_dags/example_task_group.py
[2025-04-21T17:18:14.729+0000] {logging_mixin.py:190} INFO - [2025-04-21T17:18:14.729+0000] {dag.py:3239} INFO - Sync 1 DAGs
[2025-04-21T17:18:14.734+0000] {logging_mixin.py:190} INFO - [2025-04-21T17:18:14.734+0000] {dag.py:4180} INFO - Setting next_dagrun for example_task_group to None, run_after=None
[2025-04-21T17:18:14.742+0000] {processor.py:208} INFO - Processing /home/airflow/.local/lib/python3.12/site-packages/airflow/example_dags/example_task_group.py took 0.029 seconds
[2025-04-21T17:18:45.048+0000] {processor.py:186} INFO - Started process (PID=1667) to work on /home/airflow/.local/lib/python3.12/site-packages/airflow/example_dags/example_task_group.py
[2025-04-21T17:18:45.050+0000] {processor.py:914} INFO - Processing file /home/airflow/.local/lib/python3.12/site-packages/airflow/example_dags/example_task_group.py for tasks to queue
[2025-04-21T17:18:45.051+0000] {logging_mixin.py:190} INFO - [2025-04-21T17:18:45.051+0000] {dagbag.py:588} INFO - Filling up the DagBag from /home/airflow/.local/lib/python3.12/site-packages/airflow/example_dags/example_task_group.py
[2025-04-21T17:18:45.055+0000] {processor.py:925} INFO - DAG(s) 'example_task_group' retrieved from /home/airflow/.local/lib/python3.12/site-packages/airflow/example_dags/example_task_group.py
[2025-04-21T17:18:45.064+0000] {logging_mixin.py:190} INFO - [2025-04-21T17:18:45.064+0000] {dag.py:3239} INFO - Sync 1 DAGs
[2025-04-21T17:18:45.069+0000] {logging_mixin.py:190} INFO - [2025-04-21T17:18:45.069+0000] {dag.py:4180} INFO - Setting next_dagrun for example_task_group to None, run_after=None
[2025-04-21T17:18:45.077+0000] {processor.py:208} INFO - Processing /home/airflow/.local/lib/python3.12/site-packages/airflow/example_dags/example_task_group.py took 0.031 seconds
