[2025-04-21T17:01:57.920+0000] {processor.py:186} INFO - Started process (PID=47) to work on /home/airflow/.local/lib/python3.12/site-packages/airflow/example_dags/example_nested_branch_dag.py
[2025-04-21T17:01:57.922+0000] {processor.py:914} INFO - Processing file /home/airflow/.local/lib/python3.12/site-packages/airflow/example_dags/example_nested_branch_dag.py for tasks to queue
[2025-04-21T17:01:57.925+0000] {logging_mixin.py:190} INFO - [2025-04-21T17:01:57.925+0000] {dagbag.py:588} INFO - Filling up the DagBag from /home/airflow/.local/lib/python3.12/site-packages/airflow/example_dags/example_nested_branch_dag.py
[2025-04-21T17:01:57.951+0000] {processor.py:925} INFO - DAG(s) 'example_nested_branch_dag' retrieved from /home/airflow/.local/lib/python3.12/site-packages/airflow/example_dags/example_nested_branch_dag.py
[2025-04-21T17:01:58.088+0000] {logging_mixin.py:190} INFO - [2025-04-21T17:01:58.088+0000] {override.py:1912} INFO - Created Permission View: can read on DAG:example_nested_branch_dag
[2025-04-21T17:01:58.092+0000] {logging_mixin.py:190} INFO - [2025-04-21T17:01:58.092+0000] {override.py:1912} INFO - Created Permission View: can edit on DAG:example_nested_branch_dag
[2025-04-21T17:01:58.095+0000] {logging_mixin.py:190} INFO - [2025-04-21T17:01:58.095+0000] {override.py:1912} INFO - Created Permission View: can delete on DAG:example_nested_branch_dag
[2025-04-21T17:01:58.097+0000] {logging_mixin.py:190} INFO - [2025-04-21T17:01:58.097+0000] {override.py:1912} INFO - Created Permission View: can read on DAG Run:example_nested_branch_dag
[2025-04-21T17:01:58.100+0000] {logging_mixin.py:190} INFO - [2025-04-21T17:01:58.100+0000] {override.py:1912} INFO - Created Permission View: can delete on DAG Run:example_nested_branch_dag
[2025-04-21T17:01:58.102+0000] {logging_mixin.py:190} INFO - [2025-04-21T17:01:58.102+0000] {override.py:1912} INFO - Created Permission View: menu access on DAG Run:example_nested_branch_dag
[2025-04-21T17:01:58.104+0000] {logging_mixin.py:190} INFO - [2025-04-21T17:01:58.104+0000] {override.py:1912} INFO - Created Permission View: can create on DAG Run:example_nested_branch_dag
[2025-04-21T17:01:58.105+0000] {logging_mixin.py:190} INFO - [2025-04-21T17:01:58.105+0000] {dag.py:3239} INFO - Sync 1 DAGs
[2025-04-21T17:01:58.114+0000] {logging_mixin.py:190} INFO - [2025-04-21T17:01:58.113+0000] {dag.py:3262} INFO - Creating ORM DAG for example_nested_branch_dag
[2025-04-21T17:01:58.121+0000] {logging_mixin.py:190} INFO - [2025-04-21T17:01:58.121+0000] {dag.py:4180} INFO - Setting next_dagrun for example_nested_branch_dag to 2025-04-20 00:00:00+00:00, run_after=2025-04-21 00:00:00+00:00
[2025-04-21T17:01:58.132+0000] {processor.py:208} INFO - Processing /home/airflow/.local/lib/python3.12/site-packages/airflow/example_dags/example_nested_branch_dag.py took 0.215 seconds
[2025-04-21T17:02:28.805+0000] {processor.py:186} INFO - Started process (PID=110) to work on /home/airflow/.local/lib/python3.12/site-packages/airflow/example_dags/example_nested_branch_dag.py
[2025-04-21T17:02:28.806+0000] {processor.py:914} INFO - Processing file /home/airflow/.local/lib/python3.12/site-packages/airflow/example_dags/example_nested_branch_dag.py for tasks to queue
[2025-04-21T17:02:28.809+0000] {logging_mixin.py:190} INFO - [2025-04-21T17:02:28.808+0000] {dagbag.py:588} INFO - Filling up the DagBag from /home/airflow/.local/lib/python3.12/site-packages/airflow/example_dags/example_nested_branch_dag.py
[2025-04-21T17:02:28.819+0000] {processor.py:925} INFO - DAG(s) 'example_nested_branch_dag' retrieved from /home/airflow/.local/lib/python3.12/site-packages/airflow/example_dags/example_nested_branch_dag.py
[2025-04-21T17:02:28.833+0000] {logging_mixin.py:190} INFO - [2025-04-21T17:02:28.832+0000] {dag.py:3239} INFO - Sync 1 DAGs
[2025-04-21T17:02:28.847+0000] {logging_mixin.py:190} INFO - [2025-04-21T17:02:28.847+0000] {dag.py:4180} INFO - Setting next_dagrun for example_nested_branch_dag to 2025-04-20 00:00:00+00:00, run_after=2025-04-21 00:00:00+00:00
[2025-04-21T17:02:28.856+0000] {processor.py:208} INFO - Processing /home/airflow/.local/lib/python3.12/site-packages/airflow/example_dags/example_nested_branch_dag.py took 0.057 seconds
[2025-04-21T17:02:59.489+0000] {processor.py:186} INFO - Started process (PID=173) to work on /home/airflow/.local/lib/python3.12/site-packages/airflow/example_dags/example_nested_branch_dag.py
[2025-04-21T17:02:59.489+0000] {processor.py:914} INFO - Processing file /home/airflow/.local/lib/python3.12/site-packages/airflow/example_dags/example_nested_branch_dag.py for tasks to queue
[2025-04-21T17:02:59.491+0000] {logging_mixin.py:190} INFO - [2025-04-21T17:02:59.490+0000] {dagbag.py:588} INFO - Filling up the DagBag from /home/airflow/.local/lib/python3.12/site-packages/airflow/example_dags/example_nested_branch_dag.py
[2025-04-21T17:02:59.499+0000] {processor.py:925} INFO - DAG(s) 'example_nested_branch_dag' retrieved from /home/airflow/.local/lib/python3.12/site-packages/airflow/example_dags/example_nested_branch_dag.py
[2025-04-21T17:02:59.511+0000] {logging_mixin.py:190} INFO - [2025-04-21T17:02:59.511+0000] {dag.py:3239} INFO - Sync 1 DAGs
[2025-04-21T17:02:59.522+0000] {logging_mixin.py:190} INFO - [2025-04-21T17:02:59.522+0000] {dag.py:4180} INFO - Setting next_dagrun for example_nested_branch_dag to 2025-04-20 00:00:00+00:00, run_after=2025-04-21 00:00:00+00:00
[2025-04-21T17:02:59.533+0000] {processor.py:208} INFO - Processing /home/airflow/.local/lib/python3.12/site-packages/airflow/example_dags/example_nested_branch_dag.py took 0.050 seconds
[2025-04-21T17:03:29.664+0000] {processor.py:186} INFO - Started process (PID=235) to work on /home/airflow/.local/lib/python3.12/site-packages/airflow/example_dags/example_nested_branch_dag.py
[2025-04-21T17:03:29.665+0000] {processor.py:914} INFO - Processing file /home/airflow/.local/lib/python3.12/site-packages/airflow/example_dags/example_nested_branch_dag.py for tasks to queue
[2025-04-21T17:03:29.667+0000] {logging_mixin.py:190} INFO - [2025-04-21T17:03:29.667+0000] {dagbag.py:588} INFO - Filling up the DagBag from /home/airflow/.local/lib/python3.12/site-packages/airflow/example_dags/example_nested_branch_dag.py
[2025-04-21T17:03:29.676+0000] {processor.py:925} INFO - DAG(s) 'example_nested_branch_dag' retrieved from /home/airflow/.local/lib/python3.12/site-packages/airflow/example_dags/example_nested_branch_dag.py
[2025-04-21T17:03:29.689+0000] {logging_mixin.py:190} INFO - [2025-04-21T17:03:29.689+0000] {dag.py:3239} INFO - Sync 1 DAGs
[2025-04-21T17:03:29.703+0000] {logging_mixin.py:190} INFO - [2025-04-21T17:03:29.703+0000] {dag.py:4180} INFO - Setting next_dagrun for example_nested_branch_dag to 2025-04-20 00:00:00+00:00, run_after=2025-04-21 00:00:00+00:00
[2025-04-21T17:03:29.713+0000] {processor.py:208} INFO - Processing /home/airflow/.local/lib/python3.12/site-packages/airflow/example_dags/example_nested_branch_dag.py took 0.056 seconds
[2025-04-21T17:03:59.783+0000] {processor.py:186} INFO - Started process (PID=298) to work on /home/airflow/.local/lib/python3.12/site-packages/airflow/example_dags/example_nested_branch_dag.py
[2025-04-21T17:03:59.784+0000] {processor.py:914} INFO - Processing file /home/airflow/.local/lib/python3.12/site-packages/airflow/example_dags/example_nested_branch_dag.py for tasks to queue
[2025-04-21T17:03:59.785+0000] {logging_mixin.py:190} INFO - [2025-04-21T17:03:59.785+0000] {dagbag.py:588} INFO - Filling up the DagBag from /home/airflow/.local/lib/python3.12/site-packages/airflow/example_dags/example_nested_branch_dag.py
[2025-04-21T17:03:59.795+0000] {processor.py:925} INFO - DAG(s) 'example_nested_branch_dag' retrieved from /home/airflow/.local/lib/python3.12/site-packages/airflow/example_dags/example_nested_branch_dag.py
[2025-04-21T17:03:59.807+0000] {logging_mixin.py:190} INFO - [2025-04-21T17:03:59.807+0000] {dag.py:3239} INFO - Sync 1 DAGs
[2025-04-21T17:03:59.819+0000] {logging_mixin.py:190} INFO - [2025-04-21T17:03:59.819+0000] {dag.py:4180} INFO - Setting next_dagrun for example_nested_branch_dag to 2025-04-20 00:00:00+00:00, run_after=2025-04-21 00:00:00+00:00
[2025-04-21T17:03:59.829+0000] {processor.py:208} INFO - Processing /home/airflow/.local/lib/python3.12/site-packages/airflow/example_dags/example_nested_branch_dag.py took 0.053 seconds
[2025-04-21T17:04:30.047+0000] {processor.py:186} INFO - Started process (PID=361) to work on /home/airflow/.local/lib/python3.12/site-packages/airflow/example_dags/example_nested_branch_dag.py
[2025-04-21T17:04:30.048+0000] {processor.py:914} INFO - Processing file /home/airflow/.local/lib/python3.12/site-packages/airflow/example_dags/example_nested_branch_dag.py for tasks to queue
[2025-04-21T17:04:30.050+0000] {logging_mixin.py:190} INFO - [2025-04-21T17:04:30.050+0000] {dagbag.py:588} INFO - Filling up the DagBag from /home/airflow/.local/lib/python3.12/site-packages/airflow/example_dags/example_nested_branch_dag.py
[2025-04-21T17:04:30.061+0000] {processor.py:925} INFO - DAG(s) 'example_nested_branch_dag' retrieved from /home/airflow/.local/lib/python3.12/site-packages/airflow/example_dags/example_nested_branch_dag.py
[2025-04-21T17:04:30.076+0000] {logging_mixin.py:190} INFO - [2025-04-21T17:04:30.076+0000] {dag.py:3239} INFO - Sync 1 DAGs
[2025-04-21T17:04:30.086+0000] {logging_mixin.py:190} INFO - [2025-04-21T17:04:30.086+0000] {dag.py:4180} INFO - Setting next_dagrun for example_nested_branch_dag to 2025-04-20 00:00:00+00:00, run_after=2025-04-21 00:00:00+00:00
[2025-04-21T17:04:30.097+0000] {processor.py:208} INFO - Processing /home/airflow/.local/lib/python3.12/site-packages/airflow/example_dags/example_nested_branch_dag.py took 0.057 seconds
[2025-04-21T17:05:00.233+0000] {processor.py:186} INFO - Started process (PID=424) to work on /home/airflow/.local/lib/python3.12/site-packages/airflow/example_dags/example_nested_branch_dag.py
[2025-04-21T17:05:00.234+0000] {processor.py:914} INFO - Processing file /home/airflow/.local/lib/python3.12/site-packages/airflow/example_dags/example_nested_branch_dag.py for tasks to queue
[2025-04-21T17:05:00.235+0000] {logging_mixin.py:190} INFO - [2025-04-21T17:05:00.235+0000] {dagbag.py:588} INFO - Filling up the DagBag from /home/airflow/.local/lib/python3.12/site-packages/airflow/example_dags/example_nested_branch_dag.py
[2025-04-21T17:05:00.243+0000] {processor.py:925} INFO - DAG(s) 'example_nested_branch_dag' retrieved from /home/airflow/.local/lib/python3.12/site-packages/airflow/example_dags/example_nested_branch_dag.py
[2025-04-21T17:05:00.257+0000] {logging_mixin.py:190} INFO - [2025-04-21T17:05:00.257+0000] {dag.py:3239} INFO - Sync 1 DAGs
[2025-04-21T17:05:00.269+0000] {logging_mixin.py:190} INFO - [2025-04-21T17:05:00.269+0000] {dag.py:4180} INFO - Setting next_dagrun for example_nested_branch_dag to 2025-04-20 00:00:00+00:00, run_after=2025-04-21 00:00:00+00:00
[2025-04-21T17:05:00.279+0000] {processor.py:208} INFO - Processing /home/airflow/.local/lib/python3.12/site-packages/airflow/example_dags/example_nested_branch_dag.py took 0.053 seconds
[2025-04-21T17:05:54.085+0000] {processor.py:186} INFO - Started process (PID=47) to work on /home/airflow/.local/lib/python3.12/site-packages/airflow/example_dags/example_nested_branch_dag.py
[2025-04-21T17:05:54.086+0000] {processor.py:914} INFO - Processing file /home/airflow/.local/lib/python3.12/site-packages/airflow/example_dags/example_nested_branch_dag.py for tasks to queue
[2025-04-21T17:05:54.088+0000] {logging_mixin.py:190} INFO - [2025-04-21T17:05:54.088+0000] {dagbag.py:588} INFO - Filling up the DagBag from /home/airflow/.local/lib/python3.12/site-packages/airflow/example_dags/example_nested_branch_dag.py
[2025-04-21T17:05:54.101+0000] {processor.py:925} INFO - DAG(s) 'example_nested_branch_dag' retrieved from /home/airflow/.local/lib/python3.12/site-packages/airflow/example_dags/example_nested_branch_dag.py
[2025-04-21T17:05:54.130+0000] {logging_mixin.py:190} INFO - [2025-04-21T17:05:54.130+0000] {dag.py:3239} INFO - Sync 1 DAGs
[2025-04-21T17:05:54.141+0000] {logging_mixin.py:190} INFO - [2025-04-21T17:05:54.141+0000] {dag.py:4180} INFO - Setting next_dagrun for example_nested_branch_dag to 2025-04-20 00:00:00+00:00, run_after=2025-04-21 00:00:00+00:00
[2025-04-21T17:05:54.153+0000] {processor.py:208} INFO - Processing /home/airflow/.local/lib/python3.12/site-packages/airflow/example_dags/example_nested_branch_dag.py took 0.072 seconds
[2025-04-21T17:06:25.163+0000] {processor.py:186} INFO - Started process (PID=110) to work on /home/airflow/.local/lib/python3.12/site-packages/airflow/example_dags/example_nested_branch_dag.py
[2025-04-21T17:06:25.164+0000] {processor.py:914} INFO - Processing file /home/airflow/.local/lib/python3.12/site-packages/airflow/example_dags/example_nested_branch_dag.py for tasks to queue
[2025-04-21T17:06:25.166+0000] {logging_mixin.py:190} INFO - [2025-04-21T17:06:25.166+0000] {dagbag.py:588} INFO - Filling up the DagBag from /home/airflow/.local/lib/python3.12/site-packages/airflow/example_dags/example_nested_branch_dag.py
[2025-04-21T17:06:25.175+0000] {processor.py:925} INFO - DAG(s) 'example_nested_branch_dag' retrieved from /home/airflow/.local/lib/python3.12/site-packages/airflow/example_dags/example_nested_branch_dag.py
[2025-04-21T17:06:25.188+0000] {logging_mixin.py:190} INFO - [2025-04-21T17:06:25.188+0000] {dag.py:3239} INFO - Sync 1 DAGs
[2025-04-21T17:06:25.199+0000] {logging_mixin.py:190} INFO - [2025-04-21T17:06:25.199+0000] {dag.py:4180} INFO - Setting next_dagrun for example_nested_branch_dag to 2025-04-20 00:00:00+00:00, run_after=2025-04-21 00:00:00+00:00
[2025-04-21T17:06:25.207+0000] {processor.py:208} INFO - Processing /home/airflow/.local/lib/python3.12/site-packages/airflow/example_dags/example_nested_branch_dag.py took 0.050 seconds
[2025-04-21T17:06:55.306+0000] {processor.py:186} INFO - Started process (PID=173) to work on /home/airflow/.local/lib/python3.12/site-packages/airflow/example_dags/example_nested_branch_dag.py
[2025-04-21T17:06:55.307+0000] {processor.py:914} INFO - Processing file /home/airflow/.local/lib/python3.12/site-packages/airflow/example_dags/example_nested_branch_dag.py for tasks to queue
[2025-04-21T17:06:55.309+0000] {logging_mixin.py:190} INFO - [2025-04-21T17:06:55.309+0000] {dagbag.py:588} INFO - Filling up the DagBag from /home/airflow/.local/lib/python3.12/site-packages/airflow/example_dags/example_nested_branch_dag.py
[2025-04-21T17:06:55.321+0000] {processor.py:925} INFO - DAG(s) 'example_nested_branch_dag' retrieved from /home/airflow/.local/lib/python3.12/site-packages/airflow/example_dags/example_nested_branch_dag.py
[2025-04-21T17:06:55.336+0000] {logging_mixin.py:190} INFO - [2025-04-21T17:06:55.335+0000] {dag.py:3239} INFO - Sync 1 DAGs
[2025-04-21T17:06:55.349+0000] {logging_mixin.py:190} INFO - [2025-04-21T17:06:55.348+0000] {dag.py:4180} INFO - Setting next_dagrun for example_nested_branch_dag to 2025-04-20 00:00:00+00:00, run_after=2025-04-21 00:00:00+00:00
[2025-04-21T17:06:55.358+0000] {processor.py:208} INFO - Processing /home/airflow/.local/lib/python3.12/site-packages/airflow/example_dags/example_nested_branch_dag.py took 0.059 seconds
[2025-04-21T17:07:25.462+0000] {processor.py:186} INFO - Started process (PID=236) to work on /home/airflow/.local/lib/python3.12/site-packages/airflow/example_dags/example_nested_branch_dag.py
[2025-04-21T17:07:25.463+0000] {processor.py:914} INFO - Processing file /home/airflow/.local/lib/python3.12/site-packages/airflow/example_dags/example_nested_branch_dag.py for tasks to queue
[2025-04-21T17:07:25.465+0000] {logging_mixin.py:190} INFO - [2025-04-21T17:07:25.465+0000] {dagbag.py:588} INFO - Filling up the DagBag from /home/airflow/.local/lib/python3.12/site-packages/airflow/example_dags/example_nested_branch_dag.py
[2025-04-21T17:07:25.473+0000] {processor.py:925} INFO - DAG(s) 'example_nested_branch_dag' retrieved from /home/airflow/.local/lib/python3.12/site-packages/airflow/example_dags/example_nested_branch_dag.py
[2025-04-21T17:07:25.484+0000] {logging_mixin.py:190} INFO - [2025-04-21T17:07:25.484+0000] {dag.py:3239} INFO - Sync 1 DAGs
[2025-04-21T17:07:25.494+0000] {logging_mixin.py:190} INFO - [2025-04-21T17:07:25.494+0000] {dag.py:4180} INFO - Setting next_dagrun for example_nested_branch_dag to 2025-04-20 00:00:00+00:00, run_after=2025-04-21 00:00:00+00:00
[2025-04-21T17:07:25.501+0000] {processor.py:208} INFO - Processing /home/airflow/.local/lib/python3.12/site-packages/airflow/example_dags/example_nested_branch_dag.py took 0.045 seconds
[2025-04-21T17:07:56.495+0000] {processor.py:186} INFO - Started process (PID=299) to work on /home/airflow/.local/lib/python3.12/site-packages/airflow/example_dags/example_nested_branch_dag.py
[2025-04-21T17:07:56.496+0000] {processor.py:914} INFO - Processing file /home/airflow/.local/lib/python3.12/site-packages/airflow/example_dags/example_nested_branch_dag.py for tasks to queue
[2025-04-21T17:07:56.497+0000] {logging_mixin.py:190} INFO - [2025-04-21T17:07:56.497+0000] {dagbag.py:588} INFO - Filling up the DagBag from /home/airflow/.local/lib/python3.12/site-packages/airflow/example_dags/example_nested_branch_dag.py
[2025-04-21T17:07:56.505+0000] {processor.py:925} INFO - DAG(s) 'example_nested_branch_dag' retrieved from /home/airflow/.local/lib/python3.12/site-packages/airflow/example_dags/example_nested_branch_dag.py
[2025-04-21T17:07:56.516+0000] {logging_mixin.py:190} INFO - [2025-04-21T17:07:56.516+0000] {dag.py:3239} INFO - Sync 1 DAGs
[2025-04-21T17:07:56.527+0000] {logging_mixin.py:190} INFO - [2025-04-21T17:07:56.526+0000] {dag.py:4180} INFO - Setting next_dagrun for example_nested_branch_dag to 2025-04-20 00:00:00+00:00, run_after=2025-04-21 00:00:00+00:00
[2025-04-21T17:07:56.534+0000] {processor.py:208} INFO - Processing /home/airflow/.local/lib/python3.12/site-packages/airflow/example_dags/example_nested_branch_dag.py took 0.044 seconds
[2025-04-21T17:08:26.570+0000] {processor.py:186} INFO - Started process (PID=362) to work on /home/airflow/.local/lib/python3.12/site-packages/airflow/example_dags/example_nested_branch_dag.py
[2025-04-21T17:08:26.571+0000] {processor.py:914} INFO - Processing file /home/airflow/.local/lib/python3.12/site-packages/airflow/example_dags/example_nested_branch_dag.py for tasks to queue
[2025-04-21T17:08:26.572+0000] {logging_mixin.py:190} INFO - [2025-04-21T17:08:26.572+0000] {dagbag.py:588} INFO - Filling up the DagBag from /home/airflow/.local/lib/python3.12/site-packages/airflow/example_dags/example_nested_branch_dag.py
[2025-04-21T17:08:26.584+0000] {processor.py:925} INFO - DAG(s) 'example_nested_branch_dag' retrieved from /home/airflow/.local/lib/python3.12/site-packages/airflow/example_dags/example_nested_branch_dag.py
[2025-04-21T17:08:26.597+0000] {logging_mixin.py:190} INFO - [2025-04-21T17:08:26.596+0000] {dag.py:3239} INFO - Sync 1 DAGs
[2025-04-21T17:08:26.609+0000] {logging_mixin.py:190} INFO - [2025-04-21T17:08:26.609+0000] {dag.py:4180} INFO - Setting next_dagrun for example_nested_branch_dag to 2025-04-20 00:00:00+00:00, run_after=2025-04-21 00:00:00+00:00
[2025-04-21T17:08:26.618+0000] {processor.py:208} INFO - Processing /home/airflow/.local/lib/python3.12/site-packages/airflow/example_dags/example_nested_branch_dag.py took 0.056 seconds
[2025-04-21T17:08:56.844+0000] {processor.py:186} INFO - Started process (PID=425) to work on /home/airflow/.local/lib/python3.12/site-packages/airflow/example_dags/example_nested_branch_dag.py
[2025-04-21T17:08:56.845+0000] {processor.py:914} INFO - Processing file /home/airflow/.local/lib/python3.12/site-packages/airflow/example_dags/example_nested_branch_dag.py for tasks to queue
[2025-04-21T17:08:56.846+0000] {logging_mixin.py:190} INFO - [2025-04-21T17:08:56.846+0000] {dagbag.py:588} INFO - Filling up the DagBag from /home/airflow/.local/lib/python3.12/site-packages/airflow/example_dags/example_nested_branch_dag.py
[2025-04-21T17:08:56.855+0000] {processor.py:925} INFO - DAG(s) 'example_nested_branch_dag' retrieved from /home/airflow/.local/lib/python3.12/site-packages/airflow/example_dags/example_nested_branch_dag.py
[2025-04-21T17:08:56.867+0000] {logging_mixin.py:190} INFO - [2025-04-21T17:08:56.867+0000] {dag.py:3239} INFO - Sync 1 DAGs
[2025-04-21T17:08:56.878+0000] {logging_mixin.py:190} INFO - [2025-04-21T17:08:56.878+0000] {dag.py:4180} INFO - Setting next_dagrun for example_nested_branch_dag to 2025-04-20 00:00:00+00:00, run_after=2025-04-21 00:00:00+00:00
[2025-04-21T17:08:56.886+0000] {processor.py:208} INFO - Processing /home/airflow/.local/lib/python3.12/site-packages/airflow/example_dags/example_nested_branch_dag.py took 0.048 seconds
[2025-04-21T17:09:27.880+0000] {processor.py:186} INFO - Started process (PID=488) to work on /home/airflow/.local/lib/python3.12/site-packages/airflow/example_dags/example_nested_branch_dag.py
[2025-04-21T17:09:27.881+0000] {processor.py:914} INFO - Processing file /home/airflow/.local/lib/python3.12/site-packages/airflow/example_dags/example_nested_branch_dag.py for tasks to queue
[2025-04-21T17:09:27.884+0000] {logging_mixin.py:190} INFO - [2025-04-21T17:09:27.883+0000] {dagbag.py:588} INFO - Filling up the DagBag from /home/airflow/.local/lib/python3.12/site-packages/airflow/example_dags/example_nested_branch_dag.py
[2025-04-21T17:09:27.891+0000] {processor.py:925} INFO - DAG(s) 'example_nested_branch_dag' retrieved from /home/airflow/.local/lib/python3.12/site-packages/airflow/example_dags/example_nested_branch_dag.py
[2025-04-21T17:09:27.901+0000] {logging_mixin.py:190} INFO - [2025-04-21T17:09:27.901+0000] {dag.py:3239} INFO - Sync 1 DAGs
[2025-04-21T17:09:27.911+0000] {logging_mixin.py:190} INFO - [2025-04-21T17:09:27.911+0000] {dag.py:4180} INFO - Setting next_dagrun for example_nested_branch_dag to 2025-04-20 00:00:00+00:00, run_after=2025-04-21 00:00:00+00:00
[2025-04-21T17:09:27.918+0000] {processor.py:208} INFO - Processing /home/airflow/.local/lib/python3.12/site-packages/airflow/example_dags/example_nested_branch_dag.py took 0.048 seconds
[2025-04-21T17:09:57.956+0000] {processor.py:186} INFO - Started process (PID=551) to work on /home/airflow/.local/lib/python3.12/site-packages/airflow/example_dags/example_nested_branch_dag.py
[2025-04-21T17:09:57.957+0000] {processor.py:914} INFO - Processing file /home/airflow/.local/lib/python3.12/site-packages/airflow/example_dags/example_nested_branch_dag.py for tasks to queue
[2025-04-21T17:09:57.958+0000] {logging_mixin.py:190} INFO - [2025-04-21T17:09:57.958+0000] {dagbag.py:588} INFO - Filling up the DagBag from /home/airflow/.local/lib/python3.12/site-packages/airflow/example_dags/example_nested_branch_dag.py
[2025-04-21T17:09:57.965+0000] {processor.py:925} INFO - DAG(s) 'example_nested_branch_dag' retrieved from /home/airflow/.local/lib/python3.12/site-packages/airflow/example_dags/example_nested_branch_dag.py
[2025-04-21T17:09:57.976+0000] {logging_mixin.py:190} INFO - [2025-04-21T17:09:57.976+0000] {dag.py:3239} INFO - Sync 1 DAGs
[2025-04-21T17:09:57.986+0000] {logging_mixin.py:190} INFO - [2025-04-21T17:09:57.986+0000] {dag.py:4180} INFO - Setting next_dagrun for example_nested_branch_dag to 2025-04-20 00:00:00+00:00, run_after=2025-04-21 00:00:00+00:00
[2025-04-21T17:09:57.993+0000] {processor.py:208} INFO - Processing /home/airflow/.local/lib/python3.12/site-packages/airflow/example_dags/example_nested_branch_dag.py took 0.042 seconds
[2025-04-21T17:10:28.093+0000] {processor.py:186} INFO - Started process (PID=614) to work on /home/airflow/.local/lib/python3.12/site-packages/airflow/example_dags/example_nested_branch_dag.py
[2025-04-21T17:10:28.095+0000] {processor.py:914} INFO - Processing file /home/airflow/.local/lib/python3.12/site-packages/airflow/example_dags/example_nested_branch_dag.py for tasks to queue
[2025-04-21T17:10:28.098+0000] {logging_mixin.py:190} INFO - [2025-04-21T17:10:28.097+0000] {dagbag.py:588} INFO - Filling up the DagBag from /home/airflow/.local/lib/python3.12/site-packages/airflow/example_dags/example_nested_branch_dag.py
[2025-04-21T17:10:28.109+0000] {processor.py:925} INFO - DAG(s) 'example_nested_branch_dag' retrieved from /home/airflow/.local/lib/python3.12/site-packages/airflow/example_dags/example_nested_branch_dag.py
[2025-04-21T17:10:28.124+0000] {logging_mixin.py:190} INFO - [2025-04-21T17:10:28.124+0000] {dag.py:3239} INFO - Sync 1 DAGs
[2025-04-21T17:10:28.137+0000] {logging_mixin.py:190} INFO - [2025-04-21T17:10:28.137+0000] {dag.py:4180} INFO - Setting next_dagrun for example_nested_branch_dag to 2025-04-20 00:00:00+00:00, run_after=2025-04-21 00:00:00+00:00
[2025-04-21T17:10:28.146+0000] {processor.py:208} INFO - Processing /home/airflow/.local/lib/python3.12/site-packages/airflow/example_dags/example_nested_branch_dag.py took 0.061 seconds
[2025-04-21T17:10:58.236+0000] {processor.py:186} INFO - Started process (PID=678) to work on /home/airflow/.local/lib/python3.12/site-packages/airflow/example_dags/example_nested_branch_dag.py
[2025-04-21T17:10:58.236+0000] {processor.py:914} INFO - Processing file /home/airflow/.local/lib/python3.12/site-packages/airflow/example_dags/example_nested_branch_dag.py for tasks to queue
[2025-04-21T17:10:58.239+0000] {logging_mixin.py:190} INFO - [2025-04-21T17:10:58.238+0000] {dagbag.py:588} INFO - Filling up the DagBag from /home/airflow/.local/lib/python3.12/site-packages/airflow/example_dags/example_nested_branch_dag.py
[2025-04-21T17:10:58.250+0000] {processor.py:925} INFO - DAG(s) 'example_nested_branch_dag' retrieved from /home/airflow/.local/lib/python3.12/site-packages/airflow/example_dags/example_nested_branch_dag.py
[2025-04-21T17:10:58.265+0000] {logging_mixin.py:190} INFO - [2025-04-21T17:10:58.265+0000] {dag.py:3239} INFO - Sync 1 DAGs
[2025-04-21T17:10:58.277+0000] {logging_mixin.py:190} INFO - [2025-04-21T17:10:58.277+0000] {dag.py:4180} INFO - Setting next_dagrun for example_nested_branch_dag to 2025-04-20 00:00:00+00:00, run_after=2025-04-21 00:00:00+00:00
[2025-04-21T17:10:58.288+0000] {processor.py:208} INFO - Processing /home/airflow/.local/lib/python3.12/site-packages/airflow/example_dags/example_nested_branch_dag.py took 0.056 seconds
[2025-04-21T17:11:28.425+0000] {processor.py:186} INFO - Started process (PID=742) to work on /home/airflow/.local/lib/python3.12/site-packages/airflow/example_dags/example_nested_branch_dag.py
[2025-04-21T17:11:28.425+0000] {processor.py:914} INFO - Processing file /home/airflow/.local/lib/python3.12/site-packages/airflow/example_dags/example_nested_branch_dag.py for tasks to queue
[2025-04-21T17:11:28.427+0000] {logging_mixin.py:190} INFO - [2025-04-21T17:11:28.427+0000] {dagbag.py:588} INFO - Filling up the DagBag from /home/airflow/.local/lib/python3.12/site-packages/airflow/example_dags/example_nested_branch_dag.py
[2025-04-21T17:11:28.437+0000] {processor.py:925} INFO - DAG(s) 'example_nested_branch_dag' retrieved from /home/airflow/.local/lib/python3.12/site-packages/airflow/example_dags/example_nested_branch_dag.py
[2025-04-21T17:11:28.449+0000] {logging_mixin.py:190} INFO - [2025-04-21T17:11:28.448+0000] {dag.py:3239} INFO - Sync 1 DAGs
[2025-04-21T17:11:28.459+0000] {logging_mixin.py:190} INFO - [2025-04-21T17:11:28.459+0000] {dag.py:4180} INFO - Setting next_dagrun for example_nested_branch_dag to 2025-04-20 00:00:00+00:00, run_after=2025-04-21 00:00:00+00:00
[2025-04-21T17:11:28.469+0000] {processor.py:208} INFO - Processing /home/airflow/.local/lib/python3.12/site-packages/airflow/example_dags/example_nested_branch_dag.py took 0.049 seconds
[2025-04-21T17:11:58.755+0000] {processor.py:186} INFO - Started process (PID=806) to work on /home/airflow/.local/lib/python3.12/site-packages/airflow/example_dags/example_nested_branch_dag.py
[2025-04-21T17:11:58.756+0000] {processor.py:914} INFO - Processing file /home/airflow/.local/lib/python3.12/site-packages/airflow/example_dags/example_nested_branch_dag.py for tasks to queue
[2025-04-21T17:11:58.758+0000] {logging_mixin.py:190} INFO - [2025-04-21T17:11:58.758+0000] {dagbag.py:588} INFO - Filling up the DagBag from /home/airflow/.local/lib/python3.12/site-packages/airflow/example_dags/example_nested_branch_dag.py
[2025-04-21T17:11:58.769+0000] {processor.py:925} INFO - DAG(s) 'example_nested_branch_dag' retrieved from /home/airflow/.local/lib/python3.12/site-packages/airflow/example_dags/example_nested_branch_dag.py
[2025-04-21T17:11:58.786+0000] {logging_mixin.py:190} INFO - [2025-04-21T17:11:58.786+0000] {dag.py:3239} INFO - Sync 1 DAGs
[2025-04-21T17:11:58.799+0000] {logging_mixin.py:190} INFO - [2025-04-21T17:11:58.799+0000] {dag.py:4180} INFO - Setting next_dagrun for example_nested_branch_dag to 2025-04-20 00:00:00+00:00, run_after=2025-04-21 00:00:00+00:00
[2025-04-21T17:11:58.810+0000] {processor.py:208} INFO - Processing /home/airflow/.local/lib/python3.12/site-packages/airflow/example_dags/example_nested_branch_dag.py took 0.061 seconds
[2025-04-21T17:12:29.337+0000] {processor.py:186} INFO - Started process (PID=870) to work on /home/airflow/.local/lib/python3.12/site-packages/airflow/example_dags/example_nested_branch_dag.py
[2025-04-21T17:12:29.338+0000] {processor.py:914} INFO - Processing file /home/airflow/.local/lib/python3.12/site-packages/airflow/example_dags/example_nested_branch_dag.py for tasks to queue
[2025-04-21T17:12:29.340+0000] {logging_mixin.py:190} INFO - [2025-04-21T17:12:29.340+0000] {dagbag.py:588} INFO - Filling up the DagBag from /home/airflow/.local/lib/python3.12/site-packages/airflow/example_dags/example_nested_branch_dag.py
[2025-04-21T17:12:29.350+0000] {processor.py:925} INFO - DAG(s) 'example_nested_branch_dag' retrieved from /home/airflow/.local/lib/python3.12/site-packages/airflow/example_dags/example_nested_branch_dag.py
[2025-04-21T17:12:29.369+0000] {logging_mixin.py:190} INFO - [2025-04-21T17:12:29.368+0000] {dag.py:3239} INFO - Sync 1 DAGs
[2025-04-21T17:12:29.385+0000] {logging_mixin.py:190} INFO - [2025-04-21T17:12:29.385+0000] {dag.py:4180} INFO - Setting next_dagrun for example_nested_branch_dag to 2025-04-20 00:00:00+00:00, run_after=2025-04-21 00:00:00+00:00
[2025-04-21T17:12:29.395+0000] {processor.py:208} INFO - Processing /home/airflow/.local/lib/python3.12/site-packages/airflow/example_dags/example_nested_branch_dag.py took 0.062 seconds
[2025-04-21T17:13:00.133+0000] {processor.py:186} INFO - Started process (PID=934) to work on /home/airflow/.local/lib/python3.12/site-packages/airflow/example_dags/example_nested_branch_dag.py
[2025-04-21T17:13:00.134+0000] {processor.py:914} INFO - Processing file /home/airflow/.local/lib/python3.12/site-packages/airflow/example_dags/example_nested_branch_dag.py for tasks to queue
[2025-04-21T17:13:00.136+0000] {logging_mixin.py:190} INFO - [2025-04-21T17:13:00.135+0000] {dagbag.py:588} INFO - Filling up the DagBag from /home/airflow/.local/lib/python3.12/site-packages/airflow/example_dags/example_nested_branch_dag.py
[2025-04-21T17:13:00.148+0000] {processor.py:925} INFO - DAG(s) 'example_nested_branch_dag' retrieved from /home/airflow/.local/lib/python3.12/site-packages/airflow/example_dags/example_nested_branch_dag.py
[2025-04-21T17:13:00.161+0000] {logging_mixin.py:190} INFO - [2025-04-21T17:13:00.161+0000] {dag.py:3239} INFO - Sync 1 DAGs
[2025-04-21T17:13:00.174+0000] {logging_mixin.py:190} INFO - [2025-04-21T17:13:00.174+0000] {dag.py:4180} INFO - Setting next_dagrun for example_nested_branch_dag to 2025-04-20 00:00:00+00:00, run_after=2025-04-21 00:00:00+00:00
[2025-04-21T17:13:00.188+0000] {processor.py:208} INFO - Processing /home/airflow/.local/lib/python3.12/site-packages/airflow/example_dags/example_nested_branch_dag.py took 0.061 seconds
[2025-04-21T17:13:30.517+0000] {processor.py:186} INFO - Started process (PID=998) to work on /home/airflow/.local/lib/python3.12/site-packages/airflow/example_dags/example_nested_branch_dag.py
[2025-04-21T17:13:30.518+0000] {processor.py:914} INFO - Processing file /home/airflow/.local/lib/python3.12/site-packages/airflow/example_dags/example_nested_branch_dag.py for tasks to queue
[2025-04-21T17:13:30.520+0000] {logging_mixin.py:190} INFO - [2025-04-21T17:13:30.520+0000] {dagbag.py:588} INFO - Filling up the DagBag from /home/airflow/.local/lib/python3.12/site-packages/airflow/example_dags/example_nested_branch_dag.py
[2025-04-21T17:13:30.533+0000] {processor.py:925} INFO - DAG(s) 'example_nested_branch_dag' retrieved from /home/airflow/.local/lib/python3.12/site-packages/airflow/example_dags/example_nested_branch_dag.py
[2025-04-21T17:13:30.548+0000] {logging_mixin.py:190} INFO - [2025-04-21T17:13:30.547+0000] {dag.py:3239} INFO - Sync 1 DAGs
[2025-04-21T17:13:30.560+0000] {logging_mixin.py:190} INFO - [2025-04-21T17:13:30.559+0000] {dag.py:4180} INFO - Setting next_dagrun for example_nested_branch_dag to 2025-04-20 00:00:00+00:00, run_after=2025-04-21 00:00:00+00:00
[2025-04-21T17:13:30.571+0000] {processor.py:208} INFO - Processing /home/airflow/.local/lib/python3.12/site-packages/airflow/example_dags/example_nested_branch_dag.py took 0.060 seconds
[2025-04-21T17:14:01.062+0000] {processor.py:186} INFO - Started process (PID=1062) to work on /home/airflow/.local/lib/python3.12/site-packages/airflow/example_dags/example_nested_branch_dag.py
[2025-04-21T17:14:01.063+0000] {processor.py:914} INFO - Processing file /home/airflow/.local/lib/python3.12/site-packages/airflow/example_dags/example_nested_branch_dag.py for tasks to queue
[2025-04-21T17:14:01.065+0000] {logging_mixin.py:190} INFO - [2025-04-21T17:14:01.064+0000] {dagbag.py:588} INFO - Filling up the DagBag from /home/airflow/.local/lib/python3.12/site-packages/airflow/example_dags/example_nested_branch_dag.py
[2025-04-21T17:14:01.077+0000] {processor.py:925} INFO - DAG(s) 'example_nested_branch_dag' retrieved from /home/airflow/.local/lib/python3.12/site-packages/airflow/example_dags/example_nested_branch_dag.py
[2025-04-21T17:14:01.089+0000] {logging_mixin.py:190} INFO - [2025-04-21T17:14:01.089+0000] {dag.py:3239} INFO - Sync 1 DAGs
[2025-04-21T17:14:01.100+0000] {logging_mixin.py:190} INFO - [2025-04-21T17:14:01.100+0000] {dag.py:4180} INFO - Setting next_dagrun for example_nested_branch_dag to 2025-04-20 00:00:00+00:00, run_after=2025-04-21 00:00:00+00:00
[2025-04-21T17:14:01.111+0000] {processor.py:208} INFO - Processing /home/airflow/.local/lib/python3.12/site-packages/airflow/example_dags/example_nested_branch_dag.py took 0.054 seconds
[2025-04-21T17:14:31.214+0000] {processor.py:186} INFO - Started process (PID=1126) to work on /home/airflow/.local/lib/python3.12/site-packages/airflow/example_dags/example_nested_branch_dag.py
[2025-04-21T17:14:31.215+0000] {processor.py:914} INFO - Processing file /home/airflow/.local/lib/python3.12/site-packages/airflow/example_dags/example_nested_branch_dag.py for tasks to queue
[2025-04-21T17:14:31.216+0000] {logging_mixin.py:190} INFO - [2025-04-21T17:14:31.216+0000] {dagbag.py:588} INFO - Filling up the DagBag from /home/airflow/.local/lib/python3.12/site-packages/airflow/example_dags/example_nested_branch_dag.py
[2025-04-21T17:14:31.224+0000] {processor.py:925} INFO - DAG(s) 'example_nested_branch_dag' retrieved from /home/airflow/.local/lib/python3.12/site-packages/airflow/example_dags/example_nested_branch_dag.py
[2025-04-21T17:14:31.239+0000] {logging_mixin.py:190} INFO - [2025-04-21T17:14:31.239+0000] {dag.py:3239} INFO - Sync 1 DAGs
[2025-04-21T17:14:31.250+0000] {logging_mixin.py:190} INFO - [2025-04-21T17:14:31.250+0000] {dag.py:4180} INFO - Setting next_dagrun for example_nested_branch_dag to 2025-04-20 00:00:00+00:00, run_after=2025-04-21 00:00:00+00:00
[2025-04-21T17:14:31.259+0000] {processor.py:208} INFO - Processing /home/airflow/.local/lib/python3.12/site-packages/airflow/example_dags/example_nested_branch_dag.py took 0.050 seconds
[2025-04-21T17:15:01.627+0000] {processor.py:186} INFO - Started process (PID=1190) to work on /home/airflow/.local/lib/python3.12/site-packages/airflow/example_dags/example_nested_branch_dag.py
[2025-04-21T17:15:01.628+0000] {processor.py:914} INFO - Processing file /home/airflow/.local/lib/python3.12/site-packages/airflow/example_dags/example_nested_branch_dag.py for tasks to queue
[2025-04-21T17:15:01.629+0000] {logging_mixin.py:190} INFO - [2025-04-21T17:15:01.629+0000] {dagbag.py:588} INFO - Filling up the DagBag from /home/airflow/.local/lib/python3.12/site-packages/airflow/example_dags/example_nested_branch_dag.py
[2025-04-21T17:15:01.637+0000] {processor.py:925} INFO - DAG(s) 'example_nested_branch_dag' retrieved from /home/airflow/.local/lib/python3.12/site-packages/airflow/example_dags/example_nested_branch_dag.py
[2025-04-21T17:15:01.653+0000] {logging_mixin.py:190} INFO - [2025-04-21T17:15:01.653+0000] {dag.py:3239} INFO - Sync 1 DAGs
[2025-04-21T17:15:01.664+0000] {logging_mixin.py:190} INFO - [2025-04-21T17:15:01.664+0000] {dag.py:4180} INFO - Setting next_dagrun for example_nested_branch_dag to 2025-04-20 00:00:00+00:00, run_after=2025-04-21 00:00:00+00:00
[2025-04-21T17:15:01.674+0000] {processor.py:208} INFO - Processing /home/airflow/.local/lib/python3.12/site-packages/airflow/example_dags/example_nested_branch_dag.py took 0.053 seconds
[2025-04-21T17:15:31.770+0000] {processor.py:186} INFO - Started process (PID=1254) to work on /home/airflow/.local/lib/python3.12/site-packages/airflow/example_dags/example_nested_branch_dag.py
[2025-04-21T17:15:31.771+0000] {processor.py:914} INFO - Processing file /home/airflow/.local/lib/python3.12/site-packages/airflow/example_dags/example_nested_branch_dag.py for tasks to queue
[2025-04-21T17:15:31.773+0000] {logging_mixin.py:190} INFO - [2025-04-21T17:15:31.773+0000] {dagbag.py:588} INFO - Filling up the DagBag from /home/airflow/.local/lib/python3.12/site-packages/airflow/example_dags/example_nested_branch_dag.py
[2025-04-21T17:15:31.786+0000] {processor.py:925} INFO - DAG(s) 'example_nested_branch_dag' retrieved from /home/airflow/.local/lib/python3.12/site-packages/airflow/example_dags/example_nested_branch_dag.py
[2025-04-21T17:15:31.800+0000] {logging_mixin.py:190} INFO - [2025-04-21T17:15:31.800+0000] {dag.py:3239} INFO - Sync 1 DAGs
[2025-04-21T17:15:31.814+0000] {logging_mixin.py:190} INFO - [2025-04-21T17:15:31.814+0000] {dag.py:4180} INFO - Setting next_dagrun for example_nested_branch_dag to 2025-04-20 00:00:00+00:00, run_after=2025-04-21 00:00:00+00:00
[2025-04-21T17:15:31.824+0000] {processor.py:208} INFO - Processing /home/airflow/.local/lib/python3.12/site-packages/airflow/example_dags/example_nested_branch_dag.py took 0.060 seconds
[2025-04-21T17:16:02.307+0000] {processor.py:186} INFO - Started process (PID=1318) to work on /home/airflow/.local/lib/python3.12/site-packages/airflow/example_dags/example_nested_branch_dag.py
[2025-04-21T17:16:02.308+0000] {processor.py:914} INFO - Processing file /home/airflow/.local/lib/python3.12/site-packages/airflow/example_dags/example_nested_branch_dag.py for tasks to queue
[2025-04-21T17:16:02.310+0000] {logging_mixin.py:190} INFO - [2025-04-21T17:16:02.309+0000] {dagbag.py:588} INFO - Filling up the DagBag from /home/airflow/.local/lib/python3.12/site-packages/airflow/example_dags/example_nested_branch_dag.py
[2025-04-21T17:16:02.321+0000] {processor.py:925} INFO - DAG(s) 'example_nested_branch_dag' retrieved from /home/airflow/.local/lib/python3.12/site-packages/airflow/example_dags/example_nested_branch_dag.py
[2025-04-21T17:16:02.336+0000] {logging_mixin.py:190} INFO - [2025-04-21T17:16:02.335+0000] {dag.py:3239} INFO - Sync 1 DAGs
[2025-04-21T17:16:02.351+0000] {logging_mixin.py:190} INFO - [2025-04-21T17:16:02.351+0000] {dag.py:4180} INFO - Setting next_dagrun for example_nested_branch_dag to 2025-04-20 00:00:00+00:00, run_after=2025-04-21 00:00:00+00:00
[2025-04-21T17:16:02.362+0000] {processor.py:208} INFO - Processing /home/airflow/.local/lib/python3.12/site-packages/airflow/example_dags/example_nested_branch_dag.py took 0.059 seconds
[2025-04-21T17:16:32.659+0000] {processor.py:186} INFO - Started process (PID=1384) to work on /home/airflow/.local/lib/python3.12/site-packages/airflow/example_dags/example_nested_branch_dag.py
[2025-04-21T17:16:32.660+0000] {processor.py:914} INFO - Processing file /home/airflow/.local/lib/python3.12/site-packages/airflow/example_dags/example_nested_branch_dag.py for tasks to queue
[2025-04-21T17:16:32.662+0000] {logging_mixin.py:190} INFO - [2025-04-21T17:16:32.662+0000] {dagbag.py:588} INFO - Filling up the DagBag from /home/airflow/.local/lib/python3.12/site-packages/airflow/example_dags/example_nested_branch_dag.py
[2025-04-21T17:16:32.673+0000] {processor.py:925} INFO - DAG(s) 'example_nested_branch_dag' retrieved from /home/airflow/.local/lib/python3.12/site-packages/airflow/example_dags/example_nested_branch_dag.py
[2025-04-21T17:16:32.686+0000] {logging_mixin.py:190} INFO - [2025-04-21T17:16:32.686+0000] {dag.py:3239} INFO - Sync 1 DAGs
[2025-04-21T17:16:32.697+0000] {logging_mixin.py:190} INFO - [2025-04-21T17:16:32.697+0000] {dag.py:4180} INFO - Setting next_dagrun for example_nested_branch_dag to 2025-04-20 00:00:00+00:00, run_after=2025-04-21 00:00:00+00:00
[2025-04-21T17:16:32.707+0000] {processor.py:208} INFO - Processing /home/airflow/.local/lib/python3.12/site-packages/airflow/example_dags/example_nested_branch_dag.py took 0.055 seconds
[2025-04-21T17:17:02.893+0000] {processor.py:186} INFO - Started process (PID=1448) to work on /home/airflow/.local/lib/python3.12/site-packages/airflow/example_dags/example_nested_branch_dag.py
[2025-04-21T17:17:02.894+0000] {processor.py:914} INFO - Processing file /home/airflow/.local/lib/python3.12/site-packages/airflow/example_dags/example_nested_branch_dag.py for tasks to queue
[2025-04-21T17:17:02.896+0000] {logging_mixin.py:190} INFO - [2025-04-21T17:17:02.896+0000] {dagbag.py:588} INFO - Filling up the DagBag from /home/airflow/.local/lib/python3.12/site-packages/airflow/example_dags/example_nested_branch_dag.py
[2025-04-21T17:17:02.905+0000] {processor.py:925} INFO - DAG(s) 'example_nested_branch_dag' retrieved from /home/airflow/.local/lib/python3.12/site-packages/airflow/example_dags/example_nested_branch_dag.py
[2025-04-21T17:17:02.917+0000] {logging_mixin.py:190} INFO - [2025-04-21T17:17:02.917+0000] {dag.py:3239} INFO - Sync 1 DAGs
[2025-04-21T17:17:02.927+0000] {logging_mixin.py:190} INFO - [2025-04-21T17:17:02.927+0000] {dag.py:4180} INFO - Setting next_dagrun for example_nested_branch_dag to 2025-04-20 00:00:00+00:00, run_after=2025-04-21 00:00:00+00:00
[2025-04-21T17:17:02.938+0000] {processor.py:208} INFO - Processing /home/airflow/.local/lib/python3.12/site-packages/airflow/example_dags/example_nested_branch_dag.py took 0.050 seconds
[2025-04-21T17:17:33.046+0000] {processor.py:186} INFO - Started process (PID=1512) to work on /home/airflow/.local/lib/python3.12/site-packages/airflow/example_dags/example_nested_branch_dag.py
[2025-04-21T17:17:33.047+0000] {processor.py:914} INFO - Processing file /home/airflow/.local/lib/python3.12/site-packages/airflow/example_dags/example_nested_branch_dag.py for tasks to queue
[2025-04-21T17:17:33.048+0000] {logging_mixin.py:190} INFO - [2025-04-21T17:17:33.048+0000] {dagbag.py:588} INFO - Filling up the DagBag from /home/airflow/.local/lib/python3.12/site-packages/airflow/example_dags/example_nested_branch_dag.py
[2025-04-21T17:17:33.053+0000] {processor.py:925} INFO - DAG(s) 'example_nested_branch_dag' retrieved from /home/airflow/.local/lib/python3.12/site-packages/airflow/example_dags/example_nested_branch_dag.py
[2025-04-21T17:17:33.063+0000] {logging_mixin.py:190} INFO - [2025-04-21T17:17:33.062+0000] {dag.py:3239} INFO - Sync 1 DAGs
[2025-04-21T17:17:33.071+0000] {logging_mixin.py:190} INFO - [2025-04-21T17:17:33.071+0000] {dag.py:4180} INFO - Setting next_dagrun for example_nested_branch_dag to 2025-04-20 00:00:00+00:00, run_after=2025-04-21 00:00:00+00:00
[2025-04-21T17:17:33.081+0000] {processor.py:208} INFO - Processing /home/airflow/.local/lib/python3.12/site-packages/airflow/example_dags/example_nested_branch_dag.py took 0.039 seconds
[2025-04-21T17:18:03.524+0000] {processor.py:186} INFO - Started process (PID=1575) to work on /home/airflow/.local/lib/python3.12/site-packages/airflow/example_dags/example_nested_branch_dag.py
[2025-04-21T17:18:03.524+0000] {processor.py:914} INFO - Processing file /home/airflow/.local/lib/python3.12/site-packages/airflow/example_dags/example_nested_branch_dag.py for tasks to queue
[2025-04-21T17:18:03.526+0000] {logging_mixin.py:190} INFO - [2025-04-21T17:18:03.526+0000] {dagbag.py:588} INFO - Filling up the DagBag from /home/airflow/.local/lib/python3.12/site-packages/airflow/example_dags/example_nested_branch_dag.py
[2025-04-21T17:18:03.533+0000] {processor.py:925} INFO - DAG(s) 'example_nested_branch_dag' retrieved from /home/airflow/.local/lib/python3.12/site-packages/airflow/example_dags/example_nested_branch_dag.py
[2025-04-21T17:18:03.550+0000] {logging_mixin.py:190} INFO - [2025-04-21T17:18:03.550+0000] {dag.py:3239} INFO - Sync 1 DAGs
[2025-04-21T17:18:03.563+0000] {logging_mixin.py:190} INFO - [2025-04-21T17:18:03.562+0000] {dag.py:4180} INFO - Setting next_dagrun for example_nested_branch_dag to 2025-04-20 00:00:00+00:00, run_after=2025-04-21 00:00:00+00:00
[2025-04-21T17:18:03.571+0000] {processor.py:208} INFO - Processing /home/airflow/.local/lib/python3.12/site-packages/airflow/example_dags/example_nested_branch_dag.py took 0.053 seconds
[2025-04-21T17:18:33.727+0000] {processor.py:186} INFO - Started process (PID=1639) to work on /home/airflow/.local/lib/python3.12/site-packages/airflow/example_dags/example_nested_branch_dag.py
[2025-04-21T17:18:33.729+0000] {processor.py:914} INFO - Processing file /home/airflow/.local/lib/python3.12/site-packages/airflow/example_dags/example_nested_branch_dag.py for tasks to queue
[2025-04-21T17:18:33.731+0000] {logging_mixin.py:190} INFO - [2025-04-21T17:18:33.731+0000] {dagbag.py:588} INFO - Filling up the DagBag from /home/airflow/.local/lib/python3.12/site-packages/airflow/example_dags/example_nested_branch_dag.py
[2025-04-21T17:18:33.738+0000] {processor.py:925} INFO - DAG(s) 'example_nested_branch_dag' retrieved from /home/airflow/.local/lib/python3.12/site-packages/airflow/example_dags/example_nested_branch_dag.py
[2025-04-21T17:18:33.750+0000] {logging_mixin.py:190} INFO - [2025-04-21T17:18:33.750+0000] {dag.py:3239} INFO - Sync 1 DAGs
[2025-04-21T17:18:33.762+0000] {logging_mixin.py:190} INFO - [2025-04-21T17:18:33.762+0000] {dag.py:4180} INFO - Setting next_dagrun for example_nested_branch_dag to 2025-04-20 00:00:00+00:00, run_after=2025-04-21 00:00:00+00:00
[2025-04-21T17:18:33.774+0000] {processor.py:208} INFO - Processing /home/airflow/.local/lib/python3.12/site-packages/airflow/example_dags/example_nested_branch_dag.py took 0.053 seconds
[2025-04-21T17:19:04.124+0000] {processor.py:186} INFO - Started process (PID=1703) to work on /home/airflow/.local/lib/python3.12/site-packages/airflow/example_dags/example_nested_branch_dag.py
[2025-04-21T17:19:04.125+0000] {processor.py:914} INFO - Processing file /home/airflow/.local/lib/python3.12/site-packages/airflow/example_dags/example_nested_branch_dag.py for tasks to queue
[2025-04-21T17:19:04.126+0000] {logging_mixin.py:190} INFO - [2025-04-21T17:19:04.126+0000] {dagbag.py:588} INFO - Filling up the DagBag from /home/airflow/.local/lib/python3.12/site-packages/airflow/example_dags/example_nested_branch_dag.py
[2025-04-21T17:19:04.136+0000] {processor.py:925} INFO - DAG(s) 'example_nested_branch_dag' retrieved from /home/airflow/.local/lib/python3.12/site-packages/airflow/example_dags/example_nested_branch_dag.py
[2025-04-21T17:19:04.147+0000] {logging_mixin.py:190} INFO - [2025-04-21T17:19:04.147+0000] {dag.py:3239} INFO - Sync 1 DAGs
[2025-04-21T17:19:04.159+0000] {logging_mixin.py:190} INFO - [2025-04-21T17:19:04.159+0000] {dag.py:4180} INFO - Setting next_dagrun for example_nested_branch_dag to 2025-04-20 00:00:00+00:00, run_after=2025-04-21 00:00:00+00:00
[2025-04-21T17:19:04.168+0000] {processor.py:208} INFO - Processing /home/airflow/.local/lib/python3.12/site-packages/airflow/example_dags/example_nested_branch_dag.py took 0.050 seconds
