[2025-04-21T17:02:01.929+0000] {processor.py:186} INFO - Started process (PID=89) to work on /home/airflow/.local/lib/python3.12/site-packages/airflow/example_dags/example_branch_operator.py
[2025-04-21T17:02:01.929+0000] {processor.py:914} INFO - Processing file /home/airflow/.local/lib/python3.12/site-packages/airflow/example_dags/example_branch_operator.py for tasks to queue
[2025-04-21T17:02:01.930+0000] {logging_mixin.py:190} INFO - [2025-04-21T17:02:01.930+0000] {dagbag.py:588} INFO - Filling up the DagBag from /home/airflow/.local/lib/python3.12/site-packages/airflow/example_dags/example_branch_operator.py
[2025-04-21T17:02:01.943+0000] {processor.py:925} INFO - DAG(s) 'example_branch_operator' retrieved from /home/airflow/.local/lib/python3.12/site-packages/airflow/example_dags/example_branch_operator.py
[2025-04-21T17:02:01.989+0000] {logging_mixin.py:190} INFO - [2025-04-21T17:02:01.989+0000] {override.py:1912} INFO - Created Permission View: can read on DAG:example_branch_operator
[2025-04-21T17:02:01.992+0000] {logging_mixin.py:190} INFO - [2025-04-21T17:02:01.992+0000] {override.py:1912} INFO - Created Permission View: can edit on DAG:example_branch_operator
[2025-04-21T17:02:01.994+0000] {logging_mixin.py:190} INFO - [2025-04-21T17:02:01.994+0000] {override.py:1912} INFO - Created Permission View: can delete on DAG:example_branch_operator
[2025-04-21T17:02:01.996+0000] {logging_mixin.py:190} INFO - [2025-04-21T17:02:01.996+0000] {override.py:1912} INFO - Created Permission View: can read on DAG Run:example_branch_operator
[2025-04-21T17:02:01.998+0000] {logging_mixin.py:190} INFO - [2025-04-21T17:02:01.998+0000] {override.py:1912} INFO - Created Permission View: can delete on DAG Run:example_branch_operator
[2025-04-21T17:02:01.999+0000] {logging_mixin.py:190} INFO - [2025-04-21T17:02:01.999+0000] {override.py:1912} INFO - Created Permission View: menu access on DAG Run:example_branch_operator
[2025-04-21T17:02:02.001+0000] {logging_mixin.py:190} INFO - [2025-04-21T17:02:02.001+0000] {override.py:1912} INFO - Created Permission View: can create on DAG Run:example_branch_operator
[2025-04-21T17:02:02.001+0000] {logging_mixin.py:190} INFO - [2025-04-21T17:02:02.001+0000] {dag.py:3239} INFO - Sync 1 DAGs
[2025-04-21T17:02:02.005+0000] {logging_mixin.py:190} INFO - [2025-04-21T17:02:02.005+0000] {dag.py:3262} INFO - Creating ORM DAG for example_branch_operator
[2025-04-21T17:02:02.009+0000] {logging_mixin.py:190} INFO - [2025-04-21T17:02:02.008+0000] {dag.py:4180} INFO - Setting next_dagrun for example_branch_operator to 2025-04-20 00:00:00+00:00, run_after=2025-04-21 00:00:00+00:00
[2025-04-21T17:02:02.014+0000] {processor.py:208} INFO - Processing /home/airflow/.local/lib/python3.12/site-packages/airflow/example_dags/example_branch_operator.py took 0.088 seconds
[2025-04-21T17:02:32.893+0000] {processor.py:186} INFO - Started process (PID=152) to work on /home/airflow/.local/lib/python3.12/site-packages/airflow/example_dags/example_branch_operator.py
[2025-04-21T17:02:32.894+0000] {processor.py:914} INFO - Processing file /home/airflow/.local/lib/python3.12/site-packages/airflow/example_dags/example_branch_operator.py for tasks to queue
[2025-04-21T17:02:32.897+0000] {logging_mixin.py:190} INFO - [2025-04-21T17:02:32.897+0000] {dagbag.py:588} INFO - Filling up the DagBag from /home/airflow/.local/lib/python3.12/site-packages/airflow/example_dags/example_branch_operator.py
[2025-04-21T17:02:32.906+0000] {processor.py:925} INFO - DAG(s) 'example_branch_operator' retrieved from /home/airflow/.local/lib/python3.12/site-packages/airflow/example_dags/example_branch_operator.py
[2025-04-21T17:02:32.917+0000] {logging_mixin.py:190} INFO - [2025-04-21T17:02:32.917+0000] {dag.py:3239} INFO - Sync 1 DAGs
[2025-04-21T17:02:32.925+0000] {logging_mixin.py:190} INFO - [2025-04-21T17:02:32.925+0000] {dag.py:4180} INFO - Setting next_dagrun for example_branch_operator to 2025-04-20 00:00:00+00:00, run_after=2025-04-21 00:00:00+00:00
[2025-04-21T17:02:32.933+0000] {processor.py:208} INFO - Processing /home/airflow/.local/lib/python3.12/site-packages/airflow/example_dags/example_branch_operator.py took 0.045 seconds
[2025-04-21T17:03:03.082+0000] {processor.py:186} INFO - Started process (PID=215) to work on /home/airflow/.local/lib/python3.12/site-packages/airflow/example_dags/example_branch_operator.py
[2025-04-21T17:03:03.083+0000] {processor.py:914} INFO - Processing file /home/airflow/.local/lib/python3.12/site-packages/airflow/example_dags/example_branch_operator.py for tasks to queue
[2025-04-21T17:03:03.083+0000] {logging_mixin.py:190} INFO - [2025-04-21T17:03:03.083+0000] {dagbag.py:588} INFO - Filling up the DagBag from /home/airflow/.local/lib/python3.12/site-packages/airflow/example_dags/example_branch_operator.py
[2025-04-21T17:03:03.091+0000] {processor.py:925} INFO - DAG(s) 'example_branch_operator' retrieved from /home/airflow/.local/lib/python3.12/site-packages/airflow/example_dags/example_branch_operator.py
[2025-04-21T17:03:03.104+0000] {logging_mixin.py:190} INFO - [2025-04-21T17:03:03.104+0000] {dag.py:3239} INFO - Sync 1 DAGs
[2025-04-21T17:03:03.114+0000] {logging_mixin.py:190} INFO - [2025-04-21T17:03:03.114+0000] {dag.py:4180} INFO - Setting next_dagrun for example_branch_operator to 2025-04-20 00:00:00+00:00, run_after=2025-04-21 00:00:00+00:00
[2025-04-21T17:03:03.120+0000] {processor.py:208} INFO - Processing /home/airflow/.local/lib/python3.12/site-packages/airflow/example_dags/example_branch_operator.py took 0.040 seconds
[2025-04-21T17:03:34.203+0000] {processor.py:186} INFO - Started process (PID=277) to work on /home/airflow/.local/lib/python3.12/site-packages/airflow/example_dags/example_branch_operator.py
[2025-04-21T17:03:34.203+0000] {processor.py:914} INFO - Processing file /home/airflow/.local/lib/python3.12/site-packages/airflow/example_dags/example_branch_operator.py for tasks to queue
[2025-04-21T17:03:34.204+0000] {logging_mixin.py:190} INFO - [2025-04-21T17:03:34.204+0000] {dagbag.py:588} INFO - Filling up the DagBag from /home/airflow/.local/lib/python3.12/site-packages/airflow/example_dags/example_branch_operator.py
[2025-04-21T17:03:34.211+0000] {processor.py:925} INFO - DAG(s) 'example_branch_operator' retrieved from /home/airflow/.local/lib/python3.12/site-packages/airflow/example_dags/example_branch_operator.py
[2025-04-21T17:03:34.223+0000] {logging_mixin.py:190} INFO - [2025-04-21T17:03:34.223+0000] {dag.py:3239} INFO - Sync 1 DAGs
[2025-04-21T17:03:34.232+0000] {logging_mixin.py:190} INFO - [2025-04-21T17:03:34.232+0000] {dag.py:4180} INFO - Setting next_dagrun for example_branch_operator to 2025-04-20 00:00:00+00:00, run_after=2025-04-21 00:00:00+00:00
[2025-04-21T17:03:34.238+0000] {processor.py:208} INFO - Processing /home/airflow/.local/lib/python3.12/site-packages/airflow/example_dags/example_branch_operator.py took 0.038 seconds
[2025-04-21T17:04:05.456+0000] {processor.py:186} INFO - Started process (PID=340) to work on /home/airflow/.local/lib/python3.12/site-packages/airflow/example_dags/example_branch_operator.py
[2025-04-21T17:04:05.456+0000] {processor.py:914} INFO - Processing file /home/airflow/.local/lib/python3.12/site-packages/airflow/example_dags/example_branch_operator.py for tasks to queue
[2025-04-21T17:04:05.457+0000] {logging_mixin.py:190} INFO - [2025-04-21T17:04:05.457+0000] {dagbag.py:588} INFO - Filling up the DagBag from /home/airflow/.local/lib/python3.12/site-packages/airflow/example_dags/example_branch_operator.py
[2025-04-21T17:04:05.464+0000] {processor.py:925} INFO - DAG(s) 'example_branch_operator' retrieved from /home/airflow/.local/lib/python3.12/site-packages/airflow/example_dags/example_branch_operator.py
[2025-04-21T17:04:05.479+0000] {logging_mixin.py:190} INFO - [2025-04-21T17:04:05.479+0000] {dag.py:3239} INFO - Sync 1 DAGs
[2025-04-21T17:04:05.490+0000] {logging_mixin.py:190} INFO - [2025-04-21T17:04:05.490+0000] {dag.py:4180} INFO - Setting next_dagrun for example_branch_operator to 2025-04-20 00:00:00+00:00, run_after=2025-04-21 00:00:00+00:00
[2025-04-21T17:04:05.496+0000] {processor.py:208} INFO - Processing /home/airflow/.local/lib/python3.12/site-packages/airflow/example_dags/example_branch_operator.py took 0.042 seconds
[2025-04-21T17:04:36.650+0000] {processor.py:186} INFO - Started process (PID=403) to work on /home/airflow/.local/lib/python3.12/site-packages/airflow/example_dags/example_branch_operator.py
[2025-04-21T17:04:36.652+0000] {processor.py:914} INFO - Processing file /home/airflow/.local/lib/python3.12/site-packages/airflow/example_dags/example_branch_operator.py for tasks to queue
[2025-04-21T17:04:36.653+0000] {logging_mixin.py:190} INFO - [2025-04-21T17:04:36.653+0000] {dagbag.py:588} INFO - Filling up the DagBag from /home/airflow/.local/lib/python3.12/site-packages/airflow/example_dags/example_branch_operator.py
[2025-04-21T17:04:36.663+0000] {processor.py:925} INFO - DAG(s) 'example_branch_operator' retrieved from /home/airflow/.local/lib/python3.12/site-packages/airflow/example_dags/example_branch_operator.py
[2025-04-21T17:04:36.684+0000] {logging_mixin.py:190} INFO - [2025-04-21T17:04:36.683+0000] {dag.py:3239} INFO - Sync 1 DAGs
[2025-04-21T17:04:36.699+0000] {logging_mixin.py:190} INFO - [2025-04-21T17:04:36.699+0000] {dag.py:4180} INFO - Setting next_dagrun for example_branch_operator to 2025-04-20 00:00:00+00:00, run_after=2025-04-21 00:00:00+00:00
[2025-04-21T17:04:36.716+0000] {processor.py:208} INFO - Processing /home/airflow/.local/lib/python3.12/site-packages/airflow/example_dags/example_branch_operator.py took 0.068 seconds
[2025-04-21T17:05:07.938+0000] {processor.py:186} INFO - Started process (PID=466) to work on /home/airflow/.local/lib/python3.12/site-packages/airflow/example_dags/example_branch_operator.py
[2025-04-21T17:05:07.941+0000] {processor.py:914} INFO - Processing file /home/airflow/.local/lib/python3.12/site-packages/airflow/example_dags/example_branch_operator.py for tasks to queue
[2025-04-21T17:05:07.942+0000] {logging_mixin.py:190} INFO - [2025-04-21T17:05:07.942+0000] {dagbag.py:588} INFO - Filling up the DagBag from /home/airflow/.local/lib/python3.12/site-packages/airflow/example_dags/example_branch_operator.py
[2025-04-21T17:05:07.950+0000] {processor.py:925} INFO - DAG(s) 'example_branch_operator' retrieved from /home/airflow/.local/lib/python3.12/site-packages/airflow/example_dags/example_branch_operator.py
[2025-04-21T17:05:07.965+0000] {logging_mixin.py:190} INFO - [2025-04-21T17:05:07.965+0000] {dag.py:3239} INFO - Sync 1 DAGs
[2025-04-21T17:05:07.974+0000] {logging_mixin.py:190} INFO - [2025-04-21T17:05:07.973+0000] {dag.py:4180} INFO - Setting next_dagrun for example_branch_operator to 2025-04-20 00:00:00+00:00, run_after=2025-04-21 00:00:00+00:00
[2025-04-21T17:05:07.982+0000] {processor.py:208} INFO - Processing /home/airflow/.local/lib/python3.12/site-packages/airflow/example_dags/example_branch_operator.py took 0.046 seconds
[2025-04-21T17:05:56.522+0000] {processor.py:186} INFO - Started process (PID=89) to work on /home/airflow/.local/lib/python3.12/site-packages/airflow/example_dags/example_branch_operator.py
[2025-04-21T17:05:56.523+0000] {processor.py:914} INFO - Processing file /home/airflow/.local/lib/python3.12/site-packages/airflow/example_dags/example_branch_operator.py for tasks to queue
[2025-04-21T17:05:56.524+0000] {logging_mixin.py:190} INFO - [2025-04-21T17:05:56.524+0000] {dagbag.py:588} INFO - Filling up the DagBag from /home/airflow/.local/lib/python3.12/site-packages/airflow/example_dags/example_branch_operator.py
[2025-04-21T17:05:56.532+0000] {processor.py:925} INFO - DAG(s) 'example_branch_operator' retrieved from /home/airflow/.local/lib/python3.12/site-packages/airflow/example_dags/example_branch_operator.py
[2025-04-21T17:05:56.580+0000] {logging_mixin.py:190} INFO - [2025-04-21T17:05:56.580+0000] {dag.py:3239} INFO - Sync 1 DAGs
[2025-04-21T17:05:56.589+0000] {logging_mixin.py:190} INFO - [2025-04-21T17:05:56.589+0000] {dag.py:4180} INFO - Setting next_dagrun for example_branch_operator to 2025-04-20 00:00:00+00:00, run_after=2025-04-21 00:00:00+00:00
[2025-04-21T17:05:56.599+0000] {processor.py:208} INFO - Processing /home/airflow/.local/lib/python3.12/site-packages/airflow/example_dags/example_branch_operator.py took 0.079 seconds
[2025-04-21T17:06:26.743+0000] {processor.py:186} INFO - Started process (PID=152) to work on /home/airflow/.local/lib/python3.12/site-packages/airflow/example_dags/example_branch_operator.py
[2025-04-21T17:06:26.743+0000] {processor.py:914} INFO - Processing file /home/airflow/.local/lib/python3.12/site-packages/airflow/example_dags/example_branch_operator.py for tasks to queue
[2025-04-21T17:06:26.744+0000] {logging_mixin.py:190} INFO - [2025-04-21T17:06:26.744+0000] {dagbag.py:588} INFO - Filling up the DagBag from /home/airflow/.local/lib/python3.12/site-packages/airflow/example_dags/example_branch_operator.py
[2025-04-21T17:06:26.750+0000] {processor.py:925} INFO - DAG(s) 'example_branch_operator' retrieved from /home/airflow/.local/lib/python3.12/site-packages/airflow/example_dags/example_branch_operator.py
[2025-04-21T17:06:26.760+0000] {logging_mixin.py:190} INFO - [2025-04-21T17:06:26.760+0000] {dag.py:3239} INFO - Sync 1 DAGs
[2025-04-21T17:06:26.768+0000] {logging_mixin.py:190} INFO - [2025-04-21T17:06:26.768+0000] {dag.py:4180} INFO - Setting next_dagrun for example_branch_operator to 2025-04-20 00:00:00+00:00, run_after=2025-04-21 00:00:00+00:00
[2025-04-21T17:06:26.773+0000] {processor.py:208} INFO - Processing /home/airflow/.local/lib/python3.12/site-packages/airflow/example_dags/example_branch_operator.py took 0.033 seconds
[2025-04-21T17:06:57.875+0000] {processor.py:186} INFO - Started process (PID=215) to work on /home/airflow/.local/lib/python3.12/site-packages/airflow/example_dags/example_branch_operator.py
[2025-04-21T17:06:57.878+0000] {processor.py:914} INFO - Processing file /home/airflow/.local/lib/python3.12/site-packages/airflow/example_dags/example_branch_operator.py for tasks to queue
[2025-04-21T17:06:57.879+0000] {logging_mixin.py:190} INFO - [2025-04-21T17:06:57.879+0000] {dagbag.py:588} INFO - Filling up the DagBag from /home/airflow/.local/lib/python3.12/site-packages/airflow/example_dags/example_branch_operator.py
[2025-04-21T17:06:57.886+0000] {processor.py:925} INFO - DAG(s) 'example_branch_operator' retrieved from /home/airflow/.local/lib/python3.12/site-packages/airflow/example_dags/example_branch_operator.py
[2025-04-21T17:06:57.902+0000] {logging_mixin.py:190} INFO - [2025-04-21T17:06:57.902+0000] {dag.py:3239} INFO - Sync 1 DAGs
[2025-04-21T17:06:57.911+0000] {logging_mixin.py:190} INFO - [2025-04-21T17:06:57.911+0000] {dag.py:4180} INFO - Setting next_dagrun for example_branch_operator to 2025-04-20 00:00:00+00:00, run_after=2025-04-21 00:00:00+00:00
[2025-04-21T17:06:57.918+0000] {processor.py:208} INFO - Processing /home/airflow/.local/lib/python3.12/site-packages/airflow/example_dags/example_branch_operator.py took 0.046 seconds
[2025-04-21T17:07:28.917+0000] {processor.py:186} INFO - Started process (PID=278) to work on /home/airflow/.local/lib/python3.12/site-packages/airflow/example_dags/example_branch_operator.py
[2025-04-21T17:07:28.918+0000] {processor.py:914} INFO - Processing file /home/airflow/.local/lib/python3.12/site-packages/airflow/example_dags/example_branch_operator.py for tasks to queue
[2025-04-21T17:07:28.919+0000] {logging_mixin.py:190} INFO - [2025-04-21T17:07:28.919+0000] {dagbag.py:588} INFO - Filling up the DagBag from /home/airflow/.local/lib/python3.12/site-packages/airflow/example_dags/example_branch_operator.py
[2025-04-21T17:07:28.926+0000] {processor.py:925} INFO - DAG(s) 'example_branch_operator' retrieved from /home/airflow/.local/lib/python3.12/site-packages/airflow/example_dags/example_branch_operator.py
[2025-04-21T17:07:28.936+0000] {logging_mixin.py:190} INFO - [2025-04-21T17:07:28.936+0000] {dag.py:3239} INFO - Sync 1 DAGs
[2025-04-21T17:07:28.946+0000] {logging_mixin.py:190} INFO - [2025-04-21T17:07:28.946+0000] {dag.py:4180} INFO - Setting next_dagrun for example_branch_operator to 2025-04-20 00:00:00+00:00, run_after=2025-04-21 00:00:00+00:00
[2025-04-21T17:07:28.954+0000] {processor.py:208} INFO - Processing /home/airflow/.local/lib/python3.12/site-packages/airflow/example_dags/example_branch_operator.py took 0.039 seconds
[2025-04-21T17:08:00.011+0000] {processor.py:186} INFO - Started process (PID=341) to work on /home/airflow/.local/lib/python3.12/site-packages/airflow/example_dags/example_branch_operator.py
[2025-04-21T17:08:00.011+0000] {processor.py:914} INFO - Processing file /home/airflow/.local/lib/python3.12/site-packages/airflow/example_dags/example_branch_operator.py for tasks to queue
[2025-04-21T17:08:00.012+0000] {logging_mixin.py:190} INFO - [2025-04-21T17:08:00.012+0000] {dagbag.py:588} INFO - Filling up the DagBag from /home/airflow/.local/lib/python3.12/site-packages/airflow/example_dags/example_branch_operator.py
[2025-04-21T17:08:00.018+0000] {processor.py:925} INFO - DAG(s) 'example_branch_operator' retrieved from /home/airflow/.local/lib/python3.12/site-packages/airflow/example_dags/example_branch_operator.py
[2025-04-21T17:08:00.029+0000] {logging_mixin.py:190} INFO - [2025-04-21T17:08:00.028+0000] {dag.py:3239} INFO - Sync 1 DAGs
[2025-04-21T17:08:00.036+0000] {logging_mixin.py:190} INFO - [2025-04-21T17:08:00.036+0000] {dag.py:4180} INFO - Setting next_dagrun for example_branch_operator to 2025-04-20 00:00:00+00:00, run_after=2025-04-21 00:00:00+00:00
[2025-04-21T17:08:00.041+0000] {processor.py:208} INFO - Processing /home/airflow/.local/lib/python3.12/site-packages/airflow/example_dags/example_branch_operator.py took 0.033 seconds
[2025-04-21T17:08:31.313+0000] {processor.py:186} INFO - Started process (PID=404) to work on /home/airflow/.local/lib/python3.12/site-packages/airflow/example_dags/example_branch_operator.py
[2025-04-21T17:08:31.314+0000] {processor.py:914} INFO - Processing file /home/airflow/.local/lib/python3.12/site-packages/airflow/example_dags/example_branch_operator.py for tasks to queue
[2025-04-21T17:08:31.316+0000] {logging_mixin.py:190} INFO - [2025-04-21T17:08:31.316+0000] {dagbag.py:588} INFO - Filling up the DagBag from /home/airflow/.local/lib/python3.12/site-packages/airflow/example_dags/example_branch_operator.py
[2025-04-21T17:08:31.324+0000] {processor.py:925} INFO - DAG(s) 'example_branch_operator' retrieved from /home/airflow/.local/lib/python3.12/site-packages/airflow/example_dags/example_branch_operator.py
[2025-04-21T17:08:31.335+0000] {logging_mixin.py:190} INFO - [2025-04-21T17:08:31.335+0000] {dag.py:3239} INFO - Sync 1 DAGs
[2025-04-21T17:08:31.345+0000] {logging_mixin.py:190} INFO - [2025-04-21T17:08:31.345+0000] {dag.py:4180} INFO - Setting next_dagrun for example_branch_operator to 2025-04-20 00:00:00+00:00, run_after=2025-04-21 00:00:00+00:00
[2025-04-21T17:08:31.353+0000] {processor.py:208} INFO - Processing /home/airflow/.local/lib/python3.12/site-packages/airflow/example_dags/example_branch_operator.py took 0.043 seconds
[2025-04-21T17:09:02.330+0000] {processor.py:186} INFO - Started process (PID=467) to work on /home/airflow/.local/lib/python3.12/site-packages/airflow/example_dags/example_branch_operator.py
[2025-04-21T17:09:02.331+0000] {processor.py:914} INFO - Processing file /home/airflow/.local/lib/python3.12/site-packages/airflow/example_dags/example_branch_operator.py for tasks to queue
[2025-04-21T17:09:02.331+0000] {logging_mixin.py:190} INFO - [2025-04-21T17:09:02.331+0000] {dagbag.py:588} INFO - Filling up the DagBag from /home/airflow/.local/lib/python3.12/site-packages/airflow/example_dags/example_branch_operator.py
[2025-04-21T17:09:02.338+0000] {processor.py:925} INFO - DAG(s) 'example_branch_operator' retrieved from /home/airflow/.local/lib/python3.12/site-packages/airflow/example_dags/example_branch_operator.py
[2025-04-21T17:09:02.348+0000] {logging_mixin.py:190} INFO - [2025-04-21T17:09:02.348+0000] {dag.py:3239} INFO - Sync 1 DAGs
[2025-04-21T17:09:02.355+0000] {logging_mixin.py:190} INFO - [2025-04-21T17:09:02.355+0000] {dag.py:4180} INFO - Setting next_dagrun for example_branch_operator to 2025-04-20 00:00:00+00:00, run_after=2025-04-21 00:00:00+00:00
[2025-04-21T17:09:02.360+0000] {processor.py:208} INFO - Processing /home/airflow/.local/lib/python3.12/site-packages/airflow/example_dags/example_branch_operator.py took 0.032 seconds
[2025-04-21T17:09:33.419+0000] {processor.py:186} INFO - Started process (PID=530) to work on /home/airflow/.local/lib/python3.12/site-packages/airflow/example_dags/example_branch_operator.py
[2025-04-21T17:09:33.422+0000] {processor.py:914} INFO - Processing file /home/airflow/.local/lib/python3.12/site-packages/airflow/example_dags/example_branch_operator.py for tasks to queue
[2025-04-21T17:09:33.423+0000] {logging_mixin.py:190} INFO - [2025-04-21T17:09:33.423+0000] {dagbag.py:588} INFO - Filling up the DagBag from /home/airflow/.local/lib/python3.12/site-packages/airflow/example_dags/example_branch_operator.py
[2025-04-21T17:09:33.430+0000] {processor.py:925} INFO - DAG(s) 'example_branch_operator' retrieved from /home/airflow/.local/lib/python3.12/site-packages/airflow/example_dags/example_branch_operator.py
[2025-04-21T17:09:33.442+0000] {logging_mixin.py:190} INFO - [2025-04-21T17:09:33.442+0000] {dag.py:3239} INFO - Sync 1 DAGs
[2025-04-21T17:09:33.452+0000] {logging_mixin.py:190} INFO - [2025-04-21T17:09:33.452+0000] {dag.py:4180} INFO - Setting next_dagrun for example_branch_operator to 2025-04-20 00:00:00+00:00, run_after=2025-04-21 00:00:00+00:00
[2025-04-21T17:09:33.459+0000] {processor.py:208} INFO - Processing /home/airflow/.local/lib/python3.12/site-packages/airflow/example_dags/example_branch_operator.py took 0.041 seconds
[2025-04-21T17:10:04.530+0000] {processor.py:186} INFO - Started process (PID=593) to work on /home/airflow/.local/lib/python3.12/site-packages/airflow/example_dags/example_branch_operator.py
[2025-04-21T17:10:04.532+0000] {processor.py:914} INFO - Processing file /home/airflow/.local/lib/python3.12/site-packages/airflow/example_dags/example_branch_operator.py for tasks to queue
[2025-04-21T17:10:04.533+0000] {logging_mixin.py:190} INFO - [2025-04-21T17:10:04.533+0000] {dagbag.py:588} INFO - Filling up the DagBag from /home/airflow/.local/lib/python3.12/site-packages/airflow/example_dags/example_branch_operator.py
[2025-04-21T17:10:04.540+0000] {processor.py:925} INFO - DAG(s) 'example_branch_operator' retrieved from /home/airflow/.local/lib/python3.12/site-packages/airflow/example_dags/example_branch_operator.py
[2025-04-21T17:10:04.552+0000] {logging_mixin.py:190} INFO - [2025-04-21T17:10:04.552+0000] {dag.py:3239} INFO - Sync 1 DAGs
[2025-04-21T17:10:04.560+0000] {logging_mixin.py:190} INFO - [2025-04-21T17:10:04.560+0000] {dag.py:4180} INFO - Setting next_dagrun for example_branch_operator to 2025-04-20 00:00:00+00:00, run_after=2025-04-21 00:00:00+00:00
[2025-04-21T17:10:04.566+0000] {processor.py:208} INFO - Processing /home/airflow/.local/lib/python3.12/site-packages/airflow/example_dags/example_branch_operator.py took 0.039 seconds
[2025-04-21T17:10:35.680+0000] {processor.py:186} INFO - Started process (PID=656) to work on /home/airflow/.local/lib/python3.12/site-packages/airflow/example_dags/example_branch_operator.py
[2025-04-21T17:10:35.680+0000] {processor.py:914} INFO - Processing file /home/airflow/.local/lib/python3.12/site-packages/airflow/example_dags/example_branch_operator.py for tasks to queue
[2025-04-21T17:10:35.681+0000] {logging_mixin.py:190} INFO - [2025-04-21T17:10:35.681+0000] {dagbag.py:588} INFO - Filling up the DagBag from /home/airflow/.local/lib/python3.12/site-packages/airflow/example_dags/example_branch_operator.py
[2025-04-21T17:10:35.688+0000] {processor.py:925} INFO - DAG(s) 'example_branch_operator' retrieved from /home/airflow/.local/lib/python3.12/site-packages/airflow/example_dags/example_branch_operator.py
[2025-04-21T17:10:35.698+0000] {logging_mixin.py:190} INFO - [2025-04-21T17:10:35.698+0000] {dag.py:3239} INFO - Sync 1 DAGs
[2025-04-21T17:10:35.706+0000] {logging_mixin.py:190} INFO - [2025-04-21T17:10:35.706+0000] {dag.py:4180} INFO - Setting next_dagrun for example_branch_operator to 2025-04-20 00:00:00+00:00, run_after=2025-04-21 00:00:00+00:00
[2025-04-21T17:10:35.712+0000] {processor.py:208} INFO - Processing /home/airflow/.local/lib/python3.12/site-packages/airflow/example_dags/example_branch_operator.py took 0.035 seconds
[2025-04-21T17:11:06.864+0000] {processor.py:186} INFO - Started process (PID=720) to work on /home/airflow/.local/lib/python3.12/site-packages/airflow/example_dags/example_branch_operator.py
[2025-04-21T17:11:06.864+0000] {processor.py:914} INFO - Processing file /home/airflow/.local/lib/python3.12/site-packages/airflow/example_dags/example_branch_operator.py for tasks to queue
[2025-04-21T17:11:06.865+0000] {logging_mixin.py:190} INFO - [2025-04-21T17:11:06.865+0000] {dagbag.py:588} INFO - Filling up the DagBag from /home/airflow/.local/lib/python3.12/site-packages/airflow/example_dags/example_branch_operator.py
[2025-04-21T17:11:06.871+0000] {processor.py:925} INFO - DAG(s) 'example_branch_operator' retrieved from /home/airflow/.local/lib/python3.12/site-packages/airflow/example_dags/example_branch_operator.py
[2025-04-21T17:11:06.880+0000] {logging_mixin.py:190} INFO - [2025-04-21T17:11:06.880+0000] {dag.py:3239} INFO - Sync 1 DAGs
[2025-04-21T17:11:06.888+0000] {logging_mixin.py:190} INFO - [2025-04-21T17:11:06.888+0000] {dag.py:4180} INFO - Setting next_dagrun for example_branch_operator to 2025-04-20 00:00:00+00:00, run_after=2025-04-21 00:00:00+00:00
[2025-04-21T17:11:06.893+0000] {processor.py:208} INFO - Processing /home/airflow/.local/lib/python3.12/site-packages/airflow/example_dags/example_branch_operator.py took 0.031 seconds
