[2025-04-21T17:02:01.231+0000] {processor.py:186} INFO - Started process (PID=80) to work on /home/airflow/.local/lib/python3.12/site-packages/airflow/example_dags/example_inlet_event_extra.py
[2025-04-21T17:02:01.232+0000] {processor.py:914} INFO - Processing file /home/airflow/.local/lib/python3.12/site-packages/airflow/example_dags/example_inlet_event_extra.py for tasks to queue
[2025-04-21T17:02:01.233+0000] {logging_mixin.py:190} INFO - [2025-04-21T17:02:01.233+0000] {dagbag.py:588} INFO - Filling up the DagBag from /home/airflow/.local/lib/python3.12/site-packages/airflow/example_dags/example_inlet_event_extra.py
[2025-04-21T17:02:01.449+0000] {processor.py:925} INFO - DAG(s) 'read_dataset_event', 'read_dataset_event_from_classic' retrieved from /home/airflow/.local/lib/python3.12/site-packages/airflow/example_dags/example_inlet_event_extra.py
[2025-04-21T17:02:01.479+0000] {logging_mixin.py:190} INFO - [2025-04-21T17:02:01.479+0000] {override.py:1912} INFO - Created Permission View: can read on DAG:read_dataset_event
[2025-04-21T17:02:01.482+0000] {logging_mixin.py:190} INFO - [2025-04-21T17:02:01.482+0000] {override.py:1912} INFO - Created Permission View: can edit on DAG:read_dataset_event
[2025-04-21T17:02:01.484+0000] {logging_mixin.py:190} INFO - [2025-04-21T17:02:01.484+0000] {override.py:1912} INFO - Created Permission View: can delete on DAG:read_dataset_event
[2025-04-21T17:02:01.485+0000] {logging_mixin.py:190} INFO - [2025-04-21T17:02:01.485+0000] {override.py:1912} INFO - Created Permission View: can read on DAG Run:read_dataset_event
[2025-04-21T17:02:01.487+0000] {logging_mixin.py:190} INFO - [2025-04-21T17:02:01.487+0000] {override.py:1912} INFO - Created Permission View: can delete on DAG Run:read_dataset_event
[2025-04-21T17:02:01.488+0000] {logging_mixin.py:190} INFO - [2025-04-21T17:02:01.488+0000] {override.py:1912} INFO - Created Permission View: menu access on DAG Run:read_dataset_event
[2025-04-21T17:02:01.489+0000] {logging_mixin.py:190} INFO - [2025-04-21T17:02:01.489+0000] {override.py:1912} INFO - Created Permission View: can create on DAG Run:read_dataset_event
[2025-04-21T17:02:01.493+0000] {logging_mixin.py:190} INFO - [2025-04-21T17:02:01.493+0000] {override.py:1912} INFO - Created Permission View: can read on DAG:read_dataset_event_from_classic
[2025-04-21T17:02:01.494+0000] {logging_mixin.py:190} INFO - [2025-04-21T17:02:01.494+0000] {override.py:1912} INFO - Created Permission View: can edit on DAG:read_dataset_event_from_classic
[2025-04-21T17:02:01.495+0000] {logging_mixin.py:190} INFO - [2025-04-21T17:02:01.495+0000] {override.py:1912} INFO - Created Permission View: can delete on DAG:read_dataset_event_from_classic
[2025-04-21T17:02:01.497+0000] {logging_mixin.py:190} INFO - [2025-04-21T17:02:01.497+0000] {override.py:1912} INFO - Created Permission View: can read on DAG Run:read_dataset_event_from_classic
[2025-04-21T17:02:01.498+0000] {logging_mixin.py:190} INFO - [2025-04-21T17:02:01.498+0000] {override.py:1912} INFO - Created Permission View: can delete on DAG Run:read_dataset_event_from_classic
[2025-04-21T17:02:01.499+0000] {logging_mixin.py:190} INFO - [2025-04-21T17:02:01.499+0000] {override.py:1912} INFO - Created Permission View: menu access on DAG Run:read_dataset_event_from_classic
[2025-04-21T17:02:01.501+0000] {logging_mixin.py:190} INFO - [2025-04-21T17:02:01.501+0000] {override.py:1912} INFO - Created Permission View: can create on DAG Run:read_dataset_event_from_classic
[2025-04-21T17:02:01.501+0000] {logging_mixin.py:190} INFO - [2025-04-21T17:02:01.501+0000] {dag.py:3239} INFO - Sync 2 DAGs
[2025-04-21T17:02:01.506+0000] {logging_mixin.py:190} INFO - [2025-04-21T17:02:01.505+0000] {dag.py:3262} INFO - Creating ORM DAG for read_dataset_event_from_classic
[2025-04-21T17:02:01.506+0000] {logging_mixin.py:190} INFO - [2025-04-21T17:02:01.506+0000] {dag.py:3262} INFO - Creating ORM DAG for read_dataset_event
[2025-04-21T17:02:01.509+0000] {logging_mixin.py:190} INFO - [2025-04-21T17:02:01.509+0000] {dag.py:4180} INFO - Setting next_dagrun for read_dataset_event to 2025-04-20 00:00:00+00:00, run_after=2025-04-21 00:00:00+00:00
[2025-04-21T17:02:01.509+0000] {logging_mixin.py:190} INFO - [2025-04-21T17:02:01.509+0000] {dag.py:4180} INFO - Setting next_dagrun for read_dataset_event_from_classic to 2025-04-20 00:00:00+00:00, run_after=2025-04-21 00:00:00+00:00
[2025-04-21T17:02:01.514+0000] {processor.py:208} INFO - Processing /home/airflow/.local/lib/python3.12/site-packages/airflow/example_dags/example_inlet_event_extra.py took 0.285 seconds
[2025-04-21T17:02:32.106+0000] {processor.py:186} INFO - Started process (PID=143) to work on /home/airflow/.local/lib/python3.12/site-packages/airflow/example_dags/example_inlet_event_extra.py
[2025-04-21T17:02:32.106+0000] {processor.py:914} INFO - Processing file /home/airflow/.local/lib/python3.12/site-packages/airflow/example_dags/example_inlet_event_extra.py for tasks to queue
[2025-04-21T17:02:32.107+0000] {logging_mixin.py:190} INFO - [2025-04-21T17:02:32.107+0000] {dagbag.py:588} INFO - Filling up the DagBag from /home/airflow/.local/lib/python3.12/site-packages/airflow/example_dags/example_inlet_event_extra.py
[2025-04-21T17:02:32.644+0000] {processor.py:925} INFO - DAG(s) 'read_dataset_event', 'read_dataset_event_from_classic' retrieved from /home/airflow/.local/lib/python3.12/site-packages/airflow/example_dags/example_inlet_event_extra.py
[2025-04-21T17:02:32.673+0000] {logging_mixin.py:190} INFO - [2025-04-21T17:02:32.672+0000] {dag.py:3239} INFO - Sync 2 DAGs
[2025-04-21T17:02:32.684+0000] {logging_mixin.py:190} INFO - [2025-04-21T17:02:32.684+0000] {dag.py:4180} INFO - Setting next_dagrun for read_dataset_event to 2025-04-20 00:00:00+00:00, run_after=2025-04-21 00:00:00+00:00
[2025-04-21T17:02:32.688+0000] {logging_mixin.py:190} INFO - [2025-04-21T17:02:32.688+0000] {dag.py:4180} INFO - Setting next_dagrun for read_dataset_event_from_classic to 2025-04-20 00:00:00+00:00, run_after=2025-04-21 00:00:00+00:00
[2025-04-21T17:02:32.700+0000] {processor.py:208} INFO - Processing /home/airflow/.local/lib/python3.12/site-packages/airflow/example_dags/example_inlet_event_extra.py took 0.596 seconds
[2025-04-21T17:03:02.719+0000] {processor.py:186} INFO - Started process (PID=207) to work on /home/airflow/.local/lib/python3.12/site-packages/airflow/example_dags/example_inlet_event_extra.py
[2025-04-21T17:03:02.719+0000] {processor.py:914} INFO - Processing file /home/airflow/.local/lib/python3.12/site-packages/airflow/example_dags/example_inlet_event_extra.py for tasks to queue
[2025-04-21T17:03:02.720+0000] {logging_mixin.py:190} INFO - [2025-04-21T17:03:02.720+0000] {dagbag.py:588} INFO - Filling up the DagBag from /home/airflow/.local/lib/python3.12/site-packages/airflow/example_dags/example_inlet_event_extra.py
[2025-04-21T17:03:02.951+0000] {processor.py:925} INFO - DAG(s) 'read_dataset_event_from_classic', 'read_dataset_event' retrieved from /home/airflow/.local/lib/python3.12/site-packages/airflow/example_dags/example_inlet_event_extra.py
[2025-04-21T17:03:02.964+0000] {logging_mixin.py:190} INFO - [2025-04-21T17:03:02.964+0000] {dag.py:3239} INFO - Sync 2 DAGs
[2025-04-21T17:03:02.974+0000] {logging_mixin.py:190} INFO - [2025-04-21T17:03:02.974+0000] {dag.py:4180} INFO - Setting next_dagrun for read_dataset_event to 2025-04-20 00:00:00+00:00, run_after=2025-04-21 00:00:00+00:00
[2025-04-21T17:03:02.977+0000] {logging_mixin.py:190} INFO - [2025-04-21T17:03:02.977+0000] {dag.py:4180} INFO - Setting next_dagrun for read_dataset_event_from_classic to 2025-04-20 00:00:00+00:00, run_after=2025-04-21 00:00:00+00:00
[2025-04-21T17:03:02.985+0000] {processor.py:208} INFO - Processing /home/airflow/.local/lib/python3.12/site-packages/airflow/example_dags/example_inlet_event_extra.py took 0.268 seconds
[2025-04-21T17:03:33.773+0000] {processor.py:186} INFO - Started process (PID=269) to work on /home/airflow/.local/lib/python3.12/site-packages/airflow/example_dags/example_inlet_event_extra.py
[2025-04-21T17:03:33.773+0000] {processor.py:914} INFO - Processing file /home/airflow/.local/lib/python3.12/site-packages/airflow/example_dags/example_inlet_event_extra.py for tasks to queue
[2025-04-21T17:03:33.776+0000] {logging_mixin.py:190} INFO - [2025-04-21T17:03:33.776+0000] {dagbag.py:588} INFO - Filling up the DagBag from /home/airflow/.local/lib/python3.12/site-packages/airflow/example_dags/example_inlet_event_extra.py
[2025-04-21T17:03:34.010+0000] {processor.py:925} INFO - DAG(s) 'read_dataset_event', 'read_dataset_event_from_classic' retrieved from /home/airflow/.local/lib/python3.12/site-packages/airflow/example_dags/example_inlet_event_extra.py
[2025-04-21T17:03:34.021+0000] {logging_mixin.py:190} INFO - [2025-04-21T17:03:34.019+0000] {dag.py:3239} INFO - Sync 2 DAGs
[2025-04-21T17:03:34.034+0000] {logging_mixin.py:190} INFO - [2025-04-21T17:03:34.034+0000] {dag.py:4180} INFO - Setting next_dagrun for read_dataset_event to 2025-04-20 00:00:00+00:00, run_after=2025-04-21 00:00:00+00:00
[2025-04-21T17:03:34.036+0000] {logging_mixin.py:190} INFO - [2025-04-21T17:03:34.036+0000] {dag.py:4180} INFO - Setting next_dagrun for read_dataset_event_from_classic to 2025-04-20 00:00:00+00:00, run_after=2025-04-21 00:00:00+00:00
[2025-04-21T17:03:34.043+0000] {processor.py:208} INFO - Processing /home/airflow/.local/lib/python3.12/site-packages/airflow/example_dags/example_inlet_event_extra.py took 0.274 seconds
[2025-04-21T17:04:04.985+0000] {processor.py:186} INFO - Started process (PID=332) to work on /home/airflow/.local/lib/python3.12/site-packages/airflow/example_dags/example_inlet_event_extra.py
[2025-04-21T17:04:04.989+0000] {processor.py:914} INFO - Processing file /home/airflow/.local/lib/python3.12/site-packages/airflow/example_dags/example_inlet_event_extra.py for tasks to queue
[2025-04-21T17:04:04.991+0000] {logging_mixin.py:190} INFO - [2025-04-21T17:04:04.990+0000] {dagbag.py:588} INFO - Filling up the DagBag from /home/airflow/.local/lib/python3.12/site-packages/airflow/example_dags/example_inlet_event_extra.py
[2025-04-21T17:04:05.236+0000] {processor.py:925} INFO - DAG(s) 'read_dataset_event', 'read_dataset_event_from_classic' retrieved from /home/airflow/.local/lib/python3.12/site-packages/airflow/example_dags/example_inlet_event_extra.py
[2025-04-21T17:04:05.247+0000] {logging_mixin.py:190} INFO - [2025-04-21T17:04:05.245+0000] {dag.py:3239} INFO - Sync 2 DAGs
[2025-04-21T17:04:05.254+0000] {logging_mixin.py:190} INFO - [2025-04-21T17:04:05.254+0000] {dag.py:4180} INFO - Setting next_dagrun for read_dataset_event to 2025-04-20 00:00:00+00:00, run_after=2025-04-21 00:00:00+00:00
[2025-04-21T17:04:05.259+0000] {logging_mixin.py:190} INFO - [2025-04-21T17:04:05.259+0000] {dag.py:4180} INFO - Setting next_dagrun for read_dataset_event_from_classic to 2025-04-20 00:00:00+00:00, run_after=2025-04-21 00:00:00+00:00
[2025-04-21T17:04:05.272+0000] {processor.py:208} INFO - Processing /home/airflow/.local/lib/python3.12/site-packages/airflow/example_dags/example_inlet_event_extra.py took 0.292 seconds
[2025-04-21T17:04:36.229+0000] {processor.py:186} INFO - Started process (PID=395) to work on /home/airflow/.local/lib/python3.12/site-packages/airflow/example_dags/example_inlet_event_extra.py
[2025-04-21T17:04:36.231+0000] {processor.py:914} INFO - Processing file /home/airflow/.local/lib/python3.12/site-packages/airflow/example_dags/example_inlet_event_extra.py for tasks to queue
[2025-04-21T17:04:36.232+0000] {logging_mixin.py:190} INFO - [2025-04-21T17:04:36.232+0000] {dagbag.py:588} INFO - Filling up the DagBag from /home/airflow/.local/lib/python3.12/site-packages/airflow/example_dags/example_inlet_event_extra.py
[2025-04-21T17:04:36.467+0000] {processor.py:925} INFO - DAG(s) 'read_dataset_event', 'read_dataset_event_from_classic' retrieved from /home/airflow/.local/lib/python3.12/site-packages/airflow/example_dags/example_inlet_event_extra.py
[2025-04-21T17:04:36.479+0000] {logging_mixin.py:190} INFO - [2025-04-21T17:04:36.478+0000] {dag.py:3239} INFO - Sync 2 DAGs
[2025-04-21T17:04:36.488+0000] {logging_mixin.py:190} INFO - [2025-04-21T17:04:36.488+0000] {dag.py:4180} INFO - Setting next_dagrun for read_dataset_event to 2025-04-20 00:00:00+00:00, run_after=2025-04-21 00:00:00+00:00
[2025-04-21T17:04:36.490+0000] {logging_mixin.py:190} INFO - [2025-04-21T17:04:36.490+0000] {dag.py:4180} INFO - Setting next_dagrun for read_dataset_event_from_classic to 2025-04-20 00:00:00+00:00, run_after=2025-04-21 00:00:00+00:00
[2025-04-21T17:04:36.497+0000] {processor.py:208} INFO - Processing /home/airflow/.local/lib/python3.12/site-packages/airflow/example_dags/example_inlet_event_extra.py took 0.271 seconds
[2025-04-21T17:05:07.423+0000] {processor.py:186} INFO - Started process (PID=458) to work on /home/airflow/.local/lib/python3.12/site-packages/airflow/example_dags/example_inlet_event_extra.py
[2025-04-21T17:05:07.427+0000] {processor.py:914} INFO - Processing file /home/airflow/.local/lib/python3.12/site-packages/airflow/example_dags/example_inlet_event_extra.py for tasks to queue
[2025-04-21T17:05:07.430+0000] {logging_mixin.py:190} INFO - [2025-04-21T17:05:07.430+0000] {dagbag.py:588} INFO - Filling up the DagBag from /home/airflow/.local/lib/python3.12/site-packages/airflow/example_dags/example_inlet_event_extra.py
[2025-04-21T17:05:07.704+0000] {processor.py:925} INFO - DAG(s) 'read_dataset_event_from_classic', 'read_dataset_event' retrieved from /home/airflow/.local/lib/python3.12/site-packages/airflow/example_dags/example_inlet_event_extra.py
[2025-04-21T17:05:07.716+0000] {logging_mixin.py:190} INFO - [2025-04-21T17:05:07.716+0000] {dag.py:3239} INFO - Sync 2 DAGs
[2025-04-21T17:05:07.725+0000] {logging_mixin.py:190} INFO - [2025-04-21T17:05:07.725+0000] {dag.py:4180} INFO - Setting next_dagrun for read_dataset_event to 2025-04-20 00:00:00+00:00, run_after=2025-04-21 00:00:00+00:00
[2025-04-21T17:05:07.729+0000] {logging_mixin.py:190} INFO - [2025-04-21T17:05:07.729+0000] {dag.py:4180} INFO - Setting next_dagrun for read_dataset_event_from_classic to 2025-04-20 00:00:00+00:00, run_after=2025-04-21 00:00:00+00:00
[2025-04-21T17:05:07.739+0000] {processor.py:208} INFO - Processing /home/airflow/.local/lib/python3.12/site-packages/airflow/example_dags/example_inlet_event_extra.py took 0.319 seconds
[2025-04-21T17:05:56.161+0000] {processor.py:186} INFO - Started process (PID=80) to work on /home/airflow/.local/lib/python3.12/site-packages/airflow/example_dags/example_inlet_event_extra.py
[2025-04-21T17:05:56.162+0000] {processor.py:914} INFO - Processing file /home/airflow/.local/lib/python3.12/site-packages/airflow/example_dags/example_inlet_event_extra.py for tasks to queue
[2025-04-21T17:05:56.163+0000] {logging_mixin.py:190} INFO - [2025-04-21T17:05:56.162+0000] {dagbag.py:588} INFO - Filling up the DagBag from /home/airflow/.local/lib/python3.12/site-packages/airflow/example_dags/example_inlet_event_extra.py
[2025-04-21T17:05:56.414+0000] {processor.py:925} INFO - DAG(s) 'read_dataset_event', 'read_dataset_event_from_classic' retrieved from /home/airflow/.local/lib/python3.12/site-packages/airflow/example_dags/example_inlet_event_extra.py
[2025-04-21T17:05:56.424+0000] {logging_mixin.py:190} INFO - [2025-04-21T17:05:56.424+0000] {dag.py:3239} INFO - Sync 2 DAGs
[2025-04-21T17:05:56.437+0000] {logging_mixin.py:190} INFO - [2025-04-21T17:05:56.437+0000] {dag.py:4180} INFO - Setting next_dagrun for read_dataset_event to 2025-04-20 00:00:00+00:00, run_after=2025-04-21 00:00:00+00:00
[2025-04-21T17:05:56.439+0000] {logging_mixin.py:190} INFO - [2025-04-21T17:05:56.439+0000] {dag.py:4180} INFO - Setting next_dagrun for read_dataset_event_from_classic to 2025-04-20 00:00:00+00:00, run_after=2025-04-21 00:00:00+00:00
[2025-04-21T17:05:56.446+0000] {processor.py:208} INFO - Processing /home/airflow/.local/lib/python3.12/site-packages/airflow/example_dags/example_inlet_event_extra.py took 0.288 seconds
[2025-04-21T17:06:26.526+0000] {processor.py:186} INFO - Started process (PID=145) to work on /home/airflow/.local/lib/python3.12/site-packages/airflow/example_dags/example_inlet_event_extra.py
[2025-04-21T17:06:26.526+0000] {processor.py:914} INFO - Processing file /home/airflow/.local/lib/python3.12/site-packages/airflow/example_dags/example_inlet_event_extra.py for tasks to queue
[2025-04-21T17:06:26.527+0000] {logging_mixin.py:190} INFO - [2025-04-21T17:06:26.527+0000] {dagbag.py:588} INFO - Filling up the DagBag from /home/airflow/.local/lib/python3.12/site-packages/airflow/example_dags/example_inlet_event_extra.py
[2025-04-21T17:06:26.750+0000] {processor.py:925} INFO - DAG(s) 'read_dataset_event_from_classic', 'read_dataset_event' retrieved from /home/airflow/.local/lib/python3.12/site-packages/airflow/example_dags/example_inlet_event_extra.py
[2025-04-21T17:06:26.757+0000] {logging_mixin.py:190} INFO - [2025-04-21T17:06:26.757+0000] {dag.py:3239} INFO - Sync 2 DAGs
[2025-04-21T17:06:26.765+0000] {logging_mixin.py:190} INFO - [2025-04-21T17:06:26.765+0000] {dag.py:4180} INFO - Setting next_dagrun for read_dataset_event to 2025-04-20 00:00:00+00:00, run_after=2025-04-21 00:00:00+00:00
[2025-04-21T17:06:26.768+0000] {logging_mixin.py:190} INFO - [2025-04-21T17:06:26.767+0000] {dag.py:4180} INFO - Setting next_dagrun for read_dataset_event_from_classic to 2025-04-20 00:00:00+00:00, run_after=2025-04-21 00:00:00+00:00
[2025-04-21T17:06:26.773+0000] {processor.py:208} INFO - Processing /home/airflow/.local/lib/python3.12/site-packages/airflow/example_dags/example_inlet_event_extra.py took 0.249 seconds
[2025-04-21T17:06:57.424+0000] {processor.py:186} INFO - Started process (PID=206) to work on /home/airflow/.local/lib/python3.12/site-packages/airflow/example_dags/example_inlet_event_extra.py
[2025-04-21T17:06:57.424+0000] {processor.py:914} INFO - Processing file /home/airflow/.local/lib/python3.12/site-packages/airflow/example_dags/example_inlet_event_extra.py for tasks to queue
[2025-04-21T17:06:57.425+0000] {logging_mixin.py:190} INFO - [2025-04-21T17:06:57.425+0000] {dagbag.py:588} INFO - Filling up the DagBag from /home/airflow/.local/lib/python3.12/site-packages/airflow/example_dags/example_inlet_event_extra.py
[2025-04-21T17:06:57.648+0000] {processor.py:925} INFO - DAG(s) 'read_dataset_event_from_classic', 'read_dataset_event' retrieved from /home/airflow/.local/lib/python3.12/site-packages/airflow/example_dags/example_inlet_event_extra.py
[2025-04-21T17:06:57.655+0000] {logging_mixin.py:190} INFO - [2025-04-21T17:06:57.655+0000] {dag.py:3239} INFO - Sync 2 DAGs
[2025-04-21T17:06:57.664+0000] {logging_mixin.py:190} INFO - [2025-04-21T17:06:57.664+0000] {dag.py:4180} INFO - Setting next_dagrun for read_dataset_event to 2025-04-20 00:00:00+00:00, run_after=2025-04-21 00:00:00+00:00
[2025-04-21T17:06:57.667+0000] {logging_mixin.py:190} INFO - [2025-04-21T17:06:57.667+0000] {dag.py:4180} INFO - Setting next_dagrun for read_dataset_event_from_classic to 2025-04-20 00:00:00+00:00, run_after=2025-04-21 00:00:00+00:00
[2025-04-21T17:06:57.675+0000] {processor.py:208} INFO - Processing /home/airflow/.local/lib/python3.12/site-packages/airflow/example_dags/example_inlet_event_extra.py took 0.254 seconds
[2025-04-21T17:07:28.528+0000] {processor.py:186} INFO - Started process (PID=269) to work on /home/airflow/.local/lib/python3.12/site-packages/airflow/example_dags/example_inlet_event_extra.py
[2025-04-21T17:07:28.529+0000] {processor.py:914} INFO - Processing file /home/airflow/.local/lib/python3.12/site-packages/airflow/example_dags/example_inlet_event_extra.py for tasks to queue
[2025-04-21T17:07:28.529+0000] {logging_mixin.py:190} INFO - [2025-04-21T17:07:28.529+0000] {dagbag.py:588} INFO - Filling up the DagBag from /home/airflow/.local/lib/python3.12/site-packages/airflow/example_dags/example_inlet_event_extra.py
[2025-04-21T17:07:28.738+0000] {processor.py:925} INFO - DAG(s) 'read_dataset_event_from_classic', 'read_dataset_event' retrieved from /home/airflow/.local/lib/python3.12/site-packages/airflow/example_dags/example_inlet_event_extra.py
[2025-04-21T17:07:28.744+0000] {logging_mixin.py:190} INFO - [2025-04-21T17:07:28.744+0000] {dag.py:3239} INFO - Sync 2 DAGs
[2025-04-21T17:07:28.751+0000] {logging_mixin.py:190} INFO - [2025-04-21T17:07:28.751+0000] {dag.py:4180} INFO - Setting next_dagrun for read_dataset_event to 2025-04-20 00:00:00+00:00, run_after=2025-04-21 00:00:00+00:00
[2025-04-21T17:07:28.753+0000] {logging_mixin.py:190} INFO - [2025-04-21T17:07:28.753+0000] {dag.py:4180} INFO - Setting next_dagrun for read_dataset_event_from_classic to 2025-04-20 00:00:00+00:00, run_after=2025-04-21 00:00:00+00:00
[2025-04-21T17:07:28.758+0000] {processor.py:208} INFO - Processing /home/airflow/.local/lib/python3.12/site-packages/airflow/example_dags/example_inlet_event_extra.py took 0.231 seconds
[2025-04-21T17:07:59.572+0000] {processor.py:186} INFO - Started process (PID=332) to work on /home/airflow/.local/lib/python3.12/site-packages/airflow/example_dags/example_inlet_event_extra.py
[2025-04-21T17:07:59.573+0000] {processor.py:914} INFO - Processing file /home/airflow/.local/lib/python3.12/site-packages/airflow/example_dags/example_inlet_event_extra.py for tasks to queue
[2025-04-21T17:07:59.573+0000] {logging_mixin.py:190} INFO - [2025-04-21T17:07:59.573+0000] {dagbag.py:588} INFO - Filling up the DagBag from /home/airflow/.local/lib/python3.12/site-packages/airflow/example_dags/example_inlet_event_extra.py
[2025-04-21T17:07:59.807+0000] {processor.py:925} INFO - DAG(s) 'read_dataset_event_from_classic', 'read_dataset_event' retrieved from /home/airflow/.local/lib/python3.12/site-packages/airflow/example_dags/example_inlet_event_extra.py
[2025-04-21T17:07:59.814+0000] {logging_mixin.py:190} INFO - [2025-04-21T17:07:59.814+0000] {dag.py:3239} INFO - Sync 2 DAGs
[2025-04-21T17:07:59.821+0000] {logging_mixin.py:190} INFO - [2025-04-21T17:07:59.821+0000] {dag.py:4180} INFO - Setting next_dagrun for read_dataset_event to 2025-04-20 00:00:00+00:00, run_after=2025-04-21 00:00:00+00:00
[2025-04-21T17:07:59.824+0000] {logging_mixin.py:190} INFO - [2025-04-21T17:07:59.824+0000] {dag.py:4180} INFO - Setting next_dagrun for read_dataset_event_from_classic to 2025-04-20 00:00:00+00:00, run_after=2025-04-21 00:00:00+00:00
[2025-04-21T17:07:59.828+0000] {processor.py:208} INFO - Processing /home/airflow/.local/lib/python3.12/site-packages/airflow/example_dags/example_inlet_event_extra.py took 0.258 seconds
[2025-04-21T17:08:30.842+0000] {processor.py:186} INFO - Started process (PID=395) to work on /home/airflow/.local/lib/python3.12/site-packages/airflow/example_dags/example_inlet_event_extra.py
[2025-04-21T17:08:30.842+0000] {processor.py:914} INFO - Processing file /home/airflow/.local/lib/python3.12/site-packages/airflow/example_dags/example_inlet_event_extra.py for tasks to queue
[2025-04-21T17:08:30.843+0000] {logging_mixin.py:190} INFO - [2025-04-21T17:08:30.843+0000] {dagbag.py:588} INFO - Filling up the DagBag from /home/airflow/.local/lib/python3.12/site-packages/airflow/example_dags/example_inlet_event_extra.py
[2025-04-21T17:08:31.110+0000] {processor.py:925} INFO - DAG(s) 'read_dataset_event', 'read_dataset_event_from_classic' retrieved from /home/airflow/.local/lib/python3.12/site-packages/airflow/example_dags/example_inlet_event_extra.py
[2025-04-21T17:08:31.119+0000] {logging_mixin.py:190} INFO - [2025-04-21T17:08:31.119+0000] {dag.py:3239} INFO - Sync 2 DAGs
[2025-04-21T17:08:31.128+0000] {logging_mixin.py:190} INFO - [2025-04-21T17:08:31.127+0000] {dag.py:4180} INFO - Setting next_dagrun for read_dataset_event to 2025-04-20 00:00:00+00:00, run_after=2025-04-21 00:00:00+00:00
[2025-04-21T17:08:31.129+0000] {logging_mixin.py:190} INFO - [2025-04-21T17:08:31.129+0000] {dag.py:4180} INFO - Setting next_dagrun for read_dataset_event_from_classic to 2025-04-20 00:00:00+00:00, run_after=2025-04-21 00:00:00+00:00
[2025-04-21T17:08:31.134+0000] {processor.py:208} INFO - Processing /home/airflow/.local/lib/python3.12/site-packages/airflow/example_dags/example_inlet_event_extra.py took 0.295 seconds
[2025-04-21T17:09:01.912+0000] {processor.py:186} INFO - Started process (PID=458) to work on /home/airflow/.local/lib/python3.12/site-packages/airflow/example_dags/example_inlet_event_extra.py
[2025-04-21T17:09:01.912+0000] {processor.py:914} INFO - Processing file /home/airflow/.local/lib/python3.12/site-packages/airflow/example_dags/example_inlet_event_extra.py for tasks to queue
[2025-04-21T17:09:01.913+0000] {logging_mixin.py:190} INFO - [2025-04-21T17:09:01.913+0000] {dagbag.py:588} INFO - Filling up the DagBag from /home/airflow/.local/lib/python3.12/site-packages/airflow/example_dags/example_inlet_event_extra.py
[2025-04-21T17:09:02.129+0000] {processor.py:925} INFO - DAG(s) 'read_dataset_event', 'read_dataset_event_from_classic' retrieved from /home/airflow/.local/lib/python3.12/site-packages/airflow/example_dags/example_inlet_event_extra.py
[2025-04-21T17:09:02.136+0000] {logging_mixin.py:190} INFO - [2025-04-21T17:09:02.136+0000] {dag.py:3239} INFO - Sync 2 DAGs
[2025-04-21T17:09:02.145+0000] {logging_mixin.py:190} INFO - [2025-04-21T17:09:02.145+0000] {dag.py:4180} INFO - Setting next_dagrun for read_dataset_event to 2025-04-20 00:00:00+00:00, run_after=2025-04-21 00:00:00+00:00
[2025-04-21T17:09:02.146+0000] {logging_mixin.py:190} INFO - [2025-04-21T17:09:02.146+0000] {dag.py:4180} INFO - Setting next_dagrun for read_dataset_event_from_classic to 2025-04-20 00:00:00+00:00, run_after=2025-04-21 00:00:00+00:00
[2025-04-21T17:09:02.150+0000] {processor.py:208} INFO - Processing /home/airflow/.local/lib/python3.12/site-packages/airflow/example_dags/example_inlet_event_extra.py took 0.241 seconds
[2025-04-21T17:09:33.003+0000] {processor.py:186} INFO - Started process (PID=521) to work on /home/airflow/.local/lib/python3.12/site-packages/airflow/example_dags/example_inlet_event_extra.py
[2025-04-21T17:09:33.003+0000] {processor.py:914} INFO - Processing file /home/airflow/.local/lib/python3.12/site-packages/airflow/example_dags/example_inlet_event_extra.py for tasks to queue
[2025-04-21T17:09:33.004+0000] {logging_mixin.py:190} INFO - [2025-04-21T17:09:33.004+0000] {dagbag.py:588} INFO - Filling up the DagBag from /home/airflow/.local/lib/python3.12/site-packages/airflow/example_dags/example_inlet_event_extra.py
[2025-04-21T17:09:33.228+0000] {processor.py:925} INFO - DAG(s) 'read_dataset_event', 'read_dataset_event_from_classic' retrieved from /home/airflow/.local/lib/python3.12/site-packages/airflow/example_dags/example_inlet_event_extra.py
[2025-04-21T17:09:33.236+0000] {logging_mixin.py:190} INFO - [2025-04-21T17:09:33.236+0000] {dag.py:3239} INFO - Sync 2 DAGs
[2025-04-21T17:09:33.246+0000] {logging_mixin.py:190} INFO - [2025-04-21T17:09:33.246+0000] {dag.py:4180} INFO - Setting next_dagrun for read_dataset_event to 2025-04-20 00:00:00+00:00, run_after=2025-04-21 00:00:00+00:00
[2025-04-21T17:09:33.247+0000] {logging_mixin.py:190} INFO - [2025-04-21T17:09:33.247+0000] {dag.py:4180} INFO - Setting next_dagrun for read_dataset_event_from_classic to 2025-04-20 00:00:00+00:00, run_after=2025-04-21 00:00:00+00:00
[2025-04-21T17:09:33.252+0000] {processor.py:208} INFO - Processing /home/airflow/.local/lib/python3.12/site-packages/airflow/example_dags/example_inlet_event_extra.py took 0.252 seconds
[2025-04-21T17:10:04.090+0000] {processor.py:186} INFO - Started process (PID=584) to work on /home/airflow/.local/lib/python3.12/site-packages/airflow/example_dags/example_inlet_event_extra.py
[2025-04-21T17:10:04.090+0000] {processor.py:914} INFO - Processing file /home/airflow/.local/lib/python3.12/site-packages/airflow/example_dags/example_inlet_event_extra.py for tasks to queue
[2025-04-21T17:10:04.091+0000] {logging_mixin.py:190} INFO - [2025-04-21T17:10:04.091+0000] {dagbag.py:588} INFO - Filling up the DagBag from /home/airflow/.local/lib/python3.12/site-packages/airflow/example_dags/example_inlet_event_extra.py
[2025-04-21T17:10:04.318+0000] {processor.py:925} INFO - DAG(s) 'read_dataset_event', 'read_dataset_event_from_classic' retrieved from /home/airflow/.local/lib/python3.12/site-packages/airflow/example_dags/example_inlet_event_extra.py
[2025-04-21T17:10:04.324+0000] {logging_mixin.py:190} INFO - [2025-04-21T17:10:04.324+0000] {dag.py:3239} INFO - Sync 2 DAGs
[2025-04-21T17:10:04.334+0000] {logging_mixin.py:190} INFO - [2025-04-21T17:10:04.334+0000] {dag.py:4180} INFO - Setting next_dagrun for read_dataset_event to 2025-04-20 00:00:00+00:00, run_after=2025-04-21 00:00:00+00:00
[2025-04-21T17:10:04.335+0000] {logging_mixin.py:190} INFO - [2025-04-21T17:10:04.335+0000] {dag.py:4180} INFO - Setting next_dagrun for read_dataset_event_from_classic to 2025-04-20 00:00:00+00:00, run_after=2025-04-21 00:00:00+00:00
[2025-04-21T17:10:04.341+0000] {processor.py:208} INFO - Processing /home/airflow/.local/lib/python3.12/site-packages/airflow/example_dags/example_inlet_event_extra.py took 0.253 seconds
[2025-04-21T17:10:35.289+0000] {processor.py:186} INFO - Started process (PID=647) to work on /home/airflow/.local/lib/python3.12/site-packages/airflow/example_dags/example_inlet_event_extra.py
[2025-04-21T17:10:35.290+0000] {processor.py:914} INFO - Processing file /home/airflow/.local/lib/python3.12/site-packages/airflow/example_dags/example_inlet_event_extra.py for tasks to queue
[2025-04-21T17:10:35.290+0000] {logging_mixin.py:190} INFO - [2025-04-21T17:10:35.290+0000] {dagbag.py:588} INFO - Filling up the DagBag from /home/airflow/.local/lib/python3.12/site-packages/airflow/example_dags/example_inlet_event_extra.py
[2025-04-21T17:10:35.503+0000] {processor.py:925} INFO - DAG(s) 'read_dataset_event_from_classic', 'read_dataset_event' retrieved from /home/airflow/.local/lib/python3.12/site-packages/airflow/example_dags/example_inlet_event_extra.py
[2025-04-21T17:10:35.510+0000] {logging_mixin.py:190} INFO - [2025-04-21T17:10:35.510+0000] {dag.py:3239} INFO - Sync 2 DAGs
[2025-04-21T17:10:35.518+0000] {logging_mixin.py:190} INFO - [2025-04-21T17:10:35.518+0000] {dag.py:4180} INFO - Setting next_dagrun for read_dataset_event to 2025-04-20 00:00:00+00:00, run_after=2025-04-21 00:00:00+00:00
[2025-04-21T17:10:35.520+0000] {logging_mixin.py:190} INFO - [2025-04-21T17:10:35.520+0000] {dag.py:4180} INFO - Setting next_dagrun for read_dataset_event_from_classic to 2025-04-20 00:00:00+00:00, run_after=2025-04-21 00:00:00+00:00
[2025-04-21T17:10:35.524+0000] {processor.py:208} INFO - Processing /home/airflow/.local/lib/python3.12/site-packages/airflow/example_dags/example_inlet_event_extra.py took 0.237 seconds
[2025-04-21T17:11:06.429+0000] {processor.py:186} INFO - Started process (PID=711) to work on /home/airflow/.local/lib/python3.12/site-packages/airflow/example_dags/example_inlet_event_extra.py
[2025-04-21T17:11:06.430+0000] {processor.py:914} INFO - Processing file /home/airflow/.local/lib/python3.12/site-packages/airflow/example_dags/example_inlet_event_extra.py for tasks to queue
[2025-04-21T17:11:06.430+0000] {logging_mixin.py:190} INFO - [2025-04-21T17:11:06.430+0000] {dagbag.py:588} INFO - Filling up the DagBag from /home/airflow/.local/lib/python3.12/site-packages/airflow/example_dags/example_inlet_event_extra.py
[2025-04-21T17:11:06.643+0000] {processor.py:925} INFO - DAG(s) 'read_dataset_event', 'read_dataset_event_from_classic' retrieved from /home/airflow/.local/lib/python3.12/site-packages/airflow/example_dags/example_inlet_event_extra.py
[2025-04-21T17:11:06.653+0000] {logging_mixin.py:190} INFO - [2025-04-21T17:11:06.653+0000] {dag.py:3239} INFO - Sync 2 DAGs
[2025-04-21T17:11:06.662+0000] {logging_mixin.py:190} INFO - [2025-04-21T17:11:06.662+0000] {dag.py:4180} INFO - Setting next_dagrun for read_dataset_event to 2025-04-20 00:00:00+00:00, run_after=2025-04-21 00:00:00+00:00
[2025-04-21T17:11:06.664+0000] {logging_mixin.py:190} INFO - [2025-04-21T17:11:06.664+0000] {dag.py:4180} INFO - Setting next_dagrun for read_dataset_event_from_classic to 2025-04-20 00:00:00+00:00, run_after=2025-04-21 00:00:00+00:00
[2025-04-21T17:11:06.671+0000] {processor.py:208} INFO - Processing /home/airflow/.local/lib/python3.12/site-packages/airflow/example_dags/example_inlet_event_extra.py took 0.244 seconds
[2025-04-21T17:11:37.750+0000] {processor.py:186} INFO - Started process (PID=775) to work on /home/airflow/.local/lib/python3.12/site-packages/airflow/example_dags/example_inlet_event_extra.py
[2025-04-21T17:11:37.751+0000] {processor.py:914} INFO - Processing file /home/airflow/.local/lib/python3.12/site-packages/airflow/example_dags/example_inlet_event_extra.py for tasks to queue
[2025-04-21T17:11:37.752+0000] {logging_mixin.py:190} INFO - [2025-04-21T17:11:37.751+0000] {dagbag.py:588} INFO - Filling up the DagBag from /home/airflow/.local/lib/python3.12/site-packages/airflow/example_dags/example_inlet_event_extra.py
[2025-04-21T17:11:37.982+0000] {processor.py:925} INFO - DAG(s) 'read_dataset_event_from_classic', 'read_dataset_event' retrieved from /home/airflow/.local/lib/python3.12/site-packages/airflow/example_dags/example_inlet_event_extra.py
[2025-04-21T17:11:37.992+0000] {logging_mixin.py:190} INFO - [2025-04-21T17:11:37.992+0000] {dag.py:3239} INFO - Sync 2 DAGs
[2025-04-21T17:11:38.004+0000] {logging_mixin.py:190} INFO - [2025-04-21T17:11:38.004+0000] {dag.py:4180} INFO - Setting next_dagrun for read_dataset_event to 2025-04-20 00:00:00+00:00, run_after=2025-04-21 00:00:00+00:00
[2025-04-21T17:11:38.006+0000] {logging_mixin.py:190} INFO - [2025-04-21T17:11:38.006+0000] {dag.py:4180} INFO - Setting next_dagrun for read_dataset_event_from_classic to 2025-04-20 00:00:00+00:00, run_after=2025-04-21 00:00:00+00:00
[2025-04-21T17:11:38.012+0000] {processor.py:208} INFO - Processing /home/airflow/.local/lib/python3.12/site-packages/airflow/example_dags/example_inlet_event_extra.py took 0.264 seconds
[2025-04-21T17:12:09.255+0000] {processor.py:186} INFO - Started process (PID=839) to work on /home/airflow/.local/lib/python3.12/site-packages/airflow/example_dags/example_inlet_event_extra.py
[2025-04-21T17:12:09.257+0000] {processor.py:914} INFO - Processing file /home/airflow/.local/lib/python3.12/site-packages/airflow/example_dags/example_inlet_event_extra.py for tasks to queue
[2025-04-21T17:12:09.258+0000] {logging_mixin.py:190} INFO - [2025-04-21T17:12:09.258+0000] {dagbag.py:588} INFO - Filling up the DagBag from /home/airflow/.local/lib/python3.12/site-packages/airflow/example_dags/example_inlet_event_extra.py
[2025-04-21T17:12:09.542+0000] {processor.py:925} INFO - DAG(s) 'read_dataset_event', 'read_dataset_event_from_classic' retrieved from /home/airflow/.local/lib/python3.12/site-packages/airflow/example_dags/example_inlet_event_extra.py
[2025-04-21T17:12:09.555+0000] {logging_mixin.py:190} INFO - [2025-04-21T17:12:09.555+0000] {dag.py:3239} INFO - Sync 2 DAGs
[2025-04-21T17:12:09.567+0000] {logging_mixin.py:190} INFO - [2025-04-21T17:12:09.567+0000] {dag.py:4180} INFO - Setting next_dagrun for read_dataset_event to 2025-04-20 00:00:00+00:00, run_after=2025-04-21 00:00:00+00:00
[2025-04-21T17:12:09.569+0000] {logging_mixin.py:190} INFO - [2025-04-21T17:12:09.569+0000] {dag.py:4180} INFO - Setting next_dagrun for read_dataset_event_from_classic to 2025-04-20 00:00:00+00:00, run_after=2025-04-21 00:00:00+00:00
[2025-04-21T17:12:09.575+0000] {processor.py:208} INFO - Processing /home/airflow/.local/lib/python3.12/site-packages/airflow/example_dags/example_inlet_event_extra.py took 0.323 seconds
[2025-04-21T17:12:40.244+0000] {processor.py:186} INFO - Started process (PID=903) to work on /home/airflow/.local/lib/python3.12/site-packages/airflow/example_dags/example_inlet_event_extra.py
[2025-04-21T17:12:40.245+0000] {processor.py:914} INFO - Processing file /home/airflow/.local/lib/python3.12/site-packages/airflow/example_dags/example_inlet_event_extra.py for tasks to queue
[2025-04-21T17:12:40.246+0000] {logging_mixin.py:190} INFO - [2025-04-21T17:12:40.246+0000] {dagbag.py:588} INFO - Filling up the DagBag from /home/airflow/.local/lib/python3.12/site-packages/airflow/example_dags/example_inlet_event_extra.py
[2025-04-21T17:12:40.474+0000] {processor.py:925} INFO - DAG(s) 'read_dataset_event', 'read_dataset_event_from_classic' retrieved from /home/airflow/.local/lib/python3.12/site-packages/airflow/example_dags/example_inlet_event_extra.py
[2025-04-21T17:12:40.484+0000] {logging_mixin.py:190} INFO - [2025-04-21T17:12:40.484+0000] {dag.py:3239} INFO - Sync 2 DAGs
[2025-04-21T17:12:40.492+0000] {logging_mixin.py:190} INFO - [2025-04-21T17:12:40.492+0000] {dag.py:4180} INFO - Setting next_dagrun for read_dataset_event to 2025-04-20 00:00:00+00:00, run_after=2025-04-21 00:00:00+00:00
[2025-04-21T17:12:40.493+0000] {logging_mixin.py:190} INFO - [2025-04-21T17:12:40.493+0000] {dag.py:4180} INFO - Setting next_dagrun for read_dataset_event_from_classic to 2025-04-20 00:00:00+00:00, run_after=2025-04-21 00:00:00+00:00
[2025-04-21T17:12:40.498+0000] {processor.py:208} INFO - Processing /home/airflow/.local/lib/python3.12/site-packages/airflow/example_dags/example_inlet_event_extra.py took 0.256 seconds
[2025-04-21T17:13:10.627+0000] {processor.py:186} INFO - Started process (PID=968) to work on /home/airflow/.local/lib/python3.12/site-packages/airflow/example_dags/example_inlet_event_extra.py
[2025-04-21T17:13:10.627+0000] {processor.py:914} INFO - Processing file /home/airflow/.local/lib/python3.12/site-packages/airflow/example_dags/example_inlet_event_extra.py for tasks to queue
[2025-04-21T17:13:10.628+0000] {logging_mixin.py:190} INFO - [2025-04-21T17:13:10.628+0000] {dagbag.py:588} INFO - Filling up the DagBag from /home/airflow/.local/lib/python3.12/site-packages/airflow/example_dags/example_inlet_event_extra.py
[2025-04-21T17:13:10.867+0000] {processor.py:925} INFO - DAG(s) 'read_dataset_event', 'read_dataset_event_from_classic' retrieved from /home/airflow/.local/lib/python3.12/site-packages/airflow/example_dags/example_inlet_event_extra.py
[2025-04-21T17:13:10.877+0000] {logging_mixin.py:190} INFO - [2025-04-21T17:13:10.876+0000] {dag.py:3239} INFO - Sync 2 DAGs
[2025-04-21T17:13:10.884+0000] {logging_mixin.py:190} INFO - [2025-04-21T17:13:10.884+0000] {dag.py:4180} INFO - Setting next_dagrun for read_dataset_event to 2025-04-20 00:00:00+00:00, run_after=2025-04-21 00:00:00+00:00
[2025-04-21T17:13:10.886+0000] {logging_mixin.py:190} INFO - [2025-04-21T17:13:10.886+0000] {dag.py:4180} INFO - Setting next_dagrun for read_dataset_event_from_classic to 2025-04-20 00:00:00+00:00, run_after=2025-04-21 00:00:00+00:00
[2025-04-21T17:13:10.891+0000] {processor.py:208} INFO - Processing /home/airflow/.local/lib/python3.12/site-packages/airflow/example_dags/example_inlet_event_extra.py took 0.266 seconds
[2025-04-21T17:13:41.039+0000] {processor.py:186} INFO - Started process (PID=1035) to work on /home/airflow/.local/lib/python3.12/site-packages/airflow/example_dags/example_inlet_event_extra.py
[2025-04-21T17:13:41.039+0000] {processor.py:914} INFO - Processing file /home/airflow/.local/lib/python3.12/site-packages/airflow/example_dags/example_inlet_event_extra.py for tasks to queue
[2025-04-21T17:13:41.040+0000] {logging_mixin.py:190} INFO - [2025-04-21T17:13:41.040+0000] {dagbag.py:588} INFO - Filling up the DagBag from /home/airflow/.local/lib/python3.12/site-packages/airflow/example_dags/example_inlet_event_extra.py
[2025-04-21T17:13:41.270+0000] {processor.py:925} INFO - DAG(s) 'read_dataset_event', 'read_dataset_event_from_classic' retrieved from /home/airflow/.local/lib/python3.12/site-packages/airflow/example_dags/example_inlet_event_extra.py
[2025-04-21T17:13:41.279+0000] {logging_mixin.py:190} INFO - [2025-04-21T17:13:41.279+0000] {dag.py:3239} INFO - Sync 2 DAGs
[2025-04-21T17:13:41.289+0000] {logging_mixin.py:190} INFO - [2025-04-21T17:13:41.289+0000] {dag.py:4180} INFO - Setting next_dagrun for read_dataset_event to 2025-04-20 00:00:00+00:00, run_after=2025-04-21 00:00:00+00:00
[2025-04-21T17:13:41.291+0000] {logging_mixin.py:190} INFO - [2025-04-21T17:13:41.290+0000] {dag.py:4180} INFO - Setting next_dagrun for read_dataset_event_from_classic to 2025-04-20 00:00:00+00:00, run_after=2025-04-21 00:00:00+00:00
[2025-04-21T17:13:41.298+0000] {processor.py:208} INFO - Processing /home/airflow/.local/lib/python3.12/site-packages/airflow/example_dags/example_inlet_event_extra.py took 0.261 seconds
[2025-04-21T17:14:11.495+0000] {processor.py:186} INFO - Started process (PID=1099) to work on /home/airflow/.local/lib/python3.12/site-packages/airflow/example_dags/example_inlet_event_extra.py
[2025-04-21T17:14:11.496+0000] {processor.py:914} INFO - Processing file /home/airflow/.local/lib/python3.12/site-packages/airflow/example_dags/example_inlet_event_extra.py for tasks to queue
[2025-04-21T17:14:11.497+0000] {logging_mixin.py:190} INFO - [2025-04-21T17:14:11.496+0000] {dagbag.py:588} INFO - Filling up the DagBag from /home/airflow/.local/lib/python3.12/site-packages/airflow/example_dags/example_inlet_event_extra.py
[2025-04-21T17:14:11.734+0000] {processor.py:925} INFO - DAG(s) 'read_dataset_event', 'read_dataset_event_from_classic' retrieved from /home/airflow/.local/lib/python3.12/site-packages/airflow/example_dags/example_inlet_event_extra.py
[2025-04-21T17:14:11.742+0000] {logging_mixin.py:190} INFO - [2025-04-21T17:14:11.742+0000] {dag.py:3239} INFO - Sync 2 DAGs
[2025-04-21T17:14:11.749+0000] {logging_mixin.py:190} INFO - [2025-04-21T17:14:11.749+0000] {dag.py:4180} INFO - Setting next_dagrun for read_dataset_event to 2025-04-20 00:00:00+00:00, run_after=2025-04-21 00:00:00+00:00
[2025-04-21T17:14:11.753+0000] {logging_mixin.py:190} INFO - [2025-04-21T17:14:11.753+0000] {dag.py:4180} INFO - Setting next_dagrun for read_dataset_event_from_classic to 2025-04-20 00:00:00+00:00, run_after=2025-04-21 00:00:00+00:00
[2025-04-21T17:14:11.757+0000] {processor.py:208} INFO - Processing /home/airflow/.local/lib/python3.12/site-packages/airflow/example_dags/example_inlet_event_extra.py took 0.264 seconds
[2025-04-21T17:14:41.919+0000] {processor.py:186} INFO - Started process (PID=1166) to work on /home/airflow/.local/lib/python3.12/site-packages/airflow/example_dags/example_inlet_event_extra.py
[2025-04-21T17:14:41.921+0000] {processor.py:914} INFO - Processing file /home/airflow/.local/lib/python3.12/site-packages/airflow/example_dags/example_inlet_event_extra.py for tasks to queue
[2025-04-21T17:14:41.922+0000] {logging_mixin.py:190} INFO - [2025-04-21T17:14:41.922+0000] {dagbag.py:588} INFO - Filling up the DagBag from /home/airflow/.local/lib/python3.12/site-packages/airflow/example_dags/example_inlet_event_extra.py
[2025-04-21T17:14:42.156+0000] {processor.py:925} INFO - DAG(s) 'read_dataset_event_from_classic', 'read_dataset_event' retrieved from /home/airflow/.local/lib/python3.12/site-packages/airflow/example_dags/example_inlet_event_extra.py
[2025-04-21T17:14:42.166+0000] {logging_mixin.py:190} INFO - [2025-04-21T17:14:42.166+0000] {dag.py:3239} INFO - Sync 2 DAGs
[2025-04-21T17:14:42.174+0000] {logging_mixin.py:190} INFO - [2025-04-21T17:14:42.174+0000] {dag.py:4180} INFO - Setting next_dagrun for read_dataset_event to 2025-04-20 00:00:00+00:00, run_after=2025-04-21 00:00:00+00:00
[2025-04-21T17:14:42.176+0000] {logging_mixin.py:190} INFO - [2025-04-21T17:14:42.176+0000] {dag.py:4180} INFO - Setting next_dagrun for read_dataset_event_from_classic to 2025-04-20 00:00:00+00:00, run_after=2025-04-21 00:00:00+00:00
[2025-04-21T17:14:42.180+0000] {processor.py:208} INFO - Processing /home/airflow/.local/lib/python3.12/site-packages/airflow/example_dags/example_inlet_event_extra.py took 0.264 seconds
[2025-04-21T17:15:12.262+0000] {processor.py:186} INFO - Started process (PID=1236) to work on /home/airflow/.local/lib/python3.12/site-packages/airflow/example_dags/example_inlet_event_extra.py
[2025-04-21T17:15:12.264+0000] {processor.py:914} INFO - Processing file /home/airflow/.local/lib/python3.12/site-packages/airflow/example_dags/example_inlet_event_extra.py for tasks to queue
[2025-04-21T17:15:12.265+0000] {logging_mixin.py:190} INFO - [2025-04-21T17:15:12.265+0000] {dagbag.py:588} INFO - Filling up the DagBag from /home/airflow/.local/lib/python3.12/site-packages/airflow/example_dags/example_inlet_event_extra.py
[2025-04-21T17:15:12.493+0000] {processor.py:925} INFO - DAG(s) 'read_dataset_event', 'read_dataset_event_from_classic' retrieved from /home/airflow/.local/lib/python3.12/site-packages/airflow/example_dags/example_inlet_event_extra.py
[2025-04-21T17:15:12.503+0000] {logging_mixin.py:190} INFO - [2025-04-21T17:15:12.503+0000] {dag.py:3239} INFO - Sync 2 DAGs
[2025-04-21T17:15:12.511+0000] {logging_mixin.py:190} INFO - [2025-04-21T17:15:12.511+0000] {dag.py:4180} INFO - Setting next_dagrun for read_dataset_event to 2025-04-20 00:00:00+00:00, run_after=2025-04-21 00:00:00+00:00
[2025-04-21T17:15:12.512+0000] {logging_mixin.py:190} INFO - [2025-04-21T17:15:12.512+0000] {dag.py:4180} INFO - Setting next_dagrun for read_dataset_event_from_classic to 2025-04-20 00:00:00+00:00, run_after=2025-04-21 00:00:00+00:00
[2025-04-21T17:15:12.518+0000] {processor.py:208} INFO - Processing /home/airflow/.local/lib/python3.12/site-packages/airflow/example_dags/example_inlet_event_extra.py took 0.258 seconds
[2025-04-21T17:15:42.782+0000] {processor.py:186} INFO - Started process (PID=1305) to work on /home/airflow/.local/lib/python3.12/site-packages/airflow/example_dags/example_inlet_event_extra.py
[2025-04-21T17:15:42.782+0000] {processor.py:914} INFO - Processing file /home/airflow/.local/lib/python3.12/site-packages/airflow/example_dags/example_inlet_event_extra.py for tasks to queue
[2025-04-21T17:15:42.783+0000] {logging_mixin.py:190} INFO - [2025-04-21T17:15:42.783+0000] {dagbag.py:588} INFO - Filling up the DagBag from /home/airflow/.local/lib/python3.12/site-packages/airflow/example_dags/example_inlet_event_extra.py
[2025-04-21T17:15:42.975+0000] {processor.py:925} INFO - DAG(s) 'read_dataset_event', 'read_dataset_event_from_classic' retrieved from /home/airflow/.local/lib/python3.12/site-packages/airflow/example_dags/example_inlet_event_extra.py
[2025-04-21T17:15:42.983+0000] {logging_mixin.py:190} INFO - [2025-04-21T17:15:42.983+0000] {dag.py:3239} INFO - Sync 2 DAGs
[2025-04-21T17:15:42.990+0000] {logging_mixin.py:190} INFO - [2025-04-21T17:15:42.990+0000] {dag.py:4180} INFO - Setting next_dagrun for read_dataset_event to 2025-04-20 00:00:00+00:00, run_after=2025-04-21 00:00:00+00:00
[2025-04-21T17:15:42.991+0000] {logging_mixin.py:190} INFO - [2025-04-21T17:15:42.991+0000] {dag.py:4180} INFO - Setting next_dagrun for read_dataset_event_from_classic to 2025-04-20 00:00:00+00:00, run_after=2025-04-21 00:00:00+00:00
[2025-04-21T17:15:42.996+0000] {processor.py:208} INFO - Processing /home/airflow/.local/lib/python3.12/site-packages/airflow/example_dags/example_inlet_event_extra.py took 0.216 seconds
[2025-04-21T17:16:13.163+0000] {processor.py:186} INFO - Started process (PID=1370) to work on /home/airflow/.local/lib/python3.12/site-packages/airflow/example_dags/example_inlet_event_extra.py
[2025-04-21T17:16:13.164+0000] {processor.py:914} INFO - Processing file /home/airflow/.local/lib/python3.12/site-packages/airflow/example_dags/example_inlet_event_extra.py for tasks to queue
[2025-04-21T17:16:13.165+0000] {logging_mixin.py:190} INFO - [2025-04-21T17:16:13.165+0000] {dagbag.py:588} INFO - Filling up the DagBag from /home/airflow/.local/lib/python3.12/site-packages/airflow/example_dags/example_inlet_event_extra.py
[2025-04-21T17:16:13.406+0000] {processor.py:925} INFO - DAG(s) 'read_dataset_event', 'read_dataset_event_from_classic' retrieved from /home/airflow/.local/lib/python3.12/site-packages/airflow/example_dags/example_inlet_event_extra.py
[2025-04-21T17:16:13.414+0000] {logging_mixin.py:190} INFO - [2025-04-21T17:16:13.414+0000] {dag.py:3239} INFO - Sync 2 DAGs
[2025-04-21T17:16:13.420+0000] {logging_mixin.py:190} INFO - [2025-04-21T17:16:13.420+0000] {dag.py:4180} INFO - Setting next_dagrun for read_dataset_event to 2025-04-20 00:00:00+00:00, run_after=2025-04-21 00:00:00+00:00
[2025-04-21T17:16:13.422+0000] {logging_mixin.py:190} INFO - [2025-04-21T17:16:13.422+0000] {dag.py:4180} INFO - Setting next_dagrun for read_dataset_event_from_classic to 2025-04-20 00:00:00+00:00, run_after=2025-04-21 00:00:00+00:00
[2025-04-21T17:16:13.426+0000] {processor.py:208} INFO - Processing /home/airflow/.local/lib/python3.12/site-packages/airflow/example_dags/example_inlet_event_extra.py took 0.266 seconds
[2025-04-21T17:16:43.618+0000] {processor.py:186} INFO - Started process (PID=1437) to work on /home/airflow/.local/lib/python3.12/site-packages/airflow/example_dags/example_inlet_event_extra.py
[2025-04-21T17:16:43.619+0000] {processor.py:914} INFO - Processing file /home/airflow/.local/lib/python3.12/site-packages/airflow/example_dags/example_inlet_event_extra.py for tasks to queue
[2025-04-21T17:16:43.620+0000] {logging_mixin.py:190} INFO - [2025-04-21T17:16:43.620+0000] {dagbag.py:588} INFO - Filling up the DagBag from /home/airflow/.local/lib/python3.12/site-packages/airflow/example_dags/example_inlet_event_extra.py
[2025-04-21T17:16:43.829+0000] {processor.py:925} INFO - DAG(s) 'read_dataset_event', 'read_dataset_event_from_classic' retrieved from /home/airflow/.local/lib/python3.12/site-packages/airflow/example_dags/example_inlet_event_extra.py
[2025-04-21T17:16:43.836+0000] {logging_mixin.py:190} INFO - [2025-04-21T17:16:43.836+0000] {dag.py:3239} INFO - Sync 2 DAGs
[2025-04-21T17:16:43.843+0000] {logging_mixin.py:190} INFO - [2025-04-21T17:16:43.843+0000] {dag.py:4180} INFO - Setting next_dagrun for read_dataset_event to 2025-04-20 00:00:00+00:00, run_after=2025-04-21 00:00:00+00:00
[2025-04-21T17:16:43.844+0000] {logging_mixin.py:190} INFO - [2025-04-21T17:16:43.844+0000] {dag.py:4180} INFO - Setting next_dagrun for read_dataset_event_from_classic to 2025-04-20 00:00:00+00:00, run_after=2025-04-21 00:00:00+00:00
[2025-04-21T17:16:43.849+0000] {processor.py:208} INFO - Processing /home/airflow/.local/lib/python3.12/site-packages/airflow/example_dags/example_inlet_event_extra.py took 0.233 seconds
[2025-04-21T17:17:14.489+0000] {processor.py:186} INFO - Started process (PID=1497) to work on /home/airflow/.local/lib/python3.12/site-packages/airflow/example_dags/example_inlet_event_extra.py
[2025-04-21T17:17:14.490+0000] {processor.py:914} INFO - Processing file /home/airflow/.local/lib/python3.12/site-packages/airflow/example_dags/example_inlet_event_extra.py for tasks to queue
[2025-04-21T17:17:14.491+0000] {logging_mixin.py:190} INFO - [2025-04-21T17:17:14.491+0000] {dagbag.py:588} INFO - Filling up the DagBag from /home/airflow/.local/lib/python3.12/site-packages/airflow/example_dags/example_inlet_event_extra.py
[2025-04-21T17:17:14.706+0000] {processor.py:925} INFO - DAG(s) 'read_dataset_event', 'read_dataset_event_from_classic' retrieved from /home/airflow/.local/lib/python3.12/site-packages/airflow/example_dags/example_inlet_event_extra.py
[2025-04-21T17:17:14.714+0000] {logging_mixin.py:190} INFO - [2025-04-21T17:17:14.714+0000] {dag.py:3239} INFO - Sync 2 DAGs
[2025-04-21T17:17:14.723+0000] {logging_mixin.py:190} INFO - [2025-04-21T17:17:14.723+0000] {dag.py:4180} INFO - Setting next_dagrun for read_dataset_event to 2025-04-20 00:00:00+00:00, run_after=2025-04-21 00:00:00+00:00
[2025-04-21T17:17:14.724+0000] {logging_mixin.py:190} INFO - [2025-04-21T17:17:14.724+0000] {dag.py:4180} INFO - Setting next_dagrun for read_dataset_event_from_classic to 2025-04-20 00:00:00+00:00, run_after=2025-04-21 00:00:00+00:00
[2025-04-21T17:17:14.732+0000] {processor.py:208} INFO - Processing /home/airflow/.local/lib/python3.12/site-packages/airflow/example_dags/example_inlet_event_extra.py took 0.245 seconds
[2025-04-21T17:17:44.840+0000] {processor.py:186} INFO - Started process (PID=1556) to work on /home/airflow/.local/lib/python3.12/site-packages/airflow/example_dags/example_inlet_event_extra.py
[2025-04-21T17:17:44.842+0000] {processor.py:914} INFO - Processing file /home/airflow/.local/lib/python3.12/site-packages/airflow/example_dags/example_inlet_event_extra.py for tasks to queue
[2025-04-21T17:17:44.843+0000] {logging_mixin.py:190} INFO - [2025-04-21T17:17:44.843+0000] {dagbag.py:588} INFO - Filling up the DagBag from /home/airflow/.local/lib/python3.12/site-packages/airflow/example_dags/example_inlet_event_extra.py
[2025-04-21T17:17:45.072+0000] {processor.py:925} INFO - DAG(s) 'read_dataset_event_from_classic', 'read_dataset_event' retrieved from /home/airflow/.local/lib/python3.12/site-packages/airflow/example_dags/example_inlet_event_extra.py
[2025-04-21T17:17:45.080+0000] {logging_mixin.py:190} INFO - [2025-04-21T17:17:45.080+0000] {dag.py:3239} INFO - Sync 2 DAGs
[2025-04-21T17:17:45.088+0000] {logging_mixin.py:190} INFO - [2025-04-21T17:17:45.088+0000] {dag.py:4180} INFO - Setting next_dagrun for read_dataset_event to 2025-04-20 00:00:00+00:00, run_after=2025-04-21 00:00:00+00:00
[2025-04-21T17:17:45.092+0000] {logging_mixin.py:190} INFO - [2025-04-21T17:17:45.092+0000] {dag.py:4180} INFO - Setting next_dagrun for read_dataset_event_from_classic to 2025-04-20 00:00:00+00:00, run_after=2025-04-21 00:00:00+00:00
[2025-04-21T17:17:45.099+0000] {processor.py:208} INFO - Processing /home/airflow/.local/lib/python3.12/site-packages/airflow/example_dags/example_inlet_event_extra.py took 0.261 seconds
[2025-04-21T17:18:16.051+0000] {processor.py:186} INFO - Started process (PID=1619) to work on /home/airflow/.local/lib/python3.12/site-packages/airflow/example_dags/example_inlet_event_extra.py
[2025-04-21T17:18:16.052+0000] {processor.py:914} INFO - Processing file /home/airflow/.local/lib/python3.12/site-packages/airflow/example_dags/example_inlet_event_extra.py for tasks to queue
[2025-04-21T17:18:16.055+0000] {logging_mixin.py:190} INFO - [2025-04-21T17:18:16.055+0000] {dagbag.py:588} INFO - Filling up the DagBag from /home/airflow/.local/lib/python3.12/site-packages/airflow/example_dags/example_inlet_event_extra.py
[2025-04-21T17:18:16.271+0000] {processor.py:925} INFO - DAG(s) 'read_dataset_event_from_classic', 'read_dataset_event' retrieved from /home/airflow/.local/lib/python3.12/site-packages/airflow/example_dags/example_inlet_event_extra.py
[2025-04-21T17:18:16.281+0000] {logging_mixin.py:190} INFO - [2025-04-21T17:18:16.280+0000] {dag.py:3239} INFO - Sync 2 DAGs
[2025-04-21T17:18:16.288+0000] {logging_mixin.py:190} INFO - [2025-04-21T17:18:16.288+0000] {dag.py:4180} INFO - Setting next_dagrun for read_dataset_event to 2025-04-20 00:00:00+00:00, run_after=2025-04-21 00:00:00+00:00
[2025-04-21T17:18:16.290+0000] {logging_mixin.py:190} INFO - [2025-04-21T17:18:16.290+0000] {dag.py:4180} INFO - Setting next_dagrun for read_dataset_event_from_classic to 2025-04-20 00:00:00+00:00, run_after=2025-04-21 00:00:00+00:00
[2025-04-21T17:18:16.297+0000] {processor.py:208} INFO - Processing /home/airflow/.local/lib/python3.12/site-packages/airflow/example_dags/example_inlet_event_extra.py took 0.250 seconds
[2025-04-21T17:18:46.409+0000] {processor.py:186} INFO - Started process (PID=1683) to work on /home/airflow/.local/lib/python3.12/site-packages/airflow/example_dags/example_inlet_event_extra.py
[2025-04-21T17:18:46.415+0000] {processor.py:914} INFO - Processing file /home/airflow/.local/lib/python3.12/site-packages/airflow/example_dags/example_inlet_event_extra.py for tasks to queue
[2025-04-21T17:18:46.417+0000] {logging_mixin.py:190} INFO - [2025-04-21T17:18:46.417+0000] {dagbag.py:588} INFO - Filling up the DagBag from /home/airflow/.local/lib/python3.12/site-packages/airflow/example_dags/example_inlet_event_extra.py
[2025-04-21T17:18:46.651+0000] {processor.py:925} INFO - DAG(s) 'read_dataset_event', 'read_dataset_event_from_classic' retrieved from /home/airflow/.local/lib/python3.12/site-packages/airflow/example_dags/example_inlet_event_extra.py
[2025-04-21T17:18:46.661+0000] {logging_mixin.py:190} INFO - [2025-04-21T17:18:46.661+0000] {dag.py:3239} INFO - Sync 2 DAGs
[2025-04-21T17:18:46.669+0000] {logging_mixin.py:190} INFO - [2025-04-21T17:18:46.669+0000] {dag.py:4180} INFO - Setting next_dagrun for read_dataset_event to 2025-04-20 00:00:00+00:00, run_after=2025-04-21 00:00:00+00:00
[2025-04-21T17:18:46.671+0000] {logging_mixin.py:190} INFO - [2025-04-21T17:18:46.671+0000] {dag.py:4180} INFO - Setting next_dagrun for read_dataset_event_from_classic to 2025-04-20 00:00:00+00:00, run_after=2025-04-21 00:00:00+00:00
[2025-04-21T17:18:46.676+0000] {processor.py:208} INFO - Processing /home/airflow/.local/lib/python3.12/site-packages/airflow/example_dags/example_inlet_event_extra.py took 0.272 seconds
