[2025-04-21T17:02:00.562+0000] {processor.py:186} INFO - Started process (PID=72) to work on /home/airflow/.local/lib/python3.12/site-packages/airflow/example_dags/example_python_operator.py
[2025-04-21T17:02:00.562+0000] {processor.py:914} INFO - Processing file /home/airflow/.local/lib/python3.12/site-packages/airflow/example_dags/example_python_operator.py for tasks to queue
[2025-04-21T17:02:00.563+0000] {logging_mixin.py:190} INFO - [2025-04-21T17:02:00.563+0000] {dagbag.py:588} INFO - Filling up the DagBag from /home/airflow/.local/lib/python3.12/site-packages/airflow/example_dags/example_python_operator.py
[2025-04-21T17:02:00.569+0000] {processor.py:925} INFO - DAG(s) 'example_python_operator' retrieved from /home/airflow/.local/lib/python3.12/site-packages/airflow/example_dags/example_python_operator.py
[2025-04-21T17:02:00.611+0000] {logging_mixin.py:190} INFO - [2025-04-21T17:02:00.610+0000] {override.py:1912} INFO - Created Permission View: can read on DAG:example_python_operator
[2025-04-21T17:02:00.616+0000] {logging_mixin.py:190} INFO - [2025-04-21T17:02:00.616+0000] {override.py:1912} INFO - Created Permission View: can edit on DAG:example_python_operator
[2025-04-21T17:02:00.619+0000] {logging_mixin.py:190} INFO - [2025-04-21T17:02:00.619+0000] {override.py:1912} INFO - Created Permission View: can delete on DAG:example_python_operator
[2025-04-21T17:02:00.622+0000] {logging_mixin.py:190} INFO - [2025-04-21T17:02:00.622+0000] {override.py:1912} INFO - Created Permission View: can read on DAG Run:example_python_operator
[2025-04-21T17:02:00.624+0000] {logging_mixin.py:190} INFO - [2025-04-21T17:02:00.624+0000] {override.py:1912} INFO - Created Permission View: can delete on DAG Run:example_python_operator
[2025-04-21T17:02:00.631+0000] {logging_mixin.py:190} INFO - [2025-04-21T17:02:00.631+0000] {override.py:1912} INFO - Created Permission View: menu access on DAG Run:example_python_operator
[2025-04-21T17:02:00.635+0000] {logging_mixin.py:190} INFO - [2025-04-21T17:02:00.635+0000] {override.py:1912} INFO - Created Permission View: can create on DAG Run:example_python_operator
[2025-04-21T17:02:00.636+0000] {logging_mixin.py:190} INFO - [2025-04-21T17:02:00.636+0000] {dag.py:3239} INFO - Sync 1 DAGs
[2025-04-21T17:02:00.645+0000] {logging_mixin.py:190} INFO - [2025-04-21T17:02:00.645+0000] {dag.py:3262} INFO - Creating ORM DAG for example_python_operator
[2025-04-21T17:02:00.646+0000] {logging_mixin.py:190} INFO - [2025-04-21T17:02:00.646+0000] {dag.py:4180} INFO - Setting next_dagrun for example_python_operator to None, run_after=None
[2025-04-21T17:02:00.661+0000] {processor.py:208} INFO - Processing /home/airflow/.local/lib/python3.12/site-packages/airflow/example_dags/example_python_operator.py took 0.101 seconds
[2025-04-21T17:02:30.889+0000] {processor.py:186} INFO - Started process (PID=135) to work on /home/airflow/.local/lib/python3.12/site-packages/airflow/example_dags/example_python_operator.py
[2025-04-21T17:02:30.889+0000] {processor.py:914} INFO - Processing file /home/airflow/.local/lib/python3.12/site-packages/airflow/example_dags/example_python_operator.py for tasks to queue
[2025-04-21T17:02:30.890+0000] {logging_mixin.py:190} INFO - [2025-04-21T17:02:30.890+0000] {dagbag.py:588} INFO - Filling up the DagBag from /home/airflow/.local/lib/python3.12/site-packages/airflow/example_dags/example_python_operator.py
[2025-04-21T17:02:30.896+0000] {processor.py:925} INFO - DAG(s) 'example_python_operator' retrieved from /home/airflow/.local/lib/python3.12/site-packages/airflow/example_dags/example_python_operator.py
[2025-04-21T17:02:30.907+0000] {logging_mixin.py:190} INFO - [2025-04-21T17:02:30.907+0000] {dag.py:3239} INFO - Sync 1 DAGs
[2025-04-21T17:02:30.912+0000] {logging_mixin.py:190} INFO - [2025-04-21T17:02:30.912+0000] {dag.py:4180} INFO - Setting next_dagrun for example_python_operator to None, run_after=None
[2025-04-21T17:02:30.920+0000] {processor.py:208} INFO - Processing /home/airflow/.local/lib/python3.12/site-packages/airflow/example_dags/example_python_operator.py took 0.033 seconds
[2025-04-21T17:03:01.471+0000] {processor.py:186} INFO - Started process (PID=198) to work on /home/airflow/.local/lib/python3.12/site-packages/airflow/example_dags/example_python_operator.py
[2025-04-21T17:03:01.473+0000] {processor.py:914} INFO - Processing file /home/airflow/.local/lib/python3.12/site-packages/airflow/example_dags/example_python_operator.py for tasks to queue
[2025-04-21T17:03:01.474+0000] {logging_mixin.py:190} INFO - [2025-04-21T17:03:01.474+0000] {dagbag.py:588} INFO - Filling up the DagBag from /home/airflow/.local/lib/python3.12/site-packages/airflow/example_dags/example_python_operator.py
[2025-04-21T17:03:01.479+0000] {processor.py:925} INFO - DAG(s) 'example_python_operator' retrieved from /home/airflow/.local/lib/python3.12/site-packages/airflow/example_dags/example_python_operator.py
[2025-04-21T17:03:01.487+0000] {logging_mixin.py:190} INFO - [2025-04-21T17:03:01.487+0000] {dag.py:3239} INFO - Sync 1 DAGs
[2025-04-21T17:03:01.492+0000] {logging_mixin.py:190} INFO - [2025-04-21T17:03:01.492+0000] {dag.py:4180} INFO - Setting next_dagrun for example_python_operator to None, run_after=None
[2025-04-21T17:03:01.498+0000] {processor.py:208} INFO - Processing /home/airflow/.local/lib/python3.12/site-packages/airflow/example_dags/example_python_operator.py took 0.029 seconds
[2025-04-21T17:03:32.583+0000] {processor.py:186} INFO - Started process (PID=260) to work on /home/airflow/.local/lib/python3.12/site-packages/airflow/example_dags/example_python_operator.py
[2025-04-21T17:03:32.583+0000] {processor.py:914} INFO - Processing file /home/airflow/.local/lib/python3.12/site-packages/airflow/example_dags/example_python_operator.py for tasks to queue
[2025-04-21T17:03:32.584+0000] {logging_mixin.py:190} INFO - [2025-04-21T17:03:32.584+0000] {dagbag.py:588} INFO - Filling up the DagBag from /home/airflow/.local/lib/python3.12/site-packages/airflow/example_dags/example_python_operator.py
[2025-04-21T17:03:32.588+0000] {processor.py:925} INFO - DAG(s) 'example_python_operator' retrieved from /home/airflow/.local/lib/python3.12/site-packages/airflow/example_dags/example_python_operator.py
[2025-04-21T17:03:32.597+0000] {logging_mixin.py:190} INFO - [2025-04-21T17:03:32.597+0000] {dag.py:3239} INFO - Sync 1 DAGs
[2025-04-21T17:03:32.602+0000] {logging_mixin.py:190} INFO - [2025-04-21T17:03:32.602+0000] {dag.py:4180} INFO - Setting next_dagrun for example_python_operator to None, run_after=None
[2025-04-21T17:03:32.608+0000] {processor.py:208} INFO - Processing /home/airflow/.local/lib/python3.12/site-packages/airflow/example_dags/example_python_operator.py took 0.028 seconds
[2025-04-21T17:04:03.772+0000] {processor.py:186} INFO - Started process (PID=323) to work on /home/airflow/.local/lib/python3.12/site-packages/airflow/example_dags/example_python_operator.py
[2025-04-21T17:04:03.772+0000] {processor.py:914} INFO - Processing file /home/airflow/.local/lib/python3.12/site-packages/airflow/example_dags/example_python_operator.py for tasks to queue
[2025-04-21T17:04:03.773+0000] {logging_mixin.py:190} INFO - [2025-04-21T17:04:03.773+0000] {dagbag.py:588} INFO - Filling up the DagBag from /home/airflow/.local/lib/python3.12/site-packages/airflow/example_dags/example_python_operator.py
[2025-04-21T17:04:03.778+0000] {processor.py:925} INFO - DAG(s) 'example_python_operator' retrieved from /home/airflow/.local/lib/python3.12/site-packages/airflow/example_dags/example_python_operator.py
[2025-04-21T17:04:03.790+0000] {logging_mixin.py:190} INFO - [2025-04-21T17:04:03.790+0000] {dag.py:3239} INFO - Sync 1 DAGs
[2025-04-21T17:04:03.796+0000] {logging_mixin.py:190} INFO - [2025-04-21T17:04:03.796+0000] {dag.py:4180} INFO - Setting next_dagrun for example_python_operator to None, run_after=None
[2025-04-21T17:04:03.804+0000] {processor.py:208} INFO - Processing /home/airflow/.local/lib/python3.12/site-packages/airflow/example_dags/example_python_operator.py took 0.035 seconds
[2025-04-21T17:04:35.019+0000] {processor.py:186} INFO - Started process (PID=386) to work on /home/airflow/.local/lib/python3.12/site-packages/airflow/example_dags/example_python_operator.py
[2025-04-21T17:04:35.019+0000] {processor.py:914} INFO - Processing file /home/airflow/.local/lib/python3.12/site-packages/airflow/example_dags/example_python_operator.py for tasks to queue
[2025-04-21T17:04:35.020+0000] {logging_mixin.py:190} INFO - [2025-04-21T17:04:35.020+0000] {dagbag.py:588} INFO - Filling up the DagBag from /home/airflow/.local/lib/python3.12/site-packages/airflow/example_dags/example_python_operator.py
[2025-04-21T17:04:35.025+0000] {processor.py:925} INFO - DAG(s) 'example_python_operator' retrieved from /home/airflow/.local/lib/python3.12/site-packages/airflow/example_dags/example_python_operator.py
[2025-04-21T17:04:35.033+0000] {logging_mixin.py:190} INFO - [2025-04-21T17:04:35.032+0000] {dag.py:3239} INFO - Sync 1 DAGs
[2025-04-21T17:04:35.037+0000] {logging_mixin.py:190} INFO - [2025-04-21T17:04:35.037+0000] {dag.py:4180} INFO - Setting next_dagrun for example_python_operator to None, run_after=None
[2025-04-21T17:04:35.042+0000] {processor.py:208} INFO - Processing /home/airflow/.local/lib/python3.12/site-packages/airflow/example_dags/example_python_operator.py took 0.025 seconds
[2025-04-21T17:05:06.231+0000] {processor.py:186} INFO - Started process (PID=449) to work on /home/airflow/.local/lib/python3.12/site-packages/airflow/example_dags/example_python_operator.py
[2025-04-21T17:05:06.231+0000] {processor.py:914} INFO - Processing file /home/airflow/.local/lib/python3.12/site-packages/airflow/example_dags/example_python_operator.py for tasks to queue
[2025-04-21T17:05:06.232+0000] {logging_mixin.py:190} INFO - [2025-04-21T17:05:06.232+0000] {dagbag.py:588} INFO - Filling up the DagBag from /home/airflow/.local/lib/python3.12/site-packages/airflow/example_dags/example_python_operator.py
[2025-04-21T17:05:06.237+0000] {processor.py:925} INFO - DAG(s) 'example_python_operator' retrieved from /home/airflow/.local/lib/python3.12/site-packages/airflow/example_dags/example_python_operator.py
[2025-04-21T17:05:06.248+0000] {logging_mixin.py:190} INFO - [2025-04-21T17:05:06.248+0000] {dag.py:3239} INFO - Sync 1 DAGs
[2025-04-21T17:05:06.254+0000] {logging_mixin.py:190} INFO - [2025-04-21T17:05:06.254+0000] {dag.py:4180} INFO - Setting next_dagrun for example_python_operator to None, run_after=None
[2025-04-21T17:05:06.262+0000] {processor.py:208} INFO - Processing /home/airflow/.local/lib/python3.12/site-packages/airflow/example_dags/example_python_operator.py took 0.034 seconds
[2025-04-21T17:05:55.828+0000] {processor.py:186} INFO - Started process (PID=72) to work on /home/airflow/.local/lib/python3.12/site-packages/airflow/example_dags/example_python_operator.py
[2025-04-21T17:05:55.828+0000] {processor.py:914} INFO - Processing file /home/airflow/.local/lib/python3.12/site-packages/airflow/example_dags/example_python_operator.py for tasks to queue
[2025-04-21T17:05:55.829+0000] {logging_mixin.py:190} INFO - [2025-04-21T17:05:55.829+0000] {dagbag.py:588} INFO - Filling up the DagBag from /home/airflow/.local/lib/python3.12/site-packages/airflow/example_dags/example_python_operator.py
[2025-04-21T17:05:55.835+0000] {processor.py:925} INFO - DAG(s) 'example_python_operator' retrieved from /home/airflow/.local/lib/python3.12/site-packages/airflow/example_dags/example_python_operator.py
[2025-04-21T17:05:55.899+0000] {logging_mixin.py:190} INFO - [2025-04-21T17:05:55.899+0000] {dag.py:3239} INFO - Sync 1 DAGs
[2025-04-21T17:05:55.904+0000] {logging_mixin.py:190} INFO - [2025-04-21T17:05:55.904+0000] {dag.py:4180} INFO - Setting next_dagrun for example_python_operator to None, run_after=None
[2025-04-21T17:05:55.917+0000] {processor.py:208} INFO - Processing /home/airflow/.local/lib/python3.12/site-packages/airflow/example_dags/example_python_operator.py took 0.092 seconds
[2025-04-21T17:06:26.149+0000] {processor.py:186} INFO - Started process (PID=135) to work on /home/airflow/.local/lib/python3.12/site-packages/airflow/example_dags/example_python_operator.py
[2025-04-21T17:06:26.150+0000] {processor.py:914} INFO - Processing file /home/airflow/.local/lib/python3.12/site-packages/airflow/example_dags/example_python_operator.py for tasks to queue
[2025-04-21T17:06:26.151+0000] {logging_mixin.py:190} INFO - [2025-04-21T17:06:26.151+0000] {dagbag.py:588} INFO - Filling up the DagBag from /home/airflow/.local/lib/python3.12/site-packages/airflow/example_dags/example_python_operator.py
[2025-04-21T17:06:26.155+0000] {processor.py:925} INFO - DAG(s) 'example_python_operator' retrieved from /home/airflow/.local/lib/python3.12/site-packages/airflow/example_dags/example_python_operator.py
[2025-04-21T17:06:26.164+0000] {logging_mixin.py:190} INFO - [2025-04-21T17:06:26.164+0000] {dag.py:3239} INFO - Sync 1 DAGs
[2025-04-21T17:06:26.169+0000] {logging_mixin.py:190} INFO - [2025-04-21T17:06:26.169+0000] {dag.py:4180} INFO - Setting next_dagrun for example_python_operator to None, run_after=None
[2025-04-21T17:06:26.175+0000] {processor.py:208} INFO - Processing /home/airflow/.local/lib/python3.12/site-packages/airflow/example_dags/example_python_operator.py took 0.027 seconds
[2025-04-21T17:06:57.248+0000] {processor.py:186} INFO - Started process (PID=198) to work on /home/airflow/.local/lib/python3.12/site-packages/airflow/example_dags/example_python_operator.py
[2025-04-21T17:06:57.249+0000] {processor.py:914} INFO - Processing file /home/airflow/.local/lib/python3.12/site-packages/airflow/example_dags/example_python_operator.py for tasks to queue
[2025-04-21T17:06:57.250+0000] {logging_mixin.py:190} INFO - [2025-04-21T17:06:57.250+0000] {dagbag.py:588} INFO - Filling up the DagBag from /home/airflow/.local/lib/python3.12/site-packages/airflow/example_dags/example_python_operator.py
[2025-04-21T17:06:57.255+0000] {processor.py:925} INFO - DAG(s) 'example_python_operator' retrieved from /home/airflow/.local/lib/python3.12/site-packages/airflow/example_dags/example_python_operator.py
[2025-04-21T17:06:57.263+0000] {logging_mixin.py:190} INFO - [2025-04-21T17:06:57.263+0000] {dag.py:3239} INFO - Sync 1 DAGs
[2025-04-21T17:06:57.269+0000] {logging_mixin.py:190} INFO - [2025-04-21T17:06:57.268+0000] {dag.py:4180} INFO - Setting next_dagrun for example_python_operator to None, run_after=None
[2025-04-21T17:06:57.275+0000] {processor.py:208} INFO - Processing /home/airflow/.local/lib/python3.12/site-packages/airflow/example_dags/example_python_operator.py took 0.029 seconds
[2025-04-21T17:07:28.367+0000] {processor.py:186} INFO - Started process (PID=261) to work on /home/airflow/.local/lib/python3.12/site-packages/airflow/example_dags/example_python_operator.py
[2025-04-21T17:07:28.368+0000] {processor.py:914} INFO - Processing file /home/airflow/.local/lib/python3.12/site-packages/airflow/example_dags/example_python_operator.py for tasks to queue
[2025-04-21T17:07:28.369+0000] {logging_mixin.py:190} INFO - [2025-04-21T17:07:28.369+0000] {dagbag.py:588} INFO - Filling up the DagBag from /home/airflow/.local/lib/python3.12/site-packages/airflow/example_dags/example_python_operator.py
[2025-04-21T17:07:28.373+0000] {processor.py:925} INFO - DAG(s) 'example_python_operator' retrieved from /home/airflow/.local/lib/python3.12/site-packages/airflow/example_dags/example_python_operator.py
[2025-04-21T17:07:28.382+0000] {logging_mixin.py:190} INFO - [2025-04-21T17:07:28.381+0000] {dag.py:3239} INFO - Sync 1 DAGs
[2025-04-21T17:07:28.386+0000] {logging_mixin.py:190} INFO - [2025-04-21T17:07:28.386+0000] {dag.py:4180} INFO - Setting next_dagrun for example_python_operator to None, run_after=None
[2025-04-21T17:07:28.392+0000] {processor.py:208} INFO - Processing /home/airflow/.local/lib/python3.12/site-packages/airflow/example_dags/example_python_operator.py took 0.027 seconds
[2025-04-21T17:07:59.413+0000] {processor.py:186} INFO - Started process (PID=324) to work on /home/airflow/.local/lib/python3.12/site-packages/airflow/example_dags/example_python_operator.py
[2025-04-21T17:07:59.414+0000] {processor.py:914} INFO - Processing file /home/airflow/.local/lib/python3.12/site-packages/airflow/example_dags/example_python_operator.py for tasks to queue
[2025-04-21T17:07:59.416+0000] {logging_mixin.py:190} INFO - [2025-04-21T17:07:59.416+0000] {dagbag.py:588} INFO - Filling up the DagBag from /home/airflow/.local/lib/python3.12/site-packages/airflow/example_dags/example_python_operator.py
[2025-04-21T17:07:59.420+0000] {processor.py:925} INFO - DAG(s) 'example_python_operator' retrieved from /home/airflow/.local/lib/python3.12/site-packages/airflow/example_dags/example_python_operator.py
[2025-04-21T17:07:59.431+0000] {logging_mixin.py:190} INFO - [2025-04-21T17:07:59.431+0000] {dag.py:3239} INFO - Sync 1 DAGs
[2025-04-21T17:07:59.435+0000] {logging_mixin.py:190} INFO - [2025-04-21T17:07:59.435+0000] {dag.py:4180} INFO - Setting next_dagrun for example_python_operator to None, run_after=None
[2025-04-21T17:07:59.442+0000] {processor.py:208} INFO - Processing /home/airflow/.local/lib/python3.12/site-packages/airflow/example_dags/example_python_operator.py took 0.031 seconds
[2025-04-21T17:08:30.644+0000] {processor.py:186} INFO - Started process (PID=387) to work on /home/airflow/.local/lib/python3.12/site-packages/airflow/example_dags/example_python_operator.py
[2025-04-21T17:08:30.644+0000] {processor.py:914} INFO - Processing file /home/airflow/.local/lib/python3.12/site-packages/airflow/example_dags/example_python_operator.py for tasks to queue
[2025-04-21T17:08:30.646+0000] {logging_mixin.py:190} INFO - [2025-04-21T17:08:30.646+0000] {dagbag.py:588} INFO - Filling up the DagBag from /home/airflow/.local/lib/python3.12/site-packages/airflow/example_dags/example_python_operator.py
[2025-04-21T17:08:30.652+0000] {processor.py:925} INFO - DAG(s) 'example_python_operator' retrieved from /home/airflow/.local/lib/python3.12/site-packages/airflow/example_dags/example_python_operator.py
[2025-04-21T17:08:30.661+0000] {logging_mixin.py:190} INFO - [2025-04-21T17:08:30.661+0000] {dag.py:3239} INFO - Sync 1 DAGs
[2025-04-21T17:08:30.668+0000] {logging_mixin.py:190} INFO - [2025-04-21T17:08:30.668+0000] {dag.py:4180} INFO - Setting next_dagrun for example_python_operator to None, run_after=None
[2025-04-21T17:08:30.677+0000] {processor.py:208} INFO - Processing /home/airflow/.local/lib/python3.12/site-packages/airflow/example_dags/example_python_operator.py took 0.036 seconds
[2025-04-21T17:09:01.753+0000] {processor.py:186} INFO - Started process (PID=450) to work on /home/airflow/.local/lib/python3.12/site-packages/airflow/example_dags/example_python_operator.py
[2025-04-21T17:09:01.756+0000] {processor.py:914} INFO - Processing file /home/airflow/.local/lib/python3.12/site-packages/airflow/example_dags/example_python_operator.py for tasks to queue
[2025-04-21T17:09:01.757+0000] {logging_mixin.py:190} INFO - [2025-04-21T17:09:01.757+0000] {dagbag.py:588} INFO - Filling up the DagBag from /home/airflow/.local/lib/python3.12/site-packages/airflow/example_dags/example_python_operator.py
[2025-04-21T17:09:01.762+0000] {processor.py:925} INFO - DAG(s) 'example_python_operator' retrieved from /home/airflow/.local/lib/python3.12/site-packages/airflow/example_dags/example_python_operator.py
[2025-04-21T17:09:01.770+0000] {logging_mixin.py:190} INFO - [2025-04-21T17:09:01.770+0000] {dag.py:3239} INFO - Sync 1 DAGs
[2025-04-21T17:09:01.775+0000] {logging_mixin.py:190} INFO - [2025-04-21T17:09:01.775+0000] {dag.py:4180} INFO - Setting next_dagrun for example_python_operator to None, run_after=None
[2025-04-21T17:09:01.781+0000] {processor.py:208} INFO - Processing /home/airflow/.local/lib/python3.12/site-packages/airflow/example_dags/example_python_operator.py took 0.030 seconds
[2025-04-21T17:09:32.820+0000] {processor.py:186} INFO - Started process (PID=513) to work on /home/airflow/.local/lib/python3.12/site-packages/airflow/example_dags/example_python_operator.py
[2025-04-21T17:09:32.823+0000] {processor.py:914} INFO - Processing file /home/airflow/.local/lib/python3.12/site-packages/airflow/example_dags/example_python_operator.py for tasks to queue
[2025-04-21T17:09:32.824+0000] {logging_mixin.py:190} INFO - [2025-04-21T17:09:32.824+0000] {dagbag.py:588} INFO - Filling up the DagBag from /home/airflow/.local/lib/python3.12/site-packages/airflow/example_dags/example_python_operator.py
[2025-04-21T17:09:32.830+0000] {processor.py:925} INFO - DAG(s) 'example_python_operator' retrieved from /home/airflow/.local/lib/python3.12/site-packages/airflow/example_dags/example_python_operator.py
[2025-04-21T17:09:32.838+0000] {logging_mixin.py:190} INFO - [2025-04-21T17:09:32.838+0000] {dag.py:3239} INFO - Sync 1 DAGs
[2025-04-21T17:09:32.844+0000] {logging_mixin.py:190} INFO - [2025-04-21T17:09:32.844+0000] {dag.py:4180} INFO - Setting next_dagrun for example_python_operator to None, run_after=None
[2025-04-21T17:09:32.853+0000] {processor.py:208} INFO - Processing /home/airflow/.local/lib/python3.12/site-packages/airflow/example_dags/example_python_operator.py took 0.035 seconds
[2025-04-21T17:10:03.917+0000] {processor.py:186} INFO - Started process (PID=576) to work on /home/airflow/.local/lib/python3.12/site-packages/airflow/example_dags/example_python_operator.py
[2025-04-21T17:10:03.919+0000] {processor.py:914} INFO - Processing file /home/airflow/.local/lib/python3.12/site-packages/airflow/example_dags/example_python_operator.py for tasks to queue
[2025-04-21T17:10:03.920+0000] {logging_mixin.py:190} INFO - [2025-04-21T17:10:03.920+0000] {dagbag.py:588} INFO - Filling up the DagBag from /home/airflow/.local/lib/python3.12/site-packages/airflow/example_dags/example_python_operator.py
[2025-04-21T17:10:03.927+0000] {processor.py:925} INFO - DAG(s) 'example_python_operator' retrieved from /home/airflow/.local/lib/python3.12/site-packages/airflow/example_dags/example_python_operator.py
[2025-04-21T17:10:03.935+0000] {logging_mixin.py:190} INFO - [2025-04-21T17:10:03.935+0000] {dag.py:3239} INFO - Sync 1 DAGs
[2025-04-21T17:10:03.940+0000] {logging_mixin.py:190} INFO - [2025-04-21T17:10:03.940+0000] {dag.py:4180} INFO - Setting next_dagrun for example_python_operator to None, run_after=None
[2025-04-21T17:10:03.950+0000] {processor.py:208} INFO - Processing /home/airflow/.local/lib/python3.12/site-packages/airflow/example_dags/example_python_operator.py took 0.035 seconds
[2025-04-21T17:10:35.126+0000] {processor.py:186} INFO - Started process (PID=639) to work on /home/airflow/.local/lib/python3.12/site-packages/airflow/example_dags/example_python_operator.py
[2025-04-21T17:10:35.126+0000] {processor.py:914} INFO - Processing file /home/airflow/.local/lib/python3.12/site-packages/airflow/example_dags/example_python_operator.py for tasks to queue
[2025-04-21T17:10:35.127+0000] {logging_mixin.py:190} INFO - [2025-04-21T17:10:35.127+0000] {dagbag.py:588} INFO - Filling up the DagBag from /home/airflow/.local/lib/python3.12/site-packages/airflow/example_dags/example_python_operator.py
[2025-04-21T17:10:35.132+0000] {processor.py:925} INFO - DAG(s) 'example_python_operator' retrieved from /home/airflow/.local/lib/python3.12/site-packages/airflow/example_dags/example_python_operator.py
[2025-04-21T17:10:35.142+0000] {logging_mixin.py:190} INFO - [2025-04-21T17:10:35.142+0000] {dag.py:3239} INFO - Sync 1 DAGs
[2025-04-21T17:10:35.148+0000] {logging_mixin.py:190} INFO - [2025-04-21T17:10:35.148+0000] {dag.py:4180} INFO - Setting next_dagrun for example_python_operator to None, run_after=None
[2025-04-21T17:10:35.154+0000] {processor.py:208} INFO - Processing /home/airflow/.local/lib/python3.12/site-packages/airflow/example_dags/example_python_operator.py took 0.030 seconds
[2025-04-21T17:11:06.254+0000] {processor.py:186} INFO - Started process (PID=703) to work on /home/airflow/.local/lib/python3.12/site-packages/airflow/example_dags/example_python_operator.py
[2025-04-21T17:11:06.258+0000] {processor.py:914} INFO - Processing file /home/airflow/.local/lib/python3.12/site-packages/airflow/example_dags/example_python_operator.py for tasks to queue
[2025-04-21T17:11:06.259+0000] {logging_mixin.py:190} INFO - [2025-04-21T17:11:06.259+0000] {dagbag.py:588} INFO - Filling up the DagBag from /home/airflow/.local/lib/python3.12/site-packages/airflow/example_dags/example_python_operator.py
[2025-04-21T17:11:06.264+0000] {processor.py:925} INFO - DAG(s) 'example_python_operator' retrieved from /home/airflow/.local/lib/python3.12/site-packages/airflow/example_dags/example_python_operator.py
[2025-04-21T17:11:06.274+0000] {logging_mixin.py:190} INFO - [2025-04-21T17:11:06.274+0000] {dag.py:3239} INFO - Sync 1 DAGs
[2025-04-21T17:11:06.279+0000] {logging_mixin.py:190} INFO - [2025-04-21T17:11:06.279+0000] {dag.py:4180} INFO - Setting next_dagrun for example_python_operator to None, run_after=None
[2025-04-21T17:11:06.285+0000] {processor.py:208} INFO - Processing /home/airflow/.local/lib/python3.12/site-packages/airflow/example_dags/example_python_operator.py took 0.033 seconds
