[2025-04-21T17:02:00.751+0000] {processor.py:186} INFO - Started process (PID=75) to work on /home/airflow/.local/lib/python3.12/site-packages/airflow/example_dags/example_dataset_alias.py
[2025-04-21T17:02:00.753+0000] {processor.py:914} INFO - Processing file /home/airflow/.local/lib/python3.12/site-packages/airflow/example_dags/example_dataset_alias.py for tasks to queue
[2025-04-21T17:02:00.753+0000] {logging_mixin.py:190} INFO - [2025-04-21T17:02:00.753+0000] {dagbag.py:588} INFO - Filling up the DagBag from /home/airflow/.local/lib/python3.12/site-packages/airflow/example_dags/example_dataset_alias.py
[2025-04-21T17:02:01.049+0000] {processor.py:925} INFO - DAG(s) 'dataset_s3_bucket_consumer', 'dataset_alias_example_alias_consumer', 'dataset_alias_example_alias_producer', 'dataset_s3_bucket_producer' retrieved from /home/airflow/.local/lib/python3.12/site-packages/airflow/example_dags/example_dataset_alias.py
[2025-04-21T17:02:01.095+0000] {logging_mixin.py:190} INFO - [2025-04-21T17:02:01.094+0000] {override.py:1912} INFO - Created Permission View: can read on DAG:dataset_s3_bucket_consumer
[2025-04-21T17:02:01.099+0000] {logging_mixin.py:190} INFO - [2025-04-21T17:02:01.099+0000] {override.py:1912} INFO - Created Permission View: can edit on DAG:dataset_s3_bucket_consumer
[2025-04-21T17:02:01.102+0000] {logging_mixin.py:190} INFO - [2025-04-21T17:02:01.102+0000] {override.py:1912} INFO - Created Permission View: can delete on DAG:dataset_s3_bucket_consumer
[2025-04-21T17:02:01.106+0000] {logging_mixin.py:190} INFO - [2025-04-21T17:02:01.106+0000] {override.py:1912} INFO - Created Permission View: can read on DAG Run:dataset_s3_bucket_consumer
[2025-04-21T17:02:01.108+0000] {logging_mixin.py:190} INFO - [2025-04-21T17:02:01.108+0000] {override.py:1912} INFO - Created Permission View: can delete on DAG Run:dataset_s3_bucket_consumer
[2025-04-21T17:02:01.110+0000] {logging_mixin.py:190} INFO - [2025-04-21T17:02:01.110+0000] {override.py:1912} INFO - Created Permission View: menu access on DAG Run:dataset_s3_bucket_consumer
[2025-04-21T17:02:01.112+0000] {logging_mixin.py:190} INFO - [2025-04-21T17:02:01.111+0000] {override.py:1912} INFO - Created Permission View: can create on DAG Run:dataset_s3_bucket_consumer
[2025-04-21T17:02:01.115+0000] {logging_mixin.py:190} INFO - [2025-04-21T17:02:01.115+0000] {override.py:1912} INFO - Created Permission View: can read on DAG:dataset_alias_example_alias_consumer
[2025-04-21T17:02:01.121+0000] {logging_mixin.py:190} INFO - [2025-04-21T17:02:01.121+0000] {override.py:1912} INFO - Created Permission View: can edit on DAG:dataset_alias_example_alias_consumer
[2025-04-21T17:02:01.124+0000] {logging_mixin.py:190} INFO - [2025-04-21T17:02:01.124+0000] {override.py:1912} INFO - Created Permission View: can delete on DAG:dataset_alias_example_alias_consumer
[2025-04-21T17:02:01.127+0000] {logging_mixin.py:190} INFO - [2025-04-21T17:02:01.127+0000] {override.py:1912} INFO - Created Permission View: can read on DAG Run:dataset_alias_example_alias_consumer
[2025-04-21T17:02:01.132+0000] {logging_mixin.py:190} INFO - [2025-04-21T17:02:01.132+0000] {override.py:1912} INFO - Created Permission View: can delete on DAG Run:dataset_alias_example_alias_consumer
[2025-04-21T17:02:01.137+0000] {logging_mixin.py:190} INFO - [2025-04-21T17:02:01.137+0000] {override.py:1912} INFO - Created Permission View: menu access on DAG Run:dataset_alias_example_alias_consumer
[2025-04-21T17:02:01.141+0000] {logging_mixin.py:190} INFO - [2025-04-21T17:02:01.141+0000] {override.py:1912} INFO - Created Permission View: can create on DAG Run:dataset_alias_example_alias_consumer
[2025-04-21T17:02:01.150+0000] {logging_mixin.py:190} INFO - [2025-04-21T17:02:01.150+0000] {override.py:1912} INFO - Created Permission View: can read on DAG:dataset_alias_example_alias_producer
[2025-04-21T17:02:01.151+0000] {logging_mixin.py:190} INFO - [2025-04-21T17:02:01.151+0000] {override.py:1912} INFO - Created Permission View: can edit on DAG:dataset_alias_example_alias_producer
[2025-04-21T17:02:01.155+0000] {logging_mixin.py:190} INFO - [2025-04-21T17:02:01.155+0000] {override.py:1912} INFO - Created Permission View: can delete on DAG:dataset_alias_example_alias_producer
[2025-04-21T17:02:01.162+0000] {logging_mixin.py:190} INFO - [2025-04-21T17:02:01.162+0000] {override.py:1912} INFO - Created Permission View: can read on DAG Run:dataset_alias_example_alias_producer
[2025-04-21T17:02:01.167+0000] {logging_mixin.py:190} INFO - [2025-04-21T17:02:01.166+0000] {override.py:1912} INFO - Created Permission View: can delete on DAG Run:dataset_alias_example_alias_producer
[2025-04-21T17:02:01.171+0000] {logging_mixin.py:190} INFO - [2025-04-21T17:02:01.171+0000] {override.py:1912} INFO - Created Permission View: menu access on DAG Run:dataset_alias_example_alias_producer
[2025-04-21T17:02:01.175+0000] {logging_mixin.py:190} INFO - [2025-04-21T17:02:01.175+0000] {override.py:1912} INFO - Created Permission View: can create on DAG Run:dataset_alias_example_alias_producer
[2025-04-21T17:02:01.182+0000] {logging_mixin.py:190} INFO - [2025-04-21T17:02:01.181+0000] {override.py:1912} INFO - Created Permission View: can read on DAG:dataset_s3_bucket_producer
[2025-04-21T17:02:01.185+0000] {logging_mixin.py:190} INFO - [2025-04-21T17:02:01.185+0000] {override.py:1912} INFO - Created Permission View: can edit on DAG:dataset_s3_bucket_producer
[2025-04-21T17:02:01.187+0000] {logging_mixin.py:190} INFO - [2025-04-21T17:02:01.187+0000] {override.py:1912} INFO - Created Permission View: can delete on DAG:dataset_s3_bucket_producer
[2025-04-21T17:02:01.189+0000] {logging_mixin.py:190} INFO - [2025-04-21T17:02:01.189+0000] {override.py:1912} INFO - Created Permission View: can read on DAG Run:dataset_s3_bucket_producer
[2025-04-21T17:02:01.191+0000] {logging_mixin.py:190} INFO - [2025-04-21T17:02:01.191+0000] {override.py:1912} INFO - Created Permission View: can delete on DAG Run:dataset_s3_bucket_producer
[2025-04-21T17:02:01.193+0000] {logging_mixin.py:190} INFO - [2025-04-21T17:02:01.193+0000] {override.py:1912} INFO - Created Permission View: menu access on DAG Run:dataset_s3_bucket_producer
[2025-04-21T17:02:01.195+0000] {logging_mixin.py:190} INFO - [2025-04-21T17:02:01.195+0000] {override.py:1912} INFO - Created Permission View: can create on DAG Run:dataset_s3_bucket_producer
[2025-04-21T17:02:01.195+0000] {logging_mixin.py:190} INFO - [2025-04-21T17:02:01.195+0000] {dag.py:3239} INFO - Sync 4 DAGs
[2025-04-21T17:02:01.201+0000] {logging_mixin.py:190} INFO - [2025-04-21T17:02:01.200+0000] {dag.py:3262} INFO - Creating ORM DAG for dataset_alias_example_alias_producer
[2025-04-21T17:02:01.201+0000] {logging_mixin.py:190} INFO - [2025-04-21T17:02:01.201+0000] {dag.py:3262} INFO - Creating ORM DAG for dataset_alias_example_alias_consumer
[2025-04-21T17:02:01.202+0000] {logging_mixin.py:190} INFO - [2025-04-21T17:02:01.202+0000] {dag.py:3262} INFO - Creating ORM DAG for dataset_s3_bucket_producer
[2025-04-21T17:02:01.202+0000] {logging_mixin.py:190} INFO - [2025-04-21T17:02:01.202+0000] {dag.py:3262} INFO - Creating ORM DAG for dataset_s3_bucket_consumer
[2025-04-21T17:02:01.206+0000] {logging_mixin.py:190} INFO - [2025-04-21T17:02:01.205+0000] {dag.py:4180} INFO - Setting next_dagrun for dataset_alias_example_alias_consumer to None, run_after=None
[2025-04-21T17:02:01.206+0000] {logging_mixin.py:190} INFO - [2025-04-21T17:02:01.206+0000] {dag.py:4180} INFO - Setting next_dagrun for dataset_alias_example_alias_producer to None, run_after=None
[2025-04-21T17:02:01.206+0000] {logging_mixin.py:190} INFO - [2025-04-21T17:02:01.206+0000] {dag.py:4180} INFO - Setting next_dagrun for dataset_s3_bucket_consumer to None, run_after=None
[2025-04-21T17:02:01.207+0000] {logging_mixin.py:190} INFO - [2025-04-21T17:02:01.206+0000] {dag.py:4180} INFO - Setting next_dagrun for dataset_s3_bucket_producer to None, run_after=None
[2025-04-21T17:02:01.219+0000] {processor.py:208} INFO - Processing /home/airflow/.local/lib/python3.12/site-packages/airflow/example_dags/example_dataset_alias.py took 0.470 seconds
[2025-04-21T17:02:32.008+0000] {processor.py:186} INFO - Started process (PID=140) to work on /home/airflow/.local/lib/python3.12/site-packages/airflow/example_dags/example_dataset_alias.py
[2025-04-21T17:02:32.010+0000] {processor.py:914} INFO - Processing file /home/airflow/.local/lib/python3.12/site-packages/airflow/example_dags/example_dataset_alias.py for tasks to queue
[2025-04-21T17:02:32.011+0000] {logging_mixin.py:190} INFO - [2025-04-21T17:02:32.010+0000] {dagbag.py:588} INFO - Filling up the DagBag from /home/airflow/.local/lib/python3.12/site-packages/airflow/example_dags/example_dataset_alias.py
[2025-04-21T17:02:32.438+0000] {processor.py:925} INFO - DAG(s) 'dataset_s3_bucket_producer', 'dataset_alias_example_alias_consumer', 'dataset_s3_bucket_consumer', 'dataset_alias_example_alias_producer' retrieved from /home/airflow/.local/lib/python3.12/site-packages/airflow/example_dags/example_dataset_alias.py
[2025-04-21T17:02:32.482+0000] {logging_mixin.py:190} INFO - [2025-04-21T17:02:32.481+0000] {dag.py:3239} INFO - Sync 4 DAGs
[2025-04-21T17:02:32.515+0000] {logging_mixin.py:190} INFO - [2025-04-21T17:02:32.515+0000] {dag.py:4180} INFO - Setting next_dagrun for dataset_alias_example_alias_consumer to None, run_after=None
[2025-04-21T17:02:32.519+0000] {logging_mixin.py:190} INFO - [2025-04-21T17:02:32.518+0000] {dag.py:4180} INFO - Setting next_dagrun for dataset_alias_example_alias_producer to None, run_after=None
[2025-04-21T17:02:32.524+0000] {logging_mixin.py:190} INFO - [2025-04-21T17:02:32.524+0000] {dag.py:4180} INFO - Setting next_dagrun for dataset_s3_bucket_consumer to None, run_after=None
[2025-04-21T17:02:32.526+0000] {logging_mixin.py:190} INFO - [2025-04-21T17:02:32.526+0000] {dag.py:4180} INFO - Setting next_dagrun for dataset_s3_bucket_producer to None, run_after=None
[2025-04-21T17:02:32.547+0000] {processor.py:208} INFO - Processing /home/airflow/.local/lib/python3.12/site-packages/airflow/example_dags/example_dataset_alias.py took 0.541 seconds
[2025-04-21T17:03:02.577+0000] {processor.py:186} INFO - Started process (PID=203) to work on /home/airflow/.local/lib/python3.12/site-packages/airflow/example_dags/example_dataset_alias.py
[2025-04-21T17:03:02.578+0000] {processor.py:914} INFO - Processing file /home/airflow/.local/lib/python3.12/site-packages/airflow/example_dags/example_dataset_alias.py for tasks to queue
[2025-04-21T17:03:02.579+0000] {logging_mixin.py:190} INFO - [2025-04-21T17:03:02.579+0000] {dagbag.py:588} INFO - Filling up the DagBag from /home/airflow/.local/lib/python3.12/site-packages/airflow/example_dags/example_dataset_alias.py
[2025-04-21T17:03:02.828+0000] {processor.py:925} INFO - DAG(s) 'dataset_s3_bucket_consumer', 'dataset_alias_example_alias_consumer', 'dataset_alias_example_alias_producer', 'dataset_s3_bucket_producer' retrieved from /home/airflow/.local/lib/python3.12/site-packages/airflow/example_dags/example_dataset_alias.py
[2025-04-21T17:03:02.842+0000] {logging_mixin.py:190} INFO - [2025-04-21T17:03:02.842+0000] {dag.py:3239} INFO - Sync 4 DAGs
[2025-04-21T17:03:02.850+0000] {logging_mixin.py:190} INFO - [2025-04-21T17:03:02.850+0000] {dag.py:4180} INFO - Setting next_dagrun for dataset_alias_example_alias_consumer to None, run_after=None
[2025-04-21T17:03:02.851+0000] {logging_mixin.py:190} INFO - [2025-04-21T17:03:02.851+0000] {dag.py:4180} INFO - Setting next_dagrun for dataset_alias_example_alias_producer to None, run_after=None
[2025-04-21T17:03:02.851+0000] {logging_mixin.py:190} INFO - [2025-04-21T17:03:02.851+0000] {dag.py:4180} INFO - Setting next_dagrun for dataset_s3_bucket_consumer to None, run_after=None
[2025-04-21T17:03:02.852+0000] {logging_mixin.py:190} INFO - [2025-04-21T17:03:02.852+0000] {dag.py:4180} INFO - Setting next_dagrun for dataset_s3_bucket_producer to None, run_after=None
[2025-04-21T17:03:02.860+0000] {processor.py:208} INFO - Processing /home/airflow/.local/lib/python3.12/site-packages/airflow/example_dags/example_dataset_alias.py took 0.287 seconds
[2025-04-21T17:03:33.770+0000] {processor.py:186} INFO - Started process (PID=268) to work on /home/airflow/.local/lib/python3.12/site-packages/airflow/example_dags/example_dataset_alias.py
[2025-04-21T17:03:33.774+0000] {processor.py:914} INFO - Processing file /home/airflow/.local/lib/python3.12/site-packages/airflow/example_dags/example_dataset_alias.py for tasks to queue
[2025-04-21T17:03:33.775+0000] {logging_mixin.py:190} INFO - [2025-04-21T17:03:33.775+0000] {dagbag.py:588} INFO - Filling up the DagBag from /home/airflow/.local/lib/python3.12/site-packages/airflow/example_dags/example_dataset_alias.py
[2025-04-21T17:03:34.017+0000] {processor.py:925} INFO - DAG(s) 'dataset_alias_example_alias_consumer', 'dataset_s3_bucket_producer', 'dataset_alias_example_alias_producer', 'dataset_s3_bucket_consumer' retrieved from /home/airflow/.local/lib/python3.12/site-packages/airflow/example_dags/example_dataset_alias.py
[2025-04-21T17:03:34.029+0000] {logging_mixin.py:190} INFO - [2025-04-21T17:03:34.028+0000] {dag.py:3239} INFO - Sync 4 DAGs
[2025-04-21T17:03:34.036+0000] {logging_mixin.py:190} INFO - [2025-04-21T17:03:34.036+0000] {dag.py:4180} INFO - Setting next_dagrun for dataset_alias_example_alias_consumer to None, run_after=None
[2025-04-21T17:03:34.037+0000] {logging_mixin.py:190} INFO - [2025-04-21T17:03:34.037+0000] {dag.py:4180} INFO - Setting next_dagrun for dataset_alias_example_alias_producer to None, run_after=None
[2025-04-21T17:03:34.038+0000] {logging_mixin.py:190} INFO - [2025-04-21T17:03:34.038+0000] {dag.py:4180} INFO - Setting next_dagrun for dataset_s3_bucket_consumer to None, run_after=None
[2025-04-21T17:03:34.039+0000] {logging_mixin.py:190} INFO - [2025-04-21T17:03:34.039+0000] {dag.py:4180} INFO - Setting next_dagrun for dataset_s3_bucket_producer to None, run_after=None
[2025-04-21T17:03:34.047+0000] {processor.py:208} INFO - Processing /home/airflow/.local/lib/python3.12/site-packages/airflow/example_dags/example_dataset_alias.py took 0.283 seconds
[2025-04-21T17:04:04.980+0000] {processor.py:186} INFO - Started process (PID=331) to work on /home/airflow/.local/lib/python3.12/site-packages/airflow/example_dags/example_dataset_alias.py
[2025-04-21T17:04:04.986+0000] {processor.py:914} INFO - Processing file /home/airflow/.local/lib/python3.12/site-packages/airflow/example_dags/example_dataset_alias.py for tasks to queue
[2025-04-21T17:04:04.987+0000] {logging_mixin.py:190} INFO - [2025-04-21T17:04:04.987+0000] {dagbag.py:588} INFO - Filling up the DagBag from /home/airflow/.local/lib/python3.12/site-packages/airflow/example_dags/example_dataset_alias.py
[2025-04-21T17:04:05.243+0000] {processor.py:925} INFO - DAG(s) 'dataset_s3_bucket_consumer', 'dataset_alias_example_alias_producer', 'dataset_s3_bucket_producer', 'dataset_alias_example_alias_consumer' retrieved from /home/airflow/.local/lib/python3.12/site-packages/airflow/example_dags/example_dataset_alias.py
[2025-04-21T17:04:05.253+0000] {logging_mixin.py:190} INFO - [2025-04-21T17:04:05.253+0000] {dag.py:3239} INFO - Sync 4 DAGs
[2025-04-21T17:04:05.263+0000] {logging_mixin.py:190} INFO - [2025-04-21T17:04:05.263+0000] {dag.py:4180} INFO - Setting next_dagrun for dataset_alias_example_alias_consumer to None, run_after=None
[2025-04-21T17:04:05.265+0000] {logging_mixin.py:190} INFO - [2025-04-21T17:04:05.265+0000] {dag.py:4180} INFO - Setting next_dagrun for dataset_alias_example_alias_producer to None, run_after=None
[2025-04-21T17:04:05.267+0000] {logging_mixin.py:190} INFO - [2025-04-21T17:04:05.267+0000] {dag.py:4180} INFO - Setting next_dagrun for dataset_s3_bucket_consumer to None, run_after=None
[2025-04-21T17:04:05.268+0000] {logging_mixin.py:190} INFO - [2025-04-21T17:04:05.268+0000] {dag.py:4180} INFO - Setting next_dagrun for dataset_s3_bucket_producer to None, run_after=None
[2025-04-21T17:04:05.278+0000] {processor.py:208} INFO - Processing /home/airflow/.local/lib/python3.12/site-packages/airflow/example_dags/example_dataset_alias.py took 0.303 seconds
[2025-04-21T17:04:36.225+0000] {processor.py:186} INFO - Started process (PID=394) to work on /home/airflow/.local/lib/python3.12/site-packages/airflow/example_dags/example_dataset_alias.py
[2025-04-21T17:04:36.230+0000] {processor.py:914} INFO - Processing file /home/airflow/.local/lib/python3.12/site-packages/airflow/example_dags/example_dataset_alias.py for tasks to queue
[2025-04-21T17:04:36.232+0000] {logging_mixin.py:190} INFO - [2025-04-21T17:04:36.232+0000] {dagbag.py:588} INFO - Filling up the DagBag from /home/airflow/.local/lib/python3.12/site-packages/airflow/example_dags/example_dataset_alias.py
[2025-04-21T17:04:36.476+0000] {processor.py:925} INFO - DAG(s) 'dataset_s3_bucket_producer', 'dataset_s3_bucket_consumer', 'dataset_alias_example_alias_producer', 'dataset_alias_example_alias_consumer' retrieved from /home/airflow/.local/lib/python3.12/site-packages/airflow/example_dags/example_dataset_alias.py
[2025-04-21T17:04:36.486+0000] {logging_mixin.py:190} INFO - [2025-04-21T17:04:36.486+0000] {dag.py:3239} INFO - Sync 4 DAGs
[2025-04-21T17:04:36.492+0000] {logging_mixin.py:190} INFO - [2025-04-21T17:04:36.492+0000] {dag.py:4180} INFO - Setting next_dagrun for dataset_alias_example_alias_consumer to None, run_after=None
[2025-04-21T17:04:36.493+0000] {logging_mixin.py:190} INFO - [2025-04-21T17:04:36.493+0000] {dag.py:4180} INFO - Setting next_dagrun for dataset_alias_example_alias_producer to None, run_after=None
[2025-04-21T17:04:36.494+0000] {logging_mixin.py:190} INFO - [2025-04-21T17:04:36.494+0000] {dag.py:4180} INFO - Setting next_dagrun for dataset_s3_bucket_consumer to None, run_after=None
[2025-04-21T17:04:36.495+0000] {logging_mixin.py:190} INFO - [2025-04-21T17:04:36.495+0000] {dag.py:4180} INFO - Setting next_dagrun for dataset_s3_bucket_producer to None, run_after=None
[2025-04-21T17:04:36.503+0000] {processor.py:208} INFO - Processing /home/airflow/.local/lib/python3.12/site-packages/airflow/example_dags/example_dataset_alias.py took 0.284 seconds
[2025-04-21T17:05:07.420+0000] {processor.py:186} INFO - Started process (PID=457) to work on /home/airflow/.local/lib/python3.12/site-packages/airflow/example_dags/example_dataset_alias.py
[2025-04-21T17:05:07.421+0000] {processor.py:914} INFO - Processing file /home/airflow/.local/lib/python3.12/site-packages/airflow/example_dags/example_dataset_alias.py for tasks to queue
[2025-04-21T17:05:07.423+0000] {logging_mixin.py:190} INFO - [2025-04-21T17:05:07.422+0000] {dagbag.py:588} INFO - Filling up the DagBag from /home/airflow/.local/lib/python3.12/site-packages/airflow/example_dags/example_dataset_alias.py
[2025-04-21T17:05:07.720+0000] {processor.py:925} INFO - DAG(s) 'dataset_alias_example_alias_producer', 'dataset_alias_example_alias_consumer', 'dataset_s3_bucket_consumer', 'dataset_s3_bucket_producer' retrieved from /home/airflow/.local/lib/python3.12/site-packages/airflow/example_dags/example_dataset_alias.py
[2025-04-21T17:05:07.735+0000] {logging_mixin.py:190} INFO - [2025-04-21T17:05:07.735+0000] {dag.py:3239} INFO - Sync 4 DAGs
[2025-04-21T17:05:07.743+0000] {logging_mixin.py:190} INFO - [2025-04-21T17:05:07.743+0000] {dag.py:4180} INFO - Setting next_dagrun for dataset_alias_example_alias_consumer to None, run_after=None
[2025-04-21T17:05:07.746+0000] {logging_mixin.py:190} INFO - [2025-04-21T17:05:07.745+0000] {dag.py:4180} INFO - Setting next_dagrun for dataset_alias_example_alias_producer to None, run_after=None
[2025-04-21T17:05:07.746+0000] {logging_mixin.py:190} INFO - [2025-04-21T17:05:07.746+0000] {dag.py:4180} INFO - Setting next_dagrun for dataset_s3_bucket_consumer to None, run_after=None
[2025-04-21T17:05:07.747+0000] {logging_mixin.py:190} INFO - [2025-04-21T17:05:07.747+0000] {dag.py:4180} INFO - Setting next_dagrun for dataset_s3_bucket_producer to None, run_after=None
[2025-04-21T17:05:07.756+0000] {processor.py:208} INFO - Processing /home/airflow/.local/lib/python3.12/site-packages/airflow/example_dags/example_dataset_alias.py took 0.341 seconds
[2025-04-21T17:05:55.931+0000] {processor.py:186} INFO - Started process (PID=75) to work on /home/airflow/.local/lib/python3.12/site-packages/airflow/example_dags/example_dataset_alias.py
[2025-04-21T17:05:55.933+0000] {processor.py:914} INFO - Processing file /home/airflow/.local/lib/python3.12/site-packages/airflow/example_dags/example_dataset_alias.py for tasks to queue
[2025-04-21T17:05:55.934+0000] {logging_mixin.py:190} INFO - [2025-04-21T17:05:55.934+0000] {dagbag.py:588} INFO - Filling up the DagBag from /home/airflow/.local/lib/python3.12/site-packages/airflow/example_dags/example_dataset_alias.py
[2025-04-21T17:05:56.191+0000] {processor.py:925} INFO - DAG(s) 'dataset_alias_example_alias_producer', 'dataset_s3_bucket_consumer', 'dataset_alias_example_alias_consumer', 'dataset_s3_bucket_producer' retrieved from /home/airflow/.local/lib/python3.12/site-packages/airflow/example_dags/example_dataset_alias.py
[2025-04-21T17:05:56.200+0000] {logging_mixin.py:190} INFO - [2025-04-21T17:05:56.200+0000] {dag.py:3239} INFO - Sync 4 DAGs
[2025-04-21T17:05:56.209+0000] {logging_mixin.py:190} INFO - [2025-04-21T17:05:56.209+0000] {dag.py:4180} INFO - Setting next_dagrun for dataset_alias_example_alias_consumer to None, run_after=None
[2025-04-21T17:05:56.210+0000] {logging_mixin.py:190} INFO - [2025-04-21T17:05:56.210+0000] {dag.py:4180} INFO - Setting next_dagrun for dataset_alias_example_alias_producer to None, run_after=None
[2025-04-21T17:05:56.211+0000] {logging_mixin.py:190} INFO - [2025-04-21T17:05:56.210+0000] {dag.py:4180} INFO - Setting next_dagrun for dataset_s3_bucket_consumer to None, run_after=None
[2025-04-21T17:05:56.211+0000] {logging_mixin.py:190} INFO - [2025-04-21T17:05:56.211+0000] {dag.py:4180} INFO - Setting next_dagrun for dataset_s3_bucket_producer to None, run_after=None
[2025-04-21T17:05:56.219+0000] {processor.py:208} INFO - Processing /home/airflow/.local/lib/python3.12/site-packages/airflow/example_dags/example_dataset_alias.py took 0.291 seconds
[2025-04-21T17:06:26.280+0000] {processor.py:186} INFO - Started process (PID=142) to work on /home/airflow/.local/lib/python3.12/site-packages/airflow/example_dags/example_dataset_alias.py
[2025-04-21T17:06:26.280+0000] {processor.py:914} INFO - Processing file /home/airflow/.local/lib/python3.12/site-packages/airflow/example_dags/example_dataset_alias.py for tasks to queue
[2025-04-21T17:06:26.284+0000] {logging_mixin.py:190} INFO - [2025-04-21T17:06:26.284+0000] {dagbag.py:588} INFO - Filling up the DagBag from /home/airflow/.local/lib/python3.12/site-packages/airflow/example_dags/example_dataset_alias.py
[2025-04-21T17:06:26.495+0000] {processor.py:925} INFO - DAG(s) 'dataset_s3_bucket_consumer', 'dataset_alias_example_alias_producer', 'dataset_s3_bucket_producer', 'dataset_alias_example_alias_consumer' retrieved from /home/airflow/.local/lib/python3.12/site-packages/airflow/example_dags/example_dataset_alias.py
[2025-04-21T17:06:26.501+0000] {logging_mixin.py:190} INFO - [2025-04-21T17:06:26.500+0000] {dag.py:3239} INFO - Sync 4 DAGs
[2025-04-21T17:06:26.507+0000] {logging_mixin.py:190} INFO - [2025-04-21T17:06:26.507+0000] {dag.py:4180} INFO - Setting next_dagrun for dataset_alias_example_alias_consumer to None, run_after=None
[2025-04-21T17:06:26.508+0000] {logging_mixin.py:190} INFO - [2025-04-21T17:06:26.508+0000] {dag.py:4180} INFO - Setting next_dagrun for dataset_alias_example_alias_producer to None, run_after=None
[2025-04-21T17:06:26.508+0000] {logging_mixin.py:190} INFO - [2025-04-21T17:06:26.508+0000] {dag.py:4180} INFO - Setting next_dagrun for dataset_s3_bucket_consumer to None, run_after=None
[2025-04-21T17:06:26.509+0000] {logging_mixin.py:190} INFO - [2025-04-21T17:06:26.509+0000] {dag.py:4180} INFO - Setting next_dagrun for dataset_s3_bucket_producer to None, run_after=None
[2025-04-21T17:06:26.514+0000] {processor.py:208} INFO - Processing /home/airflow/.local/lib/python3.12/site-packages/airflow/example_dags/example_dataset_alias.py took 0.237 seconds
[2025-04-21T17:06:57.405+0000] {processor.py:186} INFO - Started process (PID=205) to work on /home/airflow/.local/lib/python3.12/site-packages/airflow/example_dags/example_dataset_alias.py
[2025-04-21T17:06:57.405+0000] {processor.py:914} INFO - Processing file /home/airflow/.local/lib/python3.12/site-packages/airflow/example_dags/example_dataset_alias.py for tasks to queue
[2025-04-21T17:06:57.407+0000] {logging_mixin.py:190} INFO - [2025-04-21T17:06:57.407+0000] {dagbag.py:588} INFO - Filling up the DagBag from /home/airflow/.local/lib/python3.12/site-packages/airflow/example_dags/example_dataset_alias.py
[2025-04-21T17:06:57.640+0000] {processor.py:925} INFO - DAG(s) 'dataset_alias_example_alias_producer', 'dataset_s3_bucket_consumer', 'dataset_s3_bucket_producer', 'dataset_alias_example_alias_consumer' retrieved from /home/airflow/.local/lib/python3.12/site-packages/airflow/example_dags/example_dataset_alias.py
[2025-04-21T17:06:57.650+0000] {logging_mixin.py:190} INFO - [2025-04-21T17:06:57.650+0000] {dag.py:3239} INFO - Sync 4 DAGs
[2025-04-21T17:06:57.658+0000] {logging_mixin.py:190} INFO - [2025-04-21T17:06:57.658+0000] {dag.py:4180} INFO - Setting next_dagrun for dataset_alias_example_alias_consumer to None, run_after=None
[2025-04-21T17:06:57.659+0000] {logging_mixin.py:190} INFO - [2025-04-21T17:06:57.659+0000] {dag.py:4180} INFO - Setting next_dagrun for dataset_alias_example_alias_producer to None, run_after=None
[2025-04-21T17:06:57.660+0000] {logging_mixin.py:190} INFO - [2025-04-21T17:06:57.660+0000] {dag.py:4180} INFO - Setting next_dagrun for dataset_s3_bucket_consumer to None, run_after=None
[2025-04-21T17:06:57.660+0000] {logging_mixin.py:190} INFO - [2025-04-21T17:06:57.660+0000] {dag.py:4180} INFO - Setting next_dagrun for dataset_s3_bucket_producer to None, run_after=None
[2025-04-21T17:06:57.666+0000] {processor.py:208} INFO - Processing /home/airflow/.local/lib/python3.12/site-packages/airflow/example_dags/example_dataset_alias.py took 0.264 seconds
[2025-04-21T17:07:28.516+0000] {processor.py:186} INFO - Started process (PID=268) to work on /home/airflow/.local/lib/python3.12/site-packages/airflow/example_dags/example_dataset_alias.py
[2025-04-21T17:07:28.516+0000] {processor.py:914} INFO - Processing file /home/airflow/.local/lib/python3.12/site-packages/airflow/example_dags/example_dataset_alias.py for tasks to queue
[2025-04-21T17:07:28.517+0000] {logging_mixin.py:190} INFO - [2025-04-21T17:07:28.517+0000] {dagbag.py:588} INFO - Filling up the DagBag from /home/airflow/.local/lib/python3.12/site-packages/airflow/example_dags/example_dataset_alias.py
[2025-04-21T17:07:28.740+0000] {processor.py:925} INFO - DAG(s) 'dataset_alias_example_alias_consumer', 'dataset_alias_example_alias_producer', 'dataset_s3_bucket_producer', 'dataset_s3_bucket_consumer' retrieved from /home/airflow/.local/lib/python3.12/site-packages/airflow/example_dags/example_dataset_alias.py
[2025-04-21T17:07:28.747+0000] {logging_mixin.py:190} INFO - [2025-04-21T17:07:28.746+0000] {dag.py:3239} INFO - Sync 4 DAGs
[2025-04-21T17:07:28.753+0000] {logging_mixin.py:190} INFO - [2025-04-21T17:07:28.753+0000] {dag.py:4180} INFO - Setting next_dagrun for dataset_alias_example_alias_consumer to None, run_after=None
[2025-04-21T17:07:28.754+0000] {logging_mixin.py:190} INFO - [2025-04-21T17:07:28.754+0000] {dag.py:4180} INFO - Setting next_dagrun for dataset_alias_example_alias_producer to None, run_after=None
[2025-04-21T17:07:28.755+0000] {logging_mixin.py:190} INFO - [2025-04-21T17:07:28.755+0000] {dag.py:4180} INFO - Setting next_dagrun for dataset_s3_bucket_consumer to None, run_after=None
[2025-04-21T17:07:28.756+0000] {logging_mixin.py:190} INFO - [2025-04-21T17:07:28.756+0000] {dag.py:4180} INFO - Setting next_dagrun for dataset_s3_bucket_producer to None, run_after=None
[2025-04-21T17:07:28.762+0000] {processor.py:208} INFO - Processing /home/airflow/.local/lib/python3.12/site-packages/airflow/example_dags/example_dataset_alias.py took 0.249 seconds
[2025-04-21T17:07:59.557+0000] {processor.py:186} INFO - Started process (PID=331) to work on /home/airflow/.local/lib/python3.12/site-packages/airflow/example_dags/example_dataset_alias.py
[2025-04-21T17:07:59.557+0000] {processor.py:914} INFO - Processing file /home/airflow/.local/lib/python3.12/site-packages/airflow/example_dags/example_dataset_alias.py for tasks to queue
[2025-04-21T17:07:59.558+0000] {logging_mixin.py:190} INFO - [2025-04-21T17:07:59.558+0000] {dagbag.py:588} INFO - Filling up the DagBag from /home/airflow/.local/lib/python3.12/site-packages/airflow/example_dags/example_dataset_alias.py
[2025-04-21T17:07:59.799+0000] {processor.py:925} INFO - DAG(s) 'dataset_s3_bucket_consumer', 'dataset_alias_example_alias_producer', 'dataset_alias_example_alias_consumer', 'dataset_s3_bucket_producer' retrieved from /home/airflow/.local/lib/python3.12/site-packages/airflow/example_dags/example_dataset_alias.py
[2025-04-21T17:07:59.812+0000] {logging_mixin.py:190} INFO - [2025-04-21T17:07:59.812+0000] {dag.py:3239} INFO - Sync 4 DAGs
[2025-04-21T17:07:59.818+0000] {logging_mixin.py:190} INFO - [2025-04-21T17:07:59.818+0000] {dag.py:4180} INFO - Setting next_dagrun for dataset_alias_example_alias_consumer to None, run_after=None
[2025-04-21T17:07:59.819+0000] {logging_mixin.py:190} INFO - [2025-04-21T17:07:59.819+0000] {dag.py:4180} INFO - Setting next_dagrun for dataset_alias_example_alias_producer to None, run_after=None
[2025-04-21T17:07:59.820+0000] {logging_mixin.py:190} INFO - [2025-04-21T17:07:59.820+0000] {dag.py:4180} INFO - Setting next_dagrun for dataset_s3_bucket_consumer to None, run_after=None
[2025-04-21T17:07:59.820+0000] {logging_mixin.py:190} INFO - [2025-04-21T17:07:59.820+0000] {dag.py:4180} INFO - Setting next_dagrun for dataset_s3_bucket_producer to None, run_after=None
[2025-04-21T17:07:59.826+0000] {processor.py:208} INFO - Processing /home/airflow/.local/lib/python3.12/site-packages/airflow/example_dags/example_dataset_alias.py took 0.272 seconds
[2025-04-21T17:08:30.806+0000] {processor.py:186} INFO - Started process (PID=394) to work on /home/airflow/.local/lib/python3.12/site-packages/airflow/example_dags/example_dataset_alias.py
[2025-04-21T17:08:30.810+0000] {processor.py:914} INFO - Processing file /home/airflow/.local/lib/python3.12/site-packages/airflow/example_dags/example_dataset_alias.py for tasks to queue
[2025-04-21T17:08:30.811+0000] {logging_mixin.py:190} INFO - [2025-04-21T17:08:30.810+0000] {dagbag.py:588} INFO - Filling up the DagBag from /home/airflow/.local/lib/python3.12/site-packages/airflow/example_dags/example_dataset_alias.py
[2025-04-21T17:08:31.080+0000] {processor.py:925} INFO - DAG(s) 'dataset_alias_example_alias_producer', 'dataset_alias_example_alias_consumer', 'dataset_s3_bucket_producer', 'dataset_s3_bucket_consumer' retrieved from /home/airflow/.local/lib/python3.12/site-packages/airflow/example_dags/example_dataset_alias.py
[2025-04-21T17:08:31.089+0000] {logging_mixin.py:190} INFO - [2025-04-21T17:08:31.089+0000] {dag.py:3239} INFO - Sync 4 DAGs
[2025-04-21T17:08:31.097+0000] {logging_mixin.py:190} INFO - [2025-04-21T17:08:31.097+0000] {dag.py:4180} INFO - Setting next_dagrun for dataset_alias_example_alias_consumer to None, run_after=None
[2025-04-21T17:08:31.098+0000] {logging_mixin.py:190} INFO - [2025-04-21T17:08:31.098+0000] {dag.py:4180} INFO - Setting next_dagrun for dataset_alias_example_alias_producer to None, run_after=None
[2025-04-21T17:08:31.099+0000] {logging_mixin.py:190} INFO - [2025-04-21T17:08:31.099+0000] {dag.py:4180} INFO - Setting next_dagrun for dataset_s3_bucket_consumer to None, run_after=None
[2025-04-21T17:08:31.099+0000] {logging_mixin.py:190} INFO - [2025-04-21T17:08:31.099+0000] {dag.py:4180} INFO - Setting next_dagrun for dataset_s3_bucket_producer to None, run_after=None
[2025-04-21T17:08:31.106+0000] {processor.py:208} INFO - Processing /home/airflow/.local/lib/python3.12/site-packages/airflow/example_dags/example_dataset_alias.py took 0.302 seconds
[2025-04-21T17:09:01.898+0000] {processor.py:186} INFO - Started process (PID=457) to work on /home/airflow/.local/lib/python3.12/site-packages/airflow/example_dags/example_dataset_alias.py
[2025-04-21T17:09:01.898+0000] {processor.py:914} INFO - Processing file /home/airflow/.local/lib/python3.12/site-packages/airflow/example_dags/example_dataset_alias.py for tasks to queue
[2025-04-21T17:09:01.899+0000] {logging_mixin.py:190} INFO - [2025-04-21T17:09:01.899+0000] {dagbag.py:588} INFO - Filling up the DagBag from /home/airflow/.local/lib/python3.12/site-packages/airflow/example_dags/example_dataset_alias.py
[2025-04-21T17:09:02.128+0000] {processor.py:925} INFO - DAG(s) 'dataset_alias_example_alias_producer', 'dataset_s3_bucket_producer', 'dataset_alias_example_alias_consumer', 'dataset_s3_bucket_consumer' retrieved from /home/airflow/.local/lib/python3.12/site-packages/airflow/example_dags/example_dataset_alias.py
[2025-04-21T17:09:02.135+0000] {logging_mixin.py:190} INFO - [2025-04-21T17:09:02.135+0000] {dag.py:3239} INFO - Sync 4 DAGs
[2025-04-21T17:09:02.142+0000] {logging_mixin.py:190} INFO - [2025-04-21T17:09:02.142+0000] {dag.py:4180} INFO - Setting next_dagrun for dataset_alias_example_alias_consumer to None, run_after=None
[2025-04-21T17:09:02.143+0000] {logging_mixin.py:190} INFO - [2025-04-21T17:09:02.142+0000] {dag.py:4180} INFO - Setting next_dagrun for dataset_alias_example_alias_producer to None, run_after=None
[2025-04-21T17:09:02.143+0000] {logging_mixin.py:190} INFO - [2025-04-21T17:09:02.143+0000] {dag.py:4180} INFO - Setting next_dagrun for dataset_s3_bucket_consumer to None, run_after=None
[2025-04-21T17:09:02.143+0000] {logging_mixin.py:190} INFO - [2025-04-21T17:09:02.143+0000] {dag.py:4180} INFO - Setting next_dagrun for dataset_s3_bucket_producer to None, run_after=None
[2025-04-21T17:09:02.150+0000] {processor.py:208} INFO - Processing /home/airflow/.local/lib/python3.12/site-packages/airflow/example_dags/example_dataset_alias.py took 0.254 seconds
[2025-04-21T17:09:32.976+0000] {processor.py:186} INFO - Started process (PID=520) to work on /home/airflow/.local/lib/python3.12/site-packages/airflow/example_dags/example_dataset_alias.py
[2025-04-21T17:09:32.977+0000] {processor.py:914} INFO - Processing file /home/airflow/.local/lib/python3.12/site-packages/airflow/example_dags/example_dataset_alias.py for tasks to queue
[2025-04-21T17:09:32.979+0000] {logging_mixin.py:190} INFO - [2025-04-21T17:09:32.979+0000] {dagbag.py:588} INFO - Filling up the DagBag from /home/airflow/.local/lib/python3.12/site-packages/airflow/example_dags/example_dataset_alias.py
[2025-04-21T17:09:33.210+0000] {processor.py:925} INFO - DAG(s) 'dataset_s3_bucket_producer', 'dataset_s3_bucket_consumer', 'dataset_alias_example_alias_producer', 'dataset_alias_example_alias_consumer' retrieved from /home/airflow/.local/lib/python3.12/site-packages/airflow/example_dags/example_dataset_alias.py
[2025-04-21T17:09:33.218+0000] {logging_mixin.py:190} INFO - [2025-04-21T17:09:33.218+0000] {dag.py:3239} INFO - Sync 4 DAGs
[2025-04-21T17:09:33.226+0000] {logging_mixin.py:190} INFO - [2025-04-21T17:09:33.225+0000] {dag.py:4180} INFO - Setting next_dagrun for dataset_alias_example_alias_consumer to None, run_after=None
[2025-04-21T17:09:33.227+0000] {logging_mixin.py:190} INFO - [2025-04-21T17:09:33.226+0000] {dag.py:4180} INFO - Setting next_dagrun for dataset_alias_example_alias_producer to None, run_after=None
[2025-04-21T17:09:33.227+0000] {logging_mixin.py:190} INFO - [2025-04-21T17:09:33.227+0000] {dag.py:4180} INFO - Setting next_dagrun for dataset_s3_bucket_consumer to None, run_after=None
[2025-04-21T17:09:33.228+0000] {logging_mixin.py:190} INFO - [2025-04-21T17:09:33.228+0000] {dag.py:4180} INFO - Setting next_dagrun for dataset_s3_bucket_producer to None, run_after=None
[2025-04-21T17:09:33.235+0000] {processor.py:208} INFO - Processing /home/airflow/.local/lib/python3.12/site-packages/airflow/example_dags/example_dataset_alias.py took 0.261 seconds
[2025-04-21T17:10:04.057+0000] {processor.py:186} INFO - Started process (PID=583) to work on /home/airflow/.local/lib/python3.12/site-packages/airflow/example_dags/example_dataset_alias.py
[2025-04-21T17:10:04.060+0000] {processor.py:914} INFO - Processing file /home/airflow/.local/lib/python3.12/site-packages/airflow/example_dags/example_dataset_alias.py for tasks to queue
[2025-04-21T17:10:04.061+0000] {logging_mixin.py:190} INFO - [2025-04-21T17:10:04.061+0000] {dagbag.py:588} INFO - Filling up the DagBag from /home/airflow/.local/lib/python3.12/site-packages/airflow/example_dags/example_dataset_alias.py
[2025-04-21T17:10:04.292+0000] {processor.py:925} INFO - DAG(s) 'dataset_s3_bucket_consumer', 'dataset_alias_example_alias_producer', 'dataset_s3_bucket_producer', 'dataset_alias_example_alias_consumer' retrieved from /home/airflow/.local/lib/python3.12/site-packages/airflow/example_dags/example_dataset_alias.py
[2025-04-21T17:10:04.301+0000] {logging_mixin.py:190} INFO - [2025-04-21T17:10:04.301+0000] {dag.py:3239} INFO - Sync 4 DAGs
[2025-04-21T17:10:04.310+0000] {logging_mixin.py:190} INFO - [2025-04-21T17:10:04.310+0000] {dag.py:4180} INFO - Setting next_dagrun for dataset_alias_example_alias_consumer to None, run_after=None
[2025-04-21T17:10:04.312+0000] {logging_mixin.py:190} INFO - [2025-04-21T17:10:04.312+0000] {dag.py:4180} INFO - Setting next_dagrun for dataset_alias_example_alias_producer to None, run_after=None
[2025-04-21T17:10:04.313+0000] {logging_mixin.py:190} INFO - [2025-04-21T17:10:04.313+0000] {dag.py:4180} INFO - Setting next_dagrun for dataset_s3_bucket_consumer to None, run_after=None
[2025-04-21T17:10:04.314+0000] {logging_mixin.py:190} INFO - [2025-04-21T17:10:04.314+0000] {dag.py:4180} INFO - Setting next_dagrun for dataset_s3_bucket_producer to None, run_after=None
[2025-04-21T17:10:04.322+0000] {processor.py:208} INFO - Processing /home/airflow/.local/lib/python3.12/site-packages/airflow/example_dags/example_dataset_alias.py took 0.267 seconds
[2025-04-21T17:10:35.259+0000] {processor.py:186} INFO - Started process (PID=646) to work on /home/airflow/.local/lib/python3.12/site-packages/airflow/example_dags/example_dataset_alias.py
[2025-04-21T17:10:35.259+0000] {processor.py:914} INFO - Processing file /home/airflow/.local/lib/python3.12/site-packages/airflow/example_dags/example_dataset_alias.py for tasks to queue
[2025-04-21T17:10:35.263+0000] {logging_mixin.py:190} INFO - [2025-04-21T17:10:35.263+0000] {dagbag.py:588} INFO - Filling up the DagBag from /home/airflow/.local/lib/python3.12/site-packages/airflow/example_dags/example_dataset_alias.py
[2025-04-21T17:10:35.481+0000] {processor.py:925} INFO - DAG(s) 'dataset_alias_example_alias_consumer', 'dataset_s3_bucket_producer', 'dataset_s3_bucket_consumer', 'dataset_alias_example_alias_producer' retrieved from /home/airflow/.local/lib/python3.12/site-packages/airflow/example_dags/example_dataset_alias.py
[2025-04-21T17:10:35.493+0000] {logging_mixin.py:190} INFO - [2025-04-21T17:10:35.493+0000] {dag.py:3239} INFO - Sync 4 DAGs
[2025-04-21T17:10:35.501+0000] {logging_mixin.py:190} INFO - [2025-04-21T17:10:35.501+0000] {dag.py:4180} INFO - Setting next_dagrun for dataset_alias_example_alias_consumer to None, run_after=None
[2025-04-21T17:10:35.502+0000] {logging_mixin.py:190} INFO - [2025-04-21T17:10:35.502+0000] {dag.py:4180} INFO - Setting next_dagrun for dataset_alias_example_alias_producer to None, run_after=None
[2025-04-21T17:10:35.503+0000] {logging_mixin.py:190} INFO - [2025-04-21T17:10:35.503+0000] {dag.py:4180} INFO - Setting next_dagrun for dataset_s3_bucket_consumer to None, run_after=None
[2025-04-21T17:10:35.503+0000] {logging_mixin.py:190} INFO - [2025-04-21T17:10:35.503+0000] {dag.py:4180} INFO - Setting next_dagrun for dataset_s3_bucket_producer to None, run_after=None
[2025-04-21T17:10:35.510+0000] {processor.py:208} INFO - Processing /home/airflow/.local/lib/python3.12/site-packages/airflow/example_dags/example_dataset_alias.py took 0.254 seconds
