[2025-04-21T17:02:00.875+0000] {processor.py:186} INFO - Started process (PID=77) to work on /home/airflow/.local/lib/python3.12/site-packages/airflow/example_dags/example_xcomargs.py
[2025-04-21T17:02:00.876+0000] {processor.py:914} INFO - Processing file /home/airflow/.local/lib/python3.12/site-packages/airflow/example_dags/example_xcomargs.py for tasks to queue
[2025-04-21T17:02:00.877+0000] {logging_mixin.py:190} INFO - [2025-04-21T17:02:00.877+0000] {dagbag.py:588} INFO - Filling up the DagBag from /home/airflow/.local/lib/python3.12/site-packages/airflow/example_dags/example_xcomargs.py
[2025-04-21T17:02:00.882+0000] {processor.py:925} INFO - DAG(s) 'example_xcom_args_with_operators', 'example_xcom_args' retrieved from /home/airflow/.local/lib/python3.12/site-packages/airflow/example_dags/example_xcomargs.py
[2025-04-21T17:02:00.926+0000] {logging_mixin.py:190} INFO - [2025-04-21T17:02:00.926+0000] {override.py:1912} INFO - Created Permission View: can read on DAG:example_xcom_args_with_operators
[2025-04-21T17:02:00.932+0000] {logging_mixin.py:190} INFO - [2025-04-21T17:02:00.931+0000] {override.py:1912} INFO - Created Permission View: can edit on DAG:example_xcom_args_with_operators
[2025-04-21T17:02:00.934+0000] {logging_mixin.py:190} INFO - [2025-04-21T17:02:00.934+0000] {override.py:1912} INFO - Created Permission View: can delete on DAG:example_xcom_args_with_operators
[2025-04-21T17:02:00.936+0000] {logging_mixin.py:190} INFO - [2025-04-21T17:02:00.936+0000] {override.py:1912} INFO - Created Permission View: can read on DAG Run:example_xcom_args_with_operators
[2025-04-21T17:02:00.938+0000] {logging_mixin.py:190} INFO - [2025-04-21T17:02:00.938+0000] {override.py:1912} INFO - Created Permission View: can delete on DAG Run:example_xcom_args_with_operators
[2025-04-21T17:02:00.940+0000] {logging_mixin.py:190} INFO - [2025-04-21T17:02:00.940+0000] {override.py:1912} INFO - Created Permission View: menu access on DAG Run:example_xcom_args_with_operators
[2025-04-21T17:02:00.942+0000] {logging_mixin.py:190} INFO - [2025-04-21T17:02:00.942+0000] {override.py:1912} INFO - Created Permission View: can create on DAG Run:example_xcom_args_with_operators
[2025-04-21T17:02:00.947+0000] {logging_mixin.py:190} INFO - [2025-04-21T17:02:00.947+0000] {override.py:1912} INFO - Created Permission View: can read on DAG:example_xcom_args
[2025-04-21T17:02:00.950+0000] {logging_mixin.py:190} INFO - [2025-04-21T17:02:00.950+0000] {override.py:1912} INFO - Created Permission View: can edit on DAG:example_xcom_args
[2025-04-21T17:02:00.953+0000] {logging_mixin.py:190} INFO - [2025-04-21T17:02:00.953+0000] {override.py:1912} INFO - Created Permission View: can delete on DAG:example_xcom_args
[2025-04-21T17:02:00.955+0000] {logging_mixin.py:190} INFO - [2025-04-21T17:02:00.954+0000] {override.py:1912} INFO - Created Permission View: can read on DAG Run:example_xcom_args
[2025-04-21T17:02:00.956+0000] {logging_mixin.py:190} INFO - [2025-04-21T17:02:00.956+0000] {override.py:1912} INFO - Created Permission View: can delete on DAG Run:example_xcom_args
[2025-04-21T17:02:00.958+0000] {logging_mixin.py:190} INFO - [2025-04-21T17:02:00.958+0000] {override.py:1912} INFO - Created Permission View: menu access on DAG Run:example_xcom_args
[2025-04-21T17:02:00.960+0000] {logging_mixin.py:190} INFO - [2025-04-21T17:02:00.960+0000] {override.py:1912} INFO - Created Permission View: can create on DAG Run:example_xcom_args
[2025-04-21T17:02:00.960+0000] {logging_mixin.py:190} INFO - [2025-04-21T17:02:00.960+0000] {dag.py:3239} INFO - Sync 2 DAGs
[2025-04-21T17:02:00.965+0000] {logging_mixin.py:190} INFO - [2025-04-21T17:02:00.965+0000] {dag.py:3262} INFO - Creating ORM DAG for example_xcom_args_with_operators
[2025-04-21T17:02:00.966+0000] {logging_mixin.py:190} INFO - [2025-04-21T17:02:00.966+0000] {dag.py:3262} INFO - Creating ORM DAG for example_xcom_args
[2025-04-21T17:02:00.966+0000] {logging_mixin.py:190} INFO - [2025-04-21T17:02:00.966+0000] {dag.py:4180} INFO - Setting next_dagrun for example_xcom_args to None, run_after=None
[2025-04-21T17:02:00.966+0000] {logging_mixin.py:190} INFO - [2025-04-21T17:02:00.966+0000] {dag.py:4180} INFO - Setting next_dagrun for example_xcom_args_with_operators to None, run_after=None
[2025-04-21T17:02:00.973+0000] {processor.py:208} INFO - Processing /home/airflow/.local/lib/python3.12/site-packages/airflow/example_dags/example_xcomargs.py took 0.100 seconds
[2025-04-21T17:02:30.999+0000] {processor.py:186} INFO - Started process (PID=139) to work on /home/airflow/.local/lib/python3.12/site-packages/airflow/example_dags/example_xcomargs.py
[2025-04-21T17:02:31.000+0000] {processor.py:914} INFO - Processing file /home/airflow/.local/lib/python3.12/site-packages/airflow/example_dags/example_xcomargs.py for tasks to queue
[2025-04-21T17:02:31.000+0000] {logging_mixin.py:190} INFO - [2025-04-21T17:02:31.000+0000] {dagbag.py:588} INFO - Filling up the DagBag from /home/airflow/.local/lib/python3.12/site-packages/airflow/example_dags/example_xcomargs.py
[2025-04-21T17:02:31.004+0000] {processor.py:925} INFO - DAG(s) 'example_xcom_args_with_operators', 'example_xcom_args' retrieved from /home/airflow/.local/lib/python3.12/site-packages/airflow/example_dags/example_xcomargs.py
[2025-04-21T17:02:31.012+0000] {logging_mixin.py:190} INFO - [2025-04-21T17:02:31.012+0000] {dag.py:3239} INFO - Sync 2 DAGs
[2025-04-21T17:02:31.017+0000] {logging_mixin.py:190} INFO - [2025-04-21T17:02:31.017+0000] {dag.py:4180} INFO - Setting next_dagrun for example_xcom_args to None, run_after=None
[2025-04-21T17:02:31.018+0000] {logging_mixin.py:190} INFO - [2025-04-21T17:02:31.018+0000] {dag.py:4180} INFO - Setting next_dagrun for example_xcom_args_with_operators to None, run_after=None
[2025-04-21T17:02:31.023+0000] {processor.py:208} INFO - Processing /home/airflow/.local/lib/python3.12/site-packages/airflow/example_dags/example_xcomargs.py took 0.025 seconds
[2025-04-21T17:03:01.553+0000] {processor.py:186} INFO - Started process (PID=202) to work on /home/airflow/.local/lib/python3.12/site-packages/airflow/example_dags/example_xcomargs.py
[2025-04-21T17:03:01.553+0000] {processor.py:914} INFO - Processing file /home/airflow/.local/lib/python3.12/site-packages/airflow/example_dags/example_xcomargs.py for tasks to queue
[2025-04-21T17:03:01.554+0000] {logging_mixin.py:190} INFO - [2025-04-21T17:03:01.554+0000] {dagbag.py:588} INFO - Filling up the DagBag from /home/airflow/.local/lib/python3.12/site-packages/airflow/example_dags/example_xcomargs.py
[2025-04-21T17:03:01.558+0000] {processor.py:925} INFO - DAG(s) 'example_xcom_args_with_operators', 'example_xcom_args' retrieved from /home/airflow/.local/lib/python3.12/site-packages/airflow/example_dags/example_xcomargs.py
[2025-04-21T17:03:01.565+0000] {logging_mixin.py:190} INFO - [2025-04-21T17:03:01.565+0000] {dag.py:3239} INFO - Sync 2 DAGs
[2025-04-21T17:03:01.570+0000] {logging_mixin.py:190} INFO - [2025-04-21T17:03:01.570+0000] {dag.py:4180} INFO - Setting next_dagrun for example_xcom_args to None, run_after=None
[2025-04-21T17:03:01.571+0000] {logging_mixin.py:190} INFO - [2025-04-21T17:03:01.571+0000] {dag.py:4180} INFO - Setting next_dagrun for example_xcom_args_with_operators to None, run_after=None
[2025-04-21T17:03:01.575+0000] {processor.py:208} INFO - Processing /home/airflow/.local/lib/python3.12/site-packages/airflow/example_dags/example_xcomargs.py took 0.025 seconds
[2025-04-21T17:03:32.663+0000] {processor.py:186} INFO - Started process (PID=264) to work on /home/airflow/.local/lib/python3.12/site-packages/airflow/example_dags/example_xcomargs.py
[2025-04-21T17:03:32.663+0000] {processor.py:914} INFO - Processing file /home/airflow/.local/lib/python3.12/site-packages/airflow/example_dags/example_xcomargs.py for tasks to queue
[2025-04-21T17:03:32.664+0000] {logging_mixin.py:190} INFO - [2025-04-21T17:03:32.664+0000] {dagbag.py:588} INFO - Filling up the DagBag from /home/airflow/.local/lib/python3.12/site-packages/airflow/example_dags/example_xcomargs.py
[2025-04-21T17:03:32.670+0000] {processor.py:925} INFO - DAG(s) 'example_xcom_args', 'example_xcom_args_with_operators' retrieved from /home/airflow/.local/lib/python3.12/site-packages/airflow/example_dags/example_xcomargs.py
[2025-04-21T17:03:32.682+0000] {logging_mixin.py:190} INFO - [2025-04-21T17:03:32.682+0000] {dag.py:3239} INFO - Sync 2 DAGs
[2025-04-21T17:03:32.687+0000] {logging_mixin.py:190} INFO - [2025-04-21T17:03:32.687+0000] {dag.py:4180} INFO - Setting next_dagrun for example_xcom_args to None, run_after=None
[2025-04-21T17:03:32.689+0000] {logging_mixin.py:190} INFO - [2025-04-21T17:03:32.689+0000] {dag.py:4180} INFO - Setting next_dagrun for example_xcom_args_with_operators to None, run_after=None
[2025-04-21T17:03:32.694+0000] {processor.py:208} INFO - Processing /home/airflow/.local/lib/python3.12/site-packages/airflow/example_dags/example_xcomargs.py took 0.034 seconds
[2025-04-21T17:04:03.847+0000] {processor.py:186} INFO - Started process (PID=327) to work on /home/airflow/.local/lib/python3.12/site-packages/airflow/example_dags/example_xcomargs.py
[2025-04-21T17:04:03.848+0000] {processor.py:914} INFO - Processing file /home/airflow/.local/lib/python3.12/site-packages/airflow/example_dags/example_xcomargs.py for tasks to queue
[2025-04-21T17:04:03.849+0000] {logging_mixin.py:190} INFO - [2025-04-21T17:04:03.849+0000] {dagbag.py:588} INFO - Filling up the DagBag from /home/airflow/.local/lib/python3.12/site-packages/airflow/example_dags/example_xcomargs.py
[2025-04-21T17:04:03.854+0000] {processor.py:925} INFO - DAG(s) 'example_xcom_args_with_operators', 'example_xcom_args' retrieved from /home/airflow/.local/lib/python3.12/site-packages/airflow/example_dags/example_xcomargs.py
[2025-04-21T17:04:03.863+0000] {logging_mixin.py:190} INFO - [2025-04-21T17:04:03.863+0000] {dag.py:3239} INFO - Sync 2 DAGs
[2025-04-21T17:04:03.868+0000] {logging_mixin.py:190} INFO - [2025-04-21T17:04:03.868+0000] {dag.py:4180} INFO - Setting next_dagrun for example_xcom_args to None, run_after=None
[2025-04-21T17:04:03.870+0000] {logging_mixin.py:190} INFO - [2025-04-21T17:04:03.870+0000] {dag.py:4180} INFO - Setting next_dagrun for example_xcom_args_with_operators to None, run_after=None
[2025-04-21T17:04:03.878+0000] {processor.py:208} INFO - Processing /home/airflow/.local/lib/python3.12/site-packages/airflow/example_dags/example_xcomargs.py took 0.033 seconds
[2025-04-21T17:04:35.122+0000] {processor.py:186} INFO - Started process (PID=390) to work on /home/airflow/.local/lib/python3.12/site-packages/airflow/example_dags/example_xcomargs.py
[2025-04-21T17:04:35.122+0000] {processor.py:914} INFO - Processing file /home/airflow/.local/lib/python3.12/site-packages/airflow/example_dags/example_xcomargs.py for tasks to queue
[2025-04-21T17:04:35.123+0000] {logging_mixin.py:190} INFO - [2025-04-21T17:04:35.123+0000] {dagbag.py:588} INFO - Filling up the DagBag from /home/airflow/.local/lib/python3.12/site-packages/airflow/example_dags/example_xcomargs.py
[2025-04-21T17:04:35.126+0000] {processor.py:925} INFO - DAG(s) 'example_xcom_args', 'example_xcom_args_with_operators' retrieved from /home/airflow/.local/lib/python3.12/site-packages/airflow/example_dags/example_xcomargs.py
[2025-04-21T17:04:35.137+0000] {logging_mixin.py:190} INFO - [2025-04-21T17:04:35.137+0000] {dag.py:3239} INFO - Sync 2 DAGs
[2025-04-21T17:04:35.142+0000] {logging_mixin.py:190} INFO - [2025-04-21T17:04:35.142+0000] {dag.py:4180} INFO - Setting next_dagrun for example_xcom_args to None, run_after=None
[2025-04-21T17:04:35.143+0000] {logging_mixin.py:190} INFO - [2025-04-21T17:04:35.143+0000] {dag.py:4180} INFO - Setting next_dagrun for example_xcom_args_with_operators to None, run_after=None
[2025-04-21T17:04:35.149+0000] {processor.py:208} INFO - Processing /home/airflow/.local/lib/python3.12/site-packages/airflow/example_dags/example_xcomargs.py took 0.030 seconds
[2025-04-21T17:05:06.314+0000] {processor.py:186} INFO - Started process (PID=453) to work on /home/airflow/.local/lib/python3.12/site-packages/airflow/example_dags/example_xcomargs.py
[2025-04-21T17:05:06.314+0000] {processor.py:914} INFO - Processing file /home/airflow/.local/lib/python3.12/site-packages/airflow/example_dags/example_xcomargs.py for tasks to queue
[2025-04-21T17:05:06.315+0000] {logging_mixin.py:190} INFO - [2025-04-21T17:05:06.315+0000] {dagbag.py:588} INFO - Filling up the DagBag from /home/airflow/.local/lib/python3.12/site-packages/airflow/example_dags/example_xcomargs.py
[2025-04-21T17:05:06.318+0000] {processor.py:925} INFO - DAG(s) 'example_xcom_args', 'example_xcom_args_with_operators' retrieved from /home/airflow/.local/lib/python3.12/site-packages/airflow/example_dags/example_xcomargs.py
[2025-04-21T17:05:06.326+0000] {logging_mixin.py:190} INFO - [2025-04-21T17:05:06.326+0000] {dag.py:3239} INFO - Sync 2 DAGs
[2025-04-21T17:05:06.331+0000] {logging_mixin.py:190} INFO - [2025-04-21T17:05:06.331+0000] {dag.py:4180} INFO - Setting next_dagrun for example_xcom_args to None, run_after=None
[2025-04-21T17:05:06.332+0000] {logging_mixin.py:190} INFO - [2025-04-21T17:05:06.332+0000] {dag.py:4180} INFO - Setting next_dagrun for example_xcom_args_with_operators to None, run_after=None
[2025-04-21T17:05:06.337+0000] {processor.py:208} INFO - Processing /home/airflow/.local/lib/python3.12/site-packages/airflow/example_dags/example_xcomargs.py took 0.025 seconds
[2025-04-21T17:05:56.012+0000] {processor.py:186} INFO - Started process (PID=77) to work on /home/airflow/.local/lib/python3.12/site-packages/airflow/example_dags/example_xcomargs.py
[2025-04-21T17:05:56.012+0000] {processor.py:914} INFO - Processing file /home/airflow/.local/lib/python3.12/site-packages/airflow/example_dags/example_xcomargs.py for tasks to queue
[2025-04-21T17:05:56.013+0000] {logging_mixin.py:190} INFO - [2025-04-21T17:05:56.013+0000] {dagbag.py:588} INFO - Filling up the DagBag from /home/airflow/.local/lib/python3.12/site-packages/airflow/example_dags/example_xcomargs.py
[2025-04-21T17:05:56.018+0000] {processor.py:925} INFO - DAG(s) 'example_xcom_args', 'example_xcom_args_with_operators' retrieved from /home/airflow/.local/lib/python3.12/site-packages/airflow/example_dags/example_xcomargs.py
[2025-04-21T17:05:56.030+0000] {logging_mixin.py:190} INFO - [2025-04-21T17:05:56.030+0000] {dag.py:3239} INFO - Sync 2 DAGs
[2025-04-21T17:05:56.037+0000] {logging_mixin.py:190} INFO - [2025-04-21T17:05:56.037+0000] {dag.py:4180} INFO - Setting next_dagrun for example_xcom_args to None, run_after=None
[2025-04-21T17:05:56.039+0000] {logging_mixin.py:190} INFO - [2025-04-21T17:05:56.038+0000] {dag.py:4180} INFO - Setting next_dagrun for example_xcom_args_with_operators to None, run_after=None
[2025-04-21T17:05:56.045+0000] {processor.py:208} INFO - Processing /home/airflow/.local/lib/python3.12/site-packages/airflow/example_dags/example_xcomargs.py took 0.036 seconds
[2025-04-21T17:06:26.221+0000] {processor.py:186} INFO - Started process (PID=139) to work on /home/airflow/.local/lib/python3.12/site-packages/airflow/example_dags/example_xcomargs.py
[2025-04-21T17:06:26.222+0000] {processor.py:914} INFO - Processing file /home/airflow/.local/lib/python3.12/site-packages/airflow/example_dags/example_xcomargs.py for tasks to queue
[2025-04-21T17:06:26.222+0000] {logging_mixin.py:190} INFO - [2025-04-21T17:06:26.222+0000] {dagbag.py:588} INFO - Filling up the DagBag from /home/airflow/.local/lib/python3.12/site-packages/airflow/example_dags/example_xcomargs.py
[2025-04-21T17:06:26.226+0000] {processor.py:925} INFO - DAG(s) 'example_xcom_args', 'example_xcom_args_with_operators' retrieved from /home/airflow/.local/lib/python3.12/site-packages/airflow/example_dags/example_xcomargs.py
[2025-04-21T17:06:26.235+0000] {logging_mixin.py:190} INFO - [2025-04-21T17:06:26.235+0000] {dag.py:3239} INFO - Sync 2 DAGs
[2025-04-21T17:06:26.241+0000] {logging_mixin.py:190} INFO - [2025-04-21T17:06:26.241+0000] {dag.py:4180} INFO - Setting next_dagrun for example_xcom_args to None, run_after=None
[2025-04-21T17:06:26.242+0000] {logging_mixin.py:190} INFO - [2025-04-21T17:06:26.242+0000] {dag.py:4180} INFO - Setting next_dagrun for example_xcom_args_with_operators to None, run_after=None
[2025-04-21T17:06:26.247+0000] {processor.py:208} INFO - Processing /home/airflow/.local/lib/python3.12/site-packages/airflow/example_dags/example_xcomargs.py took 0.028 seconds
[2025-04-21T17:06:57.336+0000] {processor.py:186} INFO - Started process (PID=202) to work on /home/airflow/.local/lib/python3.12/site-packages/airflow/example_dags/example_xcomargs.py
[2025-04-21T17:06:57.337+0000] {processor.py:914} INFO - Processing file /home/airflow/.local/lib/python3.12/site-packages/airflow/example_dags/example_xcomargs.py for tasks to queue
[2025-04-21T17:06:57.338+0000] {logging_mixin.py:190} INFO - [2025-04-21T17:06:57.337+0000] {dagbag.py:588} INFO - Filling up the DagBag from /home/airflow/.local/lib/python3.12/site-packages/airflow/example_dags/example_xcomargs.py
[2025-04-21T17:06:57.342+0000] {processor.py:925} INFO - DAG(s) 'example_xcom_args_with_operators', 'example_xcom_args' retrieved from /home/airflow/.local/lib/python3.12/site-packages/airflow/example_dags/example_xcomargs.py
[2025-04-21T17:06:57.351+0000] {logging_mixin.py:190} INFO - [2025-04-21T17:06:57.351+0000] {dag.py:3239} INFO - Sync 2 DAGs
[2025-04-21T17:06:57.357+0000] {logging_mixin.py:190} INFO - [2025-04-21T17:06:57.357+0000] {dag.py:4180} INFO - Setting next_dagrun for example_xcom_args to None, run_after=None
[2025-04-21T17:06:57.358+0000] {logging_mixin.py:190} INFO - [2025-04-21T17:06:57.358+0000] {dag.py:4180} INFO - Setting next_dagrun for example_xcom_args_with_operators to None, run_after=None
[2025-04-21T17:06:57.364+0000] {processor.py:208} INFO - Processing /home/airflow/.local/lib/python3.12/site-packages/airflow/example_dags/example_xcomargs.py took 0.030 seconds
[2025-04-21T17:07:28.447+0000] {processor.py:186} INFO - Started process (PID=265) to work on /home/airflow/.local/lib/python3.12/site-packages/airflow/example_dags/example_xcomargs.py
[2025-04-21T17:07:28.447+0000] {processor.py:914} INFO - Processing file /home/airflow/.local/lib/python3.12/site-packages/airflow/example_dags/example_xcomargs.py for tasks to queue
[2025-04-21T17:07:28.448+0000] {logging_mixin.py:190} INFO - [2025-04-21T17:07:28.448+0000] {dagbag.py:588} INFO - Filling up the DagBag from /home/airflow/.local/lib/python3.12/site-packages/airflow/example_dags/example_xcomargs.py
[2025-04-21T17:07:28.452+0000] {processor.py:925} INFO - DAG(s) 'example_xcom_args_with_operators', 'example_xcom_args' retrieved from /home/airflow/.local/lib/python3.12/site-packages/airflow/example_dags/example_xcomargs.py
[2025-04-21T17:07:28.461+0000] {logging_mixin.py:190} INFO - [2025-04-21T17:07:28.461+0000] {dag.py:3239} INFO - Sync 2 DAGs
[2025-04-21T17:07:28.466+0000] {logging_mixin.py:190} INFO - [2025-04-21T17:07:28.466+0000] {dag.py:4180} INFO - Setting next_dagrun for example_xcom_args to None, run_after=None
[2025-04-21T17:07:28.468+0000] {logging_mixin.py:190} INFO - [2025-04-21T17:07:28.468+0000] {dag.py:4180} INFO - Setting next_dagrun for example_xcom_args_with_operators to None, run_after=None
[2025-04-21T17:07:28.473+0000] {processor.py:208} INFO - Processing /home/airflow/.local/lib/python3.12/site-packages/airflow/example_dags/example_xcomargs.py took 0.028 seconds
[2025-04-21T17:07:59.490+0000] {processor.py:186} INFO - Started process (PID=328) to work on /home/airflow/.local/lib/python3.12/site-packages/airflow/example_dags/example_xcomargs.py
[2025-04-21T17:07:59.491+0000] {processor.py:914} INFO - Processing file /home/airflow/.local/lib/python3.12/site-packages/airflow/example_dags/example_xcomargs.py for tasks to queue
[2025-04-21T17:07:59.492+0000] {logging_mixin.py:190} INFO - [2025-04-21T17:07:59.491+0000] {dagbag.py:588} INFO - Filling up the DagBag from /home/airflow/.local/lib/python3.12/site-packages/airflow/example_dags/example_xcomargs.py
[2025-04-21T17:07:59.496+0000] {processor.py:925} INFO - DAG(s) 'example_xcom_args_with_operators', 'example_xcom_args' retrieved from /home/airflow/.local/lib/python3.12/site-packages/airflow/example_dags/example_xcomargs.py
[2025-04-21T17:07:59.505+0000] {logging_mixin.py:190} INFO - [2025-04-21T17:07:59.505+0000] {dag.py:3239} INFO - Sync 2 DAGs
[2025-04-21T17:07:59.512+0000] {logging_mixin.py:190} INFO - [2025-04-21T17:07:59.512+0000] {dag.py:4180} INFO - Setting next_dagrun for example_xcom_args to None, run_after=None
[2025-04-21T17:07:59.513+0000] {logging_mixin.py:190} INFO - [2025-04-21T17:07:59.513+0000] {dag.py:4180} INFO - Setting next_dagrun for example_xcom_args_with_operators to None, run_after=None
[2025-04-21T17:07:59.518+0000] {processor.py:208} INFO - Processing /home/airflow/.local/lib/python3.12/site-packages/airflow/example_dags/example_xcomargs.py took 0.030 seconds
[2025-04-21T17:08:30.744+0000] {processor.py:186} INFO - Started process (PID=391) to work on /home/airflow/.local/lib/python3.12/site-packages/airflow/example_dags/example_xcomargs.py
[2025-04-21T17:08:30.744+0000] {processor.py:914} INFO - Processing file /home/airflow/.local/lib/python3.12/site-packages/airflow/example_dags/example_xcomargs.py for tasks to queue
[2025-04-21T17:08:30.745+0000] {logging_mixin.py:190} INFO - [2025-04-21T17:08:30.745+0000] {dagbag.py:588} INFO - Filling up the DagBag from /home/airflow/.local/lib/python3.12/site-packages/airflow/example_dags/example_xcomargs.py
[2025-04-21T17:08:30.751+0000] {processor.py:925} INFO - DAG(s) 'example_xcom_args_with_operators', 'example_xcom_args' retrieved from /home/airflow/.local/lib/python3.12/site-packages/airflow/example_dags/example_xcomargs.py
[2025-04-21T17:08:30.760+0000] {logging_mixin.py:190} INFO - [2025-04-21T17:08:30.760+0000] {dag.py:3239} INFO - Sync 2 DAGs
[2025-04-21T17:08:30.766+0000] {logging_mixin.py:190} INFO - [2025-04-21T17:08:30.766+0000] {dag.py:4180} INFO - Setting next_dagrun for example_xcom_args to None, run_after=None
[2025-04-21T17:08:30.771+0000] {logging_mixin.py:190} INFO - [2025-04-21T17:08:30.771+0000] {dag.py:4180} INFO - Setting next_dagrun for example_xcom_args_with_operators to None, run_after=None
[2025-04-21T17:08:30.778+0000] {processor.py:208} INFO - Processing /home/airflow/.local/lib/python3.12/site-packages/airflow/example_dags/example_xcomargs.py took 0.036 seconds
[2025-04-21T17:09:01.834+0000] {processor.py:186} INFO - Started process (PID=454) to work on /home/airflow/.local/lib/python3.12/site-packages/airflow/example_dags/example_xcomargs.py
[2025-04-21T17:09:01.835+0000] {processor.py:914} INFO - Processing file /home/airflow/.local/lib/python3.12/site-packages/airflow/example_dags/example_xcomargs.py for tasks to queue
[2025-04-21T17:09:01.836+0000] {logging_mixin.py:190} INFO - [2025-04-21T17:09:01.836+0000] {dagbag.py:588} INFO - Filling up the DagBag from /home/airflow/.local/lib/python3.12/site-packages/airflow/example_dags/example_xcomargs.py
[2025-04-21T17:09:01.840+0000] {processor.py:925} INFO - DAG(s) 'example_xcom_args', 'example_xcom_args_with_operators' retrieved from /home/airflow/.local/lib/python3.12/site-packages/airflow/example_dags/example_xcomargs.py
[2025-04-21T17:09:01.849+0000] {logging_mixin.py:190} INFO - [2025-04-21T17:09:01.848+0000] {dag.py:3239} INFO - Sync 2 DAGs
[2025-04-21T17:09:01.853+0000] {logging_mixin.py:190} INFO - [2025-04-21T17:09:01.853+0000] {dag.py:4180} INFO - Setting next_dagrun for example_xcom_args to None, run_after=None
[2025-04-21T17:09:01.855+0000] {logging_mixin.py:190} INFO - [2025-04-21T17:09:01.854+0000] {dag.py:4180} INFO - Setting next_dagrun for example_xcom_args_with_operators to None, run_after=None
[2025-04-21T17:09:01.860+0000] {processor.py:208} INFO - Processing /home/airflow/.local/lib/python3.12/site-packages/airflow/example_dags/example_xcomargs.py took 0.028 seconds
[2025-04-21T17:09:32.910+0000] {processor.py:186} INFO - Started process (PID=517) to work on /home/airflow/.local/lib/python3.12/site-packages/airflow/example_dags/example_xcomargs.py
[2025-04-21T17:09:32.913+0000] {processor.py:914} INFO - Processing file /home/airflow/.local/lib/python3.12/site-packages/airflow/example_dags/example_xcomargs.py for tasks to queue
[2025-04-21T17:09:32.915+0000] {logging_mixin.py:190} INFO - [2025-04-21T17:09:32.915+0000] {dagbag.py:588} INFO - Filling up the DagBag from /home/airflow/.local/lib/python3.12/site-packages/airflow/example_dags/example_xcomargs.py
[2025-04-21T17:09:32.919+0000] {processor.py:925} INFO - DAG(s) 'example_xcom_args', 'example_xcom_args_with_operators' retrieved from /home/airflow/.local/lib/python3.12/site-packages/airflow/example_dags/example_xcomargs.py
[2025-04-21T17:09:32.928+0000] {logging_mixin.py:190} INFO - [2025-04-21T17:09:32.928+0000] {dag.py:3239} INFO - Sync 2 DAGs
[2025-04-21T17:09:32.933+0000] {logging_mixin.py:190} INFO - [2025-04-21T17:09:32.933+0000] {dag.py:4180} INFO - Setting next_dagrun for example_xcom_args to None, run_after=None
[2025-04-21T17:09:32.936+0000] {logging_mixin.py:190} INFO - [2025-04-21T17:09:32.936+0000] {dag.py:4180} INFO - Setting next_dagrun for example_xcom_args_with_operators to None, run_after=None
[2025-04-21T17:09:32.942+0000] {processor.py:208} INFO - Processing /home/airflow/.local/lib/python3.12/site-packages/airflow/example_dags/example_xcomargs.py took 0.034 seconds
[2025-04-21T17:10:04.004+0000] {processor.py:186} INFO - Started process (PID=580) to work on /home/airflow/.local/lib/python3.12/site-packages/airflow/example_dags/example_xcomargs.py
[2025-04-21T17:10:04.005+0000] {processor.py:914} INFO - Processing file /home/airflow/.local/lib/python3.12/site-packages/airflow/example_dags/example_xcomargs.py for tasks to queue
[2025-04-21T17:10:04.006+0000] {logging_mixin.py:190} INFO - [2025-04-21T17:10:04.006+0000] {dagbag.py:588} INFO - Filling up the DagBag from /home/airflow/.local/lib/python3.12/site-packages/airflow/example_dags/example_xcomargs.py
[2025-04-21T17:10:04.012+0000] {processor.py:925} INFO - DAG(s) 'example_xcom_args_with_operators', 'example_xcom_args' retrieved from /home/airflow/.local/lib/python3.12/site-packages/airflow/example_dags/example_xcomargs.py
[2025-04-21T17:10:04.021+0000] {logging_mixin.py:190} INFO - [2025-04-21T17:10:04.021+0000] {dag.py:3239} INFO - Sync 2 DAGs
[2025-04-21T17:10:04.026+0000] {logging_mixin.py:190} INFO - [2025-04-21T17:10:04.026+0000] {dag.py:4180} INFO - Setting next_dagrun for example_xcom_args to None, run_after=None
[2025-04-21T17:10:04.027+0000] {logging_mixin.py:190} INFO - [2025-04-21T17:10:04.027+0000] {dag.py:4180} INFO - Setting next_dagrun for example_xcom_args_with_operators to None, run_after=None
[2025-04-21T17:10:04.033+0000] {processor.py:208} INFO - Processing /home/airflow/.local/lib/python3.12/site-packages/airflow/example_dags/example_xcomargs.py took 0.031 seconds
[2025-04-21T17:10:35.205+0000] {processor.py:186} INFO - Started process (PID=643) to work on /home/airflow/.local/lib/python3.12/site-packages/airflow/example_dags/example_xcomargs.py
[2025-04-21T17:10:35.206+0000] {processor.py:914} INFO - Processing file /home/airflow/.local/lib/python3.12/site-packages/airflow/example_dags/example_xcomargs.py for tasks to queue
[2025-04-21T17:10:35.208+0000] {logging_mixin.py:190} INFO - [2025-04-21T17:10:35.208+0000] {dagbag.py:588} INFO - Filling up the DagBag from /home/airflow/.local/lib/python3.12/site-packages/airflow/example_dags/example_xcomargs.py
[2025-04-21T17:10:35.212+0000] {processor.py:925} INFO - DAG(s) 'example_xcom_args_with_operators', 'example_xcom_args' retrieved from /home/airflow/.local/lib/python3.12/site-packages/airflow/example_dags/example_xcomargs.py
[2025-04-21T17:10:35.221+0000] {logging_mixin.py:190} INFO - [2025-04-21T17:10:35.221+0000] {dag.py:3239} INFO - Sync 2 DAGs
[2025-04-21T17:10:35.227+0000] {logging_mixin.py:190} INFO - [2025-04-21T17:10:35.227+0000] {dag.py:4180} INFO - Setting next_dagrun for example_xcom_args to None, run_after=None
[2025-04-21T17:10:35.229+0000] {logging_mixin.py:190} INFO - [2025-04-21T17:10:35.229+0000] {dag.py:4180} INFO - Setting next_dagrun for example_xcom_args_with_operators to None, run_after=None
[2025-04-21T17:10:35.234+0000] {processor.py:208} INFO - Processing /home/airflow/.local/lib/python3.12/site-packages/airflow/example_dags/example_xcomargs.py took 0.031 seconds
[2025-04-21T17:11:06.336+0000] {processor.py:186} INFO - Started process (PID=707) to work on /home/airflow/.local/lib/python3.12/site-packages/airflow/example_dags/example_xcomargs.py
[2025-04-21T17:11:06.337+0000] {processor.py:914} INFO - Processing file /home/airflow/.local/lib/python3.12/site-packages/airflow/example_dags/example_xcomargs.py for tasks to queue
[2025-04-21T17:11:06.339+0000] {logging_mixin.py:190} INFO - [2025-04-21T17:11:06.338+0000] {dagbag.py:588} INFO - Filling up the DagBag from /home/airflow/.local/lib/python3.12/site-packages/airflow/example_dags/example_xcomargs.py
[2025-04-21T17:11:06.343+0000] {processor.py:925} INFO - DAG(s) 'example_xcom_args', 'example_xcom_args_with_operators' retrieved from /home/airflow/.local/lib/python3.12/site-packages/airflow/example_dags/example_xcomargs.py
[2025-04-21T17:11:06.356+0000] {logging_mixin.py:190} INFO - [2025-04-21T17:11:06.355+0000] {dag.py:3239} INFO - Sync 2 DAGs
[2025-04-21T17:11:06.362+0000] {logging_mixin.py:190} INFO - [2025-04-21T17:11:06.362+0000] {dag.py:4180} INFO - Setting next_dagrun for example_xcom_args to None, run_after=None
[2025-04-21T17:11:06.363+0000] {logging_mixin.py:190} INFO - [2025-04-21T17:11:06.363+0000] {dag.py:4180} INFO - Setting next_dagrun for example_xcom_args_with_operators to None, run_after=None
[2025-04-21T17:11:06.369+0000] {processor.py:208} INFO - Processing /home/airflow/.local/lib/python3.12/site-packages/airflow/example_dags/example_xcomargs.py took 0.035 seconds
[2025-04-21T17:11:37.664+0000] {processor.py:186} INFO - Started process (PID=771) to work on /home/airflow/.local/lib/python3.12/site-packages/airflow/example_dags/example_xcomargs.py
[2025-04-21T17:11:37.665+0000] {processor.py:914} INFO - Processing file /home/airflow/.local/lib/python3.12/site-packages/airflow/example_dags/example_xcomargs.py for tasks to queue
[2025-04-21T17:11:37.667+0000] {logging_mixin.py:190} INFO - [2025-04-21T17:11:37.666+0000] {dagbag.py:588} INFO - Filling up the DagBag from /home/airflow/.local/lib/python3.12/site-packages/airflow/example_dags/example_xcomargs.py
[2025-04-21T17:11:37.671+0000] {processor.py:925} INFO - DAG(s) 'example_xcom_args_with_operators', 'example_xcom_args' retrieved from /home/airflow/.local/lib/python3.12/site-packages/airflow/example_dags/example_xcomargs.py
[2025-04-21T17:11:37.679+0000] {logging_mixin.py:190} INFO - [2025-04-21T17:11:37.679+0000] {dag.py:3239} INFO - Sync 2 DAGs
[2025-04-21T17:11:37.685+0000] {logging_mixin.py:190} INFO - [2025-04-21T17:11:37.685+0000] {dag.py:4180} INFO - Setting next_dagrun for example_xcom_args to None, run_after=None
[2025-04-21T17:11:37.686+0000] {logging_mixin.py:190} INFO - [2025-04-21T17:11:37.686+0000] {dag.py:4180} INFO - Setting next_dagrun for example_xcom_args_with_operators to None, run_after=None
[2025-04-21T17:11:37.693+0000] {processor.py:208} INFO - Processing /home/airflow/.local/lib/python3.12/site-packages/airflow/example_dags/example_xcomargs.py took 0.030 seconds
