[2025-04-21T17:02:00.673+0000] {processor.py:186} INFO - Started process (PID=74) to work on /home/airflow/.local/lib/python3.12/site-packages/airflow/example_dags/example_latest_only_with_trigger.py
[2025-04-21T17:02:00.674+0000] {processor.py:914} INFO - Processing file /home/airflow/.local/lib/python3.12/site-packages/airflow/example_dags/example_latest_only_with_trigger.py for tasks to queue
[2025-04-21T17:02:00.675+0000] {logging_mixin.py:190} INFO - [2025-04-21T17:02:00.675+0000] {dagbag.py:588} INFO - Filling up the DagBag from /home/airflow/.local/lib/python3.12/site-packages/airflow/example_dags/example_latest_only_with_trigger.py
[2025-04-21T17:02:00.681+0000] {processor.py:925} INFO - DAG(s) 'latest_only_with_trigger' retrieved from /home/airflow/.local/lib/python3.12/site-packages/airflow/example_dags/example_latest_only_with_trigger.py
[2025-04-21T17:02:00.731+0000] {logging_mixin.py:190} INFO - [2025-04-21T17:02:00.731+0000] {override.py:1912} INFO - Created Permission View: can read on DAG:latest_only_with_trigger
[2025-04-21T17:02:00.736+0000] {logging_mixin.py:190} INFO - [2025-04-21T17:02:00.736+0000] {override.py:1912} INFO - Created Permission View: can edit on DAG:latest_only_with_trigger
[2025-04-21T17:02:00.740+0000] {logging_mixin.py:190} INFO - [2025-04-21T17:02:00.740+0000] {override.py:1912} INFO - Created Permission View: can delete on DAG:latest_only_with_trigger
[2025-04-21T17:02:00.745+0000] {logging_mixin.py:190} INFO - [2025-04-21T17:02:00.744+0000] {override.py:1912} INFO - Created Permission View: can read on DAG Run:latest_only_with_trigger
[2025-04-21T17:02:00.747+0000] {logging_mixin.py:190} INFO - [2025-04-21T17:02:00.747+0000] {override.py:1912} INFO - Created Permission View: can delete on DAG Run:latest_only_with_trigger
[2025-04-21T17:02:00.749+0000] {logging_mixin.py:190} INFO - [2025-04-21T17:02:00.749+0000] {override.py:1912} INFO - Created Permission View: menu access on DAG Run:latest_only_with_trigger
[2025-04-21T17:02:00.751+0000] {logging_mixin.py:190} INFO - [2025-04-21T17:02:00.751+0000] {override.py:1912} INFO - Created Permission View: can create on DAG Run:latest_only_with_trigger
[2025-04-21T17:02:00.751+0000] {logging_mixin.py:190} INFO - [2025-04-21T17:02:00.751+0000] {dag.py:3239} INFO - Sync 1 DAGs
[2025-04-21T17:02:00.757+0000] {logging_mixin.py:190} INFO - [2025-04-21T17:02:00.757+0000] {dag.py:3262} INFO - Creating ORM DAG for latest_only_with_trigger
[2025-04-21T17:02:00.765+0000] {logging_mixin.py:190} INFO - [2025-04-21T17:02:00.765+0000] {dag.py:4180} INFO - Setting next_dagrun for latest_only_with_trigger to 2025-04-21 12:00:00+00:00, run_after=2025-04-21 16:00:00+00:00
[2025-04-21T17:02:00.779+0000] {processor.py:208} INFO - Processing /home/airflow/.local/lib/python3.12/site-packages/airflow/example_dags/example_latest_only_with_trigger.py took 0.108 seconds
[2025-04-21T17:02:30.932+0000] {processor.py:186} INFO - Started process (PID=137) to work on /home/airflow/.local/lib/python3.12/site-packages/airflow/example_dags/example_latest_only_with_trigger.py
[2025-04-21T17:02:30.933+0000] {processor.py:914} INFO - Processing file /home/airflow/.local/lib/python3.12/site-packages/airflow/example_dags/example_latest_only_with_trigger.py for tasks to queue
[2025-04-21T17:02:30.934+0000] {logging_mixin.py:190} INFO - [2025-04-21T17:02:30.934+0000] {dagbag.py:588} INFO - Filling up the DagBag from /home/airflow/.local/lib/python3.12/site-packages/airflow/example_dags/example_latest_only_with_trigger.py
[2025-04-21T17:02:30.940+0000] {processor.py:925} INFO - DAG(s) 'latest_only_with_trigger' retrieved from /home/airflow/.local/lib/python3.12/site-packages/airflow/example_dags/example_latest_only_with_trigger.py
[2025-04-21T17:02:30.947+0000] {logging_mixin.py:190} INFO - [2025-04-21T17:02:30.947+0000] {dag.py:3239} INFO - Sync 1 DAGs
[2025-04-21T17:02:30.956+0000] {logging_mixin.py:190} INFO - [2025-04-21T17:02:30.956+0000] {dag.py:4180} INFO - Setting next_dagrun for latest_only_with_trigger to 2025-04-21 12:00:00+00:00, run_after=2025-04-21 16:00:00+00:00
[2025-04-21T17:02:30.964+0000] {processor.py:208} INFO - Processing /home/airflow/.local/lib/python3.12/site-packages/airflow/example_dags/example_latest_only_with_trigger.py took 0.034 seconds
[2025-04-21T17:03:01.510+0000] {processor.py:186} INFO - Started process (PID=200) to work on /home/airflow/.local/lib/python3.12/site-packages/airflow/example_dags/example_latest_only_with_trigger.py
[2025-04-21T17:03:01.510+0000] {processor.py:914} INFO - Processing file /home/airflow/.local/lib/python3.12/site-packages/airflow/example_dags/example_latest_only_with_trigger.py for tasks to queue
[2025-04-21T17:03:01.511+0000] {logging_mixin.py:190} INFO - [2025-04-21T17:03:01.511+0000] {dagbag.py:588} INFO - Filling up the DagBag from /home/airflow/.local/lib/python3.12/site-packages/airflow/example_dags/example_latest_only_with_trigger.py
[2025-04-21T17:03:01.514+0000] {processor.py:925} INFO - DAG(s) 'latest_only_with_trigger' retrieved from /home/airflow/.local/lib/python3.12/site-packages/airflow/example_dags/example_latest_only_with_trigger.py
[2025-04-21T17:03:01.522+0000] {logging_mixin.py:190} INFO - [2025-04-21T17:03:01.522+0000] {dag.py:3239} INFO - Sync 1 DAGs
[2025-04-21T17:03:01.530+0000] {logging_mixin.py:190} INFO - [2025-04-21T17:03:01.530+0000] {dag.py:4180} INFO - Setting next_dagrun for latest_only_with_trigger to 2025-04-21 12:00:00+00:00, run_after=2025-04-21 16:00:00+00:00
[2025-04-21T17:03:01.542+0000] {processor.py:208} INFO - Processing /home/airflow/.local/lib/python3.12/site-packages/airflow/example_dags/example_latest_only_with_trigger.py took 0.035 seconds
[2025-04-21T17:03:32.621+0000] {processor.py:186} INFO - Started process (PID=262) to work on /home/airflow/.local/lib/python3.12/site-packages/airflow/example_dags/example_latest_only_with_trigger.py
[2025-04-21T17:03:32.621+0000] {processor.py:914} INFO - Processing file /home/airflow/.local/lib/python3.12/site-packages/airflow/example_dags/example_latest_only_with_trigger.py for tasks to queue
[2025-04-21T17:03:32.622+0000] {logging_mixin.py:190} INFO - [2025-04-21T17:03:32.622+0000] {dagbag.py:588} INFO - Filling up the DagBag from /home/airflow/.local/lib/python3.12/site-packages/airflow/example_dags/example_latest_only_with_trigger.py
[2025-04-21T17:03:32.626+0000] {processor.py:925} INFO - DAG(s) 'latest_only_with_trigger' retrieved from /home/airflow/.local/lib/python3.12/site-packages/airflow/example_dags/example_latest_only_with_trigger.py
[2025-04-21T17:03:32.634+0000] {logging_mixin.py:190} INFO - [2025-04-21T17:03:32.634+0000] {dag.py:3239} INFO - Sync 1 DAGs
[2025-04-21T17:03:32.642+0000] {logging_mixin.py:190} INFO - [2025-04-21T17:03:32.642+0000] {dag.py:4180} INFO - Setting next_dagrun for latest_only_with_trigger to 2025-04-21 12:00:00+00:00, run_after=2025-04-21 16:00:00+00:00
[2025-04-21T17:03:32.650+0000] {processor.py:208} INFO - Processing /home/airflow/.local/lib/python3.12/site-packages/airflow/example_dags/example_latest_only_with_trigger.py took 0.031 seconds
[2025-04-21T17:04:03.814+0000] {processor.py:186} INFO - Started process (PID=325) to work on /home/airflow/.local/lib/python3.12/site-packages/airflow/example_dags/example_latest_only_with_trigger.py
[2025-04-21T17:04:03.814+0000] {processor.py:914} INFO - Processing file /home/airflow/.local/lib/python3.12/site-packages/airflow/example_dags/example_latest_only_with_trigger.py for tasks to queue
[2025-04-21T17:04:03.815+0000] {logging_mixin.py:190} INFO - [2025-04-21T17:04:03.815+0000] {dagbag.py:588} INFO - Filling up the DagBag from /home/airflow/.local/lib/python3.12/site-packages/airflow/example_dags/example_latest_only_with_trigger.py
[2025-04-21T17:04:03.818+0000] {processor.py:925} INFO - DAG(s) 'latest_only_with_trigger' retrieved from /home/airflow/.local/lib/python3.12/site-packages/airflow/example_dags/example_latest_only_with_trigger.py
[2025-04-21T17:04:03.825+0000] {logging_mixin.py:190} INFO - [2025-04-21T17:04:03.825+0000] {dag.py:3239} INFO - Sync 1 DAGs
[2025-04-21T17:04:03.832+0000] {logging_mixin.py:190} INFO - [2025-04-21T17:04:03.832+0000] {dag.py:4180} INFO - Setting next_dagrun for latest_only_with_trigger to 2025-04-21 12:00:00+00:00, run_after=2025-04-21 16:00:00+00:00
[2025-04-21T17:04:03.837+0000] {processor.py:208} INFO - Processing /home/airflow/.local/lib/python3.12/site-packages/airflow/example_dags/example_latest_only_with_trigger.py took 0.025 seconds
[2025-04-21T17:04:35.052+0000] {processor.py:186} INFO - Started process (PID=388) to work on /home/airflow/.local/lib/python3.12/site-packages/airflow/example_dags/example_latest_only_with_trigger.py
[2025-04-21T17:04:35.052+0000] {processor.py:914} INFO - Processing file /home/airflow/.local/lib/python3.12/site-packages/airflow/example_dags/example_latest_only_with_trigger.py for tasks to queue
[2025-04-21T17:04:35.053+0000] {logging_mixin.py:190} INFO - [2025-04-21T17:04:35.053+0000] {dagbag.py:588} INFO - Filling up the DagBag from /home/airflow/.local/lib/python3.12/site-packages/airflow/example_dags/example_latest_only_with_trigger.py
[2025-04-21T17:04:35.059+0000] {processor.py:925} INFO - DAG(s) 'latest_only_with_trigger' retrieved from /home/airflow/.local/lib/python3.12/site-packages/airflow/example_dags/example_latest_only_with_trigger.py
[2025-04-21T17:04:35.068+0000] {logging_mixin.py:190} INFO - [2025-04-21T17:04:35.068+0000] {dag.py:3239} INFO - Sync 1 DAGs
[2025-04-21T17:04:35.078+0000] {logging_mixin.py:190} INFO - [2025-04-21T17:04:35.078+0000] {dag.py:4180} INFO - Setting next_dagrun for latest_only_with_trigger to 2025-04-21 12:00:00+00:00, run_after=2025-04-21 16:00:00+00:00
[2025-04-21T17:04:35.086+0000] {processor.py:208} INFO - Processing /home/airflow/.local/lib/python3.12/site-packages/airflow/example_dags/example_latest_only_with_trigger.py took 0.036 seconds
[2025-04-21T17:05:06.273+0000] {processor.py:186} INFO - Started process (PID=451) to work on /home/airflow/.local/lib/python3.12/site-packages/airflow/example_dags/example_latest_only_with_trigger.py
[2025-04-21T17:05:06.273+0000] {processor.py:914} INFO - Processing file /home/airflow/.local/lib/python3.12/site-packages/airflow/example_dags/example_latest_only_with_trigger.py for tasks to queue
[2025-04-21T17:05:06.274+0000] {logging_mixin.py:190} INFO - [2025-04-21T17:05:06.274+0000] {dagbag.py:588} INFO - Filling up the DagBag from /home/airflow/.local/lib/python3.12/site-packages/airflow/example_dags/example_latest_only_with_trigger.py
[2025-04-21T17:05:06.277+0000] {processor.py:925} INFO - DAG(s) 'latest_only_with_trigger' retrieved from /home/airflow/.local/lib/python3.12/site-packages/airflow/example_dags/example_latest_only_with_trigger.py
[2025-04-21T17:05:06.285+0000] {logging_mixin.py:190} INFO - [2025-04-21T17:05:06.285+0000] {dag.py:3239} INFO - Sync 1 DAGs
[2025-04-21T17:05:06.295+0000] {logging_mixin.py:190} INFO - [2025-04-21T17:05:06.295+0000] {dag.py:4180} INFO - Setting next_dagrun for latest_only_with_trigger to 2025-04-21 12:00:00+00:00, run_after=2025-04-21 16:00:00+00:00
[2025-04-21T17:05:06.304+0000] {processor.py:208} INFO - Processing /home/airflow/.local/lib/python3.12/site-packages/airflow/example_dags/example_latest_only_with_trigger.py took 0.033 seconds
[2025-04-21T17:05:55.922+0000] {processor.py:186} INFO - Started process (PID=74) to work on /home/airflow/.local/lib/python3.12/site-packages/airflow/example_dags/example_latest_only_with_trigger.py
[2025-04-21T17:05:55.922+0000] {processor.py:914} INFO - Processing file /home/airflow/.local/lib/python3.12/site-packages/airflow/example_dags/example_latest_only_with_trigger.py for tasks to queue
[2025-04-21T17:05:55.924+0000] {logging_mixin.py:190} INFO - [2025-04-21T17:05:55.924+0000] {dagbag.py:588} INFO - Filling up the DagBag from /home/airflow/.local/lib/python3.12/site-packages/airflow/example_dags/example_latest_only_with_trigger.py
[2025-04-21T17:05:55.931+0000] {processor.py:925} INFO - DAG(s) 'latest_only_with_trigger' retrieved from /home/airflow/.local/lib/python3.12/site-packages/airflow/example_dags/example_latest_only_with_trigger.py
[2025-04-21T17:05:55.942+0000] {logging_mixin.py:190} INFO - [2025-04-21T17:05:55.941+0000] {dag.py:3239} INFO - Sync 1 DAGs
[2025-04-21T17:05:55.951+0000] {logging_mixin.py:190} INFO - [2025-04-21T17:05:55.951+0000] {dag.py:4180} INFO - Setting next_dagrun for latest_only_with_trigger to 2025-04-21 12:00:00+00:00, run_after=2025-04-21 16:00:00+00:00
[2025-04-21T17:05:55.958+0000] {processor.py:208} INFO - Processing /home/airflow/.local/lib/python3.12/site-packages/airflow/example_dags/example_latest_only_with_trigger.py took 0.039 seconds
[2025-04-21T17:06:26.185+0000] {processor.py:186} INFO - Started process (PID=137) to work on /home/airflow/.local/lib/python3.12/site-packages/airflow/example_dags/example_latest_only_with_trigger.py
[2025-04-21T17:06:26.185+0000] {processor.py:914} INFO - Processing file /home/airflow/.local/lib/python3.12/site-packages/airflow/example_dags/example_latest_only_with_trigger.py for tasks to queue
[2025-04-21T17:06:26.186+0000] {logging_mixin.py:190} INFO - [2025-04-21T17:06:26.186+0000] {dagbag.py:588} INFO - Filling up the DagBag from /home/airflow/.local/lib/python3.12/site-packages/airflow/example_dags/example_latest_only_with_trigger.py
[2025-04-21T17:06:26.189+0000] {processor.py:925} INFO - DAG(s) 'latest_only_with_trigger' retrieved from /home/airflow/.local/lib/python3.12/site-packages/airflow/example_dags/example_latest_only_with_trigger.py
[2025-04-21T17:06:26.197+0000] {logging_mixin.py:190} INFO - [2025-04-21T17:06:26.197+0000] {dag.py:3239} INFO - Sync 1 DAGs
[2025-04-21T17:06:26.206+0000] {logging_mixin.py:190} INFO - [2025-04-21T17:06:26.205+0000] {dag.py:4180} INFO - Setting next_dagrun for latest_only_with_trigger to 2025-04-21 12:00:00+00:00, run_after=2025-04-21 16:00:00+00:00
[2025-04-21T17:06:26.211+0000] {processor.py:208} INFO - Processing /home/airflow/.local/lib/python3.12/site-packages/airflow/example_dags/example_latest_only_with_trigger.py took 0.029 seconds
[2025-04-21T17:06:57.289+0000] {processor.py:186} INFO - Started process (PID=200) to work on /home/airflow/.local/lib/python3.12/site-packages/airflow/example_dags/example_latest_only_with_trigger.py
[2025-04-21T17:06:57.292+0000] {processor.py:914} INFO - Processing file /home/airflow/.local/lib/python3.12/site-packages/airflow/example_dags/example_latest_only_with_trigger.py for tasks to queue
[2025-04-21T17:06:57.293+0000] {logging_mixin.py:190} INFO - [2025-04-21T17:06:57.292+0000] {dagbag.py:588} INFO - Filling up the DagBag from /home/airflow/.local/lib/python3.12/site-packages/airflow/example_dags/example_latest_only_with_trigger.py
[2025-04-21T17:06:57.296+0000] {processor.py:925} INFO - DAG(s) 'latest_only_with_trigger' retrieved from /home/airflow/.local/lib/python3.12/site-packages/airflow/example_dags/example_latest_only_with_trigger.py
[2025-04-21T17:06:57.304+0000] {logging_mixin.py:190} INFO - [2025-04-21T17:06:57.304+0000] {dag.py:3239} INFO - Sync 1 DAGs
[2025-04-21T17:06:57.313+0000] {logging_mixin.py:190} INFO - [2025-04-21T17:06:57.313+0000] {dag.py:4180} INFO - Setting next_dagrun for latest_only_with_trigger to 2025-04-21 12:00:00+00:00, run_after=2025-04-21 16:00:00+00:00
[2025-04-21T17:06:57.319+0000] {processor.py:208} INFO - Processing /home/airflow/.local/lib/python3.12/site-packages/airflow/example_dags/example_latest_only_with_trigger.py took 0.033 seconds
[2025-04-21T17:07:28.403+0000] {processor.py:186} INFO - Started process (PID=263) to work on /home/airflow/.local/lib/python3.12/site-packages/airflow/example_dags/example_latest_only_with_trigger.py
[2025-04-21T17:07:28.406+0000] {processor.py:914} INFO - Processing file /home/airflow/.local/lib/python3.12/site-packages/airflow/example_dags/example_latest_only_with_trigger.py for tasks to queue
[2025-04-21T17:07:28.407+0000] {logging_mixin.py:190} INFO - [2025-04-21T17:07:28.407+0000] {dagbag.py:588} INFO - Filling up the DagBag from /home/airflow/.local/lib/python3.12/site-packages/airflow/example_dags/example_latest_only_with_trigger.py
[2025-04-21T17:07:28.410+0000] {processor.py:925} INFO - DAG(s) 'latest_only_with_trigger' retrieved from /home/airflow/.local/lib/python3.12/site-packages/airflow/example_dags/example_latest_only_with_trigger.py
[2025-04-21T17:07:28.418+0000] {logging_mixin.py:190} INFO - [2025-04-21T17:07:28.418+0000] {dag.py:3239} INFO - Sync 1 DAGs
[2025-04-21T17:07:28.426+0000] {logging_mixin.py:190} INFO - [2025-04-21T17:07:28.426+0000] {dag.py:4180} INFO - Setting next_dagrun for latest_only_with_trigger to 2025-04-21 12:00:00+00:00, run_after=2025-04-21 16:00:00+00:00
[2025-04-21T17:07:28.434+0000] {processor.py:208} INFO - Processing /home/airflow/.local/lib/python3.12/site-packages/airflow/example_dags/example_latest_only_with_trigger.py took 0.033 seconds
[2025-04-21T17:07:59.452+0000] {processor.py:186} INFO - Started process (PID=326) to work on /home/airflow/.local/lib/python3.12/site-packages/airflow/example_dags/example_latest_only_with_trigger.py
[2025-04-21T17:07:59.452+0000] {processor.py:914} INFO - Processing file /home/airflow/.local/lib/python3.12/site-packages/airflow/example_dags/example_latest_only_with_trigger.py for tasks to queue
[2025-04-21T17:07:59.453+0000] {logging_mixin.py:190} INFO - [2025-04-21T17:07:59.453+0000] {dagbag.py:588} INFO - Filling up the DagBag from /home/airflow/.local/lib/python3.12/site-packages/airflow/example_dags/example_latest_only_with_trigger.py
[2025-04-21T17:07:59.456+0000] {processor.py:925} INFO - DAG(s) 'latest_only_with_trigger' retrieved from /home/airflow/.local/lib/python3.12/site-packages/airflow/example_dags/example_latest_only_with_trigger.py
[2025-04-21T17:07:59.464+0000] {logging_mixin.py:190} INFO - [2025-04-21T17:07:59.464+0000] {dag.py:3239} INFO - Sync 1 DAGs
[2025-04-21T17:07:59.472+0000] {logging_mixin.py:190} INFO - [2025-04-21T17:07:59.472+0000] {dag.py:4180} INFO - Setting next_dagrun for latest_only_with_trigger to 2025-04-21 12:00:00+00:00, run_after=2025-04-21 16:00:00+00:00
[2025-04-21T17:07:59.478+0000] {processor.py:208} INFO - Processing /home/airflow/.local/lib/python3.12/site-packages/airflow/example_dags/example_latest_only_with_trigger.py took 0.028 seconds
[2025-04-21T17:08:30.692+0000] {processor.py:186} INFO - Started process (PID=389) to work on /home/airflow/.local/lib/python3.12/site-packages/airflow/example_dags/example_latest_only_with_trigger.py
[2025-04-21T17:08:30.695+0000] {processor.py:914} INFO - Processing file /home/airflow/.local/lib/python3.12/site-packages/airflow/example_dags/example_latest_only_with_trigger.py for tasks to queue
[2025-04-21T17:08:30.696+0000] {logging_mixin.py:190} INFO - [2025-04-21T17:08:30.695+0000] {dagbag.py:588} INFO - Filling up the DagBag from /home/airflow/.local/lib/python3.12/site-packages/airflow/example_dags/example_latest_only_with_trigger.py
[2025-04-21T17:08:30.702+0000] {processor.py:925} INFO - DAG(s) 'latest_only_with_trigger' retrieved from /home/airflow/.local/lib/python3.12/site-packages/airflow/example_dags/example_latest_only_with_trigger.py
[2025-04-21T17:08:30.712+0000] {logging_mixin.py:190} INFO - [2025-04-21T17:08:30.711+0000] {dag.py:3239} INFO - Sync 1 DAGs
[2025-04-21T17:08:30.722+0000] {logging_mixin.py:190} INFO - [2025-04-21T17:08:30.722+0000] {dag.py:4180} INFO - Setting next_dagrun for latest_only_with_trigger to 2025-04-21 12:00:00+00:00, run_after=2025-04-21 16:00:00+00:00
[2025-04-21T17:08:30.729+0000] {processor.py:208} INFO - Processing /home/airflow/.local/lib/python3.12/site-packages/airflow/example_dags/example_latest_only_with_trigger.py took 0.040 seconds
[2025-04-21T17:09:01.793+0000] {processor.py:186} INFO - Started process (PID=452) to work on /home/airflow/.local/lib/python3.12/site-packages/airflow/example_dags/example_latest_only_with_trigger.py
[2025-04-21T17:09:01.797+0000] {processor.py:914} INFO - Processing file /home/airflow/.local/lib/python3.12/site-packages/airflow/example_dags/example_latest_only_with_trigger.py for tasks to queue
[2025-04-21T17:09:01.797+0000] {logging_mixin.py:190} INFO - [2025-04-21T17:09:01.797+0000] {dagbag.py:588} INFO - Filling up the DagBag from /home/airflow/.local/lib/python3.12/site-packages/airflow/example_dags/example_latest_only_with_trigger.py
[2025-04-21T17:09:01.801+0000] {processor.py:925} INFO - DAG(s) 'latest_only_with_trigger' retrieved from /home/airflow/.local/lib/python3.12/site-packages/airflow/example_dags/example_latest_only_with_trigger.py
[2025-04-21T17:09:01.809+0000] {logging_mixin.py:190} INFO - [2025-04-21T17:09:01.809+0000] {dag.py:3239} INFO - Sync 1 DAGs
[2025-04-21T17:09:01.817+0000] {logging_mixin.py:190} INFO - [2025-04-21T17:09:01.817+0000] {dag.py:4180} INFO - Setting next_dagrun for latest_only_with_trigger to 2025-04-21 12:00:00+00:00, run_after=2025-04-21 16:00:00+00:00
[2025-04-21T17:09:01.823+0000] {processor.py:208} INFO - Processing /home/airflow/.local/lib/python3.12/site-packages/airflow/example_dags/example_latest_only_with_trigger.py took 0.032 seconds
[2025-04-21T17:09:32.868+0000] {processor.py:186} INFO - Started process (PID=515) to work on /home/airflow/.local/lib/python3.12/site-packages/airflow/example_dags/example_latest_only_with_trigger.py
[2025-04-21T17:09:32.869+0000] {processor.py:914} INFO - Processing file /home/airflow/.local/lib/python3.12/site-packages/airflow/example_dags/example_latest_only_with_trigger.py for tasks to queue
[2025-04-21T17:09:32.870+0000] {logging_mixin.py:190} INFO - [2025-04-21T17:09:32.870+0000] {dagbag.py:588} INFO - Filling up the DagBag from /home/airflow/.local/lib/python3.12/site-packages/airflow/example_dags/example_latest_only_with_trigger.py
[2025-04-21T17:09:32.876+0000] {processor.py:925} INFO - DAG(s) 'latest_only_with_trigger' retrieved from /home/airflow/.local/lib/python3.12/site-packages/airflow/example_dags/example_latest_only_with_trigger.py
[2025-04-21T17:09:32.885+0000] {logging_mixin.py:190} INFO - [2025-04-21T17:09:32.884+0000] {dag.py:3239} INFO - Sync 1 DAGs
[2025-04-21T17:09:32.893+0000] {logging_mixin.py:190} INFO - [2025-04-21T17:09:32.892+0000] {dag.py:4180} INFO - Setting next_dagrun for latest_only_with_trigger to 2025-04-21 12:00:00+00:00, run_after=2025-04-21 16:00:00+00:00
[2025-04-21T17:09:32.898+0000] {processor.py:208} INFO - Processing /home/airflow/.local/lib/python3.12/site-packages/airflow/example_dags/example_latest_only_with_trigger.py took 0.033 seconds
[2025-04-21T17:10:03.963+0000] {processor.py:186} INFO - Started process (PID=578) to work on /home/airflow/.local/lib/python3.12/site-packages/airflow/example_dags/example_latest_only_with_trigger.py
[2025-04-21T17:10:03.963+0000] {processor.py:914} INFO - Processing file /home/airflow/.local/lib/python3.12/site-packages/airflow/example_dags/example_latest_only_with_trigger.py for tasks to queue
[2025-04-21T17:10:03.964+0000] {logging_mixin.py:190} INFO - [2025-04-21T17:10:03.964+0000] {dagbag.py:588} INFO - Filling up the DagBag from /home/airflow/.local/lib/python3.12/site-packages/airflow/example_dags/example_latest_only_with_trigger.py
[2025-04-21T17:10:03.967+0000] {processor.py:925} INFO - DAG(s) 'latest_only_with_trigger' retrieved from /home/airflow/.local/lib/python3.12/site-packages/airflow/example_dags/example_latest_only_with_trigger.py
[2025-04-21T17:10:03.976+0000] {logging_mixin.py:190} INFO - [2025-04-21T17:10:03.976+0000] {dag.py:3239} INFO - Sync 1 DAGs
[2025-04-21T17:10:03.984+0000] {logging_mixin.py:190} INFO - [2025-04-21T17:10:03.983+0000] {dag.py:4180} INFO - Setting next_dagrun for latest_only_with_trigger to 2025-04-21 12:00:00+00:00, run_after=2025-04-21 16:00:00+00:00
[2025-04-21T17:10:03.990+0000] {processor.py:208} INFO - Processing /home/airflow/.local/lib/python3.12/site-packages/airflow/example_dags/example_latest_only_with_trigger.py took 0.030 seconds
[2025-04-21T17:10:35.165+0000] {processor.py:186} INFO - Started process (PID=641) to work on /home/airflow/.local/lib/python3.12/site-packages/airflow/example_dags/example_latest_only_with_trigger.py
[2025-04-21T17:10:35.165+0000] {processor.py:914} INFO - Processing file /home/airflow/.local/lib/python3.12/site-packages/airflow/example_dags/example_latest_only_with_trigger.py for tasks to queue
[2025-04-21T17:10:35.167+0000] {logging_mixin.py:190} INFO - [2025-04-21T17:10:35.167+0000] {dagbag.py:588} INFO - Filling up the DagBag from /home/airflow/.local/lib/python3.12/site-packages/airflow/example_dags/example_latest_only_with_trigger.py
[2025-04-21T17:10:35.170+0000] {processor.py:925} INFO - DAG(s) 'latest_only_with_trigger' retrieved from /home/airflow/.local/lib/python3.12/site-packages/airflow/example_dags/example_latest_only_with_trigger.py
[2025-04-21T17:10:35.179+0000] {logging_mixin.py:190} INFO - [2025-04-21T17:10:35.179+0000] {dag.py:3239} INFO - Sync 1 DAGs
[2025-04-21T17:10:35.187+0000] {logging_mixin.py:190} INFO - [2025-04-21T17:10:35.187+0000] {dag.py:4180} INFO - Setting next_dagrun for latest_only_with_trigger to 2025-04-21 12:00:00+00:00, run_after=2025-04-21 16:00:00+00:00
[2025-04-21T17:10:35.192+0000] {processor.py:208} INFO - Processing /home/airflow/.local/lib/python3.12/site-packages/airflow/example_dags/example_latest_only_with_trigger.py took 0.030 seconds
[2025-04-21T17:11:06.296+0000] {processor.py:186} INFO - Started process (PID=705) to work on /home/airflow/.local/lib/python3.12/site-packages/airflow/example_dags/example_latest_only_with_trigger.py
[2025-04-21T17:11:06.296+0000] {processor.py:914} INFO - Processing file /home/airflow/.local/lib/python3.12/site-packages/airflow/example_dags/example_latest_only_with_trigger.py for tasks to queue
[2025-04-21T17:11:06.297+0000] {logging_mixin.py:190} INFO - [2025-04-21T17:11:06.297+0000] {dagbag.py:588} INFO - Filling up the DagBag from /home/airflow/.local/lib/python3.12/site-packages/airflow/example_dags/example_latest_only_with_trigger.py
[2025-04-21T17:11:06.301+0000] {processor.py:925} INFO - DAG(s) 'latest_only_with_trigger' retrieved from /home/airflow/.local/lib/python3.12/site-packages/airflow/example_dags/example_latest_only_with_trigger.py
[2025-04-21T17:11:06.308+0000] {logging_mixin.py:190} INFO - [2025-04-21T17:11:06.308+0000] {dag.py:3239} INFO - Sync 1 DAGs
[2025-04-21T17:11:06.316+0000] {logging_mixin.py:190} INFO - [2025-04-21T17:11:06.316+0000] {dag.py:4180} INFO - Setting next_dagrun for latest_only_with_trigger to 2025-04-21 12:00:00+00:00, run_after=2025-04-21 16:00:00+00:00
[2025-04-21T17:11:06.323+0000] {processor.py:208} INFO - Processing /home/airflow/.local/lib/python3.12/site-packages/airflow/example_dags/example_latest_only_with_trigger.py took 0.029 seconds
[2025-04-21T17:11:37.621+0000] {processor.py:186} INFO - Started process (PID=769) to work on /home/airflow/.local/lib/python3.12/site-packages/airflow/example_dags/example_latest_only_with_trigger.py
[2025-04-21T17:11:37.622+0000] {processor.py:914} INFO - Processing file /home/airflow/.local/lib/python3.12/site-packages/airflow/example_dags/example_latest_only_with_trigger.py for tasks to queue
[2025-04-21T17:11:37.623+0000] {logging_mixin.py:190} INFO - [2025-04-21T17:11:37.623+0000] {dagbag.py:588} INFO - Filling up the DagBag from /home/airflow/.local/lib/python3.12/site-packages/airflow/example_dags/example_latest_only_with_trigger.py
[2025-04-21T17:11:37.627+0000] {processor.py:925} INFO - DAG(s) 'latest_only_with_trigger' retrieved from /home/airflow/.local/lib/python3.12/site-packages/airflow/example_dags/example_latest_only_with_trigger.py
[2025-04-21T17:11:37.636+0000] {logging_mixin.py:190} INFO - [2025-04-21T17:11:37.636+0000] {dag.py:3239} INFO - Sync 1 DAGs
[2025-04-21T17:11:37.644+0000] {logging_mixin.py:190} INFO - [2025-04-21T17:11:37.644+0000] {dag.py:4180} INFO - Setting next_dagrun for latest_only_with_trigger to 2025-04-21 12:00:00+00:00, run_after=2025-04-21 16:00:00+00:00
[2025-04-21T17:11:37.652+0000] {processor.py:208} INFO - Processing /home/airflow/.local/lib/python3.12/site-packages/airflow/example_dags/example_latest_only_with_trigger.py took 0.033 seconds
[2025-04-21T17:12:09.094+0000] {processor.py:186} INFO - Started process (PID=833) to work on /home/airflow/.local/lib/python3.12/site-packages/airflow/example_dags/example_latest_only_with_trigger.py
[2025-04-21T17:12:09.095+0000] {processor.py:914} INFO - Processing file /home/airflow/.local/lib/python3.12/site-packages/airflow/example_dags/example_latest_only_with_trigger.py for tasks to queue
[2025-04-21T17:12:09.096+0000] {logging_mixin.py:190} INFO - [2025-04-21T17:12:09.096+0000] {dagbag.py:588} INFO - Filling up the DagBag from /home/airflow/.local/lib/python3.12/site-packages/airflow/example_dags/example_latest_only_with_trigger.py
[2025-04-21T17:12:09.100+0000] {processor.py:925} INFO - DAG(s) 'latest_only_with_trigger' retrieved from /home/airflow/.local/lib/python3.12/site-packages/airflow/example_dags/example_latest_only_with_trigger.py
[2025-04-21T17:12:09.108+0000] {logging_mixin.py:190} INFO - [2025-04-21T17:12:09.108+0000] {dag.py:3239} INFO - Sync 1 DAGs
[2025-04-21T17:12:09.119+0000] {logging_mixin.py:190} INFO - [2025-04-21T17:12:09.119+0000] {dag.py:4180} INFO - Setting next_dagrun for latest_only_with_trigger to 2025-04-21 12:00:00+00:00, run_after=2025-04-21 16:00:00+00:00
[2025-04-21T17:12:09.128+0000] {processor.py:208} INFO - Processing /home/airflow/.local/lib/python3.12/site-packages/airflow/example_dags/example_latest_only_with_trigger.py took 0.036 seconds
[2025-04-21T17:12:39.943+0000] {processor.py:186} INFO - Started process (PID=897) to work on /home/airflow/.local/lib/python3.12/site-packages/airflow/example_dags/example_latest_only_with_trigger.py
[2025-04-21T17:12:39.944+0000] {processor.py:914} INFO - Processing file /home/airflow/.local/lib/python3.12/site-packages/airflow/example_dags/example_latest_only_with_trigger.py for tasks to queue
[2025-04-21T17:12:39.945+0000] {logging_mixin.py:190} INFO - [2025-04-21T17:12:39.945+0000] {dagbag.py:588} INFO - Filling up the DagBag from /home/airflow/.local/lib/python3.12/site-packages/airflow/example_dags/example_latest_only_with_trigger.py
[2025-04-21T17:12:39.948+0000] {processor.py:925} INFO - DAG(s) 'latest_only_with_trigger' retrieved from /home/airflow/.local/lib/python3.12/site-packages/airflow/example_dags/example_latest_only_with_trigger.py
[2025-04-21T17:12:39.986+0000] {logging_mixin.py:190} INFO - [2025-04-21T17:12:39.986+0000] {dag.py:3239} INFO - Sync 1 DAGs
[2025-04-21T17:12:39.995+0000] {logging_mixin.py:190} INFO - [2025-04-21T17:12:39.995+0000] {dag.py:4180} INFO - Setting next_dagrun for latest_only_with_trigger to 2025-04-21 12:00:00+00:00, run_after=2025-04-21 16:00:00+00:00
[2025-04-21T17:12:40.004+0000] {processor.py:208} INFO - Processing /home/airflow/.local/lib/python3.12/site-packages/airflow/example_dags/example_latest_only_with_trigger.py took 0.063 seconds
[2025-04-21T17:13:10.390+0000] {processor.py:186} INFO - Started process (PID=961) to work on /home/airflow/.local/lib/python3.12/site-packages/airflow/example_dags/example_latest_only_with_trigger.py
[2025-04-21T17:13:10.391+0000] {processor.py:914} INFO - Processing file /home/airflow/.local/lib/python3.12/site-packages/airflow/example_dags/example_latest_only_with_trigger.py for tasks to queue
[2025-04-21T17:13:10.392+0000] {logging_mixin.py:190} INFO - [2025-04-21T17:13:10.392+0000] {dagbag.py:588} INFO - Filling up the DagBag from /home/airflow/.local/lib/python3.12/site-packages/airflow/example_dags/example_latest_only_with_trigger.py
[2025-04-21T17:13:10.396+0000] {processor.py:925} INFO - DAG(s) 'latest_only_with_trigger' retrieved from /home/airflow/.local/lib/python3.12/site-packages/airflow/example_dags/example_latest_only_with_trigger.py
[2025-04-21T17:13:10.404+0000] {logging_mixin.py:190} INFO - [2025-04-21T17:13:10.404+0000] {dag.py:3239} INFO - Sync 1 DAGs
[2025-04-21T17:13:10.413+0000] {logging_mixin.py:190} INFO - [2025-04-21T17:13:10.413+0000] {dag.py:4180} INFO - Setting next_dagrun for latest_only_with_trigger to 2025-04-21 12:00:00+00:00, run_after=2025-04-21 16:00:00+00:00
[2025-04-21T17:13:10.423+0000] {processor.py:208} INFO - Processing /home/airflow/.local/lib/python3.12/site-packages/airflow/example_dags/example_latest_only_with_trigger.py took 0.036 seconds
[2025-04-21T17:13:40.744+0000] {processor.py:186} INFO - Started process (PID=1025) to work on /home/airflow/.local/lib/python3.12/site-packages/airflow/example_dags/example_latest_only_with_trigger.py
[2025-04-21T17:13:40.744+0000] {processor.py:914} INFO - Processing file /home/airflow/.local/lib/python3.12/site-packages/airflow/example_dags/example_latest_only_with_trigger.py for tasks to queue
[2025-04-21T17:13:40.745+0000] {logging_mixin.py:190} INFO - [2025-04-21T17:13:40.745+0000] {dagbag.py:588} INFO - Filling up the DagBag from /home/airflow/.local/lib/python3.12/site-packages/airflow/example_dags/example_latest_only_with_trigger.py
[2025-04-21T17:13:40.749+0000] {processor.py:925} INFO - DAG(s) 'latest_only_with_trigger' retrieved from /home/airflow/.local/lib/python3.12/site-packages/airflow/example_dags/example_latest_only_with_trigger.py
[2025-04-21T17:13:40.756+0000] {logging_mixin.py:190} INFO - [2025-04-21T17:13:40.756+0000] {dag.py:3239} INFO - Sync 1 DAGs
[2025-04-21T17:13:40.765+0000] {logging_mixin.py:190} INFO - [2025-04-21T17:13:40.765+0000] {dag.py:4180} INFO - Setting next_dagrun for latest_only_with_trigger to 2025-04-21 12:00:00+00:00, run_after=2025-04-21 16:00:00+00:00
[2025-04-21T17:13:40.772+0000] {processor.py:208} INFO - Processing /home/airflow/.local/lib/python3.12/site-packages/airflow/example_dags/example_latest_only_with_trigger.py took 0.031 seconds
[2025-04-21T17:14:11.148+0000] {processor.py:186} INFO - Started process (PID=1089) to work on /home/airflow/.local/lib/python3.12/site-packages/airflow/example_dags/example_latest_only_with_trigger.py
[2025-04-21T17:14:11.148+0000] {processor.py:914} INFO - Processing file /home/airflow/.local/lib/python3.12/site-packages/airflow/example_dags/example_latest_only_with_trigger.py for tasks to queue
[2025-04-21T17:14:11.149+0000] {logging_mixin.py:190} INFO - [2025-04-21T17:14:11.149+0000] {dagbag.py:588} INFO - Filling up the DagBag from /home/airflow/.local/lib/python3.12/site-packages/airflow/example_dags/example_latest_only_with_trigger.py
[2025-04-21T17:14:11.152+0000] {processor.py:925} INFO - DAG(s) 'latest_only_with_trigger' retrieved from /home/airflow/.local/lib/python3.12/site-packages/airflow/example_dags/example_latest_only_with_trigger.py
[2025-04-21T17:14:11.160+0000] {logging_mixin.py:190} INFO - [2025-04-21T17:14:11.160+0000] {dag.py:3239} INFO - Sync 1 DAGs
[2025-04-21T17:14:11.168+0000] {logging_mixin.py:190} INFO - [2025-04-21T17:14:11.168+0000] {dag.py:4180} INFO - Setting next_dagrun for latest_only_with_trigger to 2025-04-21 12:00:00+00:00, run_after=2025-04-21 16:00:00+00:00
[2025-04-21T17:14:11.176+0000] {processor.py:208} INFO - Processing /home/airflow/.local/lib/python3.12/site-packages/airflow/example_dags/example_latest_only_with_trigger.py took 0.031 seconds
[2025-04-21T17:14:41.466+0000] {processor.py:186} INFO - Started process (PID=1153) to work on /home/airflow/.local/lib/python3.12/site-packages/airflow/example_dags/example_latest_only_with_trigger.py
[2025-04-21T17:14:41.467+0000] {processor.py:914} INFO - Processing file /home/airflow/.local/lib/python3.12/site-packages/airflow/example_dags/example_latest_only_with_trigger.py for tasks to queue
[2025-04-21T17:14:41.469+0000] {logging_mixin.py:190} INFO - [2025-04-21T17:14:41.468+0000] {dagbag.py:588} INFO - Filling up the DagBag from /home/airflow/.local/lib/python3.12/site-packages/airflow/example_dags/example_latest_only_with_trigger.py
[2025-04-21T17:14:41.473+0000] {processor.py:925} INFO - DAG(s) 'latest_only_with_trigger' retrieved from /home/airflow/.local/lib/python3.12/site-packages/airflow/example_dags/example_latest_only_with_trigger.py
[2025-04-21T17:14:41.484+0000] {logging_mixin.py:190} INFO - [2025-04-21T17:14:41.484+0000] {dag.py:3239} INFO - Sync 1 DAGs
[2025-04-21T17:14:41.493+0000] {logging_mixin.py:190} INFO - [2025-04-21T17:14:41.493+0000] {dag.py:4180} INFO - Setting next_dagrun for latest_only_with_trigger to 2025-04-21 12:00:00+00:00, run_after=2025-04-21 16:00:00+00:00
[2025-04-21T17:14:41.499+0000] {processor.py:208} INFO - Processing /home/airflow/.local/lib/python3.12/site-packages/airflow/example_dags/example_latest_only_with_trigger.py took 0.035 seconds
[2025-04-21T17:15:11.739+0000] {processor.py:186} INFO - Started process (PID=1217) to work on /home/airflow/.local/lib/python3.12/site-packages/airflow/example_dags/example_latest_only_with_trigger.py
[2025-04-21T17:15:11.739+0000] {processor.py:914} INFO - Processing file /home/airflow/.local/lib/python3.12/site-packages/airflow/example_dags/example_latest_only_with_trigger.py for tasks to queue
[2025-04-21T17:15:11.740+0000] {logging_mixin.py:190} INFO - [2025-04-21T17:15:11.740+0000] {dagbag.py:588} INFO - Filling up the DagBag from /home/airflow/.local/lib/python3.12/site-packages/airflow/example_dags/example_latest_only_with_trigger.py
[2025-04-21T17:15:11.743+0000] {processor.py:925} INFO - DAG(s) 'latest_only_with_trigger' retrieved from /home/airflow/.local/lib/python3.12/site-packages/airflow/example_dags/example_latest_only_with_trigger.py
[2025-04-21T17:15:11.754+0000] {logging_mixin.py:190} INFO - [2025-04-21T17:15:11.754+0000] {dag.py:3239} INFO - Sync 1 DAGs
[2025-04-21T17:15:11.762+0000] {logging_mixin.py:190} INFO - [2025-04-21T17:15:11.762+0000] {dag.py:4180} INFO - Setting next_dagrun for latest_only_with_trigger to 2025-04-21 12:00:00+00:00, run_after=2025-04-21 16:00:00+00:00
[2025-04-21T17:15:11.768+0000] {processor.py:208} INFO - Processing /home/airflow/.local/lib/python3.12/site-packages/airflow/example_dags/example_latest_only_with_trigger.py took 0.032 seconds
[2025-04-21T17:15:42.165+0000] {processor.py:186} INFO - Started process (PID=1281) to work on /home/airflow/.local/lib/python3.12/site-packages/airflow/example_dags/example_latest_only_with_trigger.py
[2025-04-21T17:15:42.166+0000] {processor.py:914} INFO - Processing file /home/airflow/.local/lib/python3.12/site-packages/airflow/example_dags/example_latest_only_with_trigger.py for tasks to queue
[2025-04-21T17:15:42.166+0000] {logging_mixin.py:190} INFO - [2025-04-21T17:15:42.166+0000] {dagbag.py:588} INFO - Filling up the DagBag from /home/airflow/.local/lib/python3.12/site-packages/airflow/example_dags/example_latest_only_with_trigger.py
[2025-04-21T17:15:42.169+0000] {processor.py:925} INFO - DAG(s) 'latest_only_with_trigger' retrieved from /home/airflow/.local/lib/python3.12/site-packages/airflow/example_dags/example_latest_only_with_trigger.py
[2025-04-21T17:15:42.179+0000] {logging_mixin.py:190} INFO - [2025-04-21T17:15:42.179+0000] {dag.py:3239} INFO - Sync 1 DAGs
[2025-04-21T17:15:42.187+0000] {logging_mixin.py:190} INFO - [2025-04-21T17:15:42.187+0000] {dag.py:4180} INFO - Setting next_dagrun for latest_only_with_trigger to 2025-04-21 12:00:00+00:00, run_after=2025-04-21 16:00:00+00:00
[2025-04-21T17:15:42.193+0000] {processor.py:208} INFO - Processing /home/airflow/.local/lib/python3.12/site-packages/airflow/example_dags/example_latest_only_with_trigger.py took 0.030 seconds
[2025-04-21T17:16:12.508+0000] {processor.py:186} INFO - Started process (PID=1346) to work on /home/airflow/.local/lib/python3.12/site-packages/airflow/example_dags/example_latest_only_with_trigger.py
[2025-04-21T17:16:12.510+0000] {processor.py:914} INFO - Processing file /home/airflow/.local/lib/python3.12/site-packages/airflow/example_dags/example_latest_only_with_trigger.py for tasks to queue
[2025-04-21T17:16:12.512+0000] {logging_mixin.py:190} INFO - [2025-04-21T17:16:12.512+0000] {dagbag.py:588} INFO - Filling up the DagBag from /home/airflow/.local/lib/python3.12/site-packages/airflow/example_dags/example_latest_only_with_trigger.py
[2025-04-21T17:16:12.515+0000] {processor.py:925} INFO - DAG(s) 'latest_only_with_trigger' retrieved from /home/airflow/.local/lib/python3.12/site-packages/airflow/example_dags/example_latest_only_with_trigger.py
[2025-04-21T17:16:12.523+0000] {logging_mixin.py:190} INFO - [2025-04-21T17:16:12.523+0000] {dag.py:3239} INFO - Sync 1 DAGs
[2025-04-21T17:16:12.530+0000] {logging_mixin.py:190} INFO - [2025-04-21T17:16:12.530+0000] {dag.py:4180} INFO - Setting next_dagrun for latest_only_with_trigger to 2025-04-21 12:00:00+00:00, run_after=2025-04-21 16:00:00+00:00
[2025-04-21T17:16:12.538+0000] {processor.py:208} INFO - Processing /home/airflow/.local/lib/python3.12/site-packages/airflow/example_dags/example_latest_only_with_trigger.py took 0.032 seconds
[2025-04-21T17:16:42.968+0000] {processor.py:186} INFO - Started process (PID=1411) to work on /home/airflow/.local/lib/python3.12/site-packages/airflow/example_dags/example_latest_only_with_trigger.py
[2025-04-21T17:16:42.968+0000] {processor.py:914} INFO - Processing file /home/airflow/.local/lib/python3.12/site-packages/airflow/example_dags/example_latest_only_with_trigger.py for tasks to queue
[2025-04-21T17:16:42.969+0000] {logging_mixin.py:190} INFO - [2025-04-21T17:16:42.969+0000] {dagbag.py:588} INFO - Filling up the DagBag from /home/airflow/.local/lib/python3.12/site-packages/airflow/example_dags/example_latest_only_with_trigger.py
[2025-04-21T17:16:42.972+0000] {processor.py:925} INFO - DAG(s) 'latest_only_with_trigger' retrieved from /home/airflow/.local/lib/python3.12/site-packages/airflow/example_dags/example_latest_only_with_trigger.py
[2025-04-21T17:16:42.981+0000] {logging_mixin.py:190} INFO - [2025-04-21T17:16:42.981+0000] {dag.py:3239} INFO - Sync 1 DAGs
[2025-04-21T17:16:42.989+0000] {logging_mixin.py:190} INFO - [2025-04-21T17:16:42.989+0000] {dag.py:4180} INFO - Setting next_dagrun for latest_only_with_trigger to 2025-04-21 12:00:00+00:00, run_after=2025-04-21 16:00:00+00:00
[2025-04-21T17:16:42.997+0000] {processor.py:208} INFO - Processing /home/airflow/.local/lib/python3.12/site-packages/airflow/example_dags/example_latest_only_with_trigger.py took 0.031 seconds
[2025-04-21T17:17:13.964+0000] {processor.py:186} INFO - Started process (PID=1475) to work on /home/airflow/.local/lib/python3.12/site-packages/airflow/example_dags/example_latest_only_with_trigger.py
[2025-04-21T17:17:13.964+0000] {processor.py:914} INFO - Processing file /home/airflow/.local/lib/python3.12/site-packages/airflow/example_dags/example_latest_only_with_trigger.py for tasks to queue
[2025-04-21T17:17:13.966+0000] {logging_mixin.py:190} INFO - [2025-04-21T17:17:13.966+0000] {dagbag.py:588} INFO - Filling up the DagBag from /home/airflow/.local/lib/python3.12/site-packages/airflow/example_dags/example_latest_only_with_trigger.py
[2025-04-21T17:17:13.970+0000] {processor.py:925} INFO - DAG(s) 'latest_only_with_trigger' retrieved from /home/airflow/.local/lib/python3.12/site-packages/airflow/example_dags/example_latest_only_with_trigger.py
[2025-04-21T17:17:13.978+0000] {logging_mixin.py:190} INFO - [2025-04-21T17:17:13.978+0000] {dag.py:3239} INFO - Sync 1 DAGs
[2025-04-21T17:17:13.986+0000] {logging_mixin.py:190} INFO - [2025-04-21T17:17:13.986+0000] {dag.py:4180} INFO - Setting next_dagrun for latest_only_with_trigger to 2025-04-21 12:00:00+00:00, run_after=2025-04-21 16:00:00+00:00
[2025-04-21T17:17:13.998+0000] {processor.py:208} INFO - Processing /home/airflow/.local/lib/python3.12/site-packages/airflow/example_dags/example_latest_only_with_trigger.py took 0.036 seconds
[2025-04-21T17:17:44.457+0000] {processor.py:186} INFO - Started process (PID=1539) to work on /home/airflow/.local/lib/python3.12/site-packages/airflow/example_dags/example_latest_only_with_trigger.py
[2025-04-21T17:17:44.458+0000] {processor.py:914} INFO - Processing file /home/airflow/.local/lib/python3.12/site-packages/airflow/example_dags/example_latest_only_with_trigger.py for tasks to queue
[2025-04-21T17:17:44.458+0000] {logging_mixin.py:190} INFO - [2025-04-21T17:17:44.458+0000] {dagbag.py:588} INFO - Filling up the DagBag from /home/airflow/.local/lib/python3.12/site-packages/airflow/example_dags/example_latest_only_with_trigger.py
[2025-04-21T17:17:44.462+0000] {processor.py:925} INFO - DAG(s) 'latest_only_with_trigger' retrieved from /home/airflow/.local/lib/python3.12/site-packages/airflow/example_dags/example_latest_only_with_trigger.py
[2025-04-21T17:17:44.471+0000] {logging_mixin.py:190} INFO - [2025-04-21T17:17:44.471+0000] {dag.py:3239} INFO - Sync 1 DAGs
[2025-04-21T17:17:44.479+0000] {logging_mixin.py:190} INFO - [2025-04-21T17:17:44.479+0000] {dag.py:4180} INFO - Setting next_dagrun for latest_only_with_trigger to 2025-04-21 12:00:00+00:00, run_after=2025-04-21 16:00:00+00:00
[2025-04-21T17:17:44.491+0000] {processor.py:208} INFO - Processing /home/airflow/.local/lib/python3.12/site-packages/airflow/example_dags/example_latest_only_with_trigger.py took 0.037 seconds
[2025-04-21T17:18:14.695+0000] {processor.py:186} INFO - Started process (PID=1602) to work on /home/airflow/.local/lib/python3.12/site-packages/airflow/example_dags/example_latest_only_with_trigger.py
[2025-04-21T17:18:14.696+0000] {processor.py:914} INFO - Processing file /home/airflow/.local/lib/python3.12/site-packages/airflow/example_dags/example_latest_only_with_trigger.py for tasks to queue
[2025-04-21T17:18:14.697+0000] {logging_mixin.py:190} INFO - [2025-04-21T17:18:14.697+0000] {dagbag.py:588} INFO - Filling up the DagBag from /home/airflow/.local/lib/python3.12/site-packages/airflow/example_dags/example_latest_only_with_trigger.py
[2025-04-21T17:18:14.701+0000] {processor.py:925} INFO - DAG(s) 'latest_only_with_trigger' retrieved from /home/airflow/.local/lib/python3.12/site-packages/airflow/example_dags/example_latest_only_with_trigger.py
[2025-04-21T17:18:14.710+0000] {logging_mixin.py:190} INFO - [2025-04-21T17:18:14.709+0000] {dag.py:3239} INFO - Sync 1 DAGs
[2025-04-21T17:18:14.717+0000] {logging_mixin.py:190} INFO - [2025-04-21T17:18:14.717+0000] {dag.py:4180} INFO - Setting next_dagrun for latest_only_with_trigger to 2025-04-21 12:00:00+00:00, run_after=2025-04-21 16:00:00+00:00
[2025-04-21T17:18:14.728+0000] {processor.py:208} INFO - Processing /home/airflow/.local/lib/python3.12/site-packages/airflow/example_dags/example_latest_only_with_trigger.py took 0.035 seconds
[2025-04-21T17:18:45.045+0000] {processor.py:186} INFO - Started process (PID=1666) to work on /home/airflow/.local/lib/python3.12/site-packages/airflow/example_dags/example_latest_only_with_trigger.py
[2025-04-21T17:18:45.045+0000] {processor.py:914} INFO - Processing file /home/airflow/.local/lib/python3.12/site-packages/airflow/example_dags/example_latest_only_with_trigger.py for tasks to queue
[2025-04-21T17:18:45.046+0000] {logging_mixin.py:190} INFO - [2025-04-21T17:18:45.046+0000] {dagbag.py:588} INFO - Filling up the DagBag from /home/airflow/.local/lib/python3.12/site-packages/airflow/example_dags/example_latest_only_with_trigger.py
[2025-04-21T17:18:45.049+0000] {processor.py:925} INFO - DAG(s) 'latest_only_with_trigger' retrieved from /home/airflow/.local/lib/python3.12/site-packages/airflow/example_dags/example_latest_only_with_trigger.py
[2025-04-21T17:18:45.059+0000] {logging_mixin.py:190} INFO - [2025-04-21T17:18:45.059+0000] {dag.py:3239} INFO - Sync 1 DAGs
[2025-04-21T17:18:45.068+0000] {logging_mixin.py:190} INFO - [2025-04-21T17:18:45.068+0000] {dag.py:4180} INFO - Setting next_dagrun for latest_only_with_trigger to 2025-04-21 12:00:00+00:00, run_after=2025-04-21 16:00:00+00:00
[2025-04-21T17:18:45.077+0000] {processor.py:208} INFO - Processing /home/airflow/.local/lib/python3.12/site-packages/airflow/example_dags/example_latest_only_with_trigger.py took 0.034 seconds
