[2025-04-21T17:02:00.095+0000] {processor.py:186} INFO - Started process (PID=65) to work on /home/airflow/.local/lib/python3.12/site-packages/airflow/example_dags/example_task_group_decorator.py
[2025-04-21T17:02:00.096+0000] {processor.py:914} INFO - Processing file /home/airflow/.local/lib/python3.12/site-packages/airflow/example_dags/example_task_group_decorator.py for tasks to queue
[2025-04-21T17:02:00.097+0000] {logging_mixin.py:190} INFO - [2025-04-21T17:02:00.097+0000] {dagbag.py:588} INFO - Filling up the DagBag from /home/airflow/.local/lib/python3.12/site-packages/airflow/example_dags/example_task_group_decorator.py
[2025-04-21T17:02:00.106+0000] {processor.py:925} INFO - DAG(s) 'example_task_group_decorator' retrieved from /home/airflow/.local/lib/python3.12/site-packages/airflow/example_dags/example_task_group_decorator.py
[2025-04-21T17:02:00.159+0000] {logging_mixin.py:190} INFO - [2025-04-21T17:02:00.159+0000] {override.py:1912} INFO - Created Permission View: can read on DAG:example_task_group_decorator
[2025-04-21T17:02:00.165+0000] {logging_mixin.py:190} INFO - [2025-04-21T17:02:00.165+0000] {override.py:1912} INFO - Created Permission View: can edit on DAG:example_task_group_decorator
[2025-04-21T17:02:00.168+0000] {logging_mixin.py:190} INFO - [2025-04-21T17:02:00.168+0000] {override.py:1912} INFO - Created Permission View: can delete on DAG:example_task_group_decorator
[2025-04-21T17:02:00.170+0000] {logging_mixin.py:190} INFO - [2025-04-21T17:02:00.170+0000] {override.py:1912} INFO - Created Permission View: can read on DAG Run:example_task_group_decorator
[2025-04-21T17:02:00.172+0000] {logging_mixin.py:190} INFO - [2025-04-21T17:02:00.172+0000] {override.py:1912} INFO - Created Permission View: can delete on DAG Run:example_task_group_decorator
[2025-04-21T17:02:00.175+0000] {logging_mixin.py:190} INFO - [2025-04-21T17:02:00.174+0000] {override.py:1912} INFO - Created Permission View: menu access on DAG Run:example_task_group_decorator
[2025-04-21T17:02:00.177+0000] {logging_mixin.py:190} INFO - [2025-04-21T17:02:00.177+0000] {override.py:1912} INFO - Created Permission View: can create on DAG Run:example_task_group_decorator
[2025-04-21T17:02:00.177+0000] {logging_mixin.py:190} INFO - [2025-04-21T17:02:00.177+0000] {dag.py:3239} INFO - Sync 1 DAGs
[2025-04-21T17:02:00.182+0000] {logging_mixin.py:190} INFO - [2025-04-21T17:02:00.182+0000] {dag.py:3262} INFO - Creating ORM DAG for example_task_group_decorator
[2025-04-21T17:02:00.183+0000] {logging_mixin.py:190} INFO - [2025-04-21T17:02:00.183+0000] {dag.py:4180} INFO - Setting next_dagrun for example_task_group_decorator to None, run_after=None
[2025-04-21T17:02:00.189+0000] {processor.py:208} INFO - Processing /home/airflow/.local/lib/python3.12/site-packages/airflow/example_dags/example_task_group_decorator.py took 0.096 seconds
[2025-04-21T17:02:30.606+0000] {processor.py:186} INFO - Started process (PID=128) to work on /home/airflow/.local/lib/python3.12/site-packages/airflow/example_dags/example_task_group_decorator.py
[2025-04-21T17:02:30.606+0000] {processor.py:914} INFO - Processing file /home/airflow/.local/lib/python3.12/site-packages/airflow/example_dags/example_task_group_decorator.py for tasks to queue
[2025-04-21T17:02:30.607+0000] {logging_mixin.py:190} INFO - [2025-04-21T17:02:30.607+0000] {dagbag.py:588} INFO - Filling up the DagBag from /home/airflow/.local/lib/python3.12/site-packages/airflow/example_dags/example_task_group_decorator.py
[2025-04-21T17:02:30.613+0000] {processor.py:925} INFO - DAG(s) 'example_task_group_decorator' retrieved from /home/airflow/.local/lib/python3.12/site-packages/airflow/example_dags/example_task_group_decorator.py
[2025-04-21T17:02:30.623+0000] {logging_mixin.py:190} INFO - [2025-04-21T17:02:30.623+0000] {dag.py:3239} INFO - Sync 1 DAGs
[2025-04-21T17:02:30.628+0000] {logging_mixin.py:190} INFO - [2025-04-21T17:02:30.628+0000] {dag.py:4180} INFO - Setting next_dagrun for example_task_group_decorator to None, run_after=None
[2025-04-21T17:02:30.635+0000] {processor.py:208} INFO - Processing /home/airflow/.local/lib/python3.12/site-packages/airflow/example_dags/example_task_group_decorator.py took 0.031 seconds
[2025-04-21T17:03:01.210+0000] {processor.py:186} INFO - Started process (PID=191) to work on /home/airflow/.local/lib/python3.12/site-packages/airflow/example_dags/example_task_group_decorator.py
[2025-04-21T17:03:01.210+0000] {processor.py:914} INFO - Processing file /home/airflow/.local/lib/python3.12/site-packages/airflow/example_dags/example_task_group_decorator.py for tasks to queue
[2025-04-21T17:03:01.211+0000] {logging_mixin.py:190} INFO - [2025-04-21T17:03:01.211+0000] {dagbag.py:588} INFO - Filling up the DagBag from /home/airflow/.local/lib/python3.12/site-packages/airflow/example_dags/example_task_group_decorator.py
[2025-04-21T17:03:01.216+0000] {processor.py:925} INFO - DAG(s) 'example_task_group_decorator' retrieved from /home/airflow/.local/lib/python3.12/site-packages/airflow/example_dags/example_task_group_decorator.py
[2025-04-21T17:03:01.229+0000] {logging_mixin.py:190} INFO - [2025-04-21T17:03:01.229+0000] {dag.py:3239} INFO - Sync 1 DAGs
[2025-04-21T17:03:01.234+0000] {logging_mixin.py:190} INFO - [2025-04-21T17:03:01.234+0000] {dag.py:4180} INFO - Setting next_dagrun for example_task_group_decorator to None, run_after=None
[2025-04-21T17:03:01.239+0000] {processor.py:208} INFO - Processing /home/airflow/.local/lib/python3.12/site-packages/airflow/example_dags/example_task_group_decorator.py took 0.032 seconds
[2025-04-21T17:03:32.398+0000] {processor.py:186} INFO - Started process (PID=253) to work on /home/airflow/.local/lib/python3.12/site-packages/airflow/example_dags/example_task_group_decorator.py
[2025-04-21T17:03:32.399+0000] {processor.py:914} INFO - Processing file /home/airflow/.local/lib/python3.12/site-packages/airflow/example_dags/example_task_group_decorator.py for tasks to queue
[2025-04-21T17:03:32.399+0000] {logging_mixin.py:190} INFO - [2025-04-21T17:03:32.399+0000] {dagbag.py:588} INFO - Filling up the DagBag from /home/airflow/.local/lib/python3.12/site-packages/airflow/example_dags/example_task_group_decorator.py
[2025-04-21T17:03:32.405+0000] {processor.py:925} INFO - DAG(s) 'example_task_group_decorator' retrieved from /home/airflow/.local/lib/python3.12/site-packages/airflow/example_dags/example_task_group_decorator.py
[2025-04-21T17:03:32.415+0000] {logging_mixin.py:190} INFO - [2025-04-21T17:03:32.415+0000] {dag.py:3239} INFO - Sync 1 DAGs
[2025-04-21T17:03:32.420+0000] {logging_mixin.py:190} INFO - [2025-04-21T17:03:32.420+0000] {dag.py:4180} INFO - Setting next_dagrun for example_task_group_decorator to None, run_after=None
[2025-04-21T17:03:32.431+0000] {processor.py:208} INFO - Processing /home/airflow/.local/lib/python3.12/site-packages/airflow/example_dags/example_task_group_decorator.py took 0.035 seconds
[2025-04-21T17:04:03.557+0000] {processor.py:186} INFO - Started process (PID=316) to work on /home/airflow/.local/lib/python3.12/site-packages/airflow/example_dags/example_task_group_decorator.py
[2025-04-21T17:04:03.558+0000] {processor.py:914} INFO - Processing file /home/airflow/.local/lib/python3.12/site-packages/airflow/example_dags/example_task_group_decorator.py for tasks to queue
[2025-04-21T17:04:03.558+0000] {logging_mixin.py:190} INFO - [2025-04-21T17:04:03.558+0000] {dagbag.py:588} INFO - Filling up the DagBag from /home/airflow/.local/lib/python3.12/site-packages/airflow/example_dags/example_task_group_decorator.py
[2025-04-21T17:04:03.564+0000] {processor.py:925} INFO - DAG(s) 'example_task_group_decorator' retrieved from /home/airflow/.local/lib/python3.12/site-packages/airflow/example_dags/example_task_group_decorator.py
[2025-04-21T17:04:03.573+0000] {logging_mixin.py:190} INFO - [2025-04-21T17:04:03.573+0000] {dag.py:3239} INFO - Sync 1 DAGs
[2025-04-21T17:04:03.578+0000] {logging_mixin.py:190} INFO - [2025-04-21T17:04:03.578+0000] {dag.py:4180} INFO - Setting next_dagrun for example_task_group_decorator to None, run_after=None
[2025-04-21T17:04:03.588+0000] {processor.py:208} INFO - Processing /home/airflow/.local/lib/python3.12/site-packages/airflow/example_dags/example_task_group_decorator.py took 0.033 seconds
[2025-04-21T17:04:34.805+0000] {processor.py:186} INFO - Started process (PID=379) to work on /home/airflow/.local/lib/python3.12/site-packages/airflow/example_dags/example_task_group_decorator.py
[2025-04-21T17:04:34.805+0000] {processor.py:914} INFO - Processing file /home/airflow/.local/lib/python3.12/site-packages/airflow/example_dags/example_task_group_decorator.py for tasks to queue
[2025-04-21T17:04:34.806+0000] {logging_mixin.py:190} INFO - [2025-04-21T17:04:34.806+0000] {dagbag.py:588} INFO - Filling up the DagBag from /home/airflow/.local/lib/python3.12/site-packages/airflow/example_dags/example_task_group_decorator.py
[2025-04-21T17:04:34.811+0000] {processor.py:925} INFO - DAG(s) 'example_task_group_decorator' retrieved from /home/airflow/.local/lib/python3.12/site-packages/airflow/example_dags/example_task_group_decorator.py
[2025-04-21T17:04:34.820+0000] {logging_mixin.py:190} INFO - [2025-04-21T17:04:34.820+0000] {dag.py:3239} INFO - Sync 1 DAGs
[2025-04-21T17:04:34.825+0000] {logging_mixin.py:190} INFO - [2025-04-21T17:04:34.825+0000] {dag.py:4180} INFO - Setting next_dagrun for example_task_group_decorator to None, run_after=None
[2025-04-21T17:04:34.831+0000] {processor.py:208} INFO - Processing /home/airflow/.local/lib/python3.12/site-packages/airflow/example_dags/example_task_group_decorator.py took 0.029 seconds
[2025-04-21T17:05:06.029+0000] {processor.py:186} INFO - Started process (PID=442) to work on /home/airflow/.local/lib/python3.12/site-packages/airflow/example_dags/example_task_group_decorator.py
[2025-04-21T17:05:06.029+0000] {processor.py:914} INFO - Processing file /home/airflow/.local/lib/python3.12/site-packages/airflow/example_dags/example_task_group_decorator.py for tasks to queue
[2025-04-21T17:05:06.030+0000] {logging_mixin.py:190} INFO - [2025-04-21T17:05:06.030+0000] {dagbag.py:588} INFO - Filling up the DagBag from /home/airflow/.local/lib/python3.12/site-packages/airflow/example_dags/example_task_group_decorator.py
[2025-04-21T17:05:06.036+0000] {processor.py:925} INFO - DAG(s) 'example_task_group_decorator' retrieved from /home/airflow/.local/lib/python3.12/site-packages/airflow/example_dags/example_task_group_decorator.py
[2025-04-21T17:05:06.045+0000] {logging_mixin.py:190} INFO - [2025-04-21T17:05:06.045+0000] {dag.py:3239} INFO - Sync 1 DAGs
[2025-04-21T17:05:06.052+0000] {logging_mixin.py:190} INFO - [2025-04-21T17:05:06.052+0000] {dag.py:4180} INFO - Setting next_dagrun for example_task_group_decorator to None, run_after=None
[2025-04-21T17:05:06.062+0000] {processor.py:208} INFO - Processing /home/airflow/.local/lib/python3.12/site-packages/airflow/example_dags/example_task_group_decorator.py took 0.035 seconds
[2025-04-21T17:05:55.551+0000] {processor.py:186} INFO - Started process (PID=65) to work on /home/airflow/.local/lib/python3.12/site-packages/airflow/example_dags/example_task_group_decorator.py
[2025-04-21T17:05:55.552+0000] {processor.py:914} INFO - Processing file /home/airflow/.local/lib/python3.12/site-packages/airflow/example_dags/example_task_group_decorator.py for tasks to queue
[2025-04-21T17:05:55.553+0000] {logging_mixin.py:190} INFO - [2025-04-21T17:05:55.553+0000] {dagbag.py:588} INFO - Filling up the DagBag from /home/airflow/.local/lib/python3.12/site-packages/airflow/example_dags/example_task_group_decorator.py
[2025-04-21T17:05:55.561+0000] {processor.py:925} INFO - DAG(s) 'example_task_group_decorator' retrieved from /home/airflow/.local/lib/python3.12/site-packages/airflow/example_dags/example_task_group_decorator.py
[2025-04-21T17:05:55.576+0000] {logging_mixin.py:190} INFO - [2025-04-21T17:05:55.576+0000] {dag.py:3239} INFO - Sync 1 DAGs
[2025-04-21T17:05:55.583+0000] {logging_mixin.py:190} INFO - [2025-04-21T17:05:55.583+0000] {dag.py:4180} INFO - Setting next_dagrun for example_task_group_decorator to None, run_after=None
[2025-04-21T17:05:55.590+0000] {processor.py:208} INFO - Processing /home/airflow/.local/lib/python3.12/site-packages/airflow/example_dags/example_task_group_decorator.py took 0.041 seconds
[2025-04-21T17:06:25.963+0000] {processor.py:186} INFO - Started process (PID=128) to work on /home/airflow/.local/lib/python3.12/site-packages/airflow/example_dags/example_task_group_decorator.py
[2025-04-21T17:06:25.964+0000] {processor.py:914} INFO - Processing file /home/airflow/.local/lib/python3.12/site-packages/airflow/example_dags/example_task_group_decorator.py for tasks to queue
[2025-04-21T17:06:25.965+0000] {logging_mixin.py:190} INFO - [2025-04-21T17:06:25.965+0000] {dagbag.py:588} INFO - Filling up the DagBag from /home/airflow/.local/lib/python3.12/site-packages/airflow/example_dags/example_task_group_decorator.py
[2025-04-21T17:06:25.971+0000] {processor.py:925} INFO - DAG(s) 'example_task_group_decorator' retrieved from /home/airflow/.local/lib/python3.12/site-packages/airflow/example_dags/example_task_group_decorator.py
[2025-04-21T17:06:25.981+0000] {logging_mixin.py:190} INFO - [2025-04-21T17:06:25.980+0000] {dag.py:3239} INFO - Sync 1 DAGs
[2025-04-21T17:06:25.986+0000] {logging_mixin.py:190} INFO - [2025-04-21T17:06:25.985+0000] {dag.py:4180} INFO - Setting next_dagrun for example_task_group_decorator to None, run_after=None
[2025-04-21T17:06:25.993+0000] {processor.py:208} INFO - Processing /home/airflow/.local/lib/python3.12/site-packages/airflow/example_dags/example_task_group_decorator.py took 0.033 seconds
[2025-04-21T17:06:57.066+0000] {processor.py:186} INFO - Started process (PID=191) to work on /home/airflow/.local/lib/python3.12/site-packages/airflow/example_dags/example_task_group_decorator.py
[2025-04-21T17:06:57.066+0000] {processor.py:914} INFO - Processing file /home/airflow/.local/lib/python3.12/site-packages/airflow/example_dags/example_task_group_decorator.py for tasks to queue
[2025-04-21T17:06:57.067+0000] {logging_mixin.py:190} INFO - [2025-04-21T17:06:57.067+0000] {dagbag.py:588} INFO - Filling up the DagBag from /home/airflow/.local/lib/python3.12/site-packages/airflow/example_dags/example_task_group_decorator.py
[2025-04-21T17:06:57.073+0000] {processor.py:925} INFO - DAG(s) 'example_task_group_decorator' retrieved from /home/airflow/.local/lib/python3.12/site-packages/airflow/example_dags/example_task_group_decorator.py
[2025-04-21T17:06:57.083+0000] {logging_mixin.py:190} INFO - [2025-04-21T17:06:57.083+0000] {dag.py:3239} INFO - Sync 1 DAGs
[2025-04-21T17:06:57.088+0000] {logging_mixin.py:190} INFO - [2025-04-21T17:06:57.088+0000] {dag.py:4180} INFO - Setting next_dagrun for example_task_group_decorator to None, run_after=None
[2025-04-21T17:06:57.094+0000] {processor.py:208} INFO - Processing /home/airflow/.local/lib/python3.12/site-packages/airflow/example_dags/example_task_group_decorator.py took 0.030 seconds
[2025-04-21T17:07:28.189+0000] {processor.py:186} INFO - Started process (PID=254) to work on /home/airflow/.local/lib/python3.12/site-packages/airflow/example_dags/example_task_group_decorator.py
[2025-04-21T17:07:28.189+0000] {processor.py:914} INFO - Processing file /home/airflow/.local/lib/python3.12/site-packages/airflow/example_dags/example_task_group_decorator.py for tasks to queue
[2025-04-21T17:07:28.190+0000] {logging_mixin.py:190} INFO - [2025-04-21T17:07:28.190+0000] {dagbag.py:588} INFO - Filling up the DagBag from /home/airflow/.local/lib/python3.12/site-packages/airflow/example_dags/example_task_group_decorator.py
[2025-04-21T17:07:28.196+0000] {processor.py:925} INFO - DAG(s) 'example_task_group_decorator' retrieved from /home/airflow/.local/lib/python3.12/site-packages/airflow/example_dags/example_task_group_decorator.py
[2025-04-21T17:07:28.206+0000] {logging_mixin.py:190} INFO - [2025-04-21T17:07:28.205+0000] {dag.py:3239} INFO - Sync 1 DAGs
[2025-04-21T17:07:28.210+0000] {logging_mixin.py:190} INFO - [2025-04-21T17:07:28.210+0000] {dag.py:4180} INFO - Setting next_dagrun for example_task_group_decorator to None, run_after=None
[2025-04-21T17:07:28.216+0000] {processor.py:208} INFO - Processing /home/airflow/.local/lib/python3.12/site-packages/airflow/example_dags/example_task_group_decorator.py took 0.029 seconds
[2025-04-21T17:07:59.230+0000] {processor.py:186} INFO - Started process (PID=317) to work on /home/airflow/.local/lib/python3.12/site-packages/airflow/example_dags/example_task_group_decorator.py
[2025-04-21T17:07:59.230+0000] {processor.py:914} INFO - Processing file /home/airflow/.local/lib/python3.12/site-packages/airflow/example_dags/example_task_group_decorator.py for tasks to queue
[2025-04-21T17:07:59.231+0000] {logging_mixin.py:190} INFO - [2025-04-21T17:07:59.231+0000] {dagbag.py:588} INFO - Filling up the DagBag from /home/airflow/.local/lib/python3.12/site-packages/airflow/example_dags/example_task_group_decorator.py
[2025-04-21T17:07:59.237+0000] {processor.py:925} INFO - DAG(s) 'example_task_group_decorator' retrieved from /home/airflow/.local/lib/python3.12/site-packages/airflow/example_dags/example_task_group_decorator.py
[2025-04-21T17:07:59.246+0000] {logging_mixin.py:190} INFO - [2025-04-21T17:07:59.246+0000] {dag.py:3239} INFO - Sync 1 DAGs
[2025-04-21T17:07:59.251+0000] {logging_mixin.py:190} INFO - [2025-04-21T17:07:59.251+0000] {dag.py:4180} INFO - Setting next_dagrun for example_task_group_decorator to None, run_after=None
[2025-04-21T17:07:59.257+0000] {processor.py:208} INFO - Processing /home/airflow/.local/lib/python3.12/site-packages/airflow/example_dags/example_task_group_decorator.py took 0.030 seconds
[2025-04-21T17:08:30.435+0000] {processor.py:186} INFO - Started process (PID=380) to work on /home/airflow/.local/lib/python3.12/site-packages/airflow/example_dags/example_task_group_decorator.py
[2025-04-21T17:08:30.435+0000] {processor.py:914} INFO - Processing file /home/airflow/.local/lib/python3.12/site-packages/airflow/example_dags/example_task_group_decorator.py for tasks to queue
[2025-04-21T17:08:30.437+0000] {logging_mixin.py:190} INFO - [2025-04-21T17:08:30.436+0000] {dagbag.py:588} INFO - Filling up the DagBag from /home/airflow/.local/lib/python3.12/site-packages/airflow/example_dags/example_task_group_decorator.py
[2025-04-21T17:08:30.443+0000] {processor.py:925} INFO - DAG(s) 'example_task_group_decorator' retrieved from /home/airflow/.local/lib/python3.12/site-packages/airflow/example_dags/example_task_group_decorator.py
[2025-04-21T17:08:30.453+0000] {logging_mixin.py:190} INFO - [2025-04-21T17:08:30.453+0000] {dag.py:3239} INFO - Sync 1 DAGs
[2025-04-21T17:08:30.458+0000] {logging_mixin.py:190} INFO - [2025-04-21T17:08:30.458+0000] {dag.py:4180} INFO - Setting next_dagrun for example_task_group_decorator to None, run_after=None
[2025-04-21T17:08:30.466+0000] {processor.py:208} INFO - Processing /home/airflow/.local/lib/python3.12/site-packages/airflow/example_dags/example_task_group_decorator.py took 0.033 seconds
[2025-04-21T17:09:01.575+0000] {processor.py:186} INFO - Started process (PID=443) to work on /home/airflow/.local/lib/python3.12/site-packages/airflow/example_dags/example_task_group_decorator.py
[2025-04-21T17:09:01.575+0000] {processor.py:914} INFO - Processing file /home/airflow/.local/lib/python3.12/site-packages/airflow/example_dags/example_task_group_decorator.py for tasks to queue
[2025-04-21T17:09:01.576+0000] {logging_mixin.py:190} INFO - [2025-04-21T17:09:01.576+0000] {dagbag.py:588} INFO - Filling up the DagBag from /home/airflow/.local/lib/python3.12/site-packages/airflow/example_dags/example_task_group_decorator.py
[2025-04-21T17:09:01.581+0000] {processor.py:925} INFO - DAG(s) 'example_task_group_decorator' retrieved from /home/airflow/.local/lib/python3.12/site-packages/airflow/example_dags/example_task_group_decorator.py
[2025-04-21T17:09:01.591+0000] {logging_mixin.py:190} INFO - [2025-04-21T17:09:01.591+0000] {dag.py:3239} INFO - Sync 1 DAGs
[2025-04-21T17:09:01.595+0000] {logging_mixin.py:190} INFO - [2025-04-21T17:09:01.595+0000] {dag.py:4180} INFO - Setting next_dagrun for example_task_group_decorator to None, run_after=None
[2025-04-21T17:09:01.601+0000] {processor.py:208} INFO - Processing /home/airflow/.local/lib/python3.12/site-packages/airflow/example_dags/example_task_group_decorator.py took 0.029 seconds
[2025-04-21T17:09:32.637+0000] {processor.py:186} INFO - Started process (PID=506) to work on /home/airflow/.local/lib/python3.12/site-packages/airflow/example_dags/example_task_group_decorator.py
[2025-04-21T17:09:32.637+0000] {processor.py:914} INFO - Processing file /home/airflow/.local/lib/python3.12/site-packages/airflow/example_dags/example_task_group_decorator.py for tasks to queue
[2025-04-21T17:09:32.638+0000] {logging_mixin.py:190} INFO - [2025-04-21T17:09:32.638+0000] {dagbag.py:588} INFO - Filling up the DagBag from /home/airflow/.local/lib/python3.12/site-packages/airflow/example_dags/example_task_group_decorator.py
[2025-04-21T17:09:32.643+0000] {processor.py:925} INFO - DAG(s) 'example_task_group_decorator' retrieved from /home/airflow/.local/lib/python3.12/site-packages/airflow/example_dags/example_task_group_decorator.py
[2025-04-21T17:09:32.653+0000] {logging_mixin.py:190} INFO - [2025-04-21T17:09:32.653+0000] {dag.py:3239} INFO - Sync 1 DAGs
[2025-04-21T17:09:32.658+0000] {logging_mixin.py:190} INFO - [2025-04-21T17:09:32.658+0000] {dag.py:4180} INFO - Setting next_dagrun for example_task_group_decorator to None, run_after=None
[2025-04-21T17:09:32.663+0000] {processor.py:208} INFO - Processing /home/airflow/.local/lib/python3.12/site-packages/airflow/example_dags/example_task_group_decorator.py took 0.029 seconds
[2025-04-21T17:10:03.740+0000] {processor.py:186} INFO - Started process (PID=569) to work on /home/airflow/.local/lib/python3.12/site-packages/airflow/example_dags/example_task_group_decorator.py
[2025-04-21T17:10:03.741+0000] {processor.py:914} INFO - Processing file /home/airflow/.local/lib/python3.12/site-packages/airflow/example_dags/example_task_group_decorator.py for tasks to queue
[2025-04-21T17:10:03.742+0000] {logging_mixin.py:190} INFO - [2025-04-21T17:10:03.741+0000] {dagbag.py:588} INFO - Filling up the DagBag from /home/airflow/.local/lib/python3.12/site-packages/airflow/example_dags/example_task_group_decorator.py
[2025-04-21T17:10:03.747+0000] {processor.py:925} INFO - DAG(s) 'example_task_group_decorator' retrieved from /home/airflow/.local/lib/python3.12/site-packages/airflow/example_dags/example_task_group_decorator.py
[2025-04-21T17:10:03.756+0000] {logging_mixin.py:190} INFO - [2025-04-21T17:10:03.756+0000] {dag.py:3239} INFO - Sync 1 DAGs
[2025-04-21T17:10:03.761+0000] {logging_mixin.py:190} INFO - [2025-04-21T17:10:03.761+0000] {dag.py:4180} INFO - Setting next_dagrun for example_task_group_decorator to None, run_after=None
[2025-04-21T17:10:03.767+0000] {processor.py:208} INFO - Processing /home/airflow/.local/lib/python3.12/site-packages/airflow/example_dags/example_task_group_decorator.py took 0.029 seconds
[2025-04-21T17:10:34.944+0000] {processor.py:186} INFO - Started process (PID=632) to work on /home/airflow/.local/lib/python3.12/site-packages/airflow/example_dags/example_task_group_decorator.py
[2025-04-21T17:10:34.944+0000] {processor.py:914} INFO - Processing file /home/airflow/.local/lib/python3.12/site-packages/airflow/example_dags/example_task_group_decorator.py for tasks to queue
[2025-04-21T17:10:34.945+0000] {logging_mixin.py:190} INFO - [2025-04-21T17:10:34.945+0000] {dagbag.py:588} INFO - Filling up the DagBag from /home/airflow/.local/lib/python3.12/site-packages/airflow/example_dags/example_task_group_decorator.py
[2025-04-21T17:10:34.951+0000] {processor.py:925} INFO - DAG(s) 'example_task_group_decorator' retrieved from /home/airflow/.local/lib/python3.12/site-packages/airflow/example_dags/example_task_group_decorator.py
[2025-04-21T17:10:34.960+0000] {logging_mixin.py:190} INFO - [2025-04-21T17:10:34.960+0000] {dag.py:3239} INFO - Sync 1 DAGs
[2025-04-21T17:10:34.965+0000] {logging_mixin.py:190} INFO - [2025-04-21T17:10:34.965+0000] {dag.py:4180} INFO - Setting next_dagrun for example_task_group_decorator to None, run_after=None
[2025-04-21T17:10:34.971+0000] {processor.py:208} INFO - Processing /home/airflow/.local/lib/python3.12/site-packages/airflow/example_dags/example_task_group_decorator.py took 0.029 seconds
[2025-04-21T17:11:06.066+0000] {processor.py:186} INFO - Started process (PID=696) to work on /home/airflow/.local/lib/python3.12/site-packages/airflow/example_dags/example_task_group_decorator.py
[2025-04-21T17:11:06.066+0000] {processor.py:914} INFO - Processing file /home/airflow/.local/lib/python3.12/site-packages/airflow/example_dags/example_task_group_decorator.py for tasks to queue
[2025-04-21T17:11:06.067+0000] {logging_mixin.py:190} INFO - [2025-04-21T17:11:06.067+0000] {dagbag.py:588} INFO - Filling up the DagBag from /home/airflow/.local/lib/python3.12/site-packages/airflow/example_dags/example_task_group_decorator.py
[2025-04-21T17:11:06.073+0000] {processor.py:925} INFO - DAG(s) 'example_task_group_decorator' retrieved from /home/airflow/.local/lib/python3.12/site-packages/airflow/example_dags/example_task_group_decorator.py
[2025-04-21T17:11:06.085+0000] {logging_mixin.py:190} INFO - [2025-04-21T17:11:06.085+0000] {dag.py:3239} INFO - Sync 1 DAGs
[2025-04-21T17:11:06.090+0000] {logging_mixin.py:190} INFO - [2025-04-21T17:11:06.090+0000] {dag.py:4180} INFO - Setting next_dagrun for example_task_group_decorator to None, run_after=None
[2025-04-21T17:11:06.099+0000] {processor.py:208} INFO - Processing /home/airflow/.local/lib/python3.12/site-packages/airflow/example_dags/example_task_group_decorator.py took 0.035 seconds
[2025-04-21T17:11:37.364+0000] {processor.py:186} INFO - Started process (PID=760) to work on /home/airflow/.local/lib/python3.12/site-packages/airflow/example_dags/example_task_group_decorator.py
[2025-04-21T17:11:37.364+0000] {processor.py:914} INFO - Processing file /home/airflow/.local/lib/python3.12/site-packages/airflow/example_dags/example_task_group_decorator.py for tasks to queue
[2025-04-21T17:11:37.365+0000] {logging_mixin.py:190} INFO - [2025-04-21T17:11:37.365+0000] {dagbag.py:588} INFO - Filling up the DagBag from /home/airflow/.local/lib/python3.12/site-packages/airflow/example_dags/example_task_group_decorator.py
[2025-04-21T17:11:37.371+0000] {processor.py:925} INFO - DAG(s) 'example_task_group_decorator' retrieved from /home/airflow/.local/lib/python3.12/site-packages/airflow/example_dags/example_task_group_decorator.py
[2025-04-21T17:11:37.391+0000] {logging_mixin.py:190} INFO - [2025-04-21T17:11:37.391+0000] {dag.py:3239} INFO - Sync 1 DAGs
[2025-04-21T17:11:37.396+0000] {logging_mixin.py:190} INFO - [2025-04-21T17:11:37.396+0000] {dag.py:4180} INFO - Setting next_dagrun for example_task_group_decorator to None, run_after=None
[2025-04-21T17:11:37.406+0000] {processor.py:208} INFO - Processing /home/airflow/.local/lib/python3.12/site-packages/airflow/example_dags/example_task_group_decorator.py took 0.045 seconds
