[2025-04-21T17:01:57.929+0000] {processor.py:186} INFO - Started process (PID=48) to work on /home/airflow/.local/lib/python3.12/site-packages/airflow/example_dags/example_complex.py
[2025-04-21T17:01:57.933+0000] {processor.py:914} INFO - Processing file /home/airflow/.local/lib/python3.12/site-packages/airflow/example_dags/example_complex.py for tasks to queue
[2025-04-21T17:01:57.936+0000] {logging_mixin.py:190} INFO - [2025-04-21T17:01:57.936+0000] {dagbag.py:588} INFO - Filling up the DagBag from /home/airflow/.local/lib/python3.12/site-packages/airflow/example_dags/example_complex.py
[2025-04-21T17:01:57.952+0000] {processor.py:925} INFO - DAG(s) 'example_complex' retrieved from /home/airflow/.local/lib/python3.12/site-packages/airflow/example_dags/example_complex.py
[2025-04-21T17:01:58.088+0000] {logging_mixin.py:190} INFO - [2025-04-21T17:01:58.088+0000] {override.py:1912} INFO - Created Permission View: can read on DAG:example_complex
[2025-04-21T17:01:58.092+0000] {logging_mixin.py:190} INFO - [2025-04-21T17:01:58.092+0000] {override.py:1912} INFO - Created Permission View: can edit on DAG:example_complex
[2025-04-21T17:01:58.095+0000] {logging_mixin.py:190} INFO - [2025-04-21T17:01:58.095+0000] {override.py:1912} INFO - Created Permission View: can delete on DAG:example_complex
[2025-04-21T17:01:58.097+0000] {logging_mixin.py:190} INFO - [2025-04-21T17:01:58.097+0000] {override.py:1912} INFO - Created Permission View: can read on DAG Run:example_complex
[2025-04-21T17:01:58.100+0000] {logging_mixin.py:190} INFO - [2025-04-21T17:01:58.099+0000] {override.py:1912} INFO - Created Permission View: can delete on DAG Run:example_complex
[2025-04-21T17:01:58.102+0000] {logging_mixin.py:190} INFO - [2025-04-21T17:01:58.102+0000] {override.py:1912} INFO - Created Permission View: menu access on DAG Run:example_complex
[2025-04-21T17:01:58.104+0000] {logging_mixin.py:190} INFO - [2025-04-21T17:01:58.104+0000] {override.py:1912} INFO - Created Permission View: can create on DAG Run:example_complex
[2025-04-21T17:01:58.104+0000] {logging_mixin.py:190} INFO - [2025-04-21T17:01:58.104+0000] {dag.py:3239} INFO - Sync 1 DAGs
[2025-04-21T17:01:58.109+0000] {logging_mixin.py:190} INFO - [2025-04-21T17:01:58.109+0000] {dag.py:3262} INFO - Creating ORM DAG for example_complex
[2025-04-21T17:01:58.110+0000] {logging_mixin.py:190} INFO - [2025-04-21T17:01:58.110+0000] {dag.py:4180} INFO - Setting next_dagrun for example_complex to None, run_after=None
[2025-04-21T17:01:58.123+0000] {processor.py:208} INFO - Processing /home/airflow/.local/lib/python3.12/site-packages/airflow/example_dags/example_complex.py took 0.199 seconds
[2025-04-21T17:02:28.814+0000] {processor.py:186} INFO - Started process (PID=111) to work on /home/airflow/.local/lib/python3.12/site-packages/airflow/example_dags/example_complex.py
[2025-04-21T17:02:28.816+0000] {processor.py:914} INFO - Processing file /home/airflow/.local/lib/python3.12/site-packages/airflow/example_dags/example_complex.py for tasks to queue
[2025-04-21T17:02:28.818+0000] {logging_mixin.py:190} INFO - [2025-04-21T17:02:28.818+0000] {dagbag.py:588} INFO - Filling up the DagBag from /home/airflow/.local/lib/python3.12/site-packages/airflow/example_dags/example_complex.py
[2025-04-21T17:02:28.828+0000] {processor.py:925} INFO - DAG(s) 'example_complex' retrieved from /home/airflow/.local/lib/python3.12/site-packages/airflow/example_dags/example_complex.py
[2025-04-21T17:02:28.849+0000] {logging_mixin.py:190} INFO - [2025-04-21T17:02:28.849+0000] {dag.py:3239} INFO - Sync 1 DAGs
[2025-04-21T17:02:28.857+0000] {logging_mixin.py:190} INFO - [2025-04-21T17:02:28.857+0000] {dag.py:4180} INFO - Setting next_dagrun for example_complex to None, run_after=None
[2025-04-21T17:02:28.865+0000] {processor.py:208} INFO - Processing /home/airflow/.local/lib/python3.12/site-packages/airflow/example_dags/example_complex.py took 0.056 seconds
[2025-04-21T17:02:59.493+0000] {processor.py:186} INFO - Started process (PID=174) to work on /home/airflow/.local/lib/python3.12/site-packages/airflow/example_dags/example_complex.py
[2025-04-21T17:02:59.494+0000] {processor.py:914} INFO - Processing file /home/airflow/.local/lib/python3.12/site-packages/airflow/example_dags/example_complex.py for tasks to queue
[2025-04-21T17:02:59.496+0000] {logging_mixin.py:190} INFO - [2025-04-21T17:02:59.496+0000] {dagbag.py:588} INFO - Filling up the DagBag from /home/airflow/.local/lib/python3.12/site-packages/airflow/example_dags/example_complex.py
[2025-04-21T17:02:59.503+0000] {processor.py:925} INFO - DAG(s) 'example_complex' retrieved from /home/airflow/.local/lib/python3.12/site-packages/airflow/example_dags/example_complex.py
[2025-04-21T17:02:59.518+0000] {logging_mixin.py:190} INFO - [2025-04-21T17:02:59.518+0000] {dag.py:3239} INFO - Sync 1 DAGs
[2025-04-21T17:02:59.523+0000] {logging_mixin.py:190} INFO - [2025-04-21T17:02:59.523+0000] {dag.py:4180} INFO - Setting next_dagrun for example_complex to None, run_after=None
[2025-04-21T17:02:59.534+0000] {processor.py:208} INFO - Processing /home/airflow/.local/lib/python3.12/site-packages/airflow/example_dags/example_complex.py took 0.045 seconds
[2025-04-21T17:03:29.669+0000] {processor.py:186} INFO - Started process (PID=236) to work on /home/airflow/.local/lib/python3.12/site-packages/airflow/example_dags/example_complex.py
[2025-04-21T17:03:29.671+0000] {processor.py:914} INFO - Processing file /home/airflow/.local/lib/python3.12/site-packages/airflow/example_dags/example_complex.py for tasks to queue
[2025-04-21T17:03:29.673+0000] {logging_mixin.py:190} INFO - [2025-04-21T17:03:29.673+0000] {dagbag.py:588} INFO - Filling up the DagBag from /home/airflow/.local/lib/python3.12/site-packages/airflow/example_dags/example_complex.py
[2025-04-21T17:03:29.680+0000] {processor.py:925} INFO - DAG(s) 'example_complex' retrieved from /home/airflow/.local/lib/python3.12/site-packages/airflow/example_dags/example_complex.py
[2025-04-21T17:03:29.697+0000] {logging_mixin.py:190} INFO - [2025-04-21T17:03:29.697+0000] {dag.py:3239} INFO - Sync 1 DAGs
[2025-04-21T17:03:29.704+0000] {logging_mixin.py:190} INFO - [2025-04-21T17:03:29.704+0000] {dag.py:4180} INFO - Setting next_dagrun for example_complex to None, run_after=None
[2025-04-21T17:03:29.714+0000] {processor.py:208} INFO - Processing /home/airflow/.local/lib/python3.12/site-packages/airflow/example_dags/example_complex.py took 0.050 seconds
[2025-04-21T17:03:59.787+0000] {processor.py:186} INFO - Started process (PID=299) to work on /home/airflow/.local/lib/python3.12/site-packages/airflow/example_dags/example_complex.py
[2025-04-21T17:03:59.789+0000] {processor.py:914} INFO - Processing file /home/airflow/.local/lib/python3.12/site-packages/airflow/example_dags/example_complex.py for tasks to queue
[2025-04-21T17:03:59.792+0000] {logging_mixin.py:190} INFO - [2025-04-21T17:03:59.792+0000] {dagbag.py:588} INFO - Filling up the DagBag from /home/airflow/.local/lib/python3.12/site-packages/airflow/example_dags/example_complex.py
[2025-04-21T17:03:59.799+0000] {processor.py:925} INFO - DAG(s) 'example_complex' retrieved from /home/airflow/.local/lib/python3.12/site-packages/airflow/example_dags/example_complex.py
[2025-04-21T17:03:59.814+0000] {logging_mixin.py:190} INFO - [2025-04-21T17:03:59.814+0000] {dag.py:3239} INFO - Sync 1 DAGs
[2025-04-21T17:03:59.821+0000] {logging_mixin.py:190} INFO - [2025-04-21T17:03:59.821+0000] {dag.py:4180} INFO - Setting next_dagrun for example_complex to None, run_after=None
[2025-04-21T17:03:59.830+0000] {processor.py:208} INFO - Processing /home/airflow/.local/lib/python3.12/site-packages/airflow/example_dags/example_complex.py took 0.047 seconds
[2025-04-21T17:04:30.053+0000] {processor.py:186} INFO - Started process (PID=362) to work on /home/airflow/.local/lib/python3.12/site-packages/airflow/example_dags/example_complex.py
[2025-04-21T17:04:30.054+0000] {processor.py:914} INFO - Processing file /home/airflow/.local/lib/python3.12/site-packages/airflow/example_dags/example_complex.py for tasks to queue
[2025-04-21T17:04:30.056+0000] {logging_mixin.py:190} INFO - [2025-04-21T17:04:30.056+0000] {dagbag.py:588} INFO - Filling up the DagBag from /home/airflow/.local/lib/python3.12/site-packages/airflow/example_dags/example_complex.py
[2025-04-21T17:04:30.065+0000] {processor.py:925} INFO - DAG(s) 'example_complex' retrieved from /home/airflow/.local/lib/python3.12/site-packages/airflow/example_dags/example_complex.py
[2025-04-21T17:04:30.081+0000] {logging_mixin.py:190} INFO - [2025-04-21T17:04:30.081+0000] {dag.py:3239} INFO - Sync 1 DAGs
[2025-04-21T17:04:30.087+0000] {logging_mixin.py:190} INFO - [2025-04-21T17:04:30.087+0000] {dag.py:4180} INFO - Setting next_dagrun for example_complex to None, run_after=None
[2025-04-21T17:04:30.097+0000] {processor.py:208} INFO - Processing /home/airflow/.local/lib/python3.12/site-packages/airflow/example_dags/example_complex.py took 0.049 seconds
[2025-04-21T17:05:00.237+0000] {processor.py:186} INFO - Started process (PID=425) to work on /home/airflow/.local/lib/python3.12/site-packages/airflow/example_dags/example_complex.py
[2025-04-21T17:05:00.239+0000] {processor.py:914} INFO - Processing file /home/airflow/.local/lib/python3.12/site-packages/airflow/example_dags/example_complex.py for tasks to queue
[2025-04-21T17:05:00.241+0000] {logging_mixin.py:190} INFO - [2025-04-21T17:05:00.241+0000] {dagbag.py:588} INFO - Filling up the DagBag from /home/airflow/.local/lib/python3.12/site-packages/airflow/example_dags/example_complex.py
[2025-04-21T17:05:00.249+0000] {processor.py:925} INFO - DAG(s) 'example_complex' retrieved from /home/airflow/.local/lib/python3.12/site-packages/airflow/example_dags/example_complex.py
[2025-04-21T17:05:00.266+0000] {logging_mixin.py:190} INFO - [2025-04-21T17:05:00.266+0000] {dag.py:3239} INFO - Sync 1 DAGs
[2025-04-21T17:05:00.273+0000] {logging_mixin.py:190} INFO - [2025-04-21T17:05:00.273+0000] {dag.py:4180} INFO - Setting next_dagrun for example_complex to None, run_after=None
[2025-04-21T17:05:00.282+0000] {processor.py:208} INFO - Processing /home/airflow/.local/lib/python3.12/site-packages/airflow/example_dags/example_complex.py took 0.049 seconds
[2025-04-21T17:05:54.088+0000] {processor.py:186} INFO - Started process (PID=48) to work on /home/airflow/.local/lib/python3.12/site-packages/airflow/example_dags/example_complex.py
[2025-04-21T17:05:54.089+0000] {processor.py:914} INFO - Processing file /home/airflow/.local/lib/python3.12/site-packages/airflow/example_dags/example_complex.py for tasks to queue
[2025-04-21T17:05:54.090+0000] {logging_mixin.py:190} INFO - [2025-04-21T17:05:54.090+0000] {dagbag.py:588} INFO - Filling up the DagBag from /home/airflow/.local/lib/python3.12/site-packages/airflow/example_dags/example_complex.py
[2025-04-21T17:05:54.101+0000] {processor.py:925} INFO - DAG(s) 'example_complex' retrieved from /home/airflow/.local/lib/python3.12/site-packages/airflow/example_dags/example_complex.py
[2025-04-21T17:05:54.130+0000] {logging_mixin.py:190} INFO - [2025-04-21T17:05:54.130+0000] {dag.py:3239} INFO - Sync 1 DAGs
[2025-04-21T17:05:54.136+0000] {logging_mixin.py:190} INFO - [2025-04-21T17:05:54.136+0000] {dag.py:4180} INFO - Setting next_dagrun for example_complex to None, run_after=None
[2025-04-21T17:05:54.148+0000] {processor.py:208} INFO - Processing /home/airflow/.local/lib/python3.12/site-packages/airflow/example_dags/example_complex.py took 0.063 seconds
[2025-04-21T17:06:25.165+0000] {processor.py:186} INFO - Started process (PID=111) to work on /home/airflow/.local/lib/python3.12/site-packages/airflow/example_dags/example_complex.py
[2025-04-21T17:06:25.166+0000] {processor.py:914} INFO - Processing file /home/airflow/.local/lib/python3.12/site-packages/airflow/example_dags/example_complex.py for tasks to queue
[2025-04-21T17:06:25.168+0000] {logging_mixin.py:190} INFO - [2025-04-21T17:06:25.168+0000] {dagbag.py:588} INFO - Filling up the DagBag from /home/airflow/.local/lib/python3.12/site-packages/airflow/example_dags/example_complex.py
[2025-04-21T17:06:25.176+0000] {processor.py:925} INFO - DAG(s) 'example_complex' retrieved from /home/airflow/.local/lib/python3.12/site-packages/airflow/example_dags/example_complex.py
[2025-04-21T17:06:25.192+0000] {logging_mixin.py:190} INFO - [2025-04-21T17:06:25.192+0000] {dag.py:3239} INFO - Sync 1 DAGs
[2025-04-21T17:06:25.199+0000] {logging_mixin.py:190} INFO - [2025-04-21T17:06:25.199+0000] {dag.py:4180} INFO - Setting next_dagrun for example_complex to None, run_after=None
[2025-04-21T17:06:25.206+0000] {processor.py:208} INFO - Processing /home/airflow/.local/lib/python3.12/site-packages/airflow/example_dags/example_complex.py took 0.045 seconds
[2025-04-21T17:06:55.312+0000] {processor.py:186} INFO - Started process (PID=174) to work on /home/airflow/.local/lib/python3.12/site-packages/airflow/example_dags/example_complex.py
[2025-04-21T17:06:55.313+0000] {processor.py:914} INFO - Processing file /home/airflow/.local/lib/python3.12/site-packages/airflow/example_dags/example_complex.py for tasks to queue
[2025-04-21T17:06:55.315+0000] {logging_mixin.py:190} INFO - [2025-04-21T17:06:55.315+0000] {dagbag.py:588} INFO - Filling up the DagBag from /home/airflow/.local/lib/python3.12/site-packages/airflow/example_dags/example_complex.py
[2025-04-21T17:06:55.324+0000] {processor.py:925} INFO - DAG(s) 'example_complex' retrieved from /home/airflow/.local/lib/python3.12/site-packages/airflow/example_dags/example_complex.py
[2025-04-21T17:06:55.341+0000] {logging_mixin.py:190} INFO - [2025-04-21T17:06:55.341+0000] {dag.py:3239} INFO - Sync 1 DAGs
[2025-04-21T17:06:55.349+0000] {logging_mixin.py:190} INFO - [2025-04-21T17:06:55.349+0000] {dag.py:4180} INFO - Setting next_dagrun for example_complex to None, run_after=None
[2025-04-21T17:06:55.358+0000] {processor.py:208} INFO - Processing /home/airflow/.local/lib/python3.12/site-packages/airflow/example_dags/example_complex.py took 0.050 seconds
[2025-04-21T17:07:25.467+0000] {processor.py:186} INFO - Started process (PID=237) to work on /home/airflow/.local/lib/python3.12/site-packages/airflow/example_dags/example_complex.py
[2025-04-21T17:07:25.468+0000] {processor.py:914} INFO - Processing file /home/airflow/.local/lib/python3.12/site-packages/airflow/example_dags/example_complex.py for tasks to queue
[2025-04-21T17:07:25.469+0000] {logging_mixin.py:190} INFO - [2025-04-21T17:07:25.469+0000] {dagbag.py:588} INFO - Filling up the DagBag from /home/airflow/.local/lib/python3.12/site-packages/airflow/example_dags/example_complex.py
[2025-04-21T17:07:25.476+0000] {processor.py:925} INFO - DAG(s) 'example_complex' retrieved from /home/airflow/.local/lib/python3.12/site-packages/airflow/example_dags/example_complex.py
[2025-04-21T17:07:25.489+0000] {logging_mixin.py:190} INFO - [2025-04-21T17:07:25.489+0000] {dag.py:3239} INFO - Sync 1 DAGs
[2025-04-21T17:07:25.497+0000] {logging_mixin.py:190} INFO - [2025-04-21T17:07:25.497+0000] {dag.py:4180} INFO - Setting next_dagrun for example_complex to None, run_after=None
[2025-04-21T17:07:25.504+0000] {processor.py:208} INFO - Processing /home/airflow/.local/lib/python3.12/site-packages/airflow/example_dags/example_complex.py took 0.040 seconds
[2025-04-21T17:07:56.498+0000] {processor.py:186} INFO - Started process (PID=300) to work on /home/airflow/.local/lib/python3.12/site-packages/airflow/example_dags/example_complex.py
[2025-04-21T17:07:56.501+0000] {processor.py:914} INFO - Processing file /home/airflow/.local/lib/python3.12/site-packages/airflow/example_dags/example_complex.py for tasks to queue
[2025-04-21T17:07:56.502+0000] {logging_mixin.py:190} INFO - [2025-04-21T17:07:56.502+0000] {dagbag.py:588} INFO - Filling up the DagBag from /home/airflow/.local/lib/python3.12/site-packages/airflow/example_dags/example_complex.py
[2025-04-21T17:07:56.509+0000] {processor.py:925} INFO - DAG(s) 'example_complex' retrieved from /home/airflow/.local/lib/python3.12/site-packages/airflow/example_dags/example_complex.py
[2025-04-21T17:07:56.522+0000] {logging_mixin.py:190} INFO - [2025-04-21T17:07:56.522+0000] {dag.py:3239} INFO - Sync 1 DAGs
[2025-04-21T17:07:56.530+0000] {logging_mixin.py:190} INFO - [2025-04-21T17:07:56.530+0000] {dag.py:4180} INFO - Setting next_dagrun for example_complex to None, run_after=None
[2025-04-21T17:07:56.537+0000] {processor.py:208} INFO - Processing /home/airflow/.local/lib/python3.12/site-packages/airflow/example_dags/example_complex.py took 0.042 seconds
[2025-04-21T17:08:26.573+0000] {processor.py:186} INFO - Started process (PID=363) to work on /home/airflow/.local/lib/python3.12/site-packages/airflow/example_dags/example_complex.py
[2025-04-21T17:08:26.576+0000] {processor.py:914} INFO - Processing file /home/airflow/.local/lib/python3.12/site-packages/airflow/example_dags/example_complex.py for tasks to queue
[2025-04-21T17:08:26.578+0000] {logging_mixin.py:190} INFO - [2025-04-21T17:08:26.578+0000] {dagbag.py:588} INFO - Filling up the DagBag from /home/airflow/.local/lib/python3.12/site-packages/airflow/example_dags/example_complex.py
[2025-04-21T17:08:26.587+0000] {processor.py:925} INFO - DAG(s) 'example_complex' retrieved from /home/airflow/.local/lib/python3.12/site-packages/airflow/example_dags/example_complex.py
[2025-04-21T17:08:26.602+0000] {logging_mixin.py:190} INFO - [2025-04-21T17:08:26.602+0000] {dag.py:3239} INFO - Sync 1 DAGs
[2025-04-21T17:08:26.609+0000] {logging_mixin.py:190} INFO - [2025-04-21T17:08:26.609+0000] {dag.py:4180} INFO - Setting next_dagrun for example_complex to None, run_after=None
[2025-04-21T17:08:26.618+0000] {processor.py:208} INFO - Processing /home/airflow/.local/lib/python3.12/site-packages/airflow/example_dags/example_complex.py took 0.049 seconds
[2025-04-21T17:08:56.844+0000] {processor.py:186} INFO - Started process (PID=426) to work on /home/airflow/.local/lib/python3.12/site-packages/airflow/example_dags/example_complex.py
[2025-04-21T17:08:56.845+0000] {processor.py:914} INFO - Processing file /home/airflow/.local/lib/python3.12/site-packages/airflow/example_dags/example_complex.py for tasks to queue
[2025-04-21T17:08:56.846+0000] {logging_mixin.py:190} INFO - [2025-04-21T17:08:56.846+0000] {dagbag.py:588} INFO - Filling up the DagBag from /home/airflow/.local/lib/python3.12/site-packages/airflow/example_dags/example_complex.py
[2025-04-21T17:08:56.855+0000] {processor.py:925} INFO - DAG(s) 'example_complex' retrieved from /home/airflow/.local/lib/python3.12/site-packages/airflow/example_dags/example_complex.py
[2025-04-21T17:08:56.872+0000] {logging_mixin.py:190} INFO - [2025-04-21T17:08:56.872+0000] {dag.py:3239} INFO - Sync 1 DAGs
[2025-04-21T17:08:56.879+0000] {logging_mixin.py:190} INFO - [2025-04-21T17:08:56.879+0000] {dag.py:4180} INFO - Setting next_dagrun for example_complex to None, run_after=None
[2025-04-21T17:08:56.886+0000] {processor.py:208} INFO - Processing /home/airflow/.local/lib/python3.12/site-packages/airflow/example_dags/example_complex.py took 0.047 seconds
[2025-04-21T17:09:27.885+0000] {processor.py:186} INFO - Started process (PID=489) to work on /home/airflow/.local/lib/python3.12/site-packages/airflow/example_dags/example_complex.py
[2025-04-21T17:09:27.885+0000] {processor.py:914} INFO - Processing file /home/airflow/.local/lib/python3.12/site-packages/airflow/example_dags/example_complex.py for tasks to queue
[2025-04-21T17:09:27.886+0000] {logging_mixin.py:190} INFO - [2025-04-21T17:09:27.886+0000] {dagbag.py:588} INFO - Filling up the DagBag from /home/airflow/.local/lib/python3.12/site-packages/airflow/example_dags/example_complex.py
[2025-04-21T17:09:27.892+0000] {processor.py:925} INFO - DAG(s) 'example_complex' retrieved from /home/airflow/.local/lib/python3.12/site-packages/airflow/example_dags/example_complex.py
[2025-04-21T17:09:27.906+0000] {logging_mixin.py:190} INFO - [2025-04-21T17:09:27.905+0000] {dag.py:3239} INFO - Sync 1 DAGs
[2025-04-21T17:09:27.911+0000] {logging_mixin.py:190} INFO - [2025-04-21T17:09:27.911+0000] {dag.py:4180} INFO - Setting next_dagrun for example_complex to None, run_after=None
[2025-04-21T17:09:27.918+0000] {processor.py:208} INFO - Processing /home/airflow/.local/lib/python3.12/site-packages/airflow/example_dags/example_complex.py took 0.037 seconds
[2025-04-21T17:09:57.958+0000] {processor.py:186} INFO - Started process (PID=552) to work on /home/airflow/.local/lib/python3.12/site-packages/airflow/example_dags/example_complex.py
[2025-04-21T17:09:57.958+0000] {processor.py:914} INFO - Processing file /home/airflow/.local/lib/python3.12/site-packages/airflow/example_dags/example_complex.py for tasks to queue
[2025-04-21T17:09:57.963+0000] {logging_mixin.py:190} INFO - [2025-04-21T17:09:57.963+0000] {dagbag.py:588} INFO - Filling up the DagBag from /home/airflow/.local/lib/python3.12/site-packages/airflow/example_dags/example_complex.py
[2025-04-21T17:09:57.969+0000] {processor.py:925} INFO - DAG(s) 'example_complex' retrieved from /home/airflow/.local/lib/python3.12/site-packages/airflow/example_dags/example_complex.py
[2025-04-21T17:09:57.982+0000] {logging_mixin.py:190} INFO - [2025-04-21T17:09:57.982+0000] {dag.py:3239} INFO - Sync 1 DAGs
[2025-04-21T17:09:57.990+0000] {logging_mixin.py:190} INFO - [2025-04-21T17:09:57.990+0000] {dag.py:4180} INFO - Setting next_dagrun for example_complex to None, run_after=None
[2025-04-21T17:09:57.997+0000] {processor.py:208} INFO - Processing /home/airflow/.local/lib/python3.12/site-packages/airflow/example_dags/example_complex.py took 0.043 seconds
[2025-04-21T17:10:28.098+0000] {processor.py:186} INFO - Started process (PID=615) to work on /home/airflow/.local/lib/python3.12/site-packages/airflow/example_dags/example_complex.py
[2025-04-21T17:10:28.102+0000] {processor.py:914} INFO - Processing file /home/airflow/.local/lib/python3.12/site-packages/airflow/example_dags/example_complex.py for tasks to queue
[2025-04-21T17:10:28.103+0000] {logging_mixin.py:190} INFO - [2025-04-21T17:10:28.103+0000] {dagbag.py:588} INFO - Filling up the DagBag from /home/airflow/.local/lib/python3.12/site-packages/airflow/example_dags/example_complex.py
[2025-04-21T17:10:28.113+0000] {processor.py:925} INFO - DAG(s) 'example_complex' retrieved from /home/airflow/.local/lib/python3.12/site-packages/airflow/example_dags/example_complex.py
[2025-04-21T17:10:28.129+0000] {logging_mixin.py:190} INFO - [2025-04-21T17:10:28.129+0000] {dag.py:3239} INFO - Sync 1 DAGs
[2025-04-21T17:10:28.137+0000] {logging_mixin.py:190} INFO - [2025-04-21T17:10:28.137+0000] {dag.py:4180} INFO - Setting next_dagrun for example_complex to None, run_after=None
[2025-04-21T17:10:28.146+0000] {processor.py:208} INFO - Processing /home/airflow/.local/lib/python3.12/site-packages/airflow/example_dags/example_complex.py took 0.053 seconds
[2025-04-21T17:10:58.241+0000] {processor.py:186} INFO - Started process (PID=679) to work on /home/airflow/.local/lib/python3.12/site-packages/airflow/example_dags/example_complex.py
[2025-04-21T17:10:58.243+0000] {processor.py:914} INFO - Processing file /home/airflow/.local/lib/python3.12/site-packages/airflow/example_dags/example_complex.py for tasks to queue
[2025-04-21T17:10:58.247+0000] {logging_mixin.py:190} INFO - [2025-04-21T17:10:58.246+0000] {dagbag.py:588} INFO - Filling up the DagBag from /home/airflow/.local/lib/python3.12/site-packages/airflow/example_dags/example_complex.py
[2025-04-21T17:10:58.255+0000] {processor.py:925} INFO - DAG(s) 'example_complex' retrieved from /home/airflow/.local/lib/python3.12/site-packages/airflow/example_dags/example_complex.py
[2025-04-21T17:10:58.271+0000] {logging_mixin.py:190} INFO - [2025-04-21T17:10:58.271+0000] {dag.py:3239} INFO - Sync 1 DAGs
[2025-04-21T17:10:58.277+0000] {logging_mixin.py:190} INFO - [2025-04-21T17:10:58.277+0000] {dag.py:4180} INFO - Setting next_dagrun for example_complex to None, run_after=None
[2025-04-21T17:10:58.287+0000] {processor.py:208} INFO - Processing /home/airflow/.local/lib/python3.12/site-packages/airflow/example_dags/example_complex.py took 0.051 seconds
[2025-04-21T17:11:28.425+0000] {processor.py:186} INFO - Started process (PID=743) to work on /home/airflow/.local/lib/python3.12/site-packages/airflow/example_dags/example_complex.py
[2025-04-21T17:11:28.426+0000] {processor.py:914} INFO - Processing file /home/airflow/.local/lib/python3.12/site-packages/airflow/example_dags/example_complex.py for tasks to queue
[2025-04-21T17:11:28.431+0000] {logging_mixin.py:190} INFO - [2025-04-21T17:11:28.431+0000] {dagbag.py:588} INFO - Filling up the DagBag from /home/airflow/.local/lib/python3.12/site-packages/airflow/example_dags/example_complex.py
[2025-04-21T17:11:28.437+0000] {processor.py:925} INFO - DAG(s) 'example_complex' retrieved from /home/airflow/.local/lib/python3.12/site-packages/airflow/example_dags/example_complex.py
[2025-04-21T17:11:28.452+0000] {logging_mixin.py:190} INFO - [2025-04-21T17:11:28.452+0000] {dag.py:3239} INFO - Sync 1 DAGs
[2025-04-21T17:11:28.459+0000] {logging_mixin.py:190} INFO - [2025-04-21T17:11:28.459+0000] {dag.py:4180} INFO - Setting next_dagrun for example_complex to None, run_after=None
[2025-04-21T17:11:28.468+0000] {processor.py:208} INFO - Processing /home/airflow/.local/lib/python3.12/site-packages/airflow/example_dags/example_complex.py took 0.047 seconds
[2025-04-21T17:11:58.759+0000] {processor.py:186} INFO - Started process (PID=807) to work on /home/airflow/.local/lib/python3.12/site-packages/airflow/example_dags/example_complex.py
[2025-04-21T17:11:58.763+0000] {processor.py:914} INFO - Processing file /home/airflow/.local/lib/python3.12/site-packages/airflow/example_dags/example_complex.py for tasks to queue
[2025-04-21T17:11:58.767+0000] {logging_mixin.py:190} INFO - [2025-04-21T17:11:58.766+0000] {dagbag.py:588} INFO - Filling up the DagBag from /home/airflow/.local/lib/python3.12/site-packages/airflow/example_dags/example_complex.py
[2025-04-21T17:11:58.776+0000] {processor.py:925} INFO - DAG(s) 'example_complex' retrieved from /home/airflow/.local/lib/python3.12/site-packages/airflow/example_dags/example_complex.py
[2025-04-21T17:11:58.796+0000] {logging_mixin.py:190} INFO - [2025-04-21T17:11:58.796+0000] {dag.py:3239} INFO - Sync 1 DAGs
[2025-04-21T17:11:58.803+0000] {logging_mixin.py:190} INFO - [2025-04-21T17:11:58.803+0000] {dag.py:4180} INFO - Setting next_dagrun for example_complex to None, run_after=None
[2025-04-21T17:11:58.812+0000] {processor.py:208} INFO - Processing /home/airflow/.local/lib/python3.12/site-packages/airflow/example_dags/example_complex.py took 0.057 seconds
[2025-04-21T17:12:29.345+0000] {processor.py:186} INFO - Started process (PID=871) to work on /home/airflow/.local/lib/python3.12/site-packages/airflow/example_dags/example_complex.py
[2025-04-21T17:12:29.348+0000] {processor.py:914} INFO - Processing file /home/airflow/.local/lib/python3.12/site-packages/airflow/example_dags/example_complex.py for tasks to queue
[2025-04-21T17:12:29.350+0000] {logging_mixin.py:190} INFO - [2025-04-21T17:12:29.350+0000] {dagbag.py:588} INFO - Filling up the DagBag from /home/airflow/.local/lib/python3.12/site-packages/airflow/example_dags/example_complex.py
[2025-04-21T17:12:29.360+0000] {processor.py:925} INFO - DAG(s) 'example_complex' retrieved from /home/airflow/.local/lib/python3.12/site-packages/airflow/example_dags/example_complex.py
[2025-04-21T17:12:29.379+0000] {logging_mixin.py:190} INFO - [2025-04-21T17:12:29.379+0000] {dag.py:3239} INFO - Sync 1 DAGs
[2025-04-21T17:12:29.386+0000] {logging_mixin.py:190} INFO - [2025-04-21T17:12:29.386+0000] {dag.py:4180} INFO - Setting next_dagrun for example_complex to None, run_after=None
[2025-04-21T17:12:29.397+0000] {processor.py:208} INFO - Processing /home/airflow/.local/lib/python3.12/site-packages/airflow/example_dags/example_complex.py took 0.057 seconds
[2025-04-21T17:13:00.137+0000] {processor.py:186} INFO - Started process (PID=935) to work on /home/airflow/.local/lib/python3.12/site-packages/airflow/example_dags/example_complex.py
[2025-04-21T17:13:00.139+0000] {processor.py:914} INFO - Processing file /home/airflow/.local/lib/python3.12/site-packages/airflow/example_dags/example_complex.py for tasks to queue
[2025-04-21T17:13:00.142+0000] {logging_mixin.py:190} INFO - [2025-04-21T17:13:00.142+0000] {dagbag.py:588} INFO - Filling up the DagBag from /home/airflow/.local/lib/python3.12/site-packages/airflow/example_dags/example_complex.py
[2025-04-21T17:13:00.151+0000] {processor.py:925} INFO - DAG(s) 'example_complex' retrieved from /home/airflow/.local/lib/python3.12/site-packages/airflow/example_dags/example_complex.py
[2025-04-21T17:13:00.170+0000] {logging_mixin.py:190} INFO - [2025-04-21T17:13:00.170+0000] {dag.py:3239} INFO - Sync 1 DAGs
[2025-04-21T17:13:00.177+0000] {logging_mixin.py:190} INFO - [2025-04-21T17:13:00.177+0000] {dag.py:4180} INFO - Setting next_dagrun for example_complex to None, run_after=None
[2025-04-21T17:13:00.196+0000] {processor.py:208} INFO - Processing /home/airflow/.local/lib/python3.12/site-packages/airflow/example_dags/example_complex.py took 0.064 seconds
[2025-04-21T17:13:30.522+0000] {processor.py:186} INFO - Started process (PID=999) to work on /home/airflow/.local/lib/python3.12/site-packages/airflow/example_dags/example_complex.py
[2025-04-21T17:13:30.524+0000] {processor.py:914} INFO - Processing file /home/airflow/.local/lib/python3.12/site-packages/airflow/example_dags/example_complex.py for tasks to queue
[2025-04-21T17:13:30.529+0000] {logging_mixin.py:190} INFO - [2025-04-21T17:13:30.529+0000] {dagbag.py:588} INFO - Filling up the DagBag from /home/airflow/.local/lib/python3.12/site-packages/airflow/example_dags/example_complex.py
[2025-04-21T17:13:30.538+0000] {processor.py:925} INFO - DAG(s) 'example_complex' retrieved from /home/airflow/.local/lib/python3.12/site-packages/airflow/example_dags/example_complex.py
[2025-04-21T17:13:30.554+0000] {logging_mixin.py:190} INFO - [2025-04-21T17:13:30.554+0000] {dag.py:3239} INFO - Sync 1 DAGs
[2025-04-21T17:13:30.561+0000] {logging_mixin.py:190} INFO - [2025-04-21T17:13:30.561+0000] {dag.py:4180} INFO - Setting next_dagrun for example_complex to None, run_after=None
[2025-04-21T17:13:30.571+0000] {processor.py:208} INFO - Processing /home/airflow/.local/lib/python3.12/site-packages/airflow/example_dags/example_complex.py took 0.054 seconds
[2025-04-21T17:14:01.066+0000] {processor.py:186} INFO - Started process (PID=1063) to work on /home/airflow/.local/lib/python3.12/site-packages/airflow/example_dags/example_complex.py
[2025-04-21T17:14:01.068+0000] {processor.py:914} INFO - Processing file /home/airflow/.local/lib/python3.12/site-packages/airflow/example_dags/example_complex.py for tasks to queue
[2025-04-21T17:14:01.073+0000] {logging_mixin.py:190} INFO - [2025-04-21T17:14:01.073+0000] {dagbag.py:588} INFO - Filling up the DagBag from /home/airflow/.local/lib/python3.12/site-packages/airflow/example_dags/example_complex.py
[2025-04-21T17:14:01.081+0000] {processor.py:925} INFO - DAG(s) 'example_complex' retrieved from /home/airflow/.local/lib/python3.12/site-packages/airflow/example_dags/example_complex.py
[2025-04-21T17:14:01.097+0000] {logging_mixin.py:190} INFO - [2025-04-21T17:14:01.097+0000] {dag.py:3239} INFO - Sync 1 DAGs
[2025-04-21T17:14:01.103+0000] {logging_mixin.py:190} INFO - [2025-04-21T17:14:01.103+0000] {dag.py:4180} INFO - Setting next_dagrun for example_complex to None, run_after=None
[2025-04-21T17:14:01.113+0000] {processor.py:208} INFO - Processing /home/airflow/.local/lib/python3.12/site-packages/airflow/example_dags/example_complex.py took 0.052 seconds
[2025-04-21T17:14:31.220+0000] {processor.py:186} INFO - Started process (PID=1127) to work on /home/airflow/.local/lib/python3.12/site-packages/airflow/example_dags/example_complex.py
[2025-04-21T17:14:31.224+0000] {processor.py:914} INFO - Processing file /home/airflow/.local/lib/python3.12/site-packages/airflow/example_dags/example_complex.py for tasks to queue
[2025-04-21T17:14:31.227+0000] {logging_mixin.py:190} INFO - [2025-04-21T17:14:31.226+0000] {dagbag.py:588} INFO - Filling up the DagBag from /home/airflow/.local/lib/python3.12/site-packages/airflow/example_dags/example_complex.py
[2025-04-21T17:14:31.233+0000] {processor.py:925} INFO - DAG(s) 'example_complex' retrieved from /home/airflow/.local/lib/python3.12/site-packages/airflow/example_dags/example_complex.py
[2025-04-21T17:14:31.254+0000] {logging_mixin.py:190} INFO - [2025-04-21T17:14:31.254+0000] {dag.py:3239} INFO - Sync 1 DAGs
[2025-04-21T17:14:31.260+0000] {logging_mixin.py:190} INFO - [2025-04-21T17:14:31.260+0000] {dag.py:4180} INFO - Setting next_dagrun for example_complex to None, run_after=None
[2025-04-21T17:14:31.268+0000] {processor.py:208} INFO - Processing /home/airflow/.local/lib/python3.12/site-packages/airflow/example_dags/example_complex.py took 0.051 seconds
[2025-04-21T17:15:01.630+0000] {processor.py:186} INFO - Started process (PID=1191) to work on /home/airflow/.local/lib/python3.12/site-packages/airflow/example_dags/example_complex.py
[2025-04-21T17:15:01.635+0000] {processor.py:914} INFO - Processing file /home/airflow/.local/lib/python3.12/site-packages/airflow/example_dags/example_complex.py for tasks to queue
[2025-04-21T17:15:01.636+0000] {logging_mixin.py:190} INFO - [2025-04-21T17:15:01.636+0000] {dagbag.py:588} INFO - Filling up the DagBag from /home/airflow/.local/lib/python3.12/site-packages/airflow/example_dags/example_complex.py
[2025-04-21T17:15:01.645+0000] {processor.py:925} INFO - DAG(s) 'example_complex' retrieved from /home/airflow/.local/lib/python3.12/site-packages/airflow/example_dags/example_complex.py
[2025-04-21T17:15:01.661+0000] {logging_mixin.py:190} INFO - [2025-04-21T17:15:01.660+0000] {dag.py:3239} INFO - Sync 1 DAGs
[2025-04-21T17:15:01.666+0000] {logging_mixin.py:190} INFO - [2025-04-21T17:15:01.666+0000] {dag.py:4180} INFO - Setting next_dagrun for example_complex to None, run_after=None
[2025-04-21T17:15:01.676+0000] {processor.py:208} INFO - Processing /home/airflow/.local/lib/python3.12/site-packages/airflow/example_dags/example_complex.py took 0.050 seconds
[2025-04-21T17:15:31.772+0000] {processor.py:186} INFO - Started process (PID=1255) to work on /home/airflow/.local/lib/python3.12/site-packages/airflow/example_dags/example_complex.py
[2025-04-21T17:15:31.774+0000] {processor.py:914} INFO - Processing file /home/airflow/.local/lib/python3.12/site-packages/airflow/example_dags/example_complex.py for tasks to queue
[2025-04-21T17:15:31.778+0000] {logging_mixin.py:190} INFO - [2025-04-21T17:15:31.777+0000] {dagbag.py:588} INFO - Filling up the DagBag from /home/airflow/.local/lib/python3.12/site-packages/airflow/example_dags/example_complex.py
[2025-04-21T17:15:31.788+0000] {processor.py:925} INFO - DAG(s) 'example_complex' retrieved from /home/airflow/.local/lib/python3.12/site-packages/airflow/example_dags/example_complex.py
[2025-04-21T17:15:31.804+0000] {logging_mixin.py:190} INFO - [2025-04-21T17:15:31.804+0000] {dag.py:3239} INFO - Sync 1 DAGs
[2025-04-21T17:15:31.811+0000] {logging_mixin.py:190} INFO - [2025-04-21T17:15:31.811+0000] {dag.py:4180} INFO - Setting next_dagrun for example_complex to None, run_after=None
[2025-04-21T17:15:31.820+0000] {processor.py:208} INFO - Processing /home/airflow/.local/lib/python3.12/site-packages/airflow/example_dags/example_complex.py took 0.053 seconds
[2025-04-21T17:16:02.310+0000] {processor.py:186} INFO - Started process (PID=1319) to work on /home/airflow/.local/lib/python3.12/site-packages/airflow/example_dags/example_complex.py
[2025-04-21T17:16:02.313+0000] {processor.py:914} INFO - Processing file /home/airflow/.local/lib/python3.12/site-packages/airflow/example_dags/example_complex.py for tasks to queue
[2025-04-21T17:16:02.318+0000] {logging_mixin.py:190} INFO - [2025-04-21T17:16:02.317+0000] {dagbag.py:588} INFO - Filling up the DagBag from /home/airflow/.local/lib/python3.12/site-packages/airflow/example_dags/example_complex.py
[2025-04-21T17:16:02.324+0000] {processor.py:925} INFO - DAG(s) 'example_complex' retrieved from /home/airflow/.local/lib/python3.12/site-packages/airflow/example_dags/example_complex.py
[2025-04-21T17:16:02.341+0000] {logging_mixin.py:190} INFO - [2025-04-21T17:16:02.341+0000] {dag.py:3239} INFO - Sync 1 DAGs
[2025-04-21T17:16:02.348+0000] {logging_mixin.py:190} INFO - [2025-04-21T17:16:02.348+0000] {dag.py:4180} INFO - Setting next_dagrun for example_complex to None, run_after=None
[2025-04-21T17:16:02.359+0000] {processor.py:208} INFO - Processing /home/airflow/.local/lib/python3.12/site-packages/airflow/example_dags/example_complex.py took 0.053 seconds
[2025-04-21T17:16:32.667+0000] {processor.py:186} INFO - Started process (PID=1385) to work on /home/airflow/.local/lib/python3.12/site-packages/airflow/example_dags/example_complex.py
[2025-04-21T17:16:32.671+0000] {processor.py:914} INFO - Processing file /home/airflow/.local/lib/python3.12/site-packages/airflow/example_dags/example_complex.py for tasks to queue
[2025-04-21T17:16:32.673+0000] {logging_mixin.py:190} INFO - [2025-04-21T17:16:32.672+0000] {dagbag.py:588} INFO - Filling up the DagBag from /home/airflow/.local/lib/python3.12/site-packages/airflow/example_dags/example_complex.py
[2025-04-21T17:16:32.685+0000] {processor.py:925} INFO - DAG(s) 'example_complex' retrieved from /home/airflow/.local/lib/python3.12/site-packages/airflow/example_dags/example_complex.py
[2025-04-21T17:16:32.698+0000] {logging_mixin.py:190} INFO - [2025-04-21T17:16:32.698+0000] {dag.py:3239} INFO - Sync 1 DAGs
[2025-04-21T17:16:32.705+0000] {logging_mixin.py:190} INFO - [2025-04-21T17:16:32.705+0000] {dag.py:4180} INFO - Setting next_dagrun for example_complex to None, run_after=None
[2025-04-21T17:16:32.713+0000] {processor.py:208} INFO - Processing /home/airflow/.local/lib/python3.12/site-packages/airflow/example_dags/example_complex.py took 0.050 seconds
[2025-04-21T17:17:02.897+0000] {processor.py:186} INFO - Started process (PID=1449) to work on /home/airflow/.local/lib/python3.12/site-packages/airflow/example_dags/example_complex.py
[2025-04-21T17:17:02.902+0000] {processor.py:914} INFO - Processing file /home/airflow/.local/lib/python3.12/site-packages/airflow/example_dags/example_complex.py for tasks to queue
[2025-04-21T17:17:02.904+0000] {logging_mixin.py:190} INFO - [2025-04-21T17:17:02.904+0000] {dagbag.py:588} INFO - Filling up the DagBag from /home/airflow/.local/lib/python3.12/site-packages/airflow/example_dags/example_complex.py
[2025-04-21T17:17:02.911+0000] {processor.py:925} INFO - DAG(s) 'example_complex' retrieved from /home/airflow/.local/lib/python3.12/site-packages/airflow/example_dags/example_complex.py
[2025-04-21T17:17:02.928+0000] {logging_mixin.py:190} INFO - [2025-04-21T17:17:02.928+0000] {dag.py:3239} INFO - Sync 1 DAGs
[2025-04-21T17:17:02.933+0000] {logging_mixin.py:190} INFO - [2025-04-21T17:17:02.933+0000] {dag.py:4180} INFO - Setting next_dagrun for example_complex to None, run_after=None
[2025-04-21T17:17:02.943+0000] {processor.py:208} INFO - Processing /home/airflow/.local/lib/python3.12/site-packages/airflow/example_dags/example_complex.py took 0.051 seconds
[2025-04-21T17:17:33.050+0000] {processor.py:186} INFO - Started process (PID=1513) to work on /home/airflow/.local/lib/python3.12/site-packages/airflow/example_dags/example_complex.py
[2025-04-21T17:17:33.051+0000] {processor.py:914} INFO - Processing file /home/airflow/.local/lib/python3.12/site-packages/airflow/example_dags/example_complex.py for tasks to queue
[2025-04-21T17:17:33.053+0000] {logging_mixin.py:190} INFO - [2025-04-21T17:17:33.053+0000] {dagbag.py:588} INFO - Filling up the DagBag from /home/airflow/.local/lib/python3.12/site-packages/airflow/example_dags/example_complex.py
[2025-04-21T17:17:33.058+0000] {processor.py:925} INFO - DAG(s) 'example_complex' retrieved from /home/airflow/.local/lib/python3.12/site-packages/airflow/example_dags/example_complex.py
[2025-04-21T17:17:33.072+0000] {logging_mixin.py:190} INFO - [2025-04-21T17:17:33.072+0000] {dag.py:3239} INFO - Sync 1 DAGs
[2025-04-21T17:17:33.077+0000] {logging_mixin.py:190} INFO - [2025-04-21T17:17:33.077+0000] {dag.py:4180} INFO - Setting next_dagrun for example_complex to None, run_after=None
[2025-04-21T17:17:33.085+0000] {processor.py:208} INFO - Processing /home/airflow/.local/lib/python3.12/site-packages/airflow/example_dags/example_complex.py took 0.037 seconds
[2025-04-21T17:18:03.526+0000] {processor.py:186} INFO - Started process (PID=1576) to work on /home/airflow/.local/lib/python3.12/site-packages/airflow/example_dags/example_complex.py
[2025-04-21T17:18:03.533+0000] {processor.py:914} INFO - Processing file /home/airflow/.local/lib/python3.12/site-packages/airflow/example_dags/example_complex.py for tasks to queue
[2025-04-21T17:18:03.534+0000] {logging_mixin.py:190} INFO - [2025-04-21T17:18:03.534+0000] {dagbag.py:588} INFO - Filling up the DagBag from /home/airflow/.local/lib/python3.12/site-packages/airflow/example_dags/example_complex.py
[2025-04-21T17:18:03.540+0000] {processor.py:925} INFO - DAG(s) 'example_complex' retrieved from /home/airflow/.local/lib/python3.12/site-packages/airflow/example_dags/example_complex.py
[2025-04-21T17:18:03.556+0000] {logging_mixin.py:190} INFO - [2025-04-21T17:18:03.555+0000] {dag.py:3239} INFO - Sync 1 DAGs
[2025-04-21T17:18:03.563+0000] {logging_mixin.py:190} INFO - [2025-04-21T17:18:03.563+0000] {dag.py:4180} INFO - Setting next_dagrun for example_complex to None, run_after=None
[2025-04-21T17:18:03.571+0000] {processor.py:208} INFO - Processing /home/airflow/.local/lib/python3.12/site-packages/airflow/example_dags/example_complex.py took 0.050 seconds
[2025-04-21T17:18:33.731+0000] {processor.py:186} INFO - Started process (PID=1640) to work on /home/airflow/.local/lib/python3.12/site-packages/airflow/example_dags/example_complex.py
[2025-04-21T17:18:33.737+0000] {processor.py:914} INFO - Processing file /home/airflow/.local/lib/python3.12/site-packages/airflow/example_dags/example_complex.py for tasks to queue
[2025-04-21T17:18:33.740+0000] {logging_mixin.py:190} INFO - [2025-04-21T17:18:33.740+0000] {dagbag.py:588} INFO - Filling up the DagBag from /home/airflow/.local/lib/python3.12/site-packages/airflow/example_dags/example_complex.py
[2025-04-21T17:18:33.746+0000] {processor.py:925} INFO - DAG(s) 'example_complex' retrieved from /home/airflow/.local/lib/python3.12/site-packages/airflow/example_dags/example_complex.py
[2025-04-21T17:18:33.761+0000] {logging_mixin.py:190} INFO - [2025-04-21T17:18:33.761+0000] {dag.py:3239} INFO - Sync 1 DAGs
[2025-04-21T17:18:33.767+0000] {logging_mixin.py:190} INFO - [2025-04-21T17:18:33.767+0000] {dag.py:4180} INFO - Setting next_dagrun for example_complex to None, run_after=None
[2025-04-21T17:18:33.775+0000] {processor.py:208} INFO - Processing /home/airflow/.local/lib/python3.12/site-packages/airflow/example_dags/example_complex.py took 0.049 seconds
