[2025-04-21T17:01:59.527+0000] {processor.py:186} INFO - Started process (PID=58) to work on /home/airflow/.local/lib/python3.12/site-packages/airflow/example_dags/example_branch_python_dop_operator_3.py
[2025-04-21T17:01:59.528+0000] {processor.py:914} INFO - Processing file /home/airflow/.local/lib/python3.12/site-packages/airflow/example_dags/example_branch_python_dop_operator_3.py for tasks to queue
[2025-04-21T17:01:59.529+0000] {logging_mixin.py:190} INFO - [2025-04-21T17:01:59.529+0000] {dagbag.py:588} INFO - Filling up the DagBag from /home/airflow/.local/lib/python3.12/site-packages/airflow/example_dags/example_branch_python_dop_operator_3.py
[2025-04-21T17:01:59.534+0000] {processor.py:925} INFO - DAG(s) 'example_branch_dop_operator_v3' retrieved from /home/airflow/.local/lib/python3.12/site-packages/airflow/example_dags/example_branch_python_dop_operator_3.py
[2025-04-21T17:01:59.586+0000] {logging_mixin.py:190} INFO - [2025-04-21T17:01:59.585+0000] {override.py:1912} INFO - Created Permission View: can read on DAG:example_branch_dop_operator_v3
[2025-04-21T17:01:59.589+0000] {logging_mixin.py:190} INFO - [2025-04-21T17:01:59.589+0000] {override.py:1912} INFO - Created Permission View: can edit on DAG:example_branch_dop_operator_v3
[2025-04-21T17:01:59.590+0000] {logging_mixin.py:190} INFO - [2025-04-21T17:01:59.590+0000] {override.py:1912} INFO - Created Permission View: can delete on DAG:example_branch_dop_operator_v3
[2025-04-21T17:01:59.592+0000] {logging_mixin.py:190} INFO - [2025-04-21T17:01:59.592+0000] {override.py:1912} INFO - Created Permission View: can read on DAG Run:example_branch_dop_operator_v3
[2025-04-21T17:01:59.594+0000] {logging_mixin.py:190} INFO - [2025-04-21T17:01:59.594+0000] {override.py:1912} INFO - Created Permission View: can delete on DAG Run:example_branch_dop_operator_v3
[2025-04-21T17:01:59.595+0000] {logging_mixin.py:190} INFO - [2025-04-21T17:01:59.595+0000] {override.py:1912} INFO - Created Permission View: menu access on DAG Run:example_branch_dop_operator_v3
[2025-04-21T17:01:59.597+0000] {logging_mixin.py:190} INFO - [2025-04-21T17:01:59.597+0000] {override.py:1912} INFO - Created Permission View: can create on DAG Run:example_branch_dop_operator_v3
[2025-04-21T17:01:59.597+0000] {logging_mixin.py:190} INFO - [2025-04-21T17:01:59.597+0000] {dag.py:3239} INFO - Sync 1 DAGs
[2025-04-21T17:01:59.602+0000] {logging_mixin.py:190} INFO - [2025-04-21T17:01:59.602+0000] {dag.py:3262} INFO - Creating ORM DAG for example_branch_dop_operator_v3
[2025-04-21T17:01:59.607+0000] {logging_mixin.py:190} INFO - [2025-04-21T17:01:59.607+0000] {dag.py:4180} INFO - Setting next_dagrun for example_branch_dop_operator_v3 to 2025-04-21 17:00:00+00:00, run_after=2025-04-21 17:01:00+00:00
[2025-04-21T17:01:59.613+0000] {processor.py:208} INFO - Processing /home/airflow/.local/lib/python3.12/site-packages/airflow/example_dags/example_branch_python_dop_operator_3.py took 0.088 seconds
[2025-04-21T17:02:30.392+0000] {processor.py:186} INFO - Started process (PID=121) to work on /home/airflow/.local/lib/python3.12/site-packages/airflow/example_dags/example_branch_python_dop_operator_3.py
[2025-04-21T17:02:30.393+0000] {processor.py:914} INFO - Processing file /home/airflow/.local/lib/python3.12/site-packages/airflow/example_dags/example_branch_python_dop_operator_3.py for tasks to queue
[2025-04-21T17:02:30.394+0000] {logging_mixin.py:190} INFO - [2025-04-21T17:02:30.394+0000] {dagbag.py:588} INFO - Filling up the DagBag from /home/airflow/.local/lib/python3.12/site-packages/airflow/example_dags/example_branch_python_dop_operator_3.py
[2025-04-21T17:02:30.399+0000] {processor.py:925} INFO - DAG(s) 'example_branch_dop_operator_v3' retrieved from /home/airflow/.local/lib/python3.12/site-packages/airflow/example_dags/example_branch_python_dop_operator_3.py
[2025-04-21T17:02:30.409+0000] {logging_mixin.py:190} INFO - [2025-04-21T17:02:30.409+0000] {dag.py:3239} INFO - Sync 1 DAGs
[2025-04-21T17:02:30.418+0000] {logging_mixin.py:190} INFO - [2025-04-21T17:02:30.417+0000] {dag.py:4180} INFO - Setting next_dagrun for example_branch_dop_operator_v3 to 2025-04-21 17:01:00+00:00, run_after=2025-04-21 17:02:00+00:00
[2025-04-21T17:02:30.430+0000] {processor.py:208} INFO - Processing /home/airflow/.local/lib/python3.12/site-packages/airflow/example_dags/example_branch_python_dop_operator_3.py took 0.041 seconds
[2025-04-21T17:03:01.035+0000] {processor.py:186} INFO - Started process (PID=184) to work on /home/airflow/.local/lib/python3.12/site-packages/airflow/example_dags/example_branch_python_dop_operator_3.py
[2025-04-21T17:03:01.035+0000] {processor.py:914} INFO - Processing file /home/airflow/.local/lib/python3.12/site-packages/airflow/example_dags/example_branch_python_dop_operator_3.py for tasks to queue
[2025-04-21T17:03:01.036+0000] {logging_mixin.py:190} INFO - [2025-04-21T17:03:01.036+0000] {dagbag.py:588} INFO - Filling up the DagBag from /home/airflow/.local/lib/python3.12/site-packages/airflow/example_dags/example_branch_python_dop_operator_3.py
[2025-04-21T17:03:01.040+0000] {processor.py:925} INFO - DAG(s) 'example_branch_dop_operator_v3' retrieved from /home/airflow/.local/lib/python3.12/site-packages/airflow/example_dags/example_branch_python_dop_operator_3.py
[2025-04-21T17:03:01.050+0000] {logging_mixin.py:190} INFO - [2025-04-21T17:03:01.050+0000] {dag.py:3239} INFO - Sync 1 DAGs
[2025-04-21T17:03:01.059+0000] {logging_mixin.py:190} INFO - [2025-04-21T17:03:01.059+0000] {dag.py:4180} INFO - Setting next_dagrun for example_branch_dop_operator_v3 to 2025-04-21 17:02:00+00:00, run_after=2025-04-21 17:03:00+00:00
[2025-04-21T17:03:01.069+0000] {processor.py:208} INFO - Processing /home/airflow/.local/lib/python3.12/site-packages/airflow/example_dags/example_branch_python_dop_operator_3.py took 0.036 seconds
[2025-04-21T17:03:32.172+0000] {processor.py:186} INFO - Started process (PID=246) to work on /home/airflow/.local/lib/python3.12/site-packages/airflow/example_dags/example_branch_python_dop_operator_3.py
[2025-04-21T17:03:32.173+0000] {processor.py:914} INFO - Processing file /home/airflow/.local/lib/python3.12/site-packages/airflow/example_dags/example_branch_python_dop_operator_3.py for tasks to queue
[2025-04-21T17:03:32.174+0000] {logging_mixin.py:190} INFO - [2025-04-21T17:03:32.174+0000] {dagbag.py:588} INFO - Filling up the DagBag from /home/airflow/.local/lib/python3.12/site-packages/airflow/example_dags/example_branch_python_dop_operator_3.py
[2025-04-21T17:03:32.179+0000] {processor.py:925} INFO - DAG(s) 'example_branch_dop_operator_v3' retrieved from /home/airflow/.local/lib/python3.12/site-packages/airflow/example_dags/example_branch_python_dop_operator_3.py
[2025-04-21T17:03:32.188+0000] {logging_mixin.py:190} INFO - [2025-04-21T17:03:32.187+0000] {dag.py:3239} INFO - Sync 1 DAGs
[2025-04-21T17:03:32.197+0000] {logging_mixin.py:190} INFO - [2025-04-21T17:03:32.197+0000] {dag.py:4180} INFO - Setting next_dagrun for example_branch_dop_operator_v3 to 2025-04-21 17:02:00+00:00, run_after=2025-04-21 17:03:00+00:00
[2025-04-21T17:03:32.210+0000] {processor.py:208} INFO - Processing /home/airflow/.local/lib/python3.12/site-packages/airflow/example_dags/example_branch_python_dop_operator_3.py took 0.040 seconds
[2025-04-21T17:04:03.338+0000] {processor.py:186} INFO - Started process (PID=309) to work on /home/airflow/.local/lib/python3.12/site-packages/airflow/example_dags/example_branch_python_dop_operator_3.py
[2025-04-21T17:04:03.338+0000] {processor.py:914} INFO - Processing file /home/airflow/.local/lib/python3.12/site-packages/airflow/example_dags/example_branch_python_dop_operator_3.py for tasks to queue
[2025-04-21T17:04:03.339+0000] {logging_mixin.py:190} INFO - [2025-04-21T17:04:03.339+0000] {dagbag.py:588} INFO - Filling up the DagBag from /home/airflow/.local/lib/python3.12/site-packages/airflow/example_dags/example_branch_python_dop_operator_3.py
[2025-04-21T17:04:03.344+0000] {processor.py:925} INFO - DAG(s) 'example_branch_dop_operator_v3' retrieved from /home/airflow/.local/lib/python3.12/site-packages/airflow/example_dags/example_branch_python_dop_operator_3.py
[2025-04-21T17:04:03.350+0000] {logging_mixin.py:190} INFO - [2025-04-21T17:04:03.350+0000] {dag.py:3239} INFO - Sync 1 DAGs
[2025-04-21T17:04:03.359+0000] {logging_mixin.py:190} INFO - [2025-04-21T17:04:03.359+0000] {dag.py:4180} INFO - Setting next_dagrun for example_branch_dop_operator_v3 to 2025-04-21 17:03:00+00:00, run_after=2025-04-21 17:04:00+00:00
[2025-04-21T17:04:03.365+0000] {processor.py:208} INFO - Processing /home/airflow/.local/lib/python3.12/site-packages/airflow/example_dags/example_branch_python_dop_operator_3.py took 0.030 seconds
[2025-04-21T17:04:34.585+0000] {processor.py:186} INFO - Started process (PID=372) to work on /home/airflow/.local/lib/python3.12/site-packages/airflow/example_dags/example_branch_python_dop_operator_3.py
[2025-04-21T17:04:34.586+0000] {processor.py:914} INFO - Processing file /home/airflow/.local/lib/python3.12/site-packages/airflow/example_dags/example_branch_python_dop_operator_3.py for tasks to queue
[2025-04-21T17:04:34.588+0000] {logging_mixin.py:190} INFO - [2025-04-21T17:04:34.588+0000] {dagbag.py:588} INFO - Filling up the DagBag from /home/airflow/.local/lib/python3.12/site-packages/airflow/example_dags/example_branch_python_dop_operator_3.py
[2025-04-21T17:04:34.593+0000] {processor.py:925} INFO - DAG(s) 'example_branch_dop_operator_v3' retrieved from /home/airflow/.local/lib/python3.12/site-packages/airflow/example_dags/example_branch_python_dop_operator_3.py
[2025-04-21T17:04:34.600+0000] {logging_mixin.py:190} INFO - [2025-04-21T17:04:34.600+0000] {dag.py:3239} INFO - Sync 1 DAGs
[2025-04-21T17:04:34.608+0000] {logging_mixin.py:190} INFO - [2025-04-21T17:04:34.608+0000] {dag.py:4180} INFO - Setting next_dagrun for example_branch_dop_operator_v3 to 2025-04-21 17:03:00+00:00, run_after=2025-04-21 17:04:00+00:00
[2025-04-21T17:04:34.619+0000] {processor.py:208} INFO - Processing /home/airflow/.local/lib/python3.12/site-packages/airflow/example_dags/example_branch_python_dop_operator_3.py took 0.036 seconds
[2025-04-21T17:05:05.795+0000] {processor.py:186} INFO - Started process (PID=435) to work on /home/airflow/.local/lib/python3.12/site-packages/airflow/example_dags/example_branch_python_dop_operator_3.py
[2025-04-21T17:05:05.798+0000] {processor.py:914} INFO - Processing file /home/airflow/.local/lib/python3.12/site-packages/airflow/example_dags/example_branch_python_dop_operator_3.py for tasks to queue
[2025-04-21T17:05:05.799+0000] {logging_mixin.py:190} INFO - [2025-04-21T17:05:05.799+0000] {dagbag.py:588} INFO - Filling up the DagBag from /home/airflow/.local/lib/python3.12/site-packages/airflow/example_dags/example_branch_python_dop_operator_3.py
[2025-04-21T17:05:05.804+0000] {processor.py:925} INFO - DAG(s) 'example_branch_dop_operator_v3' retrieved from /home/airflow/.local/lib/python3.12/site-packages/airflow/example_dags/example_branch_python_dop_operator_3.py
[2025-04-21T17:05:05.811+0000] {logging_mixin.py:190} INFO - [2025-04-21T17:05:05.811+0000] {dag.py:3239} INFO - Sync 1 DAGs
[2025-04-21T17:05:05.820+0000] {logging_mixin.py:190} INFO - [2025-04-21T17:05:05.820+0000] {dag.py:4180} INFO - Setting next_dagrun for example_branch_dop_operator_v3 to 2025-04-21 17:04:00+00:00, run_after=2025-04-21 17:05:00+00:00
[2025-04-21T17:05:05.826+0000] {processor.py:208} INFO - Processing /home/airflow/.local/lib/python3.12/site-packages/airflow/example_dags/example_branch_python_dop_operator_3.py took 0.033 seconds
[2025-04-21T17:05:55.213+0000] {processor.py:186} INFO - Started process (PID=58) to work on /home/airflow/.local/lib/python3.12/site-packages/airflow/example_dags/example_branch_python_dop_operator_3.py
[2025-04-21T17:05:55.213+0000] {processor.py:914} INFO - Processing file /home/airflow/.local/lib/python3.12/site-packages/airflow/example_dags/example_branch_python_dop_operator_3.py for tasks to queue
[2025-04-21T17:05:55.214+0000] {logging_mixin.py:190} INFO - [2025-04-21T17:05:55.214+0000] {dagbag.py:588} INFO - Filling up the DagBag from /home/airflow/.local/lib/python3.12/site-packages/airflow/example_dags/example_branch_python_dop_operator_3.py
[2025-04-21T17:05:55.219+0000] {processor.py:925} INFO - DAG(s) 'example_branch_dop_operator_v3' retrieved from /home/airflow/.local/lib/python3.12/site-packages/airflow/example_dags/example_branch_python_dop_operator_3.py
[2025-04-21T17:05:55.230+0000] {logging_mixin.py:190} INFO - [2025-04-21T17:05:55.230+0000] {dag.py:3239} INFO - Sync 1 DAGs
[2025-04-21T17:05:55.239+0000] {logging_mixin.py:190} INFO - [2025-04-21T17:05:55.239+0000] {dag.py:4180} INFO - Setting next_dagrun for example_branch_dop_operator_v3 to 2025-04-21 17:04:00+00:00, run_after=2025-04-21 17:05:00+00:00
[2025-04-21T17:05:55.245+0000] {processor.py:208} INFO - Processing /home/airflow/.local/lib/python3.12/site-packages/airflow/example_dags/example_branch_python_dop_operator_3.py took 0.034 seconds
[2025-04-21T17:06:25.741+0000] {processor.py:186} INFO - Started process (PID=121) to work on /home/airflow/.local/lib/python3.12/site-packages/airflow/example_dags/example_branch_python_dop_operator_3.py
[2025-04-21T17:06:25.743+0000] {processor.py:914} INFO - Processing file /home/airflow/.local/lib/python3.12/site-packages/airflow/example_dags/example_branch_python_dop_operator_3.py for tasks to queue
[2025-04-21T17:06:25.744+0000] {logging_mixin.py:190} INFO - [2025-04-21T17:06:25.743+0000] {dagbag.py:588} INFO - Filling up the DagBag from /home/airflow/.local/lib/python3.12/site-packages/airflow/example_dags/example_branch_python_dop_operator_3.py
[2025-04-21T17:06:25.748+0000] {processor.py:925} INFO - DAG(s) 'example_branch_dop_operator_v3' retrieved from /home/airflow/.local/lib/python3.12/site-packages/airflow/example_dags/example_branch_python_dop_operator_3.py
[2025-04-21T17:06:25.754+0000] {logging_mixin.py:190} INFO - [2025-04-21T17:06:25.754+0000] {dag.py:3239} INFO - Sync 1 DAGs
[2025-04-21T17:06:25.763+0000] {logging_mixin.py:190} INFO - [2025-04-21T17:06:25.763+0000] {dag.py:4180} INFO - Setting next_dagrun for example_branch_dop_operator_v3 to 2025-04-21 17:05:00+00:00, run_after=2025-04-21 17:06:00+00:00
[2025-04-21T17:06:25.769+0000] {processor.py:208} INFO - Processing /home/airflow/.local/lib/python3.12/site-packages/airflow/example_dags/example_branch_python_dop_operator_3.py took 0.030 seconds
[2025-04-21T17:06:56.835+0000] {processor.py:186} INFO - Started process (PID=184) to work on /home/airflow/.local/lib/python3.12/site-packages/airflow/example_dags/example_branch_python_dop_operator_3.py
[2025-04-21T17:06:56.836+0000] {processor.py:914} INFO - Processing file /home/airflow/.local/lib/python3.12/site-packages/airflow/example_dags/example_branch_python_dop_operator_3.py for tasks to queue
[2025-04-21T17:06:56.837+0000] {logging_mixin.py:190} INFO - [2025-04-21T17:06:56.837+0000] {dagbag.py:588} INFO - Filling up the DagBag from /home/airflow/.local/lib/python3.12/site-packages/airflow/example_dags/example_branch_python_dop_operator_3.py
[2025-04-21T17:06:56.841+0000] {processor.py:925} INFO - DAG(s) 'example_branch_dop_operator_v3' retrieved from /home/airflow/.local/lib/python3.12/site-packages/airflow/example_dags/example_branch_python_dop_operator_3.py
[2025-04-21T17:06:56.849+0000] {logging_mixin.py:190} INFO - [2025-04-21T17:06:56.849+0000] {dag.py:3239} INFO - Sync 1 DAGs
[2025-04-21T17:06:56.858+0000] {logging_mixin.py:190} INFO - [2025-04-21T17:06:56.858+0000] {dag.py:4180} INFO - Setting next_dagrun for example_branch_dop_operator_v3 to 2025-04-21 17:05:00+00:00, run_after=2025-04-21 17:06:00+00:00
[2025-04-21T17:06:56.866+0000] {processor.py:208} INFO - Processing /home/airflow/.local/lib/python3.12/site-packages/airflow/example_dags/example_branch_python_dop_operator_3.py took 0.034 seconds
[2025-04-21T17:07:27.953+0000] {processor.py:186} INFO - Started process (PID=247) to work on /home/airflow/.local/lib/python3.12/site-packages/airflow/example_dags/example_branch_python_dop_operator_3.py
[2025-04-21T17:07:27.957+0000] {processor.py:914} INFO - Processing file /home/airflow/.local/lib/python3.12/site-packages/airflow/example_dags/example_branch_python_dop_operator_3.py for tasks to queue
[2025-04-21T17:07:27.958+0000] {logging_mixin.py:190} INFO - [2025-04-21T17:07:27.958+0000] {dagbag.py:588} INFO - Filling up the DagBag from /home/airflow/.local/lib/python3.12/site-packages/airflow/example_dags/example_branch_python_dop_operator_3.py
[2025-04-21T17:07:27.962+0000] {processor.py:925} INFO - DAG(s) 'example_branch_dop_operator_v3' retrieved from /home/airflow/.local/lib/python3.12/site-packages/airflow/example_dags/example_branch_python_dop_operator_3.py
[2025-04-21T17:07:27.970+0000] {logging_mixin.py:190} INFO - [2025-04-21T17:07:27.970+0000] {dag.py:3239} INFO - Sync 1 DAGs
[2025-04-21T17:07:27.981+0000] {logging_mixin.py:190} INFO - [2025-04-21T17:07:27.981+0000] {dag.py:4180} INFO - Setting next_dagrun for example_branch_dop_operator_v3 to 2025-04-21 17:06:00+00:00, run_after=2025-04-21 17:07:00+00:00
[2025-04-21T17:07:27.989+0000] {processor.py:208} INFO - Processing /home/airflow/.local/lib/python3.12/site-packages/airflow/example_dags/example_branch_python_dop_operator_3.py took 0.039 seconds
[2025-04-21T17:07:58.997+0000] {processor.py:186} INFO - Started process (PID=310) to work on /home/airflow/.local/lib/python3.12/site-packages/airflow/example_dags/example_branch_python_dop_operator_3.py
[2025-04-21T17:07:59.000+0000] {processor.py:914} INFO - Processing file /home/airflow/.local/lib/python3.12/site-packages/airflow/example_dags/example_branch_python_dop_operator_3.py for tasks to queue
[2025-04-21T17:07:59.000+0000] {logging_mixin.py:190} INFO - [2025-04-21T17:07:59.000+0000] {dagbag.py:588} INFO - Filling up the DagBag from /home/airflow/.local/lib/python3.12/site-packages/airflow/example_dags/example_branch_python_dop_operator_3.py
[2025-04-21T17:07:59.005+0000] {processor.py:925} INFO - DAG(s) 'example_branch_dop_operator_v3' retrieved from /home/airflow/.local/lib/python3.12/site-packages/airflow/example_dags/example_branch_python_dop_operator_3.py
[2025-04-21T17:07:59.012+0000] {logging_mixin.py:190} INFO - [2025-04-21T17:07:59.012+0000] {dag.py:3239} INFO - Sync 1 DAGs
[2025-04-21T17:07:59.021+0000] {logging_mixin.py:190} INFO - [2025-04-21T17:07:59.021+0000] {dag.py:4180} INFO - Setting next_dagrun for example_branch_dop_operator_v3 to 2025-04-21 17:06:00+00:00, run_after=2025-04-21 17:07:00+00:00
[2025-04-21T17:07:59.028+0000] {processor.py:208} INFO - Processing /home/airflow/.local/lib/python3.12/site-packages/airflow/example_dags/example_branch_python_dop_operator_3.py took 0.034 seconds
[2025-04-21T17:08:30.166+0000] {processor.py:186} INFO - Started process (PID=373) to work on /home/airflow/.local/lib/python3.12/site-packages/airflow/example_dags/example_branch_python_dop_operator_3.py
[2025-04-21T17:08:30.167+0000] {processor.py:914} INFO - Processing file /home/airflow/.local/lib/python3.12/site-packages/airflow/example_dags/example_branch_python_dop_operator_3.py for tasks to queue
[2025-04-21T17:08:30.171+0000] {logging_mixin.py:190} INFO - [2025-04-21T17:08:30.171+0000] {dagbag.py:588} INFO - Filling up the DagBag from /home/airflow/.local/lib/python3.12/site-packages/airflow/example_dags/example_branch_python_dop_operator_3.py
[2025-04-21T17:08:30.176+0000] {processor.py:925} INFO - DAG(s) 'example_branch_dop_operator_v3' retrieved from /home/airflow/.local/lib/python3.12/site-packages/airflow/example_dags/example_branch_python_dop_operator_3.py
[2025-04-21T17:08:30.187+0000] {logging_mixin.py:190} INFO - [2025-04-21T17:08:30.187+0000] {dag.py:3239} INFO - Sync 1 DAGs
[2025-04-21T17:08:30.198+0000] {logging_mixin.py:190} INFO - [2025-04-21T17:08:30.198+0000] {dag.py:4180} INFO - Setting next_dagrun for example_branch_dop_operator_v3 to 2025-04-21 17:07:00+00:00, run_after=2025-04-21 17:08:00+00:00
[2025-04-21T17:08:30.205+0000] {processor.py:208} INFO - Processing /home/airflow/.local/lib/python3.12/site-packages/airflow/example_dags/example_branch_python_dop_operator_3.py took 0.043 seconds
[2025-04-21T17:09:01.355+0000] {processor.py:186} INFO - Started process (PID=436) to work on /home/airflow/.local/lib/python3.12/site-packages/airflow/example_dags/example_branch_python_dop_operator_3.py
[2025-04-21T17:09:01.357+0000] {processor.py:914} INFO - Processing file /home/airflow/.local/lib/python3.12/site-packages/airflow/example_dags/example_branch_python_dop_operator_3.py for tasks to queue
[2025-04-21T17:09:01.358+0000] {logging_mixin.py:190} INFO - [2025-04-21T17:09:01.358+0000] {dagbag.py:588} INFO - Filling up the DagBag from /home/airflow/.local/lib/python3.12/site-packages/airflow/example_dags/example_branch_python_dop_operator_3.py
[2025-04-21T17:09:01.362+0000] {processor.py:925} INFO - DAG(s) 'example_branch_dop_operator_v3' retrieved from /home/airflow/.local/lib/python3.12/site-packages/airflow/example_dags/example_branch_python_dop_operator_3.py
[2025-04-21T17:09:01.369+0000] {logging_mixin.py:190} INFO - [2025-04-21T17:09:01.369+0000] {dag.py:3239} INFO - Sync 1 DAGs
[2025-04-21T17:09:01.378+0000] {logging_mixin.py:190} INFO - [2025-04-21T17:09:01.377+0000] {dag.py:4180} INFO - Setting next_dagrun for example_branch_dop_operator_v3 to 2025-04-21 17:08:00+00:00, run_after=2025-04-21 17:09:00+00:00
[2025-04-21T17:09:01.383+0000] {processor.py:208} INFO - Processing /home/airflow/.local/lib/python3.12/site-packages/airflow/example_dags/example_branch_python_dop_operator_3.py took 0.030 seconds
[2025-04-21T17:09:32.394+0000] {processor.py:186} INFO - Started process (PID=499) to work on /home/airflow/.local/lib/python3.12/site-packages/airflow/example_dags/example_branch_python_dop_operator_3.py
[2025-04-21T17:09:32.395+0000] {processor.py:914} INFO - Processing file /home/airflow/.local/lib/python3.12/site-packages/airflow/example_dags/example_branch_python_dop_operator_3.py for tasks to queue
[2025-04-21T17:09:32.396+0000] {logging_mixin.py:190} INFO - [2025-04-21T17:09:32.396+0000] {dagbag.py:588} INFO - Filling up the DagBag from /home/airflow/.local/lib/python3.12/site-packages/airflow/example_dags/example_branch_python_dop_operator_3.py
[2025-04-21T17:09:32.400+0000] {processor.py:925} INFO - DAG(s) 'example_branch_dop_operator_v3' retrieved from /home/airflow/.local/lib/python3.12/site-packages/airflow/example_dags/example_branch_python_dop_operator_3.py
[2025-04-21T17:09:32.408+0000] {logging_mixin.py:190} INFO - [2025-04-21T17:09:32.408+0000] {dag.py:3239} INFO - Sync 1 DAGs
[2025-04-21T17:09:32.418+0000] {logging_mixin.py:190} INFO - [2025-04-21T17:09:32.418+0000] {dag.py:4180} INFO - Setting next_dagrun for example_branch_dop_operator_v3 to 2025-04-21 17:08:00+00:00, run_after=2025-04-21 17:09:00+00:00
[2025-04-21T17:09:32.424+0000] {processor.py:208} INFO - Processing /home/airflow/.local/lib/python3.12/site-packages/airflow/example_dags/example_branch_python_dop_operator_3.py took 0.033 seconds
[2025-04-21T17:10:03.490+0000] {processor.py:186} INFO - Started process (PID=562) to work on /home/airflow/.local/lib/python3.12/site-packages/airflow/example_dags/example_branch_python_dop_operator_3.py
[2025-04-21T17:10:03.494+0000] {processor.py:914} INFO - Processing file /home/airflow/.local/lib/python3.12/site-packages/airflow/example_dags/example_branch_python_dop_operator_3.py for tasks to queue
[2025-04-21T17:10:03.500+0000] {logging_mixin.py:190} INFO - [2025-04-21T17:10:03.497+0000] {dagbag.py:588} INFO - Filling up the DagBag from /home/airflow/.local/lib/python3.12/site-packages/airflow/example_dags/example_branch_python_dop_operator_3.py
[2025-04-21T17:10:03.510+0000] {processor.py:925} INFO - DAG(s) 'example_branch_dop_operator_v3' retrieved from /home/airflow/.local/lib/python3.12/site-packages/airflow/example_dags/example_branch_python_dop_operator_3.py
[2025-04-21T17:10:03.518+0000] {logging_mixin.py:190} INFO - [2025-04-21T17:10:03.518+0000] {dag.py:3239} INFO - Sync 1 DAGs
[2025-04-21T17:10:03.529+0000] {logging_mixin.py:190} INFO - [2025-04-21T17:10:03.529+0000] {dag.py:4180} INFO - Setting next_dagrun for example_branch_dop_operator_v3 to 2025-04-21 17:09:00+00:00, run_after=2025-04-21 17:10:00+00:00
[2025-04-21T17:10:03.535+0000] {processor.py:208} INFO - Processing /home/airflow/.local/lib/python3.12/site-packages/airflow/example_dags/example_branch_python_dop_operator_3.py took 0.048 seconds
[2025-04-21T17:10:34.691+0000] {processor.py:186} INFO - Started process (PID=625) to work on /home/airflow/.local/lib/python3.12/site-packages/airflow/example_dags/example_branch_python_dop_operator_3.py
[2025-04-21T17:10:34.692+0000] {processor.py:914} INFO - Processing file /home/airflow/.local/lib/python3.12/site-packages/airflow/example_dags/example_branch_python_dop_operator_3.py for tasks to queue
[2025-04-21T17:10:34.693+0000] {logging_mixin.py:190} INFO - [2025-04-21T17:10:34.693+0000] {dagbag.py:588} INFO - Filling up the DagBag from /home/airflow/.local/lib/python3.12/site-packages/airflow/example_dags/example_branch_python_dop_operator_3.py
[2025-04-21T17:10:34.697+0000] {processor.py:925} INFO - DAG(s) 'example_branch_dop_operator_v3' retrieved from /home/airflow/.local/lib/python3.12/site-packages/airflow/example_dags/example_branch_python_dop_operator_3.py
[2025-04-21T17:10:34.705+0000] {logging_mixin.py:190} INFO - [2025-04-21T17:10:34.705+0000] {dag.py:3239} INFO - Sync 1 DAGs
[2025-04-21T17:10:34.714+0000] {logging_mixin.py:190} INFO - [2025-04-21T17:10:34.714+0000] {dag.py:4180} INFO - Setting next_dagrun for example_branch_dop_operator_v3 to 2025-04-21 17:09:00+00:00, run_after=2025-04-21 17:10:00+00:00
[2025-04-21T17:10:34.719+0000] {processor.py:208} INFO - Processing /home/airflow/.local/lib/python3.12/site-packages/airflow/example_dags/example_branch_python_dop_operator_3.py took 0.031 seconds
[2025-04-21T17:11:05.825+0000] {processor.py:186} INFO - Started process (PID=689) to work on /home/airflow/.local/lib/python3.12/site-packages/airflow/example_dags/example_branch_python_dop_operator_3.py
[2025-04-21T17:11:05.826+0000] {processor.py:914} INFO - Processing file /home/airflow/.local/lib/python3.12/site-packages/airflow/example_dags/example_branch_python_dop_operator_3.py for tasks to queue
[2025-04-21T17:11:05.827+0000] {logging_mixin.py:190} INFO - [2025-04-21T17:11:05.827+0000] {dagbag.py:588} INFO - Filling up the DagBag from /home/airflow/.local/lib/python3.12/site-packages/airflow/example_dags/example_branch_python_dop_operator_3.py
[2025-04-21T17:11:05.831+0000] {processor.py:925} INFO - DAG(s) 'example_branch_dop_operator_v3' retrieved from /home/airflow/.local/lib/python3.12/site-packages/airflow/example_dags/example_branch_python_dop_operator_3.py
[2025-04-21T17:11:05.839+0000] {logging_mixin.py:190} INFO - [2025-04-21T17:11:05.839+0000] {dag.py:3239} INFO - Sync 1 DAGs
[2025-04-21T17:11:05.848+0000] {logging_mixin.py:190} INFO - [2025-04-21T17:11:05.848+0000] {dag.py:4180} INFO - Setting next_dagrun for example_branch_dop_operator_v3 to 2025-04-21 17:10:00+00:00, run_after=2025-04-21 17:11:00+00:00
[2025-04-21T17:11:05.855+0000] {processor.py:208} INFO - Processing /home/airflow/.local/lib/python3.12/site-packages/airflow/example_dags/example_branch_python_dop_operator_3.py took 0.033 seconds
[2025-04-21T17:11:37.112+0000] {processor.py:186} INFO - Started process (PID=753) to work on /home/airflow/.local/lib/python3.12/site-packages/airflow/example_dags/example_branch_python_dop_operator_3.py
[2025-04-21T17:11:37.113+0000] {processor.py:914} INFO - Processing file /home/airflow/.local/lib/python3.12/site-packages/airflow/example_dags/example_branch_python_dop_operator_3.py for tasks to queue
[2025-04-21T17:11:37.114+0000] {logging_mixin.py:190} INFO - [2025-04-21T17:11:37.114+0000] {dagbag.py:588} INFO - Filling up the DagBag from /home/airflow/.local/lib/python3.12/site-packages/airflow/example_dags/example_branch_python_dop_operator_3.py
[2025-04-21T17:11:37.119+0000] {processor.py:925} INFO - DAG(s) 'example_branch_dop_operator_v3' retrieved from /home/airflow/.local/lib/python3.12/site-packages/airflow/example_dags/example_branch_python_dop_operator_3.py
[2025-04-21T17:11:37.126+0000] {logging_mixin.py:190} INFO - [2025-04-21T17:11:37.126+0000] {dag.py:3239} INFO - Sync 1 DAGs
[2025-04-21T17:11:37.135+0000] {logging_mixin.py:190} INFO - [2025-04-21T17:11:37.135+0000] {dag.py:4180} INFO - Setting next_dagrun for example_branch_dop_operator_v3 to 2025-04-21 17:10:00+00:00, run_after=2025-04-21 17:11:00+00:00
[2025-04-21T17:11:37.146+0000] {processor.py:208} INFO - Processing /home/airflow/.local/lib/python3.12/site-packages/airflow/example_dags/example_branch_python_dop_operator_3.py took 0.036 seconds
[2025-04-21T17:12:08.503+0000] {processor.py:186} INFO - Started process (PID=817) to work on /home/airflow/.local/lib/python3.12/site-packages/airflow/example_dags/example_branch_python_dop_operator_3.py
[2025-04-21T17:12:08.503+0000] {processor.py:914} INFO - Processing file /home/airflow/.local/lib/python3.12/site-packages/airflow/example_dags/example_branch_python_dop_operator_3.py for tasks to queue
[2025-04-21T17:12:08.504+0000] {logging_mixin.py:190} INFO - [2025-04-21T17:12:08.504+0000] {dagbag.py:588} INFO - Filling up the DagBag from /home/airflow/.local/lib/python3.12/site-packages/airflow/example_dags/example_branch_python_dop_operator_3.py
[2025-04-21T17:12:08.511+0000] {processor.py:925} INFO - DAG(s) 'example_branch_dop_operator_v3' retrieved from /home/airflow/.local/lib/python3.12/site-packages/airflow/example_dags/example_branch_python_dop_operator_3.py
[2025-04-21T17:12:08.522+0000] {logging_mixin.py:190} INFO - [2025-04-21T17:12:08.522+0000] {dag.py:3239} INFO - Sync 1 DAGs
[2025-04-21T17:12:08.539+0000] {logging_mixin.py:190} INFO - [2025-04-21T17:12:08.539+0000] {dag.py:4180} INFO - Setting next_dagrun for example_branch_dop_operator_v3 to 2025-04-21 17:11:00+00:00, run_after=2025-04-21 17:12:00+00:00
[2025-04-21T17:12:08.547+0000] {processor.py:208} INFO - Processing /home/airflow/.local/lib/python3.12/site-packages/airflow/example_dags/example_branch_python_dop_operator_3.py took 0.047 seconds
[2025-04-21T17:12:39.066+0000] {processor.py:186} INFO - Started process (PID=881) to work on /home/airflow/.local/lib/python3.12/site-packages/airflow/example_dags/example_branch_python_dop_operator_3.py
[2025-04-21T17:12:39.067+0000] {processor.py:914} INFO - Processing file /home/airflow/.local/lib/python3.12/site-packages/airflow/example_dags/example_branch_python_dop_operator_3.py for tasks to queue
[2025-04-21T17:12:39.068+0000] {logging_mixin.py:190} INFO - [2025-04-21T17:12:39.068+0000] {dagbag.py:588} INFO - Filling up the DagBag from /home/airflow/.local/lib/python3.12/site-packages/airflow/example_dags/example_branch_python_dop_operator_3.py
[2025-04-21T17:12:39.073+0000] {processor.py:925} INFO - DAG(s) 'example_branch_dop_operator_v3' retrieved from /home/airflow/.local/lib/python3.12/site-packages/airflow/example_dags/example_branch_python_dop_operator_3.py
[2025-04-21T17:12:39.083+0000] {logging_mixin.py:190} INFO - [2025-04-21T17:12:39.083+0000] {dag.py:3239} INFO - Sync 1 DAGs
[2025-04-21T17:12:39.095+0000] {logging_mixin.py:190} INFO - [2025-04-21T17:12:39.095+0000] {dag.py:4180} INFO - Setting next_dagrun for example_branch_dop_operator_v3 to 2025-04-21 17:11:00+00:00, run_after=2025-04-21 17:12:00+00:00
[2025-04-21T17:12:39.103+0000] {processor.py:208} INFO - Processing /home/airflow/.local/lib/python3.12/site-packages/airflow/example_dags/example_branch_python_dop_operator_3.py took 0.040 seconds
[2025-04-21T17:13:09.835+0000] {processor.py:186} INFO - Started process (PID=945) to work on /home/airflow/.local/lib/python3.12/site-packages/airflow/example_dags/example_branch_python_dop_operator_3.py
[2025-04-21T17:13:09.836+0000] {processor.py:914} INFO - Processing file /home/airflow/.local/lib/python3.12/site-packages/airflow/example_dags/example_branch_python_dop_operator_3.py for tasks to queue
[2025-04-21T17:13:09.837+0000] {logging_mixin.py:190} INFO - [2025-04-21T17:13:09.836+0000] {dagbag.py:588} INFO - Filling up the DagBag from /home/airflow/.local/lib/python3.12/site-packages/airflow/example_dags/example_branch_python_dop_operator_3.py
[2025-04-21T17:13:09.841+0000] {processor.py:925} INFO - DAG(s) 'example_branch_dop_operator_v3' retrieved from /home/airflow/.local/lib/python3.12/site-packages/airflow/example_dags/example_branch_python_dop_operator_3.py
[2025-04-21T17:13:09.847+0000] {logging_mixin.py:190} INFO - [2025-04-21T17:13:09.847+0000] {dag.py:3239} INFO - Sync 1 DAGs
[2025-04-21T17:13:09.855+0000] {logging_mixin.py:190} INFO - [2025-04-21T17:13:09.855+0000] {dag.py:4180} INFO - Setting next_dagrun for example_branch_dop_operator_v3 to 2025-04-21 17:12:00+00:00, run_after=2025-04-21 17:13:00+00:00
[2025-04-21T17:13:09.861+0000] {processor.py:208} INFO - Processing /home/airflow/.local/lib/python3.12/site-packages/airflow/example_dags/example_branch_python_dop_operator_3.py took 0.028 seconds
[2025-04-21T17:13:40.233+0000] {processor.py:186} INFO - Started process (PID=1009) to work on /home/airflow/.local/lib/python3.12/site-packages/airflow/example_dags/example_branch_python_dop_operator_3.py
[2025-04-21T17:13:40.234+0000] {processor.py:914} INFO - Processing file /home/airflow/.local/lib/python3.12/site-packages/airflow/example_dags/example_branch_python_dop_operator_3.py for tasks to queue
[2025-04-21T17:13:40.236+0000] {logging_mixin.py:190} INFO - [2025-04-21T17:13:40.236+0000] {dagbag.py:588} INFO - Filling up the DagBag from /home/airflow/.local/lib/python3.12/site-packages/airflow/example_dags/example_branch_python_dop_operator_3.py
[2025-04-21T17:13:40.240+0000] {processor.py:925} INFO - DAG(s) 'example_branch_dop_operator_v3' retrieved from /home/airflow/.local/lib/python3.12/site-packages/airflow/example_dags/example_branch_python_dop_operator_3.py
[2025-04-21T17:13:40.247+0000] {logging_mixin.py:190} INFO - [2025-04-21T17:13:40.247+0000] {dag.py:3239} INFO - Sync 1 DAGs
[2025-04-21T17:13:40.257+0000] {logging_mixin.py:190} INFO - [2025-04-21T17:13:40.257+0000] {dag.py:4180} INFO - Setting next_dagrun for example_branch_dop_operator_v3 to 2025-04-21 17:12:00+00:00, run_after=2025-04-21 17:13:00+00:00
[2025-04-21T17:13:40.269+0000] {processor.py:208} INFO - Processing /home/airflow/.local/lib/python3.12/site-packages/airflow/example_dags/example_branch_python_dop_operator_3.py took 0.039 seconds
[2025-04-21T17:14:10.566+0000] {processor.py:186} INFO - Started process (PID=1073) to work on /home/airflow/.local/lib/python3.12/site-packages/airflow/example_dags/example_branch_python_dop_operator_3.py
[2025-04-21T17:14:10.566+0000] {processor.py:914} INFO - Processing file /home/airflow/.local/lib/python3.12/site-packages/airflow/example_dags/example_branch_python_dop_operator_3.py for tasks to queue
[2025-04-21T17:14:10.567+0000] {logging_mixin.py:190} INFO - [2025-04-21T17:14:10.567+0000] {dagbag.py:588} INFO - Filling up the DagBag from /home/airflow/.local/lib/python3.12/site-packages/airflow/example_dags/example_branch_python_dop_operator_3.py
[2025-04-21T17:14:10.571+0000] {processor.py:925} INFO - DAG(s) 'example_branch_dop_operator_v3' retrieved from /home/airflow/.local/lib/python3.12/site-packages/airflow/example_dags/example_branch_python_dop_operator_3.py
[2025-04-21T17:14:10.579+0000] {logging_mixin.py:190} INFO - [2025-04-21T17:14:10.579+0000] {dag.py:3239} INFO - Sync 1 DAGs
[2025-04-21T17:14:10.587+0000] {logging_mixin.py:190} INFO - [2025-04-21T17:14:10.587+0000] {dag.py:4180} INFO - Setting next_dagrun for example_branch_dop_operator_v3 to 2025-04-21 17:13:00+00:00, run_after=2025-04-21 17:14:00+00:00
[2025-04-21T17:14:10.594+0000] {processor.py:208} INFO - Processing /home/airflow/.local/lib/python3.12/site-packages/airflow/example_dags/example_branch_python_dop_operator_3.py took 0.030 seconds
[2025-04-21T17:14:40.621+0000] {processor.py:186} INFO - Started process (PID=1136) to work on /home/airflow/.local/lib/python3.12/site-packages/airflow/example_dags/example_branch_python_dop_operator_3.py
[2025-04-21T17:14:40.621+0000] {processor.py:914} INFO - Processing file /home/airflow/.local/lib/python3.12/site-packages/airflow/example_dags/example_branch_python_dop_operator_3.py for tasks to queue
[2025-04-21T17:14:40.622+0000] {logging_mixin.py:190} INFO - [2025-04-21T17:14:40.622+0000] {dagbag.py:588} INFO - Filling up the DagBag from /home/airflow/.local/lib/python3.12/site-packages/airflow/example_dags/example_branch_python_dop_operator_3.py
[2025-04-21T17:14:40.626+0000] {processor.py:925} INFO - DAG(s) 'example_branch_dop_operator_v3' retrieved from /home/airflow/.local/lib/python3.12/site-packages/airflow/example_dags/example_branch_python_dop_operator_3.py
[2025-04-21T17:14:40.634+0000] {logging_mixin.py:190} INFO - [2025-04-21T17:14:40.634+0000] {dag.py:3239} INFO - Sync 1 DAGs
[2025-04-21T17:14:40.643+0000] {logging_mixin.py:190} INFO - [2025-04-21T17:14:40.643+0000] {dag.py:4180} INFO - Setting next_dagrun for example_branch_dop_operator_v3 to 2025-04-21 17:13:00+00:00, run_after=2025-04-21 17:14:00+00:00
[2025-04-21T17:14:40.653+0000] {processor.py:208} INFO - Processing /home/airflow/.local/lib/python3.12/site-packages/airflow/example_dags/example_branch_python_dop_operator_3.py took 0.035 seconds
[2025-04-21T17:15:10.961+0000] {processor.py:186} INFO - Started process (PID=1199) to work on /home/airflow/.local/lib/python3.12/site-packages/airflow/example_dags/example_branch_python_dop_operator_3.py
[2025-04-21T17:15:10.962+0000] {processor.py:914} INFO - Processing file /home/airflow/.local/lib/python3.12/site-packages/airflow/example_dags/example_branch_python_dop_operator_3.py for tasks to queue
[2025-04-21T17:15:10.962+0000] {logging_mixin.py:190} INFO - [2025-04-21T17:15:10.962+0000] {dagbag.py:588} INFO - Filling up the DagBag from /home/airflow/.local/lib/python3.12/site-packages/airflow/example_dags/example_branch_python_dop_operator_3.py
[2025-04-21T17:15:10.967+0000] {processor.py:925} INFO - DAG(s) 'example_branch_dop_operator_v3' retrieved from /home/airflow/.local/lib/python3.12/site-packages/airflow/example_dags/example_branch_python_dop_operator_3.py
[2025-04-21T17:15:10.975+0000] {logging_mixin.py:190} INFO - [2025-04-21T17:15:10.975+0000] {dag.py:3239} INFO - Sync 1 DAGs
[2025-04-21T17:15:10.984+0000] {logging_mixin.py:190} INFO - [2025-04-21T17:15:10.984+0000] {dag.py:4180} INFO - Setting next_dagrun for example_branch_dop_operator_v3 to 2025-04-21 17:14:00+00:00, run_after=2025-04-21 17:15:00+00:00
[2025-04-21T17:15:10.991+0000] {processor.py:208} INFO - Processing /home/airflow/.local/lib/python3.12/site-packages/airflow/example_dags/example_branch_python_dop_operator_3.py took 0.033 seconds
[2025-04-21T17:15:41.157+0000] {processor.py:186} INFO - Started process (PID=1263) to work on /home/airflow/.local/lib/python3.12/site-packages/airflow/example_dags/example_branch_python_dop_operator_3.py
[2025-04-21T17:15:41.157+0000] {processor.py:914} INFO - Processing file /home/airflow/.local/lib/python3.12/site-packages/airflow/example_dags/example_branch_python_dop_operator_3.py for tasks to queue
[2025-04-21T17:15:41.158+0000] {logging_mixin.py:190} INFO - [2025-04-21T17:15:41.158+0000] {dagbag.py:588} INFO - Filling up the DagBag from /home/airflow/.local/lib/python3.12/site-packages/airflow/example_dags/example_branch_python_dop_operator_3.py
[2025-04-21T17:15:41.163+0000] {processor.py:925} INFO - DAG(s) 'example_branch_dop_operator_v3' retrieved from /home/airflow/.local/lib/python3.12/site-packages/airflow/example_dags/example_branch_python_dop_operator_3.py
[2025-04-21T17:15:41.173+0000] {logging_mixin.py:190} INFO - [2025-04-21T17:15:41.172+0000] {dag.py:3239} INFO - Sync 1 DAGs
[2025-04-21T17:15:41.184+0000] {logging_mixin.py:190} INFO - [2025-04-21T17:15:41.184+0000] {dag.py:4180} INFO - Setting next_dagrun for example_branch_dop_operator_v3 to 2025-04-21 17:14:00+00:00, run_after=2025-04-21 17:15:00+00:00
[2025-04-21T17:15:41.194+0000] {processor.py:208} INFO - Processing /home/airflow/.local/lib/python3.12/site-packages/airflow/example_dags/example_branch_python_dop_operator_3.py took 0.040 seconds
[2025-04-21T17:16:11.742+0000] {processor.py:186} INFO - Started process (PID=1328) to work on /home/airflow/.local/lib/python3.12/site-packages/airflow/example_dags/example_branch_python_dop_operator_3.py
[2025-04-21T17:16:11.743+0000] {processor.py:914} INFO - Processing file /home/airflow/.local/lib/python3.12/site-packages/airflow/example_dags/example_branch_python_dop_operator_3.py for tasks to queue
[2025-04-21T17:16:11.745+0000] {logging_mixin.py:190} INFO - [2025-04-21T17:16:11.744+0000] {dagbag.py:588} INFO - Filling up the DagBag from /home/airflow/.local/lib/python3.12/site-packages/airflow/example_dags/example_branch_python_dop_operator_3.py
[2025-04-21T17:16:11.751+0000] {processor.py:925} INFO - DAG(s) 'example_branch_dop_operator_v3' retrieved from /home/airflow/.local/lib/python3.12/site-packages/airflow/example_dags/example_branch_python_dop_operator_3.py
[2025-04-21T17:16:11.762+0000] {logging_mixin.py:190} INFO - [2025-04-21T17:16:11.762+0000] {dag.py:3239} INFO - Sync 1 DAGs
[2025-04-21T17:16:11.773+0000] {logging_mixin.py:190} INFO - [2025-04-21T17:16:11.773+0000] {dag.py:4180} INFO - Setting next_dagrun for example_branch_dop_operator_v3 to 2025-04-21 17:15:00+00:00, run_after=2025-04-21 17:16:00+00:00
[2025-04-21T17:16:11.782+0000] {processor.py:208} INFO - Processing /home/airflow/.local/lib/python3.12/site-packages/airflow/example_dags/example_branch_python_dop_operator_3.py took 0.043 seconds
[2025-04-21T17:16:42.029+0000] {processor.py:186} INFO - Started process (PID=1393) to work on /home/airflow/.local/lib/python3.12/site-packages/airflow/example_dags/example_branch_python_dop_operator_3.py
[2025-04-21T17:16:42.030+0000] {processor.py:914} INFO - Processing file /home/airflow/.local/lib/python3.12/site-packages/airflow/example_dags/example_branch_python_dop_operator_3.py for tasks to queue
[2025-04-21T17:16:42.031+0000] {logging_mixin.py:190} INFO - [2025-04-21T17:16:42.031+0000] {dagbag.py:588} INFO - Filling up the DagBag from /home/airflow/.local/lib/python3.12/site-packages/airflow/example_dags/example_branch_python_dop_operator_3.py
[2025-04-21T17:16:42.035+0000] {processor.py:925} INFO - DAG(s) 'example_branch_dop_operator_v3' retrieved from /home/airflow/.local/lib/python3.12/site-packages/airflow/example_dags/example_branch_python_dop_operator_3.py
[2025-04-21T17:16:42.043+0000] {logging_mixin.py:190} INFO - [2025-04-21T17:16:42.042+0000] {dag.py:3239} INFO - Sync 1 DAGs
[2025-04-21T17:16:42.051+0000] {logging_mixin.py:190} INFO - [2025-04-21T17:16:42.051+0000] {dag.py:4180} INFO - Setting next_dagrun for example_branch_dop_operator_v3 to 2025-04-21 17:15:00+00:00, run_after=2025-04-21 17:16:00+00:00
[2025-04-21T17:16:42.060+0000] {processor.py:208} INFO - Processing /home/airflow/.local/lib/python3.12/site-packages/airflow/example_dags/example_branch_python_dop_operator_3.py took 0.033 seconds
[2025-04-21T17:17:12.241+0000] {processor.py:186} INFO - Started process (PID=1457) to work on /home/airflow/.local/lib/python3.12/site-packages/airflow/example_dags/example_branch_python_dop_operator_3.py
[2025-04-21T17:17:12.242+0000] {processor.py:914} INFO - Processing file /home/airflow/.local/lib/python3.12/site-packages/airflow/example_dags/example_branch_python_dop_operator_3.py for tasks to queue
[2025-04-21T17:17:12.243+0000] {logging_mixin.py:190} INFO - [2025-04-21T17:17:12.243+0000] {dagbag.py:588} INFO - Filling up the DagBag from /home/airflow/.local/lib/python3.12/site-packages/airflow/example_dags/example_branch_python_dop_operator_3.py
[2025-04-21T17:17:12.248+0000] {processor.py:925} INFO - DAG(s) 'example_branch_dop_operator_v3' retrieved from /home/airflow/.local/lib/python3.12/site-packages/airflow/example_dags/example_branch_python_dop_operator_3.py
[2025-04-21T17:17:12.256+0000] {logging_mixin.py:190} INFO - [2025-04-21T17:17:12.256+0000] {dag.py:3239} INFO - Sync 1 DAGs
[2025-04-21T17:17:12.265+0000] {logging_mixin.py:190} INFO - [2025-04-21T17:17:12.265+0000] {dag.py:4180} INFO - Setting next_dagrun for example_branch_dop_operator_v3 to 2025-04-21 17:16:00+00:00, run_after=2025-04-21 17:17:00+00:00
[2025-04-21T17:17:12.274+0000] {processor.py:208} INFO - Processing /home/airflow/.local/lib/python3.12/site-packages/airflow/example_dags/example_branch_python_dop_operator_3.py took 0.036 seconds
[2025-04-21T17:17:42.421+0000] {processor.py:186} INFO - Started process (PID=1521) to work on /home/airflow/.local/lib/python3.12/site-packages/airflow/example_dags/example_branch_python_dop_operator_3.py
[2025-04-21T17:17:42.425+0000] {processor.py:914} INFO - Processing file /home/airflow/.local/lib/python3.12/site-packages/airflow/example_dags/example_branch_python_dop_operator_3.py for tasks to queue
[2025-04-21T17:17:42.436+0000] {logging_mixin.py:190} INFO - [2025-04-21T17:17:42.435+0000] {dagbag.py:588} INFO - Filling up the DagBag from /home/airflow/.local/lib/python3.12/site-packages/airflow/example_dags/example_branch_python_dop_operator_3.py
[2025-04-21T17:17:42.446+0000] {processor.py:925} INFO - DAG(s) 'example_branch_dop_operator_v3' retrieved from /home/airflow/.local/lib/python3.12/site-packages/airflow/example_dags/example_branch_python_dop_operator_3.py
[2025-04-21T17:17:42.462+0000] {logging_mixin.py:190} INFO - [2025-04-21T17:17:42.462+0000] {dag.py:3239} INFO - Sync 1 DAGs
[2025-04-21T17:17:42.475+0000] {logging_mixin.py:190} INFO - [2025-04-21T17:17:42.475+0000] {dag.py:4180} INFO - Setting next_dagrun for example_branch_dop_operator_v3 to 2025-04-21 17:16:00+00:00, run_after=2025-04-21 17:17:00+00:00
[2025-04-21T17:17:42.483+0000] {processor.py:208} INFO - Processing /home/airflow/.local/lib/python3.12/site-packages/airflow/example_dags/example_branch_python_dop_operator_3.py took 0.065 seconds
[2025-04-21T17:18:12.842+0000] {processor.py:186} INFO - Started process (PID=1584) to work on /home/airflow/.local/lib/python3.12/site-packages/airflow/example_dags/example_branch_python_dop_operator_3.py
[2025-04-21T17:18:12.843+0000] {processor.py:914} INFO - Processing file /home/airflow/.local/lib/python3.12/site-packages/airflow/example_dags/example_branch_python_dop_operator_3.py for tasks to queue
[2025-04-21T17:18:12.843+0000] {logging_mixin.py:190} INFO - [2025-04-21T17:18:12.843+0000] {dagbag.py:588} INFO - Filling up the DagBag from /home/airflow/.local/lib/python3.12/site-packages/airflow/example_dags/example_branch_python_dop_operator_3.py
[2025-04-21T17:18:12.847+0000] {processor.py:925} INFO - DAG(s) 'example_branch_dop_operator_v3' retrieved from /home/airflow/.local/lib/python3.12/site-packages/airflow/example_dags/example_branch_python_dop_operator_3.py
[2025-04-21T17:18:12.854+0000] {logging_mixin.py:190} INFO - [2025-04-21T17:18:12.854+0000] {dag.py:3239} INFO - Sync 1 DAGs
[2025-04-21T17:18:12.862+0000] {logging_mixin.py:190} INFO - [2025-04-21T17:18:12.862+0000] {dag.py:4180} INFO - Setting next_dagrun for example_branch_dop_operator_v3 to 2025-04-21 17:17:00+00:00, run_after=2025-04-21 17:18:00+00:00
[2025-04-21T17:18:12.868+0000] {processor.py:208} INFO - Processing /home/airflow/.local/lib/python3.12/site-packages/airflow/example_dags/example_branch_python_dop_operator_3.py took 0.027 seconds
[2025-04-21T17:18:43.054+0000] {processor.py:186} INFO - Started process (PID=1648) to work on /home/airflow/.local/lib/python3.12/site-packages/airflow/example_dags/example_branch_python_dop_operator_3.py
[2025-04-21T17:18:43.055+0000] {processor.py:914} INFO - Processing file /home/airflow/.local/lib/python3.12/site-packages/airflow/example_dags/example_branch_python_dop_operator_3.py for tasks to queue
[2025-04-21T17:18:43.056+0000] {logging_mixin.py:190} INFO - [2025-04-21T17:18:43.055+0000] {dagbag.py:588} INFO - Filling up the DagBag from /home/airflow/.local/lib/python3.12/site-packages/airflow/example_dags/example_branch_python_dop_operator_3.py
[2025-04-21T17:18:43.060+0000] {processor.py:925} INFO - DAG(s) 'example_branch_dop_operator_v3' retrieved from /home/airflow/.local/lib/python3.12/site-packages/airflow/example_dags/example_branch_python_dop_operator_3.py
[2025-04-21T17:18:43.070+0000] {logging_mixin.py:190} INFO - [2025-04-21T17:18:43.070+0000] {dag.py:3239} INFO - Sync 1 DAGs
[2025-04-21T17:18:43.080+0000] {logging_mixin.py:190} INFO - [2025-04-21T17:18:43.079+0000] {dag.py:4180} INFO - Setting next_dagrun for example_branch_dop_operator_v3 to 2025-04-21 17:17:00+00:00, run_after=2025-04-21 17:18:00+00:00
[2025-04-21T17:18:43.087+0000] {processor.py:208} INFO - Processing /home/airflow/.local/lib/python3.12/site-packages/airflow/example_dags/example_branch_python_dop_operator_3.py took 0.035 seconds
