[2025-04-21T17:02:00.622+0000] {processor.py:186} INFO - Started process (PID=73) to work on /home/airflow/.local/lib/python3.12/site-packages/airflow/example_dags/example_branch_labels.py
[2025-04-21T17:02:00.622+0000] {processor.py:914} INFO - Processing file /home/airflow/.local/lib/python3.12/site-packages/airflow/example_dags/example_branch_labels.py for tasks to queue
[2025-04-21T17:02:00.623+0000] {logging_mixin.py:190} INFO - [2025-04-21T17:02:00.623+0000] {dagbag.py:588} INFO - Filling up the DagBag from /home/airflow/.local/lib/python3.12/site-packages/airflow/example_dags/example_branch_labels.py
[2025-04-21T17:02:00.628+0000] {processor.py:925} INFO - DAG(s) 'example_branch_labels' retrieved from /home/airflow/.local/lib/python3.12/site-packages/airflow/example_dags/example_branch_labels.py
[2025-04-21T17:02:00.682+0000] {logging_mixin.py:190} INFO - [2025-04-21T17:02:00.682+0000] {override.py:1912} INFO - Created Permission View: can read on DAG:example_branch_labels
[2025-04-21T17:02:00.687+0000] {logging_mixin.py:190} INFO - [2025-04-21T17:02:00.687+0000] {override.py:1912} INFO - Created Permission View: can edit on DAG:example_branch_labels
[2025-04-21T17:02:00.700+0000] {logging_mixin.py:190} INFO - [2025-04-21T17:02:00.700+0000] {override.py:1912} INFO - Created Permission View: can delete on DAG:example_branch_labels
[2025-04-21T17:02:00.706+0000] {logging_mixin.py:190} INFO - [2025-04-21T17:02:00.706+0000] {override.py:1912} INFO - Created Permission View: can read on DAG Run:example_branch_labels
[2025-04-21T17:02:00.708+0000] {logging_mixin.py:190} INFO - [2025-04-21T17:02:00.708+0000] {override.py:1912} INFO - Created Permission View: can delete on DAG Run:example_branch_labels
[2025-04-21T17:02:00.713+0000] {logging_mixin.py:190} INFO - [2025-04-21T17:02:00.713+0000] {override.py:1912} INFO - Created Permission View: menu access on DAG Run:example_branch_labels
[2025-04-21T17:02:00.719+0000] {logging_mixin.py:190} INFO - [2025-04-21T17:02:00.719+0000] {override.py:1912} INFO - Created Permission View: can create on DAG Run:example_branch_labels
[2025-04-21T17:02:00.721+0000] {logging_mixin.py:190} INFO - [2025-04-21T17:02:00.721+0000] {dag.py:3239} INFO - Sync 1 DAGs
[2025-04-21T17:02:00.727+0000] {logging_mixin.py:190} INFO - [2025-04-21T17:02:00.727+0000] {dag.py:3262} INFO - Creating ORM DAG for example_branch_labels
[2025-04-21T17:02:00.731+0000] {logging_mixin.py:190} INFO - [2025-04-21T17:02:00.731+0000] {dag.py:4180} INFO - Setting next_dagrun for example_branch_labels to 2025-04-20 00:00:00+00:00, run_after=2025-04-21 00:00:00+00:00
[2025-04-21T17:02:00.739+0000] {processor.py:208} INFO - Processing /home/airflow/.local/lib/python3.12/site-packages/airflow/example_dags/example_branch_labels.py took 0.119 seconds
[2025-04-21T17:02:30.924+0000] {processor.py:186} INFO - Started process (PID=136) to work on /home/airflow/.local/lib/python3.12/site-packages/airflow/example_dags/example_branch_labels.py
[2025-04-21T17:02:30.925+0000] {processor.py:914} INFO - Processing file /home/airflow/.local/lib/python3.12/site-packages/airflow/example_dags/example_branch_labels.py for tasks to queue
[2025-04-21T17:02:30.926+0000] {logging_mixin.py:190} INFO - [2025-04-21T17:02:30.926+0000] {dagbag.py:588} INFO - Filling up the DagBag from /home/airflow/.local/lib/python3.12/site-packages/airflow/example_dags/example_branch_labels.py
[2025-04-21T17:02:30.929+0000] {processor.py:925} INFO - DAG(s) 'example_branch_labels' retrieved from /home/airflow/.local/lib/python3.12/site-packages/airflow/example_dags/example_branch_labels.py
[2025-04-21T17:02:30.938+0000] {logging_mixin.py:190} INFO - [2025-04-21T17:02:30.938+0000] {dag.py:3239} INFO - Sync 1 DAGs
[2025-04-21T17:02:30.946+0000] {logging_mixin.py:190} INFO - [2025-04-21T17:02:30.946+0000] {dag.py:4180} INFO - Setting next_dagrun for example_branch_labels to 2025-04-20 00:00:00+00:00, run_after=2025-04-21 00:00:00+00:00
[2025-04-21T17:02:30.958+0000] {processor.py:208} INFO - Processing /home/airflow/.local/lib/python3.12/site-packages/airflow/example_dags/example_branch_labels.py took 0.035 seconds
[2025-04-21T17:03:01.481+0000] {processor.py:186} INFO - Started process (PID=199) to work on /home/airflow/.local/lib/python3.12/site-packages/airflow/example_dags/example_branch_labels.py
[2025-04-21T17:03:01.481+0000] {processor.py:914} INFO - Processing file /home/airflow/.local/lib/python3.12/site-packages/airflow/example_dags/example_branch_labels.py for tasks to queue
[2025-04-21T17:03:01.482+0000] {logging_mixin.py:190} INFO - [2025-04-21T17:03:01.482+0000] {dagbag.py:588} INFO - Filling up the DagBag from /home/airflow/.local/lib/python3.12/site-packages/airflow/example_dags/example_branch_labels.py
[2025-04-21T17:03:01.485+0000] {processor.py:925} INFO - DAG(s) 'example_branch_labels' retrieved from /home/airflow/.local/lib/python3.12/site-packages/airflow/example_dags/example_branch_labels.py
[2025-04-21T17:03:01.493+0000] {logging_mixin.py:190} INFO - [2025-04-21T17:03:01.492+0000] {dag.py:3239} INFO - Sync 1 DAGs
[2025-04-21T17:03:01.500+0000] {logging_mixin.py:190} INFO - [2025-04-21T17:03:01.500+0000] {dag.py:4180} INFO - Setting next_dagrun for example_branch_labels to 2025-04-20 00:00:00+00:00, run_after=2025-04-21 00:00:00+00:00
[2025-04-21T17:03:01.507+0000] {processor.py:208} INFO - Processing /home/airflow/.local/lib/python3.12/site-packages/airflow/example_dags/example_branch_labels.py took 0.028 seconds
[2025-04-21T17:03:32.614+0000] {processor.py:186} INFO - Started process (PID=261) to work on /home/airflow/.local/lib/python3.12/site-packages/airflow/example_dags/example_branch_labels.py
[2025-04-21T17:03:32.614+0000] {processor.py:914} INFO - Processing file /home/airflow/.local/lib/python3.12/site-packages/airflow/example_dags/example_branch_labels.py for tasks to queue
[2025-04-21T17:03:32.615+0000] {logging_mixin.py:190} INFO - [2025-04-21T17:03:32.615+0000] {dagbag.py:588} INFO - Filling up the DagBag from /home/airflow/.local/lib/python3.12/site-packages/airflow/example_dags/example_branch_labels.py
[2025-04-21T17:03:32.619+0000] {processor.py:925} INFO - DAG(s) 'example_branch_labels' retrieved from /home/airflow/.local/lib/python3.12/site-packages/airflow/example_dags/example_branch_labels.py
[2025-04-21T17:03:32.628+0000] {logging_mixin.py:190} INFO - [2025-04-21T17:03:32.628+0000] {dag.py:3239} INFO - Sync 1 DAGs
[2025-04-21T17:03:32.637+0000] {logging_mixin.py:190} INFO - [2025-04-21T17:03:32.637+0000] {dag.py:4180} INFO - Setting next_dagrun for example_branch_labels to 2025-04-20 00:00:00+00:00, run_after=2025-04-21 00:00:00+00:00
[2025-04-21T17:03:32.645+0000] {processor.py:208} INFO - Processing /home/airflow/.local/lib/python3.12/site-packages/airflow/example_dags/example_branch_labels.py took 0.033 seconds
[2025-04-21T17:04:03.774+0000] {processor.py:186} INFO - Started process (PID=324) to work on /home/airflow/.local/lib/python3.12/site-packages/airflow/example_dags/example_branch_labels.py
[2025-04-21T17:04:03.776+0000] {processor.py:914} INFO - Processing file /home/airflow/.local/lib/python3.12/site-packages/airflow/example_dags/example_branch_labels.py for tasks to queue
[2025-04-21T17:04:03.777+0000] {logging_mixin.py:190} INFO - [2025-04-21T17:04:03.777+0000] {dagbag.py:588} INFO - Filling up the DagBag from /home/airflow/.local/lib/python3.12/site-packages/airflow/example_dags/example_branch_labels.py
[2025-04-21T17:04:03.781+0000] {processor.py:925} INFO - DAG(s) 'example_branch_labels' retrieved from /home/airflow/.local/lib/python3.12/site-packages/airflow/example_dags/example_branch_labels.py
[2025-04-21T17:04:03.792+0000] {logging_mixin.py:190} INFO - [2025-04-21T17:04:03.792+0000] {dag.py:3239} INFO - Sync 1 DAGs
[2025-04-21T17:04:03.800+0000] {logging_mixin.py:190} INFO - [2025-04-21T17:04:03.800+0000] {dag.py:4180} INFO - Setting next_dagrun for example_branch_labels to 2025-04-20 00:00:00+00:00, run_after=2025-04-21 00:00:00+00:00
[2025-04-21T17:04:03.807+0000] {processor.py:208} INFO - Processing /home/airflow/.local/lib/python3.12/site-packages/airflow/example_dags/example_branch_labels.py took 0.036 seconds
[2025-04-21T17:04:35.051+0000] {processor.py:186} INFO - Started process (PID=387) to work on /home/airflow/.local/lib/python3.12/site-packages/airflow/example_dags/example_branch_labels.py
[2025-04-21T17:04:35.053+0000] {processor.py:914} INFO - Processing file /home/airflow/.local/lib/python3.12/site-packages/airflow/example_dags/example_branch_labels.py for tasks to queue
[2025-04-21T17:04:35.054+0000] {logging_mixin.py:190} INFO - [2025-04-21T17:04:35.054+0000] {dagbag.py:588} INFO - Filling up the DagBag from /home/airflow/.local/lib/python3.12/site-packages/airflow/example_dags/example_branch_labels.py
[2025-04-21T17:04:35.058+0000] {processor.py:925} INFO - DAG(s) 'example_branch_labels' retrieved from /home/airflow/.local/lib/python3.12/site-packages/airflow/example_dags/example_branch_labels.py
[2025-04-21T17:04:35.066+0000] {logging_mixin.py:190} INFO - [2025-04-21T17:04:35.066+0000] {dag.py:3239} INFO - Sync 1 DAGs
[2025-04-21T17:04:35.074+0000] {logging_mixin.py:190} INFO - [2025-04-21T17:04:35.074+0000] {dag.py:4180} INFO - Setting next_dagrun for example_branch_labels to 2025-04-20 00:00:00+00:00, run_after=2025-04-21 00:00:00+00:00
[2025-04-21T17:04:35.083+0000] {processor.py:208} INFO - Processing /home/airflow/.local/lib/python3.12/site-packages/airflow/example_dags/example_branch_labels.py took 0.034 seconds
[2025-04-21T17:05:06.239+0000] {processor.py:186} INFO - Started process (PID=450) to work on /home/airflow/.local/lib/python3.12/site-packages/airflow/example_dags/example_branch_labels.py
[2025-04-21T17:05:06.239+0000] {processor.py:914} INFO - Processing file /home/airflow/.local/lib/python3.12/site-packages/airflow/example_dags/example_branch_labels.py for tasks to queue
[2025-04-21T17:05:06.240+0000] {logging_mixin.py:190} INFO - [2025-04-21T17:05:06.240+0000] {dagbag.py:588} INFO - Filling up the DagBag from /home/airflow/.local/lib/python3.12/site-packages/airflow/example_dags/example_branch_labels.py
[2025-04-21T17:05:06.244+0000] {processor.py:925} INFO - DAG(s) 'example_branch_labels' retrieved from /home/airflow/.local/lib/python3.12/site-packages/airflow/example_dags/example_branch_labels.py
[2025-04-21T17:05:06.253+0000] {logging_mixin.py:190} INFO - [2025-04-21T17:05:06.253+0000] {dag.py:3239} INFO - Sync 1 DAGs
[2025-04-21T17:05:06.260+0000] {logging_mixin.py:190} INFO - [2025-04-21T17:05:06.260+0000] {dag.py:4180} INFO - Setting next_dagrun for example_branch_labels to 2025-04-20 00:00:00+00:00, run_after=2025-04-21 00:00:00+00:00
[2025-04-21T17:05:06.267+0000] {processor.py:208} INFO - Processing /home/airflow/.local/lib/python3.12/site-packages/airflow/example_dags/example_branch_labels.py took 0.031 seconds
[2025-04-21T17:05:55.858+0000] {processor.py:186} INFO - Started process (PID=73) to work on /home/airflow/.local/lib/python3.12/site-packages/airflow/example_dags/example_branch_labels.py
[2025-04-21T17:05:55.858+0000] {processor.py:914} INFO - Processing file /home/airflow/.local/lib/python3.12/site-packages/airflow/example_dags/example_branch_labels.py for tasks to queue
[2025-04-21T17:05:55.860+0000] {logging_mixin.py:190} INFO - [2025-04-21T17:05:55.860+0000] {dagbag.py:588} INFO - Filling up the DagBag from /home/airflow/.local/lib/python3.12/site-packages/airflow/example_dags/example_branch_labels.py
[2025-04-21T17:05:55.866+0000] {processor.py:925} INFO - DAG(s) 'example_branch_labels' retrieved from /home/airflow/.local/lib/python3.12/site-packages/airflow/example_dags/example_branch_labels.py
[2025-04-21T17:05:55.883+0000] {logging_mixin.py:190} INFO - [2025-04-21T17:05:55.883+0000] {dag.py:3239} INFO - Sync 1 DAGs
[2025-04-21T17:05:55.893+0000] {logging_mixin.py:190} INFO - [2025-04-21T17:05:55.893+0000] {dag.py:4180} INFO - Setting next_dagrun for example_branch_labels to 2025-04-20 00:00:00+00:00, run_after=2025-04-21 00:00:00+00:00
[2025-04-21T17:05:55.904+0000] {processor.py:208} INFO - Processing /home/airflow/.local/lib/python3.12/site-packages/airflow/example_dags/example_branch_labels.py took 0.049 seconds
[2025-04-21T17:06:26.159+0000] {processor.py:186} INFO - Started process (PID=136) to work on /home/airflow/.local/lib/python3.12/site-packages/airflow/example_dags/example_branch_labels.py
[2025-04-21T17:06:26.160+0000] {processor.py:914} INFO - Processing file /home/airflow/.local/lib/python3.12/site-packages/airflow/example_dags/example_branch_labels.py for tasks to queue
[2025-04-21T17:06:26.163+0000] {logging_mixin.py:190} INFO - [2025-04-21T17:06:26.163+0000] {dagbag.py:588} INFO - Filling up the DagBag from /home/airflow/.local/lib/python3.12/site-packages/airflow/example_dags/example_branch_labels.py
[2025-04-21T17:06:26.168+0000] {processor.py:925} INFO - DAG(s) 'example_branch_labels' retrieved from /home/airflow/.local/lib/python3.12/site-packages/airflow/example_dags/example_branch_labels.py
[2025-04-21T17:06:26.175+0000] {logging_mixin.py:190} INFO - [2025-04-21T17:06:26.175+0000] {dag.py:3239} INFO - Sync 1 DAGs
[2025-04-21T17:06:26.186+0000] {logging_mixin.py:190} INFO - [2025-04-21T17:06:26.186+0000] {dag.py:4180} INFO - Setting next_dagrun for example_branch_labels to 2025-04-20 00:00:00+00:00, run_after=2025-04-21 00:00:00+00:00
[2025-04-21T17:06:26.192+0000] {processor.py:208} INFO - Processing /home/airflow/.local/lib/python3.12/site-packages/airflow/example_dags/example_branch_labels.py took 0.034 seconds
[2025-04-21T17:06:57.275+0000] {processor.py:186} INFO - Started process (PID=199) to work on /home/airflow/.local/lib/python3.12/site-packages/airflow/example_dags/example_branch_labels.py
[2025-04-21T17:06:57.278+0000] {processor.py:914} INFO - Processing file /home/airflow/.local/lib/python3.12/site-packages/airflow/example_dags/example_branch_labels.py for tasks to queue
[2025-04-21T17:06:57.279+0000] {logging_mixin.py:190} INFO - [2025-04-21T17:06:57.279+0000] {dagbag.py:588} INFO - Filling up the DagBag from /home/airflow/.local/lib/python3.12/site-packages/airflow/example_dags/example_branch_labels.py
[2025-04-21T17:06:57.284+0000] {processor.py:925} INFO - DAG(s) 'example_branch_labels' retrieved from /home/airflow/.local/lib/python3.12/site-packages/airflow/example_dags/example_branch_labels.py
[2025-04-21T17:06:57.292+0000] {logging_mixin.py:190} INFO - [2025-04-21T17:06:57.292+0000] {dag.py:3239} INFO - Sync 1 DAGs
[2025-04-21T17:06:57.300+0000] {logging_mixin.py:190} INFO - [2025-04-21T17:06:57.300+0000] {dag.py:4180} INFO - Setting next_dagrun for example_branch_labels to 2025-04-20 00:00:00+00:00, run_after=2025-04-21 00:00:00+00:00
[2025-04-21T17:06:57.307+0000] {processor.py:208} INFO - Processing /home/airflow/.local/lib/python3.12/site-packages/airflow/example_dags/example_branch_labels.py took 0.034 seconds
[2025-04-21T17:07:28.392+0000] {processor.py:186} INFO - Started process (PID=262) to work on /home/airflow/.local/lib/python3.12/site-packages/airflow/example_dags/example_branch_labels.py
[2025-04-21T17:07:28.392+0000] {processor.py:914} INFO - Processing file /home/airflow/.local/lib/python3.12/site-packages/airflow/example_dags/example_branch_labels.py for tasks to queue
[2025-04-21T17:07:28.395+0000] {logging_mixin.py:190} INFO - [2025-04-21T17:07:28.395+0000] {dagbag.py:588} INFO - Filling up the DagBag from /home/airflow/.local/lib/python3.12/site-packages/airflow/example_dags/example_branch_labels.py
[2025-04-21T17:07:28.399+0000] {processor.py:925} INFO - DAG(s) 'example_branch_labels' retrieved from /home/airflow/.local/lib/python3.12/site-packages/airflow/example_dags/example_branch_labels.py
[2025-04-21T17:07:28.407+0000] {logging_mixin.py:190} INFO - [2025-04-21T17:07:28.406+0000] {dag.py:3239} INFO - Sync 1 DAGs
[2025-04-21T17:07:28.415+0000] {logging_mixin.py:190} INFO - [2025-04-21T17:07:28.415+0000] {dag.py:4180} INFO - Setting next_dagrun for example_branch_labels to 2025-04-20 00:00:00+00:00, run_after=2025-04-21 00:00:00+00:00
[2025-04-21T17:07:28.421+0000] {processor.py:208} INFO - Processing /home/airflow/.local/lib/python3.12/site-packages/airflow/example_dags/example_branch_labels.py took 0.031 seconds
[2025-04-21T17:07:59.431+0000] {processor.py:186} INFO - Started process (PID=325) to work on /home/airflow/.local/lib/python3.12/site-packages/airflow/example_dags/example_branch_labels.py
[2025-04-21T17:07:59.434+0000] {processor.py:914} INFO - Processing file /home/airflow/.local/lib/python3.12/site-packages/airflow/example_dags/example_branch_labels.py for tasks to queue
[2025-04-21T17:07:59.436+0000] {logging_mixin.py:190} INFO - [2025-04-21T17:07:59.436+0000] {dagbag.py:588} INFO - Filling up the DagBag from /home/airflow/.local/lib/python3.12/site-packages/airflow/example_dags/example_branch_labels.py
[2025-04-21T17:07:59.440+0000] {processor.py:925} INFO - DAG(s) 'example_branch_labels' retrieved from /home/airflow/.local/lib/python3.12/site-packages/airflow/example_dags/example_branch_labels.py
[2025-04-21T17:07:59.448+0000] {logging_mixin.py:190} INFO - [2025-04-21T17:07:59.448+0000] {dag.py:3239} INFO - Sync 1 DAGs
[2025-04-21T17:07:59.456+0000] {logging_mixin.py:190} INFO - [2025-04-21T17:07:59.456+0000] {dag.py:4180} INFO - Setting next_dagrun for example_branch_labels to 2025-04-20 00:00:00+00:00, run_after=2025-04-21 00:00:00+00:00
[2025-04-21T17:07:59.462+0000] {processor.py:208} INFO - Processing /home/airflow/.local/lib/python3.12/site-packages/airflow/example_dags/example_branch_labels.py took 0.033 seconds
[2025-04-21T17:08:30.674+0000] {processor.py:186} INFO - Started process (PID=388) to work on /home/airflow/.local/lib/python3.12/site-packages/airflow/example_dags/example_branch_labels.py
[2025-04-21T17:08:30.674+0000] {processor.py:914} INFO - Processing file /home/airflow/.local/lib/python3.12/site-packages/airflow/example_dags/example_branch_labels.py for tasks to queue
[2025-04-21T17:08:30.675+0000] {logging_mixin.py:190} INFO - [2025-04-21T17:08:30.675+0000] {dagbag.py:588} INFO - Filling up the DagBag from /home/airflow/.local/lib/python3.12/site-packages/airflow/example_dags/example_branch_labels.py
[2025-04-21T17:08:30.679+0000] {processor.py:925} INFO - DAG(s) 'example_branch_labels' retrieved from /home/airflow/.local/lib/python3.12/site-packages/airflow/example_dags/example_branch_labels.py
[2025-04-21T17:08:30.691+0000] {logging_mixin.py:190} INFO - [2025-04-21T17:08:30.691+0000] {dag.py:3239} INFO - Sync 1 DAGs
[2025-04-21T17:08:30.701+0000] {logging_mixin.py:190} INFO - [2025-04-21T17:08:30.701+0000] {dag.py:4180} INFO - Setting next_dagrun for example_branch_labels to 2025-04-20 00:00:00+00:00, run_after=2025-04-21 00:00:00+00:00
[2025-04-21T17:08:30.709+0000] {processor.py:208} INFO - Processing /home/airflow/.local/lib/python3.12/site-packages/airflow/example_dags/example_branch_labels.py took 0.037 seconds
[2025-04-21T17:09:01.778+0000] {processor.py:186} INFO - Started process (PID=451) to work on /home/airflow/.local/lib/python3.12/site-packages/airflow/example_dags/example_branch_labels.py
[2025-04-21T17:09:01.779+0000] {processor.py:914} INFO - Processing file /home/airflow/.local/lib/python3.12/site-packages/airflow/example_dags/example_branch_labels.py for tasks to queue
[2025-04-21T17:09:01.780+0000] {logging_mixin.py:190} INFO - [2025-04-21T17:09:01.779+0000] {dagbag.py:588} INFO - Filling up the DagBag from /home/airflow/.local/lib/python3.12/site-packages/airflow/example_dags/example_branch_labels.py
[2025-04-21T17:09:01.784+0000] {processor.py:925} INFO - DAG(s) 'example_branch_labels' retrieved from /home/airflow/.local/lib/python3.12/site-packages/airflow/example_dags/example_branch_labels.py
[2025-04-21T17:09:01.793+0000] {logging_mixin.py:190} INFO - [2025-04-21T17:09:01.793+0000] {dag.py:3239} INFO - Sync 1 DAGs
[2025-04-21T17:09:01.801+0000] {logging_mixin.py:190} INFO - [2025-04-21T17:09:01.801+0000] {dag.py:4180} INFO - Setting next_dagrun for example_branch_labels to 2025-04-20 00:00:00+00:00, run_after=2025-04-21 00:00:00+00:00
[2025-04-21T17:09:01.807+0000] {processor.py:208} INFO - Processing /home/airflow/.local/lib/python3.12/site-packages/airflow/example_dags/example_branch_labels.py took 0.031 seconds
[2025-04-21T17:09:32.850+0000] {processor.py:186} INFO - Started process (PID=514) to work on /home/airflow/.local/lib/python3.12/site-packages/airflow/example_dags/example_branch_labels.py
[2025-04-21T17:09:32.851+0000] {processor.py:914} INFO - Processing file /home/airflow/.local/lib/python3.12/site-packages/airflow/example_dags/example_branch_labels.py for tasks to queue
[2025-04-21T17:09:32.852+0000] {logging_mixin.py:190} INFO - [2025-04-21T17:09:32.852+0000] {dagbag.py:588} INFO - Filling up the DagBag from /home/airflow/.local/lib/python3.12/site-packages/airflow/example_dags/example_branch_labels.py
[2025-04-21T17:09:32.857+0000] {processor.py:925} INFO - DAG(s) 'example_branch_labels' retrieved from /home/airflow/.local/lib/python3.12/site-packages/airflow/example_dags/example_branch_labels.py
[2025-04-21T17:09:32.866+0000] {logging_mixin.py:190} INFO - [2025-04-21T17:09:32.866+0000] {dag.py:3239} INFO - Sync 1 DAGs
[2025-04-21T17:09:32.874+0000] {logging_mixin.py:190} INFO - [2025-04-21T17:09:32.874+0000] {dag.py:4180} INFO - Setting next_dagrun for example_branch_labels to 2025-04-20 00:00:00+00:00, run_after=2025-04-21 00:00:00+00:00
[2025-04-21T17:09:32.881+0000] {processor.py:208} INFO - Processing /home/airflow/.local/lib/python3.12/site-packages/airflow/example_dags/example_branch_labels.py took 0.033 seconds
[2025-04-21T17:10:03.939+0000] {processor.py:186} INFO - Started process (PID=577) to work on /home/airflow/.local/lib/python3.12/site-packages/airflow/example_dags/example_branch_labels.py
[2025-04-21T17:10:03.939+0000] {processor.py:914} INFO - Processing file /home/airflow/.local/lib/python3.12/site-packages/airflow/example_dags/example_branch_labels.py for tasks to queue
[2025-04-21T17:10:03.940+0000] {logging_mixin.py:190} INFO - [2025-04-21T17:10:03.940+0000] {dagbag.py:588} INFO - Filling up the DagBag from /home/airflow/.local/lib/python3.12/site-packages/airflow/example_dags/example_branch_labels.py
[2025-04-21T17:10:03.944+0000] {processor.py:925} INFO - DAG(s) 'example_branch_labels' retrieved from /home/airflow/.local/lib/python3.12/site-packages/airflow/example_dags/example_branch_labels.py
[2025-04-21T17:10:03.951+0000] {logging_mixin.py:190} INFO - [2025-04-21T17:10:03.951+0000] {dag.py:3239} INFO - Sync 1 DAGs
[2025-04-21T17:10:03.960+0000] {logging_mixin.py:190} INFO - [2025-04-21T17:10:03.959+0000] {dag.py:4180} INFO - Setting next_dagrun for example_branch_labels to 2025-04-20 00:00:00+00:00, run_after=2025-04-21 00:00:00+00:00
[2025-04-21T17:10:03.965+0000] {processor.py:208} INFO - Processing /home/airflow/.local/lib/python3.12/site-packages/airflow/example_dags/example_branch_labels.py took 0.029 seconds
[2025-04-21T17:10:35.141+0000] {processor.py:186} INFO - Started process (PID=640) to work on /home/airflow/.local/lib/python3.12/site-packages/airflow/example_dags/example_branch_labels.py
[2025-04-21T17:10:35.141+0000] {processor.py:914} INFO - Processing file /home/airflow/.local/lib/python3.12/site-packages/airflow/example_dags/example_branch_labels.py for tasks to queue
[2025-04-21T17:10:35.142+0000] {logging_mixin.py:190} INFO - [2025-04-21T17:10:35.142+0000] {dagbag.py:588} INFO - Filling up the DagBag from /home/airflow/.local/lib/python3.12/site-packages/airflow/example_dags/example_branch_labels.py
[2025-04-21T17:10:35.149+0000] {processor.py:925} INFO - DAG(s) 'example_branch_labels' retrieved from /home/airflow/.local/lib/python3.12/site-packages/airflow/example_dags/example_branch_labels.py
[2025-04-21T17:10:35.157+0000] {logging_mixin.py:190} INFO - [2025-04-21T17:10:35.157+0000] {dag.py:3239} INFO - Sync 1 DAGs
[2025-04-21T17:10:35.165+0000] {logging_mixin.py:190} INFO - [2025-04-21T17:10:35.165+0000] {dag.py:4180} INFO - Setting next_dagrun for example_branch_labels to 2025-04-20 00:00:00+00:00, run_after=2025-04-21 00:00:00+00:00
[2025-04-21T17:10:35.171+0000] {processor.py:208} INFO - Processing /home/airflow/.local/lib/python3.12/site-packages/airflow/example_dags/example_branch_labels.py took 0.033 seconds
[2025-04-21T17:11:06.287+0000] {processor.py:186} INFO - Started process (PID=704) to work on /home/airflow/.local/lib/python3.12/site-packages/airflow/example_dags/example_branch_labels.py
[2025-04-21T17:11:06.288+0000] {processor.py:914} INFO - Processing file /home/airflow/.local/lib/python3.12/site-packages/airflow/example_dags/example_branch_labels.py for tasks to queue
[2025-04-21T17:11:06.289+0000] {logging_mixin.py:190} INFO - [2025-04-21T17:11:06.289+0000] {dagbag.py:588} INFO - Filling up the DagBag from /home/airflow/.local/lib/python3.12/site-packages/airflow/example_dags/example_branch_labels.py
[2025-04-21T17:11:06.293+0000] {processor.py:925} INFO - DAG(s) 'example_branch_labels' retrieved from /home/airflow/.local/lib/python3.12/site-packages/airflow/example_dags/example_branch_labels.py
[2025-04-21T17:11:06.301+0000] {logging_mixin.py:190} INFO - [2025-04-21T17:11:06.301+0000] {dag.py:3239} INFO - Sync 1 DAGs
[2025-04-21T17:11:06.310+0000] {logging_mixin.py:190} INFO - [2025-04-21T17:11:06.309+0000] {dag.py:4180} INFO - Setting next_dagrun for example_branch_labels to 2025-04-20 00:00:00+00:00, run_after=2025-04-21 00:00:00+00:00
[2025-04-21T17:11:06.319+0000] {processor.py:208} INFO - Processing /home/airflow/.local/lib/python3.12/site-packages/airflow/example_dags/example_branch_labels.py took 0.034 seconds
[2025-04-21T17:11:37.598+0000] {processor.py:186} INFO - Started process (PID=768) to work on /home/airflow/.local/lib/python3.12/site-packages/airflow/example_dags/example_branch_labels.py
[2025-04-21T17:11:37.601+0000] {processor.py:914} INFO - Processing file /home/airflow/.local/lib/python3.12/site-packages/airflow/example_dags/example_branch_labels.py for tasks to queue
[2025-04-21T17:11:37.601+0000] {logging_mixin.py:190} INFO - [2025-04-21T17:11:37.601+0000] {dagbag.py:588} INFO - Filling up the DagBag from /home/airflow/.local/lib/python3.12/site-packages/airflow/example_dags/example_branch_labels.py
[2025-04-21T17:11:37.606+0000] {processor.py:925} INFO - DAG(s) 'example_branch_labels' retrieved from /home/airflow/.local/lib/python3.12/site-packages/airflow/example_dags/example_branch_labels.py
[2025-04-21T17:11:37.615+0000] {logging_mixin.py:190} INFO - [2025-04-21T17:11:37.614+0000] {dag.py:3239} INFO - Sync 1 DAGs
[2025-04-21T17:11:37.623+0000] {logging_mixin.py:190} INFO - [2025-04-21T17:11:37.622+0000] {dag.py:4180} INFO - Setting next_dagrun for example_branch_labels to 2025-04-20 00:00:00+00:00, run_after=2025-04-21 00:00:00+00:00
[2025-04-21T17:11:37.631+0000] {processor.py:208} INFO - Processing /home/airflow/.local/lib/python3.12/site-packages/airflow/example_dags/example_branch_labels.py took 0.036 seconds
[2025-04-21T17:12:09.051+0000] {processor.py:186} INFO - Started process (PID=832) to work on /home/airflow/.local/lib/python3.12/site-packages/airflow/example_dags/example_branch_labels.py
[2025-04-21T17:12:09.051+0000] {processor.py:914} INFO - Processing file /home/airflow/.local/lib/python3.12/site-packages/airflow/example_dags/example_branch_labels.py for tasks to queue
[2025-04-21T17:12:09.052+0000] {logging_mixin.py:190} INFO - [2025-04-21T17:12:09.052+0000] {dagbag.py:588} INFO - Filling up the DagBag from /home/airflow/.local/lib/python3.12/site-packages/airflow/example_dags/example_branch_labels.py
[2025-04-21T17:12:09.057+0000] {processor.py:925} INFO - DAG(s) 'example_branch_labels' retrieved from /home/airflow/.local/lib/python3.12/site-packages/airflow/example_dags/example_branch_labels.py
[2025-04-21T17:12:09.069+0000] {logging_mixin.py:190} INFO - [2025-04-21T17:12:09.069+0000] {dag.py:3239} INFO - Sync 1 DAGs
[2025-04-21T17:12:09.079+0000] {logging_mixin.py:190} INFO - [2025-04-21T17:12:09.079+0000] {dag.py:4180} INFO - Setting next_dagrun for example_branch_labels to 2025-04-20 00:00:00+00:00, run_after=2025-04-21 00:00:00+00:00
[2025-04-21T17:12:09.088+0000] {processor.py:208} INFO - Processing /home/airflow/.local/lib/python3.12/site-packages/airflow/example_dags/example_branch_labels.py took 0.040 seconds
[2025-04-21T17:12:39.875+0000] {processor.py:186} INFO - Started process (PID=896) to work on /home/airflow/.local/lib/python3.12/site-packages/airflow/example_dags/example_branch_labels.py
[2025-04-21T17:12:39.876+0000] {processor.py:914} INFO - Processing file /home/airflow/.local/lib/python3.12/site-packages/airflow/example_dags/example_branch_labels.py for tasks to queue
[2025-04-21T17:12:39.877+0000] {logging_mixin.py:190} INFO - [2025-04-21T17:12:39.877+0000] {dagbag.py:588} INFO - Filling up the DagBag from /home/airflow/.local/lib/python3.12/site-packages/airflow/example_dags/example_branch_labels.py
[2025-04-21T17:12:39.906+0000] {processor.py:925} INFO - DAG(s) 'example_branch_labels' retrieved from /home/airflow/.local/lib/python3.12/site-packages/airflow/example_dags/example_branch_labels.py
[2025-04-21T17:12:39.922+0000] {logging_mixin.py:190} INFO - [2025-04-21T17:12:39.922+0000] {dag.py:3239} INFO - Sync 1 DAGs
[2025-04-21T17:12:39.932+0000] {logging_mixin.py:190} INFO - [2025-04-21T17:12:39.932+0000] {dag.py:4180} INFO - Setting next_dagrun for example_branch_labels to 2025-04-20 00:00:00+00:00, run_after=2025-04-21 00:00:00+00:00
[2025-04-21T17:12:39.938+0000] {processor.py:208} INFO - Processing /home/airflow/.local/lib/python3.12/site-packages/airflow/example_dags/example_branch_labels.py took 0.065 seconds
[2025-04-21T17:13:10.353+0000] {processor.py:186} INFO - Started process (PID=960) to work on /home/airflow/.local/lib/python3.12/site-packages/airflow/example_dags/example_branch_labels.py
[2025-04-21T17:13:10.354+0000] {processor.py:914} INFO - Processing file /home/airflow/.local/lib/python3.12/site-packages/airflow/example_dags/example_branch_labels.py for tasks to queue
[2025-04-21T17:13:10.355+0000] {logging_mixin.py:190} INFO - [2025-04-21T17:13:10.355+0000] {dagbag.py:588} INFO - Filling up the DagBag from /home/airflow/.local/lib/python3.12/site-packages/airflow/example_dags/example_branch_labels.py
[2025-04-21T17:13:10.361+0000] {processor.py:925} INFO - DAG(s) 'example_branch_labels' retrieved from /home/airflow/.local/lib/python3.12/site-packages/airflow/example_dags/example_branch_labels.py
[2025-04-21T17:13:10.372+0000] {logging_mixin.py:190} INFO - [2025-04-21T17:13:10.372+0000] {dag.py:3239} INFO - Sync 1 DAGs
[2025-04-21T17:13:10.382+0000] {logging_mixin.py:190} INFO - [2025-04-21T17:13:10.382+0000] {dag.py:4180} INFO - Setting next_dagrun for example_branch_labels to 2025-04-20 00:00:00+00:00, run_after=2025-04-21 00:00:00+00:00
[2025-04-21T17:13:10.388+0000] {processor.py:208} INFO - Processing /home/airflow/.local/lib/python3.12/site-packages/airflow/example_dags/example_branch_labels.py took 0.038 seconds
[2025-04-21T17:13:40.715+0000] {processor.py:186} INFO - Started process (PID=1024) to work on /home/airflow/.local/lib/python3.12/site-packages/airflow/example_dags/example_branch_labels.py
[2025-04-21T17:13:40.716+0000] {processor.py:914} INFO - Processing file /home/airflow/.local/lib/python3.12/site-packages/airflow/example_dags/example_branch_labels.py for tasks to queue
[2025-04-21T17:13:40.716+0000] {logging_mixin.py:190} INFO - [2025-04-21T17:13:40.716+0000] {dagbag.py:588} INFO - Filling up the DagBag from /home/airflow/.local/lib/python3.12/site-packages/airflow/example_dags/example_branch_labels.py
[2025-04-21T17:13:40.721+0000] {processor.py:925} INFO - DAG(s) 'example_branch_labels' retrieved from /home/airflow/.local/lib/python3.12/site-packages/airflow/example_dags/example_branch_labels.py
[2025-04-21T17:13:40.730+0000] {logging_mixin.py:190} INFO - [2025-04-21T17:13:40.730+0000] {dag.py:3239} INFO - Sync 1 DAGs
[2025-04-21T17:13:40.738+0000] {logging_mixin.py:190} INFO - [2025-04-21T17:13:40.738+0000] {dag.py:4180} INFO - Setting next_dagrun for example_branch_labels to 2025-04-20 00:00:00+00:00, run_after=2025-04-21 00:00:00+00:00
[2025-04-21T17:13:40.745+0000] {processor.py:208} INFO - Processing /home/airflow/.local/lib/python3.12/site-packages/airflow/example_dags/example_branch_labels.py took 0.032 seconds
[2025-04-21T17:14:11.112+0000] {processor.py:186} INFO - Started process (PID=1088) to work on /home/airflow/.local/lib/python3.12/site-packages/airflow/example_dags/example_branch_labels.py
[2025-04-21T17:14:11.113+0000] {processor.py:914} INFO - Processing file /home/airflow/.local/lib/python3.12/site-packages/airflow/example_dags/example_branch_labels.py for tasks to queue
[2025-04-21T17:14:11.115+0000] {logging_mixin.py:190} INFO - [2025-04-21T17:14:11.115+0000] {dagbag.py:588} INFO - Filling up the DagBag from /home/airflow/.local/lib/python3.12/site-packages/airflow/example_dags/example_branch_labels.py
[2025-04-21T17:14:11.119+0000] {processor.py:925} INFO - DAG(s) 'example_branch_labels' retrieved from /home/airflow/.local/lib/python3.12/site-packages/airflow/example_dags/example_branch_labels.py
[2025-04-21T17:14:11.128+0000] {logging_mixin.py:190} INFO - [2025-04-21T17:14:11.128+0000] {dag.py:3239} INFO - Sync 1 DAGs
[2025-04-21T17:14:11.137+0000] {logging_mixin.py:190} INFO - [2025-04-21T17:14:11.137+0000] {dag.py:4180} INFO - Setting next_dagrun for example_branch_labels to 2025-04-20 00:00:00+00:00, run_after=2025-04-21 00:00:00+00:00
[2025-04-21T17:14:11.145+0000] {processor.py:208} INFO - Processing /home/airflow/.local/lib/python3.12/site-packages/airflow/example_dags/example_branch_labels.py took 0.035 seconds
[2025-04-21T17:14:41.458+0000] {processor.py:186} INFO - Started process (PID=1152) to work on /home/airflow/.local/lib/python3.12/site-packages/airflow/example_dags/example_branch_labels.py
[2025-04-21T17:14:41.458+0000] {processor.py:914} INFO - Processing file /home/airflow/.local/lib/python3.12/site-packages/airflow/example_dags/example_branch_labels.py for tasks to queue
[2025-04-21T17:14:41.459+0000] {logging_mixin.py:190} INFO - [2025-04-21T17:14:41.459+0000] {dagbag.py:588} INFO - Filling up the DagBag from /home/airflow/.local/lib/python3.12/site-packages/airflow/example_dags/example_branch_labels.py
[2025-04-21T17:14:41.463+0000] {processor.py:925} INFO - DAG(s) 'example_branch_labels' retrieved from /home/airflow/.local/lib/python3.12/site-packages/airflow/example_dags/example_branch_labels.py
[2025-04-21T17:14:41.471+0000] {logging_mixin.py:190} INFO - [2025-04-21T17:14:41.471+0000] {dag.py:3239} INFO - Sync 1 DAGs
[2025-04-21T17:14:41.480+0000] {logging_mixin.py:190} INFO - [2025-04-21T17:14:41.480+0000] {dag.py:4180} INFO - Setting next_dagrun for example_branch_labels to 2025-04-20 00:00:00+00:00, run_after=2025-04-21 00:00:00+00:00
[2025-04-21T17:14:41.488+0000] {processor.py:208} INFO - Processing /home/airflow/.local/lib/python3.12/site-packages/airflow/example_dags/example_branch_labels.py took 0.033 seconds
[2025-04-21T17:15:11.717+0000] {processor.py:186} INFO - Started process (PID=1216) to work on /home/airflow/.local/lib/python3.12/site-packages/airflow/example_dags/example_branch_labels.py
[2025-04-21T17:15:11.718+0000] {processor.py:914} INFO - Processing file /home/airflow/.local/lib/python3.12/site-packages/airflow/example_dags/example_branch_labels.py for tasks to queue
[2025-04-21T17:15:11.719+0000] {logging_mixin.py:190} INFO - [2025-04-21T17:15:11.719+0000] {dagbag.py:588} INFO - Filling up the DagBag from /home/airflow/.local/lib/python3.12/site-packages/airflow/example_dags/example_branch_labels.py
[2025-04-21T17:15:11.723+0000] {processor.py:925} INFO - DAG(s) 'example_branch_labels' retrieved from /home/airflow/.local/lib/python3.12/site-packages/airflow/example_dags/example_branch_labels.py
[2025-04-21T17:15:11.732+0000] {logging_mixin.py:190} INFO - [2025-04-21T17:15:11.732+0000] {dag.py:3239} INFO - Sync 1 DAGs
[2025-04-21T17:15:11.740+0000] {logging_mixin.py:190} INFO - [2025-04-21T17:15:11.740+0000] {dag.py:4180} INFO - Setting next_dagrun for example_branch_labels to 2025-04-20 00:00:00+00:00, run_after=2025-04-21 00:00:00+00:00
[2025-04-21T17:15:11.750+0000] {processor.py:208} INFO - Processing /home/airflow/.local/lib/python3.12/site-packages/airflow/example_dags/example_branch_labels.py took 0.035 seconds
[2025-04-21T17:15:42.149+0000] {processor.py:186} INFO - Started process (PID=1280) to work on /home/airflow/.local/lib/python3.12/site-packages/airflow/example_dags/example_branch_labels.py
[2025-04-21T17:15:42.150+0000] {processor.py:914} INFO - Processing file /home/airflow/.local/lib/python3.12/site-packages/airflow/example_dags/example_branch_labels.py for tasks to queue
[2025-04-21T17:15:42.151+0000] {logging_mixin.py:190} INFO - [2025-04-21T17:15:42.151+0000] {dagbag.py:588} INFO - Filling up the DagBag from /home/airflow/.local/lib/python3.12/site-packages/airflow/example_dags/example_branch_labels.py
[2025-04-21T17:15:42.155+0000] {processor.py:925} INFO - DAG(s) 'example_branch_labels' retrieved from /home/airflow/.local/lib/python3.12/site-packages/airflow/example_dags/example_branch_labels.py
[2025-04-21T17:15:42.162+0000] {logging_mixin.py:190} INFO - [2025-04-21T17:15:42.162+0000] {dag.py:3239} INFO - Sync 1 DAGs
[2025-04-21T17:15:42.170+0000] {logging_mixin.py:190} INFO - [2025-04-21T17:15:42.170+0000] {dag.py:4180} INFO - Setting next_dagrun for example_branch_labels to 2025-04-20 00:00:00+00:00, run_after=2025-04-21 00:00:00+00:00
[2025-04-21T17:15:42.180+0000] {processor.py:208} INFO - Processing /home/airflow/.local/lib/python3.12/site-packages/airflow/example_dags/example_branch_labels.py took 0.034 seconds
[2025-04-21T17:16:12.505+0000] {processor.py:186} INFO - Started process (PID=1345) to work on /home/airflow/.local/lib/python3.12/site-packages/airflow/example_dags/example_branch_labels.py
[2025-04-21T17:16:12.506+0000] {processor.py:914} INFO - Processing file /home/airflow/.local/lib/python3.12/site-packages/airflow/example_dags/example_branch_labels.py for tasks to queue
[2025-04-21T17:16:12.507+0000] {logging_mixin.py:190} INFO - [2025-04-21T17:16:12.507+0000] {dagbag.py:588} INFO - Filling up the DagBag from /home/airflow/.local/lib/python3.12/site-packages/airflow/example_dags/example_branch_labels.py
[2025-04-21T17:16:12.510+0000] {processor.py:925} INFO - DAG(s) 'example_branch_labels' retrieved from /home/airflow/.local/lib/python3.12/site-packages/airflow/example_dags/example_branch_labels.py
[2025-04-21T17:16:12.520+0000] {logging_mixin.py:190} INFO - [2025-04-21T17:16:12.520+0000] {dag.py:3239} INFO - Sync 1 DAGs
[2025-04-21T17:16:12.528+0000] {logging_mixin.py:190} INFO - [2025-04-21T17:16:12.528+0000] {dag.py:4180} INFO - Setting next_dagrun for example_branch_labels to 2025-04-20 00:00:00+00:00, run_after=2025-04-21 00:00:00+00:00
[2025-04-21T17:16:12.536+0000] {processor.py:208} INFO - Processing /home/airflow/.local/lib/python3.12/site-packages/airflow/example_dags/example_branch_labels.py took 0.034 seconds
[2025-04-21T17:16:42.935+0000] {processor.py:186} INFO - Started process (PID=1410) to work on /home/airflow/.local/lib/python3.12/site-packages/airflow/example_dags/example_branch_labels.py
[2025-04-21T17:16:42.935+0000] {processor.py:914} INFO - Processing file /home/airflow/.local/lib/python3.12/site-packages/airflow/example_dags/example_branch_labels.py for tasks to queue
[2025-04-21T17:16:42.936+0000] {logging_mixin.py:190} INFO - [2025-04-21T17:16:42.936+0000] {dagbag.py:588} INFO - Filling up the DagBag from /home/airflow/.local/lib/python3.12/site-packages/airflow/example_dags/example_branch_labels.py
[2025-04-21T17:16:42.939+0000] {processor.py:925} INFO - DAG(s) 'example_branch_labels' retrieved from /home/airflow/.local/lib/python3.12/site-packages/airflow/example_dags/example_branch_labels.py
[2025-04-21T17:16:42.946+0000] {logging_mixin.py:190} INFO - [2025-04-21T17:16:42.946+0000] {dag.py:3239} INFO - Sync 1 DAGs
[2025-04-21T17:16:42.954+0000] {logging_mixin.py:190} INFO - [2025-04-21T17:16:42.954+0000] {dag.py:4180} INFO - Setting next_dagrun for example_branch_labels to 2025-04-20 00:00:00+00:00, run_after=2025-04-21 00:00:00+00:00
[2025-04-21T17:16:42.959+0000] {processor.py:208} INFO - Processing /home/airflow/.local/lib/python3.12/site-packages/airflow/example_dags/example_branch_labels.py took 0.026 seconds
[2025-04-21T17:17:13.944+0000] {processor.py:186} INFO - Started process (PID=1474) to work on /home/airflow/.local/lib/python3.12/site-packages/airflow/example_dags/example_branch_labels.py
[2025-04-21T17:17:13.944+0000] {processor.py:914} INFO - Processing file /home/airflow/.local/lib/python3.12/site-packages/airflow/example_dags/example_branch_labels.py for tasks to queue
[2025-04-21T17:17:13.945+0000] {logging_mixin.py:190} INFO - [2025-04-21T17:17:13.945+0000] {dagbag.py:588} INFO - Filling up the DagBag from /home/airflow/.local/lib/python3.12/site-packages/airflow/example_dags/example_branch_labels.py
[2025-04-21T17:17:13.949+0000] {processor.py:925} INFO - DAG(s) 'example_branch_labels' retrieved from /home/airflow/.local/lib/python3.12/site-packages/airflow/example_dags/example_branch_labels.py
[2025-04-21T17:17:13.957+0000] {logging_mixin.py:190} INFO - [2025-04-21T17:17:13.957+0000] {dag.py:3239} INFO - Sync 1 DAGs
[2025-04-21T17:17:13.965+0000] {logging_mixin.py:190} INFO - [2025-04-21T17:17:13.965+0000] {dag.py:4180} INFO - Setting next_dagrun for example_branch_labels to 2025-04-20 00:00:00+00:00, run_after=2025-04-21 00:00:00+00:00
[2025-04-21T17:17:13.973+0000] {processor.py:208} INFO - Processing /home/airflow/.local/lib/python3.12/site-packages/airflow/example_dags/example_branch_labels.py took 0.031 seconds
[2025-04-21T17:17:44.420+0000] {processor.py:186} INFO - Started process (PID=1538) to work on /home/airflow/.local/lib/python3.12/site-packages/airflow/example_dags/example_branch_labels.py
[2025-04-21T17:17:44.420+0000] {processor.py:914} INFO - Processing file /home/airflow/.local/lib/python3.12/site-packages/airflow/example_dags/example_branch_labels.py for tasks to queue
[2025-04-21T17:17:44.421+0000] {logging_mixin.py:190} INFO - [2025-04-21T17:17:44.421+0000] {dagbag.py:588} INFO - Filling up the DagBag from /home/airflow/.local/lib/python3.12/site-packages/airflow/example_dags/example_branch_labels.py
[2025-04-21T17:17:44.425+0000] {processor.py:925} INFO - DAG(s) 'example_branch_labels' retrieved from /home/airflow/.local/lib/python3.12/site-packages/airflow/example_dags/example_branch_labels.py
[2025-04-21T17:17:44.434+0000] {logging_mixin.py:190} INFO - [2025-04-21T17:17:44.434+0000] {dag.py:3239} INFO - Sync 1 DAGs
[2025-04-21T17:17:44.441+0000] {logging_mixin.py:190} INFO - [2025-04-21T17:17:44.441+0000] {dag.py:4180} INFO - Setting next_dagrun for example_branch_labels to 2025-04-20 00:00:00+00:00, run_after=2025-04-21 00:00:00+00:00
[2025-04-21T17:17:44.447+0000] {processor.py:208} INFO - Processing /home/airflow/.local/lib/python3.12/site-packages/airflow/example_dags/example_branch_labels.py took 0.030 seconds
[2025-04-21T17:18:14.671+0000] {processor.py:186} INFO - Started process (PID=1601) to work on /home/airflow/.local/lib/python3.12/site-packages/airflow/example_dags/example_branch_labels.py
[2025-04-21T17:18:14.672+0000] {processor.py:914} INFO - Processing file /home/airflow/.local/lib/python3.12/site-packages/airflow/example_dags/example_branch_labels.py for tasks to queue
[2025-04-21T17:18:14.673+0000] {logging_mixin.py:190} INFO - [2025-04-21T17:18:14.672+0000] {dagbag.py:588} INFO - Filling up the DagBag from /home/airflow/.local/lib/python3.12/site-packages/airflow/example_dags/example_branch_labels.py
[2025-04-21T17:18:14.676+0000] {processor.py:925} INFO - DAG(s) 'example_branch_labels' retrieved from /home/airflow/.local/lib/python3.12/site-packages/airflow/example_dags/example_branch_labels.py
[2025-04-21T17:18:14.685+0000] {logging_mixin.py:190} INFO - [2025-04-21T17:18:14.685+0000] {dag.py:3239} INFO - Sync 1 DAGs
[2025-04-21T17:18:14.693+0000] {logging_mixin.py:190} INFO - [2025-04-21T17:18:14.693+0000] {dag.py:4180} INFO - Setting next_dagrun for example_branch_labels to 2025-04-20 00:00:00+00:00, run_after=2025-04-21 00:00:00+00:00
[2025-04-21T17:18:14.701+0000] {processor.py:208} INFO - Processing /home/airflow/.local/lib/python3.12/site-packages/airflow/example_dags/example_branch_labels.py took 0.032 seconds
[2025-04-21T17:18:45.011+0000] {processor.py:186} INFO - Started process (PID=1665) to work on /home/airflow/.local/lib/python3.12/site-packages/airflow/example_dags/example_branch_labels.py
[2025-04-21T17:18:45.012+0000] {processor.py:914} INFO - Processing file /home/airflow/.local/lib/python3.12/site-packages/airflow/example_dags/example_branch_labels.py for tasks to queue
[2025-04-21T17:18:45.012+0000] {logging_mixin.py:190} INFO - [2025-04-21T17:18:45.012+0000] {dagbag.py:588} INFO - Filling up the DagBag from /home/airflow/.local/lib/python3.12/site-packages/airflow/example_dags/example_branch_labels.py
[2025-04-21T17:18:45.016+0000] {processor.py:925} INFO - DAG(s) 'example_branch_labels' retrieved from /home/airflow/.local/lib/python3.12/site-packages/airflow/example_dags/example_branch_labels.py
[2025-04-21T17:18:45.024+0000] {logging_mixin.py:190} INFO - [2025-04-21T17:18:45.024+0000] {dag.py:3239} INFO - Sync 1 DAGs
[2025-04-21T17:18:45.031+0000] {logging_mixin.py:190} INFO - [2025-04-21T17:18:45.031+0000] {dag.py:4180} INFO - Setting next_dagrun for example_branch_labels to 2025-04-20 00:00:00+00:00, run_after=2025-04-21 00:00:00+00:00
[2025-04-21T17:18:45.036+0000] {processor.py:208} INFO - Processing /home/airflow/.local/lib/python3.12/site-packages/airflow/example_dags/example_branch_labels.py took 0.027 seconds
