[2025-04-21T17:01:59.481+0000] {processor.py:186} INFO - Started process (PID=57) to work on /home/airflow/.local/lib/python3.12/site-packages/airflow/example_dags/example_short_circuit_decorator.py
[2025-04-21T17:01:59.481+0000] {processor.py:914} INFO - Processing file /home/airflow/.local/lib/python3.12/site-packages/airflow/example_dags/example_short_circuit_decorator.py for tasks to queue
[2025-04-21T17:01:59.482+0000] {logging_mixin.py:190} INFO - [2025-04-21T17:01:59.482+0000] {dagbag.py:588} INFO - Filling up the DagBag from /home/airflow/.local/lib/python3.12/site-packages/airflow/example_dags/example_short_circuit_decorator.py
[2025-04-21T17:01:59.487+0000] {processor.py:925} INFO - DAG(s) 'example_short_circuit_decorator' retrieved from /home/airflow/.local/lib/python3.12/site-packages/airflow/example_dags/example_short_circuit_decorator.py
[2025-04-21T17:01:59.529+0000] {logging_mixin.py:190} INFO - [2025-04-21T17:01:59.528+0000] {override.py:1912} INFO - Created Permission View: can read on DAG:example_short_circuit_decorator
[2025-04-21T17:01:59.534+0000] {logging_mixin.py:190} INFO - [2025-04-21T17:01:59.534+0000] {override.py:1912} INFO - Created Permission View: can edit on DAG:example_short_circuit_decorator
[2025-04-21T17:01:59.537+0000] {logging_mixin.py:190} INFO - [2025-04-21T17:01:59.537+0000] {override.py:1912} INFO - Created Permission View: can delete on DAG:example_short_circuit_decorator
[2025-04-21T17:01:59.540+0000] {logging_mixin.py:190} INFO - [2025-04-21T17:01:59.540+0000] {override.py:1912} INFO - Created Permission View: can read on DAG Run:example_short_circuit_decorator
[2025-04-21T17:01:59.546+0000] {logging_mixin.py:190} INFO - [2025-04-21T17:01:59.546+0000] {override.py:1912} INFO - Created Permission View: can delete on DAG Run:example_short_circuit_decorator
[2025-04-21T17:01:59.549+0000] {logging_mixin.py:190} INFO - [2025-04-21T17:01:59.549+0000] {override.py:1912} INFO - Created Permission View: menu access on DAG Run:example_short_circuit_decorator
[2025-04-21T17:01:59.554+0000] {logging_mixin.py:190} INFO - [2025-04-21T17:01:59.554+0000] {override.py:1912} INFO - Created Permission View: can create on DAG Run:example_short_circuit_decorator
[2025-04-21T17:01:59.554+0000] {logging_mixin.py:190} INFO - [2025-04-21T17:01:59.554+0000] {dag.py:3239} INFO - Sync 1 DAGs
[2025-04-21T17:01:59.558+0000] {logging_mixin.py:190} INFO - [2025-04-21T17:01:59.558+0000] {dag.py:3262} INFO - Creating ORM DAG for example_short_circuit_decorator
[2025-04-21T17:01:59.558+0000] {logging_mixin.py:190} INFO - [2025-04-21T17:01:59.558+0000] {dag.py:4180} INFO - Setting next_dagrun for example_short_circuit_decorator to None, run_after=None
[2025-04-21T17:01:59.564+0000] {processor.py:208} INFO - Processing /home/airflow/.local/lib/python3.12/site-packages/airflow/example_dags/example_short_circuit_decorator.py took 0.086 seconds
[2025-04-21T17:02:30.369+0000] {processor.py:186} INFO - Started process (PID=120) to work on /home/airflow/.local/lib/python3.12/site-packages/airflow/example_dags/example_short_circuit_decorator.py
[2025-04-21T17:02:30.369+0000] {processor.py:914} INFO - Processing file /home/airflow/.local/lib/python3.12/site-packages/airflow/example_dags/example_short_circuit_decorator.py for tasks to queue
[2025-04-21T17:02:30.370+0000] {logging_mixin.py:190} INFO - [2025-04-21T17:02:30.370+0000] {dagbag.py:588} INFO - Filling up the DagBag from /home/airflow/.local/lib/python3.12/site-packages/airflow/example_dags/example_short_circuit_decorator.py
[2025-04-21T17:02:30.374+0000] {processor.py:925} INFO - DAG(s) 'example_short_circuit_decorator' retrieved from /home/airflow/.local/lib/python3.12/site-packages/airflow/example_dags/example_short_circuit_decorator.py
[2025-04-21T17:02:30.383+0000] {logging_mixin.py:190} INFO - [2025-04-21T17:02:30.383+0000] {dag.py:3239} INFO - Sync 1 DAGs
[2025-04-21T17:02:30.390+0000] {logging_mixin.py:190} INFO - [2025-04-21T17:02:30.390+0000] {dag.py:4180} INFO - Setting next_dagrun for example_short_circuit_decorator to None, run_after=None
[2025-04-21T17:02:30.402+0000] {processor.py:208} INFO - Processing /home/airflow/.local/lib/python3.12/site-packages/airflow/example_dags/example_short_circuit_decorator.py took 0.036 seconds
[2025-04-21T17:03:00.998+0000] {processor.py:186} INFO - Started process (PID=183) to work on /home/airflow/.local/lib/python3.12/site-packages/airflow/example_dags/example_short_circuit_decorator.py
[2025-04-21T17:03:00.999+0000] {processor.py:914} INFO - Processing file /home/airflow/.local/lib/python3.12/site-packages/airflow/example_dags/example_short_circuit_decorator.py for tasks to queue
[2025-04-21T17:03:01.000+0000] {logging_mixin.py:190} INFO - [2025-04-21T17:03:01.000+0000] {dagbag.py:588} INFO - Filling up the DagBag from /home/airflow/.local/lib/python3.12/site-packages/airflow/example_dags/example_short_circuit_decorator.py
[2025-04-21T17:03:01.004+0000] {processor.py:925} INFO - DAG(s) 'example_short_circuit_decorator' retrieved from /home/airflow/.local/lib/python3.12/site-packages/airflow/example_dags/example_short_circuit_decorator.py
[2025-04-21T17:03:01.016+0000] {logging_mixin.py:190} INFO - [2025-04-21T17:03:01.016+0000] {dag.py:3239} INFO - Sync 1 DAGs
[2025-04-21T17:03:01.022+0000] {logging_mixin.py:190} INFO - [2025-04-21T17:03:01.022+0000] {dag.py:4180} INFO - Setting next_dagrun for example_short_circuit_decorator to None, run_after=None
[2025-04-21T17:03:01.029+0000] {processor.py:208} INFO - Processing /home/airflow/.local/lib/python3.12/site-packages/airflow/example_dags/example_short_circuit_decorator.py took 0.033 seconds
[2025-04-21T17:03:32.151+0000] {processor.py:186} INFO - Started process (PID=245) to work on /home/airflow/.local/lib/python3.12/site-packages/airflow/example_dags/example_short_circuit_decorator.py
[2025-04-21T17:03:32.151+0000] {processor.py:914} INFO - Processing file /home/airflow/.local/lib/python3.12/site-packages/airflow/example_dags/example_short_circuit_decorator.py for tasks to queue
[2025-04-21T17:03:32.152+0000] {logging_mixin.py:190} INFO - [2025-04-21T17:03:32.152+0000] {dagbag.py:588} INFO - Filling up the DagBag from /home/airflow/.local/lib/python3.12/site-packages/airflow/example_dags/example_short_circuit_decorator.py
[2025-04-21T17:03:32.156+0000] {processor.py:925} INFO - DAG(s) 'example_short_circuit_decorator' retrieved from /home/airflow/.local/lib/python3.12/site-packages/airflow/example_dags/example_short_circuit_decorator.py
[2025-04-21T17:03:32.164+0000] {logging_mixin.py:190} INFO - [2025-04-21T17:03:32.164+0000] {dag.py:3239} INFO - Sync 1 DAGs
[2025-04-21T17:03:32.171+0000] {logging_mixin.py:190} INFO - [2025-04-21T17:03:32.171+0000] {dag.py:4180} INFO - Setting next_dagrun for example_short_circuit_decorator to None, run_after=None
[2025-04-21T17:03:32.178+0000] {processor.py:208} INFO - Processing /home/airflow/.local/lib/python3.12/site-packages/airflow/example_dags/example_short_circuit_decorator.py took 0.030 seconds
[2025-04-21T17:04:03.309+0000] {processor.py:186} INFO - Started process (PID=308) to work on /home/airflow/.local/lib/python3.12/site-packages/airflow/example_dags/example_short_circuit_decorator.py
[2025-04-21T17:04:03.310+0000] {processor.py:914} INFO - Processing file /home/airflow/.local/lib/python3.12/site-packages/airflow/example_dags/example_short_circuit_decorator.py for tasks to queue
[2025-04-21T17:04:03.311+0000] {logging_mixin.py:190} INFO - [2025-04-21T17:04:03.311+0000] {dagbag.py:588} INFO - Filling up the DagBag from /home/airflow/.local/lib/python3.12/site-packages/airflow/example_dags/example_short_circuit_decorator.py
[2025-04-21T17:04:03.314+0000] {processor.py:925} INFO - DAG(s) 'example_short_circuit_decorator' retrieved from /home/airflow/.local/lib/python3.12/site-packages/airflow/example_dags/example_short_circuit_decorator.py
[2025-04-21T17:04:03.324+0000] {logging_mixin.py:190} INFO - [2025-04-21T17:04:03.323+0000] {dag.py:3239} INFO - Sync 1 DAGs
[2025-04-21T17:04:03.328+0000] {logging_mixin.py:190} INFO - [2025-04-21T17:04:03.328+0000] {dag.py:4180} INFO - Setting next_dagrun for example_short_circuit_decorator to None, run_after=None
[2025-04-21T17:04:03.336+0000] {processor.py:208} INFO - Processing /home/airflow/.local/lib/python3.12/site-packages/airflow/example_dags/example_short_circuit_decorator.py took 0.029 seconds
[2025-04-21T17:04:34.564+0000] {processor.py:186} INFO - Started process (PID=371) to work on /home/airflow/.local/lib/python3.12/site-packages/airflow/example_dags/example_short_circuit_decorator.py
[2025-04-21T17:04:34.564+0000] {processor.py:914} INFO - Processing file /home/airflow/.local/lib/python3.12/site-packages/airflow/example_dags/example_short_circuit_decorator.py for tasks to queue
[2025-04-21T17:04:34.565+0000] {logging_mixin.py:190} INFO - [2025-04-21T17:04:34.565+0000] {dagbag.py:588} INFO - Filling up the DagBag from /home/airflow/.local/lib/python3.12/site-packages/airflow/example_dags/example_short_circuit_decorator.py
[2025-04-21T17:04:34.570+0000] {processor.py:925} INFO - DAG(s) 'example_short_circuit_decorator' retrieved from /home/airflow/.local/lib/python3.12/site-packages/airflow/example_dags/example_short_circuit_decorator.py
[2025-04-21T17:04:34.579+0000] {logging_mixin.py:190} INFO - [2025-04-21T17:04:34.579+0000] {dag.py:3239} INFO - Sync 1 DAGs
[2025-04-21T17:04:34.584+0000] {logging_mixin.py:190} INFO - [2025-04-21T17:04:34.584+0000] {dag.py:4180} INFO - Setting next_dagrun for example_short_circuit_decorator to None, run_after=None
[2025-04-21T17:04:34.590+0000] {processor.py:208} INFO - Processing /home/airflow/.local/lib/python3.12/site-packages/airflow/example_dags/example_short_circuit_decorator.py took 0.029 seconds
[2025-04-21T17:05:05.768+0000] {processor.py:186} INFO - Started process (PID=434) to work on /home/airflow/.local/lib/python3.12/site-packages/airflow/example_dags/example_short_circuit_decorator.py
[2025-04-21T17:05:05.768+0000] {processor.py:914} INFO - Processing file /home/airflow/.local/lib/python3.12/site-packages/airflow/example_dags/example_short_circuit_decorator.py for tasks to queue
[2025-04-21T17:05:05.769+0000] {logging_mixin.py:190} INFO - [2025-04-21T17:05:05.769+0000] {dagbag.py:588} INFO - Filling up the DagBag from /home/airflow/.local/lib/python3.12/site-packages/airflow/example_dags/example_short_circuit_decorator.py
[2025-04-21T17:05:05.773+0000] {processor.py:925} INFO - DAG(s) 'example_short_circuit_decorator' retrieved from /home/airflow/.local/lib/python3.12/site-packages/airflow/example_dags/example_short_circuit_decorator.py
[2025-04-21T17:05:05.783+0000] {logging_mixin.py:190} INFO - [2025-04-21T17:05:05.783+0000] {dag.py:3239} INFO - Sync 1 DAGs
[2025-04-21T17:05:05.789+0000] {logging_mixin.py:190} INFO - [2025-04-21T17:05:05.789+0000] {dag.py:4180} INFO - Setting next_dagrun for example_short_circuit_decorator to None, run_after=None
[2025-04-21T17:05:05.795+0000] {processor.py:208} INFO - Processing /home/airflow/.local/lib/python3.12/site-packages/airflow/example_dags/example_short_circuit_decorator.py took 0.030 seconds
[2025-04-21T17:05:55.173+0000] {processor.py:186} INFO - Started process (PID=57) to work on /home/airflow/.local/lib/python3.12/site-packages/airflow/example_dags/example_short_circuit_decorator.py
[2025-04-21T17:05:55.173+0000] {processor.py:914} INFO - Processing file /home/airflow/.local/lib/python3.12/site-packages/airflow/example_dags/example_short_circuit_decorator.py for tasks to queue
[2025-04-21T17:05:55.174+0000] {logging_mixin.py:190} INFO - [2025-04-21T17:05:55.174+0000] {dagbag.py:588} INFO - Filling up the DagBag from /home/airflow/.local/lib/python3.12/site-packages/airflow/example_dags/example_short_circuit_decorator.py
[2025-04-21T17:05:55.178+0000] {processor.py:925} INFO - DAG(s) 'example_short_circuit_decorator' retrieved from /home/airflow/.local/lib/python3.12/site-packages/airflow/example_dags/example_short_circuit_decorator.py
[2025-04-21T17:05:55.190+0000] {logging_mixin.py:190} INFO - [2025-04-21T17:05:55.190+0000] {dag.py:3239} INFO - Sync 1 DAGs
[2025-04-21T17:05:55.195+0000] {logging_mixin.py:190} INFO - [2025-04-21T17:05:55.195+0000] {dag.py:4180} INFO - Setting next_dagrun for example_short_circuit_decorator to None, run_after=None
[2025-04-21T17:05:55.203+0000] {processor.py:208} INFO - Processing /home/airflow/.local/lib/python3.12/site-packages/airflow/example_dags/example_short_circuit_decorator.py took 0.033 seconds
[2025-04-21T17:06:25.710+0000] {processor.py:186} INFO - Started process (PID=120) to work on /home/airflow/.local/lib/python3.12/site-packages/airflow/example_dags/example_short_circuit_decorator.py
[2025-04-21T17:06:25.710+0000] {processor.py:914} INFO - Processing file /home/airflow/.local/lib/python3.12/site-packages/airflow/example_dags/example_short_circuit_decorator.py for tasks to queue
[2025-04-21T17:06:25.711+0000] {logging_mixin.py:190} INFO - [2025-04-21T17:06:25.711+0000] {dagbag.py:588} INFO - Filling up the DagBag from /home/airflow/.local/lib/python3.12/site-packages/airflow/example_dags/example_short_circuit_decorator.py
[2025-04-21T17:06:25.715+0000] {processor.py:925} INFO - DAG(s) 'example_short_circuit_decorator' retrieved from /home/airflow/.local/lib/python3.12/site-packages/airflow/example_dags/example_short_circuit_decorator.py
[2025-04-21T17:06:25.723+0000] {logging_mixin.py:190} INFO - [2025-04-21T17:06:25.723+0000] {dag.py:3239} INFO - Sync 1 DAGs
[2025-04-21T17:06:25.729+0000] {logging_mixin.py:190} INFO - [2025-04-21T17:06:25.729+0000] {dag.py:4180} INFO - Setting next_dagrun for example_short_circuit_decorator to None, run_after=None
[2025-04-21T17:06:25.736+0000] {processor.py:208} INFO - Processing /home/airflow/.local/lib/python3.12/site-packages/airflow/example_dags/example_short_circuit_decorator.py took 0.029 seconds
[2025-04-21T17:06:56.815+0000] {processor.py:186} INFO - Started process (PID=183) to work on /home/airflow/.local/lib/python3.12/site-packages/airflow/example_dags/example_short_circuit_decorator.py
[2025-04-21T17:06:56.816+0000] {processor.py:914} INFO - Processing file /home/airflow/.local/lib/python3.12/site-packages/airflow/example_dags/example_short_circuit_decorator.py for tasks to queue
[2025-04-21T17:06:56.817+0000] {logging_mixin.py:190} INFO - [2025-04-21T17:06:56.817+0000] {dagbag.py:588} INFO - Filling up the DagBag from /home/airflow/.local/lib/python3.12/site-packages/airflow/example_dags/example_short_circuit_decorator.py
[2025-04-21T17:06:56.822+0000] {processor.py:925} INFO - DAG(s) 'example_short_circuit_decorator' retrieved from /home/airflow/.local/lib/python3.12/site-packages/airflow/example_dags/example_short_circuit_decorator.py
[2025-04-21T17:06:56.832+0000] {logging_mixin.py:190} INFO - [2025-04-21T17:06:56.832+0000] {dag.py:3239} INFO - Sync 1 DAGs
[2025-04-21T17:06:56.838+0000] {logging_mixin.py:190} INFO - [2025-04-21T17:06:56.838+0000] {dag.py:4180} INFO - Setting next_dagrun for example_short_circuit_decorator to None, run_after=None
[2025-04-21T17:06:56.845+0000] {processor.py:208} INFO - Processing /home/airflow/.local/lib/python3.12/site-packages/airflow/example_dags/example_short_circuit_decorator.py took 0.032 seconds
[2025-04-21T17:07:27.942+0000] {processor.py:186} INFO - Started process (PID=246) to work on /home/airflow/.local/lib/python3.12/site-packages/airflow/example_dags/example_short_circuit_decorator.py
[2025-04-21T17:07:27.944+0000] {processor.py:914} INFO - Processing file /home/airflow/.local/lib/python3.12/site-packages/airflow/example_dags/example_short_circuit_decorator.py for tasks to queue
[2025-04-21T17:07:27.945+0000] {logging_mixin.py:190} INFO - [2025-04-21T17:07:27.945+0000] {dagbag.py:588} INFO - Filling up the DagBag from /home/airflow/.local/lib/python3.12/site-packages/airflow/example_dags/example_short_circuit_decorator.py
[2025-04-21T17:07:27.949+0000] {processor.py:925} INFO - DAG(s) 'example_short_circuit_decorator' retrieved from /home/airflow/.local/lib/python3.12/site-packages/airflow/example_dags/example_short_circuit_decorator.py
[2025-04-21T17:07:27.957+0000] {logging_mixin.py:190} INFO - [2025-04-21T17:07:27.957+0000] {dag.py:3239} INFO - Sync 1 DAGs
[2025-04-21T17:07:27.962+0000] {logging_mixin.py:190} INFO - [2025-04-21T17:07:27.962+0000] {dag.py:4180} INFO - Setting next_dagrun for example_short_circuit_decorator to None, run_after=None
[2025-04-21T17:07:27.968+0000] {processor.py:208} INFO - Processing /home/airflow/.local/lib/python3.12/site-packages/airflow/example_dags/example_short_circuit_decorator.py took 0.029 seconds
[2025-04-21T17:07:58.982+0000] {processor.py:186} INFO - Started process (PID=309) to work on /home/airflow/.local/lib/python3.12/site-packages/airflow/example_dags/example_short_circuit_decorator.py
[2025-04-21T17:07:58.982+0000] {processor.py:914} INFO - Processing file /home/airflow/.local/lib/python3.12/site-packages/airflow/example_dags/example_short_circuit_decorator.py for tasks to queue
[2025-04-21T17:07:58.983+0000] {logging_mixin.py:190} INFO - [2025-04-21T17:07:58.983+0000] {dagbag.py:588} INFO - Filling up the DagBag from /home/airflow/.local/lib/python3.12/site-packages/airflow/example_dags/example_short_circuit_decorator.py
[2025-04-21T17:07:58.987+0000] {processor.py:925} INFO - DAG(s) 'example_short_circuit_decorator' retrieved from /home/airflow/.local/lib/python3.12/site-packages/airflow/example_dags/example_short_circuit_decorator.py
[2025-04-21T17:07:58.996+0000] {logging_mixin.py:190} INFO - [2025-04-21T17:07:58.996+0000] {dag.py:3239} INFO - Sync 1 DAGs
[2025-04-21T17:07:59.001+0000] {logging_mixin.py:190} INFO - [2025-04-21T17:07:59.001+0000] {dag.py:4180} INFO - Setting next_dagrun for example_short_circuit_decorator to None, run_after=None
[2025-04-21T17:07:59.007+0000] {processor.py:208} INFO - Processing /home/airflow/.local/lib/python3.12/site-packages/airflow/example_dags/example_short_circuit_decorator.py took 0.027 seconds
[2025-04-21T17:08:30.152+0000] {processor.py:186} INFO - Started process (PID=372) to work on /home/airflow/.local/lib/python3.12/site-packages/airflow/example_dags/example_short_circuit_decorator.py
[2025-04-21T17:08:30.153+0000] {processor.py:914} INFO - Processing file /home/airflow/.local/lib/python3.12/site-packages/airflow/example_dags/example_short_circuit_decorator.py for tasks to queue
[2025-04-21T17:08:30.154+0000] {logging_mixin.py:190} INFO - [2025-04-21T17:08:30.154+0000] {dagbag.py:588} INFO - Filling up the DagBag from /home/airflow/.local/lib/python3.12/site-packages/airflow/example_dags/example_short_circuit_decorator.py
[2025-04-21T17:08:30.159+0000] {processor.py:925} INFO - DAG(s) 'example_short_circuit_decorator' retrieved from /home/airflow/.local/lib/python3.12/site-packages/airflow/example_dags/example_short_circuit_decorator.py
[2025-04-21T17:08:30.173+0000] {logging_mixin.py:190} INFO - [2025-04-21T17:08:30.173+0000] {dag.py:3239} INFO - Sync 1 DAGs
[2025-04-21T17:08:30.178+0000] {logging_mixin.py:190} INFO - [2025-04-21T17:08:30.178+0000] {dag.py:4180} INFO - Setting next_dagrun for example_short_circuit_decorator to None, run_after=None
[2025-04-21T17:08:30.187+0000] {processor.py:208} INFO - Processing /home/airflow/.local/lib/python3.12/site-packages/airflow/example_dags/example_short_circuit_decorator.py took 0.037 seconds
[2025-04-21T17:09:01.327+0000] {processor.py:186} INFO - Started process (PID=435) to work on /home/airflow/.local/lib/python3.12/site-packages/airflow/example_dags/example_short_circuit_decorator.py
[2025-04-21T17:09:01.330+0000] {processor.py:914} INFO - Processing file /home/airflow/.local/lib/python3.12/site-packages/airflow/example_dags/example_short_circuit_decorator.py for tasks to queue
[2025-04-21T17:09:01.330+0000] {logging_mixin.py:190} INFO - [2025-04-21T17:09:01.330+0000] {dagbag.py:588} INFO - Filling up the DagBag from /home/airflow/.local/lib/python3.12/site-packages/airflow/example_dags/example_short_circuit_decorator.py
[2025-04-21T17:09:01.334+0000] {processor.py:925} INFO - DAG(s) 'example_short_circuit_decorator' retrieved from /home/airflow/.local/lib/python3.12/site-packages/airflow/example_dags/example_short_circuit_decorator.py
[2025-04-21T17:09:01.343+0000] {logging_mixin.py:190} INFO - [2025-04-21T17:09:01.342+0000] {dag.py:3239} INFO - Sync 1 DAGs
[2025-04-21T17:09:01.347+0000] {logging_mixin.py:190} INFO - [2025-04-21T17:09:01.347+0000] {dag.py:4180} INFO - Setting next_dagrun for example_short_circuit_decorator to None, run_after=None
[2025-04-21T17:09:01.354+0000] {processor.py:208} INFO - Processing /home/airflow/.local/lib/python3.12/site-packages/airflow/example_dags/example_short_circuit_decorator.py took 0.029 seconds
[2025-04-21T17:09:32.377+0000] {processor.py:186} INFO - Started process (PID=498) to work on /home/airflow/.local/lib/python3.12/site-packages/airflow/example_dags/example_short_circuit_decorator.py
[2025-04-21T17:09:32.378+0000] {processor.py:914} INFO - Processing file /home/airflow/.local/lib/python3.12/site-packages/airflow/example_dags/example_short_circuit_decorator.py for tasks to queue
[2025-04-21T17:09:32.379+0000] {logging_mixin.py:190} INFO - [2025-04-21T17:09:32.379+0000] {dagbag.py:588} INFO - Filling up the DagBag from /home/airflow/.local/lib/python3.12/site-packages/airflow/example_dags/example_short_circuit_decorator.py
[2025-04-21T17:09:32.383+0000] {processor.py:925} INFO - DAG(s) 'example_short_circuit_decorator' retrieved from /home/airflow/.local/lib/python3.12/site-packages/airflow/example_dags/example_short_circuit_decorator.py
[2025-04-21T17:09:32.392+0000] {logging_mixin.py:190} INFO - [2025-04-21T17:09:32.392+0000] {dag.py:3239} INFO - Sync 1 DAGs
[2025-04-21T17:09:32.397+0000] {logging_mixin.py:190} INFO - [2025-04-21T17:09:32.397+0000] {dag.py:4180} INFO - Setting next_dagrun for example_short_circuit_decorator to None, run_after=None
[2025-04-21T17:09:32.403+0000] {processor.py:208} INFO - Processing /home/airflow/.local/lib/python3.12/site-packages/airflow/example_dags/example_short_circuit_decorator.py took 0.028 seconds
[2025-04-21T17:10:03.479+0000] {processor.py:186} INFO - Started process (PID=561) to work on /home/airflow/.local/lib/python3.12/site-packages/airflow/example_dags/example_short_circuit_decorator.py
[2025-04-21T17:10:03.480+0000] {processor.py:914} INFO - Processing file /home/airflow/.local/lib/python3.12/site-packages/airflow/example_dags/example_short_circuit_decorator.py for tasks to queue
[2025-04-21T17:10:03.482+0000] {logging_mixin.py:190} INFO - [2025-04-21T17:10:03.482+0000] {dagbag.py:588} INFO - Filling up the DagBag from /home/airflow/.local/lib/python3.12/site-packages/airflow/example_dags/example_short_circuit_decorator.py
[2025-04-21T17:10:03.486+0000] {processor.py:925} INFO - DAG(s) 'example_short_circuit_decorator' retrieved from /home/airflow/.local/lib/python3.12/site-packages/airflow/example_dags/example_short_circuit_decorator.py
[2025-04-21T17:10:03.504+0000] {logging_mixin.py:190} INFO - [2025-04-21T17:10:03.501+0000] {dag.py:3239} INFO - Sync 1 DAGs
[2025-04-21T17:10:03.510+0000] {logging_mixin.py:190} INFO - [2025-04-21T17:10:03.510+0000] {dag.py:4180} INFO - Setting next_dagrun for example_short_circuit_decorator to None, run_after=None
[2025-04-21T17:10:03.517+0000] {processor.py:208} INFO - Processing /home/airflow/.local/lib/python3.12/site-packages/airflow/example_dags/example_short_circuit_decorator.py took 0.040 seconds
[2025-04-21T17:10:34.669+0000] {processor.py:186} INFO - Started process (PID=624) to work on /home/airflow/.local/lib/python3.12/site-packages/airflow/example_dags/example_short_circuit_decorator.py
[2025-04-21T17:10:34.670+0000] {processor.py:914} INFO - Processing file /home/airflow/.local/lib/python3.12/site-packages/airflow/example_dags/example_short_circuit_decorator.py for tasks to queue
[2025-04-21T17:10:34.670+0000] {logging_mixin.py:190} INFO - [2025-04-21T17:10:34.670+0000] {dagbag.py:588} INFO - Filling up the DagBag from /home/airflow/.local/lib/python3.12/site-packages/airflow/example_dags/example_short_circuit_decorator.py
[2025-04-21T17:10:34.674+0000] {processor.py:925} INFO - DAG(s) 'example_short_circuit_decorator' retrieved from /home/airflow/.local/lib/python3.12/site-packages/airflow/example_dags/example_short_circuit_decorator.py
[2025-04-21T17:10:34.684+0000] {logging_mixin.py:190} INFO - [2025-04-21T17:10:34.684+0000] {dag.py:3239} INFO - Sync 1 DAGs
[2025-04-21T17:10:34.689+0000] {logging_mixin.py:190} INFO - [2025-04-21T17:10:34.689+0000] {dag.py:4180} INFO - Setting next_dagrun for example_short_circuit_decorator to None, run_after=None
[2025-04-21T17:10:34.694+0000] {processor.py:208} INFO - Processing /home/airflow/.local/lib/python3.12/site-packages/airflow/example_dags/example_short_circuit_decorator.py took 0.027 seconds
[2025-04-21T17:11:05.804+0000] {processor.py:186} INFO - Started process (PID=688) to work on /home/airflow/.local/lib/python3.12/site-packages/airflow/example_dags/example_short_circuit_decorator.py
[2025-04-21T17:11:05.804+0000] {processor.py:914} INFO - Processing file /home/airflow/.local/lib/python3.12/site-packages/airflow/example_dags/example_short_circuit_decorator.py for tasks to queue
[2025-04-21T17:11:05.805+0000] {logging_mixin.py:190} INFO - [2025-04-21T17:11:05.805+0000] {dagbag.py:588} INFO - Filling up the DagBag from /home/airflow/.local/lib/python3.12/site-packages/airflow/example_dags/example_short_circuit_decorator.py
[2025-04-21T17:11:05.809+0000] {processor.py:925} INFO - DAG(s) 'example_short_circuit_decorator' retrieved from /home/airflow/.local/lib/python3.12/site-packages/airflow/example_dags/example_short_circuit_decorator.py
[2025-04-21T17:11:05.819+0000] {logging_mixin.py:190} INFO - [2025-04-21T17:11:05.819+0000] {dag.py:3239} INFO - Sync 1 DAGs
[2025-04-21T17:11:05.823+0000] {logging_mixin.py:190} INFO - [2025-04-21T17:11:05.823+0000] {dag.py:4180} INFO - Setting next_dagrun for example_short_circuit_decorator to None, run_after=None
[2025-04-21T17:11:05.829+0000] {processor.py:208} INFO - Processing /home/airflow/.local/lib/python3.12/site-packages/airflow/example_dags/example_short_circuit_decorator.py took 0.028 seconds
[2025-04-21T17:11:37.085+0000] {processor.py:186} INFO - Started process (PID=752) to work on /home/airflow/.local/lib/python3.12/site-packages/airflow/example_dags/example_short_circuit_decorator.py
[2025-04-21T17:11:37.085+0000] {processor.py:914} INFO - Processing file /home/airflow/.local/lib/python3.12/site-packages/airflow/example_dags/example_short_circuit_decorator.py for tasks to queue
[2025-04-21T17:11:37.086+0000] {logging_mixin.py:190} INFO - [2025-04-21T17:11:37.086+0000] {dagbag.py:588} INFO - Filling up the DagBag from /home/airflow/.local/lib/python3.12/site-packages/airflow/example_dags/example_short_circuit_decorator.py
[2025-04-21T17:11:37.090+0000] {processor.py:925} INFO - DAG(s) 'example_short_circuit_decorator' retrieved from /home/airflow/.local/lib/python3.12/site-packages/airflow/example_dags/example_short_circuit_decorator.py
[2025-04-21T17:11:37.100+0000] {logging_mixin.py:190} INFO - [2025-04-21T17:11:37.100+0000] {dag.py:3239} INFO - Sync 1 DAGs
[2025-04-21T17:11:37.105+0000] {logging_mixin.py:190} INFO - [2025-04-21T17:11:37.105+0000] {dag.py:4180} INFO - Setting next_dagrun for example_short_circuit_decorator to None, run_after=None
[2025-04-21T17:11:37.111+0000] {processor.py:208} INFO - Processing /home/airflow/.local/lib/python3.12/site-packages/airflow/example_dags/example_short_circuit_decorator.py took 0.028 seconds
[2025-04-21T17:12:08.463+0000] {processor.py:186} INFO - Started process (PID=816) to work on /home/airflow/.local/lib/python3.12/site-packages/airflow/example_dags/example_short_circuit_decorator.py
[2025-04-21T17:12:08.464+0000] {processor.py:914} INFO - Processing file /home/airflow/.local/lib/python3.12/site-packages/airflow/example_dags/example_short_circuit_decorator.py for tasks to queue
[2025-04-21T17:12:08.465+0000] {logging_mixin.py:190} INFO - [2025-04-21T17:12:08.464+0000] {dagbag.py:588} INFO - Filling up the DagBag from /home/airflow/.local/lib/python3.12/site-packages/airflow/example_dags/example_short_circuit_decorator.py
[2025-04-21T17:12:08.469+0000] {processor.py:925} INFO - DAG(s) 'example_short_circuit_decorator' retrieved from /home/airflow/.local/lib/python3.12/site-packages/airflow/example_dags/example_short_circuit_decorator.py
[2025-04-21T17:12:08.478+0000] {logging_mixin.py:190} INFO - [2025-04-21T17:12:08.478+0000] {dag.py:3239} INFO - Sync 1 DAGs
[2025-04-21T17:12:08.484+0000] {logging_mixin.py:190} INFO - [2025-04-21T17:12:08.484+0000] {dag.py:4180} INFO - Setting next_dagrun for example_short_circuit_decorator to None, run_after=None
[2025-04-21T17:12:08.490+0000] {processor.py:208} INFO - Processing /home/airflow/.local/lib/python3.12/site-packages/airflow/example_dags/example_short_circuit_decorator.py took 0.030 seconds
[2025-04-21T17:12:39.041+0000] {processor.py:186} INFO - Started process (PID=880) to work on /home/airflow/.local/lib/python3.12/site-packages/airflow/example_dags/example_short_circuit_decorator.py
[2025-04-21T17:12:39.042+0000] {processor.py:914} INFO - Processing file /home/airflow/.local/lib/python3.12/site-packages/airflow/example_dags/example_short_circuit_decorator.py for tasks to queue
[2025-04-21T17:12:39.043+0000] {logging_mixin.py:190} INFO - [2025-04-21T17:12:39.043+0000] {dagbag.py:588} INFO - Filling up the DagBag from /home/airflow/.local/lib/python3.12/site-packages/airflow/example_dags/example_short_circuit_decorator.py
[2025-04-21T17:12:39.049+0000] {processor.py:925} INFO - DAG(s) 'example_short_circuit_decorator' retrieved from /home/airflow/.local/lib/python3.12/site-packages/airflow/example_dags/example_short_circuit_decorator.py
[2025-04-21T17:12:39.062+0000] {logging_mixin.py:190} INFO - [2025-04-21T17:12:39.062+0000] {dag.py:3239} INFO - Sync 1 DAGs
[2025-04-21T17:12:39.070+0000] {logging_mixin.py:190} INFO - [2025-04-21T17:12:39.070+0000] {dag.py:4180} INFO - Setting next_dagrun for example_short_circuit_decorator to None, run_after=None
[2025-04-21T17:12:39.083+0000] {processor.py:208} INFO - Processing /home/airflow/.local/lib/python3.12/site-packages/airflow/example_dags/example_short_circuit_decorator.py took 0.046 seconds
[2025-04-21T17:13:09.799+0000] {processor.py:186} INFO - Started process (PID=944) to work on /home/airflow/.local/lib/python3.12/site-packages/airflow/example_dags/example_short_circuit_decorator.py
[2025-04-21T17:13:09.800+0000] {processor.py:914} INFO - Processing file /home/airflow/.local/lib/python3.12/site-packages/airflow/example_dags/example_short_circuit_decorator.py for tasks to queue
[2025-04-21T17:13:09.800+0000] {logging_mixin.py:190} INFO - [2025-04-21T17:13:09.800+0000] {dagbag.py:588} INFO - Filling up the DagBag from /home/airflow/.local/lib/python3.12/site-packages/airflow/example_dags/example_short_circuit_decorator.py
[2025-04-21T17:13:09.804+0000] {processor.py:925} INFO - DAG(s) 'example_short_circuit_decorator' retrieved from /home/airflow/.local/lib/python3.12/site-packages/airflow/example_dags/example_short_circuit_decorator.py
[2025-04-21T17:13:09.814+0000] {logging_mixin.py:190} INFO - [2025-04-21T17:13:09.814+0000] {dag.py:3239} INFO - Sync 1 DAGs
[2025-04-21T17:13:09.819+0000] {logging_mixin.py:190} INFO - [2025-04-21T17:13:09.819+0000] {dag.py:4180} INFO - Setting next_dagrun for example_short_circuit_decorator to None, run_after=None
[2025-04-21T17:13:09.828+0000] {processor.py:208} INFO - Processing /home/airflow/.local/lib/python3.12/site-packages/airflow/example_dags/example_short_circuit_decorator.py took 0.031 seconds
[2025-04-21T17:13:40.206+0000] {processor.py:186} INFO - Started process (PID=1008) to work on /home/airflow/.local/lib/python3.12/site-packages/airflow/example_dags/example_short_circuit_decorator.py
[2025-04-21T17:13:40.207+0000] {processor.py:914} INFO - Processing file /home/airflow/.local/lib/python3.12/site-packages/airflow/example_dags/example_short_circuit_decorator.py for tasks to queue
[2025-04-21T17:13:40.208+0000] {logging_mixin.py:190} INFO - [2025-04-21T17:13:40.208+0000] {dagbag.py:588} INFO - Filling up the DagBag from /home/airflow/.local/lib/python3.12/site-packages/airflow/example_dags/example_short_circuit_decorator.py
[2025-04-21T17:13:40.212+0000] {processor.py:925} INFO - DAG(s) 'example_short_circuit_decorator' retrieved from /home/airflow/.local/lib/python3.12/site-packages/airflow/example_dags/example_short_circuit_decorator.py
[2025-04-21T17:13:40.220+0000] {logging_mixin.py:190} INFO - [2025-04-21T17:13:40.220+0000] {dag.py:3239} INFO - Sync 1 DAGs
[2025-04-21T17:13:40.225+0000] {logging_mixin.py:190} INFO - [2025-04-21T17:13:40.225+0000] {dag.py:4180} INFO - Setting next_dagrun for example_short_circuit_decorator to None, run_after=None
[2025-04-21T17:13:40.231+0000] {processor.py:208} INFO - Processing /home/airflow/.local/lib/python3.12/site-packages/airflow/example_dags/example_short_circuit_decorator.py took 0.028 seconds
[2025-04-21T17:14:10.530+0000] {processor.py:186} INFO - Started process (PID=1072) to work on /home/airflow/.local/lib/python3.12/site-packages/airflow/example_dags/example_short_circuit_decorator.py
[2025-04-21T17:14:10.531+0000] {processor.py:914} INFO - Processing file /home/airflow/.local/lib/python3.12/site-packages/airflow/example_dags/example_short_circuit_decorator.py for tasks to queue
[2025-04-21T17:14:10.534+0000] {logging_mixin.py:190} INFO - [2025-04-21T17:14:10.533+0000] {dagbag.py:588} INFO - Filling up the DagBag from /home/airflow/.local/lib/python3.12/site-packages/airflow/example_dags/example_short_circuit_decorator.py
[2025-04-21T17:14:10.538+0000] {processor.py:925} INFO - DAG(s) 'example_short_circuit_decorator' retrieved from /home/airflow/.local/lib/python3.12/site-packages/airflow/example_dags/example_short_circuit_decorator.py
[2025-04-21T17:14:10.546+0000] {logging_mixin.py:190} INFO - [2025-04-21T17:14:10.546+0000] {dag.py:3239} INFO - Sync 1 DAGs
[2025-04-21T17:14:10.551+0000] {logging_mixin.py:190} INFO - [2025-04-21T17:14:10.551+0000] {dag.py:4180} INFO - Setting next_dagrun for example_short_circuit_decorator to None, run_after=None
[2025-04-21T17:14:10.557+0000] {processor.py:208} INFO - Processing /home/airflow/.local/lib/python3.12/site-packages/airflow/example_dags/example_short_circuit_decorator.py took 0.029 seconds
[2025-04-21T17:14:40.586+0000] {processor.py:186} INFO - Started process (PID=1135) to work on /home/airflow/.local/lib/python3.12/site-packages/airflow/example_dags/example_short_circuit_decorator.py
[2025-04-21T17:14:40.587+0000] {processor.py:914} INFO - Processing file /home/airflow/.local/lib/python3.12/site-packages/airflow/example_dags/example_short_circuit_decorator.py for tasks to queue
[2025-04-21T17:14:40.588+0000] {logging_mixin.py:190} INFO - [2025-04-21T17:14:40.587+0000] {dagbag.py:588} INFO - Filling up the DagBag from /home/airflow/.local/lib/python3.12/site-packages/airflow/example_dags/example_short_circuit_decorator.py
[2025-04-21T17:14:40.591+0000] {processor.py:925} INFO - DAG(s) 'example_short_circuit_decorator' retrieved from /home/airflow/.local/lib/python3.12/site-packages/airflow/example_dags/example_short_circuit_decorator.py
[2025-04-21T17:14:40.600+0000] {logging_mixin.py:190} INFO - [2025-04-21T17:14:40.600+0000] {dag.py:3239} INFO - Sync 1 DAGs
[2025-04-21T17:14:40.605+0000] {logging_mixin.py:190} INFO - [2025-04-21T17:14:40.605+0000] {dag.py:4180} INFO - Setting next_dagrun for example_short_circuit_decorator to None, run_after=None
[2025-04-21T17:14:40.610+0000] {processor.py:208} INFO - Processing /home/airflow/.local/lib/python3.12/site-packages/airflow/example_dags/example_short_circuit_decorator.py took 0.026 seconds
[2025-04-21T17:15:10.960+0000] {processor.py:186} INFO - Started process (PID=1198) to work on /home/airflow/.local/lib/python3.12/site-packages/airflow/example_dags/example_short_circuit_decorator.py
[2025-04-21T17:15:10.961+0000] {processor.py:914} INFO - Processing file /home/airflow/.local/lib/python3.12/site-packages/airflow/example_dags/example_short_circuit_decorator.py for tasks to queue
[2025-04-21T17:15:10.963+0000] {logging_mixin.py:190} INFO - [2025-04-21T17:15:10.963+0000] {dagbag.py:588} INFO - Filling up the DagBag from /home/airflow/.local/lib/python3.12/site-packages/airflow/example_dags/example_short_circuit_decorator.py
[2025-04-21T17:15:10.968+0000] {processor.py:925} INFO - DAG(s) 'example_short_circuit_decorator' retrieved from /home/airflow/.local/lib/python3.12/site-packages/airflow/example_dags/example_short_circuit_decorator.py
[2025-04-21T17:15:10.978+0000] {logging_mixin.py:190} INFO - [2025-04-21T17:15:10.978+0000] {dag.py:3239} INFO - Sync 1 DAGs
[2025-04-21T17:15:10.983+0000] {logging_mixin.py:190} INFO - [2025-04-21T17:15:10.983+0000] {dag.py:4180} INFO - Setting next_dagrun for example_short_circuit_decorator to None, run_after=None
[2025-04-21T17:15:10.991+0000] {processor.py:208} INFO - Processing /home/airflow/.local/lib/python3.12/site-packages/airflow/example_dags/example_short_circuit_decorator.py took 0.034 seconds
[2025-04-21T17:15:41.114+0000] {processor.py:186} INFO - Started process (PID=1262) to work on /home/airflow/.local/lib/python3.12/site-packages/airflow/example_dags/example_short_circuit_decorator.py
[2025-04-21T17:15:41.116+0000] {processor.py:914} INFO - Processing file /home/airflow/.local/lib/python3.12/site-packages/airflow/example_dags/example_short_circuit_decorator.py for tasks to queue
[2025-04-21T17:15:41.117+0000] {logging_mixin.py:190} INFO - [2025-04-21T17:15:41.117+0000] {dagbag.py:588} INFO - Filling up the DagBag from /home/airflow/.local/lib/python3.12/site-packages/airflow/example_dags/example_short_circuit_decorator.py
[2025-04-21T17:15:41.123+0000] {processor.py:925} INFO - DAG(s) 'example_short_circuit_decorator' retrieved from /home/airflow/.local/lib/python3.12/site-packages/airflow/example_dags/example_short_circuit_decorator.py
[2025-04-21T17:15:41.134+0000] {logging_mixin.py:190} INFO - [2025-04-21T17:15:41.134+0000] {dag.py:3239} INFO - Sync 1 DAGs
[2025-04-21T17:15:41.141+0000] {logging_mixin.py:190} INFO - [2025-04-21T17:15:41.141+0000] {dag.py:4180} INFO - Setting next_dagrun for example_short_circuit_decorator to None, run_after=None
[2025-04-21T17:15:41.151+0000] {processor.py:208} INFO - Processing /home/airflow/.local/lib/python3.12/site-packages/airflow/example_dags/example_short_circuit_decorator.py took 0.040 seconds
[2025-04-21T17:16:11.741+0000] {processor.py:186} INFO - Started process (PID=1327) to work on /home/airflow/.local/lib/python3.12/site-packages/airflow/example_dags/example_short_circuit_decorator.py
[2025-04-21T17:16:11.742+0000] {processor.py:914} INFO - Processing file /home/airflow/.local/lib/python3.12/site-packages/airflow/example_dags/example_short_circuit_decorator.py for tasks to queue
[2025-04-21T17:16:11.744+0000] {logging_mixin.py:190} INFO - [2025-04-21T17:16:11.744+0000] {dagbag.py:588} INFO - Filling up the DagBag from /home/airflow/.local/lib/python3.12/site-packages/airflow/example_dags/example_short_circuit_decorator.py
[2025-04-21T17:16:11.750+0000] {processor.py:925} INFO - DAG(s) 'example_short_circuit_decorator' retrieved from /home/airflow/.local/lib/python3.12/site-packages/airflow/example_dags/example_short_circuit_decorator.py
[2025-04-21T17:16:11.760+0000] {logging_mixin.py:190} INFO - [2025-04-21T17:16:11.760+0000] {dag.py:3239} INFO - Sync 1 DAGs
[2025-04-21T17:16:11.767+0000] {logging_mixin.py:190} INFO - [2025-04-21T17:16:11.767+0000] {dag.py:4180} INFO - Setting next_dagrun for example_short_circuit_decorator to None, run_after=None
[2025-04-21T17:16:11.773+0000] {processor.py:208} INFO - Processing /home/airflow/.local/lib/python3.12/site-packages/airflow/example_dags/example_short_circuit_decorator.py took 0.036 seconds
[2025-04-21T17:16:41.997+0000] {processor.py:186} INFO - Started process (PID=1392) to work on /home/airflow/.local/lib/python3.12/site-packages/airflow/example_dags/example_short_circuit_decorator.py
[2025-04-21T17:16:41.997+0000] {processor.py:914} INFO - Processing file /home/airflow/.local/lib/python3.12/site-packages/airflow/example_dags/example_short_circuit_decorator.py for tasks to queue
[2025-04-21T17:16:41.998+0000] {logging_mixin.py:190} INFO - [2025-04-21T17:16:41.998+0000] {dagbag.py:588} INFO - Filling up the DagBag from /home/airflow/.local/lib/python3.12/site-packages/airflow/example_dags/example_short_circuit_decorator.py
[2025-04-21T17:16:42.002+0000] {processor.py:925} INFO - DAG(s) 'example_short_circuit_decorator' retrieved from /home/airflow/.local/lib/python3.12/site-packages/airflow/example_dags/example_short_circuit_decorator.py
[2025-04-21T17:16:42.013+0000] {logging_mixin.py:190} INFO - [2025-04-21T17:16:42.013+0000] {dag.py:3239} INFO - Sync 1 DAGs
[2025-04-21T17:16:42.019+0000] {logging_mixin.py:190} INFO - [2025-04-21T17:16:42.019+0000] {dag.py:4180} INFO - Setting next_dagrun for example_short_circuit_decorator to None, run_after=None
[2025-04-21T17:16:42.027+0000] {processor.py:208} INFO - Processing /home/airflow/.local/lib/python3.12/site-packages/airflow/example_dags/example_short_circuit_decorator.py took 0.033 seconds
[2025-04-21T17:17:12.207+0000] {processor.py:186} INFO - Started process (PID=1456) to work on /home/airflow/.local/lib/python3.12/site-packages/airflow/example_dags/example_short_circuit_decorator.py
[2025-04-21T17:17:12.207+0000] {processor.py:914} INFO - Processing file /home/airflow/.local/lib/python3.12/site-packages/airflow/example_dags/example_short_circuit_decorator.py for tasks to queue
[2025-04-21T17:17:12.209+0000] {logging_mixin.py:190} INFO - [2025-04-21T17:17:12.208+0000] {dagbag.py:588} INFO - Filling up the DagBag from /home/airflow/.local/lib/python3.12/site-packages/airflow/example_dags/example_short_circuit_decorator.py
[2025-04-21T17:17:12.213+0000] {processor.py:925} INFO - DAG(s) 'example_short_circuit_decorator' retrieved from /home/airflow/.local/lib/python3.12/site-packages/airflow/example_dags/example_short_circuit_decorator.py
[2025-04-21T17:17:12.223+0000] {logging_mixin.py:190} INFO - [2025-04-21T17:17:12.223+0000] {dag.py:3239} INFO - Sync 1 DAGs
[2025-04-21T17:17:12.229+0000] {logging_mixin.py:190} INFO - [2025-04-21T17:17:12.229+0000] {dag.py:4180} INFO - Setting next_dagrun for example_short_circuit_decorator to None, run_after=None
[2025-04-21T17:17:12.235+0000] {processor.py:208} INFO - Processing /home/airflow/.local/lib/python3.12/site-packages/airflow/example_dags/example_short_circuit_decorator.py took 0.031 seconds
[2025-04-21T17:17:42.378+0000] {processor.py:186} INFO - Started process (PID=1520) to work on /home/airflow/.local/lib/python3.12/site-packages/airflow/example_dags/example_short_circuit_decorator.py
[2025-04-21T17:17:42.380+0000] {processor.py:914} INFO - Processing file /home/airflow/.local/lib/python3.12/site-packages/airflow/example_dags/example_short_circuit_decorator.py for tasks to queue
[2025-04-21T17:17:42.383+0000] {logging_mixin.py:190} INFO - [2025-04-21T17:17:42.383+0000] {dagbag.py:588} INFO - Filling up the DagBag from /home/airflow/.local/lib/python3.12/site-packages/airflow/example_dags/example_short_circuit_decorator.py
[2025-04-21T17:17:42.388+0000] {processor.py:925} INFO - DAG(s) 'example_short_circuit_decorator' retrieved from /home/airflow/.local/lib/python3.12/site-packages/airflow/example_dags/example_short_circuit_decorator.py
[2025-04-21T17:17:42.402+0000] {logging_mixin.py:190} INFO - [2025-04-21T17:17:42.401+0000] {dag.py:3239} INFO - Sync 1 DAGs
[2025-04-21T17:17:42.409+0000] {logging_mixin.py:190} INFO - [2025-04-21T17:17:42.409+0000] {dag.py:4180} INFO - Setting next_dagrun for example_short_circuit_decorator to None, run_after=None
[2025-04-21T17:17:42.422+0000] {processor.py:208} INFO - Processing /home/airflow/.local/lib/python3.12/site-packages/airflow/example_dags/example_short_circuit_decorator.py took 0.048 seconds
[2025-04-21T17:18:12.805+0000] {processor.py:186} INFO - Started process (PID=1583) to work on /home/airflow/.local/lib/python3.12/site-packages/airflow/example_dags/example_short_circuit_decorator.py
[2025-04-21T17:18:12.806+0000] {processor.py:914} INFO - Processing file /home/airflow/.local/lib/python3.12/site-packages/airflow/example_dags/example_short_circuit_decorator.py for tasks to queue
[2025-04-21T17:18:12.807+0000] {logging_mixin.py:190} INFO - [2025-04-21T17:18:12.807+0000] {dagbag.py:588} INFO - Filling up the DagBag from /home/airflow/.local/lib/python3.12/site-packages/airflow/example_dags/example_short_circuit_decorator.py
[2025-04-21T17:18:12.812+0000] {processor.py:925} INFO - DAG(s) 'example_short_circuit_decorator' retrieved from /home/airflow/.local/lib/python3.12/site-packages/airflow/example_dags/example_short_circuit_decorator.py
[2025-04-21T17:18:12.821+0000] {logging_mixin.py:190} INFO - [2025-04-21T17:18:12.821+0000] {dag.py:3239} INFO - Sync 1 DAGs
[2025-04-21T17:18:12.826+0000] {logging_mixin.py:190} INFO - [2025-04-21T17:18:12.825+0000] {dag.py:4180} INFO - Setting next_dagrun for example_short_circuit_decorator to None, run_after=None
[2025-04-21T17:18:12.834+0000] {processor.py:208} INFO - Processing /home/airflow/.local/lib/python3.12/site-packages/airflow/example_dags/example_short_circuit_decorator.py took 0.031 seconds
[2025-04-21T17:18:43.018+0000] {processor.py:186} INFO - Started process (PID=1647) to work on /home/airflow/.local/lib/python3.12/site-packages/airflow/example_dags/example_short_circuit_decorator.py
[2025-04-21T17:18:43.018+0000] {processor.py:914} INFO - Processing file /home/airflow/.local/lib/python3.12/site-packages/airflow/example_dags/example_short_circuit_decorator.py for tasks to queue
[2025-04-21T17:18:43.019+0000] {logging_mixin.py:190} INFO - [2025-04-21T17:18:43.019+0000] {dagbag.py:588} INFO - Filling up the DagBag from /home/airflow/.local/lib/python3.12/site-packages/airflow/example_dags/example_short_circuit_decorator.py
[2025-04-21T17:18:43.024+0000] {processor.py:925} INFO - DAG(s) 'example_short_circuit_decorator' retrieved from /home/airflow/.local/lib/python3.12/site-packages/airflow/example_dags/example_short_circuit_decorator.py
[2025-04-21T17:18:43.034+0000] {logging_mixin.py:190} INFO - [2025-04-21T17:18:43.034+0000] {dag.py:3239} INFO - Sync 1 DAGs
[2025-04-21T17:18:43.040+0000] {logging_mixin.py:190} INFO - [2025-04-21T17:18:43.040+0000] {dag.py:4180} INFO - Setting next_dagrun for example_short_circuit_decorator to None, run_after=None
[2025-04-21T17:18:43.048+0000] {processor.py:208} INFO - Processing /home/airflow/.local/lib/python3.12/site-packages/airflow/example_dags/example_short_circuit_decorator.py took 0.033 seconds
