[2025-04-21T17:02:01.114+0000] {processor.py:186} INFO - Started process (PID=79) to work on /home/airflow/.local/lib/python3.12/site-packages/airflow/example_dags/example_params_trigger_ui.py
[2025-04-21T17:02:01.115+0000] {processor.py:914} INFO - Processing file /home/airflow/.local/lib/python3.12/site-packages/airflow/example_dags/example_params_trigger_ui.py for tasks to queue
[2025-04-21T17:02:01.115+0000] {logging_mixin.py:190} INFO - [2025-04-21T17:02:01.115+0000] {dagbag.py:588} INFO - Filling up the DagBag from /home/airflow/.local/lib/python3.12/site-packages/airflow/example_dags/example_params_trigger_ui.py
[2025-04-21T17:02:01.123+0000] {processor.py:925} INFO - DAG(s) 'example_params_trigger_ui' retrieved from /home/airflow/.local/lib/python3.12/site-packages/airflow/example_dags/example_params_trigger_ui.py
[2025-04-21T17:02:01.185+0000] {logging_mixin.py:190} INFO - [2025-04-21T17:02:01.184+0000] {override.py:1912} INFO - Created Permission View: can read on DAG:example_params_trigger_ui
[2025-04-21T17:02:01.190+0000] {logging_mixin.py:190} INFO - [2025-04-21T17:02:01.190+0000] {override.py:1912} INFO - Created Permission View: can edit on DAG:example_params_trigger_ui
[2025-04-21T17:02:01.192+0000] {logging_mixin.py:190} INFO - [2025-04-21T17:02:01.192+0000] {override.py:1912} INFO - Created Permission View: can delete on DAG:example_params_trigger_ui
[2025-04-21T17:02:01.195+0000] {logging_mixin.py:190} INFO - [2025-04-21T17:02:01.195+0000] {override.py:1912} INFO - Created Permission View: can read on DAG Run:example_params_trigger_ui
[2025-04-21T17:02:01.200+0000] {logging_mixin.py:190} INFO - [2025-04-21T17:02:01.199+0000] {override.py:1912} INFO - Created Permission View: can delete on DAG Run:example_params_trigger_ui
[2025-04-21T17:02:01.203+0000] {logging_mixin.py:190} INFO - [2025-04-21T17:02:01.203+0000] {override.py:1912} INFO - Created Permission View: menu access on DAG Run:example_params_trigger_ui
[2025-04-21T17:02:01.205+0000] {logging_mixin.py:190} INFO - [2025-04-21T17:02:01.205+0000] {override.py:1912} INFO - Created Permission View: can create on DAG Run:example_params_trigger_ui
[2025-04-21T17:02:01.206+0000] {logging_mixin.py:190} INFO - [2025-04-21T17:02:01.205+0000] {dag.py:3239} INFO - Sync 1 DAGs
[2025-04-21T17:02:01.211+0000] {logging_mixin.py:190} INFO - [2025-04-21T17:02:01.211+0000] {dag.py:3262} INFO - Creating ORM DAG for example_params_trigger_ui
[2025-04-21T17:02:01.212+0000] {logging_mixin.py:190} INFO - [2025-04-21T17:02:01.212+0000] {dag.py:4180} INFO - Setting next_dagrun for example_params_trigger_ui to None, run_after=None
[2025-04-21T17:02:01.221+0000] {processor.py:208} INFO - Processing /home/airflow/.local/lib/python3.12/site-packages/airflow/example_dags/example_params_trigger_ui.py took 0.109 seconds
[2025-04-21T17:02:32.058+0000] {processor.py:186} INFO - Started process (PID=142) to work on /home/airflow/.local/lib/python3.12/site-packages/airflow/example_dags/example_params_trigger_ui.py
[2025-04-21T17:02:32.058+0000] {processor.py:914} INFO - Processing file /home/airflow/.local/lib/python3.12/site-packages/airflow/example_dags/example_params_trigger_ui.py for tasks to queue
[2025-04-21T17:02:32.059+0000] {logging_mixin.py:190} INFO - [2025-04-21T17:02:32.059+0000] {dagbag.py:588} INFO - Filling up the DagBag from /home/airflow/.local/lib/python3.12/site-packages/airflow/example_dags/example_params_trigger_ui.py
[2025-04-21T17:02:32.064+0000] {processor.py:925} INFO - DAG(s) 'example_params_trigger_ui' retrieved from /home/airflow/.local/lib/python3.12/site-packages/airflow/example_dags/example_params_trigger_ui.py
[2025-04-21T17:02:32.080+0000] {logging_mixin.py:190} INFO - [2025-04-21T17:02:32.079+0000] {dag.py:3239} INFO - Sync 1 DAGs
[2025-04-21T17:02:32.086+0000] {logging_mixin.py:190} INFO - [2025-04-21T17:02:32.086+0000] {dag.py:4180} INFO - Setting next_dagrun for example_params_trigger_ui to None, run_after=None
[2025-04-21T17:02:32.094+0000] {processor.py:208} INFO - Processing /home/airflow/.local/lib/python3.12/site-packages/airflow/example_dags/example_params_trigger_ui.py took 0.039 seconds
[2025-04-21T17:03:02.627+0000] {processor.py:186} INFO - Started process (PID=205) to work on /home/airflow/.local/lib/python3.12/site-packages/airflow/example_dags/example_params_trigger_ui.py
[2025-04-21T17:03:02.627+0000] {processor.py:914} INFO - Processing file /home/airflow/.local/lib/python3.12/site-packages/airflow/example_dags/example_params_trigger_ui.py for tasks to queue
[2025-04-21T17:03:02.628+0000] {logging_mixin.py:190} INFO - [2025-04-21T17:03:02.628+0000] {dagbag.py:588} INFO - Filling up the DagBag from /home/airflow/.local/lib/python3.12/site-packages/airflow/example_dags/example_params_trigger_ui.py
[2025-04-21T17:03:02.633+0000] {processor.py:925} INFO - DAG(s) 'example_params_trigger_ui' retrieved from /home/airflow/.local/lib/python3.12/site-packages/airflow/example_dags/example_params_trigger_ui.py
[2025-04-21T17:03:02.652+0000] {logging_mixin.py:190} INFO - [2025-04-21T17:03:02.652+0000] {dag.py:3239} INFO - Sync 1 DAGs
[2025-04-21T17:03:02.658+0000] {logging_mixin.py:190} INFO - [2025-04-21T17:03:02.658+0000] {dag.py:4180} INFO - Setting next_dagrun for example_params_trigger_ui to None, run_after=None
[2025-04-21T17:03:02.668+0000] {processor.py:208} INFO - Processing /home/airflow/.local/lib/python3.12/site-packages/airflow/example_dags/example_params_trigger_ui.py took 0.044 seconds
[2025-04-21T17:03:32.704+0000] {processor.py:186} INFO - Started process (PID=266) to work on /home/airflow/.local/lib/python3.12/site-packages/airflow/example_dags/example_params_trigger_ui.py
[2025-04-21T17:03:32.705+0000] {processor.py:914} INFO - Processing file /home/airflow/.local/lib/python3.12/site-packages/airflow/example_dags/example_params_trigger_ui.py for tasks to queue
[2025-04-21T17:03:32.706+0000] {logging_mixin.py:190} INFO - [2025-04-21T17:03:32.706+0000] {dagbag.py:588} INFO - Filling up the DagBag from /home/airflow/.local/lib/python3.12/site-packages/airflow/example_dags/example_params_trigger_ui.py
[2025-04-21T17:03:32.711+0000] {processor.py:925} INFO - DAG(s) 'example_params_trigger_ui' retrieved from /home/airflow/.local/lib/python3.12/site-packages/airflow/example_dags/example_params_trigger_ui.py
[2025-04-21T17:03:32.729+0000] {logging_mixin.py:190} INFO - [2025-04-21T17:03:32.729+0000] {dag.py:3239} INFO - Sync 1 DAGs
[2025-04-21T17:03:32.734+0000] {logging_mixin.py:190} INFO - [2025-04-21T17:03:32.734+0000] {dag.py:4180} INFO - Setting next_dagrun for example_params_trigger_ui to None, run_after=None
[2025-04-21T17:03:32.740+0000] {processor.py:208} INFO - Processing /home/airflow/.local/lib/python3.12/site-packages/airflow/example_dags/example_params_trigger_ui.py took 0.038 seconds
[2025-04-21T17:04:03.917+0000] {processor.py:186} INFO - Started process (PID=329) to work on /home/airflow/.local/lib/python3.12/site-packages/airflow/example_dags/example_params_trigger_ui.py
[2025-04-21T17:04:03.919+0000] {processor.py:914} INFO - Processing file /home/airflow/.local/lib/python3.12/site-packages/airflow/example_dags/example_params_trigger_ui.py for tasks to queue
[2025-04-21T17:04:03.920+0000] {logging_mixin.py:190} INFO - [2025-04-21T17:04:03.920+0000] {dagbag.py:588} INFO - Filling up the DagBag from /home/airflow/.local/lib/python3.12/site-packages/airflow/example_dags/example_params_trigger_ui.py
[2025-04-21T17:04:03.925+0000] {processor.py:925} INFO - DAG(s) 'example_params_trigger_ui' retrieved from /home/airflow/.local/lib/python3.12/site-packages/airflow/example_dags/example_params_trigger_ui.py
[2025-04-21T17:04:03.940+0000] {logging_mixin.py:190} INFO - [2025-04-21T17:04:03.940+0000] {dag.py:3239} INFO - Sync 1 DAGs
[2025-04-21T17:04:03.945+0000] {logging_mixin.py:190} INFO - [2025-04-21T17:04:03.944+0000] {dag.py:4180} INFO - Setting next_dagrun for example_params_trigger_ui to None, run_after=None
[2025-04-21T17:04:03.951+0000] {processor.py:208} INFO - Processing /home/airflow/.local/lib/python3.12/site-packages/airflow/example_dags/example_params_trigger_ui.py took 0.036 seconds
[2025-04-21T17:04:35.159+0000] {processor.py:186} INFO - Started process (PID=392) to work on /home/airflow/.local/lib/python3.12/site-packages/airflow/example_dags/example_params_trigger_ui.py
[2025-04-21T17:04:35.159+0000] {processor.py:914} INFO - Processing file /home/airflow/.local/lib/python3.12/site-packages/airflow/example_dags/example_params_trigger_ui.py for tasks to queue
[2025-04-21T17:04:35.160+0000] {logging_mixin.py:190} INFO - [2025-04-21T17:04:35.160+0000] {dagbag.py:588} INFO - Filling up the DagBag from /home/airflow/.local/lib/python3.12/site-packages/airflow/example_dags/example_params_trigger_ui.py
[2025-04-21T17:04:35.164+0000] {processor.py:925} INFO - DAG(s) 'example_params_trigger_ui' retrieved from /home/airflow/.local/lib/python3.12/site-packages/airflow/example_dags/example_params_trigger_ui.py
[2025-04-21T17:04:35.177+0000] {logging_mixin.py:190} INFO - [2025-04-21T17:04:35.177+0000] {dag.py:3239} INFO - Sync 1 DAGs
[2025-04-21T17:04:35.181+0000] {logging_mixin.py:190} INFO - [2025-04-21T17:04:35.181+0000] {dag.py:4180} INFO - Setting next_dagrun for example_params_trigger_ui to None, run_after=None
[2025-04-21T17:04:35.186+0000] {processor.py:208} INFO - Processing /home/airflow/.local/lib/python3.12/site-packages/airflow/example_dags/example_params_trigger_ui.py took 0.030 seconds
[2025-04-21T17:05:06.349+0000] {processor.py:186} INFO - Started process (PID=455) to work on /home/airflow/.local/lib/python3.12/site-packages/airflow/example_dags/example_params_trigger_ui.py
[2025-04-21T17:05:06.351+0000] {processor.py:914} INFO - Processing file /home/airflow/.local/lib/python3.12/site-packages/airflow/example_dags/example_params_trigger_ui.py for tasks to queue
[2025-04-21T17:05:06.353+0000] {logging_mixin.py:190} INFO - [2025-04-21T17:05:06.352+0000] {dagbag.py:588} INFO - Filling up the DagBag from /home/airflow/.local/lib/python3.12/site-packages/airflow/example_dags/example_params_trigger_ui.py
[2025-04-21T17:05:06.359+0000] {processor.py:925} INFO - DAG(s) 'example_params_trigger_ui' retrieved from /home/airflow/.local/lib/python3.12/site-packages/airflow/example_dags/example_params_trigger_ui.py
[2025-04-21T17:05:06.377+0000] {logging_mixin.py:190} INFO - [2025-04-21T17:05:06.377+0000] {dag.py:3239} INFO - Sync 1 DAGs
[2025-04-21T17:05:06.382+0000] {logging_mixin.py:190} INFO - [2025-04-21T17:05:06.382+0000] {dag.py:4180} INFO - Setting next_dagrun for example_params_trigger_ui to None, run_after=None
[2025-04-21T17:05:06.388+0000] {processor.py:208} INFO - Processing /home/airflow/.local/lib/python3.12/site-packages/airflow/example_dags/example_params_trigger_ui.py took 0.042 seconds
[2025-04-21T17:05:56.106+0000] {processor.py:186} INFO - Started process (PID=79) to work on /home/airflow/.local/lib/python3.12/site-packages/airflow/example_dags/example_params_trigger_ui.py
[2025-04-21T17:05:56.106+0000] {processor.py:914} INFO - Processing file /home/airflow/.local/lib/python3.12/site-packages/airflow/example_dags/example_params_trigger_ui.py for tasks to queue
[2025-04-21T17:05:56.108+0000] {logging_mixin.py:190} INFO - [2025-04-21T17:05:56.107+0000] {dagbag.py:588} INFO - Filling up the DagBag from /home/airflow/.local/lib/python3.12/site-packages/airflow/example_dags/example_params_trigger_ui.py
[2025-04-21T17:05:56.114+0000] {processor.py:925} INFO - DAG(s) 'example_params_trigger_ui' retrieved from /home/airflow/.local/lib/python3.12/site-packages/airflow/example_dags/example_params_trigger_ui.py
[2025-04-21T17:05:56.134+0000] {logging_mixin.py:190} INFO - [2025-04-21T17:05:56.134+0000] {dag.py:3239} INFO - Sync 1 DAGs
[2025-04-21T17:05:56.141+0000] {logging_mixin.py:190} INFO - [2025-04-21T17:05:56.141+0000] {dag.py:4180} INFO - Setting next_dagrun for example_params_trigger_ui to None, run_after=None
[2025-04-21T17:05:56.148+0000] {processor.py:208} INFO - Processing /home/airflow/.local/lib/python3.12/site-packages/airflow/example_dags/example_params_trigger_ui.py took 0.046 seconds
[2025-04-21T17:06:26.258+0000] {processor.py:186} INFO - Started process (PID=141) to work on /home/airflow/.local/lib/python3.12/site-packages/airflow/example_dags/example_params_trigger_ui.py
[2025-04-21T17:06:26.260+0000] {processor.py:914} INFO - Processing file /home/airflow/.local/lib/python3.12/site-packages/airflow/example_dags/example_params_trigger_ui.py for tasks to queue
[2025-04-21T17:06:26.261+0000] {logging_mixin.py:190} INFO - [2025-04-21T17:06:26.261+0000] {dagbag.py:588} INFO - Filling up the DagBag from /home/airflow/.local/lib/python3.12/site-packages/airflow/example_dags/example_params_trigger_ui.py
[2025-04-21T17:06:26.266+0000] {processor.py:925} INFO - DAG(s) 'example_params_trigger_ui' retrieved from /home/airflow/.local/lib/python3.12/site-packages/airflow/example_dags/example_params_trigger_ui.py
[2025-04-21T17:06:26.280+0000] {logging_mixin.py:190} INFO - [2025-04-21T17:06:26.280+0000] {dag.py:3239} INFO - Sync 1 DAGs
[2025-04-21T17:06:26.285+0000] {logging_mixin.py:190} INFO - [2025-04-21T17:06:26.285+0000] {dag.py:4180} INFO - Setting next_dagrun for example_params_trigger_ui to None, run_after=None
[2025-04-21T17:06:26.291+0000] {processor.py:208} INFO - Processing /home/airflow/.local/lib/python3.12/site-packages/airflow/example_dags/example_params_trigger_ui.py took 0.035 seconds
[2025-04-21T17:06:57.375+0000] {processor.py:186} INFO - Started process (PID=204) to work on /home/airflow/.local/lib/python3.12/site-packages/airflow/example_dags/example_params_trigger_ui.py
[2025-04-21T17:06:57.378+0000] {processor.py:914} INFO - Processing file /home/airflow/.local/lib/python3.12/site-packages/airflow/example_dags/example_params_trigger_ui.py for tasks to queue
[2025-04-21T17:06:57.379+0000] {logging_mixin.py:190} INFO - [2025-04-21T17:06:57.379+0000] {dagbag.py:588} INFO - Filling up the DagBag from /home/airflow/.local/lib/python3.12/site-packages/airflow/example_dags/example_params_trigger_ui.py
[2025-04-21T17:06:57.383+0000] {processor.py:925} INFO - DAG(s) 'example_params_trigger_ui' retrieved from /home/airflow/.local/lib/python3.12/site-packages/airflow/example_dags/example_params_trigger_ui.py
[2025-04-21T17:06:57.400+0000] {logging_mixin.py:190} INFO - [2025-04-21T17:06:57.400+0000] {dag.py:3239} INFO - Sync 1 DAGs
[2025-04-21T17:06:57.406+0000] {logging_mixin.py:190} INFO - [2025-04-21T17:06:57.406+0000] {dag.py:4180} INFO - Setting next_dagrun for example_params_trigger_ui to None, run_after=None
[2025-04-21T17:06:57.413+0000] {processor.py:208} INFO - Processing /home/airflow/.local/lib/python3.12/site-packages/airflow/example_dags/example_params_trigger_ui.py took 0.040 seconds
[2025-04-21T17:07:28.484+0000] {processor.py:186} INFO - Started process (PID=267) to work on /home/airflow/.local/lib/python3.12/site-packages/airflow/example_dags/example_params_trigger_ui.py
[2025-04-21T17:07:28.486+0000] {processor.py:914} INFO - Processing file /home/airflow/.local/lib/python3.12/site-packages/airflow/example_dags/example_params_trigger_ui.py for tasks to queue
[2025-04-21T17:07:28.487+0000] {logging_mixin.py:190} INFO - [2025-04-21T17:07:28.487+0000] {dagbag.py:588} INFO - Filling up the DagBag from /home/airflow/.local/lib/python3.12/site-packages/airflow/example_dags/example_params_trigger_ui.py
[2025-04-21T17:07:28.491+0000] {processor.py:925} INFO - DAG(s) 'example_params_trigger_ui' retrieved from /home/airflow/.local/lib/python3.12/site-packages/airflow/example_dags/example_params_trigger_ui.py
[2025-04-21T17:07:28.506+0000] {logging_mixin.py:190} INFO - [2025-04-21T17:07:28.506+0000] {dag.py:3239} INFO - Sync 1 DAGs
[2025-04-21T17:07:28.511+0000] {logging_mixin.py:190} INFO - [2025-04-21T17:07:28.510+0000] {dag.py:4180} INFO - Setting next_dagrun for example_params_trigger_ui to None, run_after=None
[2025-04-21T17:07:28.518+0000] {processor.py:208} INFO - Processing /home/airflow/.local/lib/python3.12/site-packages/airflow/example_dags/example_params_trigger_ui.py took 0.037 seconds
[2025-04-21T17:07:59.529+0000] {processor.py:186} INFO - Started process (PID=330) to work on /home/airflow/.local/lib/python3.12/site-packages/airflow/example_dags/example_params_trigger_ui.py
[2025-04-21T17:07:59.531+0000] {processor.py:914} INFO - Processing file /home/airflow/.local/lib/python3.12/site-packages/airflow/example_dags/example_params_trigger_ui.py for tasks to queue
[2025-04-21T17:07:59.532+0000] {logging_mixin.py:190} INFO - [2025-04-21T17:07:59.532+0000] {dagbag.py:588} INFO - Filling up the DagBag from /home/airflow/.local/lib/python3.12/site-packages/airflow/example_dags/example_params_trigger_ui.py
[2025-04-21T17:07:59.536+0000] {processor.py:925} INFO - DAG(s) 'example_params_trigger_ui' retrieved from /home/airflow/.local/lib/python3.12/site-packages/airflow/example_dags/example_params_trigger_ui.py
[2025-04-21T17:07:59.550+0000] {logging_mixin.py:190} INFO - [2025-04-21T17:07:59.550+0000] {dag.py:3239} INFO - Sync 1 DAGs
[2025-04-21T17:07:59.555+0000] {logging_mixin.py:190} INFO - [2025-04-21T17:07:59.555+0000] {dag.py:4180} INFO - Setting next_dagrun for example_params_trigger_ui to None, run_after=None
[2025-04-21T17:07:59.562+0000] {processor.py:208} INFO - Processing /home/airflow/.local/lib/python3.12/site-packages/airflow/example_dags/example_params_trigger_ui.py took 0.035 seconds
[2025-04-21T17:08:30.792+0000] {processor.py:186} INFO - Started process (PID=393) to work on /home/airflow/.local/lib/python3.12/site-packages/airflow/example_dags/example_params_trigger_ui.py
[2025-04-21T17:08:30.792+0000] {processor.py:914} INFO - Processing file /home/airflow/.local/lib/python3.12/site-packages/airflow/example_dags/example_params_trigger_ui.py for tasks to queue
[2025-04-21T17:08:30.795+0000] {logging_mixin.py:190} INFO - [2025-04-21T17:08:30.795+0000] {dagbag.py:588} INFO - Filling up the DagBag from /home/airflow/.local/lib/python3.12/site-packages/airflow/example_dags/example_params_trigger_ui.py
[2025-04-21T17:08:30.801+0000] {processor.py:925} INFO - DAG(s) 'example_params_trigger_ui' retrieved from /home/airflow/.local/lib/python3.12/site-packages/airflow/example_dags/example_params_trigger_ui.py
[2025-04-21T17:08:30.817+0000] {logging_mixin.py:190} INFO - [2025-04-21T17:08:30.817+0000] {dag.py:3239} INFO - Sync 1 DAGs
[2025-04-21T17:08:30.823+0000] {logging_mixin.py:190} INFO - [2025-04-21T17:08:30.822+0000] {dag.py:4180} INFO - Setting next_dagrun for example_params_trigger_ui to None, run_after=None
[2025-04-21T17:08:30.829+0000] {processor.py:208} INFO - Processing /home/airflow/.local/lib/python3.12/site-packages/airflow/example_dags/example_params_trigger_ui.py took 0.039 seconds
[2025-04-21T17:09:01.870+0000] {processor.py:186} INFO - Started process (PID=456) to work on /home/airflow/.local/lib/python3.12/site-packages/airflow/example_dags/example_params_trigger_ui.py
[2025-04-21T17:09:01.873+0000] {processor.py:914} INFO - Processing file /home/airflow/.local/lib/python3.12/site-packages/airflow/example_dags/example_params_trigger_ui.py for tasks to queue
[2025-04-21T17:09:01.873+0000] {logging_mixin.py:190} INFO - [2025-04-21T17:09:01.873+0000] {dagbag.py:588} INFO - Filling up the DagBag from /home/airflow/.local/lib/python3.12/site-packages/airflow/example_dags/example_params_trigger_ui.py
[2025-04-21T17:09:01.878+0000] {processor.py:925} INFO - DAG(s) 'example_params_trigger_ui' retrieved from /home/airflow/.local/lib/python3.12/site-packages/airflow/example_dags/example_params_trigger_ui.py
[2025-04-21T17:09:01.892+0000] {logging_mixin.py:190} INFO - [2025-04-21T17:09:01.892+0000] {dag.py:3239} INFO - Sync 1 DAGs
[2025-04-21T17:09:01.897+0000] {logging_mixin.py:190} INFO - [2025-04-21T17:09:01.896+0000] {dag.py:4180} INFO - Setting next_dagrun for example_params_trigger_ui to None, run_after=None
[2025-04-21T17:09:01.902+0000] {processor.py:208} INFO - Processing /home/airflow/.local/lib/python3.12/site-packages/airflow/example_dags/example_params_trigger_ui.py took 0.034 seconds
[2025-04-21T17:09:32.956+0000] {processor.py:186} INFO - Started process (PID=519) to work on /home/airflow/.local/lib/python3.12/site-packages/airflow/example_dags/example_params_trigger_ui.py
[2025-04-21T17:09:32.957+0000] {processor.py:914} INFO - Processing file /home/airflow/.local/lib/python3.12/site-packages/airflow/example_dags/example_params_trigger_ui.py for tasks to queue
[2025-04-21T17:09:32.958+0000] {logging_mixin.py:190} INFO - [2025-04-21T17:09:32.958+0000] {dagbag.py:588} INFO - Filling up the DagBag from /home/airflow/.local/lib/python3.12/site-packages/airflow/example_dags/example_params_trigger_ui.py
[2025-04-21T17:09:32.963+0000] {processor.py:925} INFO - DAG(s) 'example_params_trigger_ui' retrieved from /home/airflow/.local/lib/python3.12/site-packages/airflow/example_dags/example_params_trigger_ui.py
[2025-04-21T17:09:32.978+0000] {logging_mixin.py:190} INFO - [2025-04-21T17:09:32.978+0000] {dag.py:3239} INFO - Sync 1 DAGs
[2025-04-21T17:09:32.984+0000] {logging_mixin.py:190} INFO - [2025-04-21T17:09:32.984+0000] {dag.py:4180} INFO - Setting next_dagrun for example_params_trigger_ui to None, run_after=None
[2025-04-21T17:09:32.992+0000] {processor.py:208} INFO - Processing /home/airflow/.local/lib/python3.12/site-packages/airflow/example_dags/example_params_trigger_ui.py took 0.038 seconds
[2025-04-21T17:10:04.044+0000] {processor.py:186} INFO - Started process (PID=582) to work on /home/airflow/.local/lib/python3.12/site-packages/airflow/example_dags/example_params_trigger_ui.py
[2025-04-21T17:10:04.047+0000] {processor.py:914} INFO - Processing file /home/airflow/.local/lib/python3.12/site-packages/airflow/example_dags/example_params_trigger_ui.py for tasks to queue
[2025-04-21T17:10:04.048+0000] {logging_mixin.py:190} INFO - [2025-04-21T17:10:04.048+0000] {dagbag.py:588} INFO - Filling up the DagBag from /home/airflow/.local/lib/python3.12/site-packages/airflow/example_dags/example_params_trigger_ui.py
[2025-04-21T17:10:04.053+0000] {processor.py:925} INFO - DAG(s) 'example_params_trigger_ui' retrieved from /home/airflow/.local/lib/python3.12/site-packages/airflow/example_dags/example_params_trigger_ui.py
[2025-04-21T17:10:04.067+0000] {logging_mixin.py:190} INFO - [2025-04-21T17:10:04.067+0000] {dag.py:3239} INFO - Sync 1 DAGs
[2025-04-21T17:10:04.072+0000] {logging_mixin.py:190} INFO - [2025-04-21T17:10:04.072+0000] {dag.py:4180} INFO - Setting next_dagrun for example_params_trigger_ui to None, run_after=None
[2025-04-21T17:10:04.079+0000] {processor.py:208} INFO - Processing /home/airflow/.local/lib/python3.12/site-packages/airflow/example_dags/example_params_trigger_ui.py took 0.036 seconds
[2025-04-21T17:10:35.248+0000] {processor.py:186} INFO - Started process (PID=645) to work on /home/airflow/.local/lib/python3.12/site-packages/airflow/example_dags/example_params_trigger_ui.py
[2025-04-21T17:10:35.249+0000] {processor.py:914} INFO - Processing file /home/airflow/.local/lib/python3.12/site-packages/airflow/example_dags/example_params_trigger_ui.py for tasks to queue
[2025-04-21T17:10:35.250+0000] {logging_mixin.py:190} INFO - [2025-04-21T17:10:35.250+0000] {dagbag.py:588} INFO - Filling up the DagBag from /home/airflow/.local/lib/python3.12/site-packages/airflow/example_dags/example_params_trigger_ui.py
[2025-04-21T17:10:35.255+0000] {processor.py:925} INFO - DAG(s) 'example_params_trigger_ui' retrieved from /home/airflow/.local/lib/python3.12/site-packages/airflow/example_dags/example_params_trigger_ui.py
[2025-04-21T17:10:35.269+0000] {logging_mixin.py:190} INFO - [2025-04-21T17:10:35.269+0000] {dag.py:3239} INFO - Sync 1 DAGs
[2025-04-21T17:10:35.274+0000] {logging_mixin.py:190} INFO - [2025-04-21T17:10:35.274+0000] {dag.py:4180} INFO - Setting next_dagrun for example_params_trigger_ui to None, run_after=None
[2025-04-21T17:10:35.279+0000] {processor.py:208} INFO - Processing /home/airflow/.local/lib/python3.12/site-packages/airflow/example_dags/example_params_trigger_ui.py took 0.034 seconds
[2025-04-21T17:11:06.385+0000] {processor.py:186} INFO - Started process (PID=709) to work on /home/airflow/.local/lib/python3.12/site-packages/airflow/example_dags/example_params_trigger_ui.py
[2025-04-21T17:11:06.386+0000] {processor.py:914} INFO - Processing file /home/airflow/.local/lib/python3.12/site-packages/airflow/example_dags/example_params_trigger_ui.py for tasks to queue
[2025-04-21T17:11:06.388+0000] {logging_mixin.py:190} INFO - [2025-04-21T17:11:06.387+0000] {dagbag.py:588} INFO - Filling up the DagBag from /home/airflow/.local/lib/python3.12/site-packages/airflow/example_dags/example_params_trigger_ui.py
[2025-04-21T17:11:06.392+0000] {processor.py:925} INFO - DAG(s) 'example_params_trigger_ui' retrieved from /home/airflow/.local/lib/python3.12/site-packages/airflow/example_dags/example_params_trigger_ui.py
[2025-04-21T17:11:06.409+0000] {logging_mixin.py:190} INFO - [2025-04-21T17:11:06.408+0000] {dag.py:3239} INFO - Sync 1 DAGs
[2025-04-21T17:11:06.413+0000] {logging_mixin.py:190} INFO - [2025-04-21T17:11:06.413+0000] {dag.py:4180} INFO - Setting next_dagrun for example_params_trigger_ui to None, run_after=None
[2025-04-21T17:11:06.419+0000] {processor.py:208} INFO - Processing /home/airflow/.local/lib/python3.12/site-packages/airflow/example_dags/example_params_trigger_ui.py took 0.036 seconds
[2025-04-21T17:11:37.705+0000] {processor.py:186} INFO - Started process (PID=773) to work on /home/airflow/.local/lib/python3.12/site-packages/airflow/example_dags/example_params_trigger_ui.py
[2025-04-21T17:11:37.706+0000] {processor.py:914} INFO - Processing file /home/airflow/.local/lib/python3.12/site-packages/airflow/example_dags/example_params_trigger_ui.py for tasks to queue
[2025-04-21T17:11:37.707+0000] {logging_mixin.py:190} INFO - [2025-04-21T17:11:37.707+0000] {dagbag.py:588} INFO - Filling up the DagBag from /home/airflow/.local/lib/python3.12/site-packages/airflow/example_dags/example_params_trigger_ui.py
[2025-04-21T17:11:37.712+0000] {processor.py:925} INFO - DAG(s) 'example_params_trigger_ui' retrieved from /home/airflow/.local/lib/python3.12/site-packages/airflow/example_dags/example_params_trigger_ui.py
[2025-04-21T17:11:37.727+0000] {logging_mixin.py:190} INFO - [2025-04-21T17:11:37.727+0000] {dag.py:3239} INFO - Sync 1 DAGs
[2025-04-21T17:11:37.732+0000] {logging_mixin.py:190} INFO - [2025-04-21T17:11:37.732+0000] {dag.py:4180} INFO - Setting next_dagrun for example_params_trigger_ui to None, run_after=None
[2025-04-21T17:11:37.739+0000] {processor.py:208} INFO - Processing /home/airflow/.local/lib/python3.12/site-packages/airflow/example_dags/example_params_trigger_ui.py took 0.038 seconds
