[2025-04-21T17:02:01.767+0000] {processor.py:186} INFO - Started process (PID=86) to work on /home/airflow/.local/lib/python3.12/site-packages/airflow/example_dags/tutorial.py
[2025-04-21T17:02:01.768+0000] {processor.py:914} INFO - Processing file /home/airflow/.local/lib/python3.12/site-packages/airflow/example_dags/tutorial.py for tasks to queue
[2025-04-21T17:02:01.769+0000] {logging_mixin.py:190} INFO - [2025-04-21T17:02:01.769+0000] {dagbag.py:588} INFO - Filling up the DagBag from /home/airflow/.local/lib/python3.12/site-packages/airflow/example_dags/tutorial.py
[2025-04-21T17:02:01.774+0000] {processor.py:925} INFO - DAG(s) 'tutorial' retrieved from /home/airflow/.local/lib/python3.12/site-packages/airflow/example_dags/tutorial.py
[2025-04-21T17:02:01.818+0000] {logging_mixin.py:190} INFO - [2025-04-21T17:02:01.817+0000] {override.py:1912} INFO - Created Permission View: can read on DAG:tutorial
[2025-04-21T17:02:01.824+0000] {logging_mixin.py:190} INFO - [2025-04-21T17:02:01.824+0000] {override.py:1912} INFO - Created Permission View: can edit on DAG:tutorial
[2025-04-21T17:02:01.826+0000] {logging_mixin.py:190} INFO - [2025-04-21T17:02:01.826+0000] {override.py:1912} INFO - Created Permission View: can delete on DAG:tutorial
[2025-04-21T17:02:01.828+0000] {logging_mixin.py:190} INFO - [2025-04-21T17:02:01.828+0000] {override.py:1912} INFO - Created Permission View: can read on DAG Run:tutorial
[2025-04-21T17:02:01.829+0000] {logging_mixin.py:190} INFO - [2025-04-21T17:02:01.829+0000] {override.py:1912} INFO - Created Permission View: can delete on DAG Run:tutorial
[2025-04-21T17:02:01.831+0000] {logging_mixin.py:190} INFO - [2025-04-21T17:02:01.831+0000] {override.py:1912} INFO - Created Permission View: menu access on DAG Run:tutorial
[2025-04-21T17:02:01.836+0000] {logging_mixin.py:190} INFO - [2025-04-21T17:02:01.835+0000] {override.py:1912} INFO - Created Permission View: can create on DAG Run:tutorial
[2025-04-21T17:02:01.838+0000] {logging_mixin.py:190} INFO - [2025-04-21T17:02:01.838+0000] {dag.py:3239} INFO - Sync 1 DAGs
[2025-04-21T17:02:01.842+0000] {logging_mixin.py:190} INFO - [2025-04-21T17:02:01.842+0000] {dag.py:3262} INFO - Creating ORM DAG for tutorial
[2025-04-21T17:02:01.846+0000] {logging_mixin.py:190} INFO - [2025-04-21T17:02:01.846+0000] {dag.py:4180} INFO - Setting next_dagrun for tutorial to 2025-04-20 00:00:00+00:00, run_after=2025-04-21 00:00:00+00:00
[2025-04-21T17:02:01.851+0000] {processor.py:208} INFO - Processing /home/airflow/.local/lib/python3.12/site-packages/airflow/example_dags/tutorial.py took 0.086 seconds
[2025-04-21T17:02:32.770+0000] {processor.py:186} INFO - Started process (PID=149) to work on /home/airflow/.local/lib/python3.12/site-packages/airflow/example_dags/tutorial.py
[2025-04-21T17:02:32.771+0000] {processor.py:914} INFO - Processing file /home/airflow/.local/lib/python3.12/site-packages/airflow/example_dags/tutorial.py for tasks to queue
[2025-04-21T17:02:32.772+0000] {logging_mixin.py:190} INFO - [2025-04-21T17:02:32.772+0000] {dagbag.py:588} INFO - Filling up the DagBag from /home/airflow/.local/lib/python3.12/site-packages/airflow/example_dags/tutorial.py
[2025-04-21T17:02:32.778+0000] {processor.py:925} INFO - DAG(s) 'tutorial' retrieved from /home/airflow/.local/lib/python3.12/site-packages/airflow/example_dags/tutorial.py
[2025-04-21T17:02:32.788+0000] {logging_mixin.py:190} INFO - [2025-04-21T17:02:32.788+0000] {dag.py:3239} INFO - Sync 1 DAGs
[2025-04-21T17:02:32.799+0000] {logging_mixin.py:190} INFO - [2025-04-21T17:02:32.799+0000] {dag.py:4180} INFO - Setting next_dagrun for tutorial to 2025-04-20 00:00:00+00:00, run_after=2025-04-21 00:00:00+00:00
[2025-04-21T17:02:32.805+0000] {processor.py:208} INFO - Processing /home/airflow/.local/lib/python3.12/site-packages/airflow/example_dags/tutorial.py took 0.037 seconds
[2025-04-21T17:03:03.027+0000] {processor.py:186} INFO - Started process (PID=212) to work on /home/airflow/.local/lib/python3.12/site-packages/airflow/example_dags/tutorial.py
[2025-04-21T17:03:03.029+0000] {processor.py:914} INFO - Processing file /home/airflow/.local/lib/python3.12/site-packages/airflow/example_dags/tutorial.py for tasks to queue
[2025-04-21T17:03:03.031+0000] {logging_mixin.py:190} INFO - [2025-04-21T17:03:03.031+0000] {dagbag.py:588} INFO - Filling up the DagBag from /home/airflow/.local/lib/python3.12/site-packages/airflow/example_dags/tutorial.py
[2025-04-21T17:03:03.035+0000] {processor.py:925} INFO - DAG(s) 'tutorial' retrieved from /home/airflow/.local/lib/python3.12/site-packages/airflow/example_dags/tutorial.py
[2025-04-21T17:03:03.043+0000] {logging_mixin.py:190} INFO - [2025-04-21T17:03:03.043+0000] {dag.py:3239} INFO - Sync 1 DAGs
[2025-04-21T17:03:03.052+0000] {logging_mixin.py:190} INFO - [2025-04-21T17:03:03.052+0000] {dag.py:4180} INFO - Setting next_dagrun for tutorial to 2025-04-20 00:00:00+00:00, run_after=2025-04-21 00:00:00+00:00
[2025-04-21T17:03:03.064+0000] {processor.py:208} INFO - Processing /home/airflow/.local/lib/python3.12/site-packages/airflow/example_dags/tutorial.py took 0.039 seconds
[2025-04-21T17:03:34.141+0000] {processor.py:186} INFO - Started process (PID=274) to work on /home/airflow/.local/lib/python3.12/site-packages/airflow/example_dags/tutorial.py
[2025-04-21T17:03:34.142+0000] {processor.py:914} INFO - Processing file /home/airflow/.local/lib/python3.12/site-packages/airflow/example_dags/tutorial.py for tasks to queue
[2025-04-21T17:03:34.143+0000] {logging_mixin.py:190} INFO - [2025-04-21T17:03:34.143+0000] {dagbag.py:588} INFO - Filling up the DagBag from /home/airflow/.local/lib/python3.12/site-packages/airflow/example_dags/tutorial.py
[2025-04-21T17:03:34.146+0000] {processor.py:925} INFO - DAG(s) 'tutorial' retrieved from /home/airflow/.local/lib/python3.12/site-packages/airflow/example_dags/tutorial.py
[2025-04-21T17:03:34.153+0000] {logging_mixin.py:190} INFO - [2025-04-21T17:03:34.153+0000] {dag.py:3239} INFO - Sync 1 DAGs
[2025-04-21T17:03:34.161+0000] {logging_mixin.py:190} INFO - [2025-04-21T17:03:34.161+0000] {dag.py:4180} INFO - Setting next_dagrun for tutorial to 2025-04-20 00:00:00+00:00, run_after=2025-04-21 00:00:00+00:00
[2025-04-21T17:03:34.171+0000] {processor.py:208} INFO - Processing /home/airflow/.local/lib/python3.12/site-packages/airflow/example_dags/tutorial.py took 0.031 seconds
[2025-04-21T17:04:05.404+0000] {processor.py:186} INFO - Started process (PID=337) to work on /home/airflow/.local/lib/python3.12/site-packages/airflow/example_dags/tutorial.py
[2025-04-21T17:04:05.404+0000] {processor.py:914} INFO - Processing file /home/airflow/.local/lib/python3.12/site-packages/airflow/example_dags/tutorial.py for tasks to queue
[2025-04-21T17:04:05.405+0000] {logging_mixin.py:190} INFO - [2025-04-21T17:04:05.405+0000] {dagbag.py:588} INFO - Filling up the DagBag from /home/airflow/.local/lib/python3.12/site-packages/airflow/example_dags/tutorial.py
[2025-04-21T17:04:05.409+0000] {processor.py:925} INFO - DAG(s) 'tutorial' retrieved from /home/airflow/.local/lib/python3.12/site-packages/airflow/example_dags/tutorial.py
[2025-04-21T17:04:05.419+0000] {logging_mixin.py:190} INFO - [2025-04-21T17:04:05.418+0000] {dag.py:3239} INFO - Sync 1 DAGs
[2025-04-21T17:04:05.427+0000] {logging_mixin.py:190} INFO - [2025-04-21T17:04:05.427+0000] {dag.py:4180} INFO - Setting next_dagrun for tutorial to 2025-04-20 00:00:00+00:00, run_after=2025-04-21 00:00:00+00:00
[2025-04-21T17:04:05.433+0000] {processor.py:208} INFO - Processing /home/airflow/.local/lib/python3.12/site-packages/airflow/example_dags/tutorial.py took 0.031 seconds
[2025-04-21T17:04:36.590+0000] {processor.py:186} INFO - Started process (PID=400) to work on /home/airflow/.local/lib/python3.12/site-packages/airflow/example_dags/tutorial.py
[2025-04-21T17:04:36.591+0000] {processor.py:914} INFO - Processing file /home/airflow/.local/lib/python3.12/site-packages/airflow/example_dags/tutorial.py for tasks to queue
[2025-04-21T17:04:36.592+0000] {logging_mixin.py:190} INFO - [2025-04-21T17:04:36.591+0000] {dagbag.py:588} INFO - Filling up the DagBag from /home/airflow/.local/lib/python3.12/site-packages/airflow/example_dags/tutorial.py
[2025-04-21T17:04:36.595+0000] {processor.py:925} INFO - DAG(s) 'tutorial' retrieved from /home/airflow/.local/lib/python3.12/site-packages/airflow/example_dags/tutorial.py
[2025-04-21T17:04:36.602+0000] {logging_mixin.py:190} INFO - [2025-04-21T17:04:36.602+0000] {dag.py:3239} INFO - Sync 1 DAGs
[2025-04-21T17:04:36.610+0000] {logging_mixin.py:190} INFO - [2025-04-21T17:04:36.610+0000] {dag.py:4180} INFO - Setting next_dagrun for tutorial to 2025-04-20 00:00:00+00:00, run_after=2025-04-21 00:00:00+00:00
[2025-04-21T17:04:36.621+0000] {processor.py:208} INFO - Processing /home/airflow/.local/lib/python3.12/site-packages/airflow/example_dags/tutorial.py took 0.034 seconds
[2025-04-21T17:05:07.852+0000] {processor.py:186} INFO - Started process (PID=463) to work on /home/airflow/.local/lib/python3.12/site-packages/airflow/example_dags/tutorial.py
[2025-04-21T17:05:07.855+0000] {processor.py:914} INFO - Processing file /home/airflow/.local/lib/python3.12/site-packages/airflow/example_dags/tutorial.py for tasks to queue
[2025-04-21T17:05:07.856+0000] {logging_mixin.py:190} INFO - [2025-04-21T17:05:07.856+0000] {dagbag.py:588} INFO - Filling up the DagBag from /home/airflow/.local/lib/python3.12/site-packages/airflow/example_dags/tutorial.py
[2025-04-21T17:05:07.860+0000] {processor.py:925} INFO - DAG(s) 'tutorial' retrieved from /home/airflow/.local/lib/python3.12/site-packages/airflow/example_dags/tutorial.py
[2025-04-21T17:05:07.869+0000] {logging_mixin.py:190} INFO - [2025-04-21T17:05:07.869+0000] {dag.py:3239} INFO - Sync 1 DAGs
[2025-04-21T17:05:07.882+0000] {logging_mixin.py:190} INFO - [2025-04-21T17:05:07.882+0000] {dag.py:4180} INFO - Setting next_dagrun for tutorial to 2025-04-20 00:00:00+00:00, run_after=2025-04-21 00:00:00+00:00
[2025-04-21T17:05:07.898+0000] {processor.py:208} INFO - Processing /home/airflow/.local/lib/python3.12/site-packages/airflow/example_dags/tutorial.py took 0.048 seconds
[2025-04-21T17:05:56.461+0000] {processor.py:186} INFO - Started process (PID=86) to work on /home/airflow/.local/lib/python3.12/site-packages/airflow/example_dags/tutorial.py
[2025-04-21T17:05:56.462+0000] {processor.py:914} INFO - Processing file /home/airflow/.local/lib/python3.12/site-packages/airflow/example_dags/tutorial.py for tasks to queue
[2025-04-21T17:05:56.463+0000] {logging_mixin.py:190} INFO - [2025-04-21T17:05:56.462+0000] {dagbag.py:588} INFO - Filling up the DagBag from /home/airflow/.local/lib/python3.12/site-packages/airflow/example_dags/tutorial.py
[2025-04-21T17:05:56.466+0000] {processor.py:925} INFO - DAG(s) 'tutorial' retrieved from /home/airflow/.local/lib/python3.12/site-packages/airflow/example_dags/tutorial.py
[2025-04-21T17:05:56.476+0000] {logging_mixin.py:190} INFO - [2025-04-21T17:05:56.476+0000] {dag.py:3239} INFO - Sync 1 DAGs
[2025-04-21T17:05:56.485+0000] {logging_mixin.py:190} INFO - [2025-04-21T17:05:56.485+0000] {dag.py:4180} INFO - Setting next_dagrun for tutorial to 2025-04-20 00:00:00+00:00, run_after=2025-04-21 00:00:00+00:00
[2025-04-21T17:05:56.492+0000] {processor.py:208} INFO - Processing /home/airflow/.local/lib/python3.12/site-packages/airflow/example_dags/tutorial.py took 0.034 seconds
[2025-04-21T17:06:26.631+0000] {processor.py:186} INFO - Started process (PID=149) to work on /home/airflow/.local/lib/python3.12/site-packages/airflow/example_dags/tutorial.py
[2025-04-21T17:06:26.631+0000] {processor.py:914} INFO - Processing file /home/airflow/.local/lib/python3.12/site-packages/airflow/example_dags/tutorial.py for tasks to queue
[2025-04-21T17:06:26.632+0000] {logging_mixin.py:190} INFO - [2025-04-21T17:06:26.632+0000] {dagbag.py:588} INFO - Filling up the DagBag from /home/airflow/.local/lib/python3.12/site-packages/airflow/example_dags/tutorial.py
[2025-04-21T17:06:26.635+0000] {processor.py:925} INFO - DAG(s) 'tutorial' retrieved from /home/airflow/.local/lib/python3.12/site-packages/airflow/example_dags/tutorial.py
[2025-04-21T17:06:26.642+0000] {logging_mixin.py:190} INFO - [2025-04-21T17:06:26.642+0000] {dag.py:3239} INFO - Sync 1 DAGs
[2025-04-21T17:06:26.650+0000] {logging_mixin.py:190} INFO - [2025-04-21T17:06:26.650+0000] {dag.py:4180} INFO - Setting next_dagrun for tutorial to 2025-04-20 00:00:00+00:00, run_after=2025-04-21 00:00:00+00:00
[2025-04-21T17:06:26.656+0000] {processor.py:208} INFO - Processing /home/airflow/.local/lib/python3.12/site-packages/airflow/example_dags/tutorial.py took 0.027 seconds
[2025-04-21T17:06:57.806+0000] {processor.py:186} INFO - Started process (PID=212) to work on /home/airflow/.local/lib/python3.12/site-packages/airflow/example_dags/tutorial.py
[2025-04-21T17:06:57.807+0000] {processor.py:914} INFO - Processing file /home/airflow/.local/lib/python3.12/site-packages/airflow/example_dags/tutorial.py for tasks to queue
[2025-04-21T17:06:57.808+0000] {logging_mixin.py:190} INFO - [2025-04-21T17:06:57.808+0000] {dagbag.py:588} INFO - Filling up the DagBag from /home/airflow/.local/lib/python3.12/site-packages/airflow/example_dags/tutorial.py
[2025-04-21T17:06:57.812+0000] {processor.py:925} INFO - DAG(s) 'tutorial' retrieved from /home/airflow/.local/lib/python3.12/site-packages/airflow/example_dags/tutorial.py
[2025-04-21T17:06:57.824+0000] {logging_mixin.py:190} INFO - [2025-04-21T17:06:57.824+0000] {dag.py:3239} INFO - Sync 1 DAGs
[2025-04-21T17:06:57.834+0000] {logging_mixin.py:190} INFO - [2025-04-21T17:06:57.834+0000] {dag.py:4180} INFO - Setting next_dagrun for tutorial to 2025-04-20 00:00:00+00:00, run_after=2025-04-21 00:00:00+00:00
[2025-04-21T17:06:57.841+0000] {processor.py:208} INFO - Processing /home/airflow/.local/lib/python3.12/site-packages/airflow/example_dags/tutorial.py took 0.038 seconds
[2025-04-21T17:07:28.852+0000] {processor.py:186} INFO - Started process (PID=275) to work on /home/airflow/.local/lib/python3.12/site-packages/airflow/example_dags/tutorial.py
[2025-04-21T17:07:28.852+0000] {processor.py:914} INFO - Processing file /home/airflow/.local/lib/python3.12/site-packages/airflow/example_dags/tutorial.py for tasks to queue
[2025-04-21T17:07:28.855+0000] {logging_mixin.py:190} INFO - [2025-04-21T17:07:28.855+0000] {dagbag.py:588} INFO - Filling up the DagBag from /home/airflow/.local/lib/python3.12/site-packages/airflow/example_dags/tutorial.py
[2025-04-21T17:07:28.858+0000] {processor.py:925} INFO - DAG(s) 'tutorial' retrieved from /home/airflow/.local/lib/python3.12/site-packages/airflow/example_dags/tutorial.py
[2025-04-21T17:07:28.866+0000] {logging_mixin.py:190} INFO - [2025-04-21T17:07:28.866+0000] {dag.py:3239} INFO - Sync 1 DAGs
[2025-04-21T17:07:28.876+0000] {logging_mixin.py:190} INFO - [2025-04-21T17:07:28.875+0000] {dag.py:4180} INFO - Setting next_dagrun for tutorial to 2025-04-20 00:00:00+00:00, run_after=2025-04-21 00:00:00+00:00
[2025-04-21T17:07:28.881+0000] {processor.py:208} INFO - Processing /home/airflow/.local/lib/python3.12/site-packages/airflow/example_dags/tutorial.py took 0.032 seconds
[2025-04-21T17:07:59.935+0000] {processor.py:186} INFO - Started process (PID=338) to work on /home/airflow/.local/lib/python3.12/site-packages/airflow/example_dags/tutorial.py
[2025-04-21T17:07:59.938+0000] {processor.py:914} INFO - Processing file /home/airflow/.local/lib/python3.12/site-packages/airflow/example_dags/tutorial.py for tasks to queue
[2025-04-21T17:07:59.938+0000] {logging_mixin.py:190} INFO - [2025-04-21T17:07:59.938+0000] {dagbag.py:588} INFO - Filling up the DagBag from /home/airflow/.local/lib/python3.12/site-packages/airflow/example_dags/tutorial.py
[2025-04-21T17:07:59.942+0000] {processor.py:925} INFO - DAG(s) 'tutorial' retrieved from /home/airflow/.local/lib/python3.12/site-packages/airflow/example_dags/tutorial.py
[2025-04-21T17:07:59.948+0000] {logging_mixin.py:190} INFO - [2025-04-21T17:07:59.948+0000] {dag.py:3239} INFO - Sync 1 DAGs
[2025-04-21T17:07:59.956+0000] {logging_mixin.py:190} INFO - [2025-04-21T17:07:59.956+0000] {dag.py:4180} INFO - Setting next_dagrun for tutorial to 2025-04-20 00:00:00+00:00, run_after=2025-04-21 00:00:00+00:00
[2025-04-21T17:07:59.964+0000] {processor.py:208} INFO - Processing /home/airflow/.local/lib/python3.12/site-packages/airflow/example_dags/tutorial.py took 0.031 seconds
[2025-04-21T17:08:31.240+0000] {processor.py:186} INFO - Started process (PID=401) to work on /home/airflow/.local/lib/python3.12/site-packages/airflow/example_dags/tutorial.py
[2025-04-21T17:08:31.241+0000] {processor.py:914} INFO - Processing file /home/airflow/.local/lib/python3.12/site-packages/airflow/example_dags/tutorial.py for tasks to queue
[2025-04-21T17:08:31.242+0000] {logging_mixin.py:190} INFO - [2025-04-21T17:08:31.242+0000] {dagbag.py:588} INFO - Filling up the DagBag from /home/airflow/.local/lib/python3.12/site-packages/airflow/example_dags/tutorial.py
[2025-04-21T17:08:31.245+0000] {processor.py:925} INFO - DAG(s) 'tutorial' retrieved from /home/airflow/.local/lib/python3.12/site-packages/airflow/example_dags/tutorial.py
[2025-04-21T17:08:31.256+0000] {logging_mixin.py:190} INFO - [2025-04-21T17:08:31.256+0000] {dag.py:3239} INFO - Sync 1 DAGs
[2025-04-21T17:08:31.267+0000] {logging_mixin.py:190} INFO - [2025-04-21T17:08:31.266+0000] {dag.py:4180} INFO - Setting next_dagrun for tutorial to 2025-04-20 00:00:00+00:00, run_after=2025-04-21 00:00:00+00:00
[2025-04-21T17:08:31.273+0000] {processor.py:208} INFO - Processing /home/airflow/.local/lib/python3.12/site-packages/airflow/example_dags/tutorial.py took 0.035 seconds
[2025-04-21T17:09:02.259+0000] {processor.py:186} INFO - Started process (PID=464) to work on /home/airflow/.local/lib/python3.12/site-packages/airflow/example_dags/tutorial.py
[2025-04-21T17:09:02.262+0000] {processor.py:914} INFO - Processing file /home/airflow/.local/lib/python3.12/site-packages/airflow/example_dags/tutorial.py for tasks to queue
[2025-04-21T17:09:02.263+0000] {logging_mixin.py:190} INFO - [2025-04-21T17:09:02.263+0000] {dagbag.py:588} INFO - Filling up the DagBag from /home/airflow/.local/lib/python3.12/site-packages/airflow/example_dags/tutorial.py
[2025-04-21T17:09:02.266+0000] {processor.py:925} INFO - DAG(s) 'tutorial' retrieved from /home/airflow/.local/lib/python3.12/site-packages/airflow/example_dags/tutorial.py
[2025-04-21T17:09:02.272+0000] {logging_mixin.py:190} INFO - [2025-04-21T17:09:02.272+0000] {dag.py:3239} INFO - Sync 1 DAGs
[2025-04-21T17:09:02.280+0000] {logging_mixin.py:190} INFO - [2025-04-21T17:09:02.280+0000] {dag.py:4180} INFO - Setting next_dagrun for tutorial to 2025-04-20 00:00:00+00:00, run_after=2025-04-21 00:00:00+00:00
[2025-04-21T17:09:02.285+0000] {processor.py:208} INFO - Processing /home/airflow/.local/lib/python3.12/site-packages/airflow/example_dags/tutorial.py took 0.028 seconds
[2025-04-21T17:09:33.356+0000] {processor.py:186} INFO - Started process (PID=527) to work on /home/airflow/.local/lib/python3.12/site-packages/airflow/example_dags/tutorial.py
[2025-04-21T17:09:33.358+0000] {processor.py:914} INFO - Processing file /home/airflow/.local/lib/python3.12/site-packages/airflow/example_dags/tutorial.py for tasks to queue
[2025-04-21T17:09:33.358+0000] {logging_mixin.py:190} INFO - [2025-04-21T17:09:33.358+0000] {dagbag.py:588} INFO - Filling up the DagBag from /home/airflow/.local/lib/python3.12/site-packages/airflow/example_dags/tutorial.py
[2025-04-21T17:09:33.362+0000] {processor.py:925} INFO - DAG(s) 'tutorial' retrieved from /home/airflow/.local/lib/python3.12/site-packages/airflow/example_dags/tutorial.py
[2025-04-21T17:09:33.372+0000] {logging_mixin.py:190} INFO - [2025-04-21T17:09:33.372+0000] {dag.py:3239} INFO - Sync 1 DAGs
[2025-04-21T17:09:33.380+0000] {logging_mixin.py:190} INFO - [2025-04-21T17:09:33.380+0000] {dag.py:4180} INFO - Setting next_dagrun for tutorial to 2025-04-20 00:00:00+00:00, run_after=2025-04-21 00:00:00+00:00
[2025-04-21T17:09:33.388+0000] {processor.py:208} INFO - Processing /home/airflow/.local/lib/python3.12/site-packages/airflow/example_dags/tutorial.py took 0.034 seconds
[2025-04-21T17:10:04.446+0000] {processor.py:186} INFO - Started process (PID=590) to work on /home/airflow/.local/lib/python3.12/site-packages/airflow/example_dags/tutorial.py
[2025-04-21T17:10:04.446+0000] {processor.py:914} INFO - Processing file /home/airflow/.local/lib/python3.12/site-packages/airflow/example_dags/tutorial.py for tasks to queue
[2025-04-21T17:10:04.447+0000] {logging_mixin.py:190} INFO - [2025-04-21T17:10:04.447+0000] {dagbag.py:588} INFO - Filling up the DagBag from /home/airflow/.local/lib/python3.12/site-packages/airflow/example_dags/tutorial.py
[2025-04-21T17:10:04.451+0000] {processor.py:925} INFO - DAG(s) 'tutorial' retrieved from /home/airflow/.local/lib/python3.12/site-packages/airflow/example_dags/tutorial.py
[2025-04-21T17:10:04.462+0000] {logging_mixin.py:190} INFO - [2025-04-21T17:10:04.462+0000] {dag.py:3239} INFO - Sync 1 DAGs
[2025-04-21T17:10:04.476+0000] {logging_mixin.py:190} INFO - [2025-04-21T17:10:04.476+0000] {dag.py:4180} INFO - Setting next_dagrun for tutorial to 2025-04-20 00:00:00+00:00, run_after=2025-04-21 00:00:00+00:00
[2025-04-21T17:10:04.485+0000] {processor.py:208} INFO - Processing /home/airflow/.local/lib/python3.12/site-packages/airflow/example_dags/tutorial.py took 0.042 seconds
[2025-04-21T17:10:35.624+0000] {processor.py:186} INFO - Started process (PID=653) to work on /home/airflow/.local/lib/python3.12/site-packages/airflow/example_dags/tutorial.py
[2025-04-21T17:10:35.624+0000] {processor.py:914} INFO - Processing file /home/airflow/.local/lib/python3.12/site-packages/airflow/example_dags/tutorial.py for tasks to queue
[2025-04-21T17:10:35.625+0000] {logging_mixin.py:190} INFO - [2025-04-21T17:10:35.625+0000] {dagbag.py:588} INFO - Filling up the DagBag from /home/airflow/.local/lib/python3.12/site-packages/airflow/example_dags/tutorial.py
[2025-04-21T17:10:35.629+0000] {processor.py:925} INFO - DAG(s) 'tutorial' retrieved from /home/airflow/.local/lib/python3.12/site-packages/airflow/example_dags/tutorial.py
[2025-04-21T17:10:35.636+0000] {logging_mixin.py:190} INFO - [2025-04-21T17:10:35.636+0000] {dag.py:3239} INFO - Sync 1 DAGs
[2025-04-21T17:10:35.644+0000] {logging_mixin.py:190} INFO - [2025-04-21T17:10:35.644+0000] {dag.py:4180} INFO - Setting next_dagrun for tutorial to 2025-04-20 00:00:00+00:00, run_after=2025-04-21 00:00:00+00:00
[2025-04-21T17:10:35.650+0000] {processor.py:208} INFO - Processing /home/airflow/.local/lib/python3.12/site-packages/airflow/example_dags/tutorial.py took 0.028 seconds
[2025-04-21T17:11:06.785+0000] {processor.py:186} INFO - Started process (PID=717) to work on /home/airflow/.local/lib/python3.12/site-packages/airflow/example_dags/tutorial.py
[2025-04-21T17:11:06.788+0000] {processor.py:914} INFO - Processing file /home/airflow/.local/lib/python3.12/site-packages/airflow/example_dags/tutorial.py for tasks to queue
[2025-04-21T17:11:06.790+0000] {logging_mixin.py:190} INFO - [2025-04-21T17:11:06.789+0000] {dagbag.py:588} INFO - Filling up the DagBag from /home/airflow/.local/lib/python3.12/site-packages/airflow/example_dags/tutorial.py
[2025-04-21T17:11:06.793+0000] {processor.py:925} INFO - DAG(s) 'tutorial' retrieved from /home/airflow/.local/lib/python3.12/site-packages/airflow/example_dags/tutorial.py
[2025-04-21T17:11:06.800+0000] {logging_mixin.py:190} INFO - [2025-04-21T17:11:06.800+0000] {dag.py:3239} INFO - Sync 1 DAGs
[2025-04-21T17:11:06.808+0000] {logging_mixin.py:190} INFO - [2025-04-21T17:11:06.808+0000] {dag.py:4180} INFO - Setting next_dagrun for tutorial to 2025-04-20 00:00:00+00:00, run_after=2025-04-21 00:00:00+00:00
[2025-04-21T17:11:06.815+0000] {processor.py:208} INFO - Processing /home/airflow/.local/lib/python3.12/site-packages/airflow/example_dags/tutorial.py took 0.032 seconds
[2025-04-21T17:11:38.121+0000] {processor.py:186} INFO - Started process (PID=781) to work on /home/airflow/.local/lib/python3.12/site-packages/airflow/example_dags/tutorial.py
[2025-04-21T17:11:38.124+0000] {processor.py:914} INFO - Processing file /home/airflow/.local/lib/python3.12/site-packages/airflow/example_dags/tutorial.py for tasks to queue
[2025-04-21T17:11:38.125+0000] {logging_mixin.py:190} INFO - [2025-04-21T17:11:38.125+0000] {dagbag.py:588} INFO - Filling up the DagBag from /home/airflow/.local/lib/python3.12/site-packages/airflow/example_dags/tutorial.py
[2025-04-21T17:11:38.128+0000] {processor.py:925} INFO - DAG(s) 'tutorial' retrieved from /home/airflow/.local/lib/python3.12/site-packages/airflow/example_dags/tutorial.py
[2025-04-21T17:11:38.138+0000] {logging_mixin.py:190} INFO - [2025-04-21T17:11:38.138+0000] {dag.py:3239} INFO - Sync 1 DAGs
[2025-04-21T17:11:38.146+0000] {logging_mixin.py:190} INFO - [2025-04-21T17:11:38.145+0000] {dag.py:4180} INFO - Setting next_dagrun for tutorial to 2025-04-20 00:00:00+00:00, run_after=2025-04-21 00:00:00+00:00
[2025-04-21T17:11:38.151+0000] {processor.py:208} INFO - Processing /home/airflow/.local/lib/python3.12/site-packages/airflow/example_dags/tutorial.py took 0.033 seconds
