[2025-04-21T23:35:53.144+0000] {local_task_job_runner.py:123} INFO - ::group::Pre task execution logs
[2025-04-21T23:35:53.200+0000] {taskinstance.py:2614} INFO - Dependencies all met for dep_context=non-requeueable deps ti=<TaskInstance: fetch_and_store_amazon_books.fetch_book_data scheduled__2024-08-01T00:00:00+00:00 [queued]>
[2025-04-21T23:35:53.222+0000] {taskinstance.py:2614} INFO - Dependencies all met for dep_context=requeueable deps ti=<TaskInstance: fetch_and_store_amazon_books.fetch_book_data scheduled__2024-08-01T00:00:00+00:00 [queued]>
[2025-04-21T23:35:53.232+0000] {taskinstance.py:2867} INFO - Starting attempt 1 of 2
[2025-04-21T23:35:53.414+0000] {taskinstance.py:2890} INFO - Executing <Task(PythonOperator): fetch_book_data> on 2024-08-01 00:00:00+00:00
[2025-04-21T23:35:53.427+0000] {warnings.py:112} WARNING - /home/***/.local/lib/python3.12/site-packages/***/task/task_runner/standard_task_runner.py:70: DeprecationWarning: This process (pid=615) is multi-threaded, use of fork() may lead to deadlocks in the child.
  pid = os.fork()

[2025-04-21T23:35:53.430+0000] {standard_task_runner.py:72} INFO - Started process 655 to run task
[2025-04-21T23:35:53.429+0000] {standard_task_runner.py:104} INFO - Running: ['***', 'tasks', 'run', 'fetch_and_store_amazon_books', 'fetch_book_data', 'scheduled__2024-08-01T00:00:00+00:00', '--job-id', '130', '--raw', '--subdir', 'DAGS_FOLDER/dag.py', '--cfg-path', '/tmp/tmp7r55x_w5']
[2025-04-21T23:35:53.431+0000] {standard_task_runner.py:105} INFO - Job 130: Subtask fetch_book_data
[2025-04-21T23:35:53.563+0000] {task_command.py:467} INFO - Running <TaskInstance: fetch_and_store_amazon_books.fetch_book_data scheduled__2024-08-01T00:00:00+00:00 [running]> on host bf7728cc1e03
[2025-04-21T23:35:53.721+0000] {taskinstance.py:3134} INFO - Exporting env vars: AIRFLOW_CTX_DAG_OWNER='***' AIRFLOW_CTX_DAG_ID='fetch_and_store_amazon_books' AIRFLOW_CTX_TASK_ID='fetch_book_data' AIRFLOW_CTX_EXECUTION_DATE='2024-08-01T00:00:00+00:00' AIRFLOW_CTX_TRY_NUMBER='1' AIRFLOW_CTX_DAG_RUN_ID='scheduled__2024-08-01T00:00:00+00:00'
[2025-04-21T23:35:53.732+0000] {logging_mixin.py:190} INFO - Task instance is in running state
[2025-04-21T23:35:53.740+0000] {logging_mixin.py:190} INFO -  Previous state of the Task instance: queued
[2025-04-21T23:35:53.740+0000] {logging_mixin.py:190} INFO - Current task name:fetch_book_data state:running start_date:2025-04-21 23:35:53.200606+00:00
[2025-04-21T23:35:53.740+0000] {logging_mixin.py:190} INFO - Dag name:fetch_and_store_amazon_books and current dag run status:running
[2025-04-21T23:35:53.741+0000] {taskinstance.py:732} INFO - ::endgroup::
[2025-04-21T23:35:53.866+0000] {logging_mixin.py:190} INFO - Failed to retrieve the page
[2025-04-21T23:35:53.898+0000] {python.py:240} INFO - Done. Returned value was: None
[2025-04-21T23:35:53.927+0000] {taskinstance.py:341} INFO - ::group::Post task execution logs
[2025-04-21T23:35:53.927+0000] {taskinstance.py:353} INFO - Marking task as SUCCESS. dag_id=fetch_and_store_amazon_books, task_id=fetch_book_data, run_id=scheduled__2024-08-01T00:00:00+00:00, execution_date=20240801T000000, start_date=20250421T233553, end_date=20250421T233553
[2025-04-21T23:35:54.046+0000] {logging_mixin.py:190} INFO - Task instance in success state
[2025-04-21T23:35:54.048+0000] {logging_mixin.py:190} INFO -  Previous state of the Task instance: running
[2025-04-21T23:35:54.055+0000] {logging_mixin.py:190} INFO - Dag name:fetch_and_store_amazon_books queued_at:2025-04-21 23:35:50.609318+00:00
[2025-04-21T23:35:54.055+0000] {logging_mixin.py:190} INFO - Task hostname:bf7728cc1e03 operator:PythonOperator
[2025-04-21T23:35:54.123+0000] {local_task_job_runner.py:266} INFO - Task exited with return code 0
[2025-04-21T23:35:54.216+0000] {taskinstance.py:3901} INFO - 1 downstream tasks scheduled from follow-on schedule check
[2025-04-21T23:35:54.276+0000] {local_task_job_runner.py:245} INFO - ::endgroup::
