[2025-04-21T23:35:52.396+0000] {local_task_job_runner.py:123} INFO - ::group::Pre task execution logs
[2025-04-21T23:35:52.423+0000] {taskinstance.py:2614} INFO - Dependencies all met for dep_context=non-requeueable deps ti=<TaskInstance: fetch_and_store_amazon_books.fetch_book_data scheduled__2024-07-29T00:00:00+00:00 [queued]>
[2025-04-21T23:35:52.438+0000] {taskinstance.py:2614} INFO - Dependencies all met for dep_context=requeueable deps ti=<TaskInstance: fetch_and_store_amazon_books.fetch_book_data scheduled__2024-07-29T00:00:00+00:00 [queued]>
[2025-04-21T23:35:52.439+0000] {taskinstance.py:2867} INFO - Starting attempt 1 of 2
[2025-04-21T23:35:52.459+0000] {taskinstance.py:2890} INFO - Executing <Task(PythonOperator): fetch_book_data> on 2024-07-29 00:00:00+00:00
[2025-04-21T23:35:52.498+0000] {warnings.py:112} WARNING - /home/***/.local/lib/python3.12/site-packages/***/task/task_runner/standard_task_runner.py:70: DeprecationWarning: This process (pid=605) is multi-threaded, use of fork() may lead to deadlocks in the child.
  pid = os.fork()

[2025-04-21T23:35:52.503+0000] {standard_task_runner.py:72} INFO - Started process 634 to run task
[2025-04-21T23:35:52.517+0000] {standard_task_runner.py:104} INFO - Running: ['***', 'tasks', 'run', 'fetch_and_store_amazon_books', 'fetch_book_data', 'scheduled__2024-07-29T00:00:00+00:00', '--job-id', '125', '--raw', '--subdir', 'DAGS_FOLDER/dag.py', '--cfg-path', '/tmp/tmpc0ejdugh']
[2025-04-21T23:35:52.521+0000] {standard_task_runner.py:105} INFO - Job 125: Subtask fetch_book_data
[2025-04-21T23:35:52.614+0000] {task_command.py:467} INFO - Running <TaskInstance: fetch_and_store_amazon_books.fetch_book_data scheduled__2024-07-29T00:00:00+00:00 [running]> on host bf7728cc1e03
[2025-04-21T23:35:52.743+0000] {taskinstance.py:3134} INFO - Exporting env vars: AIRFLOW_CTX_DAG_OWNER='***' AIRFLOW_CTX_DAG_ID='fetch_and_store_amazon_books' AIRFLOW_CTX_TASK_ID='fetch_book_data' AIRFLOW_CTX_EXECUTION_DATE='2024-07-29T00:00:00+00:00' AIRFLOW_CTX_TRY_NUMBER='1' AIRFLOW_CTX_DAG_RUN_ID='scheduled__2024-07-29T00:00:00+00:00'
[2025-04-21T23:35:52.746+0000] {logging_mixin.py:190} INFO - Task instance is in running state
[2025-04-21T23:35:52.754+0000] {logging_mixin.py:190} INFO -  Previous state of the Task instance: queued
[2025-04-21T23:35:52.762+0000] {logging_mixin.py:190} INFO - Current task name:fetch_book_data state:running start_date:2025-04-21 23:35:52.424224+00:00
[2025-04-21T23:35:52.762+0000] {logging_mixin.py:190} INFO - Dag name:fetch_and_store_amazon_books and current dag run status:running
[2025-04-21T23:35:52.762+0000] {taskinstance.py:732} INFO - ::endgroup::
[2025-04-21T23:35:52.918+0000] {logging_mixin.py:190} INFO - Failed to retrieve the page
[2025-04-21T23:35:52.938+0000] {python.py:240} INFO - Done. Returned value was: None
[2025-04-21T23:35:52.949+0000] {taskinstance.py:341} INFO - ::group::Post task execution logs
[2025-04-21T23:35:52.949+0000] {taskinstance.py:353} INFO - Marking task as SUCCESS. dag_id=fetch_and_store_amazon_books, task_id=fetch_book_data, run_id=scheduled__2024-07-29T00:00:00+00:00, execution_date=20240729T000000, start_date=20250421T233552, end_date=20250421T233552
[2025-04-21T23:35:52.975+0000] {logging_mixin.py:190} INFO - Task instance in success state
[2025-04-21T23:35:52.978+0000] {logging_mixin.py:190} INFO -  Previous state of the Task instance: running
[2025-04-21T23:35:52.986+0000] {logging_mixin.py:190} INFO - Dag name:fetch_and_store_amazon_books queued_at:2025-04-21 23:35:50.131012+00:00
[2025-04-21T23:35:52.997+0000] {logging_mixin.py:190} INFO - Task hostname:bf7728cc1e03 operator:PythonOperator
[2025-04-21T23:35:53.025+0000] {local_task_job_runner.py:266} INFO - Task exited with return code 0
[2025-04-21T23:35:53.067+0000] {local_task_job_runner.py:245} INFO - ::endgroup::
