[2025-04-21T23:35:51.952+0000] {local_task_job_runner.py:123} INFO - ::group::Pre task execution logs
[2025-04-21T23:35:52.012+0000] {taskinstance.py:2614} INFO - Dependencies all met for dep_context=non-requeueable deps ti=<TaskInstance: fetch_and_store_amazon_books.fetch_book_data scheduled__2024-07-26T00:00:00+00:00 [queued]>
[2025-04-21T23:35:52.066+0000] {taskinstance.py:2614} INFO - Dependencies all met for dep_context=requeueable deps ti=<TaskInstance: fetch_and_store_amazon_books.fetch_book_data scheduled__2024-07-26T00:00:00+00:00 [queued]>
[2025-04-21T23:35:52.067+0000] {taskinstance.py:2867} INFO - Starting attempt 1 of 2
[2025-04-21T23:35:52.097+0000] {taskinstance.py:2890} INFO - Executing <Task(PythonOperator): fetch_book_data> on 2024-07-26 00:00:00+00:00
[2025-04-21T23:35:52.127+0000] {warnings.py:112} WARNING - /home/***/.local/lib/python3.12/site-packages/***/task/task_runner/standard_task_runner.py:70: DeprecationWarning: This process (pid=600) is multi-threaded, use of fork() may lead to deadlocks in the child.
  pid = os.fork()

[2025-04-21T23:35:52.133+0000] {standard_task_runner.py:104} INFO - Running: ['***', 'tasks', 'run', 'fetch_and_store_amazon_books', 'fetch_book_data', 'scheduled__2024-07-26T00:00:00+00:00', '--job-id', '123', '--raw', '--subdir', 'DAGS_FOLDER/dag.py', '--cfg-path', '/tmp/tmpoq1qe73x']
[2025-04-21T23:35:52.134+0000] {standard_task_runner.py:72} INFO - Started process 628 to run task
[2025-04-21T23:35:52.137+0000] {standard_task_runner.py:105} INFO - Job 123: Subtask fetch_book_data
[2025-04-21T23:35:52.235+0000] {task_command.py:467} INFO - Running <TaskInstance: fetch_and_store_amazon_books.fetch_book_data scheduled__2024-07-26T00:00:00+00:00 [running]> on host bf7728cc1e03
[2025-04-21T23:35:52.342+0000] {taskinstance.py:3134} INFO - Exporting env vars: AIRFLOW_CTX_DAG_OWNER='***' AIRFLOW_CTX_DAG_ID='fetch_and_store_amazon_books' AIRFLOW_CTX_TASK_ID='fetch_book_data' AIRFLOW_CTX_EXECUTION_DATE='2024-07-26T00:00:00+00:00' AIRFLOW_CTX_TRY_NUMBER='1' AIRFLOW_CTX_DAG_RUN_ID='scheduled__2024-07-26T00:00:00+00:00'
[2025-04-21T23:35:52.343+0000] {logging_mixin.py:190} INFO - Task instance is in running state
[2025-04-21T23:35:52.346+0000] {logging_mixin.py:190} INFO -  Previous state of the Task instance: queued
[2025-04-21T23:35:52.347+0000] {logging_mixin.py:190} INFO - Current task name:fetch_book_data state:running start_date:2025-04-21 23:35:52.018933+00:00
[2025-04-21T23:35:52.351+0000] {logging_mixin.py:190} INFO - Dag name:fetch_and_store_amazon_books and current dag run status:running
[2025-04-21T23:35:52.352+0000] {taskinstance.py:732} INFO - ::endgroup::
[2025-04-21T23:35:52.458+0000] {logging_mixin.py:190} INFO - Failed to retrieve the page
[2025-04-21T23:35:52.517+0000] {python.py:240} INFO - Done. Returned value was: None
[2025-04-21T23:35:52.539+0000] {taskinstance.py:341} INFO - ::group::Post task execution logs
[2025-04-21T23:35:52.544+0000] {taskinstance.py:353} INFO - Marking task as SUCCESS. dag_id=fetch_and_store_amazon_books, task_id=fetch_book_data, run_id=scheduled__2024-07-26T00:00:00+00:00, execution_date=20240726T000000, start_date=20250421T233552, end_date=20250421T233552
[2025-04-21T23:35:52.580+0000] {logging_mixin.py:190} INFO - Task instance in success state
[2025-04-21T23:35:52.583+0000] {logging_mixin.py:190} INFO -  Previous state of the Task instance: running
[2025-04-21T23:35:52.584+0000] {logging_mixin.py:190} INFO - Dag name:fetch_and_store_amazon_books queued_at:2025-04-21 23:35:49.666491+00:00
[2025-04-21T23:35:52.584+0000] {logging_mixin.py:190} INFO - Task hostname:bf7728cc1e03 operator:PythonOperator
[2025-04-21T23:35:52.622+0000] {local_task_job_runner.py:266} INFO - Task exited with return code 0
[2025-04-21T23:35:52.693+0000] {taskinstance.py:3901} INFO - 1 downstream tasks scheduled from follow-on schedule check
[2025-04-21T23:35:52.708+0000] {local_task_job_runner.py:245} INFO - ::endgroup::
